[2024-02-14T09:34:19.259+0000] {processor.py:161} INFO - Started process (PID=61) to work on /home/airflow/.local/lib/python3.8/site-packages/airflow/example_dags/example_branch_python_dop_operator_3.py
[2024-02-14T09:34:19.262+0000] {processor.py:830} INFO - Processing file /home/airflow/.local/lib/python3.8/site-packages/airflow/example_dags/example_branch_python_dop_operator_3.py for tasks to queue
[2024-02-14T09:34:19.266+0000] {logging_mixin.py:188} INFO - [2024-02-14T09:34:19.265+0000] {dagbag.py:538} INFO - Filling up the DagBag from /home/airflow/.local/lib/python3.8/site-packages/airflow/example_dags/example_branch_python_dop_operator_3.py
[2024-02-14T09:34:19.283+0000] {processor.py:840} INFO - DAG(s) 'example_branch_dop_operator_v3' retrieved from /home/airflow/.local/lib/python3.8/site-packages/airflow/example_dags/example_branch_python_dop_operator_3.py
[2024-02-14T09:34:19.298+0000] {logging_mixin.py:188} INFO - [2024-02-14T09:34:19.297+0000] {dag.py:3036} INFO - Sync 1 DAGs
[2024-02-14T09:34:19.340+0000] {logging_mixin.py:188} INFO - [2024-02-14T09:34:19.340+0000] {dag.py:3823} INFO - Setting next_dagrun for example_branch_dop_operator_v3 to 2024-02-14 09:33:00+00:00, run_after=2024-02-14 09:34:00+00:00
[2024-02-14T09:34:19.394+0000] {processor.py:183} INFO - Processing /home/airflow/.local/lib/python3.8/site-packages/airflow/example_dags/example_branch_python_dop_operator_3.py took 0.139 seconds
[2024-02-14T09:34:49.670+0000] {processor.py:161} INFO - Started process (PID=118) to work on /home/airflow/.local/lib/python3.8/site-packages/airflow/example_dags/example_branch_python_dop_operator_3.py
[2024-02-14T09:34:49.672+0000] {processor.py:830} INFO - Processing file /home/airflow/.local/lib/python3.8/site-packages/airflow/example_dags/example_branch_python_dop_operator_3.py for tasks to queue
[2024-02-14T09:34:49.674+0000] {logging_mixin.py:188} INFO - [2024-02-14T09:34:49.674+0000] {dagbag.py:538} INFO - Filling up the DagBag from /home/airflow/.local/lib/python3.8/site-packages/airflow/example_dags/example_branch_python_dop_operator_3.py
[2024-02-14T09:34:49.690+0000] {processor.py:840} INFO - DAG(s) 'example_branch_dop_operator_v3' retrieved from /home/airflow/.local/lib/python3.8/site-packages/airflow/example_dags/example_branch_python_dop_operator_3.py
[2024-02-14T09:34:49.766+0000] {logging_mixin.py:188} INFO - [2024-02-14T09:34:49.766+0000] {dag.py:3036} INFO - Sync 1 DAGs
[2024-02-14T09:34:49.780+0000] {logging_mixin.py:188} INFO - [2024-02-14T09:34:49.780+0000] {dag.py:3823} INFO - Setting next_dagrun for example_branch_dop_operator_v3 to 2024-02-14 09:33:00+00:00, run_after=2024-02-14 09:34:00+00:00
[2024-02-14T09:34:49.793+0000] {processor.py:183} INFO - Processing /home/airflow/.local/lib/python3.8/site-packages/airflow/example_dags/example_branch_python_dop_operator_3.py took 0.126 seconds
[2024-02-14T09:35:20.003+0000] {processor.py:161} INFO - Started process (PID=176) to work on /home/airflow/.local/lib/python3.8/site-packages/airflow/example_dags/example_branch_python_dop_operator_3.py
[2024-02-14T09:35:20.005+0000] {processor.py:830} INFO - Processing file /home/airflow/.local/lib/python3.8/site-packages/airflow/example_dags/example_branch_python_dop_operator_3.py for tasks to queue
[2024-02-14T09:35:20.008+0000] {logging_mixin.py:188} INFO - [2024-02-14T09:35:20.008+0000] {dagbag.py:538} INFO - Filling up the DagBag from /home/airflow/.local/lib/python3.8/site-packages/airflow/example_dags/example_branch_python_dop_operator_3.py
[2024-02-14T09:35:20.015+0000] {processor.py:840} INFO - DAG(s) 'example_branch_dop_operator_v3' retrieved from /home/airflow/.local/lib/python3.8/site-packages/airflow/example_dags/example_branch_python_dop_operator_3.py
[2024-02-14T09:35:20.037+0000] {logging_mixin.py:188} INFO - [2024-02-14T09:35:20.037+0000] {dag.py:3036} INFO - Sync 1 DAGs
[2024-02-14T09:35:20.057+0000] {logging_mixin.py:188} INFO - [2024-02-14T09:35:20.057+0000] {dag.py:3823} INFO - Setting next_dagrun for example_branch_dop_operator_v3 to 2024-02-14 09:34:00+00:00, run_after=2024-02-14 09:35:00+00:00
[2024-02-14T09:35:20.068+0000] {processor.py:183} INFO - Processing /home/airflow/.local/lib/python3.8/site-packages/airflow/example_dags/example_branch_python_dop_operator_3.py took 0.069 seconds
[2024-02-14T09:35:50.454+0000] {processor.py:161} INFO - Started process (PID=232) to work on /home/airflow/.local/lib/python3.8/site-packages/airflow/example_dags/example_branch_python_dop_operator_3.py
[2024-02-14T09:35:50.456+0000] {processor.py:830} INFO - Processing file /home/airflow/.local/lib/python3.8/site-packages/airflow/example_dags/example_branch_python_dop_operator_3.py for tasks to queue
[2024-02-14T09:35:50.459+0000] {logging_mixin.py:188} INFO - [2024-02-14T09:35:50.459+0000] {dagbag.py:538} INFO - Filling up the DagBag from /home/airflow/.local/lib/python3.8/site-packages/airflow/example_dags/example_branch_python_dop_operator_3.py
[2024-02-14T09:35:50.467+0000] {processor.py:840} INFO - DAG(s) 'example_branch_dop_operator_v3' retrieved from /home/airflow/.local/lib/python3.8/site-packages/airflow/example_dags/example_branch_python_dop_operator_3.py
[2024-02-14T09:35:50.483+0000] {logging_mixin.py:188} INFO - [2024-02-14T09:35:50.483+0000] {dag.py:3036} INFO - Sync 1 DAGs
[2024-02-14T09:35:50.499+0000] {logging_mixin.py:188} INFO - [2024-02-14T09:35:50.499+0000] {dag.py:3823} INFO - Setting next_dagrun for example_branch_dop_operator_v3 to 2024-02-14 09:34:00+00:00, run_after=2024-02-14 09:35:00+00:00
[2024-02-14T09:35:50.511+0000] {processor.py:183} INFO - Processing /home/airflow/.local/lib/python3.8/site-packages/airflow/example_dags/example_branch_python_dop_operator_3.py took 0.061 seconds
[2024-02-14T09:36:21.328+0000] {processor.py:161} INFO - Started process (PID=287) to work on /home/airflow/.local/lib/python3.8/site-packages/airflow/example_dags/example_branch_python_dop_operator_3.py
[2024-02-14T09:36:21.329+0000] {processor.py:830} INFO - Processing file /home/airflow/.local/lib/python3.8/site-packages/airflow/example_dags/example_branch_python_dop_operator_3.py for tasks to queue
[2024-02-14T09:36:21.331+0000] {logging_mixin.py:188} INFO - [2024-02-14T09:36:21.331+0000] {dagbag.py:538} INFO - Filling up the DagBag from /home/airflow/.local/lib/python3.8/site-packages/airflow/example_dags/example_branch_python_dop_operator_3.py
[2024-02-14T09:36:21.339+0000] {processor.py:840} INFO - DAG(s) 'example_branch_dop_operator_v3' retrieved from /home/airflow/.local/lib/python3.8/site-packages/airflow/example_dags/example_branch_python_dop_operator_3.py
[2024-02-14T09:36:21.357+0000] {logging_mixin.py:188} INFO - [2024-02-14T09:36:21.356+0000] {dag.py:3036} INFO - Sync 1 DAGs
[2024-02-14T09:36:21.374+0000] {logging_mixin.py:188} INFO - [2024-02-14T09:36:21.374+0000] {dag.py:3823} INFO - Setting next_dagrun for example_branch_dop_operator_v3 to 2024-02-14 09:35:00+00:00, run_after=2024-02-14 09:36:00+00:00
[2024-02-14T09:36:21.387+0000] {processor.py:183} INFO - Processing /home/airflow/.local/lib/python3.8/site-packages/airflow/example_dags/example_branch_python_dop_operator_3.py took 0.062 seconds
[2024-02-14T09:36:51.461+0000] {processor.py:161} INFO - Started process (PID=343) to work on /home/airflow/.local/lib/python3.8/site-packages/airflow/example_dags/example_branch_python_dop_operator_3.py
[2024-02-14T09:36:51.463+0000] {processor.py:830} INFO - Processing file /home/airflow/.local/lib/python3.8/site-packages/airflow/example_dags/example_branch_python_dop_operator_3.py for tasks to queue
[2024-02-14T09:36:51.465+0000] {logging_mixin.py:188} INFO - [2024-02-14T09:36:51.465+0000] {dagbag.py:538} INFO - Filling up the DagBag from /home/airflow/.local/lib/python3.8/site-packages/airflow/example_dags/example_branch_python_dop_operator_3.py
[2024-02-14T09:36:51.471+0000] {processor.py:840} INFO - DAG(s) 'example_branch_dop_operator_v3' retrieved from /home/airflow/.local/lib/python3.8/site-packages/airflow/example_dags/example_branch_python_dop_operator_3.py
[2024-02-14T09:36:51.484+0000] {logging_mixin.py:188} INFO - [2024-02-14T09:36:51.484+0000] {dag.py:3036} INFO - Sync 1 DAGs
[2024-02-14T09:36:51.499+0000] {logging_mixin.py:188} INFO - [2024-02-14T09:36:51.499+0000] {dag.py:3823} INFO - Setting next_dagrun for example_branch_dop_operator_v3 to 2024-02-14 09:35:00+00:00, run_after=2024-02-14 09:36:00+00:00
[2024-02-14T09:36:51.511+0000] {processor.py:183} INFO - Processing /home/airflow/.local/lib/python3.8/site-packages/airflow/example_dags/example_branch_python_dop_operator_3.py took 0.052 seconds
[2024-02-14T09:37:21.971+0000] {processor.py:161} INFO - Started process (PID=402) to work on /home/airflow/.local/lib/python3.8/site-packages/airflow/example_dags/example_branch_python_dop_operator_3.py
[2024-02-14T09:37:21.972+0000] {processor.py:830} INFO - Processing file /home/airflow/.local/lib/python3.8/site-packages/airflow/example_dags/example_branch_python_dop_operator_3.py for tasks to queue
[2024-02-14T09:37:21.974+0000] {logging_mixin.py:188} INFO - [2024-02-14T09:37:21.974+0000] {dagbag.py:538} INFO - Filling up the DagBag from /home/airflow/.local/lib/python3.8/site-packages/airflow/example_dags/example_branch_python_dop_operator_3.py
[2024-02-14T09:37:21.981+0000] {processor.py:840} INFO - DAG(s) 'example_branch_dop_operator_v3' retrieved from /home/airflow/.local/lib/python3.8/site-packages/airflow/example_dags/example_branch_python_dop_operator_3.py
[2024-02-14T09:37:21.993+0000] {logging_mixin.py:188} INFO - [2024-02-14T09:37:21.993+0000] {dag.py:3036} INFO - Sync 1 DAGs
[2024-02-14T09:37:22.008+0000] {logging_mixin.py:188} INFO - [2024-02-14T09:37:22.008+0000] {dag.py:3823} INFO - Setting next_dagrun for example_branch_dop_operator_v3 to 2024-02-14 09:36:00+00:00, run_after=2024-02-14 09:37:00+00:00
[2024-02-14T09:37:22.020+0000] {processor.py:183} INFO - Processing /home/airflow/.local/lib/python3.8/site-packages/airflow/example_dags/example_branch_python_dop_operator_3.py took 0.052 seconds
[2024-02-14T09:37:52.210+0000] {processor.py:161} INFO - Started process (PID=458) to work on /home/airflow/.local/lib/python3.8/site-packages/airflow/example_dags/example_branch_python_dop_operator_3.py
[2024-02-14T09:37:52.212+0000] {processor.py:830} INFO - Processing file /home/airflow/.local/lib/python3.8/site-packages/airflow/example_dags/example_branch_python_dop_operator_3.py for tasks to queue
[2024-02-14T09:37:52.214+0000] {logging_mixin.py:188} INFO - [2024-02-14T09:37:52.214+0000] {dagbag.py:538} INFO - Filling up the DagBag from /home/airflow/.local/lib/python3.8/site-packages/airflow/example_dags/example_branch_python_dop_operator_3.py
[2024-02-14T09:37:52.221+0000] {processor.py:840} INFO - DAG(s) 'example_branch_dop_operator_v3' retrieved from /home/airflow/.local/lib/python3.8/site-packages/airflow/example_dags/example_branch_python_dop_operator_3.py
[2024-02-14T09:37:52.235+0000] {logging_mixin.py:188} INFO - [2024-02-14T09:37:52.235+0000] {dag.py:3036} INFO - Sync 1 DAGs
[2024-02-14T09:37:52.250+0000] {logging_mixin.py:188} INFO - [2024-02-14T09:37:52.250+0000] {dag.py:3823} INFO - Setting next_dagrun for example_branch_dop_operator_v3 to 2024-02-14 09:36:00+00:00, run_after=2024-02-14 09:37:00+00:00
[2024-02-14T09:37:52.263+0000] {processor.py:183} INFO - Processing /home/airflow/.local/lib/python3.8/site-packages/airflow/example_dags/example_branch_python_dop_operator_3.py took 0.056 seconds
[2024-02-14T09:38:22.399+0000] {processor.py:161} INFO - Started process (PID=516) to work on /home/airflow/.local/lib/python3.8/site-packages/airflow/example_dags/example_branch_python_dop_operator_3.py
[2024-02-14T09:38:22.401+0000] {processor.py:830} INFO - Processing file /home/airflow/.local/lib/python3.8/site-packages/airflow/example_dags/example_branch_python_dop_operator_3.py for tasks to queue
[2024-02-14T09:38:22.403+0000] {logging_mixin.py:188} INFO - [2024-02-14T09:38:22.403+0000] {dagbag.py:538} INFO - Filling up the DagBag from /home/airflow/.local/lib/python3.8/site-packages/airflow/example_dags/example_branch_python_dop_operator_3.py
[2024-02-14T09:38:22.409+0000] {processor.py:840} INFO - DAG(s) 'example_branch_dop_operator_v3' retrieved from /home/airflow/.local/lib/python3.8/site-packages/airflow/example_dags/example_branch_python_dop_operator_3.py
[2024-02-14T09:38:22.424+0000] {logging_mixin.py:188} INFO - [2024-02-14T09:38:22.424+0000] {dag.py:3036} INFO - Sync 1 DAGs
[2024-02-14T09:38:22.439+0000] {logging_mixin.py:188} INFO - [2024-02-14T09:38:22.439+0000] {dag.py:3823} INFO - Setting next_dagrun for example_branch_dop_operator_v3 to 2024-02-14 09:37:00+00:00, run_after=2024-02-14 09:38:00+00:00
[2024-02-14T09:38:22.451+0000] {processor.py:183} INFO - Processing /home/airflow/.local/lib/python3.8/site-packages/airflow/example_dags/example_branch_python_dop_operator_3.py took 0.054 seconds
[2024-02-14T09:38:53.205+0000] {processor.py:161} INFO - Started process (PID=573) to work on /home/airflow/.local/lib/python3.8/site-packages/airflow/example_dags/example_branch_python_dop_operator_3.py
[2024-02-14T09:38:53.207+0000] {processor.py:830} INFO - Processing file /home/airflow/.local/lib/python3.8/site-packages/airflow/example_dags/example_branch_python_dop_operator_3.py for tasks to queue
[2024-02-14T09:38:53.210+0000] {logging_mixin.py:188} INFO - [2024-02-14T09:38:53.210+0000] {dagbag.py:538} INFO - Filling up the DagBag from /home/airflow/.local/lib/python3.8/site-packages/airflow/example_dags/example_branch_python_dop_operator_3.py
[2024-02-14T09:38:53.218+0000] {processor.py:840} INFO - DAG(s) 'example_branch_dop_operator_v3' retrieved from /home/airflow/.local/lib/python3.8/site-packages/airflow/example_dags/example_branch_python_dop_operator_3.py
[2024-02-14T09:38:53.239+0000] {logging_mixin.py:188} INFO - [2024-02-14T09:38:53.239+0000] {dag.py:3036} INFO - Sync 1 DAGs
[2024-02-14T09:38:53.258+0000] {logging_mixin.py:188} INFO - [2024-02-14T09:38:53.258+0000] {dag.py:3823} INFO - Setting next_dagrun for example_branch_dop_operator_v3 to 2024-02-14 09:37:00+00:00, run_after=2024-02-14 09:38:00+00:00
[2024-02-14T09:38:53.271+0000] {processor.py:183} INFO - Processing /home/airflow/.local/lib/python3.8/site-packages/airflow/example_dags/example_branch_python_dop_operator_3.py took 0.069 seconds
[2024-02-14T09:43:48.908+0000] {processor.py:161} INFO - Started process (PID=57) to work on /home/airflow/.local/lib/python3.8/site-packages/airflow/example_dags/example_branch_python_dop_operator_3.py
[2024-02-14T09:43:48.915+0000] {processor.py:830} INFO - Processing file /home/airflow/.local/lib/python3.8/site-packages/airflow/example_dags/example_branch_python_dop_operator_3.py for tasks to queue
[2024-02-14T09:43:48.918+0000] {logging_mixin.py:188} INFO - [2024-02-14T09:43:48.917+0000] {dagbag.py:538} INFO - Filling up the DagBag from /home/airflow/.local/lib/python3.8/site-packages/airflow/example_dags/example_branch_python_dop_operator_3.py
[2024-02-14T09:43:48.928+0000] {processor.py:840} INFO - DAG(s) 'example_branch_dop_operator_v3' retrieved from /home/airflow/.local/lib/python3.8/site-packages/airflow/example_dags/example_branch_python_dop_operator_3.py
[2024-02-14T09:43:48.948+0000] {logging_mixin.py:188} INFO - [2024-02-14T09:43:48.948+0000] {dag.py:3036} INFO - Sync 1 DAGs
[2024-02-14T09:43:48.977+0000] {logging_mixin.py:188} INFO - [2024-02-14T09:43:48.977+0000] {dag.py:3823} INFO - Setting next_dagrun for example_branch_dop_operator_v3 to 2024-02-14 09:42:00+00:00, run_after=2024-02-14 09:43:00+00:00
[2024-02-14T09:43:49.000+0000] {processor.py:183} INFO - Processing /home/airflow/.local/lib/python3.8/site-packages/airflow/example_dags/example_branch_python_dop_operator_3.py took 0.095 seconds
[2024-02-14T09:46:37.908+0000] {processor.py:161} INFO - Started process (PID=56) to work on /home/airflow/.local/lib/python3.8/site-packages/airflow/example_dags/example_branch_python_dop_operator_3.py
[2024-02-14T09:46:37.910+0000] {processor.py:830} INFO - Processing file /home/airflow/.local/lib/python3.8/site-packages/airflow/example_dags/example_branch_python_dop_operator_3.py for tasks to queue
[2024-02-14T09:46:37.912+0000] {logging_mixin.py:188} INFO - [2024-02-14T09:46:37.912+0000] {dagbag.py:538} INFO - Filling up the DagBag from /home/airflow/.local/lib/python3.8/site-packages/airflow/example_dags/example_branch_python_dop_operator_3.py
[2024-02-14T09:46:37.922+0000] {processor.py:840} INFO - DAG(s) 'example_branch_dop_operator_v3' retrieved from /home/airflow/.local/lib/python3.8/site-packages/airflow/example_dags/example_branch_python_dop_operator_3.py
[2024-02-14T09:46:38.008+0000] {logging_mixin.py:188} INFO - [2024-02-14T09:46:38.007+0000] {override.py:1769} INFO - Created Permission View: can edit on DAG:example_branch_dop_operator_v3
[2024-02-14T09:46:38.015+0000] {logging_mixin.py:188} INFO - [2024-02-14T09:46:38.015+0000] {override.py:1769} INFO - Created Permission View: can read on DAG:example_branch_dop_operator_v3
[2024-02-14T09:46:38.021+0000] {logging_mixin.py:188} INFO - [2024-02-14T09:46:38.021+0000] {override.py:1769} INFO - Created Permission View: can delete on DAG:example_branch_dop_operator_v3
[2024-02-14T09:46:38.023+0000] {logging_mixin.py:188} INFO - [2024-02-14T09:46:38.022+0000] {dag.py:3036} INFO - Sync 1 DAGs
[2024-02-14T09:46:38.030+0000] {logging_mixin.py:188} INFO - [2024-02-14T09:46:38.029+0000] {dag.py:3058} INFO - Creating ORM DAG for example_branch_dop_operator_v3
[2024-02-14T09:46:38.040+0000] {logging_mixin.py:188} INFO - [2024-02-14T09:46:38.040+0000] {dag.py:3823} INFO - Setting next_dagrun for example_branch_dop_operator_v3 to 2024-02-14 09:45:00+00:00, run_after=2024-02-14 09:46:00+00:00
[2024-02-14T09:46:38.051+0000] {processor.py:183} INFO - Processing /home/airflow/.local/lib/python3.8/site-packages/airflow/example_dags/example_branch_python_dop_operator_3.py took 0.146 seconds
[2024-02-14T09:47:08.098+0000] {processor.py:161} INFO - Started process (PID=111) to work on /home/airflow/.local/lib/python3.8/site-packages/airflow/example_dags/example_branch_python_dop_operator_3.py
[2024-02-14T09:47:08.099+0000] {processor.py:830} INFO - Processing file /home/airflow/.local/lib/python3.8/site-packages/airflow/example_dags/example_branch_python_dop_operator_3.py for tasks to queue
[2024-02-14T09:47:08.101+0000] {logging_mixin.py:188} INFO - [2024-02-14T09:47:08.101+0000] {dagbag.py:538} INFO - Filling up the DagBag from /home/airflow/.local/lib/python3.8/site-packages/airflow/example_dags/example_branch_python_dop_operator_3.py
[2024-02-14T09:47:08.107+0000] {processor.py:840} INFO - DAG(s) 'example_branch_dop_operator_v3' retrieved from /home/airflow/.local/lib/python3.8/site-packages/airflow/example_dags/example_branch_python_dop_operator_3.py
[2024-02-14T09:47:08.122+0000] {logging_mixin.py:188} INFO - [2024-02-14T09:47:08.121+0000] {dag.py:3036} INFO - Sync 1 DAGs
[2024-02-14T09:47:08.135+0000] {logging_mixin.py:188} INFO - [2024-02-14T09:47:08.135+0000] {dag.py:3823} INFO - Setting next_dagrun for example_branch_dop_operator_v3 to 2024-02-14 09:46:00+00:00, run_after=2024-02-14 09:47:00+00:00
[2024-02-14T09:47:08.145+0000] {processor.py:183} INFO - Processing /home/airflow/.local/lib/python3.8/site-packages/airflow/example_dags/example_branch_python_dop_operator_3.py took 0.050 seconds
[2024-02-14T09:47:39.205+0000] {processor.py:161} INFO - Started process (PID=169) to work on /home/airflow/.local/lib/python3.8/site-packages/airflow/example_dags/example_branch_python_dop_operator_3.py
[2024-02-14T09:47:39.210+0000] {processor.py:830} INFO - Processing file /home/airflow/.local/lib/python3.8/site-packages/airflow/example_dags/example_branch_python_dop_operator_3.py for tasks to queue
[2024-02-14T09:47:39.228+0000] {logging_mixin.py:188} INFO - [2024-02-14T09:47:39.227+0000] {dagbag.py:538} INFO - Filling up the DagBag from /home/airflow/.local/lib/python3.8/site-packages/airflow/example_dags/example_branch_python_dop_operator_3.py
[2024-02-14T09:47:39.246+0000] {processor.py:840} INFO - DAG(s) 'example_branch_dop_operator_v3' retrieved from /home/airflow/.local/lib/python3.8/site-packages/airflow/example_dags/example_branch_python_dop_operator_3.py
[2024-02-14T09:47:39.271+0000] {logging_mixin.py:188} INFO - [2024-02-14T09:47:39.270+0000] {dag.py:3036} INFO - Sync 1 DAGs
[2024-02-14T09:47:39.288+0000] {logging_mixin.py:188} INFO - [2024-02-14T09:47:39.288+0000] {dag.py:3823} INFO - Setting next_dagrun for example_branch_dop_operator_v3 to 2024-02-14 09:46:00+00:00, run_after=2024-02-14 09:47:00+00:00
[2024-02-14T09:47:39.304+0000] {processor.py:183} INFO - Processing /home/airflow/.local/lib/python3.8/site-packages/airflow/example_dags/example_branch_python_dop_operator_3.py took 0.107 seconds
[2024-02-14T09:48:10.027+0000] {processor.py:161} INFO - Started process (PID=227) to work on /home/airflow/.local/lib/python3.8/site-packages/airflow/example_dags/example_branch_python_dop_operator_3.py
[2024-02-14T09:48:10.036+0000] {processor.py:830} INFO - Processing file /home/airflow/.local/lib/python3.8/site-packages/airflow/example_dags/example_branch_python_dop_operator_3.py for tasks to queue
[2024-02-14T09:48:10.042+0000] {logging_mixin.py:188} INFO - [2024-02-14T09:48:10.042+0000] {dagbag.py:538} INFO - Filling up the DagBag from /home/airflow/.local/lib/python3.8/site-packages/airflow/example_dags/example_branch_python_dop_operator_3.py
[2024-02-14T09:48:10.053+0000] {processor.py:840} INFO - DAG(s) 'example_branch_dop_operator_v3' retrieved from /home/airflow/.local/lib/python3.8/site-packages/airflow/example_dags/example_branch_python_dop_operator_3.py
[2024-02-14T09:48:10.129+0000] {logging_mixin.py:188} INFO - [2024-02-14T09:48:10.129+0000] {dag.py:3036} INFO - Sync 1 DAGs
[2024-02-14T09:48:10.152+0000] {logging_mixin.py:188} INFO - [2024-02-14T09:48:10.152+0000] {dag.py:3823} INFO - Setting next_dagrun for example_branch_dop_operator_v3 to 2024-02-14 09:47:00+00:00, run_after=2024-02-14 09:48:00+00:00
[2024-02-14T09:48:10.164+0000] {processor.py:183} INFO - Processing /home/airflow/.local/lib/python3.8/site-packages/airflow/example_dags/example_branch_python_dop_operator_3.py took 0.140 seconds
[2024-02-14T09:48:40.542+0000] {processor.py:161} INFO - Started process (PID=287) to work on /home/airflow/.local/lib/python3.8/site-packages/airflow/example_dags/example_branch_python_dop_operator_3.py
[2024-02-14T09:48:40.546+0000] {processor.py:830} INFO - Processing file /home/airflow/.local/lib/python3.8/site-packages/airflow/example_dags/example_branch_python_dop_operator_3.py for tasks to queue
[2024-02-14T09:48:40.554+0000] {logging_mixin.py:188} INFO - [2024-02-14T09:48:40.553+0000] {dagbag.py:538} INFO - Filling up the DagBag from /home/airflow/.local/lib/python3.8/site-packages/airflow/example_dags/example_branch_python_dop_operator_3.py
[2024-02-14T09:48:40.565+0000] {processor.py:840} INFO - DAG(s) 'example_branch_dop_operator_v3' retrieved from /home/airflow/.local/lib/python3.8/site-packages/airflow/example_dags/example_branch_python_dop_operator_3.py
[2024-02-14T09:48:40.586+0000] {logging_mixin.py:188} INFO - [2024-02-14T09:48:40.586+0000] {dag.py:3036} INFO - Sync 1 DAGs
[2024-02-14T09:48:40.607+0000] {logging_mixin.py:188} INFO - [2024-02-14T09:48:40.607+0000] {dag.py:3823} INFO - Setting next_dagrun for example_branch_dop_operator_v3 to 2024-02-14 09:47:00+00:00, run_after=2024-02-14 09:48:00+00:00
[2024-02-14T09:48:40.630+0000] {processor.py:183} INFO - Processing /home/airflow/.local/lib/python3.8/site-packages/airflow/example_dags/example_branch_python_dop_operator_3.py took 0.093 seconds
[2024-02-14T09:49:11.308+0000] {processor.py:161} INFO - Started process (PID=343) to work on /home/airflow/.local/lib/python3.8/site-packages/airflow/example_dags/example_branch_python_dop_operator_3.py
[2024-02-14T09:49:11.310+0000] {processor.py:830} INFO - Processing file /home/airflow/.local/lib/python3.8/site-packages/airflow/example_dags/example_branch_python_dop_operator_3.py for tasks to queue
[2024-02-14T09:49:11.312+0000] {logging_mixin.py:188} INFO - [2024-02-14T09:49:11.312+0000] {dagbag.py:538} INFO - Filling up the DagBag from /home/airflow/.local/lib/python3.8/site-packages/airflow/example_dags/example_branch_python_dop_operator_3.py
[2024-02-14T09:49:11.320+0000] {processor.py:840} INFO - DAG(s) 'example_branch_dop_operator_v3' retrieved from /home/airflow/.local/lib/python3.8/site-packages/airflow/example_dags/example_branch_python_dop_operator_3.py
[2024-02-14T09:49:11.338+0000] {logging_mixin.py:188} INFO - [2024-02-14T09:49:11.337+0000] {dag.py:3036} INFO - Sync 1 DAGs
[2024-02-14T09:49:11.356+0000] {logging_mixin.py:188} INFO - [2024-02-14T09:49:11.355+0000] {dag.py:3823} INFO - Setting next_dagrun for example_branch_dop_operator_v3 to 2024-02-14 09:48:00+00:00, run_after=2024-02-14 09:49:00+00:00
[2024-02-14T09:49:11.368+0000] {processor.py:183} INFO - Processing /home/airflow/.local/lib/python3.8/site-packages/airflow/example_dags/example_branch_python_dop_operator_3.py took 0.063 seconds
[2024-02-14T09:49:42.131+0000] {processor.py:161} INFO - Started process (PID=399) to work on /home/airflow/.local/lib/python3.8/site-packages/airflow/example_dags/example_branch_python_dop_operator_3.py
[2024-02-14T09:49:42.133+0000] {processor.py:830} INFO - Processing file /home/airflow/.local/lib/python3.8/site-packages/airflow/example_dags/example_branch_python_dop_operator_3.py for tasks to queue
[2024-02-14T09:49:42.134+0000] {logging_mixin.py:188} INFO - [2024-02-14T09:49:42.134+0000] {dagbag.py:538} INFO - Filling up the DagBag from /home/airflow/.local/lib/python3.8/site-packages/airflow/example_dags/example_branch_python_dop_operator_3.py
[2024-02-14T09:49:42.141+0000] {processor.py:840} INFO - DAG(s) 'example_branch_dop_operator_v3' retrieved from /home/airflow/.local/lib/python3.8/site-packages/airflow/example_dags/example_branch_python_dop_operator_3.py
[2024-02-14T09:49:42.156+0000] {logging_mixin.py:188} INFO - [2024-02-14T09:49:42.156+0000] {dag.py:3036} INFO - Sync 1 DAGs
[2024-02-14T09:49:42.173+0000] {logging_mixin.py:188} INFO - [2024-02-14T09:49:42.172+0000] {dag.py:3823} INFO - Setting next_dagrun for example_branch_dop_operator_v3 to 2024-02-14 09:48:00+00:00, run_after=2024-02-14 09:49:00+00:00
[2024-02-14T09:49:42.185+0000] {processor.py:183} INFO - Processing /home/airflow/.local/lib/python3.8/site-packages/airflow/example_dags/example_branch_python_dop_operator_3.py took 0.057 seconds
[2024-02-14T09:50:12.762+0000] {processor.py:161} INFO - Started process (PID=457) to work on /home/airflow/.local/lib/python3.8/site-packages/airflow/example_dags/example_branch_python_dop_operator_3.py
[2024-02-14T09:50:12.764+0000] {processor.py:830} INFO - Processing file /home/airflow/.local/lib/python3.8/site-packages/airflow/example_dags/example_branch_python_dop_operator_3.py for tasks to queue
[2024-02-14T09:50:12.767+0000] {logging_mixin.py:188} INFO - [2024-02-14T09:50:12.766+0000] {dagbag.py:538} INFO - Filling up the DagBag from /home/airflow/.local/lib/python3.8/site-packages/airflow/example_dags/example_branch_python_dop_operator_3.py
[2024-02-14T09:50:12.774+0000] {processor.py:840} INFO - DAG(s) 'example_branch_dop_operator_v3' retrieved from /home/airflow/.local/lib/python3.8/site-packages/airflow/example_dags/example_branch_python_dop_operator_3.py
[2024-02-14T09:50:12.798+0000] {logging_mixin.py:188} INFO - [2024-02-14T09:50:12.798+0000] {dag.py:3036} INFO - Sync 1 DAGs
[2024-02-14T09:50:12.813+0000] {logging_mixin.py:188} INFO - [2024-02-14T09:50:12.813+0000] {dag.py:3823} INFO - Setting next_dagrun for example_branch_dop_operator_v3 to 2024-02-14 09:49:00+00:00, run_after=2024-02-14 09:50:00+00:00
[2024-02-14T09:50:12.824+0000] {processor.py:183} INFO - Processing /home/airflow/.local/lib/python3.8/site-packages/airflow/example_dags/example_branch_python_dop_operator_3.py took 0.066 seconds
[2024-02-14T09:50:43.033+0000] {processor.py:161} INFO - Started process (PID=513) to work on /home/airflow/.local/lib/python3.8/site-packages/airflow/example_dags/example_branch_python_dop_operator_3.py
[2024-02-14T09:50:43.035+0000] {processor.py:830} INFO - Processing file /home/airflow/.local/lib/python3.8/site-packages/airflow/example_dags/example_branch_python_dop_operator_3.py for tasks to queue
[2024-02-14T09:50:43.037+0000] {logging_mixin.py:188} INFO - [2024-02-14T09:50:43.036+0000] {dagbag.py:538} INFO - Filling up the DagBag from /home/airflow/.local/lib/python3.8/site-packages/airflow/example_dags/example_branch_python_dop_operator_3.py
[2024-02-14T09:50:43.044+0000] {processor.py:840} INFO - DAG(s) 'example_branch_dop_operator_v3' retrieved from /home/airflow/.local/lib/python3.8/site-packages/airflow/example_dags/example_branch_python_dop_operator_3.py
[2024-02-14T09:50:43.058+0000] {logging_mixin.py:188} INFO - [2024-02-14T09:50:43.058+0000] {dag.py:3036} INFO - Sync 1 DAGs
[2024-02-14T09:50:43.074+0000] {logging_mixin.py:188} INFO - [2024-02-14T09:50:43.073+0000] {dag.py:3823} INFO - Setting next_dagrun for example_branch_dop_operator_v3 to 2024-02-14 09:49:00+00:00, run_after=2024-02-14 09:50:00+00:00
[2024-02-14T09:50:43.086+0000] {processor.py:183} INFO - Processing /home/airflow/.local/lib/python3.8/site-packages/airflow/example_dags/example_branch_python_dop_operator_3.py took 0.056 seconds
[2024-02-14T09:51:13.387+0000] {processor.py:161} INFO - Started process (PID=569) to work on /home/airflow/.local/lib/python3.8/site-packages/airflow/example_dags/example_branch_python_dop_operator_3.py
[2024-02-14T09:51:13.389+0000] {processor.py:830} INFO - Processing file /home/airflow/.local/lib/python3.8/site-packages/airflow/example_dags/example_branch_python_dop_operator_3.py for tasks to queue
[2024-02-14T09:51:13.391+0000] {logging_mixin.py:188} INFO - [2024-02-14T09:51:13.391+0000] {dagbag.py:538} INFO - Filling up the DagBag from /home/airflow/.local/lib/python3.8/site-packages/airflow/example_dags/example_branch_python_dop_operator_3.py
[2024-02-14T09:51:13.397+0000] {processor.py:840} INFO - DAG(s) 'example_branch_dop_operator_v3' retrieved from /home/airflow/.local/lib/python3.8/site-packages/airflow/example_dags/example_branch_python_dop_operator_3.py
[2024-02-14T09:51:13.412+0000] {logging_mixin.py:188} INFO - [2024-02-14T09:51:13.412+0000] {dag.py:3036} INFO - Sync 1 DAGs
[2024-02-14T09:51:13.428+0000] {logging_mixin.py:188} INFO - [2024-02-14T09:51:13.428+0000] {dag.py:3823} INFO - Setting next_dagrun for example_branch_dop_operator_v3 to 2024-02-14 09:50:00+00:00, run_after=2024-02-14 09:51:00+00:00
[2024-02-14T09:51:13.440+0000] {processor.py:183} INFO - Processing /home/airflow/.local/lib/python3.8/site-packages/airflow/example_dags/example_branch_python_dop_operator_3.py took 0.056 seconds
[2024-02-14T09:51:43.778+0000] {processor.py:161} INFO - Started process (PID=627) to work on /home/airflow/.local/lib/python3.8/site-packages/airflow/example_dags/example_branch_python_dop_operator_3.py
[2024-02-14T09:51:43.780+0000] {processor.py:830} INFO - Processing file /home/airflow/.local/lib/python3.8/site-packages/airflow/example_dags/example_branch_python_dop_operator_3.py for tasks to queue
[2024-02-14T09:51:43.782+0000] {logging_mixin.py:188} INFO - [2024-02-14T09:51:43.781+0000] {dagbag.py:538} INFO - Filling up the DagBag from /home/airflow/.local/lib/python3.8/site-packages/airflow/example_dags/example_branch_python_dop_operator_3.py
[2024-02-14T09:51:43.787+0000] {processor.py:840} INFO - DAG(s) 'example_branch_dop_operator_v3' retrieved from /home/airflow/.local/lib/python3.8/site-packages/airflow/example_dags/example_branch_python_dop_operator_3.py
[2024-02-14T09:51:43.801+0000] {logging_mixin.py:188} INFO - [2024-02-14T09:51:43.801+0000] {dag.py:3036} INFO - Sync 1 DAGs
[2024-02-14T09:51:43.816+0000] {logging_mixin.py:188} INFO - [2024-02-14T09:51:43.816+0000] {dag.py:3823} INFO - Setting next_dagrun for example_branch_dop_operator_v3 to 2024-02-14 09:50:00+00:00, run_after=2024-02-14 09:51:00+00:00
[2024-02-14T09:51:43.828+0000] {processor.py:183} INFO - Processing /home/airflow/.local/lib/python3.8/site-packages/airflow/example_dags/example_branch_python_dop_operator_3.py took 0.053 seconds
[2024-02-14T09:52:14.333+0000] {processor.py:161} INFO - Started process (PID=684) to work on /home/airflow/.local/lib/python3.8/site-packages/airflow/example_dags/example_branch_python_dop_operator_3.py
[2024-02-14T09:52:14.335+0000] {processor.py:830} INFO - Processing file /home/airflow/.local/lib/python3.8/site-packages/airflow/example_dags/example_branch_python_dop_operator_3.py for tasks to queue
[2024-02-14T09:52:14.337+0000] {logging_mixin.py:188} INFO - [2024-02-14T09:52:14.337+0000] {dagbag.py:538} INFO - Filling up the DagBag from /home/airflow/.local/lib/python3.8/site-packages/airflow/example_dags/example_branch_python_dop_operator_3.py
[2024-02-14T09:52:14.344+0000] {processor.py:840} INFO - DAG(s) 'example_branch_dop_operator_v3' retrieved from /home/airflow/.local/lib/python3.8/site-packages/airflow/example_dags/example_branch_python_dop_operator_3.py
[2024-02-14T09:52:14.358+0000] {logging_mixin.py:188} INFO - [2024-02-14T09:52:14.358+0000] {dag.py:3036} INFO - Sync 1 DAGs
[2024-02-14T09:52:14.372+0000] {logging_mixin.py:188} INFO - [2024-02-14T09:52:14.372+0000] {dag.py:3823} INFO - Setting next_dagrun for example_branch_dop_operator_v3 to 2024-02-14 09:51:00+00:00, run_after=2024-02-14 09:52:00+00:00
[2024-02-14T09:52:14.382+0000] {processor.py:183} INFO - Processing /home/airflow/.local/lib/python3.8/site-packages/airflow/example_dags/example_branch_python_dop_operator_3.py took 0.051 seconds
[2024-02-14T09:52:44.800+0000] {processor.py:161} INFO - Started process (PID=740) to work on /home/airflow/.local/lib/python3.8/site-packages/airflow/example_dags/example_branch_python_dop_operator_3.py
[2024-02-14T09:52:44.803+0000] {processor.py:830} INFO - Processing file /home/airflow/.local/lib/python3.8/site-packages/airflow/example_dags/example_branch_python_dop_operator_3.py for tasks to queue
[2024-02-14T09:52:44.807+0000] {logging_mixin.py:188} INFO - [2024-02-14T09:52:44.807+0000] {dagbag.py:538} INFO - Filling up the DagBag from /home/airflow/.local/lib/python3.8/site-packages/airflow/example_dags/example_branch_python_dop_operator_3.py
[2024-02-14T09:52:44.816+0000] {processor.py:840} INFO - DAG(s) 'example_branch_dop_operator_v3' retrieved from /home/airflow/.local/lib/python3.8/site-packages/airflow/example_dags/example_branch_python_dop_operator_3.py
[2024-02-14T09:52:44.846+0000] {logging_mixin.py:188} INFO - [2024-02-14T09:52:44.846+0000] {dag.py:3036} INFO - Sync 1 DAGs
[2024-02-14T09:52:44.864+0000] {logging_mixin.py:188} INFO - [2024-02-14T09:52:44.863+0000] {dag.py:3823} INFO - Setting next_dagrun for example_branch_dop_operator_v3 to 2024-02-14 09:51:00+00:00, run_after=2024-02-14 09:52:00+00:00
[2024-02-14T09:52:44.879+0000] {processor.py:183} INFO - Processing /home/airflow/.local/lib/python3.8/site-packages/airflow/example_dags/example_branch_python_dop_operator_3.py took 0.082 seconds
[2024-02-14T09:53:38.313+0000] {processor.py:161} INFO - Started process (PID=61) to work on /home/airflow/.local/lib/python3.8/site-packages/airflow/example_dags/example_branch_python_dop_operator_3.py
[2024-02-14T09:53:38.315+0000] {processor.py:830} INFO - Processing file /home/airflow/.local/lib/python3.8/site-packages/airflow/example_dags/example_branch_python_dop_operator_3.py for tasks to queue
[2024-02-14T09:53:38.318+0000] {logging_mixin.py:188} INFO - [2024-02-14T09:53:38.318+0000] {dagbag.py:538} INFO - Filling up the DagBag from /home/airflow/.local/lib/python3.8/site-packages/airflow/example_dags/example_branch_python_dop_operator_3.py
[2024-02-14T09:53:38.329+0000] {processor.py:840} INFO - DAG(s) 'example_branch_dop_operator_v3' retrieved from /home/airflow/.local/lib/python3.8/site-packages/airflow/example_dags/example_branch_python_dop_operator_3.py
[2024-02-14T09:53:38.346+0000] {logging_mixin.py:188} INFO - [2024-02-14T09:53:38.345+0000] {dag.py:3036} INFO - Sync 1 DAGs
[2024-02-14T09:53:38.369+0000] {logging_mixin.py:188} INFO - [2024-02-14T09:53:38.369+0000] {dag.py:3823} INFO - Setting next_dagrun for example_branch_dop_operator_v3 to 2024-02-14 09:52:00+00:00, run_after=2024-02-14 09:53:00+00:00
[2024-02-14T09:53:38.390+0000] {processor.py:183} INFO - Processing /home/airflow/.local/lib/python3.8/site-packages/airflow/example_dags/example_branch_python_dop_operator_3.py took 0.081 seconds
[2024-02-14T09:54:09.850+0000] {processor.py:161} INFO - Started process (PID=117) to work on /home/airflow/.local/lib/python3.8/site-packages/airflow/example_dags/example_branch_python_dop_operator_3.py
[2024-02-14T09:54:09.852+0000] {processor.py:830} INFO - Processing file /home/airflow/.local/lib/python3.8/site-packages/airflow/example_dags/example_branch_python_dop_operator_3.py for tasks to queue
[2024-02-14T09:54:09.856+0000] {logging_mixin.py:188} INFO - [2024-02-14T09:54:09.856+0000] {dagbag.py:538} INFO - Filling up the DagBag from /home/airflow/.local/lib/python3.8/site-packages/airflow/example_dags/example_branch_python_dop_operator_3.py
[2024-02-14T09:54:09.865+0000] {processor.py:840} INFO - DAG(s) 'example_branch_dop_operator_v3' retrieved from /home/airflow/.local/lib/python3.8/site-packages/airflow/example_dags/example_branch_python_dop_operator_3.py
[2024-02-14T09:54:10.024+0000] {logging_mixin.py:188} INFO - [2024-02-14T09:54:10.024+0000] {dag.py:3036} INFO - Sync 1 DAGs
[2024-02-14T09:54:10.054+0000] {logging_mixin.py:188} INFO - [2024-02-14T09:54:10.054+0000] {dag.py:3823} INFO - Setting next_dagrun for example_branch_dop_operator_v3 to 2024-02-14 09:53:00+00:00, run_after=2024-02-14 09:54:00+00:00
[2024-02-14T09:54:10.079+0000] {processor.py:183} INFO - Processing /home/airflow/.local/lib/python3.8/site-packages/airflow/example_dags/example_branch_python_dop_operator_3.py took 0.232 seconds
[2024-02-14T09:54:40.639+0000] {processor.py:161} INFO - Started process (PID=174) to work on /home/airflow/.local/lib/python3.8/site-packages/airflow/example_dags/example_branch_python_dop_operator_3.py
[2024-02-14T09:54:40.641+0000] {processor.py:830} INFO - Processing file /home/airflow/.local/lib/python3.8/site-packages/airflow/example_dags/example_branch_python_dop_operator_3.py for tasks to queue
[2024-02-14T09:54:40.643+0000] {logging_mixin.py:188} INFO - [2024-02-14T09:54:40.643+0000] {dagbag.py:538} INFO - Filling up the DagBag from /home/airflow/.local/lib/python3.8/site-packages/airflow/example_dags/example_branch_python_dop_operator_3.py
[2024-02-14T09:54:40.649+0000] {processor.py:840} INFO - DAG(s) 'example_branch_dop_operator_v3' retrieved from /home/airflow/.local/lib/python3.8/site-packages/airflow/example_dags/example_branch_python_dop_operator_3.py
[2024-02-14T09:54:40.663+0000] {logging_mixin.py:188} INFO - [2024-02-14T09:54:40.663+0000] {dag.py:3036} INFO - Sync 1 DAGs
[2024-02-14T09:54:40.679+0000] {logging_mixin.py:188} INFO - [2024-02-14T09:54:40.679+0000] {dag.py:3823} INFO - Setting next_dagrun for example_branch_dop_operator_v3 to 2024-02-14 09:53:00+00:00, run_after=2024-02-14 09:54:00+00:00
[2024-02-14T09:54:40.695+0000] {processor.py:183} INFO - Processing /home/airflow/.local/lib/python3.8/site-packages/airflow/example_dags/example_branch_python_dop_operator_3.py took 0.058 seconds
[2024-02-14T09:55:49.887+0000] {processor.py:161} INFO - Started process (PID=58) to work on /home/airflow/.local/lib/python3.8/site-packages/airflow/example_dags/example_branch_python_dop_operator_3.py
[2024-02-14T09:55:49.890+0000] {processor.py:830} INFO - Processing file /home/airflow/.local/lib/python3.8/site-packages/airflow/example_dags/example_branch_python_dop_operator_3.py for tasks to queue
[2024-02-14T09:55:49.894+0000] {logging_mixin.py:188} INFO - [2024-02-14T09:55:49.894+0000] {dagbag.py:538} INFO - Filling up the DagBag from /home/airflow/.local/lib/python3.8/site-packages/airflow/example_dags/example_branch_python_dop_operator_3.py
[2024-02-14T09:55:49.916+0000] {processor.py:840} INFO - DAG(s) 'example_branch_dop_operator_v3' retrieved from /home/airflow/.local/lib/python3.8/site-packages/airflow/example_dags/example_branch_python_dop_operator_3.py
[2024-02-14T09:55:49.938+0000] {logging_mixin.py:188} INFO - [2024-02-14T09:55:49.938+0000] {dag.py:3036} INFO - Sync 1 DAGs
[2024-02-14T09:55:49.963+0000] {logging_mixin.py:188} INFO - [2024-02-14T09:55:49.963+0000] {dag.py:3823} INFO - Setting next_dagrun for example_branch_dop_operator_v3 to 2024-02-14 09:54:00+00:00, run_after=2024-02-14 09:55:00+00:00
[2024-02-14T09:55:49.987+0000] {processor.py:183} INFO - Processing /home/airflow/.local/lib/python3.8/site-packages/airflow/example_dags/example_branch_python_dop_operator_3.py took 0.103 seconds
[2024-02-14T09:56:20.029+0000] {processor.py:161} INFO - Started process (PID=120) to work on /home/airflow/.local/lib/python3.8/site-packages/airflow/example_dags/example_branch_python_dop_operator_3.py
[2024-02-14T09:56:20.032+0000] {processor.py:830} INFO - Processing file /home/airflow/.local/lib/python3.8/site-packages/airflow/example_dags/example_branch_python_dop_operator_3.py for tasks to queue
[2024-02-14T09:56:20.034+0000] {logging_mixin.py:188} INFO - [2024-02-14T09:56:20.034+0000] {dagbag.py:538} INFO - Filling up the DagBag from /home/airflow/.local/lib/python3.8/site-packages/airflow/example_dags/example_branch_python_dop_operator_3.py
[2024-02-14T09:56:20.040+0000] {processor.py:840} INFO - DAG(s) 'example_branch_dop_operator_v3' retrieved from /home/airflow/.local/lib/python3.8/site-packages/airflow/example_dags/example_branch_python_dop_operator_3.py
[2024-02-14T09:56:20.096+0000] {logging_mixin.py:188} INFO - [2024-02-14T09:56:20.095+0000] {dag.py:3036} INFO - Sync 1 DAGs
[2024-02-14T09:56:20.111+0000] {logging_mixin.py:188} INFO - [2024-02-14T09:56:20.111+0000] {dag.py:3823} INFO - Setting next_dagrun for example_branch_dop_operator_v3 to 2024-02-14 09:55:00+00:00, run_after=2024-02-14 09:56:00+00:00
[2024-02-14T09:56:20.126+0000] {processor.py:183} INFO - Processing /home/airflow/.local/lib/python3.8/site-packages/airflow/example_dags/example_branch_python_dop_operator_3.py took 0.099 seconds
[2024-02-14T09:56:51.007+0000] {processor.py:161} INFO - Started process (PID=177) to work on /home/airflow/.local/lib/python3.8/site-packages/airflow/example_dags/example_branch_python_dop_operator_3.py
[2024-02-14T09:56:51.013+0000] {processor.py:830} INFO - Processing file /home/airflow/.local/lib/python3.8/site-packages/airflow/example_dags/example_branch_python_dop_operator_3.py for tasks to queue
[2024-02-14T09:56:51.023+0000] {logging_mixin.py:188} INFO - [2024-02-14T09:56:51.022+0000] {dagbag.py:538} INFO - Filling up the DagBag from /home/airflow/.local/lib/python3.8/site-packages/airflow/example_dags/example_branch_python_dop_operator_3.py
[2024-02-14T09:56:51.072+0000] {processor.py:840} INFO - DAG(s) 'example_branch_dop_operator_v3' retrieved from /home/airflow/.local/lib/python3.8/site-packages/airflow/example_dags/example_branch_python_dop_operator_3.py
[2024-02-14T09:56:51.105+0000] {logging_mixin.py:188} INFO - [2024-02-14T09:56:51.105+0000] {dag.py:3036} INFO - Sync 1 DAGs
[2024-02-14T09:56:51.130+0000] {logging_mixin.py:188} INFO - [2024-02-14T09:56:51.130+0000] {dag.py:3823} INFO - Setting next_dagrun for example_branch_dop_operator_v3 to 2024-02-14 09:55:00+00:00, run_after=2024-02-14 09:56:00+00:00
[2024-02-14T09:56:51.146+0000] {processor.py:183} INFO - Processing /home/airflow/.local/lib/python3.8/site-packages/airflow/example_dags/example_branch_python_dop_operator_3.py took 0.152 seconds
[2024-02-14T09:57:21.171+0000] {processor.py:161} INFO - Started process (PID=234) to work on /home/airflow/.local/lib/python3.8/site-packages/airflow/example_dags/example_branch_python_dop_operator_3.py
[2024-02-14T09:57:21.173+0000] {processor.py:830} INFO - Processing file /home/airflow/.local/lib/python3.8/site-packages/airflow/example_dags/example_branch_python_dop_operator_3.py for tasks to queue
[2024-02-14T09:57:21.175+0000] {logging_mixin.py:188} INFO - [2024-02-14T09:57:21.174+0000] {dagbag.py:538} INFO - Filling up the DagBag from /home/airflow/.local/lib/python3.8/site-packages/airflow/example_dags/example_branch_python_dop_operator_3.py
[2024-02-14T09:57:21.181+0000] {processor.py:840} INFO - DAG(s) 'example_branch_dop_operator_v3' retrieved from /home/airflow/.local/lib/python3.8/site-packages/airflow/example_dags/example_branch_python_dop_operator_3.py
[2024-02-14T09:57:21.194+0000] {logging_mixin.py:188} INFO - [2024-02-14T09:57:21.194+0000] {dag.py:3036} INFO - Sync 1 DAGs
[2024-02-14T09:57:21.208+0000] {logging_mixin.py:188} INFO - [2024-02-14T09:57:21.208+0000] {dag.py:3823} INFO - Setting next_dagrun for example_branch_dop_operator_v3 to 2024-02-14 09:56:00+00:00, run_after=2024-02-14 09:57:00+00:00
[2024-02-14T09:57:21.218+0000] {processor.py:183} INFO - Processing /home/airflow/.local/lib/python3.8/site-packages/airflow/example_dags/example_branch_python_dop_operator_3.py took 0.049 seconds
[2024-02-14T09:57:51.804+0000] {processor.py:161} INFO - Started process (PID=292) to work on /home/airflow/.local/lib/python3.8/site-packages/airflow/example_dags/example_branch_python_dop_operator_3.py
[2024-02-14T09:57:51.806+0000] {processor.py:830} INFO - Processing file /home/airflow/.local/lib/python3.8/site-packages/airflow/example_dags/example_branch_python_dop_operator_3.py for tasks to queue
[2024-02-14T09:57:51.808+0000] {logging_mixin.py:188} INFO - [2024-02-14T09:57:51.808+0000] {dagbag.py:538} INFO - Filling up the DagBag from /home/airflow/.local/lib/python3.8/site-packages/airflow/example_dags/example_branch_python_dop_operator_3.py
[2024-02-14T09:57:51.815+0000] {processor.py:840} INFO - DAG(s) 'example_branch_dop_operator_v3' retrieved from /home/airflow/.local/lib/python3.8/site-packages/airflow/example_dags/example_branch_python_dop_operator_3.py
[2024-02-14T09:57:51.831+0000] {logging_mixin.py:188} INFO - [2024-02-14T09:57:51.831+0000] {dag.py:3036} INFO - Sync 1 DAGs
[2024-02-14T09:57:51.847+0000] {logging_mixin.py:188} INFO - [2024-02-14T09:57:51.847+0000] {dag.py:3823} INFO - Setting next_dagrun for example_branch_dop_operator_v3 to 2024-02-14 09:56:00+00:00, run_after=2024-02-14 09:57:00+00:00
[2024-02-14T09:57:51.861+0000] {processor.py:183} INFO - Processing /home/airflow/.local/lib/python3.8/site-packages/airflow/example_dags/example_branch_python_dop_operator_3.py took 0.060 seconds
[2024-02-14T09:58:22.152+0000] {processor.py:161} INFO - Started process (PID=349) to work on /home/airflow/.local/lib/python3.8/site-packages/airflow/example_dags/example_branch_python_dop_operator_3.py
[2024-02-14T09:58:22.154+0000] {processor.py:830} INFO - Processing file /home/airflow/.local/lib/python3.8/site-packages/airflow/example_dags/example_branch_python_dop_operator_3.py for tasks to queue
[2024-02-14T09:58:22.156+0000] {logging_mixin.py:188} INFO - [2024-02-14T09:58:22.156+0000] {dagbag.py:538} INFO - Filling up the DagBag from /home/airflow/.local/lib/python3.8/site-packages/airflow/example_dags/example_branch_python_dop_operator_3.py
[2024-02-14T09:58:22.162+0000] {processor.py:840} INFO - DAG(s) 'example_branch_dop_operator_v3' retrieved from /home/airflow/.local/lib/python3.8/site-packages/airflow/example_dags/example_branch_python_dop_operator_3.py
[2024-02-14T09:58:22.176+0000] {logging_mixin.py:188} INFO - [2024-02-14T09:58:22.176+0000] {dag.py:3036} INFO - Sync 1 DAGs
[2024-02-14T09:58:22.193+0000] {logging_mixin.py:188} INFO - [2024-02-14T09:58:22.193+0000] {dag.py:3823} INFO - Setting next_dagrun for example_branch_dop_operator_v3 to 2024-02-14 09:57:00+00:00, run_after=2024-02-14 09:58:00+00:00
[2024-02-14T09:58:22.205+0000] {processor.py:183} INFO - Processing /home/airflow/.local/lib/python3.8/site-packages/airflow/example_dags/example_branch_python_dop_operator_3.py took 0.056 seconds
[2024-02-14T09:58:53.156+0000] {processor.py:161} INFO - Started process (PID=408) to work on /home/airflow/.local/lib/python3.8/site-packages/airflow/example_dags/example_branch_python_dop_operator_3.py
[2024-02-14T09:58:53.157+0000] {processor.py:830} INFO - Processing file /home/airflow/.local/lib/python3.8/site-packages/airflow/example_dags/example_branch_python_dop_operator_3.py for tasks to queue
[2024-02-14T09:58:53.159+0000] {logging_mixin.py:188} INFO - [2024-02-14T09:58:53.159+0000] {dagbag.py:538} INFO - Filling up the DagBag from /home/airflow/.local/lib/python3.8/site-packages/airflow/example_dags/example_branch_python_dop_operator_3.py
[2024-02-14T09:58:53.166+0000] {processor.py:840} INFO - DAG(s) 'example_branch_dop_operator_v3' retrieved from /home/airflow/.local/lib/python3.8/site-packages/airflow/example_dags/example_branch_python_dop_operator_3.py
[2024-02-14T09:58:53.180+0000] {logging_mixin.py:188} INFO - [2024-02-14T09:58:53.180+0000] {dag.py:3036} INFO - Sync 1 DAGs
[2024-02-14T09:58:53.196+0000] {logging_mixin.py:188} INFO - [2024-02-14T09:58:53.196+0000] {dag.py:3823} INFO - Setting next_dagrun for example_branch_dop_operator_v3 to 2024-02-14 09:57:00+00:00, run_after=2024-02-14 09:58:00+00:00
[2024-02-14T09:58:53.210+0000] {processor.py:183} INFO - Processing /home/airflow/.local/lib/python3.8/site-packages/airflow/example_dags/example_branch_python_dop_operator_3.py took 0.057 seconds
[2024-02-14T09:59:23.509+0000] {processor.py:161} INFO - Started process (PID=465) to work on /home/airflow/.local/lib/python3.8/site-packages/airflow/example_dags/example_branch_python_dop_operator_3.py
[2024-02-14T09:59:23.511+0000] {processor.py:830} INFO - Processing file /home/airflow/.local/lib/python3.8/site-packages/airflow/example_dags/example_branch_python_dop_operator_3.py for tasks to queue
[2024-02-14T09:59:23.513+0000] {logging_mixin.py:188} INFO - [2024-02-14T09:59:23.513+0000] {dagbag.py:538} INFO - Filling up the DagBag from /home/airflow/.local/lib/python3.8/site-packages/airflow/example_dags/example_branch_python_dop_operator_3.py
[2024-02-14T09:59:23.521+0000] {processor.py:840} INFO - DAG(s) 'example_branch_dop_operator_v3' retrieved from /home/airflow/.local/lib/python3.8/site-packages/airflow/example_dags/example_branch_python_dop_operator_3.py
[2024-02-14T09:59:23.537+0000] {logging_mixin.py:188} INFO - [2024-02-14T09:59:23.537+0000] {dag.py:3036} INFO - Sync 1 DAGs
[2024-02-14T09:59:23.553+0000] {logging_mixin.py:188} INFO - [2024-02-14T09:59:23.553+0000] {dag.py:3823} INFO - Setting next_dagrun for example_branch_dop_operator_v3 to 2024-02-14 09:58:00+00:00, run_after=2024-02-14 09:59:00+00:00
[2024-02-14T09:59:23.566+0000] {processor.py:183} INFO - Processing /home/airflow/.local/lib/python3.8/site-packages/airflow/example_dags/example_branch_python_dop_operator_3.py took 0.060 seconds
[2024-02-14T09:59:54.272+0000] {processor.py:161} INFO - Started process (PID=521) to work on /home/airflow/.local/lib/python3.8/site-packages/airflow/example_dags/example_branch_python_dop_operator_3.py
[2024-02-14T09:59:54.274+0000] {processor.py:830} INFO - Processing file /home/airflow/.local/lib/python3.8/site-packages/airflow/example_dags/example_branch_python_dop_operator_3.py for tasks to queue
[2024-02-14T09:59:54.276+0000] {logging_mixin.py:188} INFO - [2024-02-14T09:59:54.276+0000] {dagbag.py:538} INFO - Filling up the DagBag from /home/airflow/.local/lib/python3.8/site-packages/airflow/example_dags/example_branch_python_dop_operator_3.py
[2024-02-14T09:59:54.282+0000] {processor.py:840} INFO - DAG(s) 'example_branch_dop_operator_v3' retrieved from /home/airflow/.local/lib/python3.8/site-packages/airflow/example_dags/example_branch_python_dop_operator_3.py
[2024-02-14T09:59:54.302+0000] {logging_mixin.py:188} INFO - [2024-02-14T09:59:54.301+0000] {dag.py:3036} INFO - Sync 1 DAGs
[2024-02-14T09:59:54.318+0000] {logging_mixin.py:188} INFO - [2024-02-14T09:59:54.318+0000] {dag.py:3823} INFO - Setting next_dagrun for example_branch_dop_operator_v3 to 2024-02-14 09:58:00+00:00, run_after=2024-02-14 09:59:00+00:00
[2024-02-14T09:59:54.334+0000] {processor.py:183} INFO - Processing /home/airflow/.local/lib/python3.8/site-packages/airflow/example_dags/example_branch_python_dop_operator_3.py took 0.066 seconds
[2024-02-14T10:00:24.636+0000] {processor.py:161} INFO - Started process (PID=578) to work on /home/airflow/.local/lib/python3.8/site-packages/airflow/example_dags/example_branch_python_dop_operator_3.py
[2024-02-14T10:00:24.639+0000] {processor.py:830} INFO - Processing file /home/airflow/.local/lib/python3.8/site-packages/airflow/example_dags/example_branch_python_dop_operator_3.py for tasks to queue
[2024-02-14T10:00:24.642+0000] {logging_mixin.py:188} INFO - [2024-02-14T10:00:24.642+0000] {dagbag.py:538} INFO - Filling up the DagBag from /home/airflow/.local/lib/python3.8/site-packages/airflow/example_dags/example_branch_python_dop_operator_3.py
[2024-02-14T10:00:24.650+0000] {processor.py:840} INFO - DAG(s) 'example_branch_dop_operator_v3' retrieved from /home/airflow/.local/lib/python3.8/site-packages/airflow/example_dags/example_branch_python_dop_operator_3.py
[2024-02-14T10:00:24.669+0000] {logging_mixin.py:188} INFO - [2024-02-14T10:00:24.669+0000] {dag.py:3036} INFO - Sync 1 DAGs
[2024-02-14T10:00:24.690+0000] {logging_mixin.py:188} INFO - [2024-02-14T10:00:24.690+0000] {dag.py:3823} INFO - Setting next_dagrun for example_branch_dop_operator_v3 to 2024-02-14 09:59:00+00:00, run_after=2024-02-14 10:00:00+00:00
[2024-02-14T10:00:24.703+0000] {processor.py:183} INFO - Processing /home/airflow/.local/lib/python3.8/site-packages/airflow/example_dags/example_branch_python_dop_operator_3.py took 0.070 seconds
[2024-02-14T10:00:55.705+0000] {processor.py:161} INFO - Started process (PID=635) to work on /home/airflow/.local/lib/python3.8/site-packages/airflow/example_dags/example_branch_python_dop_operator_3.py
[2024-02-14T10:00:55.708+0000] {processor.py:830} INFO - Processing file /home/airflow/.local/lib/python3.8/site-packages/airflow/example_dags/example_branch_python_dop_operator_3.py for tasks to queue
[2024-02-14T10:00:55.712+0000] {logging_mixin.py:188} INFO - [2024-02-14T10:00:55.712+0000] {dagbag.py:538} INFO - Filling up the DagBag from /home/airflow/.local/lib/python3.8/site-packages/airflow/example_dags/example_branch_python_dop_operator_3.py
[2024-02-14T10:00:55.733+0000] {processor.py:840} INFO - DAG(s) 'example_branch_dop_operator_v3' retrieved from /home/airflow/.local/lib/python3.8/site-packages/airflow/example_dags/example_branch_python_dop_operator_3.py
[2024-02-14T10:00:55.758+0000] {logging_mixin.py:188} INFO - [2024-02-14T10:00:55.758+0000] {dag.py:3036} INFO - Sync 1 DAGs
[2024-02-14T10:00:55.787+0000] {logging_mixin.py:188} INFO - [2024-02-14T10:00:55.787+0000] {dag.py:3823} INFO - Setting next_dagrun for example_branch_dop_operator_v3 to 2024-02-14 09:59:00+00:00, run_after=2024-02-14 10:00:00+00:00
[2024-02-14T10:00:55.805+0000] {processor.py:183} INFO - Processing /home/airflow/.local/lib/python3.8/site-packages/airflow/example_dags/example_branch_python_dop_operator_3.py took 0.106 seconds
[2024-02-14T10:01:26.828+0000] {processor.py:161} INFO - Started process (PID=691) to work on /home/airflow/.local/lib/python3.8/site-packages/airflow/example_dags/example_branch_python_dop_operator_3.py
[2024-02-14T10:01:26.830+0000] {processor.py:830} INFO - Processing file /home/airflow/.local/lib/python3.8/site-packages/airflow/example_dags/example_branch_python_dop_operator_3.py for tasks to queue
[2024-02-14T10:01:26.833+0000] {logging_mixin.py:188} INFO - [2024-02-14T10:01:26.832+0000] {dagbag.py:538} INFO - Filling up the DagBag from /home/airflow/.local/lib/python3.8/site-packages/airflow/example_dags/example_branch_python_dop_operator_3.py
[2024-02-14T10:01:26.840+0000] {processor.py:840} INFO - DAG(s) 'example_branch_dop_operator_v3' retrieved from /home/airflow/.local/lib/python3.8/site-packages/airflow/example_dags/example_branch_python_dop_operator_3.py
[2024-02-14T10:01:26.856+0000] {logging_mixin.py:188} INFO - [2024-02-14T10:01:26.856+0000] {dag.py:3036} INFO - Sync 1 DAGs
[2024-02-14T10:01:26.887+0000] {logging_mixin.py:188} INFO - [2024-02-14T10:01:26.887+0000] {dag.py:3823} INFO - Setting next_dagrun for example_branch_dop_operator_v3 to 2024-02-14 10:00:00+00:00, run_after=2024-02-14 10:01:00+00:00
[2024-02-14T10:01:26.904+0000] {processor.py:183} INFO - Processing /home/airflow/.local/lib/python3.8/site-packages/airflow/example_dags/example_branch_python_dop_operator_3.py took 0.079 seconds
[2024-02-14T10:01:57.901+0000] {processor.py:161} INFO - Started process (PID=748) to work on /home/airflow/.local/lib/python3.8/site-packages/airflow/example_dags/example_branch_python_dop_operator_3.py
[2024-02-14T10:01:57.902+0000] {processor.py:830} INFO - Processing file /home/airflow/.local/lib/python3.8/site-packages/airflow/example_dags/example_branch_python_dop_operator_3.py for tasks to queue
[2024-02-14T10:01:57.904+0000] {logging_mixin.py:188} INFO - [2024-02-14T10:01:57.904+0000] {dagbag.py:538} INFO - Filling up the DagBag from /home/airflow/.local/lib/python3.8/site-packages/airflow/example_dags/example_branch_python_dop_operator_3.py
[2024-02-14T10:01:57.911+0000] {processor.py:840} INFO - DAG(s) 'example_branch_dop_operator_v3' retrieved from /home/airflow/.local/lib/python3.8/site-packages/airflow/example_dags/example_branch_python_dop_operator_3.py
[2024-02-14T10:01:57.926+0000] {logging_mixin.py:188} INFO - [2024-02-14T10:01:57.925+0000] {dag.py:3036} INFO - Sync 1 DAGs
[2024-02-14T10:01:57.944+0000] {logging_mixin.py:188} INFO - [2024-02-14T10:01:57.944+0000] {dag.py:3823} INFO - Setting next_dagrun for example_branch_dop_operator_v3 to 2024-02-14 10:00:00+00:00, run_after=2024-02-14 10:01:00+00:00
[2024-02-14T10:01:57.958+0000] {processor.py:183} INFO - Processing /home/airflow/.local/lib/python3.8/site-packages/airflow/example_dags/example_branch_python_dop_operator_3.py took 0.060 seconds
[2024-02-14T10:02:28.695+0000] {processor.py:161} INFO - Started process (PID=805) to work on /home/airflow/.local/lib/python3.8/site-packages/airflow/example_dags/example_branch_python_dop_operator_3.py
[2024-02-14T10:02:28.698+0000] {processor.py:830} INFO - Processing file /home/airflow/.local/lib/python3.8/site-packages/airflow/example_dags/example_branch_python_dop_operator_3.py for tasks to queue
[2024-02-14T10:02:28.700+0000] {logging_mixin.py:188} INFO - [2024-02-14T10:02:28.700+0000] {dagbag.py:538} INFO - Filling up the DagBag from /home/airflow/.local/lib/python3.8/site-packages/airflow/example_dags/example_branch_python_dop_operator_3.py
[2024-02-14T10:02:28.707+0000] {processor.py:840} INFO - DAG(s) 'example_branch_dop_operator_v3' retrieved from /home/airflow/.local/lib/python3.8/site-packages/airflow/example_dags/example_branch_python_dop_operator_3.py
[2024-02-14T10:02:28.722+0000] {logging_mixin.py:188} INFO - [2024-02-14T10:02:28.722+0000] {dag.py:3036} INFO - Sync 1 DAGs
[2024-02-14T10:02:28.738+0000] {logging_mixin.py:188} INFO - [2024-02-14T10:02:28.738+0000] {dag.py:3823} INFO - Setting next_dagrun for example_branch_dop_operator_v3 to 2024-02-14 10:01:00+00:00, run_after=2024-02-14 10:02:00+00:00
[2024-02-14T10:02:28.752+0000] {processor.py:183} INFO - Processing /home/airflow/.local/lib/python3.8/site-packages/airflow/example_dags/example_branch_python_dop_operator_3.py took 0.059 seconds
[2024-02-14T10:02:59.429+0000] {processor.py:161} INFO - Started process (PID=864) to work on /home/airflow/.local/lib/python3.8/site-packages/airflow/example_dags/example_branch_python_dop_operator_3.py
[2024-02-14T10:02:59.433+0000] {processor.py:830} INFO - Processing file /home/airflow/.local/lib/python3.8/site-packages/airflow/example_dags/example_branch_python_dop_operator_3.py for tasks to queue
[2024-02-14T10:02:59.435+0000] {logging_mixin.py:188} INFO - [2024-02-14T10:02:59.435+0000] {dagbag.py:538} INFO - Filling up the DagBag from /home/airflow/.local/lib/python3.8/site-packages/airflow/example_dags/example_branch_python_dop_operator_3.py
[2024-02-14T10:02:59.442+0000] {processor.py:840} INFO - DAG(s) 'example_branch_dop_operator_v3' retrieved from /home/airflow/.local/lib/python3.8/site-packages/airflow/example_dags/example_branch_python_dop_operator_3.py
[2024-02-14T10:02:59.459+0000] {logging_mixin.py:188} INFO - [2024-02-14T10:02:59.459+0000] {dag.py:3036} INFO - Sync 1 DAGs
[2024-02-14T10:02:59.477+0000] {logging_mixin.py:188} INFO - [2024-02-14T10:02:59.477+0000] {dag.py:3823} INFO - Setting next_dagrun for example_branch_dop_operator_v3 to 2024-02-14 10:01:00+00:00, run_after=2024-02-14 10:02:00+00:00
[2024-02-14T10:02:59.494+0000] {processor.py:183} INFO - Processing /home/airflow/.local/lib/python3.8/site-packages/airflow/example_dags/example_branch_python_dop_operator_3.py took 0.067 seconds
