[2024-02-14T09:34:18.705+0000] {processor.py:161} INFO - Started process (PID=57) to work on /home/airflow/.local/lib/python3.8/site-packages/airflow/example_dags/example_branch_operator.py
[2024-02-14T09:34:18.707+0000] {processor.py:830} INFO - Processing file /home/airflow/.local/lib/python3.8/site-packages/airflow/example_dags/example_branch_operator.py for tasks to queue
[2024-02-14T09:34:18.711+0000] {logging_mixin.py:188} INFO - [2024-02-14T09:34:18.711+0000] {dagbag.py:538} INFO - Filling up the DagBag from /home/airflow/.local/lib/python3.8/site-packages/airflow/example_dags/example_branch_operator.py
[2024-02-14T09:34:18.760+0000] {processor.py:840} INFO - DAG(s) 'example_branch_operator' retrieved from /home/airflow/.local/lib/python3.8/site-packages/airflow/example_dags/example_branch_operator.py
[2024-02-14T09:34:18.845+0000] {logging_mixin.py:188} INFO - [2024-02-14T09:34:18.844+0000] {dag.py:3036} INFO - Sync 1 DAGs
[2024-02-14T09:34:18.889+0000] {logging_mixin.py:188} INFO - [2024-02-14T09:34:18.888+0000] {dag.py:3823} INFO - Setting next_dagrun for example_branch_operator to 2024-02-13 00:00:00+00:00, run_after=2024-02-14 00:00:00+00:00
[2024-02-14T09:34:18.945+0000] {processor.py:183} INFO - Processing /home/airflow/.local/lib/python3.8/site-packages/airflow/example_dags/example_branch_operator.py took 0.248 seconds
[2024-02-14T09:34:49.303+0000] {processor.py:161} INFO - Started process (PID=114) to work on /home/airflow/.local/lib/python3.8/site-packages/airflow/example_dags/example_branch_operator.py
[2024-02-14T09:34:49.305+0000] {processor.py:830} INFO - Processing file /home/airflow/.local/lib/python3.8/site-packages/airflow/example_dags/example_branch_operator.py for tasks to queue
[2024-02-14T09:34:49.307+0000] {logging_mixin.py:188} INFO - [2024-02-14T09:34:49.307+0000] {dagbag.py:538} INFO - Filling up the DagBag from /home/airflow/.local/lib/python3.8/site-packages/airflow/example_dags/example_branch_operator.py
[2024-02-14T09:34:49.318+0000] {processor.py:840} INFO - DAG(s) 'example_branch_operator' retrieved from /home/airflow/.local/lib/python3.8/site-packages/airflow/example_dags/example_branch_operator.py
[2024-02-14T09:34:49.385+0000] {logging_mixin.py:188} INFO - [2024-02-14T09:34:49.385+0000] {dag.py:3036} INFO - Sync 1 DAGs
[2024-02-14T09:34:49.420+0000] {logging_mixin.py:188} INFO - [2024-02-14T09:34:49.419+0000] {dag.py:3823} INFO - Setting next_dagrun for example_branch_operator to 2024-02-13 00:00:00+00:00, run_after=2024-02-14 00:00:00+00:00
[2024-02-14T09:34:49.441+0000] {processor.py:183} INFO - Processing /home/airflow/.local/lib/python3.8/site-packages/airflow/example_dags/example_branch_operator.py took 0.141 seconds
[2024-02-14T09:35:19.822+0000] {processor.py:161} INFO - Started process (PID=172) to work on /home/airflow/.local/lib/python3.8/site-packages/airflow/example_dags/example_branch_operator.py
[2024-02-14T09:35:19.824+0000] {processor.py:830} INFO - Processing file /home/airflow/.local/lib/python3.8/site-packages/airflow/example_dags/example_branch_operator.py for tasks to queue
[2024-02-14T09:35:19.826+0000] {logging_mixin.py:188} INFO - [2024-02-14T09:35:19.825+0000] {dagbag.py:538} INFO - Filling up the DagBag from /home/airflow/.local/lib/python3.8/site-packages/airflow/example_dags/example_branch_operator.py
[2024-02-14T09:35:19.837+0000] {processor.py:840} INFO - DAG(s) 'example_branch_operator' retrieved from /home/airflow/.local/lib/python3.8/site-packages/airflow/example_dags/example_branch_operator.py
[2024-02-14T09:35:19.857+0000] {logging_mixin.py:188} INFO - [2024-02-14T09:35:19.856+0000] {dag.py:3036} INFO - Sync 1 DAGs
[2024-02-14T09:35:19.871+0000] {logging_mixin.py:188} INFO - [2024-02-14T09:35:19.871+0000] {dag.py:3823} INFO - Setting next_dagrun for example_branch_operator to 2024-02-13 00:00:00+00:00, run_after=2024-02-14 00:00:00+00:00
[2024-02-14T09:35:19.886+0000] {processor.py:183} INFO - Processing /home/airflow/.local/lib/python3.8/site-packages/airflow/example_dags/example_branch_operator.py took 0.067 seconds
[2024-02-14T09:35:50.210+0000] {processor.py:161} INFO - Started process (PID=228) to work on /home/airflow/.local/lib/python3.8/site-packages/airflow/example_dags/example_branch_operator.py
[2024-02-14T09:35:50.213+0000] {processor.py:830} INFO - Processing file /home/airflow/.local/lib/python3.8/site-packages/airflow/example_dags/example_branch_operator.py for tasks to queue
[2024-02-14T09:35:50.215+0000] {logging_mixin.py:188} INFO - [2024-02-14T09:35:50.215+0000] {dagbag.py:538} INFO - Filling up the DagBag from /home/airflow/.local/lib/python3.8/site-packages/airflow/example_dags/example_branch_operator.py
[2024-02-14T09:35:50.228+0000] {processor.py:840} INFO - DAG(s) 'example_branch_operator' retrieved from /home/airflow/.local/lib/python3.8/site-packages/airflow/example_dags/example_branch_operator.py
[2024-02-14T09:35:50.250+0000] {logging_mixin.py:188} INFO - [2024-02-14T09:35:50.249+0000] {dag.py:3036} INFO - Sync 1 DAGs
[2024-02-14T09:35:50.274+0000] {logging_mixin.py:188} INFO - [2024-02-14T09:35:50.274+0000] {dag.py:3823} INFO - Setting next_dagrun for example_branch_operator to 2024-02-13 00:00:00+00:00, run_after=2024-02-14 00:00:00+00:00
[2024-02-14T09:35:50.289+0000] {processor.py:183} INFO - Processing /home/airflow/.local/lib/python3.8/site-packages/airflow/example_dags/example_branch_operator.py took 0.082 seconds
[2024-02-14T09:36:21.060+0000] {processor.py:161} INFO - Started process (PID=283) to work on /home/airflow/.local/lib/python3.8/site-packages/airflow/example_dags/example_branch_operator.py
[2024-02-14T09:36:21.062+0000] {processor.py:830} INFO - Processing file /home/airflow/.local/lib/python3.8/site-packages/airflow/example_dags/example_branch_operator.py for tasks to queue
[2024-02-14T09:36:21.064+0000] {logging_mixin.py:188} INFO - [2024-02-14T09:36:21.064+0000] {dagbag.py:538} INFO - Filling up the DagBag from /home/airflow/.local/lib/python3.8/site-packages/airflow/example_dags/example_branch_operator.py
[2024-02-14T09:36:21.082+0000] {processor.py:840} INFO - DAG(s) 'example_branch_operator' retrieved from /home/airflow/.local/lib/python3.8/site-packages/airflow/example_dags/example_branch_operator.py
[2024-02-14T09:36:21.104+0000] {logging_mixin.py:188} INFO - [2024-02-14T09:36:21.104+0000] {dag.py:3036} INFO - Sync 1 DAGs
[2024-02-14T09:36:21.118+0000] {logging_mixin.py:188} INFO - [2024-02-14T09:36:21.118+0000] {dag.py:3823} INFO - Setting next_dagrun for example_branch_operator to 2024-02-13 00:00:00+00:00, run_after=2024-02-14 00:00:00+00:00
[2024-02-14T09:36:21.136+0000] {processor.py:183} INFO - Processing /home/airflow/.local/lib/python3.8/site-packages/airflow/example_dags/example_branch_operator.py took 0.079 seconds
[2024-02-14T09:36:51.274+0000] {processor.py:161} INFO - Started process (PID=339) to work on /home/airflow/.local/lib/python3.8/site-packages/airflow/example_dags/example_branch_operator.py
[2024-02-14T09:36:51.276+0000] {processor.py:830} INFO - Processing file /home/airflow/.local/lib/python3.8/site-packages/airflow/example_dags/example_branch_operator.py for tasks to queue
[2024-02-14T09:36:51.278+0000] {logging_mixin.py:188} INFO - [2024-02-14T09:36:51.278+0000] {dagbag.py:538} INFO - Filling up the DagBag from /home/airflow/.local/lib/python3.8/site-packages/airflow/example_dags/example_branch_operator.py
[2024-02-14T09:36:51.291+0000] {processor.py:840} INFO - DAG(s) 'example_branch_operator' retrieved from /home/airflow/.local/lib/python3.8/site-packages/airflow/example_dags/example_branch_operator.py
[2024-02-14T09:36:51.314+0000] {logging_mixin.py:188} INFO - [2024-02-14T09:36:51.313+0000] {dag.py:3036} INFO - Sync 1 DAGs
[2024-02-14T09:36:51.330+0000] {logging_mixin.py:188} INFO - [2024-02-14T09:36:51.329+0000] {dag.py:3823} INFO - Setting next_dagrun for example_branch_operator to 2024-02-13 00:00:00+00:00, run_after=2024-02-14 00:00:00+00:00
[2024-02-14T09:36:51.341+0000] {processor.py:183} INFO - Processing /home/airflow/.local/lib/python3.8/site-packages/airflow/example_dags/example_branch_operator.py took 0.071 seconds
[2024-02-14T09:37:21.721+0000] {processor.py:161} INFO - Started process (PID=398) to work on /home/airflow/.local/lib/python3.8/site-packages/airflow/example_dags/example_branch_operator.py
[2024-02-14T09:37:21.723+0000] {processor.py:830} INFO - Processing file /home/airflow/.local/lib/python3.8/site-packages/airflow/example_dags/example_branch_operator.py for tasks to queue
[2024-02-14T09:37:21.725+0000] {logging_mixin.py:188} INFO - [2024-02-14T09:37:21.725+0000] {dagbag.py:538} INFO - Filling up the DagBag from /home/airflow/.local/lib/python3.8/site-packages/airflow/example_dags/example_branch_operator.py
[2024-02-14T09:37:21.736+0000] {processor.py:840} INFO - DAG(s) 'example_branch_operator' retrieved from /home/airflow/.local/lib/python3.8/site-packages/airflow/example_dags/example_branch_operator.py
[2024-02-14T09:37:21.753+0000] {logging_mixin.py:188} INFO - [2024-02-14T09:37:21.753+0000] {dag.py:3036} INFO - Sync 1 DAGs
[2024-02-14T09:37:21.767+0000] {logging_mixin.py:188} INFO - [2024-02-14T09:37:21.767+0000] {dag.py:3823} INFO - Setting next_dagrun for example_branch_operator to 2024-02-13 00:00:00+00:00, run_after=2024-02-14 00:00:00+00:00
[2024-02-14T09:37:21.777+0000] {processor.py:183} INFO - Processing /home/airflow/.local/lib/python3.8/site-packages/airflow/example_dags/example_branch_operator.py took 0.059 seconds
[2024-02-14T09:37:52.049+0000] {processor.py:161} INFO - Started process (PID=454) to work on /home/airflow/.local/lib/python3.8/site-packages/airflow/example_dags/example_branch_operator.py
[2024-02-14T09:37:52.051+0000] {processor.py:830} INFO - Processing file /home/airflow/.local/lib/python3.8/site-packages/airflow/example_dags/example_branch_operator.py for tasks to queue
[2024-02-14T09:37:52.053+0000] {logging_mixin.py:188} INFO - [2024-02-14T09:37:52.052+0000] {dagbag.py:538} INFO - Filling up the DagBag from /home/airflow/.local/lib/python3.8/site-packages/airflow/example_dags/example_branch_operator.py
[2024-02-14T09:37:52.064+0000] {processor.py:840} INFO - DAG(s) 'example_branch_operator' retrieved from /home/airflow/.local/lib/python3.8/site-packages/airflow/example_dags/example_branch_operator.py
[2024-02-14T09:37:52.083+0000] {logging_mixin.py:188} INFO - [2024-02-14T09:37:52.083+0000] {dag.py:3036} INFO - Sync 1 DAGs
[2024-02-14T09:37:52.096+0000] {logging_mixin.py:188} INFO - [2024-02-14T09:37:52.096+0000] {dag.py:3823} INFO - Setting next_dagrun for example_branch_operator to 2024-02-13 00:00:00+00:00, run_after=2024-02-14 00:00:00+00:00
[2024-02-14T09:37:52.107+0000] {processor.py:183} INFO - Processing /home/airflow/.local/lib/python3.8/site-packages/airflow/example_dags/example_branch_operator.py took 0.061 seconds
[2024-02-14T09:38:22.235+0000] {processor.py:161} INFO - Started process (PID=512) to work on /home/airflow/.local/lib/python3.8/site-packages/airflow/example_dags/example_branch_operator.py
[2024-02-14T09:38:22.236+0000] {processor.py:830} INFO - Processing file /home/airflow/.local/lib/python3.8/site-packages/airflow/example_dags/example_branch_operator.py for tasks to queue
[2024-02-14T09:38:22.238+0000] {logging_mixin.py:188} INFO - [2024-02-14T09:38:22.238+0000] {dagbag.py:538} INFO - Filling up the DagBag from /home/airflow/.local/lib/python3.8/site-packages/airflow/example_dags/example_branch_operator.py
[2024-02-14T09:38:22.249+0000] {processor.py:840} INFO - DAG(s) 'example_branch_operator' retrieved from /home/airflow/.local/lib/python3.8/site-packages/airflow/example_dags/example_branch_operator.py
[2024-02-14T09:38:22.269+0000] {logging_mixin.py:188} INFO - [2024-02-14T09:38:22.269+0000] {dag.py:3036} INFO - Sync 1 DAGs
[2024-02-14T09:38:22.285+0000] {logging_mixin.py:188} INFO - [2024-02-14T09:38:22.285+0000] {dag.py:3823} INFO - Setting next_dagrun for example_branch_operator to 2024-02-13 00:00:00+00:00, run_after=2024-02-14 00:00:00+00:00
[2024-02-14T09:38:22.296+0000] {processor.py:183} INFO - Processing /home/airflow/.local/lib/python3.8/site-packages/airflow/example_dags/example_branch_operator.py took 0.064 seconds
[2024-02-14T09:38:53.031+0000] {processor.py:161} INFO - Started process (PID=569) to work on /home/airflow/.local/lib/python3.8/site-packages/airflow/example_dags/example_branch_operator.py
[2024-02-14T09:38:53.033+0000] {processor.py:830} INFO - Processing file /home/airflow/.local/lib/python3.8/site-packages/airflow/example_dags/example_branch_operator.py for tasks to queue
[2024-02-14T09:38:53.035+0000] {logging_mixin.py:188} INFO - [2024-02-14T09:38:53.035+0000] {dagbag.py:538} INFO - Filling up the DagBag from /home/airflow/.local/lib/python3.8/site-packages/airflow/example_dags/example_branch_operator.py
[2024-02-14T09:38:53.046+0000] {processor.py:840} INFO - DAG(s) 'example_branch_operator' retrieved from /home/airflow/.local/lib/python3.8/site-packages/airflow/example_dags/example_branch_operator.py
[2024-02-14T09:38:53.064+0000] {logging_mixin.py:188} INFO - [2024-02-14T09:38:53.064+0000] {dag.py:3036} INFO - Sync 1 DAGs
[2024-02-14T09:38:53.079+0000] {logging_mixin.py:188} INFO - [2024-02-14T09:38:53.079+0000] {dag.py:3823} INFO - Setting next_dagrun for example_branch_operator to 2024-02-13 00:00:00+00:00, run_after=2024-02-14 00:00:00+00:00
[2024-02-14T09:38:53.093+0000] {processor.py:183} INFO - Processing /home/airflow/.local/lib/python3.8/site-packages/airflow/example_dags/example_branch_operator.py took 0.065 seconds
[2024-02-14T09:43:48.471+0000] {processor.py:161} INFO - Started process (PID=53) to work on /home/airflow/.local/lib/python3.8/site-packages/airflow/example_dags/example_branch_operator.py
[2024-02-14T09:43:48.475+0000] {processor.py:830} INFO - Processing file /home/airflow/.local/lib/python3.8/site-packages/airflow/example_dags/example_branch_operator.py for tasks to queue
[2024-02-14T09:43:48.479+0000] {logging_mixin.py:188} INFO - [2024-02-14T09:43:48.479+0000] {dagbag.py:538} INFO - Filling up the DagBag from /home/airflow/.local/lib/python3.8/site-packages/airflow/example_dags/example_branch_operator.py
[2024-02-14T09:43:48.504+0000] {processor.py:840} INFO - DAG(s) 'example_branch_operator' retrieved from /home/airflow/.local/lib/python3.8/site-packages/airflow/example_dags/example_branch_operator.py
[2024-02-14T09:43:48.530+0000] {logging_mixin.py:188} INFO - [2024-02-14T09:43:48.530+0000] {dag.py:3036} INFO - Sync 1 DAGs
[2024-02-14T09:43:48.553+0000] {logging_mixin.py:188} INFO - [2024-02-14T09:43:48.552+0000] {dag.py:3823} INFO - Setting next_dagrun for example_branch_operator to 2024-02-13 00:00:00+00:00, run_after=2024-02-14 00:00:00+00:00
[2024-02-14T09:43:48.569+0000] {processor.py:183} INFO - Processing /home/airflow/.local/lib/python3.8/site-packages/airflow/example_dags/example_branch_operator.py took 0.108 seconds
[2024-02-14T09:46:37.449+0000] {processor.py:161} INFO - Started process (PID=52) to work on /home/airflow/.local/lib/python3.8/site-packages/airflow/example_dags/example_branch_operator.py
[2024-02-14T09:46:37.450+0000] {processor.py:830} INFO - Processing file /home/airflow/.local/lib/python3.8/site-packages/airflow/example_dags/example_branch_operator.py for tasks to queue
[2024-02-14T09:46:37.455+0000] {logging_mixin.py:188} INFO - [2024-02-14T09:46:37.454+0000] {dagbag.py:538} INFO - Filling up the DagBag from /home/airflow/.local/lib/python3.8/site-packages/airflow/example_dags/example_branch_operator.py
[2024-02-14T09:46:37.470+0000] {processor.py:840} INFO - DAG(s) 'example_branch_operator' retrieved from /home/airflow/.local/lib/python3.8/site-packages/airflow/example_dags/example_branch_operator.py
[2024-02-14T09:46:37.542+0000] {logging_mixin.py:188} INFO - [2024-02-14T09:46:37.542+0000] {override.py:1769} INFO - Created Permission View: can edit on DAG:example_branch_operator
[2024-02-14T09:46:37.549+0000] {logging_mixin.py:188} INFO - [2024-02-14T09:46:37.549+0000] {override.py:1769} INFO - Created Permission View: can read on DAG:example_branch_operator
[2024-02-14T09:46:37.554+0000] {logging_mixin.py:188} INFO - [2024-02-14T09:46:37.554+0000] {override.py:1769} INFO - Created Permission View: can delete on DAG:example_branch_operator
[2024-02-14T09:46:37.555+0000] {logging_mixin.py:188} INFO - [2024-02-14T09:46:37.555+0000] {dag.py:3036} INFO - Sync 1 DAGs
[2024-02-14T09:46:37.570+0000] {logging_mixin.py:188} INFO - [2024-02-14T09:46:37.570+0000] {dag.py:3058} INFO - Creating ORM DAG for example_branch_operator
[2024-02-14T09:46:37.581+0000] {logging_mixin.py:188} INFO - [2024-02-14T09:46:37.580+0000] {dag.py:3823} INFO - Setting next_dagrun for example_branch_operator to 2024-02-13 00:00:00+00:00, run_after=2024-02-14 00:00:00+00:00
[2024-02-14T09:46:37.595+0000] {processor.py:183} INFO - Processing /home/airflow/.local/lib/python3.8/site-packages/airflow/example_dags/example_branch_operator.py took 0.149 seconds
[2024-02-14T09:47:07.862+0000] {processor.py:161} INFO - Started process (PID=107) to work on /home/airflow/.local/lib/python3.8/site-packages/airflow/example_dags/example_branch_operator.py
[2024-02-14T09:47:07.864+0000] {processor.py:830} INFO - Processing file /home/airflow/.local/lib/python3.8/site-packages/airflow/example_dags/example_branch_operator.py for tasks to queue
[2024-02-14T09:47:07.865+0000] {logging_mixin.py:188} INFO - [2024-02-14T09:47:07.865+0000] {dagbag.py:538} INFO - Filling up the DagBag from /home/airflow/.local/lib/python3.8/site-packages/airflow/example_dags/example_branch_operator.py
[2024-02-14T09:47:07.875+0000] {processor.py:840} INFO - DAG(s) 'example_branch_operator' retrieved from /home/airflow/.local/lib/python3.8/site-packages/airflow/example_dags/example_branch_operator.py
[2024-02-14T09:47:07.892+0000] {logging_mixin.py:188} INFO - [2024-02-14T09:47:07.892+0000] {dag.py:3036} INFO - Sync 1 DAGs
[2024-02-14T09:47:07.904+0000] {logging_mixin.py:188} INFO - [2024-02-14T09:47:07.904+0000] {dag.py:3823} INFO - Setting next_dagrun for example_branch_operator to 2024-02-13 00:00:00+00:00, run_after=2024-02-14 00:00:00+00:00
[2024-02-14T09:47:07.913+0000] {processor.py:183} INFO - Processing /home/airflow/.local/lib/python3.8/site-packages/airflow/example_dags/example_branch_operator.py took 0.053 seconds
[2024-02-14T09:47:38.697+0000] {processor.py:161} INFO - Started process (PID=165) to work on /home/airflow/.local/lib/python3.8/site-packages/airflow/example_dags/example_branch_operator.py
[2024-02-14T09:47:38.703+0000] {processor.py:830} INFO - Processing file /home/airflow/.local/lib/python3.8/site-packages/airflow/example_dags/example_branch_operator.py for tasks to queue
[2024-02-14T09:47:38.707+0000] {logging_mixin.py:188} INFO - [2024-02-14T09:47:38.706+0000] {dagbag.py:538} INFO - Filling up the DagBag from /home/airflow/.local/lib/python3.8/site-packages/airflow/example_dags/example_branch_operator.py
[2024-02-14T09:47:38.722+0000] {processor.py:840} INFO - DAG(s) 'example_branch_operator' retrieved from /home/airflow/.local/lib/python3.8/site-packages/airflow/example_dags/example_branch_operator.py
[2024-02-14T09:47:38.750+0000] {logging_mixin.py:188} INFO - [2024-02-14T09:47:38.749+0000] {dag.py:3036} INFO - Sync 1 DAGs
[2024-02-14T09:47:38.772+0000] {logging_mixin.py:188} INFO - [2024-02-14T09:47:38.771+0000] {dag.py:3823} INFO - Setting next_dagrun for example_branch_operator to 2024-02-13 00:00:00+00:00, run_after=2024-02-14 00:00:00+00:00
[2024-02-14T09:47:38.788+0000] {processor.py:183} INFO - Processing /home/airflow/.local/lib/python3.8/site-packages/airflow/example_dags/example_branch_operator.py took 0.098 seconds
[2024-02-14T09:48:09.621+0000] {processor.py:161} INFO - Started process (PID=223) to work on /home/airflow/.local/lib/python3.8/site-packages/airflow/example_dags/example_branch_operator.py
[2024-02-14T09:48:09.624+0000] {processor.py:830} INFO - Processing file /home/airflow/.local/lib/python3.8/site-packages/airflow/example_dags/example_branch_operator.py for tasks to queue
[2024-02-14T09:48:09.628+0000] {logging_mixin.py:188} INFO - [2024-02-14T09:48:09.627+0000] {dagbag.py:538} INFO - Filling up the DagBag from /home/airflow/.local/lib/python3.8/site-packages/airflow/example_dags/example_branch_operator.py
[2024-02-14T09:48:09.649+0000] {processor.py:840} INFO - DAG(s) 'example_branch_operator' retrieved from /home/airflow/.local/lib/python3.8/site-packages/airflow/example_dags/example_branch_operator.py
[2024-02-14T09:48:09.682+0000] {logging_mixin.py:188} INFO - [2024-02-14T09:48:09.682+0000] {dag.py:3036} INFO - Sync 1 DAGs
[2024-02-14T09:48:09.701+0000] {logging_mixin.py:188} INFO - [2024-02-14T09:48:09.700+0000] {dag.py:3823} INFO - Setting next_dagrun for example_branch_operator to 2024-02-13 00:00:00+00:00, run_after=2024-02-14 00:00:00+00:00
[2024-02-14T09:48:09.715+0000] {processor.py:183} INFO - Processing /home/airflow/.local/lib/python3.8/site-packages/airflow/example_dags/example_branch_operator.py took 0.097 seconds
[2024-02-14T09:48:40.341+0000] {processor.py:161} INFO - Started process (PID=283) to work on /home/airflow/.local/lib/python3.8/site-packages/airflow/example_dags/example_branch_operator.py
[2024-02-14T09:48:40.343+0000] {processor.py:830} INFO - Processing file /home/airflow/.local/lib/python3.8/site-packages/airflow/example_dags/example_branch_operator.py for tasks to queue
[2024-02-14T09:48:40.346+0000] {logging_mixin.py:188} INFO - [2024-02-14T09:48:40.346+0000] {dagbag.py:538} INFO - Filling up the DagBag from /home/airflow/.local/lib/python3.8/site-packages/airflow/example_dags/example_branch_operator.py
[2024-02-14T09:48:40.361+0000] {processor.py:840} INFO - DAG(s) 'example_branch_operator' retrieved from /home/airflow/.local/lib/python3.8/site-packages/airflow/example_dags/example_branch_operator.py
[2024-02-14T09:48:40.383+0000] {logging_mixin.py:188} INFO - [2024-02-14T09:48:40.383+0000] {dag.py:3036} INFO - Sync 1 DAGs
[2024-02-14T09:48:40.398+0000] {logging_mixin.py:188} INFO - [2024-02-14T09:48:40.398+0000] {dag.py:3823} INFO - Setting next_dagrun for example_branch_operator to 2024-02-13 00:00:00+00:00, run_after=2024-02-14 00:00:00+00:00
[2024-02-14T09:48:40.413+0000] {processor.py:183} INFO - Processing /home/airflow/.local/lib/python3.8/site-packages/airflow/example_dags/example_branch_operator.py took 0.075 seconds
[2024-02-14T09:49:11.049+0000] {processor.py:161} INFO - Started process (PID=339) to work on /home/airflow/.local/lib/python3.8/site-packages/airflow/example_dags/example_branch_operator.py
[2024-02-14T09:49:11.050+0000] {processor.py:830} INFO - Processing file /home/airflow/.local/lib/python3.8/site-packages/airflow/example_dags/example_branch_operator.py for tasks to queue
[2024-02-14T09:49:11.052+0000] {logging_mixin.py:188} INFO - [2024-02-14T09:49:11.052+0000] {dagbag.py:538} INFO - Filling up the DagBag from /home/airflow/.local/lib/python3.8/site-packages/airflow/example_dags/example_branch_operator.py
[2024-02-14T09:49:11.062+0000] {processor.py:840} INFO - DAG(s) 'example_branch_operator' retrieved from /home/airflow/.local/lib/python3.8/site-packages/airflow/example_dags/example_branch_operator.py
[2024-02-14T09:49:11.080+0000] {logging_mixin.py:188} INFO - [2024-02-14T09:49:11.080+0000] {dag.py:3036} INFO - Sync 1 DAGs
[2024-02-14T09:49:11.093+0000] {logging_mixin.py:188} INFO - [2024-02-14T09:49:11.093+0000] {dag.py:3823} INFO - Setting next_dagrun for example_branch_operator to 2024-02-13 00:00:00+00:00, run_after=2024-02-14 00:00:00+00:00
[2024-02-14T09:49:11.105+0000] {processor.py:183} INFO - Processing /home/airflow/.local/lib/python3.8/site-packages/airflow/example_dags/example_branch_operator.py took 0.058 seconds
[2024-02-14T09:49:41.964+0000] {processor.py:161} INFO - Started process (PID=395) to work on /home/airflow/.local/lib/python3.8/site-packages/airflow/example_dags/example_branch_operator.py
[2024-02-14T09:49:41.967+0000] {processor.py:830} INFO - Processing file /home/airflow/.local/lib/python3.8/site-packages/airflow/example_dags/example_branch_operator.py for tasks to queue
[2024-02-14T09:49:41.969+0000] {logging_mixin.py:188} INFO - [2024-02-14T09:49:41.969+0000] {dagbag.py:538} INFO - Filling up the DagBag from /home/airflow/.local/lib/python3.8/site-packages/airflow/example_dags/example_branch_operator.py
[2024-02-14T09:49:41.981+0000] {processor.py:840} INFO - DAG(s) 'example_branch_operator' retrieved from /home/airflow/.local/lib/python3.8/site-packages/airflow/example_dags/example_branch_operator.py
[2024-02-14T09:49:41.999+0000] {logging_mixin.py:188} INFO - [2024-02-14T09:49:41.999+0000] {dag.py:3036} INFO - Sync 1 DAGs
[2024-02-14T09:49:42.013+0000] {logging_mixin.py:188} INFO - [2024-02-14T09:49:42.013+0000] {dag.py:3823} INFO - Setting next_dagrun for example_branch_operator to 2024-02-13 00:00:00+00:00, run_after=2024-02-14 00:00:00+00:00
[2024-02-14T09:49:42.026+0000] {processor.py:183} INFO - Processing /home/airflow/.local/lib/python3.8/site-packages/airflow/example_dags/example_branch_operator.py took 0.064 seconds
[2024-02-14T09:50:12.535+0000] {processor.py:161} INFO - Started process (PID=453) to work on /home/airflow/.local/lib/python3.8/site-packages/airflow/example_dags/example_branch_operator.py
[2024-02-14T09:50:12.539+0000] {processor.py:830} INFO - Processing file /home/airflow/.local/lib/python3.8/site-packages/airflow/example_dags/example_branch_operator.py for tasks to queue
[2024-02-14T09:50:12.545+0000] {logging_mixin.py:188} INFO - [2024-02-14T09:50:12.544+0000] {dagbag.py:538} INFO - Filling up the DagBag from /home/airflow/.local/lib/python3.8/site-packages/airflow/example_dags/example_branch_operator.py
[2024-02-14T09:50:12.564+0000] {processor.py:840} INFO - DAG(s) 'example_branch_operator' retrieved from /home/airflow/.local/lib/python3.8/site-packages/airflow/example_dags/example_branch_operator.py
[2024-02-14T09:50:12.591+0000] {logging_mixin.py:188} INFO - [2024-02-14T09:50:12.591+0000] {dag.py:3036} INFO - Sync 1 DAGs
[2024-02-14T09:50:12.605+0000] {logging_mixin.py:188} INFO - [2024-02-14T09:50:12.605+0000] {dag.py:3823} INFO - Setting next_dagrun for example_branch_operator to 2024-02-13 00:00:00+00:00, run_after=2024-02-14 00:00:00+00:00
[2024-02-14T09:50:12.618+0000] {processor.py:183} INFO - Processing /home/airflow/.local/lib/python3.8/site-packages/airflow/example_dags/example_branch_operator.py took 0.086 seconds
[2024-02-14T09:50:42.835+0000] {processor.py:161} INFO - Started process (PID=509) to work on /home/airflow/.local/lib/python3.8/site-packages/airflow/example_dags/example_branch_operator.py
[2024-02-14T09:50:42.836+0000] {processor.py:830} INFO - Processing file /home/airflow/.local/lib/python3.8/site-packages/airflow/example_dags/example_branch_operator.py for tasks to queue
[2024-02-14T09:50:42.838+0000] {logging_mixin.py:188} INFO - [2024-02-14T09:50:42.838+0000] {dagbag.py:538} INFO - Filling up the DagBag from /home/airflow/.local/lib/python3.8/site-packages/airflow/example_dags/example_branch_operator.py
[2024-02-14T09:50:42.848+0000] {processor.py:840} INFO - DAG(s) 'example_branch_operator' retrieved from /home/airflow/.local/lib/python3.8/site-packages/airflow/example_dags/example_branch_operator.py
[2024-02-14T09:50:42.867+0000] {logging_mixin.py:188} INFO - [2024-02-14T09:50:42.867+0000] {dag.py:3036} INFO - Sync 1 DAGs
[2024-02-14T09:50:42.881+0000] {logging_mixin.py:188} INFO - [2024-02-14T09:50:42.881+0000] {dag.py:3823} INFO - Setting next_dagrun for example_branch_operator to 2024-02-13 00:00:00+00:00, run_after=2024-02-14 00:00:00+00:00
[2024-02-14T09:50:42.892+0000] {processor.py:183} INFO - Processing /home/airflow/.local/lib/python3.8/site-packages/airflow/example_dags/example_branch_operator.py took 0.060 seconds
[2024-02-14T09:51:13.198+0000] {processor.py:161} INFO - Started process (PID=565) to work on /home/airflow/.local/lib/python3.8/site-packages/airflow/example_dags/example_branch_operator.py
[2024-02-14T09:51:13.200+0000] {processor.py:830} INFO - Processing file /home/airflow/.local/lib/python3.8/site-packages/airflow/example_dags/example_branch_operator.py for tasks to queue
[2024-02-14T09:51:13.202+0000] {logging_mixin.py:188} INFO - [2024-02-14T09:51:13.202+0000] {dagbag.py:538} INFO - Filling up the DagBag from /home/airflow/.local/lib/python3.8/site-packages/airflow/example_dags/example_branch_operator.py
[2024-02-14T09:51:13.214+0000] {processor.py:840} INFO - DAG(s) 'example_branch_operator' retrieved from /home/airflow/.local/lib/python3.8/site-packages/airflow/example_dags/example_branch_operator.py
[2024-02-14T09:51:13.248+0000] {logging_mixin.py:188} INFO - [2024-02-14T09:51:13.248+0000] {dag.py:3036} INFO - Sync 1 DAGs
[2024-02-14T09:51:13.264+0000] {logging_mixin.py:188} INFO - [2024-02-14T09:51:13.264+0000] {dag.py:3823} INFO - Setting next_dagrun for example_branch_operator to 2024-02-13 00:00:00+00:00, run_after=2024-02-14 00:00:00+00:00
[2024-02-14T09:51:13.277+0000] {processor.py:183} INFO - Processing /home/airflow/.local/lib/python3.8/site-packages/airflow/example_dags/example_branch_operator.py took 0.081 seconds
[2024-02-14T09:51:43.537+0000] {processor.py:161} INFO - Started process (PID=623) to work on /home/airflow/.local/lib/python3.8/site-packages/airflow/example_dags/example_branch_operator.py
[2024-02-14T09:51:43.539+0000] {processor.py:830} INFO - Processing file /home/airflow/.local/lib/python3.8/site-packages/airflow/example_dags/example_branch_operator.py for tasks to queue
[2024-02-14T09:51:43.541+0000] {logging_mixin.py:188} INFO - [2024-02-14T09:51:43.540+0000] {dagbag.py:538} INFO - Filling up the DagBag from /home/airflow/.local/lib/python3.8/site-packages/airflow/example_dags/example_branch_operator.py
[2024-02-14T09:51:43.552+0000] {processor.py:840} INFO - DAG(s) 'example_branch_operator' retrieved from /home/airflow/.local/lib/python3.8/site-packages/airflow/example_dags/example_branch_operator.py
[2024-02-14T09:51:43.571+0000] {logging_mixin.py:188} INFO - [2024-02-14T09:51:43.570+0000] {dag.py:3036} INFO - Sync 1 DAGs
[2024-02-14T09:51:43.585+0000] {logging_mixin.py:188} INFO - [2024-02-14T09:51:43.584+0000] {dag.py:3823} INFO - Setting next_dagrun for example_branch_operator to 2024-02-13 00:00:00+00:00, run_after=2024-02-14 00:00:00+00:00
[2024-02-14T09:51:43.598+0000] {processor.py:183} INFO - Processing /home/airflow/.local/lib/python3.8/site-packages/airflow/example_dags/example_branch_operator.py took 0.063 seconds
[2024-02-14T09:52:14.166+0000] {processor.py:161} INFO - Started process (PID=680) to work on /home/airflow/.local/lib/python3.8/site-packages/airflow/example_dags/example_branch_operator.py
[2024-02-14T09:52:14.168+0000] {processor.py:830} INFO - Processing file /home/airflow/.local/lib/python3.8/site-packages/airflow/example_dags/example_branch_operator.py for tasks to queue
[2024-02-14T09:52:14.170+0000] {logging_mixin.py:188} INFO - [2024-02-14T09:52:14.169+0000] {dagbag.py:538} INFO - Filling up the DagBag from /home/airflow/.local/lib/python3.8/site-packages/airflow/example_dags/example_branch_operator.py
[2024-02-14T09:52:14.180+0000] {processor.py:840} INFO - DAG(s) 'example_branch_operator' retrieved from /home/airflow/.local/lib/python3.8/site-packages/airflow/example_dags/example_branch_operator.py
[2024-02-14T09:52:14.198+0000] {logging_mixin.py:188} INFO - [2024-02-14T09:52:14.197+0000] {dag.py:3036} INFO - Sync 1 DAGs
[2024-02-14T09:52:14.212+0000] {logging_mixin.py:188} INFO - [2024-02-14T09:52:14.211+0000] {dag.py:3823} INFO - Setting next_dagrun for example_branch_operator to 2024-02-13 00:00:00+00:00, run_after=2024-02-14 00:00:00+00:00
[2024-02-14T09:52:14.224+0000] {processor.py:183} INFO - Processing /home/airflow/.local/lib/python3.8/site-packages/airflow/example_dags/example_branch_operator.py took 0.060 seconds
[2024-02-14T09:52:44.619+0000] {processor.py:161} INFO - Started process (PID=736) to work on /home/airflow/.local/lib/python3.8/site-packages/airflow/example_dags/example_branch_operator.py
[2024-02-14T09:52:44.621+0000] {processor.py:830} INFO - Processing file /home/airflow/.local/lib/python3.8/site-packages/airflow/example_dags/example_branch_operator.py for tasks to queue
[2024-02-14T09:52:44.623+0000] {logging_mixin.py:188} INFO - [2024-02-14T09:52:44.623+0000] {dagbag.py:538} INFO - Filling up the DagBag from /home/airflow/.local/lib/python3.8/site-packages/airflow/example_dags/example_branch_operator.py
[2024-02-14T09:52:44.635+0000] {processor.py:840} INFO - DAG(s) 'example_branch_operator' retrieved from /home/airflow/.local/lib/python3.8/site-packages/airflow/example_dags/example_branch_operator.py
[2024-02-14T09:52:44.655+0000] {logging_mixin.py:188} INFO - [2024-02-14T09:52:44.655+0000] {dag.py:3036} INFO - Sync 1 DAGs
[2024-02-14T09:52:44.672+0000] {logging_mixin.py:188} INFO - [2024-02-14T09:52:44.672+0000] {dag.py:3823} INFO - Setting next_dagrun for example_branch_operator to 2024-02-13 00:00:00+00:00, run_after=2024-02-14 00:00:00+00:00
[2024-02-14T09:52:44.688+0000] {processor.py:183} INFO - Processing /home/airflow/.local/lib/python3.8/site-packages/airflow/example_dags/example_branch_operator.py took 0.072 seconds
[2024-02-14T09:53:38.046+0000] {processor.py:161} INFO - Started process (PID=57) to work on /home/airflow/.local/lib/python3.8/site-packages/airflow/example_dags/example_branch_operator.py
[2024-02-14T09:53:38.048+0000] {processor.py:830} INFO - Processing file /home/airflow/.local/lib/python3.8/site-packages/airflow/example_dags/example_branch_operator.py for tasks to queue
[2024-02-14T09:53:38.050+0000] {logging_mixin.py:188} INFO - [2024-02-14T09:53:38.050+0000] {dagbag.py:538} INFO - Filling up the DagBag from /home/airflow/.local/lib/python3.8/site-packages/airflow/example_dags/example_branch_operator.py
[2024-02-14T09:53:38.068+0000] {processor.py:840} INFO - DAG(s) 'example_branch_operator' retrieved from /home/airflow/.local/lib/python3.8/site-packages/airflow/example_dags/example_branch_operator.py
[2024-02-14T09:53:38.082+0000] {logging_mixin.py:188} INFO - [2024-02-14T09:53:38.082+0000] {dag.py:3036} INFO - Sync 1 DAGs
[2024-02-14T09:53:38.121+0000] {logging_mixin.py:188} INFO - [2024-02-14T09:53:38.121+0000] {dag.py:3823} INFO - Setting next_dagrun for example_branch_operator to 2024-02-13 00:00:00+00:00, run_after=2024-02-14 00:00:00+00:00
[2024-02-14T09:53:38.142+0000] {processor.py:183} INFO - Processing /home/airflow/.local/lib/python3.8/site-packages/airflow/example_dags/example_branch_operator.py took 0.100 seconds
[2024-02-14T09:54:09.294+0000] {processor.py:161} INFO - Started process (PID=113) to work on /home/airflow/.local/lib/python3.8/site-packages/airflow/example_dags/example_branch_operator.py
[2024-02-14T09:54:09.296+0000] {processor.py:830} INFO - Processing file /home/airflow/.local/lib/python3.8/site-packages/airflow/example_dags/example_branch_operator.py for tasks to queue
[2024-02-14T09:54:09.298+0000] {logging_mixin.py:188} INFO - [2024-02-14T09:54:09.298+0000] {dagbag.py:538} INFO - Filling up the DagBag from /home/airflow/.local/lib/python3.8/site-packages/airflow/example_dags/example_branch_operator.py
[2024-02-14T09:54:09.312+0000] {processor.py:840} INFO - DAG(s) 'example_branch_operator' retrieved from /home/airflow/.local/lib/python3.8/site-packages/airflow/example_dags/example_branch_operator.py
[2024-02-14T09:54:09.506+0000] {logging_mixin.py:188} INFO - [2024-02-14T09:54:09.505+0000] {dag.py:3036} INFO - Sync 1 DAGs
[2024-02-14T09:54:09.557+0000] {logging_mixin.py:188} INFO - [2024-02-14T09:54:09.556+0000] {dag.py:3823} INFO - Setting next_dagrun for example_branch_operator to 2024-02-13 00:00:00+00:00, run_after=2024-02-14 00:00:00+00:00
[2024-02-14T09:54:09.593+0000] {processor.py:183} INFO - Processing /home/airflow/.local/lib/python3.8/site-packages/airflow/example_dags/example_branch_operator.py took 0.302 seconds
[2024-02-14T09:54:40.444+0000] {processor.py:161} INFO - Started process (PID=170) to work on /home/airflow/.local/lib/python3.8/site-packages/airflow/example_dags/example_branch_operator.py
[2024-02-14T09:54:40.446+0000] {processor.py:830} INFO - Processing file /home/airflow/.local/lib/python3.8/site-packages/airflow/example_dags/example_branch_operator.py for tasks to queue
[2024-02-14T09:54:40.449+0000] {logging_mixin.py:188} INFO - [2024-02-14T09:54:40.448+0000] {dagbag.py:538} INFO - Filling up the DagBag from /home/airflow/.local/lib/python3.8/site-packages/airflow/example_dags/example_branch_operator.py
[2024-02-14T09:54:40.471+0000] {processor.py:840} INFO - DAG(s) 'example_branch_operator' retrieved from /home/airflow/.local/lib/python3.8/site-packages/airflow/example_dags/example_branch_operator.py
[2024-02-14T09:54:40.490+0000] {logging_mixin.py:188} INFO - [2024-02-14T09:54:40.490+0000] {dag.py:3036} INFO - Sync 1 DAGs
[2024-02-14T09:54:40.505+0000] {logging_mixin.py:188} INFO - [2024-02-14T09:54:40.505+0000] {dag.py:3823} INFO - Setting next_dagrun for example_branch_operator to 2024-02-13 00:00:00+00:00, run_after=2024-02-14 00:00:00+00:00
[2024-02-14T09:54:40.515+0000] {processor.py:183} INFO - Processing /home/airflow/.local/lib/python3.8/site-packages/airflow/example_dags/example_branch_operator.py took 0.075 seconds
[2024-02-14T09:55:49.505+0000] {processor.py:161} INFO - Started process (PID=54) to work on /home/airflow/.local/lib/python3.8/site-packages/airflow/example_dags/example_branch_operator.py
[2024-02-14T09:55:49.508+0000] {processor.py:830} INFO - Processing file /home/airflow/.local/lib/python3.8/site-packages/airflow/example_dags/example_branch_operator.py for tasks to queue
[2024-02-14T09:55:49.513+0000] {logging_mixin.py:188} INFO - [2024-02-14T09:55:49.511+0000] {dagbag.py:538} INFO - Filling up the DagBag from /home/airflow/.local/lib/python3.8/site-packages/airflow/example_dags/example_branch_operator.py
[2024-02-14T09:55:49.537+0000] {processor.py:840} INFO - DAG(s) 'example_branch_operator' retrieved from /home/airflow/.local/lib/python3.8/site-packages/airflow/example_dags/example_branch_operator.py
[2024-02-14T09:55:49.551+0000] {logging_mixin.py:188} INFO - [2024-02-14T09:55:49.551+0000] {dag.py:3036} INFO - Sync 1 DAGs
[2024-02-14T09:55:49.578+0000] {logging_mixin.py:188} INFO - [2024-02-14T09:55:49.578+0000] {dag.py:3823} INFO - Setting next_dagrun for example_branch_operator to 2024-02-13 00:00:00+00:00, run_after=2024-02-14 00:00:00+00:00
[2024-02-14T09:55:49.617+0000] {processor.py:183} INFO - Processing /home/airflow/.local/lib/python3.8/site-packages/airflow/example_dags/example_branch_operator.py took 0.117 seconds
[2024-02-14T09:56:19.747+0000] {processor.py:161} INFO - Started process (PID=116) to work on /home/airflow/.local/lib/python3.8/site-packages/airflow/example_dags/example_branch_operator.py
[2024-02-14T09:56:19.749+0000] {processor.py:830} INFO - Processing file /home/airflow/.local/lib/python3.8/site-packages/airflow/example_dags/example_branch_operator.py for tasks to queue
[2024-02-14T09:56:19.752+0000] {logging_mixin.py:188} INFO - [2024-02-14T09:56:19.751+0000] {dagbag.py:538} INFO - Filling up the DagBag from /home/airflow/.local/lib/python3.8/site-packages/airflow/example_dags/example_branch_operator.py
[2024-02-14T09:56:19.762+0000] {processor.py:840} INFO - DAG(s) 'example_branch_operator' retrieved from /home/airflow/.local/lib/python3.8/site-packages/airflow/example_dags/example_branch_operator.py
[2024-02-14T09:56:19.818+0000] {logging_mixin.py:188} INFO - [2024-02-14T09:56:19.817+0000] {dag.py:3036} INFO - Sync 1 DAGs
[2024-02-14T09:56:19.829+0000] {logging_mixin.py:188} INFO - [2024-02-14T09:56:19.828+0000] {dag.py:3823} INFO - Setting next_dagrun for example_branch_operator to 2024-02-13 00:00:00+00:00, run_after=2024-02-14 00:00:00+00:00
[2024-02-14T09:56:19.839+0000] {processor.py:183} INFO - Processing /home/airflow/.local/lib/python3.8/site-packages/airflow/example_dags/example_branch_operator.py took 0.094 seconds
[2024-02-14T09:56:50.686+0000] {processor.py:161} INFO - Started process (PID=173) to work on /home/airflow/.local/lib/python3.8/site-packages/airflow/example_dags/example_branch_operator.py
[2024-02-14T09:56:50.688+0000] {processor.py:830} INFO - Processing file /home/airflow/.local/lib/python3.8/site-packages/airflow/example_dags/example_branch_operator.py for tasks to queue
[2024-02-14T09:56:50.691+0000] {logging_mixin.py:188} INFO - [2024-02-14T09:56:50.691+0000] {dagbag.py:538} INFO - Filling up the DagBag from /home/airflow/.local/lib/python3.8/site-packages/airflow/example_dags/example_branch_operator.py
[2024-02-14T09:56:50.706+0000] {processor.py:840} INFO - DAG(s) 'example_branch_operator' retrieved from /home/airflow/.local/lib/python3.8/site-packages/airflow/example_dags/example_branch_operator.py
[2024-02-14T09:56:50.724+0000] {logging_mixin.py:188} INFO - [2024-02-14T09:56:50.724+0000] {dag.py:3036} INFO - Sync 1 DAGs
[2024-02-14T09:56:50.739+0000] {logging_mixin.py:188} INFO - [2024-02-14T09:56:50.739+0000] {dag.py:3823} INFO - Setting next_dagrun for example_branch_operator to 2024-02-13 00:00:00+00:00, run_after=2024-02-14 00:00:00+00:00
[2024-02-14T09:56:50.750+0000] {processor.py:183} INFO - Processing /home/airflow/.local/lib/python3.8/site-packages/airflow/example_dags/example_branch_operator.py took 0.068 seconds
[2024-02-14T09:57:20.818+0000] {processor.py:161} INFO - Started process (PID=230) to work on /home/airflow/.local/lib/python3.8/site-packages/airflow/example_dags/example_branch_operator.py
[2024-02-14T09:57:20.821+0000] {processor.py:830} INFO - Processing file /home/airflow/.local/lib/python3.8/site-packages/airflow/example_dags/example_branch_operator.py for tasks to queue
[2024-02-14T09:57:20.824+0000] {logging_mixin.py:188} INFO - [2024-02-14T09:57:20.823+0000] {dagbag.py:538} INFO - Filling up the DagBag from /home/airflow/.local/lib/python3.8/site-packages/airflow/example_dags/example_branch_operator.py
[2024-02-14T09:57:20.839+0000] {processor.py:840} INFO - DAG(s) 'example_branch_operator' retrieved from /home/airflow/.local/lib/python3.8/site-packages/airflow/example_dags/example_branch_operator.py
[2024-02-14T09:57:20.858+0000] {logging_mixin.py:188} INFO - [2024-02-14T09:57:20.858+0000] {dag.py:3036} INFO - Sync 1 DAGs
[2024-02-14T09:57:20.871+0000] {logging_mixin.py:188} INFO - [2024-02-14T09:57:20.871+0000] {dag.py:3823} INFO - Setting next_dagrun for example_branch_operator to 2024-02-13 00:00:00+00:00, run_after=2024-02-14 00:00:00+00:00
[2024-02-14T09:57:20.881+0000] {processor.py:183} INFO - Processing /home/airflow/.local/lib/python3.8/site-packages/airflow/example_dags/example_branch_operator.py took 0.067 seconds
[2024-02-14T09:57:51.541+0000] {processor.py:161} INFO - Started process (PID=288) to work on /home/airflow/.local/lib/python3.8/site-packages/airflow/example_dags/example_branch_operator.py
[2024-02-14T09:57:51.543+0000] {processor.py:830} INFO - Processing file /home/airflow/.local/lib/python3.8/site-packages/airflow/example_dags/example_branch_operator.py for tasks to queue
[2024-02-14T09:57:51.545+0000] {logging_mixin.py:188} INFO - [2024-02-14T09:57:51.545+0000] {dagbag.py:538} INFO - Filling up the DagBag from /home/airflow/.local/lib/python3.8/site-packages/airflow/example_dags/example_branch_operator.py
[2024-02-14T09:57:51.560+0000] {processor.py:840} INFO - DAG(s) 'example_branch_operator' retrieved from /home/airflow/.local/lib/python3.8/site-packages/airflow/example_dags/example_branch_operator.py
[2024-02-14T09:57:51.580+0000] {logging_mixin.py:188} INFO - [2024-02-14T09:57:51.580+0000] {dag.py:3036} INFO - Sync 1 DAGs
[2024-02-14T09:57:51.594+0000] {logging_mixin.py:188} INFO - [2024-02-14T09:57:51.594+0000] {dag.py:3823} INFO - Setting next_dagrun for example_branch_operator to 2024-02-13 00:00:00+00:00, run_after=2024-02-14 00:00:00+00:00
[2024-02-14T09:57:51.604+0000] {processor.py:183} INFO - Processing /home/airflow/.local/lib/python3.8/site-packages/airflow/example_dags/example_branch_operator.py took 0.067 seconds
[2024-02-14T09:58:21.961+0000] {processor.py:161} INFO - Started process (PID=345) to work on /home/airflow/.local/lib/python3.8/site-packages/airflow/example_dags/example_branch_operator.py
[2024-02-14T09:58:21.963+0000] {processor.py:830} INFO - Processing file /home/airflow/.local/lib/python3.8/site-packages/airflow/example_dags/example_branch_operator.py for tasks to queue
[2024-02-14T09:58:21.967+0000] {logging_mixin.py:188} INFO - [2024-02-14T09:58:21.966+0000] {dagbag.py:538} INFO - Filling up the DagBag from /home/airflow/.local/lib/python3.8/site-packages/airflow/example_dags/example_branch_operator.py
[2024-02-14T09:58:21.981+0000] {processor.py:840} INFO - DAG(s) 'example_branch_operator' retrieved from /home/airflow/.local/lib/python3.8/site-packages/airflow/example_dags/example_branch_operator.py
[2024-02-14T09:58:21.998+0000] {logging_mixin.py:188} INFO - [2024-02-14T09:58:21.998+0000] {dag.py:3036} INFO - Sync 1 DAGs
[2024-02-14T09:58:22.012+0000] {logging_mixin.py:188} INFO - [2024-02-14T09:58:22.012+0000] {dag.py:3823} INFO - Setting next_dagrun for example_branch_operator to 2024-02-13 00:00:00+00:00, run_after=2024-02-14 00:00:00+00:00
[2024-02-14T09:58:22.025+0000] {processor.py:183} INFO - Processing /home/airflow/.local/lib/python3.8/site-packages/airflow/example_dags/example_branch_operator.py took 0.068 seconds
[2024-02-14T09:58:52.968+0000] {processor.py:161} INFO - Started process (PID=404) to work on /home/airflow/.local/lib/python3.8/site-packages/airflow/example_dags/example_branch_operator.py
[2024-02-14T09:58:52.970+0000] {processor.py:830} INFO - Processing file /home/airflow/.local/lib/python3.8/site-packages/airflow/example_dags/example_branch_operator.py for tasks to queue
[2024-02-14T09:58:52.972+0000] {logging_mixin.py:188} INFO - [2024-02-14T09:58:52.972+0000] {dagbag.py:538} INFO - Filling up the DagBag from /home/airflow/.local/lib/python3.8/site-packages/airflow/example_dags/example_branch_operator.py
[2024-02-14T09:58:52.985+0000] {processor.py:840} INFO - DAG(s) 'example_branch_operator' retrieved from /home/airflow/.local/lib/python3.8/site-packages/airflow/example_dags/example_branch_operator.py
[2024-02-14T09:58:53.012+0000] {logging_mixin.py:188} INFO - [2024-02-14T09:58:53.011+0000] {dag.py:3036} INFO - Sync 1 DAGs
[2024-02-14T09:58:53.028+0000] {logging_mixin.py:188} INFO - [2024-02-14T09:58:53.028+0000] {dag.py:3823} INFO - Setting next_dagrun for example_branch_operator to 2024-02-13 00:00:00+00:00, run_after=2024-02-14 00:00:00+00:00
[2024-02-14T09:58:53.040+0000] {processor.py:183} INFO - Processing /home/airflow/.local/lib/python3.8/site-packages/airflow/example_dags/example_branch_operator.py took 0.077 seconds
[2024-02-14T09:59:23.259+0000] {processor.py:161} INFO - Started process (PID=461) to work on /home/airflow/.local/lib/python3.8/site-packages/airflow/example_dags/example_branch_operator.py
[2024-02-14T09:59:23.261+0000] {processor.py:830} INFO - Processing file /home/airflow/.local/lib/python3.8/site-packages/airflow/example_dags/example_branch_operator.py for tasks to queue
[2024-02-14T09:59:23.264+0000] {logging_mixin.py:188} INFO - [2024-02-14T09:59:23.263+0000] {dagbag.py:538} INFO - Filling up the DagBag from /home/airflow/.local/lib/python3.8/site-packages/airflow/example_dags/example_branch_operator.py
[2024-02-14T09:59:23.279+0000] {processor.py:840} INFO - DAG(s) 'example_branch_operator' retrieved from /home/airflow/.local/lib/python3.8/site-packages/airflow/example_dags/example_branch_operator.py
[2024-02-14T09:59:23.297+0000] {logging_mixin.py:188} INFO - [2024-02-14T09:59:23.297+0000] {dag.py:3036} INFO - Sync 1 DAGs
[2024-02-14T09:59:23.310+0000] {logging_mixin.py:188} INFO - [2024-02-14T09:59:23.310+0000] {dag.py:3823} INFO - Setting next_dagrun for example_branch_operator to 2024-02-13 00:00:00+00:00, run_after=2024-02-14 00:00:00+00:00
[2024-02-14T09:59:23.320+0000] {processor.py:183} INFO - Processing /home/airflow/.local/lib/python3.8/site-packages/airflow/example_dags/example_branch_operator.py took 0.065 seconds
[2024-02-14T09:59:54.015+0000] {processor.py:161} INFO - Started process (PID=517) to work on /home/airflow/.local/lib/python3.8/site-packages/airflow/example_dags/example_branch_operator.py
[2024-02-14T09:59:54.017+0000] {processor.py:830} INFO - Processing file /home/airflow/.local/lib/python3.8/site-packages/airflow/example_dags/example_branch_operator.py for tasks to queue
[2024-02-14T09:59:54.019+0000] {logging_mixin.py:188} INFO - [2024-02-14T09:59:54.019+0000] {dagbag.py:538} INFO - Filling up the DagBag from /home/airflow/.local/lib/python3.8/site-packages/airflow/example_dags/example_branch_operator.py
[2024-02-14T09:59:54.033+0000] {processor.py:840} INFO - DAG(s) 'example_branch_operator' retrieved from /home/airflow/.local/lib/python3.8/site-packages/airflow/example_dags/example_branch_operator.py
[2024-02-14T09:59:54.051+0000] {logging_mixin.py:188} INFO - [2024-02-14T09:59:54.051+0000] {dag.py:3036} INFO - Sync 1 DAGs
[2024-02-14T09:59:54.063+0000] {logging_mixin.py:188} INFO - [2024-02-14T09:59:54.062+0000] {dag.py:3823} INFO - Setting next_dagrun for example_branch_operator to 2024-02-13 00:00:00+00:00, run_after=2024-02-14 00:00:00+00:00
[2024-02-14T09:59:54.076+0000] {processor.py:183} INFO - Processing /home/airflow/.local/lib/python3.8/site-packages/airflow/example_dags/example_branch_operator.py took 0.065 seconds
[2024-02-14T10:00:24.415+0000] {processor.py:161} INFO - Started process (PID=574) to work on /home/airflow/.local/lib/python3.8/site-packages/airflow/example_dags/example_branch_operator.py
[2024-02-14T10:00:24.417+0000] {processor.py:830} INFO - Processing file /home/airflow/.local/lib/python3.8/site-packages/airflow/example_dags/example_branch_operator.py for tasks to queue
[2024-02-14T10:00:24.422+0000] {logging_mixin.py:188} INFO - [2024-02-14T10:00:24.421+0000] {dagbag.py:538} INFO - Filling up the DagBag from /home/airflow/.local/lib/python3.8/site-packages/airflow/example_dags/example_branch_operator.py
[2024-02-14T10:00:24.439+0000] {processor.py:840} INFO - DAG(s) 'example_branch_operator' retrieved from /home/airflow/.local/lib/python3.8/site-packages/airflow/example_dags/example_branch_operator.py
[2024-02-14T10:00:24.464+0000] {logging_mixin.py:188} INFO - [2024-02-14T10:00:24.463+0000] {dag.py:3036} INFO - Sync 1 DAGs
[2024-02-14T10:00:24.478+0000] {logging_mixin.py:188} INFO - [2024-02-14T10:00:24.478+0000] {dag.py:3823} INFO - Setting next_dagrun for example_branch_operator to 2024-02-13 00:00:00+00:00, run_after=2024-02-14 00:00:00+00:00
[2024-02-14T10:00:24.492+0000] {processor.py:183} INFO - Processing /home/airflow/.local/lib/python3.8/site-packages/airflow/example_dags/example_branch_operator.py took 0.082 seconds
[2024-02-14T10:00:55.325+0000] {processor.py:161} INFO - Started process (PID=631) to work on /home/airflow/.local/lib/python3.8/site-packages/airflow/example_dags/example_branch_operator.py
[2024-02-14T10:00:55.328+0000] {processor.py:830} INFO - Processing file /home/airflow/.local/lib/python3.8/site-packages/airflow/example_dags/example_branch_operator.py for tasks to queue
[2024-02-14T10:00:55.333+0000] {logging_mixin.py:188} INFO - [2024-02-14T10:00:55.332+0000] {dagbag.py:538} INFO - Filling up the DagBag from /home/airflow/.local/lib/python3.8/site-packages/airflow/example_dags/example_branch_operator.py
[2024-02-14T10:00:55.362+0000] {processor.py:840} INFO - DAG(s) 'example_branch_operator' retrieved from /home/airflow/.local/lib/python3.8/site-packages/airflow/example_dags/example_branch_operator.py
[2024-02-14T10:00:55.405+0000] {logging_mixin.py:188} INFO - [2024-02-14T10:00:55.405+0000] {dag.py:3036} INFO - Sync 1 DAGs
[2024-02-14T10:00:55.439+0000] {logging_mixin.py:188} INFO - [2024-02-14T10:00:55.439+0000] {dag.py:3823} INFO - Setting next_dagrun for example_branch_operator to 2024-02-13 00:00:00+00:00, run_after=2024-02-14 00:00:00+00:00
[2024-02-14T10:00:55.465+0000] {processor.py:183} INFO - Processing /home/airflow/.local/lib/python3.8/site-packages/airflow/example_dags/example_branch_operator.py took 0.145 seconds
[2024-02-14T10:01:25.532+0000] {processor.py:161} INFO - Started process (PID=687) to work on /home/airflow/.local/lib/python3.8/site-packages/airflow/example_dags/example_branch_operator.py
[2024-02-14T10:01:25.535+0000] {processor.py:830} INFO - Processing file /home/airflow/.local/lib/python3.8/site-packages/airflow/example_dags/example_branch_operator.py for tasks to queue
[2024-02-14T10:01:25.538+0000] {logging_mixin.py:188} INFO - [2024-02-14T10:01:25.537+0000] {dagbag.py:538} INFO - Filling up the DagBag from /home/airflow/.local/lib/python3.8/site-packages/airflow/example_dags/example_branch_operator.py
[2024-02-14T10:01:25.551+0000] {processor.py:840} INFO - DAG(s) 'example_branch_operator' retrieved from /home/airflow/.local/lib/python3.8/site-packages/airflow/example_dags/example_branch_operator.py
[2024-02-14T10:01:25.573+0000] {logging_mixin.py:188} INFO - [2024-02-14T10:01:25.573+0000] {dag.py:3036} INFO - Sync 1 DAGs
[2024-02-14T10:01:25.590+0000] {logging_mixin.py:188} INFO - [2024-02-14T10:01:25.590+0000] {dag.py:3823} INFO - Setting next_dagrun for example_branch_operator to 2024-02-13 00:00:00+00:00, run_after=2024-02-14 00:00:00+00:00
[2024-02-14T10:01:25.613+0000] {processor.py:183} INFO - Processing /home/airflow/.local/lib/python3.8/site-packages/airflow/example_dags/example_branch_operator.py took 0.083 seconds
[2024-02-14T10:01:55.687+0000] {processor.py:161} INFO - Started process (PID=744) to work on /home/airflow/.local/lib/python3.8/site-packages/airflow/example_dags/example_branch_operator.py
[2024-02-14T10:01:55.689+0000] {processor.py:830} INFO - Processing file /home/airflow/.local/lib/python3.8/site-packages/airflow/example_dags/example_branch_operator.py for tasks to queue
[2024-02-14T10:01:55.691+0000] {logging_mixin.py:188} INFO - [2024-02-14T10:01:55.691+0000] {dagbag.py:538} INFO - Filling up the DagBag from /home/airflow/.local/lib/python3.8/site-packages/airflow/example_dags/example_branch_operator.py
[2024-02-14T10:01:55.705+0000] {processor.py:840} INFO - DAG(s) 'example_branch_operator' retrieved from /home/airflow/.local/lib/python3.8/site-packages/airflow/example_dags/example_branch_operator.py
[2024-02-14T10:01:55.724+0000] {logging_mixin.py:188} INFO - [2024-02-14T10:01:55.724+0000] {dag.py:3036} INFO - Sync 1 DAGs
[2024-02-14T10:01:55.739+0000] {logging_mixin.py:188} INFO - [2024-02-14T10:01:55.739+0000] {dag.py:3823} INFO - Setting next_dagrun for example_branch_operator to 2024-02-13 00:00:00+00:00, run_after=2024-02-14 00:00:00+00:00
[2024-02-14T10:01:55.751+0000] {processor.py:183} INFO - Processing /home/airflow/.local/lib/python3.8/site-packages/airflow/example_dags/example_branch_operator.py took 0.068 seconds
[2024-02-14T10:02:26.412+0000] {processor.py:161} INFO - Started process (PID=801) to work on /home/airflow/.local/lib/python3.8/site-packages/airflow/example_dags/example_branch_operator.py
[2024-02-14T10:02:26.415+0000] {processor.py:830} INFO - Processing file /home/airflow/.local/lib/python3.8/site-packages/airflow/example_dags/example_branch_operator.py for tasks to queue
[2024-02-14T10:02:26.418+0000] {logging_mixin.py:188} INFO - [2024-02-14T10:02:26.418+0000] {dagbag.py:538} INFO - Filling up the DagBag from /home/airflow/.local/lib/python3.8/site-packages/airflow/example_dags/example_branch_operator.py
[2024-02-14T10:02:26.434+0000] {processor.py:840} INFO - DAG(s) 'example_branch_operator' retrieved from /home/airflow/.local/lib/python3.8/site-packages/airflow/example_dags/example_branch_operator.py
[2024-02-14T10:02:26.467+0000] {logging_mixin.py:188} INFO - [2024-02-14T10:02:26.466+0000] {dag.py:3036} INFO - Sync 1 DAGs
[2024-02-14T10:02:26.487+0000] {logging_mixin.py:188} INFO - [2024-02-14T10:02:26.487+0000] {dag.py:3823} INFO - Setting next_dagrun for example_branch_operator to 2024-02-13 00:00:00+00:00, run_after=2024-02-14 00:00:00+00:00
[2024-02-14T10:02:26.512+0000] {processor.py:183} INFO - Processing /home/airflow/.local/lib/python3.8/site-packages/airflow/example_dags/example_branch_operator.py took 0.103 seconds
[2024-02-14T10:02:57.210+0000] {processor.py:161} INFO - Started process (PID=860) to work on /home/airflow/.local/lib/python3.8/site-packages/airflow/example_dags/example_branch_operator.py
[2024-02-14T10:02:57.212+0000] {processor.py:830} INFO - Processing file /home/airflow/.local/lib/python3.8/site-packages/airflow/example_dags/example_branch_operator.py for tasks to queue
[2024-02-14T10:02:57.214+0000] {logging_mixin.py:188} INFO - [2024-02-14T10:02:57.214+0000] {dagbag.py:538} INFO - Filling up the DagBag from /home/airflow/.local/lib/python3.8/site-packages/airflow/example_dags/example_branch_operator.py
[2024-02-14T10:02:57.227+0000] {processor.py:840} INFO - DAG(s) 'example_branch_operator' retrieved from /home/airflow/.local/lib/python3.8/site-packages/airflow/example_dags/example_branch_operator.py
[2024-02-14T10:02:57.244+0000] {logging_mixin.py:188} INFO - [2024-02-14T10:02:57.243+0000] {dag.py:3036} INFO - Sync 1 DAGs
[2024-02-14T10:02:57.257+0000] {logging_mixin.py:188} INFO - [2024-02-14T10:02:57.256+0000] {dag.py:3823} INFO - Setting next_dagrun for example_branch_operator to 2024-02-13 00:00:00+00:00, run_after=2024-02-14 00:00:00+00:00
[2024-02-14T10:02:57.269+0000] {processor.py:183} INFO - Processing /home/airflow/.local/lib/python3.8/site-packages/airflow/example_dags/example_branch_operator.py took 0.061 seconds
