[2024-02-14T09:34:20.364+0000] {processor.py:161} INFO - Started process (PID=73) to work on /home/airflow/.local/lib/python3.8/site-packages/airflow/example_dags/example_sensors.py
[2024-02-14T09:34:20.366+0000] {processor.py:830} INFO - Processing file /home/airflow/.local/lib/python3.8/site-packages/airflow/example_dags/example_sensors.py for tasks to queue
[2024-02-14T09:34:20.369+0000] {logging_mixin.py:188} INFO - [2024-02-14T09:34:20.369+0000] {dagbag.py:538} INFO - Filling up the DagBag from /home/airflow/.local/lib/python3.8/site-packages/airflow/example_dags/example_sensors.py
[2024-02-14T09:34:20.378+0000] {processor.py:840} INFO - DAG(s) 'example_sensors' retrieved from /home/airflow/.local/lib/python3.8/site-packages/airflow/example_dags/example_sensors.py
[2024-02-14T09:34:20.391+0000] {logging_mixin.py:188} INFO - [2024-02-14T09:34:20.390+0000] {dag.py:3036} INFO - Sync 1 DAGs
[2024-02-14T09:34:20.401+0000] {logging_mixin.py:188} INFO - [2024-02-14T09:34:20.401+0000] {dag.py:3823} INFO - Setting next_dagrun for example_sensors to None, run_after=None
[2024-02-14T09:34:20.419+0000] {processor.py:183} INFO - Processing /home/airflow/.local/lib/python3.8/site-packages/airflow/example_dags/example_sensors.py took 0.059 seconds
[2024-02-14T09:34:50.607+0000] {processor.py:161} INFO - Started process (PID=130) to work on /home/airflow/.local/lib/python3.8/site-packages/airflow/example_dags/example_sensors.py
[2024-02-14T09:34:50.609+0000] {processor.py:830} INFO - Processing file /home/airflow/.local/lib/python3.8/site-packages/airflow/example_dags/example_sensors.py for tasks to queue
[2024-02-14T09:34:50.611+0000] {logging_mixin.py:188} INFO - [2024-02-14T09:34:50.611+0000] {dagbag.py:538} INFO - Filling up the DagBag from /home/airflow/.local/lib/python3.8/site-packages/airflow/example_dags/example_sensors.py
[2024-02-14T09:34:50.619+0000] {processor.py:840} INFO - DAG(s) 'example_sensors' retrieved from /home/airflow/.local/lib/python3.8/site-packages/airflow/example_dags/example_sensors.py
[2024-02-14T09:34:50.683+0000] {logging_mixin.py:188} INFO - [2024-02-14T09:34:50.683+0000] {dag.py:3036} INFO - Sync 1 DAGs
[2024-02-14T09:34:50.691+0000] {logging_mixin.py:188} INFO - [2024-02-14T09:34:50.690+0000] {dag.py:3823} INFO - Setting next_dagrun for example_sensors to None, run_after=None
[2024-02-14T09:34:50.704+0000] {processor.py:183} INFO - Processing /home/airflow/.local/lib/python3.8/site-packages/airflow/example_dags/example_sensors.py took 0.100 seconds
[2024-02-14T09:35:21.147+0000] {processor.py:161} INFO - Started process (PID=188) to work on /home/airflow/.local/lib/python3.8/site-packages/airflow/example_dags/example_sensors.py
[2024-02-14T09:35:21.150+0000] {processor.py:830} INFO - Processing file /home/airflow/.local/lib/python3.8/site-packages/airflow/example_dags/example_sensors.py for tasks to queue
[2024-02-14T09:35:21.154+0000] {logging_mixin.py:188} INFO - [2024-02-14T09:35:21.153+0000] {dagbag.py:538} INFO - Filling up the DagBag from /home/airflow/.local/lib/python3.8/site-packages/airflow/example_dags/example_sensors.py
[2024-02-14T09:35:21.172+0000] {processor.py:840} INFO - DAG(s) 'example_sensors' retrieved from /home/airflow/.local/lib/python3.8/site-packages/airflow/example_dags/example_sensors.py
[2024-02-14T09:35:21.210+0000] {logging_mixin.py:188} INFO - [2024-02-14T09:35:21.210+0000] {dag.py:3036} INFO - Sync 1 DAGs
[2024-02-14T09:35:21.221+0000] {logging_mixin.py:188} INFO - [2024-02-14T09:35:21.221+0000] {dag.py:3823} INFO - Setting next_dagrun for example_sensors to None, run_after=None
[2024-02-14T09:35:21.237+0000] {processor.py:183} INFO - Processing /home/airflow/.local/lib/python3.8/site-packages/airflow/example_dags/example_sensors.py took 0.092 seconds
[2024-02-14T09:35:52.015+0000] {processor.py:161} INFO - Started process (PID=244) to work on /home/airflow/.local/lib/python3.8/site-packages/airflow/example_dags/example_sensors.py
[2024-02-14T09:35:52.016+0000] {processor.py:830} INFO - Processing file /home/airflow/.local/lib/python3.8/site-packages/airflow/example_dags/example_sensors.py for tasks to queue
[2024-02-14T09:35:52.019+0000] {logging_mixin.py:188} INFO - [2024-02-14T09:35:52.018+0000] {dagbag.py:538} INFO - Filling up the DagBag from /home/airflow/.local/lib/python3.8/site-packages/airflow/example_dags/example_sensors.py
[2024-02-14T09:35:52.025+0000] {processor.py:840} INFO - DAG(s) 'example_sensors' retrieved from /home/airflow/.local/lib/python3.8/site-packages/airflow/example_dags/example_sensors.py
[2024-02-14T09:35:52.041+0000] {logging_mixin.py:188} INFO - [2024-02-14T09:35:52.040+0000] {dag.py:3036} INFO - Sync 1 DAGs
[2024-02-14T09:35:52.048+0000] {logging_mixin.py:188} INFO - [2024-02-14T09:35:52.048+0000] {dag.py:3823} INFO - Setting next_dagrun for example_sensors to None, run_after=None
[2024-02-14T09:35:52.062+0000] {processor.py:183} INFO - Processing /home/airflow/.local/lib/python3.8/site-packages/airflow/example_dags/example_sensors.py took 0.049 seconds
[2024-02-14T09:36:22.946+0000] {processor.py:161} INFO - Started process (PID=299) to work on /home/airflow/.local/lib/python3.8/site-packages/airflow/example_dags/example_sensors.py
[2024-02-14T09:36:22.948+0000] {processor.py:830} INFO - Processing file /home/airflow/.local/lib/python3.8/site-packages/airflow/example_dags/example_sensors.py for tasks to queue
[2024-02-14T09:36:22.949+0000] {logging_mixin.py:188} INFO - [2024-02-14T09:36:22.949+0000] {dagbag.py:538} INFO - Filling up the DagBag from /home/airflow/.local/lib/python3.8/site-packages/airflow/example_dags/example_sensors.py
[2024-02-14T09:36:22.956+0000] {processor.py:840} INFO - DAG(s) 'example_sensors' retrieved from /home/airflow/.local/lib/python3.8/site-packages/airflow/example_dags/example_sensors.py
[2024-02-14T09:36:22.974+0000] {logging_mixin.py:188} INFO - [2024-02-14T09:36:22.974+0000] {dag.py:3036} INFO - Sync 1 DAGs
[2024-02-14T09:36:22.983+0000] {logging_mixin.py:188} INFO - [2024-02-14T09:36:22.982+0000] {dag.py:3823} INFO - Setting next_dagrun for example_sensors to None, run_after=None
[2024-02-14T09:36:22.996+0000] {processor.py:183} INFO - Processing /home/airflow/.local/lib/python3.8/site-packages/airflow/example_dags/example_sensors.py took 0.053 seconds
[2024-02-14T09:36:53.061+0000] {processor.py:161} INFO - Started process (PID=355) to work on /home/airflow/.local/lib/python3.8/site-packages/airflow/example_dags/example_sensors.py
[2024-02-14T09:36:53.063+0000] {processor.py:830} INFO - Processing file /home/airflow/.local/lib/python3.8/site-packages/airflow/example_dags/example_sensors.py for tasks to queue
[2024-02-14T09:36:53.065+0000] {logging_mixin.py:188} INFO - [2024-02-14T09:36:53.065+0000] {dagbag.py:538} INFO - Filling up the DagBag from /home/airflow/.local/lib/python3.8/site-packages/airflow/example_dags/example_sensors.py
[2024-02-14T09:36:53.071+0000] {processor.py:840} INFO - DAG(s) 'example_sensors' retrieved from /home/airflow/.local/lib/python3.8/site-packages/airflow/example_dags/example_sensors.py
[2024-02-14T09:36:53.087+0000] {logging_mixin.py:188} INFO - [2024-02-14T09:36:53.087+0000] {dag.py:3036} INFO - Sync 1 DAGs
[2024-02-14T09:36:53.093+0000] {logging_mixin.py:188} INFO - [2024-02-14T09:36:53.093+0000] {dag.py:3823} INFO - Setting next_dagrun for example_sensors to None, run_after=None
[2024-02-14T09:36:53.105+0000] {processor.py:183} INFO - Processing /home/airflow/.local/lib/python3.8/site-packages/airflow/example_dags/example_sensors.py took 0.046 seconds
[2024-02-14T09:37:23.519+0000] {processor.py:161} INFO - Started process (PID=414) to work on /home/airflow/.local/lib/python3.8/site-packages/airflow/example_dags/example_sensors.py
[2024-02-14T09:37:23.520+0000] {processor.py:830} INFO - Processing file /home/airflow/.local/lib/python3.8/site-packages/airflow/example_dags/example_sensors.py for tasks to queue
[2024-02-14T09:37:23.522+0000] {logging_mixin.py:188} INFO - [2024-02-14T09:37:23.522+0000] {dagbag.py:538} INFO - Filling up the DagBag from /home/airflow/.local/lib/python3.8/site-packages/airflow/example_dags/example_sensors.py
[2024-02-14T09:37:23.528+0000] {processor.py:840} INFO - DAG(s) 'example_sensors' retrieved from /home/airflow/.local/lib/python3.8/site-packages/airflow/example_dags/example_sensors.py
[2024-02-14T09:37:23.547+0000] {logging_mixin.py:188} INFO - [2024-02-14T09:37:23.547+0000] {dag.py:3036} INFO - Sync 1 DAGs
[2024-02-14T09:37:23.556+0000] {logging_mixin.py:188} INFO - [2024-02-14T09:37:23.555+0000] {dag.py:3823} INFO - Setting next_dagrun for example_sensors to None, run_after=None
[2024-02-14T09:37:23.570+0000] {processor.py:183} INFO - Processing /home/airflow/.local/lib/python3.8/site-packages/airflow/example_dags/example_sensors.py took 0.054 seconds
[2024-02-14T09:37:53.793+0000] {processor.py:161} INFO - Started process (PID=470) to work on /home/airflow/.local/lib/python3.8/site-packages/airflow/example_dags/example_sensors.py
[2024-02-14T09:37:53.795+0000] {processor.py:830} INFO - Processing file /home/airflow/.local/lib/python3.8/site-packages/airflow/example_dags/example_sensors.py for tasks to queue
[2024-02-14T09:37:53.797+0000] {logging_mixin.py:188} INFO - [2024-02-14T09:37:53.797+0000] {dagbag.py:538} INFO - Filling up the DagBag from /home/airflow/.local/lib/python3.8/site-packages/airflow/example_dags/example_sensors.py
[2024-02-14T09:37:53.804+0000] {processor.py:840} INFO - DAG(s) 'example_sensors' retrieved from /home/airflow/.local/lib/python3.8/site-packages/airflow/example_dags/example_sensors.py
[2024-02-14T09:37:53.821+0000] {logging_mixin.py:188} INFO - [2024-02-14T09:37:53.821+0000] {dag.py:3036} INFO - Sync 1 DAGs
[2024-02-14T09:37:53.828+0000] {logging_mixin.py:188} INFO - [2024-02-14T09:37:53.828+0000] {dag.py:3823} INFO - Setting next_dagrun for example_sensors to None, run_after=None
[2024-02-14T09:37:53.838+0000] {processor.py:183} INFO - Processing /home/airflow/.local/lib/python3.8/site-packages/airflow/example_dags/example_sensors.py took 0.048 seconds
[2024-02-14T09:38:24.040+0000] {processor.py:161} INFO - Started process (PID=528) to work on /home/airflow/.local/lib/python3.8/site-packages/airflow/example_dags/example_sensors.py
[2024-02-14T09:38:24.041+0000] {processor.py:830} INFO - Processing file /home/airflow/.local/lib/python3.8/site-packages/airflow/example_dags/example_sensors.py for tasks to queue
[2024-02-14T09:38:24.043+0000] {logging_mixin.py:188} INFO - [2024-02-14T09:38:24.043+0000] {dagbag.py:538} INFO - Filling up the DagBag from /home/airflow/.local/lib/python3.8/site-packages/airflow/example_dags/example_sensors.py
[2024-02-14T09:38:24.049+0000] {processor.py:840} INFO - DAG(s) 'example_sensors' retrieved from /home/airflow/.local/lib/python3.8/site-packages/airflow/example_dags/example_sensors.py
[2024-02-14T09:38:24.064+0000] {logging_mixin.py:188} INFO - [2024-02-14T09:38:24.064+0000] {dag.py:3036} INFO - Sync 1 DAGs
[2024-02-14T09:38:24.072+0000] {logging_mixin.py:188} INFO - [2024-02-14T09:38:24.072+0000] {dag.py:3823} INFO - Setting next_dagrun for example_sensors to None, run_after=None
[2024-02-14T09:38:24.083+0000] {processor.py:183} INFO - Processing /home/airflow/.local/lib/python3.8/site-packages/airflow/example_dags/example_sensors.py took 0.046 seconds
[2024-02-14T09:38:54.853+0000] {processor.py:161} INFO - Started process (PID=585) to work on /home/airflow/.local/lib/python3.8/site-packages/airflow/example_dags/example_sensors.py
[2024-02-14T09:38:54.855+0000] {processor.py:830} INFO - Processing file /home/airflow/.local/lib/python3.8/site-packages/airflow/example_dags/example_sensors.py for tasks to queue
[2024-02-14T09:38:54.857+0000] {logging_mixin.py:188} INFO - [2024-02-14T09:38:54.857+0000] {dagbag.py:538} INFO - Filling up the DagBag from /home/airflow/.local/lib/python3.8/site-packages/airflow/example_dags/example_sensors.py
[2024-02-14T09:38:54.864+0000] {processor.py:840} INFO - DAG(s) 'example_sensors' retrieved from /home/airflow/.local/lib/python3.8/site-packages/airflow/example_dags/example_sensors.py
[2024-02-14T09:38:54.880+0000] {logging_mixin.py:188} INFO - [2024-02-14T09:38:54.880+0000] {dag.py:3036} INFO - Sync 1 DAGs
[2024-02-14T09:38:54.889+0000] {logging_mixin.py:188} INFO - [2024-02-14T09:38:54.889+0000] {dag.py:3823} INFO - Setting next_dagrun for example_sensors to None, run_after=None
[2024-02-14T09:38:54.901+0000] {processor.py:183} INFO - Processing /home/airflow/.local/lib/python3.8/site-packages/airflow/example_dags/example_sensors.py took 0.052 seconds
[2024-02-14T09:43:49.702+0000] {processor.py:161} INFO - Started process (PID=69) to work on /home/airflow/.local/lib/python3.8/site-packages/airflow/example_dags/example_sensors.py
[2024-02-14T09:43:49.704+0000] {processor.py:830} INFO - Processing file /home/airflow/.local/lib/python3.8/site-packages/airflow/example_dags/example_sensors.py for tasks to queue
[2024-02-14T09:43:49.706+0000] {logging_mixin.py:188} INFO - [2024-02-14T09:43:49.706+0000] {dagbag.py:538} INFO - Filling up the DagBag from /home/airflow/.local/lib/python3.8/site-packages/airflow/example_dags/example_sensors.py
[2024-02-14T09:43:49.714+0000] {processor.py:840} INFO - DAG(s) 'example_sensors' retrieved from /home/airflow/.local/lib/python3.8/site-packages/airflow/example_dags/example_sensors.py
[2024-02-14T09:43:49.727+0000] {logging_mixin.py:188} INFO - [2024-02-14T09:43:49.726+0000] {dag.py:3036} INFO - Sync 1 DAGs
[2024-02-14T09:43:49.735+0000] {logging_mixin.py:188} INFO - [2024-02-14T09:43:49.735+0000] {dag.py:3823} INFO - Setting next_dagrun for example_sensors to None, run_after=None
[2024-02-14T09:43:49.753+0000] {processor.py:183} INFO - Processing /home/airflow/.local/lib/python3.8/site-packages/airflow/example_dags/example_sensors.py took 0.053 seconds
[2024-02-14T09:46:38.993+0000] {processor.py:161} INFO - Started process (PID=68) to work on /home/airflow/.local/lib/python3.8/site-packages/airflow/example_dags/example_sensors.py
[2024-02-14T09:46:38.995+0000] {processor.py:830} INFO - Processing file /home/airflow/.local/lib/python3.8/site-packages/airflow/example_dags/example_sensors.py for tasks to queue
[2024-02-14T09:46:38.997+0000] {logging_mixin.py:188} INFO - [2024-02-14T09:46:38.996+0000] {dagbag.py:538} INFO - Filling up the DagBag from /home/airflow/.local/lib/python3.8/site-packages/airflow/example_dags/example_sensors.py
[2024-02-14T09:46:39.005+0000] {processor.py:840} INFO - DAG(s) 'example_sensors' retrieved from /home/airflow/.local/lib/python3.8/site-packages/airflow/example_dags/example_sensors.py
[2024-02-14T09:46:39.073+0000] {logging_mixin.py:188} INFO - [2024-02-14T09:46:39.073+0000] {override.py:1769} INFO - Created Permission View: can edit on DAG:example_sensors
[2024-02-14T09:46:39.080+0000] {logging_mixin.py:188} INFO - [2024-02-14T09:46:39.080+0000] {override.py:1769} INFO - Created Permission View: can read on DAG:example_sensors
[2024-02-14T09:46:39.085+0000] {logging_mixin.py:188} INFO - [2024-02-14T09:46:39.085+0000] {override.py:1769} INFO - Created Permission View: can delete on DAG:example_sensors
[2024-02-14T09:46:39.087+0000] {logging_mixin.py:188} INFO - [2024-02-14T09:46:39.086+0000] {dag.py:3036} INFO - Sync 1 DAGs
[2024-02-14T09:46:39.094+0000] {logging_mixin.py:188} INFO - [2024-02-14T09:46:39.094+0000] {dag.py:3058} INFO - Creating ORM DAG for example_sensors
[2024-02-14T09:46:39.096+0000] {logging_mixin.py:188} INFO - [2024-02-14T09:46:39.096+0000] {dag.py:3823} INFO - Setting next_dagrun for example_sensors to None, run_after=None
[2024-02-14T09:46:39.108+0000] {processor.py:183} INFO - Processing /home/airflow/.local/lib/python3.8/site-packages/airflow/example_dags/example_sensors.py took 0.118 seconds
[2024-02-14T09:47:09.642+0000] {processor.py:161} INFO - Started process (PID=123) to work on /home/airflow/.local/lib/python3.8/site-packages/airflow/example_dags/example_sensors.py
[2024-02-14T09:47:09.644+0000] {processor.py:830} INFO - Processing file /home/airflow/.local/lib/python3.8/site-packages/airflow/example_dags/example_sensors.py for tasks to queue
[2024-02-14T09:47:09.646+0000] {logging_mixin.py:188} INFO - [2024-02-14T09:47:09.645+0000] {dagbag.py:538} INFO - Filling up the DagBag from /home/airflow/.local/lib/python3.8/site-packages/airflow/example_dags/example_sensors.py
[2024-02-14T09:47:09.652+0000] {processor.py:840} INFO - DAG(s) 'example_sensors' retrieved from /home/airflow/.local/lib/python3.8/site-packages/airflow/example_dags/example_sensors.py
[2024-02-14T09:47:09.670+0000] {logging_mixin.py:188} INFO - [2024-02-14T09:47:09.670+0000] {dag.py:3036} INFO - Sync 1 DAGs
[2024-02-14T09:47:09.679+0000] {logging_mixin.py:188} INFO - [2024-02-14T09:47:09.679+0000] {dag.py:3823} INFO - Setting next_dagrun for example_sensors to None, run_after=None
[2024-02-14T09:47:09.691+0000] {processor.py:183} INFO - Processing /home/airflow/.local/lib/python3.8/site-packages/airflow/example_dags/example_sensors.py took 0.051 seconds
[2024-02-14T09:47:40.138+0000] {processor.py:161} INFO - Started process (PID=181) to work on /home/airflow/.local/lib/python3.8/site-packages/airflow/example_dags/example_sensors.py
[2024-02-14T09:47:40.140+0000] {processor.py:830} INFO - Processing file /home/airflow/.local/lib/python3.8/site-packages/airflow/example_dags/example_sensors.py for tasks to queue
[2024-02-14T09:47:40.143+0000] {logging_mixin.py:188} INFO - [2024-02-14T09:47:40.142+0000] {dagbag.py:538} INFO - Filling up the DagBag from /home/airflow/.local/lib/python3.8/site-packages/airflow/example_dags/example_sensors.py
[2024-02-14T09:47:40.151+0000] {processor.py:840} INFO - DAG(s) 'example_sensors' retrieved from /home/airflow/.local/lib/python3.8/site-packages/airflow/example_dags/example_sensors.py
[2024-02-14T09:47:40.173+0000] {logging_mixin.py:188} INFO - [2024-02-14T09:47:40.173+0000] {dag.py:3036} INFO - Sync 1 DAGs
[2024-02-14T09:47:40.183+0000] {logging_mixin.py:188} INFO - [2024-02-14T09:47:40.183+0000] {dag.py:3823} INFO - Setting next_dagrun for example_sensors to None, run_after=None
[2024-02-14T09:47:40.205+0000] {processor.py:183} INFO - Processing /home/airflow/.local/lib/python3.8/site-packages/airflow/example_dags/example_sensors.py took 0.069 seconds
[2024-02-14T09:48:10.748+0000] {processor.py:161} INFO - Started process (PID=239) to work on /home/airflow/.local/lib/python3.8/site-packages/airflow/example_dags/example_sensors.py
[2024-02-14T09:48:10.749+0000] {processor.py:830} INFO - Processing file /home/airflow/.local/lib/python3.8/site-packages/airflow/example_dags/example_sensors.py for tasks to queue
[2024-02-14T09:48:10.752+0000] {logging_mixin.py:188} INFO - [2024-02-14T09:48:10.751+0000] {dagbag.py:538} INFO - Filling up the DagBag from /home/airflow/.local/lib/python3.8/site-packages/airflow/example_dags/example_sensors.py
[2024-02-14T09:48:10.759+0000] {processor.py:840} INFO - DAG(s) 'example_sensors' retrieved from /home/airflow/.local/lib/python3.8/site-packages/airflow/example_dags/example_sensors.py
[2024-02-14T09:48:10.778+0000] {logging_mixin.py:188} INFO - [2024-02-14T09:48:10.778+0000] {dag.py:3036} INFO - Sync 1 DAGs
[2024-02-14T09:48:10.787+0000] {logging_mixin.py:188} INFO - [2024-02-14T09:48:10.787+0000] {dag.py:3823} INFO - Setting next_dagrun for example_sensors to None, run_after=None
[2024-02-14T09:48:10.801+0000] {processor.py:183} INFO - Processing /home/airflow/.local/lib/python3.8/site-packages/airflow/example_dags/example_sensors.py took 0.056 seconds
[2024-02-14T09:48:41.249+0000] {processor.py:161} INFO - Started process (PID=299) to work on /home/airflow/.local/lib/python3.8/site-packages/airflow/example_dags/example_sensors.py
[2024-02-14T09:48:41.251+0000] {processor.py:830} INFO - Processing file /home/airflow/.local/lib/python3.8/site-packages/airflow/example_dags/example_sensors.py for tasks to queue
[2024-02-14T09:48:41.252+0000] {logging_mixin.py:188} INFO - [2024-02-14T09:48:41.252+0000] {dagbag.py:538} INFO - Filling up the DagBag from /home/airflow/.local/lib/python3.8/site-packages/airflow/example_dags/example_sensors.py
[2024-02-14T09:48:41.259+0000] {processor.py:840} INFO - DAG(s) 'example_sensors' retrieved from /home/airflow/.local/lib/python3.8/site-packages/airflow/example_dags/example_sensors.py
[2024-02-14T09:48:41.274+0000] {logging_mixin.py:188} INFO - [2024-02-14T09:48:41.274+0000] {dag.py:3036} INFO - Sync 1 DAGs
[2024-02-14T09:48:41.283+0000] {logging_mixin.py:188} INFO - [2024-02-14T09:48:41.282+0000] {dag.py:3823} INFO - Setting next_dagrun for example_sensors to None, run_after=None
[2024-02-14T09:48:41.296+0000] {processor.py:183} INFO - Processing /home/airflow/.local/lib/python3.8/site-packages/airflow/example_dags/example_sensors.py took 0.050 seconds
[2024-02-14T09:49:11.849+0000] {processor.py:161} INFO - Started process (PID=355) to work on /home/airflow/.local/lib/python3.8/site-packages/airflow/example_dags/example_sensors.py
[2024-02-14T09:49:11.850+0000] {processor.py:830} INFO - Processing file /home/airflow/.local/lib/python3.8/site-packages/airflow/example_dags/example_sensors.py for tasks to queue
[2024-02-14T09:49:11.852+0000] {logging_mixin.py:188} INFO - [2024-02-14T09:49:11.852+0000] {dagbag.py:538} INFO - Filling up the DagBag from /home/airflow/.local/lib/python3.8/site-packages/airflow/example_dags/example_sensors.py
[2024-02-14T09:49:11.858+0000] {processor.py:840} INFO - DAG(s) 'example_sensors' retrieved from /home/airflow/.local/lib/python3.8/site-packages/airflow/example_dags/example_sensors.py
[2024-02-14T09:49:11.876+0000] {logging_mixin.py:188} INFO - [2024-02-14T09:49:11.876+0000] {dag.py:3036} INFO - Sync 1 DAGs
[2024-02-14T09:49:11.884+0000] {logging_mixin.py:188} INFO - [2024-02-14T09:49:11.884+0000] {dag.py:3823} INFO - Setting next_dagrun for example_sensors to None, run_after=None
[2024-02-14T09:49:11.897+0000] {processor.py:183} INFO - Processing /home/airflow/.local/lib/python3.8/site-packages/airflow/example_dags/example_sensors.py took 0.051 seconds
[2024-02-14T09:49:42.743+0000] {processor.py:161} INFO - Started process (PID=411) to work on /home/airflow/.local/lib/python3.8/site-packages/airflow/example_dags/example_sensors.py
[2024-02-14T09:49:42.745+0000] {processor.py:830} INFO - Processing file /home/airflow/.local/lib/python3.8/site-packages/airflow/example_dags/example_sensors.py for tasks to queue
[2024-02-14T09:49:42.747+0000] {logging_mixin.py:188} INFO - [2024-02-14T09:49:42.746+0000] {dagbag.py:538} INFO - Filling up the DagBag from /home/airflow/.local/lib/python3.8/site-packages/airflow/example_dags/example_sensors.py
[2024-02-14T09:49:42.753+0000] {processor.py:840} INFO - DAG(s) 'example_sensors' retrieved from /home/airflow/.local/lib/python3.8/site-packages/airflow/example_dags/example_sensors.py
[2024-02-14T09:49:42.769+0000] {logging_mixin.py:188} INFO - [2024-02-14T09:49:42.769+0000] {dag.py:3036} INFO - Sync 1 DAGs
[2024-02-14T09:49:42.776+0000] {logging_mixin.py:188} INFO - [2024-02-14T09:49:42.776+0000] {dag.py:3823} INFO - Setting next_dagrun for example_sensors to None, run_after=None
[2024-02-14T09:49:42.790+0000] {processor.py:183} INFO - Processing /home/airflow/.local/lib/python3.8/site-packages/airflow/example_dags/example_sensors.py took 0.050 seconds
[2024-02-14T09:50:13.266+0000] {processor.py:161} INFO - Started process (PID=469) to work on /home/airflow/.local/lib/python3.8/site-packages/airflow/example_dags/example_sensors.py
[2024-02-14T09:50:13.268+0000] {processor.py:830} INFO - Processing file /home/airflow/.local/lib/python3.8/site-packages/airflow/example_dags/example_sensors.py for tasks to queue
[2024-02-14T09:50:13.269+0000] {logging_mixin.py:188} INFO - [2024-02-14T09:50:13.269+0000] {dagbag.py:538} INFO - Filling up the DagBag from /home/airflow/.local/lib/python3.8/site-packages/airflow/example_dags/example_sensors.py
[2024-02-14T09:50:13.276+0000] {processor.py:840} INFO - DAG(s) 'example_sensors' retrieved from /home/airflow/.local/lib/python3.8/site-packages/airflow/example_dags/example_sensors.py
[2024-02-14T09:50:13.294+0000] {logging_mixin.py:188} INFO - [2024-02-14T09:50:13.294+0000] {dag.py:3036} INFO - Sync 1 DAGs
[2024-02-14T09:50:13.301+0000] {logging_mixin.py:188} INFO - [2024-02-14T09:50:13.301+0000] {dag.py:3823} INFO - Setting next_dagrun for example_sensors to None, run_after=None
[2024-02-14T09:50:13.315+0000] {processor.py:183} INFO - Processing /home/airflow/.local/lib/python3.8/site-packages/airflow/example_dags/example_sensors.py took 0.051 seconds
[2024-02-14T09:50:43.558+0000] {processor.py:161} INFO - Started process (PID=525) to work on /home/airflow/.local/lib/python3.8/site-packages/airflow/example_dags/example_sensors.py
[2024-02-14T09:50:43.560+0000] {processor.py:830} INFO - Processing file /home/airflow/.local/lib/python3.8/site-packages/airflow/example_dags/example_sensors.py for tasks to queue
[2024-02-14T09:50:43.562+0000] {logging_mixin.py:188} INFO - [2024-02-14T09:50:43.562+0000] {dagbag.py:538} INFO - Filling up the DagBag from /home/airflow/.local/lib/python3.8/site-packages/airflow/example_dags/example_sensors.py
[2024-02-14T09:50:43.569+0000] {processor.py:840} INFO - DAG(s) 'example_sensors' retrieved from /home/airflow/.local/lib/python3.8/site-packages/airflow/example_dags/example_sensors.py
[2024-02-14T09:50:43.592+0000] {logging_mixin.py:188} INFO - [2024-02-14T09:50:43.592+0000] {dag.py:3036} INFO - Sync 1 DAGs
[2024-02-14T09:50:43.602+0000] {logging_mixin.py:188} INFO - [2024-02-14T09:50:43.601+0000] {dag.py:3823} INFO - Setting next_dagrun for example_sensors to None, run_after=None
[2024-02-14T09:50:43.615+0000] {processor.py:183} INFO - Processing /home/airflow/.local/lib/python3.8/site-packages/airflow/example_dags/example_sensors.py took 0.061 seconds
[2024-02-14T09:51:13.906+0000] {processor.py:161} INFO - Started process (PID=581) to work on /home/airflow/.local/lib/python3.8/site-packages/airflow/example_dags/example_sensors.py
[2024-02-14T09:51:13.908+0000] {processor.py:830} INFO - Processing file /home/airflow/.local/lib/python3.8/site-packages/airflow/example_dags/example_sensors.py for tasks to queue
[2024-02-14T09:51:13.910+0000] {logging_mixin.py:188} INFO - [2024-02-14T09:51:13.910+0000] {dagbag.py:538} INFO - Filling up the DagBag from /home/airflow/.local/lib/python3.8/site-packages/airflow/example_dags/example_sensors.py
[2024-02-14T09:51:13.916+0000] {processor.py:840} INFO - DAG(s) 'example_sensors' retrieved from /home/airflow/.local/lib/python3.8/site-packages/airflow/example_dags/example_sensors.py
[2024-02-14T09:51:13.934+0000] {logging_mixin.py:188} INFO - [2024-02-14T09:51:13.934+0000] {dag.py:3036} INFO - Sync 1 DAGs
[2024-02-14T09:51:13.942+0000] {logging_mixin.py:188} INFO - [2024-02-14T09:51:13.942+0000] {dag.py:3823} INFO - Setting next_dagrun for example_sensors to None, run_after=None
[2024-02-14T09:51:13.954+0000] {processor.py:183} INFO - Processing /home/airflow/.local/lib/python3.8/site-packages/airflow/example_dags/example_sensors.py took 0.050 seconds
[2024-02-14T09:51:44.465+0000] {processor.py:161} INFO - Started process (PID=639) to work on /home/airflow/.local/lib/python3.8/site-packages/airflow/example_dags/example_sensors.py
[2024-02-14T09:51:44.467+0000] {processor.py:830} INFO - Processing file /home/airflow/.local/lib/python3.8/site-packages/airflow/example_dags/example_sensors.py for tasks to queue
[2024-02-14T09:51:44.469+0000] {logging_mixin.py:188} INFO - [2024-02-14T09:51:44.469+0000] {dagbag.py:538} INFO - Filling up the DagBag from /home/airflow/.local/lib/python3.8/site-packages/airflow/example_dags/example_sensors.py
[2024-02-14T09:51:44.475+0000] {processor.py:840} INFO - DAG(s) 'example_sensors' retrieved from /home/airflow/.local/lib/python3.8/site-packages/airflow/example_dags/example_sensors.py
[2024-02-14T09:51:44.492+0000] {logging_mixin.py:188} INFO - [2024-02-14T09:51:44.492+0000] {dag.py:3036} INFO - Sync 1 DAGs
[2024-02-14T09:51:44.502+0000] {logging_mixin.py:188} INFO - [2024-02-14T09:51:44.501+0000] {dag.py:3823} INFO - Setting next_dagrun for example_sensors to None, run_after=None
[2024-02-14T09:51:44.513+0000] {processor.py:183} INFO - Processing /home/airflow/.local/lib/python3.8/site-packages/airflow/example_dags/example_sensors.py took 0.051 seconds
[2024-02-14T09:52:14.931+0000] {processor.py:161} INFO - Started process (PID=696) to work on /home/airflow/.local/lib/python3.8/site-packages/airflow/example_dags/example_sensors.py
[2024-02-14T09:52:14.932+0000] {processor.py:830} INFO - Processing file /home/airflow/.local/lib/python3.8/site-packages/airflow/example_dags/example_sensors.py for tasks to queue
[2024-02-14T09:52:14.935+0000] {logging_mixin.py:188} INFO - [2024-02-14T09:52:14.935+0000] {dagbag.py:538} INFO - Filling up the DagBag from /home/airflow/.local/lib/python3.8/site-packages/airflow/example_dags/example_sensors.py
[2024-02-14T09:52:14.942+0000] {processor.py:840} INFO - DAG(s) 'example_sensors' retrieved from /home/airflow/.local/lib/python3.8/site-packages/airflow/example_dags/example_sensors.py
[2024-02-14T09:52:14.958+0000] {logging_mixin.py:188} INFO - [2024-02-14T09:52:14.958+0000] {dag.py:3036} INFO - Sync 1 DAGs
[2024-02-14T09:52:14.966+0000] {logging_mixin.py:188} INFO - [2024-02-14T09:52:14.966+0000] {dag.py:3823} INFO - Setting next_dagrun for example_sensors to None, run_after=None
[2024-02-14T09:52:14.980+0000] {processor.py:183} INFO - Processing /home/airflow/.local/lib/python3.8/site-packages/airflow/example_dags/example_sensors.py took 0.051 seconds
[2024-02-14T09:52:45.361+0000] {processor.py:161} INFO - Started process (PID=752) to work on /home/airflow/.local/lib/python3.8/site-packages/airflow/example_dags/example_sensors.py
[2024-02-14T09:52:45.363+0000] {processor.py:830} INFO - Processing file /home/airflow/.local/lib/python3.8/site-packages/airflow/example_dags/example_sensors.py for tasks to queue
[2024-02-14T09:52:45.366+0000] {logging_mixin.py:188} INFO - [2024-02-14T09:52:45.365+0000] {dagbag.py:538} INFO - Filling up the DagBag from /home/airflow/.local/lib/python3.8/site-packages/airflow/example_dags/example_sensors.py
[2024-02-14T09:52:45.372+0000] {processor.py:840} INFO - DAG(s) 'example_sensors' retrieved from /home/airflow/.local/lib/python3.8/site-packages/airflow/example_dags/example_sensors.py
[2024-02-14T09:52:45.391+0000] {logging_mixin.py:188} INFO - [2024-02-14T09:52:45.390+0000] {dag.py:3036} INFO - Sync 1 DAGs
[2024-02-14T09:52:45.399+0000] {logging_mixin.py:188} INFO - [2024-02-14T09:52:45.399+0000] {dag.py:3823} INFO - Setting next_dagrun for example_sensors to None, run_after=None
[2024-02-14T09:52:45.411+0000] {processor.py:183} INFO - Processing /home/airflow/.local/lib/python3.8/site-packages/airflow/example_dags/example_sensors.py took 0.052 seconds
[2024-02-14T09:53:38.928+0000] {processor.py:161} INFO - Started process (PID=73) to work on /home/airflow/.local/lib/python3.8/site-packages/airflow/example_dags/example_sensors.py
[2024-02-14T09:53:38.930+0000] {processor.py:830} INFO - Processing file /home/airflow/.local/lib/python3.8/site-packages/airflow/example_dags/example_sensors.py for tasks to queue
[2024-02-14T09:53:38.932+0000] {logging_mixin.py:188} INFO - [2024-02-14T09:53:38.931+0000] {dagbag.py:538} INFO - Filling up the DagBag from /home/airflow/.local/lib/python3.8/site-packages/airflow/example_dags/example_sensors.py
[2024-02-14T09:53:38.938+0000] {processor.py:840} INFO - DAG(s) 'example_sensors' retrieved from /home/airflow/.local/lib/python3.8/site-packages/airflow/example_dags/example_sensors.py
[2024-02-14T09:53:38.948+0000] {logging_mixin.py:188} INFO - [2024-02-14T09:53:38.948+0000] {dag.py:3036} INFO - Sync 1 DAGs
[2024-02-14T09:53:38.957+0000] {logging_mixin.py:188} INFO - [2024-02-14T09:53:38.957+0000] {dag.py:3823} INFO - Setting next_dagrun for example_sensors to None, run_after=None
[2024-02-14T09:53:38.969+0000] {processor.py:183} INFO - Processing /home/airflow/.local/lib/python3.8/site-packages/airflow/example_dags/example_sensors.py took 0.044 seconds
[2024-02-14T09:54:10.932+0000] {processor.py:161} INFO - Started process (PID=129) to work on /home/airflow/.local/lib/python3.8/site-packages/airflow/example_dags/example_sensors.py
[2024-02-14T09:54:10.934+0000] {processor.py:830} INFO - Processing file /home/airflow/.local/lib/python3.8/site-packages/airflow/example_dags/example_sensors.py for tasks to queue
[2024-02-14T09:54:10.937+0000] {logging_mixin.py:188} INFO - [2024-02-14T09:54:10.937+0000] {dagbag.py:538} INFO - Filling up the DagBag from /home/airflow/.local/lib/python3.8/site-packages/airflow/example_dags/example_sensors.py
[2024-02-14T09:54:10.945+0000] {processor.py:840} INFO - DAG(s) 'example_sensors' retrieved from /home/airflow/.local/lib/python3.8/site-packages/airflow/example_dags/example_sensors.py
[2024-02-14T09:54:11.009+0000] {logging_mixin.py:188} INFO - [2024-02-14T09:54:11.009+0000] {dag.py:3036} INFO - Sync 1 DAGs
[2024-02-14T09:54:11.016+0000] {logging_mixin.py:188} INFO - [2024-02-14T09:54:11.016+0000] {dag.py:3823} INFO - Setting next_dagrun for example_sensors to None, run_after=None
[2024-02-14T09:54:11.034+0000] {processor.py:183} INFO - Processing /home/airflow/.local/lib/python3.8/site-packages/airflow/example_dags/example_sensors.py took 0.105 seconds
[2024-02-14T09:54:41.177+0000] {processor.py:161} INFO - Started process (PID=186) to work on /home/airflow/.local/lib/python3.8/site-packages/airflow/example_dags/example_sensors.py
[2024-02-14T09:54:41.179+0000] {processor.py:830} INFO - Processing file /home/airflow/.local/lib/python3.8/site-packages/airflow/example_dags/example_sensors.py for tasks to queue
[2024-02-14T09:54:41.181+0000] {logging_mixin.py:188} INFO - [2024-02-14T09:54:41.181+0000] {dagbag.py:538} INFO - Filling up the DagBag from /home/airflow/.local/lib/python3.8/site-packages/airflow/example_dags/example_sensors.py
[2024-02-14T09:54:41.188+0000] {processor.py:840} INFO - DAG(s) 'example_sensors' retrieved from /home/airflow/.local/lib/python3.8/site-packages/airflow/example_dags/example_sensors.py
[2024-02-14T09:54:41.207+0000] {logging_mixin.py:188} INFO - [2024-02-14T09:54:41.207+0000] {dag.py:3036} INFO - Sync 1 DAGs
[2024-02-14T09:54:41.215+0000] {logging_mixin.py:188} INFO - [2024-02-14T09:54:41.215+0000] {dag.py:3823} INFO - Setting next_dagrun for example_sensors to None, run_after=None
[2024-02-14T09:54:41.228+0000] {processor.py:183} INFO - Processing /home/airflow/.local/lib/python3.8/site-packages/airflow/example_dags/example_sensors.py took 0.054 seconds
[2024-02-14T09:55:50.698+0000] {processor.py:161} INFO - Started process (PID=70) to work on /home/airflow/.local/lib/python3.8/site-packages/airflow/example_dags/example_sensors.py
[2024-02-14T09:55:50.700+0000] {processor.py:830} INFO - Processing file /home/airflow/.local/lib/python3.8/site-packages/airflow/example_dags/example_sensors.py for tasks to queue
[2024-02-14T09:55:50.703+0000] {logging_mixin.py:188} INFO - [2024-02-14T09:55:50.703+0000] {dagbag.py:538} INFO - Filling up the DagBag from /home/airflow/.local/lib/python3.8/site-packages/airflow/example_dags/example_sensors.py
[2024-02-14T09:55:50.710+0000] {processor.py:840} INFO - DAG(s) 'example_sensors' retrieved from /home/airflow/.local/lib/python3.8/site-packages/airflow/example_dags/example_sensors.py
[2024-02-14T09:55:50.720+0000] {logging_mixin.py:188} INFO - [2024-02-14T09:55:50.720+0000] {dag.py:3036} INFO - Sync 1 DAGs
[2024-02-14T09:55:50.732+0000] {logging_mixin.py:188} INFO - [2024-02-14T09:55:50.732+0000] {dag.py:3823} INFO - Setting next_dagrun for example_sensors to None, run_after=None
[2024-02-14T09:55:50.746+0000] {processor.py:183} INFO - Processing /home/airflow/.local/lib/python3.8/site-packages/airflow/example_dags/example_sensors.py took 0.050 seconds
[2024-02-14T09:56:21.328+0000] {processor.py:161} INFO - Started process (PID=132) to work on /home/airflow/.local/lib/python3.8/site-packages/airflow/example_dags/example_sensors.py
[2024-02-14T09:56:21.332+0000] {processor.py:830} INFO - Processing file /home/airflow/.local/lib/python3.8/site-packages/airflow/example_dags/example_sensors.py for tasks to queue
[2024-02-14T09:56:21.336+0000] {logging_mixin.py:188} INFO - [2024-02-14T09:56:21.336+0000] {dagbag.py:538} INFO - Filling up the DagBag from /home/airflow/.local/lib/python3.8/site-packages/airflow/example_dags/example_sensors.py
[2024-02-14T09:56:21.352+0000] {processor.py:840} INFO - DAG(s) 'example_sensors' retrieved from /home/airflow/.local/lib/python3.8/site-packages/airflow/example_dags/example_sensors.py
[2024-02-14T09:56:21.443+0000] {logging_mixin.py:188} INFO - [2024-02-14T09:56:21.443+0000] {dag.py:3036} INFO - Sync 1 DAGs
[2024-02-14T09:56:21.453+0000] {logging_mixin.py:188} INFO - [2024-02-14T09:56:21.453+0000] {dag.py:3823} INFO - Setting next_dagrun for example_sensors to None, run_after=None
[2024-02-14T09:56:21.482+0000] {processor.py:183} INFO - Processing /home/airflow/.local/lib/python3.8/site-packages/airflow/example_dags/example_sensors.py took 0.160 seconds
[2024-02-14T09:56:52.702+0000] {processor.py:161} INFO - Started process (PID=189) to work on /home/airflow/.local/lib/python3.8/site-packages/airflow/example_dags/example_sensors.py
[2024-02-14T09:56:52.704+0000] {processor.py:830} INFO - Processing file /home/airflow/.local/lib/python3.8/site-packages/airflow/example_dags/example_sensors.py for tasks to queue
[2024-02-14T09:56:52.708+0000] {logging_mixin.py:188} INFO - [2024-02-14T09:56:52.707+0000] {dagbag.py:538} INFO - Filling up the DagBag from /home/airflow/.local/lib/python3.8/site-packages/airflow/example_dags/example_sensors.py
[2024-02-14T09:56:52.721+0000] {processor.py:840} INFO - DAG(s) 'example_sensors' retrieved from /home/airflow/.local/lib/python3.8/site-packages/airflow/example_dags/example_sensors.py
[2024-02-14T09:56:52.750+0000] {logging_mixin.py:188} INFO - [2024-02-14T09:56:52.750+0000] {dag.py:3036} INFO - Sync 1 DAGs
[2024-02-14T09:56:52.764+0000] {logging_mixin.py:188} INFO - [2024-02-14T09:56:52.763+0000] {dag.py:3823} INFO - Setting next_dagrun for example_sensors to None, run_after=None
[2024-02-14T09:56:52.788+0000] {processor.py:183} INFO - Processing /home/airflow/.local/lib/python3.8/site-packages/airflow/example_dags/example_sensors.py took 0.090 seconds
[2024-02-14T09:57:23.731+0000] {processor.py:161} INFO - Started process (PID=246) to work on /home/airflow/.local/lib/python3.8/site-packages/airflow/example_dags/example_sensors.py
[2024-02-14T09:57:23.735+0000] {processor.py:830} INFO - Processing file /home/airflow/.local/lib/python3.8/site-packages/airflow/example_dags/example_sensors.py for tasks to queue
[2024-02-14T09:57:23.738+0000] {logging_mixin.py:188} INFO - [2024-02-14T09:57:23.737+0000] {dagbag.py:538} INFO - Filling up the DagBag from /home/airflow/.local/lib/python3.8/site-packages/airflow/example_dags/example_sensors.py
[2024-02-14T09:57:23.750+0000] {processor.py:840} INFO - DAG(s) 'example_sensors' retrieved from /home/airflow/.local/lib/python3.8/site-packages/airflow/example_dags/example_sensors.py
[2024-02-14T09:57:23.775+0000] {logging_mixin.py:188} INFO - [2024-02-14T09:57:23.775+0000] {dag.py:3036} INFO - Sync 1 DAGs
[2024-02-14T09:57:23.784+0000] {logging_mixin.py:188} INFO - [2024-02-14T09:57:23.784+0000] {dag.py:3823} INFO - Setting next_dagrun for example_sensors to None, run_after=None
[2024-02-14T09:57:23.797+0000] {processor.py:183} INFO - Processing /home/airflow/.local/lib/python3.8/site-packages/airflow/example_dags/example_sensors.py took 0.070 seconds
[2024-02-14T09:57:54.385+0000] {processor.py:161} INFO - Started process (PID=304) to work on /home/airflow/.local/lib/python3.8/site-packages/airflow/example_dags/example_sensors.py
[2024-02-14T09:57:54.388+0000] {processor.py:830} INFO - Processing file /home/airflow/.local/lib/python3.8/site-packages/airflow/example_dags/example_sensors.py for tasks to queue
[2024-02-14T09:57:54.393+0000] {logging_mixin.py:188} INFO - [2024-02-14T09:57:54.392+0000] {dagbag.py:538} INFO - Filling up the DagBag from /home/airflow/.local/lib/python3.8/site-packages/airflow/example_dags/example_sensors.py
[2024-02-14T09:57:54.403+0000] {processor.py:840} INFO - DAG(s) 'example_sensors' retrieved from /home/airflow/.local/lib/python3.8/site-packages/airflow/example_dags/example_sensors.py
[2024-02-14T09:57:54.423+0000] {logging_mixin.py:188} INFO - [2024-02-14T09:57:54.423+0000] {dag.py:3036} INFO - Sync 1 DAGs
[2024-02-14T09:57:54.431+0000] {logging_mixin.py:188} INFO - [2024-02-14T09:57:54.431+0000] {dag.py:3823} INFO - Setting next_dagrun for example_sensors to None, run_after=None
[2024-02-14T09:57:54.442+0000] {processor.py:183} INFO - Processing /home/airflow/.local/lib/python3.8/site-packages/airflow/example_dags/example_sensors.py took 0.068 seconds
[2024-02-14T09:58:24.739+0000] {processor.py:161} INFO - Started process (PID=361) to work on /home/airflow/.local/lib/python3.8/site-packages/airflow/example_dags/example_sensors.py
[2024-02-14T09:58:24.741+0000] {processor.py:830} INFO - Processing file /home/airflow/.local/lib/python3.8/site-packages/airflow/example_dags/example_sensors.py for tasks to queue
[2024-02-14T09:58:24.745+0000] {logging_mixin.py:188} INFO - [2024-02-14T09:58:24.744+0000] {dagbag.py:538} INFO - Filling up the DagBag from /home/airflow/.local/lib/python3.8/site-packages/airflow/example_dags/example_sensors.py
[2024-02-14T09:58:24.755+0000] {processor.py:840} INFO - DAG(s) 'example_sensors' retrieved from /home/airflow/.local/lib/python3.8/site-packages/airflow/example_dags/example_sensors.py
[2024-02-14T09:58:24.777+0000] {logging_mixin.py:188} INFO - [2024-02-14T09:58:24.777+0000] {dag.py:3036} INFO - Sync 1 DAGs
[2024-02-14T09:58:24.786+0000] {logging_mixin.py:188} INFO - [2024-02-14T09:58:24.786+0000] {dag.py:3823} INFO - Setting next_dagrun for example_sensors to None, run_after=None
[2024-02-14T09:58:24.799+0000] {processor.py:183} INFO - Processing /home/airflow/.local/lib/python3.8/site-packages/airflow/example_dags/example_sensors.py took 0.065 seconds
[2024-02-14T09:58:55.720+0000] {processor.py:161} INFO - Started process (PID=420) to work on /home/airflow/.local/lib/python3.8/site-packages/airflow/example_dags/example_sensors.py
[2024-02-14T09:58:55.724+0000] {processor.py:830} INFO - Processing file /home/airflow/.local/lib/python3.8/site-packages/airflow/example_dags/example_sensors.py for tasks to queue
[2024-02-14T09:58:55.727+0000] {logging_mixin.py:188} INFO - [2024-02-14T09:58:55.727+0000] {dagbag.py:538} INFO - Filling up the DagBag from /home/airflow/.local/lib/python3.8/site-packages/airflow/example_dags/example_sensors.py
[2024-02-14T09:58:55.737+0000] {processor.py:840} INFO - DAG(s) 'example_sensors' retrieved from /home/airflow/.local/lib/python3.8/site-packages/airflow/example_dags/example_sensors.py
[2024-02-14T09:58:55.768+0000] {logging_mixin.py:188} INFO - [2024-02-14T09:58:55.767+0000] {dag.py:3036} INFO - Sync 1 DAGs
[2024-02-14T09:58:55.776+0000] {logging_mixin.py:188} INFO - [2024-02-14T09:58:55.775+0000] {dag.py:3823} INFO - Setting next_dagrun for example_sensors to None, run_after=None
[2024-02-14T09:58:55.788+0000] {processor.py:183} INFO - Processing /home/airflow/.local/lib/python3.8/site-packages/airflow/example_dags/example_sensors.py took 0.074 seconds
[2024-02-14T09:59:26.082+0000] {processor.py:161} INFO - Started process (PID=477) to work on /home/airflow/.local/lib/python3.8/site-packages/airflow/example_dags/example_sensors.py
[2024-02-14T09:59:26.085+0000] {processor.py:830} INFO - Processing file /home/airflow/.local/lib/python3.8/site-packages/airflow/example_dags/example_sensors.py for tasks to queue
[2024-02-14T09:59:26.088+0000] {logging_mixin.py:188} INFO - [2024-02-14T09:59:26.088+0000] {dagbag.py:538} INFO - Filling up the DagBag from /home/airflow/.local/lib/python3.8/site-packages/airflow/example_dags/example_sensors.py
[2024-02-14T09:59:26.097+0000] {processor.py:840} INFO - DAG(s) 'example_sensors' retrieved from /home/airflow/.local/lib/python3.8/site-packages/airflow/example_dags/example_sensors.py
[2024-02-14T09:59:26.120+0000] {logging_mixin.py:188} INFO - [2024-02-14T09:59:26.120+0000] {dag.py:3036} INFO - Sync 1 DAGs
[2024-02-14T09:59:26.129+0000] {logging_mixin.py:188} INFO - [2024-02-14T09:59:26.129+0000] {dag.py:3823} INFO - Setting next_dagrun for example_sensors to None, run_after=None
[2024-02-14T09:59:26.142+0000] {processor.py:183} INFO - Processing /home/airflow/.local/lib/python3.8/site-packages/airflow/example_dags/example_sensors.py took 0.068 seconds
[2024-02-14T09:59:56.864+0000] {processor.py:161} INFO - Started process (PID=533) to work on /home/airflow/.local/lib/python3.8/site-packages/airflow/example_dags/example_sensors.py
[2024-02-14T09:59:56.868+0000] {processor.py:830} INFO - Processing file /home/airflow/.local/lib/python3.8/site-packages/airflow/example_dags/example_sensors.py for tasks to queue
[2024-02-14T09:59:56.875+0000] {logging_mixin.py:188} INFO - [2024-02-14T09:59:56.875+0000] {dagbag.py:538} INFO - Filling up the DagBag from /home/airflow/.local/lib/python3.8/site-packages/airflow/example_dags/example_sensors.py
[2024-02-14T09:59:56.886+0000] {processor.py:840} INFO - DAG(s) 'example_sensors' retrieved from /home/airflow/.local/lib/python3.8/site-packages/airflow/example_dags/example_sensors.py
[2024-02-14T09:59:56.909+0000] {logging_mixin.py:188} INFO - [2024-02-14T09:59:56.909+0000] {dag.py:3036} INFO - Sync 1 DAGs
[2024-02-14T09:59:56.917+0000] {logging_mixin.py:188} INFO - [2024-02-14T09:59:56.916+0000] {dag.py:3823} INFO - Setting next_dagrun for example_sensors to None, run_after=None
[2024-02-14T09:59:56.928+0000] {processor.py:183} INFO - Processing /home/airflow/.local/lib/python3.8/site-packages/airflow/example_dags/example_sensors.py took 0.070 seconds
[2024-02-14T10:00:27.283+0000] {processor.py:161} INFO - Started process (PID=590) to work on /home/airflow/.local/lib/python3.8/site-packages/airflow/example_dags/example_sensors.py
[2024-02-14T10:00:27.288+0000] {processor.py:830} INFO - Processing file /home/airflow/.local/lib/python3.8/site-packages/airflow/example_dags/example_sensors.py for tasks to queue
[2024-02-14T10:00:27.291+0000] {logging_mixin.py:188} INFO - [2024-02-14T10:00:27.291+0000] {dagbag.py:538} INFO - Filling up the DagBag from /home/airflow/.local/lib/python3.8/site-packages/airflow/example_dags/example_sensors.py
[2024-02-14T10:00:27.301+0000] {processor.py:840} INFO - DAG(s) 'example_sensors' retrieved from /home/airflow/.local/lib/python3.8/site-packages/airflow/example_dags/example_sensors.py
[2024-02-14T10:00:27.323+0000] {logging_mixin.py:188} INFO - [2024-02-14T10:00:27.323+0000] {dag.py:3036} INFO - Sync 1 DAGs
[2024-02-14T10:00:27.330+0000] {logging_mixin.py:188} INFO - [2024-02-14T10:00:27.330+0000] {dag.py:3823} INFO - Setting next_dagrun for example_sensors to None, run_after=None
[2024-02-14T10:00:27.342+0000] {processor.py:183} INFO - Processing /home/airflow/.local/lib/python3.8/site-packages/airflow/example_dags/example_sensors.py took 0.064 seconds
[2024-02-14T10:00:57.691+0000] {processor.py:161} INFO - Started process (PID=647) to work on /home/airflow/.local/lib/python3.8/site-packages/airflow/example_dags/example_sensors.py
[2024-02-14T10:00:57.694+0000] {processor.py:830} INFO - Processing file /home/airflow/.local/lib/python3.8/site-packages/airflow/example_dags/example_sensors.py for tasks to queue
[2024-02-14T10:00:57.697+0000] {logging_mixin.py:188} INFO - [2024-02-14T10:00:57.697+0000] {dagbag.py:538} INFO - Filling up the DagBag from /home/airflow/.local/lib/python3.8/site-packages/airflow/example_dags/example_sensors.py
[2024-02-14T10:00:57.712+0000] {processor.py:840} INFO - DAG(s) 'example_sensors' retrieved from /home/airflow/.local/lib/python3.8/site-packages/airflow/example_dags/example_sensors.py
[2024-02-14T10:00:57.737+0000] {logging_mixin.py:188} INFO - [2024-02-14T10:00:57.736+0000] {dag.py:3036} INFO - Sync 1 DAGs
[2024-02-14T10:00:57.746+0000] {logging_mixin.py:188} INFO - [2024-02-14T10:00:57.746+0000] {dag.py:3823} INFO - Setting next_dagrun for example_sensors to None, run_after=None
[2024-02-14T10:00:57.759+0000] {processor.py:183} INFO - Processing /home/airflow/.local/lib/python3.8/site-packages/airflow/example_dags/example_sensors.py took 0.074 seconds
[2024-02-14T10:01:28.774+0000] {processor.py:161} INFO - Started process (PID=703) to work on /home/airflow/.local/lib/python3.8/site-packages/airflow/example_dags/example_sensors.py
[2024-02-14T10:01:28.777+0000] {processor.py:830} INFO - Processing file /home/airflow/.local/lib/python3.8/site-packages/airflow/example_dags/example_sensors.py for tasks to queue
[2024-02-14T10:01:28.782+0000] {logging_mixin.py:188} INFO - [2024-02-14T10:01:28.781+0000] {dagbag.py:538} INFO - Filling up the DagBag from /home/airflow/.local/lib/python3.8/site-packages/airflow/example_dags/example_sensors.py
[2024-02-14T10:01:28.792+0000] {processor.py:840} INFO - DAG(s) 'example_sensors' retrieved from /home/airflow/.local/lib/python3.8/site-packages/airflow/example_dags/example_sensors.py
[2024-02-14T10:01:28.814+0000] {logging_mixin.py:188} INFO - [2024-02-14T10:01:28.813+0000] {dag.py:3036} INFO - Sync 1 DAGs
[2024-02-14T10:01:28.822+0000] {logging_mixin.py:188} INFO - [2024-02-14T10:01:28.821+0000] {dag.py:3823} INFO - Setting next_dagrun for example_sensors to None, run_after=None
[2024-02-14T10:01:28.832+0000] {processor.py:183} INFO - Processing /home/airflow/.local/lib/python3.8/site-packages/airflow/example_dags/example_sensors.py took 0.064 seconds
[2024-02-14T10:01:59.712+0000] {processor.py:161} INFO - Started process (PID=760) to work on /home/airflow/.local/lib/python3.8/site-packages/airflow/example_dags/example_sensors.py
[2024-02-14T10:01:59.714+0000] {processor.py:830} INFO - Processing file /home/airflow/.local/lib/python3.8/site-packages/airflow/example_dags/example_sensors.py for tasks to queue
[2024-02-14T10:01:59.717+0000] {logging_mixin.py:188} INFO - [2024-02-14T10:01:59.717+0000] {dagbag.py:538} INFO - Filling up the DagBag from /home/airflow/.local/lib/python3.8/site-packages/airflow/example_dags/example_sensors.py
[2024-02-14T10:01:59.730+0000] {processor.py:840} INFO - DAG(s) 'example_sensors' retrieved from /home/airflow/.local/lib/python3.8/site-packages/airflow/example_dags/example_sensors.py
[2024-02-14T10:01:59.751+0000] {logging_mixin.py:188} INFO - [2024-02-14T10:01:59.751+0000] {dag.py:3036} INFO - Sync 1 DAGs
[2024-02-14T10:01:59.762+0000] {logging_mixin.py:188} INFO - [2024-02-14T10:01:59.761+0000] {dag.py:3823} INFO - Setting next_dagrun for example_sensors to None, run_after=None
[2024-02-14T10:01:59.778+0000] {processor.py:183} INFO - Processing /home/airflow/.local/lib/python3.8/site-packages/airflow/example_dags/example_sensors.py took 0.069 seconds
[2024-02-14T10:02:30.321+0000] {processor.py:161} INFO - Started process (PID=817) to work on /home/airflow/.local/lib/python3.8/site-packages/airflow/example_dags/example_sensors.py
[2024-02-14T10:02:30.325+0000] {processor.py:830} INFO - Processing file /home/airflow/.local/lib/python3.8/site-packages/airflow/example_dags/example_sensors.py for tasks to queue
[2024-02-14T10:02:30.337+0000] {logging_mixin.py:188} INFO - [2024-02-14T10:02:30.336+0000] {dagbag.py:538} INFO - Filling up the DagBag from /home/airflow/.local/lib/python3.8/site-packages/airflow/example_dags/example_sensors.py
[2024-02-14T10:02:30.349+0000] {processor.py:840} INFO - DAG(s) 'example_sensors' retrieved from /home/airflow/.local/lib/python3.8/site-packages/airflow/example_dags/example_sensors.py
[2024-02-14T10:02:30.378+0000] {logging_mixin.py:188} INFO - [2024-02-14T10:02:30.377+0000] {dag.py:3036} INFO - Sync 1 DAGs
[2024-02-14T10:02:30.391+0000] {logging_mixin.py:188} INFO - [2024-02-14T10:02:30.390+0000] {dag.py:3823} INFO - Setting next_dagrun for example_sensors to None, run_after=None
[2024-02-14T10:02:30.431+0000] {processor.py:183} INFO - Processing /home/airflow/.local/lib/python3.8/site-packages/airflow/example_dags/example_sensors.py took 0.120 seconds
[2024-02-14T10:03:01.102+0000] {processor.py:161} INFO - Started process (PID=876) to work on /home/airflow/.local/lib/python3.8/site-packages/airflow/example_dags/example_sensors.py
[2024-02-14T10:03:01.107+0000] {processor.py:830} INFO - Processing file /home/airflow/.local/lib/python3.8/site-packages/airflow/example_dags/example_sensors.py for tasks to queue
[2024-02-14T10:03:01.115+0000] {logging_mixin.py:188} INFO - [2024-02-14T10:03:01.114+0000] {dagbag.py:538} INFO - Filling up the DagBag from /home/airflow/.local/lib/python3.8/site-packages/airflow/example_dags/example_sensors.py
[2024-02-14T10:03:01.133+0000] {processor.py:840} INFO - DAG(s) 'example_sensors' retrieved from /home/airflow/.local/lib/python3.8/site-packages/airflow/example_dags/example_sensors.py
[2024-02-14T10:03:01.159+0000] {logging_mixin.py:188} INFO - [2024-02-14T10:03:01.159+0000] {dag.py:3036} INFO - Sync 1 DAGs
[2024-02-14T10:03:01.178+0000] {logging_mixin.py:188} INFO - [2024-02-14T10:03:01.177+0000] {dag.py:3823} INFO - Setting next_dagrun for example_sensors to None, run_after=None
[2024-02-14T10:03:01.194+0000] {processor.py:183} INFO - Processing /home/airflow/.local/lib/python3.8/site-packages/airflow/example_dags/example_sensors.py took 0.100 seconds
