[2024-02-14T09:34:19.051+0000] {processor.py:161} INFO - Started process (PID=59) to work on /home/airflow/.local/lib/python3.8/site-packages/airflow/example_dags/example_nested_branch_dag.py
[2024-02-14T09:34:19.058+0000] {processor.py:830} INFO - Processing file /home/airflow/.local/lib/python3.8/site-packages/airflow/example_dags/example_nested_branch_dag.py for tasks to queue
[2024-02-14T09:34:19.062+0000] {logging_mixin.py:188} INFO - [2024-02-14T09:34:19.061+0000] {dagbag.py:538} INFO - Filling up the DagBag from /home/airflow/.local/lib/python3.8/site-packages/airflow/example_dags/example_nested_branch_dag.py
[2024-02-14T09:34:19.073+0000] {processor.py:840} INFO - DAG(s) 'example_nested_branch_dag' retrieved from /home/airflow/.local/lib/python3.8/site-packages/airflow/example_dags/example_nested_branch_dag.py
[2024-02-14T09:34:19.093+0000] {logging_mixin.py:188} INFO - [2024-02-14T09:34:19.093+0000] {dag.py:3036} INFO - Sync 1 DAGs
[2024-02-14T09:34:19.166+0000] {logging_mixin.py:188} INFO - [2024-02-14T09:34:19.166+0000] {dag.py:3823} INFO - Setting next_dagrun for example_nested_branch_dag to 2024-02-13 00:00:00+00:00, run_after=2024-02-14 00:00:00+00:00
[2024-02-14T09:34:19.200+0000] {processor.py:183} INFO - Processing /home/airflow/.local/lib/python3.8/site-packages/airflow/example_dags/example_nested_branch_dag.py took 0.169 seconds
[2024-02-14T09:34:49.473+0000] {processor.py:161} INFO - Started process (PID=116) to work on /home/airflow/.local/lib/python3.8/site-packages/airflow/example_dags/example_nested_branch_dag.py
[2024-02-14T09:34:49.474+0000] {processor.py:830} INFO - Processing file /home/airflow/.local/lib/python3.8/site-packages/airflow/example_dags/example_nested_branch_dag.py for tasks to queue
[2024-02-14T09:34:49.476+0000] {logging_mixin.py:188} INFO - [2024-02-14T09:34:49.476+0000] {dagbag.py:538} INFO - Filling up the DagBag from /home/airflow/.local/lib/python3.8/site-packages/airflow/example_dags/example_nested_branch_dag.py
[2024-02-14T09:34:49.485+0000] {processor.py:840} INFO - DAG(s) 'example_nested_branch_dag' retrieved from /home/airflow/.local/lib/python3.8/site-packages/airflow/example_dags/example_nested_branch_dag.py
[2024-02-14T09:34:49.568+0000] {logging_mixin.py:188} INFO - [2024-02-14T09:34:49.568+0000] {dag.py:3036} INFO - Sync 1 DAGs
[2024-02-14T09:34:49.583+0000] {logging_mixin.py:188} INFO - [2024-02-14T09:34:49.583+0000] {dag.py:3823} INFO - Setting next_dagrun for example_nested_branch_dag to 2024-02-13 00:00:00+00:00, run_after=2024-02-14 00:00:00+00:00
[2024-02-14T09:34:49.622+0000] {processor.py:183} INFO - Processing /home/airflow/.local/lib/python3.8/site-packages/airflow/example_dags/example_nested_branch_dag.py took 0.152 seconds
[2024-02-14T09:35:19.909+0000] {processor.py:161} INFO - Started process (PID=174) to work on /home/airflow/.local/lib/python3.8/site-packages/airflow/example_dags/example_nested_branch_dag.py
[2024-02-14T09:35:19.911+0000] {processor.py:830} INFO - Processing file /home/airflow/.local/lib/python3.8/site-packages/airflow/example_dags/example_nested_branch_dag.py for tasks to queue
[2024-02-14T09:35:19.913+0000] {logging_mixin.py:188} INFO - [2024-02-14T09:35:19.913+0000] {dagbag.py:538} INFO - Filling up the DagBag from /home/airflow/.local/lib/python3.8/site-packages/airflow/example_dags/example_nested_branch_dag.py
[2024-02-14T09:35:19.920+0000] {processor.py:840} INFO - DAG(s) 'example_nested_branch_dag' retrieved from /home/airflow/.local/lib/python3.8/site-packages/airflow/example_dags/example_nested_branch_dag.py
[2024-02-14T09:35:19.939+0000] {logging_mixin.py:188} INFO - [2024-02-14T09:35:19.939+0000] {dag.py:3036} INFO - Sync 1 DAGs
[2024-02-14T09:35:19.954+0000] {logging_mixin.py:188} INFO - [2024-02-14T09:35:19.954+0000] {dag.py:3823} INFO - Setting next_dagrun for example_nested_branch_dag to 2024-02-13 00:00:00+00:00, run_after=2024-02-14 00:00:00+00:00
[2024-02-14T09:35:19.966+0000] {processor.py:183} INFO - Processing /home/airflow/.local/lib/python3.8/site-packages/airflow/example_dags/example_nested_branch_dag.py took 0.059 seconds
[2024-02-14T09:35:50.333+0000] {processor.py:161} INFO - Started process (PID=230) to work on /home/airflow/.local/lib/python3.8/site-packages/airflow/example_dags/example_nested_branch_dag.py
[2024-02-14T09:35:50.335+0000] {processor.py:830} INFO - Processing file /home/airflow/.local/lib/python3.8/site-packages/airflow/example_dags/example_nested_branch_dag.py for tasks to queue
[2024-02-14T09:35:50.337+0000] {logging_mixin.py:188} INFO - [2024-02-14T09:35:50.336+0000] {dagbag.py:538} INFO - Filling up the DagBag from /home/airflow/.local/lib/python3.8/site-packages/airflow/example_dags/example_nested_branch_dag.py
[2024-02-14T09:35:50.344+0000] {processor.py:840} INFO - DAG(s) 'example_nested_branch_dag' retrieved from /home/airflow/.local/lib/python3.8/site-packages/airflow/example_dags/example_nested_branch_dag.py
[2024-02-14T09:35:50.359+0000] {logging_mixin.py:188} INFO - [2024-02-14T09:35:50.359+0000] {dag.py:3036} INFO - Sync 1 DAGs
[2024-02-14T09:35:50.375+0000] {logging_mixin.py:188} INFO - [2024-02-14T09:35:50.374+0000] {dag.py:3823} INFO - Setting next_dagrun for example_nested_branch_dag to 2024-02-13 00:00:00+00:00, run_after=2024-02-14 00:00:00+00:00
[2024-02-14T09:35:50.390+0000] {processor.py:183} INFO - Processing /home/airflow/.local/lib/python3.8/site-packages/airflow/example_dags/example_nested_branch_dag.py took 0.059 seconds
[2024-02-14T09:36:21.251+0000] {processor.py:161} INFO - Started process (PID=285) to work on /home/airflow/.local/lib/python3.8/site-packages/airflow/example_dags/example_nested_branch_dag.py
[2024-02-14T09:36:21.253+0000] {processor.py:830} INFO - Processing file /home/airflow/.local/lib/python3.8/site-packages/airflow/example_dags/example_nested_branch_dag.py for tasks to queue
[2024-02-14T09:36:21.255+0000] {logging_mixin.py:188} INFO - [2024-02-14T09:36:21.255+0000] {dagbag.py:538} INFO - Filling up the DagBag from /home/airflow/.local/lib/python3.8/site-packages/airflow/example_dags/example_nested_branch_dag.py
[2024-02-14T09:36:21.263+0000] {processor.py:840} INFO - DAG(s) 'example_nested_branch_dag' retrieved from /home/airflow/.local/lib/python3.8/site-packages/airflow/example_dags/example_nested_branch_dag.py
[2024-02-14T09:36:21.279+0000] {logging_mixin.py:188} INFO - [2024-02-14T09:36:21.278+0000] {dag.py:3036} INFO - Sync 1 DAGs
[2024-02-14T09:36:21.292+0000] {logging_mixin.py:188} INFO - [2024-02-14T09:36:21.292+0000] {dag.py:3823} INFO - Setting next_dagrun for example_nested_branch_dag to 2024-02-13 00:00:00+00:00, run_after=2024-02-14 00:00:00+00:00
[2024-02-14T09:36:21.304+0000] {processor.py:183} INFO - Processing /home/airflow/.local/lib/python3.8/site-packages/airflow/example_dags/example_nested_branch_dag.py took 0.055 seconds
[2024-02-14T09:36:51.367+0000] {processor.py:161} INFO - Started process (PID=341) to work on /home/airflow/.local/lib/python3.8/site-packages/airflow/example_dags/example_nested_branch_dag.py
[2024-02-14T09:36:51.369+0000] {processor.py:830} INFO - Processing file /home/airflow/.local/lib/python3.8/site-packages/airflow/example_dags/example_nested_branch_dag.py for tasks to queue
[2024-02-14T09:36:51.370+0000] {logging_mixin.py:188} INFO - [2024-02-14T09:36:51.370+0000] {dagbag.py:538} INFO - Filling up the DagBag from /home/airflow/.local/lib/python3.8/site-packages/airflow/example_dags/example_nested_branch_dag.py
[2024-02-14T09:36:51.377+0000] {processor.py:840} INFO - DAG(s) 'example_nested_branch_dag' retrieved from /home/airflow/.local/lib/python3.8/site-packages/airflow/example_dags/example_nested_branch_dag.py
[2024-02-14T09:36:51.392+0000] {logging_mixin.py:188} INFO - [2024-02-14T09:36:51.391+0000] {dag.py:3036} INFO - Sync 1 DAGs
[2024-02-14T09:36:51.404+0000] {logging_mixin.py:188} INFO - [2024-02-14T09:36:51.404+0000] {dag.py:3823} INFO - Setting next_dagrun for example_nested_branch_dag to 2024-02-13 00:00:00+00:00, run_after=2024-02-14 00:00:00+00:00
[2024-02-14T09:36:51.416+0000] {processor.py:183} INFO - Processing /home/airflow/.local/lib/python3.8/site-packages/airflow/example_dags/example_nested_branch_dag.py took 0.052 seconds
[2024-02-14T09:37:21.891+0000] {processor.py:161} INFO - Started process (PID=400) to work on /home/airflow/.local/lib/python3.8/site-packages/airflow/example_dags/example_nested_branch_dag.py
[2024-02-14T09:37:21.893+0000] {processor.py:830} INFO - Processing file /home/airflow/.local/lib/python3.8/site-packages/airflow/example_dags/example_nested_branch_dag.py for tasks to queue
[2024-02-14T09:37:21.895+0000] {logging_mixin.py:188} INFO - [2024-02-14T09:37:21.895+0000] {dagbag.py:538} INFO - Filling up the DagBag from /home/airflow/.local/lib/python3.8/site-packages/airflow/example_dags/example_nested_branch_dag.py
[2024-02-14T09:37:21.902+0000] {processor.py:840} INFO - DAG(s) 'example_nested_branch_dag' retrieved from /home/airflow/.local/lib/python3.8/site-packages/airflow/example_dags/example_nested_branch_dag.py
[2024-02-14T09:37:21.918+0000] {logging_mixin.py:188} INFO - [2024-02-14T09:37:21.918+0000] {dag.py:3036} INFO - Sync 1 DAGs
[2024-02-14T09:37:21.931+0000] {logging_mixin.py:188} INFO - [2024-02-14T09:37:21.931+0000] {dag.py:3823} INFO - Setting next_dagrun for example_nested_branch_dag to 2024-02-13 00:00:00+00:00, run_after=2024-02-14 00:00:00+00:00
[2024-02-14T09:37:21.941+0000] {processor.py:183} INFO - Processing /home/airflow/.local/lib/python3.8/site-packages/airflow/example_dags/example_nested_branch_dag.py took 0.053 seconds
[2024-02-14T09:37:52.130+0000] {processor.py:161} INFO - Started process (PID=456) to work on /home/airflow/.local/lib/python3.8/site-packages/airflow/example_dags/example_nested_branch_dag.py
[2024-02-14T09:37:52.132+0000] {processor.py:830} INFO - Processing file /home/airflow/.local/lib/python3.8/site-packages/airflow/example_dags/example_nested_branch_dag.py for tasks to queue
[2024-02-14T09:37:52.134+0000] {logging_mixin.py:188} INFO - [2024-02-14T09:37:52.133+0000] {dagbag.py:538} INFO - Filling up the DagBag from /home/airflow/.local/lib/python3.8/site-packages/airflow/example_dags/example_nested_branch_dag.py
[2024-02-14T09:37:52.140+0000] {processor.py:840} INFO - DAG(s) 'example_nested_branch_dag' retrieved from /home/airflow/.local/lib/python3.8/site-packages/airflow/example_dags/example_nested_branch_dag.py
[2024-02-14T09:37:52.155+0000] {logging_mixin.py:188} INFO - [2024-02-14T09:37:52.155+0000] {dag.py:3036} INFO - Sync 1 DAGs
[2024-02-14T09:37:52.170+0000] {logging_mixin.py:188} INFO - [2024-02-14T09:37:52.170+0000] {dag.py:3823} INFO - Setting next_dagrun for example_nested_branch_dag to 2024-02-13 00:00:00+00:00, run_after=2024-02-14 00:00:00+00:00
[2024-02-14T09:37:52.185+0000] {processor.py:183} INFO - Processing /home/airflow/.local/lib/python3.8/site-packages/airflow/example_dags/example_nested_branch_dag.py took 0.057 seconds
[2024-02-14T09:38:22.321+0000] {processor.py:161} INFO - Started process (PID=514) to work on /home/airflow/.local/lib/python3.8/site-packages/airflow/example_dags/example_nested_branch_dag.py
[2024-02-14T09:38:22.322+0000] {processor.py:830} INFO - Processing file /home/airflow/.local/lib/python3.8/site-packages/airflow/example_dags/example_nested_branch_dag.py for tasks to queue
[2024-02-14T09:38:22.324+0000] {logging_mixin.py:188} INFO - [2024-02-14T09:38:22.324+0000] {dagbag.py:538} INFO - Filling up the DagBag from /home/airflow/.local/lib/python3.8/site-packages/airflow/example_dags/example_nested_branch_dag.py
[2024-02-14T09:38:22.332+0000] {processor.py:840} INFO - DAG(s) 'example_nested_branch_dag' retrieved from /home/airflow/.local/lib/python3.8/site-packages/airflow/example_dags/example_nested_branch_dag.py
[2024-02-14T09:38:22.346+0000] {logging_mixin.py:188} INFO - [2024-02-14T09:38:22.346+0000] {dag.py:3036} INFO - Sync 1 DAGs
[2024-02-14T09:38:22.361+0000] {logging_mixin.py:188} INFO - [2024-02-14T09:38:22.361+0000] {dag.py:3823} INFO - Setting next_dagrun for example_nested_branch_dag to 2024-02-13 00:00:00+00:00, run_after=2024-02-14 00:00:00+00:00
[2024-02-14T09:38:22.373+0000] {processor.py:183} INFO - Processing /home/airflow/.local/lib/python3.8/site-packages/airflow/example_dags/example_nested_branch_dag.py took 0.056 seconds
[2024-02-14T09:38:53.119+0000] {processor.py:161} INFO - Started process (PID=571) to work on /home/airflow/.local/lib/python3.8/site-packages/airflow/example_dags/example_nested_branch_dag.py
[2024-02-14T09:38:53.120+0000] {processor.py:830} INFO - Processing file /home/airflow/.local/lib/python3.8/site-packages/airflow/example_dags/example_nested_branch_dag.py for tasks to queue
[2024-02-14T09:38:53.123+0000] {logging_mixin.py:188} INFO - [2024-02-14T09:38:53.123+0000] {dagbag.py:538} INFO - Filling up the DagBag from /home/airflow/.local/lib/python3.8/site-packages/airflow/example_dags/example_nested_branch_dag.py
[2024-02-14T09:38:53.131+0000] {processor.py:840} INFO - DAG(s) 'example_nested_branch_dag' retrieved from /home/airflow/.local/lib/python3.8/site-packages/airflow/example_dags/example_nested_branch_dag.py
[2024-02-14T09:38:53.147+0000] {logging_mixin.py:188} INFO - [2024-02-14T09:38:53.147+0000] {dag.py:3036} INFO - Sync 1 DAGs
[2024-02-14T09:38:53.163+0000] {logging_mixin.py:188} INFO - [2024-02-14T09:38:53.162+0000] {dag.py:3823} INFO - Setting next_dagrun for example_nested_branch_dag to 2024-02-13 00:00:00+00:00, run_after=2024-02-14 00:00:00+00:00
[2024-02-14T09:38:53.176+0000] {processor.py:183} INFO - Processing /home/airflow/.local/lib/python3.8/site-packages/airflow/example_dags/example_nested_branch_dag.py took 0.060 seconds
[2024-02-14T09:43:48.776+0000] {processor.py:161} INFO - Started process (PID=55) to work on /home/airflow/.local/lib/python3.8/site-packages/airflow/example_dags/example_nested_branch_dag.py
[2024-02-14T09:43:48.779+0000] {processor.py:830} INFO - Processing file /home/airflow/.local/lib/python3.8/site-packages/airflow/example_dags/example_nested_branch_dag.py for tasks to queue
[2024-02-14T09:43:48.783+0000] {logging_mixin.py:188} INFO - [2024-02-14T09:43:48.782+0000] {dagbag.py:538} INFO - Filling up the DagBag from /home/airflow/.local/lib/python3.8/site-packages/airflow/example_dags/example_nested_branch_dag.py
[2024-02-14T09:43:48.806+0000] {processor.py:840} INFO - DAG(s) 'example_nested_branch_dag' retrieved from /home/airflow/.local/lib/python3.8/site-packages/airflow/example_dags/example_nested_branch_dag.py
[2024-02-14T09:43:48.825+0000] {logging_mixin.py:188} INFO - [2024-02-14T09:43:48.825+0000] {dag.py:3036} INFO - Sync 1 DAGs
[2024-02-14T09:43:48.847+0000] {logging_mixin.py:188} INFO - [2024-02-14T09:43:48.847+0000] {dag.py:3823} INFO - Setting next_dagrun for example_nested_branch_dag to 2024-02-13 00:00:00+00:00, run_after=2024-02-14 00:00:00+00:00
[2024-02-14T09:43:48.866+0000] {processor.py:183} INFO - Processing /home/airflow/.local/lib/python3.8/site-packages/airflow/example_dags/example_nested_branch_dag.py took 0.106 seconds
[2024-02-14T09:46:37.663+0000] {processor.py:161} INFO - Started process (PID=54) to work on /home/airflow/.local/lib/python3.8/site-packages/airflow/example_dags/example_nested_branch_dag.py
[2024-02-14T09:46:37.665+0000] {processor.py:830} INFO - Processing file /home/airflow/.local/lib/python3.8/site-packages/airflow/example_dags/example_nested_branch_dag.py for tasks to queue
[2024-02-14T09:46:37.667+0000] {logging_mixin.py:188} INFO - [2024-02-14T09:46:37.667+0000] {dagbag.py:538} INFO - Filling up the DagBag from /home/airflow/.local/lib/python3.8/site-packages/airflow/example_dags/example_nested_branch_dag.py
[2024-02-14T09:46:37.677+0000] {processor.py:840} INFO - DAG(s) 'example_nested_branch_dag' retrieved from /home/airflow/.local/lib/python3.8/site-packages/airflow/example_dags/example_nested_branch_dag.py
[2024-02-14T09:46:37.745+0000] {logging_mixin.py:188} INFO - [2024-02-14T09:46:37.744+0000] {override.py:1769} INFO - Created Permission View: can edit on DAG:example_nested_branch_dag
[2024-02-14T09:46:37.753+0000] {logging_mixin.py:188} INFO - [2024-02-14T09:46:37.753+0000] {override.py:1769} INFO - Created Permission View: can read on DAG:example_nested_branch_dag
[2024-02-14T09:46:37.758+0000] {logging_mixin.py:188} INFO - [2024-02-14T09:46:37.758+0000] {override.py:1769} INFO - Created Permission View: can delete on DAG:example_nested_branch_dag
[2024-02-14T09:46:37.760+0000] {logging_mixin.py:188} INFO - [2024-02-14T09:46:37.760+0000] {dag.py:3036} INFO - Sync 1 DAGs
[2024-02-14T09:46:37.768+0000] {logging_mixin.py:188} INFO - [2024-02-14T09:46:37.768+0000] {dag.py:3058} INFO - Creating ORM DAG for example_nested_branch_dag
[2024-02-14T09:46:37.780+0000] {logging_mixin.py:188} INFO - [2024-02-14T09:46:37.779+0000] {dag.py:3823} INFO - Setting next_dagrun for example_nested_branch_dag to 2024-02-13 00:00:00+00:00, run_after=2024-02-14 00:00:00+00:00
[2024-02-14T09:46:37.793+0000] {processor.py:183} INFO - Processing /home/airflow/.local/lib/python3.8/site-packages/airflow/example_dags/example_nested_branch_dag.py took 0.133 seconds
[2024-02-14T09:47:07.942+0000] {processor.py:161} INFO - Started process (PID=109) to work on /home/airflow/.local/lib/python3.8/site-packages/airflow/example_dags/example_nested_branch_dag.py
[2024-02-14T09:47:07.943+0000] {processor.py:830} INFO - Processing file /home/airflow/.local/lib/python3.8/site-packages/airflow/example_dags/example_nested_branch_dag.py for tasks to queue
[2024-02-14T09:47:07.945+0000] {logging_mixin.py:188} INFO - [2024-02-14T09:47:07.945+0000] {dagbag.py:538} INFO - Filling up the DagBag from /home/airflow/.local/lib/python3.8/site-packages/airflow/example_dags/example_nested_branch_dag.py
[2024-02-14T09:47:07.952+0000] {processor.py:840} INFO - DAG(s) 'example_nested_branch_dag' retrieved from /home/airflow/.local/lib/python3.8/site-packages/airflow/example_dags/example_nested_branch_dag.py
[2024-02-14T09:47:07.966+0000] {logging_mixin.py:188} INFO - [2024-02-14T09:47:07.966+0000] {dag.py:3036} INFO - Sync 1 DAGs
[2024-02-14T09:47:07.980+0000] {logging_mixin.py:188} INFO - [2024-02-14T09:47:07.980+0000] {dag.py:3823} INFO - Setting next_dagrun for example_nested_branch_dag to 2024-02-13 00:00:00+00:00, run_after=2024-02-14 00:00:00+00:00
[2024-02-14T09:47:07.992+0000] {processor.py:183} INFO - Processing /home/airflow/.local/lib/python3.8/site-packages/airflow/example_dags/example_nested_branch_dag.py took 0.053 seconds
[2024-02-14T09:47:39.036+0000] {processor.py:161} INFO - Started process (PID=167) to work on /home/airflow/.local/lib/python3.8/site-packages/airflow/example_dags/example_nested_branch_dag.py
[2024-02-14T09:47:39.040+0000] {processor.py:830} INFO - Processing file /home/airflow/.local/lib/python3.8/site-packages/airflow/example_dags/example_nested_branch_dag.py for tasks to queue
[2024-02-14T09:47:39.046+0000] {logging_mixin.py:188} INFO - [2024-02-14T09:47:39.046+0000] {dagbag.py:538} INFO - Filling up the DagBag from /home/airflow/.local/lib/python3.8/site-packages/airflow/example_dags/example_nested_branch_dag.py
[2024-02-14T09:47:39.060+0000] {processor.py:840} INFO - DAG(s) 'example_nested_branch_dag' retrieved from /home/airflow/.local/lib/python3.8/site-packages/airflow/example_dags/example_nested_branch_dag.py
[2024-02-14T09:47:39.099+0000] {logging_mixin.py:188} INFO - [2024-02-14T09:47:39.099+0000] {dag.py:3036} INFO - Sync 1 DAGs
[2024-02-14T09:47:39.125+0000] {logging_mixin.py:188} INFO - [2024-02-14T09:47:39.125+0000] {dag.py:3823} INFO - Setting next_dagrun for example_nested_branch_dag to 2024-02-13 00:00:00+00:00, run_after=2024-02-14 00:00:00+00:00
[2024-02-14T09:47:39.148+0000] {processor.py:183} INFO - Processing /home/airflow/.local/lib/python3.8/site-packages/airflow/example_dags/example_nested_branch_dag.py took 0.115 seconds
[2024-02-14T09:48:09.741+0000] {processor.py:161} INFO - Started process (PID=225) to work on /home/airflow/.local/lib/python3.8/site-packages/airflow/example_dags/example_nested_branch_dag.py
[2024-02-14T09:48:09.743+0000] {processor.py:830} INFO - Processing file /home/airflow/.local/lib/python3.8/site-packages/airflow/example_dags/example_nested_branch_dag.py for tasks to queue
[2024-02-14T09:48:09.746+0000] {logging_mixin.py:188} INFO - [2024-02-14T09:48:09.746+0000] {dagbag.py:538} INFO - Filling up the DagBag from /home/airflow/.local/lib/python3.8/site-packages/airflow/example_dags/example_nested_branch_dag.py
[2024-02-14T09:48:09.755+0000] {processor.py:840} INFO - DAG(s) 'example_nested_branch_dag' retrieved from /home/airflow/.local/lib/python3.8/site-packages/airflow/example_dags/example_nested_branch_dag.py
[2024-02-14T09:48:09.774+0000] {logging_mixin.py:188} INFO - [2024-02-14T09:48:09.774+0000] {dag.py:3036} INFO - Sync 1 DAGs
[2024-02-14T09:48:09.790+0000] {logging_mixin.py:188} INFO - [2024-02-14T09:48:09.790+0000] {dag.py:3823} INFO - Setting next_dagrun for example_nested_branch_dag to 2024-02-13 00:00:00+00:00, run_after=2024-02-14 00:00:00+00:00
[2024-02-14T09:48:09.870+0000] {processor.py:183} INFO - Processing /home/airflow/.local/lib/python3.8/site-packages/airflow/example_dags/example_nested_branch_dag.py took 0.130 seconds
[2024-02-14T09:48:40.439+0000] {processor.py:161} INFO - Started process (PID=285) to work on /home/airflow/.local/lib/python3.8/site-packages/airflow/example_dags/example_nested_branch_dag.py
[2024-02-14T09:48:40.441+0000] {processor.py:830} INFO - Processing file /home/airflow/.local/lib/python3.8/site-packages/airflow/example_dags/example_nested_branch_dag.py for tasks to queue
[2024-02-14T09:48:40.443+0000] {logging_mixin.py:188} INFO - [2024-02-14T09:48:40.443+0000] {dagbag.py:538} INFO - Filling up the DagBag from /home/airflow/.local/lib/python3.8/site-packages/airflow/example_dags/example_nested_branch_dag.py
[2024-02-14T09:48:40.450+0000] {processor.py:840} INFO - DAG(s) 'example_nested_branch_dag' retrieved from /home/airflow/.local/lib/python3.8/site-packages/airflow/example_dags/example_nested_branch_dag.py
[2024-02-14T09:48:40.466+0000] {logging_mixin.py:188} INFO - [2024-02-14T09:48:40.466+0000] {dag.py:3036} INFO - Sync 1 DAGs
[2024-02-14T09:48:40.482+0000] {logging_mixin.py:188} INFO - [2024-02-14T09:48:40.482+0000] {dag.py:3823} INFO - Setting next_dagrun for example_nested_branch_dag to 2024-02-13 00:00:00+00:00, run_after=2024-02-14 00:00:00+00:00
[2024-02-14T09:48:40.494+0000] {processor.py:183} INFO - Processing /home/airflow/.local/lib/python3.8/site-packages/airflow/example_dags/example_nested_branch_dag.py took 0.057 seconds
[2024-02-14T09:49:11.226+0000] {processor.py:161} INFO - Started process (PID=341) to work on /home/airflow/.local/lib/python3.8/site-packages/airflow/example_dags/example_nested_branch_dag.py
[2024-02-14T09:49:11.228+0000] {processor.py:830} INFO - Processing file /home/airflow/.local/lib/python3.8/site-packages/airflow/example_dags/example_nested_branch_dag.py for tasks to queue
[2024-02-14T09:49:11.231+0000] {logging_mixin.py:188} INFO - [2024-02-14T09:49:11.230+0000] {dagbag.py:538} INFO - Filling up the DagBag from /home/airflow/.local/lib/python3.8/site-packages/airflow/example_dags/example_nested_branch_dag.py
[2024-02-14T09:49:11.237+0000] {processor.py:840} INFO - DAG(s) 'example_nested_branch_dag' retrieved from /home/airflow/.local/lib/python3.8/site-packages/airflow/example_dags/example_nested_branch_dag.py
[2024-02-14T09:49:11.256+0000] {logging_mixin.py:188} INFO - [2024-02-14T09:49:11.255+0000] {dag.py:3036} INFO - Sync 1 DAGs
[2024-02-14T09:49:11.270+0000] {logging_mixin.py:188} INFO - [2024-02-14T09:49:11.270+0000] {dag.py:3823} INFO - Setting next_dagrun for example_nested_branch_dag to 2024-02-13 00:00:00+00:00, run_after=2024-02-14 00:00:00+00:00
[2024-02-14T09:49:11.283+0000] {processor.py:183} INFO - Processing /home/airflow/.local/lib/python3.8/site-packages/airflow/example_dags/example_nested_branch_dag.py took 0.059 seconds
[2024-02-14T09:49:42.050+0000] {processor.py:161} INFO - Started process (PID=397) to work on /home/airflow/.local/lib/python3.8/site-packages/airflow/example_dags/example_nested_branch_dag.py
[2024-02-14T09:49:42.051+0000] {processor.py:830} INFO - Processing file /home/airflow/.local/lib/python3.8/site-packages/airflow/example_dags/example_nested_branch_dag.py for tasks to queue
[2024-02-14T09:49:42.053+0000] {logging_mixin.py:188} INFO - [2024-02-14T09:49:42.053+0000] {dagbag.py:538} INFO - Filling up the DagBag from /home/airflow/.local/lib/python3.8/site-packages/airflow/example_dags/example_nested_branch_dag.py
[2024-02-14T09:49:42.062+0000] {processor.py:840} INFO - DAG(s) 'example_nested_branch_dag' retrieved from /home/airflow/.local/lib/python3.8/site-packages/airflow/example_dags/example_nested_branch_dag.py
[2024-02-14T09:49:42.079+0000] {logging_mixin.py:188} INFO - [2024-02-14T09:49:42.079+0000] {dag.py:3036} INFO - Sync 1 DAGs
[2024-02-14T09:49:42.093+0000] {logging_mixin.py:188} INFO - [2024-02-14T09:49:42.093+0000] {dag.py:3823} INFO - Setting next_dagrun for example_nested_branch_dag to 2024-02-13 00:00:00+00:00, run_after=2024-02-14 00:00:00+00:00
[2024-02-14T09:49:42.105+0000] {processor.py:183} INFO - Processing /home/airflow/.local/lib/python3.8/site-packages/airflow/example_dags/example_nested_branch_dag.py took 0.058 seconds
[2024-02-14T09:50:12.643+0000] {processor.py:161} INFO - Started process (PID=455) to work on /home/airflow/.local/lib/python3.8/site-packages/airflow/example_dags/example_nested_branch_dag.py
[2024-02-14T09:50:12.645+0000] {processor.py:830} INFO - Processing file /home/airflow/.local/lib/python3.8/site-packages/airflow/example_dags/example_nested_branch_dag.py for tasks to queue
[2024-02-14T09:50:12.647+0000] {logging_mixin.py:188} INFO - [2024-02-14T09:50:12.647+0000] {dagbag.py:538} INFO - Filling up the DagBag from /home/airflow/.local/lib/python3.8/site-packages/airflow/example_dags/example_nested_branch_dag.py
[2024-02-14T09:50:12.659+0000] {processor.py:840} INFO - DAG(s) 'example_nested_branch_dag' retrieved from /home/airflow/.local/lib/python3.8/site-packages/airflow/example_dags/example_nested_branch_dag.py
[2024-02-14T09:50:12.682+0000] {logging_mixin.py:188} INFO - [2024-02-14T09:50:12.682+0000] {dag.py:3036} INFO - Sync 1 DAGs
[2024-02-14T09:50:12.704+0000] {logging_mixin.py:188} INFO - [2024-02-14T09:50:12.704+0000] {dag.py:3823} INFO - Setting next_dagrun for example_nested_branch_dag to 2024-02-13 00:00:00+00:00, run_after=2024-02-14 00:00:00+00:00
[2024-02-14T09:50:12.727+0000] {processor.py:183} INFO - Processing /home/airflow/.local/lib/python3.8/site-packages/airflow/example_dags/example_nested_branch_dag.py took 0.086 seconds
[2024-02-14T09:50:42.918+0000] {processor.py:161} INFO - Started process (PID=511) to work on /home/airflow/.local/lib/python3.8/site-packages/airflow/example_dags/example_nested_branch_dag.py
[2024-02-14T09:50:42.920+0000] {processor.py:830} INFO - Processing file /home/airflow/.local/lib/python3.8/site-packages/airflow/example_dags/example_nested_branch_dag.py for tasks to queue
[2024-02-14T09:50:42.923+0000] {logging_mixin.py:188} INFO - [2024-02-14T09:50:42.923+0000] {dagbag.py:538} INFO - Filling up the DagBag from /home/airflow/.local/lib/python3.8/site-packages/airflow/example_dags/example_nested_branch_dag.py
[2024-02-14T09:50:42.931+0000] {processor.py:840} INFO - DAG(s) 'example_nested_branch_dag' retrieved from /home/airflow/.local/lib/python3.8/site-packages/airflow/example_dags/example_nested_branch_dag.py
[2024-02-14T09:50:42.957+0000] {logging_mixin.py:188} INFO - [2024-02-14T09:50:42.957+0000] {dag.py:3036} INFO - Sync 1 DAGs
[2024-02-14T09:50:42.982+0000] {logging_mixin.py:188} INFO - [2024-02-14T09:50:42.982+0000] {dag.py:3823} INFO - Setting next_dagrun for example_nested_branch_dag to 2024-02-13 00:00:00+00:00, run_after=2024-02-14 00:00:00+00:00
[2024-02-14T09:50:43.004+0000] {processor.py:183} INFO - Processing /home/airflow/.local/lib/python3.8/site-packages/airflow/example_dags/example_nested_branch_dag.py took 0.088 seconds
[2024-02-14T09:51:13.303+0000] {processor.py:161} INFO - Started process (PID=567) to work on /home/airflow/.local/lib/python3.8/site-packages/airflow/example_dags/example_nested_branch_dag.py
[2024-02-14T09:51:13.305+0000] {processor.py:830} INFO - Processing file /home/airflow/.local/lib/python3.8/site-packages/airflow/example_dags/example_nested_branch_dag.py for tasks to queue
[2024-02-14T09:51:13.307+0000] {logging_mixin.py:188} INFO - [2024-02-14T09:51:13.307+0000] {dagbag.py:538} INFO - Filling up the DagBag from /home/airflow/.local/lib/python3.8/site-packages/airflow/example_dags/example_nested_branch_dag.py
[2024-02-14T09:51:13.314+0000] {processor.py:840} INFO - DAG(s) 'example_nested_branch_dag' retrieved from /home/airflow/.local/lib/python3.8/site-packages/airflow/example_dags/example_nested_branch_dag.py
[2024-02-14T09:51:13.330+0000] {logging_mixin.py:188} INFO - [2024-02-14T09:51:13.330+0000] {dag.py:3036} INFO - Sync 1 DAGs
[2024-02-14T09:51:13.347+0000] {logging_mixin.py:188} INFO - [2024-02-14T09:51:13.347+0000] {dag.py:3823} INFO - Setting next_dagrun for example_nested_branch_dag to 2024-02-13 00:00:00+00:00, run_after=2024-02-14 00:00:00+00:00
[2024-02-14T09:51:13.360+0000] {processor.py:183} INFO - Processing /home/airflow/.local/lib/python3.8/site-packages/airflow/example_dags/example_nested_branch_dag.py took 0.059 seconds
[2024-02-14T09:51:43.625+0000] {processor.py:161} INFO - Started process (PID=625) to work on /home/airflow/.local/lib/python3.8/site-packages/airflow/example_dags/example_nested_branch_dag.py
[2024-02-14T09:51:43.627+0000] {processor.py:830} INFO - Processing file /home/airflow/.local/lib/python3.8/site-packages/airflow/example_dags/example_nested_branch_dag.py for tasks to queue
[2024-02-14T09:51:43.629+0000] {logging_mixin.py:188} INFO - [2024-02-14T09:51:43.628+0000] {dagbag.py:538} INFO - Filling up the DagBag from /home/airflow/.local/lib/python3.8/site-packages/airflow/example_dags/example_nested_branch_dag.py
[2024-02-14T09:51:43.635+0000] {processor.py:840} INFO - DAG(s) 'example_nested_branch_dag' retrieved from /home/airflow/.local/lib/python3.8/site-packages/airflow/example_dags/example_nested_branch_dag.py
[2024-02-14T09:51:43.650+0000] {logging_mixin.py:188} INFO - [2024-02-14T09:51:43.650+0000] {dag.py:3036} INFO - Sync 1 DAGs
[2024-02-14T09:51:43.664+0000] {logging_mixin.py:188} INFO - [2024-02-14T09:51:43.664+0000] {dag.py:3823} INFO - Setting next_dagrun for example_nested_branch_dag to 2024-02-13 00:00:00+00:00, run_after=2024-02-14 00:00:00+00:00
[2024-02-14T09:51:43.674+0000] {processor.py:183} INFO - Processing /home/airflow/.local/lib/python3.8/site-packages/airflow/example_dags/example_nested_branch_dag.py took 0.052 seconds
[2024-02-14T09:52:14.247+0000] {processor.py:161} INFO - Started process (PID=682) to work on /home/airflow/.local/lib/python3.8/site-packages/airflow/example_dags/example_nested_branch_dag.py
[2024-02-14T09:52:14.249+0000] {processor.py:830} INFO - Processing file /home/airflow/.local/lib/python3.8/site-packages/airflow/example_dags/example_nested_branch_dag.py for tasks to queue
[2024-02-14T09:52:14.251+0000] {logging_mixin.py:188} INFO - [2024-02-14T09:52:14.250+0000] {dagbag.py:538} INFO - Filling up the DagBag from /home/airflow/.local/lib/python3.8/site-packages/airflow/example_dags/example_nested_branch_dag.py
[2024-02-14T09:52:14.257+0000] {processor.py:840} INFO - DAG(s) 'example_nested_branch_dag' retrieved from /home/airflow/.local/lib/python3.8/site-packages/airflow/example_dags/example_nested_branch_dag.py
[2024-02-14T09:52:14.272+0000] {logging_mixin.py:188} INFO - [2024-02-14T09:52:14.272+0000] {dag.py:3036} INFO - Sync 1 DAGs
[2024-02-14T09:52:14.285+0000] {logging_mixin.py:188} INFO - [2024-02-14T09:52:14.284+0000] {dag.py:3823} INFO - Setting next_dagrun for example_nested_branch_dag to 2024-02-13 00:00:00+00:00, run_after=2024-02-14 00:00:00+00:00
[2024-02-14T09:52:14.295+0000] {processor.py:183} INFO - Processing /home/airflow/.local/lib/python3.8/site-packages/airflow/example_dags/example_nested_branch_dag.py took 0.050 seconds
[2024-02-14T09:52:44.715+0000] {processor.py:161} INFO - Started process (PID=738) to work on /home/airflow/.local/lib/python3.8/site-packages/airflow/example_dags/example_nested_branch_dag.py
[2024-02-14T09:52:44.716+0000] {processor.py:830} INFO - Processing file /home/airflow/.local/lib/python3.8/site-packages/airflow/example_dags/example_nested_branch_dag.py for tasks to queue
[2024-02-14T09:52:44.718+0000] {logging_mixin.py:188} INFO - [2024-02-14T09:52:44.718+0000] {dagbag.py:538} INFO - Filling up the DagBag from /home/airflow/.local/lib/python3.8/site-packages/airflow/example_dags/example_nested_branch_dag.py
[2024-02-14T09:52:44.728+0000] {processor.py:840} INFO - DAG(s) 'example_nested_branch_dag' retrieved from /home/airflow/.local/lib/python3.8/site-packages/airflow/example_dags/example_nested_branch_dag.py
[2024-02-14T09:52:44.745+0000] {logging_mixin.py:188} INFO - [2024-02-14T09:52:44.745+0000] {dag.py:3036} INFO - Sync 1 DAGs
[2024-02-14T09:52:44.760+0000] {logging_mixin.py:188} INFO - [2024-02-14T09:52:44.760+0000] {dag.py:3823} INFO - Setting next_dagrun for example_nested_branch_dag to 2024-02-13 00:00:00+00:00, run_after=2024-02-14 00:00:00+00:00
[2024-02-14T09:52:44.773+0000] {processor.py:183} INFO - Processing /home/airflow/.local/lib/python3.8/site-packages/airflow/example_dags/example_nested_branch_dag.py took 0.060 seconds
[2024-02-14T09:53:38.174+0000] {processor.py:161} INFO - Started process (PID=59) to work on /home/airflow/.local/lib/python3.8/site-packages/airflow/example_dags/example_nested_branch_dag.py
[2024-02-14T09:53:38.176+0000] {processor.py:830} INFO - Processing file /home/airflow/.local/lib/python3.8/site-packages/airflow/example_dags/example_nested_branch_dag.py for tasks to queue
[2024-02-14T09:53:38.179+0000] {logging_mixin.py:188} INFO - [2024-02-14T09:53:38.179+0000] {dagbag.py:538} INFO - Filling up the DagBag from /home/airflow/.local/lib/python3.8/site-packages/airflow/example_dags/example_nested_branch_dag.py
[2024-02-14T09:53:38.195+0000] {processor.py:840} INFO - DAG(s) 'example_nested_branch_dag' retrieved from /home/airflow/.local/lib/python3.8/site-packages/airflow/example_dags/example_nested_branch_dag.py
[2024-02-14T09:53:38.226+0000] {logging_mixin.py:188} INFO - [2024-02-14T09:53:38.226+0000] {dag.py:3036} INFO - Sync 1 DAGs
[2024-02-14T09:53:38.254+0000] {logging_mixin.py:188} INFO - [2024-02-14T09:53:38.253+0000] {dag.py:3823} INFO - Setting next_dagrun for example_nested_branch_dag to 2024-02-13 00:00:00+00:00, run_after=2024-02-14 00:00:00+00:00
[2024-02-14T09:53:38.273+0000] {processor.py:183} INFO - Processing /home/airflow/.local/lib/python3.8/site-packages/airflow/example_dags/example_nested_branch_dag.py took 0.102 seconds
[2024-02-14T09:54:09.642+0000] {processor.py:161} INFO - Started process (PID=115) to work on /home/airflow/.local/lib/python3.8/site-packages/airflow/example_dags/example_nested_branch_dag.py
[2024-02-14T09:54:09.645+0000] {processor.py:830} INFO - Processing file /home/airflow/.local/lib/python3.8/site-packages/airflow/example_dags/example_nested_branch_dag.py for tasks to queue
[2024-02-14T09:54:09.650+0000] {logging_mixin.py:188} INFO - [2024-02-14T09:54:09.650+0000] {dagbag.py:538} INFO - Filling up the DagBag from /home/airflow/.local/lib/python3.8/site-packages/airflow/example_dags/example_nested_branch_dag.py
[2024-02-14T09:54:09.669+0000] {processor.py:840} INFO - DAG(s) 'example_nested_branch_dag' retrieved from /home/airflow/.local/lib/python3.8/site-packages/airflow/example_dags/example_nested_branch_dag.py
[2024-02-14T09:54:09.763+0000] {logging_mixin.py:188} INFO - [2024-02-14T09:54:09.762+0000] {dag.py:3036} INFO - Sync 1 DAGs
[2024-02-14T09:54:09.779+0000] {logging_mixin.py:188} INFO - [2024-02-14T09:54:09.778+0000] {dag.py:3823} INFO - Setting next_dagrun for example_nested_branch_dag to 2024-02-13 00:00:00+00:00, run_after=2024-02-14 00:00:00+00:00
[2024-02-14T09:54:09.805+0000] {processor.py:183} INFO - Processing /home/airflow/.local/lib/python3.8/site-packages/airflow/example_dags/example_nested_branch_dag.py took 0.168 seconds
[2024-02-14T09:54:40.544+0000] {processor.py:161} INFO - Started process (PID=172) to work on /home/airflow/.local/lib/python3.8/site-packages/airflow/example_dags/example_nested_branch_dag.py
[2024-02-14T09:54:40.546+0000] {processor.py:830} INFO - Processing file /home/airflow/.local/lib/python3.8/site-packages/airflow/example_dags/example_nested_branch_dag.py for tasks to queue
[2024-02-14T09:54:40.548+0000] {logging_mixin.py:188} INFO - [2024-02-14T09:54:40.548+0000] {dagbag.py:538} INFO - Filling up the DagBag from /home/airflow/.local/lib/python3.8/site-packages/airflow/example_dags/example_nested_branch_dag.py
[2024-02-14T09:54:40.556+0000] {processor.py:840} INFO - DAG(s) 'example_nested_branch_dag' retrieved from /home/airflow/.local/lib/python3.8/site-packages/airflow/example_dags/example_nested_branch_dag.py
[2024-02-14T09:54:40.570+0000] {logging_mixin.py:188} INFO - [2024-02-14T09:54:40.570+0000] {dag.py:3036} INFO - Sync 1 DAGs
[2024-02-14T09:54:40.584+0000] {logging_mixin.py:188} INFO - [2024-02-14T09:54:40.584+0000] {dag.py:3823} INFO - Setting next_dagrun for example_nested_branch_dag to 2024-02-13 00:00:00+00:00, run_after=2024-02-14 00:00:00+00:00
[2024-02-14T09:54:40.597+0000] {processor.py:183} INFO - Processing /home/airflow/.local/lib/python3.8/site-packages/airflow/example_dags/example_nested_branch_dag.py took 0.055 seconds
[2024-02-14T09:55:49.653+0000] {processor.py:161} INFO - Started process (PID=56) to work on /home/airflow/.local/lib/python3.8/site-packages/airflow/example_dags/example_nested_branch_dag.py
[2024-02-14T09:55:49.655+0000] {processor.py:830} INFO - Processing file /home/airflow/.local/lib/python3.8/site-packages/airflow/example_dags/example_nested_branch_dag.py for tasks to queue
[2024-02-14T09:55:49.658+0000] {logging_mixin.py:188} INFO - [2024-02-14T09:55:49.657+0000] {dagbag.py:538} INFO - Filling up the DagBag from /home/airflow/.local/lib/python3.8/site-packages/airflow/example_dags/example_nested_branch_dag.py
[2024-02-14T09:55:49.670+0000] {processor.py:840} INFO - DAG(s) 'example_nested_branch_dag' retrieved from /home/airflow/.local/lib/python3.8/site-packages/airflow/example_dags/example_nested_branch_dag.py
[2024-02-14T09:55:49.687+0000] {logging_mixin.py:188} INFO - [2024-02-14T09:55:49.687+0000] {dag.py:3036} INFO - Sync 1 DAGs
[2024-02-14T09:55:49.716+0000] {logging_mixin.py:188} INFO - [2024-02-14T09:55:49.715+0000] {dag.py:3823} INFO - Setting next_dagrun for example_nested_branch_dag to 2024-02-13 00:00:00+00:00, run_after=2024-02-14 00:00:00+00:00
[2024-02-14T09:55:49.755+0000] {processor.py:183} INFO - Processing /home/airflow/.local/lib/python3.8/site-packages/airflow/example_dags/example_nested_branch_dag.py took 0.106 seconds
[2024-02-14T09:56:19.872+0000] {processor.py:161} INFO - Started process (PID=118) to work on /home/airflow/.local/lib/python3.8/site-packages/airflow/example_dags/example_nested_branch_dag.py
[2024-02-14T09:56:19.873+0000] {processor.py:830} INFO - Processing file /home/airflow/.local/lib/python3.8/site-packages/airflow/example_dags/example_nested_branch_dag.py for tasks to queue
[2024-02-14T09:56:19.875+0000] {logging_mixin.py:188} INFO - [2024-02-14T09:56:19.875+0000] {dagbag.py:538} INFO - Filling up the DagBag from /home/airflow/.local/lib/python3.8/site-packages/airflow/example_dags/example_nested_branch_dag.py
[2024-02-14T09:56:19.882+0000] {processor.py:840} INFO - DAG(s) 'example_nested_branch_dag' retrieved from /home/airflow/.local/lib/python3.8/site-packages/airflow/example_dags/example_nested_branch_dag.py
[2024-02-14T09:56:19.936+0000] {logging_mixin.py:188} INFO - [2024-02-14T09:56:19.936+0000] {dag.py:3036} INFO - Sync 1 DAGs
[2024-02-14T09:56:19.948+0000] {logging_mixin.py:188} INFO - [2024-02-14T09:56:19.948+0000] {dag.py:3823} INFO - Setting next_dagrun for example_nested_branch_dag to 2024-02-13 00:00:00+00:00, run_after=2024-02-14 00:00:00+00:00
[2024-02-14T09:56:19.960+0000] {processor.py:183} INFO - Processing /home/airflow/.local/lib/python3.8/site-packages/airflow/example_dags/example_nested_branch_dag.py took 0.091 seconds
[2024-02-14T09:56:50.854+0000] {processor.py:161} INFO - Started process (PID=175) to work on /home/airflow/.local/lib/python3.8/site-packages/airflow/example_dags/example_nested_branch_dag.py
[2024-02-14T09:56:50.855+0000] {processor.py:830} INFO - Processing file /home/airflow/.local/lib/python3.8/site-packages/airflow/example_dags/example_nested_branch_dag.py for tasks to queue
[2024-02-14T09:56:50.858+0000] {logging_mixin.py:188} INFO - [2024-02-14T09:56:50.857+0000] {dagbag.py:538} INFO - Filling up the DagBag from /home/airflow/.local/lib/python3.8/site-packages/airflow/example_dags/example_nested_branch_dag.py
[2024-02-14T09:56:50.866+0000] {processor.py:840} INFO - DAG(s) 'example_nested_branch_dag' retrieved from /home/airflow/.local/lib/python3.8/site-packages/airflow/example_dags/example_nested_branch_dag.py
[2024-02-14T09:56:50.881+0000] {logging_mixin.py:188} INFO - [2024-02-14T09:56:50.881+0000] {dag.py:3036} INFO - Sync 1 DAGs
[2024-02-14T09:56:50.894+0000] {logging_mixin.py:188} INFO - [2024-02-14T09:56:50.894+0000] {dag.py:3823} INFO - Setting next_dagrun for example_nested_branch_dag to 2024-02-13 00:00:00+00:00, run_after=2024-02-14 00:00:00+00:00
[2024-02-14T09:56:50.906+0000] {processor.py:183} INFO - Processing /home/airflow/.local/lib/python3.8/site-packages/airflow/example_dags/example_nested_branch_dag.py took 0.055 seconds
[2024-02-14T09:57:21.017+0000] {processor.py:161} INFO - Started process (PID=232) to work on /home/airflow/.local/lib/python3.8/site-packages/airflow/example_dags/example_nested_branch_dag.py
[2024-02-14T09:57:21.019+0000] {processor.py:830} INFO - Processing file /home/airflow/.local/lib/python3.8/site-packages/airflow/example_dags/example_nested_branch_dag.py for tasks to queue
[2024-02-14T09:57:21.021+0000] {logging_mixin.py:188} INFO - [2024-02-14T09:57:21.021+0000] {dagbag.py:538} INFO - Filling up the DagBag from /home/airflow/.local/lib/python3.8/site-packages/airflow/example_dags/example_nested_branch_dag.py
[2024-02-14T09:57:21.028+0000] {processor.py:840} INFO - DAG(s) 'example_nested_branch_dag' retrieved from /home/airflow/.local/lib/python3.8/site-packages/airflow/example_dags/example_nested_branch_dag.py
[2024-02-14T09:57:21.043+0000] {logging_mixin.py:188} INFO - [2024-02-14T09:57:21.042+0000] {dag.py:3036} INFO - Sync 1 DAGs
[2024-02-14T09:57:21.056+0000] {logging_mixin.py:188} INFO - [2024-02-14T09:57:21.056+0000] {dag.py:3823} INFO - Setting next_dagrun for example_nested_branch_dag to 2024-02-13 00:00:00+00:00, run_after=2024-02-14 00:00:00+00:00
[2024-02-14T09:57:21.066+0000] {processor.py:183} INFO - Processing /home/airflow/.local/lib/python3.8/site-packages/airflow/example_dags/example_nested_branch_dag.py took 0.051 seconds
[2024-02-14T09:57:51.715+0000] {processor.py:161} INFO - Started process (PID=290) to work on /home/airflow/.local/lib/python3.8/site-packages/airflow/example_dags/example_nested_branch_dag.py
[2024-02-14T09:57:51.717+0000] {processor.py:830} INFO - Processing file /home/airflow/.local/lib/python3.8/site-packages/airflow/example_dags/example_nested_branch_dag.py for tasks to queue
[2024-02-14T09:57:51.719+0000] {logging_mixin.py:188} INFO - [2024-02-14T09:57:51.719+0000] {dagbag.py:538} INFO - Filling up the DagBag from /home/airflow/.local/lib/python3.8/site-packages/airflow/example_dags/example_nested_branch_dag.py
[2024-02-14T09:57:51.727+0000] {processor.py:840} INFO - DAG(s) 'example_nested_branch_dag' retrieved from /home/airflow/.local/lib/python3.8/site-packages/airflow/example_dags/example_nested_branch_dag.py
[2024-02-14T09:57:51.746+0000] {logging_mixin.py:188} INFO - [2024-02-14T09:57:51.745+0000] {dag.py:3036} INFO - Sync 1 DAGs
[2024-02-14T09:57:51.759+0000] {logging_mixin.py:188} INFO - [2024-02-14T09:57:51.759+0000] {dag.py:3823} INFO - Setting next_dagrun for example_nested_branch_dag to 2024-02-13 00:00:00+00:00, run_after=2024-02-14 00:00:00+00:00
[2024-02-14T09:57:51.770+0000] {processor.py:183} INFO - Processing /home/airflow/.local/lib/python3.8/site-packages/airflow/example_dags/example_nested_branch_dag.py took 0.058 seconds
[2024-02-14T09:58:22.057+0000] {processor.py:161} INFO - Started process (PID=347) to work on /home/airflow/.local/lib/python3.8/site-packages/airflow/example_dags/example_nested_branch_dag.py
[2024-02-14T09:58:22.060+0000] {processor.py:830} INFO - Processing file /home/airflow/.local/lib/python3.8/site-packages/airflow/example_dags/example_nested_branch_dag.py for tasks to queue
[2024-02-14T09:58:22.062+0000] {logging_mixin.py:188} INFO - [2024-02-14T09:58:22.061+0000] {dagbag.py:538} INFO - Filling up the DagBag from /home/airflow/.local/lib/python3.8/site-packages/airflow/example_dags/example_nested_branch_dag.py
[2024-02-14T09:58:22.070+0000] {processor.py:840} INFO - DAG(s) 'example_nested_branch_dag' retrieved from /home/airflow/.local/lib/python3.8/site-packages/airflow/example_dags/example_nested_branch_dag.py
[2024-02-14T09:58:22.085+0000] {logging_mixin.py:188} INFO - [2024-02-14T09:58:22.085+0000] {dag.py:3036} INFO - Sync 1 DAGs
[2024-02-14T09:58:22.098+0000] {logging_mixin.py:188} INFO - [2024-02-14T09:58:22.098+0000] {dag.py:3823} INFO - Setting next_dagrun for example_nested_branch_dag to 2024-02-13 00:00:00+00:00, run_after=2024-02-14 00:00:00+00:00
[2024-02-14T09:58:22.110+0000] {processor.py:183} INFO - Processing /home/airflow/.local/lib/python3.8/site-packages/airflow/example_dags/example_nested_branch_dag.py took 0.055 seconds
[2024-02-14T09:58:53.064+0000] {processor.py:161} INFO - Started process (PID=406) to work on /home/airflow/.local/lib/python3.8/site-packages/airflow/example_dags/example_nested_branch_dag.py
[2024-02-14T09:58:53.065+0000] {processor.py:830} INFO - Processing file /home/airflow/.local/lib/python3.8/site-packages/airflow/example_dags/example_nested_branch_dag.py for tasks to queue
[2024-02-14T09:58:53.067+0000] {logging_mixin.py:188} INFO - [2024-02-14T09:58:53.067+0000] {dagbag.py:538} INFO - Filling up the DagBag from /home/airflow/.local/lib/python3.8/site-packages/airflow/example_dags/example_nested_branch_dag.py
[2024-02-14T09:58:53.075+0000] {processor.py:840} INFO - DAG(s) 'example_nested_branch_dag' retrieved from /home/airflow/.local/lib/python3.8/site-packages/airflow/example_dags/example_nested_branch_dag.py
[2024-02-14T09:58:53.090+0000] {logging_mixin.py:188} INFO - [2024-02-14T09:58:53.089+0000] {dag.py:3036} INFO - Sync 1 DAGs
[2024-02-14T09:58:53.101+0000] {logging_mixin.py:188} INFO - [2024-02-14T09:58:53.101+0000] {dag.py:3823} INFO - Setting next_dagrun for example_nested_branch_dag to 2024-02-13 00:00:00+00:00, run_after=2024-02-14 00:00:00+00:00
[2024-02-14T09:58:53.114+0000] {processor.py:183} INFO - Processing /home/airflow/.local/lib/python3.8/site-packages/airflow/example_dags/example_nested_branch_dag.py took 0.052 seconds
[2024-02-14T09:59:23.434+0000] {processor.py:161} INFO - Started process (PID=463) to work on /home/airflow/.local/lib/python3.8/site-packages/airflow/example_dags/example_nested_branch_dag.py
[2024-02-14T09:59:23.435+0000] {processor.py:830} INFO - Processing file /home/airflow/.local/lib/python3.8/site-packages/airflow/example_dags/example_nested_branch_dag.py for tasks to queue
[2024-02-14T09:59:23.438+0000] {logging_mixin.py:188} INFO - [2024-02-14T09:59:23.437+0000] {dagbag.py:538} INFO - Filling up the DagBag from /home/airflow/.local/lib/python3.8/site-packages/airflow/example_dags/example_nested_branch_dag.py
[2024-02-14T09:59:23.444+0000] {processor.py:840} INFO - DAG(s) 'example_nested_branch_dag' retrieved from /home/airflow/.local/lib/python3.8/site-packages/airflow/example_dags/example_nested_branch_dag.py
[2024-02-14T09:59:23.459+0000] {logging_mixin.py:188} INFO - [2024-02-14T09:59:23.459+0000] {dag.py:3036} INFO - Sync 1 DAGs
[2024-02-14T09:59:23.472+0000] {logging_mixin.py:188} INFO - [2024-02-14T09:59:23.472+0000] {dag.py:3823} INFO - Setting next_dagrun for example_nested_branch_dag to 2024-02-13 00:00:00+00:00, run_after=2024-02-14 00:00:00+00:00
[2024-02-14T09:59:23.483+0000] {processor.py:183} INFO - Processing /home/airflow/.local/lib/python3.8/site-packages/airflow/example_dags/example_nested_branch_dag.py took 0.052 seconds
[2024-02-14T09:59:54.192+0000] {processor.py:161} INFO - Started process (PID=519) to work on /home/airflow/.local/lib/python3.8/site-packages/airflow/example_dags/example_nested_branch_dag.py
[2024-02-14T09:59:54.194+0000] {processor.py:830} INFO - Processing file /home/airflow/.local/lib/python3.8/site-packages/airflow/example_dags/example_nested_branch_dag.py for tasks to queue
[2024-02-14T09:59:54.196+0000] {logging_mixin.py:188} INFO - [2024-02-14T09:59:54.196+0000] {dagbag.py:538} INFO - Filling up the DagBag from /home/airflow/.local/lib/python3.8/site-packages/airflow/example_dags/example_nested_branch_dag.py
[2024-02-14T09:59:54.204+0000] {processor.py:840} INFO - DAG(s) 'example_nested_branch_dag' retrieved from /home/airflow/.local/lib/python3.8/site-packages/airflow/example_dags/example_nested_branch_dag.py
[2024-02-14T09:59:54.219+0000] {logging_mixin.py:188} INFO - [2024-02-14T09:59:54.219+0000] {dag.py:3036} INFO - Sync 1 DAGs
[2024-02-14T09:59:54.233+0000] {logging_mixin.py:188} INFO - [2024-02-14T09:59:54.233+0000] {dag.py:3823} INFO - Setting next_dagrun for example_nested_branch_dag to 2024-02-13 00:00:00+00:00, run_after=2024-02-14 00:00:00+00:00
[2024-02-14T09:59:54.245+0000] {processor.py:183} INFO - Processing /home/airflow/.local/lib/python3.8/site-packages/airflow/example_dags/example_nested_branch_dag.py took 0.057 seconds
[2024-02-14T10:00:24.533+0000] {processor.py:161} INFO - Started process (PID=576) to work on /home/airflow/.local/lib/python3.8/site-packages/airflow/example_dags/example_nested_branch_dag.py
[2024-02-14T10:00:24.535+0000] {processor.py:830} INFO - Processing file /home/airflow/.local/lib/python3.8/site-packages/airflow/example_dags/example_nested_branch_dag.py for tasks to queue
[2024-02-14T10:00:24.537+0000] {logging_mixin.py:188} INFO - [2024-02-14T10:00:24.537+0000] {dagbag.py:538} INFO - Filling up the DagBag from /home/airflow/.local/lib/python3.8/site-packages/airflow/example_dags/example_nested_branch_dag.py
[2024-02-14T10:00:24.545+0000] {processor.py:840} INFO - DAG(s) 'example_nested_branch_dag' retrieved from /home/airflow/.local/lib/python3.8/site-packages/airflow/example_dags/example_nested_branch_dag.py
[2024-02-14T10:00:24.561+0000] {logging_mixin.py:188} INFO - [2024-02-14T10:00:24.561+0000] {dag.py:3036} INFO - Sync 1 DAGs
[2024-02-14T10:00:24.573+0000] {logging_mixin.py:188} INFO - [2024-02-14T10:00:24.573+0000] {dag.py:3823} INFO - Setting next_dagrun for example_nested_branch_dag to 2024-02-13 00:00:00+00:00, run_after=2024-02-14 00:00:00+00:00
[2024-02-14T10:00:24.587+0000] {processor.py:183} INFO - Processing /home/airflow/.local/lib/python3.8/site-packages/airflow/example_dags/example_nested_branch_dag.py took 0.056 seconds
[2024-02-14T10:00:55.523+0000] {processor.py:161} INFO - Started process (PID=633) to work on /home/airflow/.local/lib/python3.8/site-packages/airflow/example_dags/example_nested_branch_dag.py
[2024-02-14T10:00:55.526+0000] {processor.py:830} INFO - Processing file /home/airflow/.local/lib/python3.8/site-packages/airflow/example_dags/example_nested_branch_dag.py for tasks to queue
[2024-02-14T10:00:55.529+0000] {logging_mixin.py:188} INFO - [2024-02-14T10:00:55.529+0000] {dagbag.py:538} INFO - Filling up the DagBag from /home/airflow/.local/lib/python3.8/site-packages/airflow/example_dags/example_nested_branch_dag.py
[2024-02-14T10:00:55.539+0000] {processor.py:840} INFO - DAG(s) 'example_nested_branch_dag' retrieved from /home/airflow/.local/lib/python3.8/site-packages/airflow/example_dags/example_nested_branch_dag.py
[2024-02-14T10:00:55.565+0000] {logging_mixin.py:188} INFO - [2024-02-14T10:00:55.565+0000] {dag.py:3036} INFO - Sync 1 DAGs
[2024-02-14T10:00:55.586+0000] {logging_mixin.py:188} INFO - [2024-02-14T10:00:55.586+0000] {dag.py:3823} INFO - Setting next_dagrun for example_nested_branch_dag to 2024-02-13 00:00:00+00:00, run_after=2024-02-14 00:00:00+00:00
[2024-02-14T10:00:55.617+0000] {processor.py:183} INFO - Processing /home/airflow/.local/lib/python3.8/site-packages/airflow/example_dags/example_nested_branch_dag.py took 0.098 seconds
[2024-02-14T10:01:26.657+0000] {processor.py:161} INFO - Started process (PID=689) to work on /home/airflow/.local/lib/python3.8/site-packages/airflow/example_dags/example_nested_branch_dag.py
[2024-02-14T10:01:26.660+0000] {processor.py:830} INFO - Processing file /home/airflow/.local/lib/python3.8/site-packages/airflow/example_dags/example_nested_branch_dag.py for tasks to queue
[2024-02-14T10:01:26.668+0000] {logging_mixin.py:188} INFO - [2024-02-14T10:01:26.666+0000] {dagbag.py:538} INFO - Filling up the DagBag from /home/airflow/.local/lib/python3.8/site-packages/airflow/example_dags/example_nested_branch_dag.py
[2024-02-14T10:01:26.684+0000] {processor.py:840} INFO - DAG(s) 'example_nested_branch_dag' retrieved from /home/airflow/.local/lib/python3.8/site-packages/airflow/example_dags/example_nested_branch_dag.py
[2024-02-14T10:01:26.705+0000] {logging_mixin.py:188} INFO - [2024-02-14T10:01:26.705+0000] {dag.py:3036} INFO - Sync 1 DAGs
[2024-02-14T10:01:26.735+0000] {logging_mixin.py:188} INFO - [2024-02-14T10:01:26.735+0000] {dag.py:3823} INFO - Setting next_dagrun for example_nested_branch_dag to 2024-02-13 00:00:00+00:00, run_after=2024-02-14 00:00:00+00:00
[2024-02-14T10:01:26.766+0000] {processor.py:183} INFO - Processing /home/airflow/.local/lib/python3.8/site-packages/airflow/example_dags/example_nested_branch_dag.py took 0.117 seconds
[2024-02-14T10:01:57.790+0000] {processor.py:161} INFO - Started process (PID=746) to work on /home/airflow/.local/lib/python3.8/site-packages/airflow/example_dags/example_nested_branch_dag.py
[2024-02-14T10:01:57.791+0000] {processor.py:830} INFO - Processing file /home/airflow/.local/lib/python3.8/site-packages/airflow/example_dags/example_nested_branch_dag.py for tasks to queue
[2024-02-14T10:01:57.794+0000] {logging_mixin.py:188} INFO - [2024-02-14T10:01:57.793+0000] {dagbag.py:538} INFO - Filling up the DagBag from /home/airflow/.local/lib/python3.8/site-packages/airflow/example_dags/example_nested_branch_dag.py
[2024-02-14T10:01:57.801+0000] {processor.py:840} INFO - DAG(s) 'example_nested_branch_dag' retrieved from /home/airflow/.local/lib/python3.8/site-packages/airflow/example_dags/example_nested_branch_dag.py
[2024-02-14T10:01:57.814+0000] {logging_mixin.py:188} INFO - [2024-02-14T10:01:57.814+0000] {dag.py:3036} INFO - Sync 1 DAGs
[2024-02-14T10:01:57.830+0000] {logging_mixin.py:188} INFO - [2024-02-14T10:01:57.830+0000] {dag.py:3823} INFO - Setting next_dagrun for example_nested_branch_dag to 2024-02-13 00:00:00+00:00, run_after=2024-02-14 00:00:00+00:00
[2024-02-14T10:01:57.846+0000] {processor.py:183} INFO - Processing /home/airflow/.local/lib/python3.8/site-packages/airflow/example_dags/example_nested_branch_dag.py took 0.058 seconds
[2024-02-14T10:02:28.567+0000] {processor.py:161} INFO - Started process (PID=803) to work on /home/airflow/.local/lib/python3.8/site-packages/airflow/example_dags/example_nested_branch_dag.py
[2024-02-14T10:02:28.569+0000] {processor.py:830} INFO - Processing file /home/airflow/.local/lib/python3.8/site-packages/airflow/example_dags/example_nested_branch_dag.py for tasks to queue
[2024-02-14T10:02:28.572+0000] {logging_mixin.py:188} INFO - [2024-02-14T10:02:28.572+0000] {dagbag.py:538} INFO - Filling up the DagBag from /home/airflow/.local/lib/python3.8/site-packages/airflow/example_dags/example_nested_branch_dag.py
[2024-02-14T10:02:28.582+0000] {processor.py:840} INFO - DAG(s) 'example_nested_branch_dag' retrieved from /home/airflow/.local/lib/python3.8/site-packages/airflow/example_dags/example_nested_branch_dag.py
[2024-02-14T10:02:28.603+0000] {logging_mixin.py:188} INFO - [2024-02-14T10:02:28.603+0000] {dag.py:3036} INFO - Sync 1 DAGs
[2024-02-14T10:02:28.620+0000] {logging_mixin.py:188} INFO - [2024-02-14T10:02:28.620+0000] {dag.py:3823} INFO - Setting next_dagrun for example_nested_branch_dag to 2024-02-13 00:00:00+00:00, run_after=2024-02-14 00:00:00+00:00
[2024-02-14T10:02:28.640+0000] {processor.py:183} INFO - Processing /home/airflow/.local/lib/python3.8/site-packages/airflow/example_dags/example_nested_branch_dag.py took 0.078 seconds
[2024-02-14T10:02:59.283+0000] {processor.py:161} INFO - Started process (PID=862) to work on /home/airflow/.local/lib/python3.8/site-packages/airflow/example_dags/example_nested_branch_dag.py
[2024-02-14T10:02:59.285+0000] {processor.py:830} INFO - Processing file /home/airflow/.local/lib/python3.8/site-packages/airflow/example_dags/example_nested_branch_dag.py for tasks to queue
[2024-02-14T10:02:59.288+0000] {logging_mixin.py:188} INFO - [2024-02-14T10:02:59.287+0000] {dagbag.py:538} INFO - Filling up the DagBag from /home/airflow/.local/lib/python3.8/site-packages/airflow/example_dags/example_nested_branch_dag.py
[2024-02-14T10:02:59.311+0000] {processor.py:840} INFO - DAG(s) 'example_nested_branch_dag' retrieved from /home/airflow/.local/lib/python3.8/site-packages/airflow/example_dags/example_nested_branch_dag.py
[2024-02-14T10:02:59.338+0000] {logging_mixin.py:188} INFO - [2024-02-14T10:02:59.338+0000] {dag.py:3036} INFO - Sync 1 DAGs
[2024-02-14T10:02:59.355+0000] {logging_mixin.py:188} INFO - [2024-02-14T10:02:59.355+0000] {dag.py:3823} INFO - Setting next_dagrun for example_nested_branch_dag to 2024-02-13 00:00:00+00:00, run_after=2024-02-14 00:00:00+00:00
[2024-02-14T10:02:59.374+0000] {processor.py:183} INFO - Processing /home/airflow/.local/lib/python3.8/site-packages/airflow/example_dags/example_nested_branch_dag.py took 0.096 seconds
