[2024-02-14T09:34:19.480+0000] {processor.py:161} INFO - Started process (PID=63) to work on /home/airflow/.local/lib/python3.8/site-packages/airflow/example_dags/example_dag_decorator.py
[2024-02-14T09:34:19.482+0000] {processor.py:830} INFO - Processing file /home/airflow/.local/lib/python3.8/site-packages/airflow/example_dags/example_dag_decorator.py for tasks to queue
[2024-02-14T09:34:19.488+0000] {logging_mixin.py:188} INFO - [2024-02-14T09:34:19.488+0000] {dagbag.py:538} INFO - Filling up the DagBag from /home/airflow/.local/lib/python3.8/site-packages/airflow/example_dags/example_dag_decorator.py
[2024-02-14T09:34:19.652+0000] {processor.py:840} INFO - DAG(s) 'example_dag_decorator' retrieved from /home/airflow/.local/lib/python3.8/site-packages/airflow/example_dags/example_dag_decorator.py
[2024-02-14T09:34:19.668+0000] {logging_mixin.py:188} INFO - [2024-02-14T09:34:19.667+0000] {dag.py:3036} INFO - Sync 1 DAGs
[2024-02-14T09:34:19.697+0000] {logging_mixin.py:188} INFO - [2024-02-14T09:34:19.696+0000] {dag.py:3823} INFO - Setting next_dagrun for example_dag_decorator to None, run_after=None
[2024-02-14T09:34:19.748+0000] {processor.py:183} INFO - Processing /home/airflow/.local/lib/python3.8/site-packages/airflow/example_dags/example_dag_decorator.py took 0.272 seconds
[2024-02-14T09:34:49.882+0000] {processor.py:161} INFO - Started process (PID=121) to work on /home/airflow/.local/lib/python3.8/site-packages/airflow/example_dags/example_dag_decorator.py
[2024-02-14T09:34:49.883+0000] {processor.py:830} INFO - Processing file /home/airflow/.local/lib/python3.8/site-packages/airflow/example_dags/example_dag_decorator.py for tasks to queue
[2024-02-14T09:34:49.885+0000] {logging_mixin.py:188} INFO - [2024-02-14T09:34:49.885+0000] {dagbag.py:538} INFO - Filling up the DagBag from /home/airflow/.local/lib/python3.8/site-packages/airflow/example_dags/example_dag_decorator.py
[2024-02-14T09:34:49.942+0000] {processor.py:840} INFO - DAG(s) 'example_dag_decorator' retrieved from /home/airflow/.local/lib/python3.8/site-packages/airflow/example_dags/example_dag_decorator.py
[2024-02-14T09:34:50.004+0000] {logging_mixin.py:188} INFO - [2024-02-14T09:34:50.004+0000] {dag.py:3036} INFO - Sync 1 DAGs
[2024-02-14T09:34:50.011+0000] {logging_mixin.py:188} INFO - [2024-02-14T09:34:50.011+0000] {dag.py:3823} INFO - Setting next_dagrun for example_dag_decorator to None, run_after=None
[2024-02-14T09:34:50.024+0000] {processor.py:183} INFO - Processing /home/airflow/.local/lib/python3.8/site-packages/airflow/example_dags/example_dag_decorator.py took 0.145 seconds
[2024-02-14T09:35:20.370+0000] {processor.py:161} INFO - Started process (PID=179) to work on /home/airflow/.local/lib/python3.8/site-packages/airflow/example_dags/example_dag_decorator.py
[2024-02-14T09:35:20.372+0000] {processor.py:830} INFO - Processing file /home/airflow/.local/lib/python3.8/site-packages/airflow/example_dags/example_dag_decorator.py for tasks to queue
[2024-02-14T09:35:20.374+0000] {logging_mixin.py:188} INFO - [2024-02-14T09:35:20.374+0000] {dagbag.py:538} INFO - Filling up the DagBag from /home/airflow/.local/lib/python3.8/site-packages/airflow/example_dags/example_dag_decorator.py
[2024-02-14T09:35:20.466+0000] {processor.py:840} INFO - DAG(s) 'example_dag_decorator' retrieved from /home/airflow/.local/lib/python3.8/site-packages/airflow/example_dags/example_dag_decorator.py
[2024-02-14T09:35:20.621+0000] {logging_mixin.py:188} INFO - [2024-02-14T09:35:20.620+0000] {dag.py:3036} INFO - Sync 1 DAGs
[2024-02-14T09:35:20.632+0000] {logging_mixin.py:188} INFO - [2024-02-14T09:35:20.632+0000] {dag.py:3823} INFO - Setting next_dagrun for example_dag_decorator to None, run_after=None
[2024-02-14T09:35:20.668+0000] {processor.py:183} INFO - Processing /home/airflow/.local/lib/python3.8/site-packages/airflow/example_dags/example_dag_decorator.py took 0.301 seconds
[2024-02-14T09:35:51.657+0000] {processor.py:161} INFO - Started process (PID=236) to work on /home/airflow/.local/lib/python3.8/site-packages/airflow/example_dags/example_dag_decorator.py
[2024-02-14T09:35:51.660+0000] {processor.py:830} INFO - Processing file /home/airflow/.local/lib/python3.8/site-packages/airflow/example_dags/example_dag_decorator.py for tasks to queue
[2024-02-14T09:35:51.666+0000] {logging_mixin.py:188} INFO - [2024-02-14T09:35:51.665+0000] {dagbag.py:538} INFO - Filling up the DagBag from /home/airflow/.local/lib/python3.8/site-packages/airflow/example_dags/example_dag_decorator.py
[2024-02-14T09:35:51.731+0000] {processor.py:840} INFO - DAG(s) 'example_dag_decorator' retrieved from /home/airflow/.local/lib/python3.8/site-packages/airflow/example_dags/example_dag_decorator.py
[2024-02-14T09:35:51.810+0000] {logging_mixin.py:188} INFO - [2024-02-14T09:35:51.809+0000] {dag.py:3036} INFO - Sync 1 DAGs
[2024-02-14T09:35:51.817+0000] {logging_mixin.py:188} INFO - [2024-02-14T09:35:51.817+0000] {dag.py:3823} INFO - Setting next_dagrun for example_dag_decorator to None, run_after=None
[2024-02-14T09:35:51.830+0000] {processor.py:183} INFO - Processing /home/airflow/.local/lib/python3.8/site-packages/airflow/example_dags/example_dag_decorator.py took 0.178 seconds
[2024-02-14T09:36:22.531+0000] {processor.py:161} INFO - Started process (PID=291) to work on /home/airflow/.local/lib/python3.8/site-packages/airflow/example_dags/example_dag_decorator.py
[2024-02-14T09:36:22.535+0000] {processor.py:830} INFO - Processing file /home/airflow/.local/lib/python3.8/site-packages/airflow/example_dags/example_dag_decorator.py for tasks to queue
[2024-02-14T09:36:22.538+0000] {logging_mixin.py:188} INFO - [2024-02-14T09:36:22.538+0000] {dagbag.py:538} INFO - Filling up the DagBag from /home/airflow/.local/lib/python3.8/site-packages/airflow/example_dags/example_dag_decorator.py
[2024-02-14T09:36:22.606+0000] {processor.py:840} INFO - DAG(s) 'example_dag_decorator' retrieved from /home/airflow/.local/lib/python3.8/site-packages/airflow/example_dags/example_dag_decorator.py
[2024-02-14T09:36:22.673+0000] {logging_mixin.py:188} INFO - [2024-02-14T09:36:22.673+0000] {dag.py:3036} INFO - Sync 1 DAGs
[2024-02-14T09:36:22.681+0000] {logging_mixin.py:188} INFO - [2024-02-14T09:36:22.681+0000] {dag.py:3823} INFO - Setting next_dagrun for example_dag_decorator to None, run_after=None
[2024-02-14T09:36:22.694+0000] {processor.py:183} INFO - Processing /home/airflow/.local/lib/python3.8/site-packages/airflow/example_dags/example_dag_decorator.py took 0.168 seconds
[2024-02-14T09:36:52.725+0000] {processor.py:161} INFO - Started process (PID=349) to work on /home/airflow/.local/lib/python3.8/site-packages/airflow/example_dags/example_dag_decorator.py
[2024-02-14T09:36:52.727+0000] {processor.py:830} INFO - Processing file /home/airflow/.local/lib/python3.8/site-packages/airflow/example_dags/example_dag_decorator.py for tasks to queue
[2024-02-14T09:36:52.729+0000] {logging_mixin.py:188} INFO - [2024-02-14T09:36:52.728+0000] {dagbag.py:538} INFO - Filling up the DagBag from /home/airflow/.local/lib/python3.8/site-packages/airflow/example_dags/example_dag_decorator.py
[2024-02-14T09:36:52.787+0000] {processor.py:840} INFO - DAG(s) 'example_dag_decorator' retrieved from /home/airflow/.local/lib/python3.8/site-packages/airflow/example_dags/example_dag_decorator.py
[2024-02-14T09:36:52.854+0000] {logging_mixin.py:188} INFO - [2024-02-14T09:36:52.854+0000] {dag.py:3036} INFO - Sync 1 DAGs
[2024-02-14T09:36:52.861+0000] {logging_mixin.py:188} INFO - [2024-02-14T09:36:52.861+0000] {dag.py:3823} INFO - Setting next_dagrun for example_dag_decorator to None, run_after=None
[2024-02-14T09:36:52.873+0000] {processor.py:183} INFO - Processing /home/airflow/.local/lib/python3.8/site-packages/airflow/example_dags/example_dag_decorator.py took 0.151 seconds
[2024-02-14T09:37:23.167+0000] {processor.py:161} INFO - Started process (PID=406) to work on /home/airflow/.local/lib/python3.8/site-packages/airflow/example_dags/example_dag_decorator.py
[2024-02-14T09:37:23.170+0000] {processor.py:830} INFO - Processing file /home/airflow/.local/lib/python3.8/site-packages/airflow/example_dags/example_dag_decorator.py for tasks to queue
[2024-02-14T09:37:23.173+0000] {logging_mixin.py:188} INFO - [2024-02-14T09:37:23.172+0000] {dagbag.py:538} INFO - Filling up the DagBag from /home/airflow/.local/lib/python3.8/site-packages/airflow/example_dags/example_dag_decorator.py
[2024-02-14T09:37:23.251+0000] {processor.py:840} INFO - DAG(s) 'example_dag_decorator' retrieved from /home/airflow/.local/lib/python3.8/site-packages/airflow/example_dags/example_dag_decorator.py
[2024-02-14T09:37:23.317+0000] {logging_mixin.py:188} INFO - [2024-02-14T09:37:23.317+0000] {dag.py:3036} INFO - Sync 1 DAGs
[2024-02-14T09:37:23.324+0000] {logging_mixin.py:188} INFO - [2024-02-14T09:37:23.324+0000] {dag.py:3823} INFO - Setting next_dagrun for example_dag_decorator to None, run_after=None
[2024-02-14T09:37:23.338+0000] {processor.py:183} INFO - Processing /home/airflow/.local/lib/python3.8/site-packages/airflow/example_dags/example_dag_decorator.py took 0.178 seconds
[2024-02-14T09:37:53.409+0000] {processor.py:161} INFO - Started process (PID=462) to work on /home/airflow/.local/lib/python3.8/site-packages/airflow/example_dags/example_dag_decorator.py
[2024-02-14T09:37:53.413+0000] {processor.py:830} INFO - Processing file /home/airflow/.local/lib/python3.8/site-packages/airflow/example_dags/example_dag_decorator.py for tasks to queue
[2024-02-14T09:37:53.416+0000] {logging_mixin.py:188} INFO - [2024-02-14T09:37:53.416+0000] {dagbag.py:538} INFO - Filling up the DagBag from /home/airflow/.local/lib/python3.8/site-packages/airflow/example_dags/example_dag_decorator.py
[2024-02-14T09:37:53.474+0000] {processor.py:840} INFO - DAG(s) 'example_dag_decorator' retrieved from /home/airflow/.local/lib/python3.8/site-packages/airflow/example_dags/example_dag_decorator.py
[2024-02-14T09:37:53.534+0000] {logging_mixin.py:188} INFO - [2024-02-14T09:37:53.534+0000] {dag.py:3036} INFO - Sync 1 DAGs
[2024-02-14T09:37:53.540+0000] {logging_mixin.py:188} INFO - [2024-02-14T09:37:53.540+0000] {dag.py:3823} INFO - Setting next_dagrun for example_dag_decorator to None, run_after=None
[2024-02-14T09:37:53.553+0000] {processor.py:183} INFO - Processing /home/airflow/.local/lib/python3.8/site-packages/airflow/example_dags/example_dag_decorator.py took 0.149 seconds
[2024-02-14T09:38:23.675+0000] {processor.py:161} INFO - Started process (PID=522) to work on /home/airflow/.local/lib/python3.8/site-packages/airflow/example_dags/example_dag_decorator.py
[2024-02-14T09:38:23.677+0000] {processor.py:830} INFO - Processing file /home/airflow/.local/lib/python3.8/site-packages/airflow/example_dags/example_dag_decorator.py for tasks to queue
[2024-02-14T09:38:23.678+0000] {logging_mixin.py:188} INFO - [2024-02-14T09:38:23.678+0000] {dagbag.py:538} INFO - Filling up the DagBag from /home/airflow/.local/lib/python3.8/site-packages/airflow/example_dags/example_dag_decorator.py
[2024-02-14T09:38:23.720+0000] {processor.py:840} INFO - DAG(s) 'example_dag_decorator' retrieved from /home/airflow/.local/lib/python3.8/site-packages/airflow/example_dags/example_dag_decorator.py
[2024-02-14T09:38:23.771+0000] {logging_mixin.py:188} INFO - [2024-02-14T09:38:23.771+0000] {dag.py:3036} INFO - Sync 1 DAGs
[2024-02-14T09:38:23.777+0000] {logging_mixin.py:188} INFO - [2024-02-14T09:38:23.777+0000] {dag.py:3823} INFO - Setting next_dagrun for example_dag_decorator to None, run_after=None
[2024-02-14T09:38:23.787+0000] {processor.py:183} INFO - Processing /home/airflow/.local/lib/python3.8/site-packages/airflow/example_dags/example_dag_decorator.py took 0.114 seconds
[2024-02-14T09:38:54.407+0000] {processor.py:161} INFO - Started process (PID=577) to work on /home/airflow/.local/lib/python3.8/site-packages/airflow/example_dags/example_dag_decorator.py
[2024-02-14T09:38:54.408+0000] {processor.py:830} INFO - Processing file /home/airflow/.local/lib/python3.8/site-packages/airflow/example_dags/example_dag_decorator.py for tasks to queue
[2024-02-14T09:38:54.411+0000] {logging_mixin.py:188} INFO - [2024-02-14T09:38:54.410+0000] {dagbag.py:538} INFO - Filling up the DagBag from /home/airflow/.local/lib/python3.8/site-packages/airflow/example_dags/example_dag_decorator.py
[2024-02-14T09:38:54.489+0000] {processor.py:840} INFO - DAG(s) 'example_dag_decorator' retrieved from /home/airflow/.local/lib/python3.8/site-packages/airflow/example_dags/example_dag_decorator.py
[2024-02-14T09:38:54.566+0000] {logging_mixin.py:188} INFO - [2024-02-14T09:38:54.566+0000] {dag.py:3036} INFO - Sync 1 DAGs
[2024-02-14T09:38:54.574+0000] {logging_mixin.py:188} INFO - [2024-02-14T09:38:54.574+0000] {dag.py:3823} INFO - Setting next_dagrun for example_dag_decorator to None, run_after=None
[2024-02-14T09:38:54.590+0000] {processor.py:183} INFO - Processing /home/airflow/.local/lib/python3.8/site-packages/airflow/example_dags/example_dag_decorator.py took 0.187 seconds
[2024-02-14T09:43:49.060+0000] {processor.py:161} INFO - Started process (PID=59) to work on /home/airflow/.local/lib/python3.8/site-packages/airflow/example_dags/example_dag_decorator.py
[2024-02-14T09:43:49.068+0000] {processor.py:830} INFO - Processing file /home/airflow/.local/lib/python3.8/site-packages/airflow/example_dags/example_dag_decorator.py for tasks to queue
[2024-02-14T09:43:49.088+0000] {logging_mixin.py:188} INFO - [2024-02-14T09:43:49.084+0000] {dagbag.py:538} INFO - Filling up the DagBag from /home/airflow/.local/lib/python3.8/site-packages/airflow/example_dags/example_dag_decorator.py
[2024-02-14T09:43:49.298+0000] {processor.py:840} INFO - DAG(s) 'example_dag_decorator' retrieved from /home/airflow/.local/lib/python3.8/site-packages/airflow/example_dags/example_dag_decorator.py
[2024-02-14T09:43:49.322+0000] {logging_mixin.py:188} INFO - [2024-02-14T09:43:49.322+0000] {dag.py:3036} INFO - Sync 1 DAGs
[2024-02-14T09:43:49.350+0000] {logging_mixin.py:188} INFO - [2024-02-14T09:43:49.349+0000] {dag.py:3823} INFO - Setting next_dagrun for example_dag_decorator to None, run_after=None
[2024-02-14T09:43:49.374+0000] {processor.py:183} INFO - Processing /home/airflow/.local/lib/python3.8/site-packages/airflow/example_dags/example_dag_decorator.py took 0.318 seconds
[2024-02-14T09:46:38.082+0000] {processor.py:161} INFO - Started process (PID=58) to work on /home/airflow/.local/lib/python3.8/site-packages/airflow/example_dags/example_dag_decorator.py
[2024-02-14T09:46:38.084+0000] {processor.py:830} INFO - Processing file /home/airflow/.local/lib/python3.8/site-packages/airflow/example_dags/example_dag_decorator.py for tasks to queue
[2024-02-14T09:46:38.086+0000] {logging_mixin.py:188} INFO - [2024-02-14T09:46:38.086+0000] {dagbag.py:538} INFO - Filling up the DagBag from /home/airflow/.local/lib/python3.8/site-packages/airflow/example_dags/example_dag_decorator.py
[2024-02-14T09:46:38.244+0000] {processor.py:840} INFO - DAG(s) 'example_dag_decorator' retrieved from /home/airflow/.local/lib/python3.8/site-packages/airflow/example_dags/example_dag_decorator.py
[2024-02-14T09:46:38.317+0000] {logging_mixin.py:188} INFO - [2024-02-14T09:46:38.316+0000] {override.py:1769} INFO - Created Permission View: can edit on DAG:example_dag_decorator
[2024-02-14T09:46:38.324+0000] {logging_mixin.py:188} INFO - [2024-02-14T09:46:38.323+0000] {override.py:1769} INFO - Created Permission View: can read on DAG:example_dag_decorator
[2024-02-14T09:46:38.329+0000] {logging_mixin.py:188} INFO - [2024-02-14T09:46:38.329+0000] {override.py:1769} INFO - Created Permission View: can delete on DAG:example_dag_decorator
[2024-02-14T09:46:38.330+0000] {logging_mixin.py:188} INFO - [2024-02-14T09:46:38.330+0000] {dag.py:3036} INFO - Sync 1 DAGs
[2024-02-14T09:46:38.338+0000] {logging_mixin.py:188} INFO - [2024-02-14T09:46:38.337+0000] {dag.py:3058} INFO - Creating ORM DAG for example_dag_decorator
[2024-02-14T09:46:38.339+0000] {logging_mixin.py:188} INFO - [2024-02-14T09:46:38.339+0000] {dag.py:3823} INFO - Setting next_dagrun for example_dag_decorator to None, run_after=None
[2024-02-14T09:46:38.353+0000] {processor.py:183} INFO - Processing /home/airflow/.local/lib/python3.8/site-packages/airflow/example_dags/example_dag_decorator.py took 0.274 seconds
[2024-02-14T09:47:09.159+0000] {processor.py:161} INFO - Started process (PID=113) to work on /home/airflow/.local/lib/python3.8/site-packages/airflow/example_dags/example_dag_decorator.py
[2024-02-14T09:47:09.162+0000] {processor.py:830} INFO - Processing file /home/airflow/.local/lib/python3.8/site-packages/airflow/example_dags/example_dag_decorator.py for tasks to queue
[2024-02-14T09:47:09.165+0000] {logging_mixin.py:188} INFO - [2024-02-14T09:47:09.165+0000] {dagbag.py:538} INFO - Filling up the DagBag from /home/airflow/.local/lib/python3.8/site-packages/airflow/example_dags/example_dag_decorator.py
[2024-02-14T09:47:09.240+0000] {processor.py:840} INFO - DAG(s) 'example_dag_decorator' retrieved from /home/airflow/.local/lib/python3.8/site-packages/airflow/example_dags/example_dag_decorator.py
[2024-02-14T09:47:09.305+0000] {logging_mixin.py:188} INFO - [2024-02-14T09:47:09.305+0000] {dag.py:3036} INFO - Sync 1 DAGs
[2024-02-14T09:47:09.312+0000] {logging_mixin.py:188} INFO - [2024-02-14T09:47:09.312+0000] {dag.py:3823} INFO - Setting next_dagrun for example_dag_decorator to None, run_after=None
[2024-02-14T09:47:09.324+0000] {processor.py:183} INFO - Processing /home/airflow/.local/lib/python3.8/site-packages/airflow/example_dags/example_dag_decorator.py took 0.169 seconds
[2024-02-14T09:47:39.515+0000] {processor.py:161} INFO - Started process (PID=172) to work on /home/airflow/.local/lib/python3.8/site-packages/airflow/example_dags/example_dag_decorator.py
[2024-02-14T09:47:39.517+0000] {processor.py:830} INFO - Processing file /home/airflow/.local/lib/python3.8/site-packages/airflow/example_dags/example_dag_decorator.py for tasks to queue
[2024-02-14T09:47:39.519+0000] {logging_mixin.py:188} INFO - [2024-02-14T09:47:39.519+0000] {dagbag.py:538} INFO - Filling up the DagBag from /home/airflow/.local/lib/python3.8/site-packages/airflow/example_dags/example_dag_decorator.py
[2024-02-14T09:47:39.615+0000] {processor.py:840} INFO - DAG(s) 'example_dag_decorator' retrieved from /home/airflow/.local/lib/python3.8/site-packages/airflow/example_dags/example_dag_decorator.py
[2024-02-14T09:47:39.726+0000] {logging_mixin.py:188} INFO - [2024-02-14T09:47:39.726+0000] {dag.py:3036} INFO - Sync 1 DAGs
[2024-02-14T09:47:39.734+0000] {logging_mixin.py:188} INFO - [2024-02-14T09:47:39.734+0000] {dag.py:3823} INFO - Setting next_dagrun for example_dag_decorator to None, run_after=None
[2024-02-14T09:47:39.747+0000] {processor.py:183} INFO - Processing /home/airflow/.local/lib/python3.8/site-packages/airflow/example_dags/example_dag_decorator.py took 0.235 seconds
[2024-02-14T09:48:10.206+0000] {processor.py:161} INFO - Started process (PID=229) to work on /home/airflow/.local/lib/python3.8/site-packages/airflow/example_dags/example_dag_decorator.py
[2024-02-14T09:48:10.210+0000] {processor.py:830} INFO - Processing file /home/airflow/.local/lib/python3.8/site-packages/airflow/example_dags/example_dag_decorator.py for tasks to queue
[2024-02-14T09:48:10.213+0000] {logging_mixin.py:188} INFO - [2024-02-14T09:48:10.213+0000] {dagbag.py:538} INFO - Filling up the DagBag from /home/airflow/.local/lib/python3.8/site-packages/airflow/example_dags/example_dag_decorator.py
[2024-02-14T09:48:10.293+0000] {processor.py:840} INFO - DAG(s) 'example_dag_decorator' retrieved from /home/airflow/.local/lib/python3.8/site-packages/airflow/example_dags/example_dag_decorator.py
[2024-02-14T09:48:10.403+0000] {logging_mixin.py:188} INFO - [2024-02-14T09:48:10.403+0000] {dag.py:3036} INFO - Sync 1 DAGs
[2024-02-14T09:48:10.411+0000] {logging_mixin.py:188} INFO - [2024-02-14T09:48:10.411+0000] {dag.py:3823} INFO - Setting next_dagrun for example_dag_decorator to None, run_after=None
[2024-02-14T09:48:10.426+0000] {processor.py:183} INFO - Processing /home/airflow/.local/lib/python3.8/site-packages/airflow/example_dags/example_dag_decorator.py took 0.225 seconds
[2024-02-14T09:48:40.713+0000] {processor.py:161} INFO - Started process (PID=290) to work on /home/airflow/.local/lib/python3.8/site-packages/airflow/example_dags/example_dag_decorator.py
[2024-02-14T09:48:40.714+0000] {processor.py:830} INFO - Processing file /home/airflow/.local/lib/python3.8/site-packages/airflow/example_dags/example_dag_decorator.py for tasks to queue
[2024-02-14T09:48:40.717+0000] {logging_mixin.py:188} INFO - [2024-02-14T09:48:40.717+0000] {dagbag.py:538} INFO - Filling up the DagBag from /home/airflow/.local/lib/python3.8/site-packages/airflow/example_dags/example_dag_decorator.py
[2024-02-14T09:48:40.783+0000] {processor.py:840} INFO - DAG(s) 'example_dag_decorator' retrieved from /home/airflow/.local/lib/python3.8/site-packages/airflow/example_dags/example_dag_decorator.py
[2024-02-14T09:48:40.883+0000] {logging_mixin.py:188} INFO - [2024-02-14T09:48:40.883+0000] {dag.py:3036} INFO - Sync 1 DAGs
[2024-02-14T09:48:40.891+0000] {logging_mixin.py:188} INFO - [2024-02-14T09:48:40.891+0000] {dag.py:3823} INFO - Setting next_dagrun for example_dag_decorator to None, run_after=None
[2024-02-14T09:48:40.907+0000] {processor.py:183} INFO - Processing /home/airflow/.local/lib/python3.8/site-packages/airflow/example_dags/example_dag_decorator.py took 0.197 seconds
[2024-02-14T09:49:11.426+0000] {processor.py:161} INFO - Started process (PID=346) to work on /home/airflow/.local/lib/python3.8/site-packages/airflow/example_dags/example_dag_decorator.py
[2024-02-14T09:49:11.428+0000] {processor.py:830} INFO - Processing file /home/airflow/.local/lib/python3.8/site-packages/airflow/example_dags/example_dag_decorator.py for tasks to queue
[2024-02-14T09:49:11.430+0000] {logging_mixin.py:188} INFO - [2024-02-14T09:49:11.430+0000] {dagbag.py:538} INFO - Filling up the DagBag from /home/airflow/.local/lib/python3.8/site-packages/airflow/example_dags/example_dag_decorator.py
[2024-02-14T09:49:11.490+0000] {processor.py:840} INFO - DAG(s) 'example_dag_decorator' retrieved from /home/airflow/.local/lib/python3.8/site-packages/airflow/example_dags/example_dag_decorator.py
[2024-02-14T09:49:11.559+0000] {logging_mixin.py:188} INFO - [2024-02-14T09:49:11.558+0000] {dag.py:3036} INFO - Sync 1 DAGs
[2024-02-14T09:49:11.565+0000] {logging_mixin.py:188} INFO - [2024-02-14T09:49:11.565+0000] {dag.py:3823} INFO - Setting next_dagrun for example_dag_decorator to None, run_after=None
[2024-02-14T09:49:11.577+0000] {processor.py:183} INFO - Processing /home/airflow/.local/lib/python3.8/site-packages/airflow/example_dags/example_dag_decorator.py took 0.153 seconds
[2024-02-14T09:49:42.209+0000] {processor.py:161} INFO - Started process (PID=401) to work on /home/airflow/.local/lib/python3.8/site-packages/airflow/example_dags/example_dag_decorator.py
[2024-02-14T09:49:42.216+0000] {processor.py:830} INFO - Processing file /home/airflow/.local/lib/python3.8/site-packages/airflow/example_dags/example_dag_decorator.py for tasks to queue
[2024-02-14T09:49:42.219+0000] {logging_mixin.py:188} INFO - [2024-02-14T09:49:42.218+0000] {dagbag.py:538} INFO - Filling up the DagBag from /home/airflow/.local/lib/python3.8/site-packages/airflow/example_dags/example_dag_decorator.py
[2024-02-14T09:49:42.297+0000] {processor.py:840} INFO - DAG(s) 'example_dag_decorator' retrieved from /home/airflow/.local/lib/python3.8/site-packages/airflow/example_dags/example_dag_decorator.py
[2024-02-14T09:49:42.368+0000] {logging_mixin.py:188} INFO - [2024-02-14T09:49:42.368+0000] {dag.py:3036} INFO - Sync 1 DAGs
[2024-02-14T09:49:42.375+0000] {logging_mixin.py:188} INFO - [2024-02-14T09:49:42.375+0000] {dag.py:3823} INFO - Setting next_dagrun for example_dag_decorator to None, run_after=None
[2024-02-14T09:49:42.389+0000] {processor.py:183} INFO - Processing /home/airflow/.local/lib/python3.8/site-packages/airflow/example_dags/example_dag_decorator.py took 0.182 seconds
[2024-02-14T09:50:12.849+0000] {processor.py:161} INFO - Started process (PID=459) to work on /home/airflow/.local/lib/python3.8/site-packages/airflow/example_dags/example_dag_decorator.py
[2024-02-14T09:50:12.851+0000] {processor.py:830} INFO - Processing file /home/airflow/.local/lib/python3.8/site-packages/airflow/example_dags/example_dag_decorator.py for tasks to queue
[2024-02-14T09:50:12.853+0000] {logging_mixin.py:188} INFO - [2024-02-14T09:50:12.852+0000] {dagbag.py:538} INFO - Filling up the DagBag from /home/airflow/.local/lib/python3.8/site-packages/airflow/example_dags/example_dag_decorator.py
[2024-02-14T09:50:12.910+0000] {processor.py:840} INFO - DAG(s) 'example_dag_decorator' retrieved from /home/airflow/.local/lib/python3.8/site-packages/airflow/example_dags/example_dag_decorator.py
[2024-02-14T09:50:12.974+0000] {logging_mixin.py:188} INFO - [2024-02-14T09:50:12.974+0000] {dag.py:3036} INFO - Sync 1 DAGs
[2024-02-14T09:50:12.981+0000] {logging_mixin.py:188} INFO - [2024-02-14T09:50:12.981+0000] {dag.py:3823} INFO - Setting next_dagrun for example_dag_decorator to None, run_after=None
[2024-02-14T09:50:12.992+0000] {processor.py:183} INFO - Processing /home/airflow/.local/lib/python3.8/site-packages/airflow/example_dags/example_dag_decorator.py took 0.146 seconds
[2024-02-14T09:50:43.113+0000] {processor.py:161} INFO - Started process (PID=515) to work on /home/airflow/.local/lib/python3.8/site-packages/airflow/example_dags/example_dag_decorator.py
[2024-02-14T09:50:43.115+0000] {processor.py:830} INFO - Processing file /home/airflow/.local/lib/python3.8/site-packages/airflow/example_dags/example_dag_decorator.py for tasks to queue
[2024-02-14T09:50:43.117+0000] {logging_mixin.py:188} INFO - [2024-02-14T09:50:43.117+0000] {dagbag.py:538} INFO - Filling up the DagBag from /home/airflow/.local/lib/python3.8/site-packages/airflow/example_dags/example_dag_decorator.py
[2024-02-14T09:50:43.174+0000] {processor.py:840} INFO - DAG(s) 'example_dag_decorator' retrieved from /home/airflow/.local/lib/python3.8/site-packages/airflow/example_dags/example_dag_decorator.py
[2024-02-14T09:50:43.238+0000] {logging_mixin.py:188} INFO - [2024-02-14T09:50:43.238+0000] {dag.py:3036} INFO - Sync 1 DAGs
[2024-02-14T09:50:43.245+0000] {logging_mixin.py:188} INFO - [2024-02-14T09:50:43.245+0000] {dag.py:3823} INFO - Setting next_dagrun for example_dag_decorator to None, run_after=None
[2024-02-14T09:50:43.258+0000] {processor.py:183} INFO - Processing /home/airflow/.local/lib/python3.8/site-packages/airflow/example_dags/example_dag_decorator.py took 0.147 seconds
[2024-02-14T09:51:13.463+0000] {processor.py:161} INFO - Started process (PID=571) to work on /home/airflow/.local/lib/python3.8/site-packages/airflow/example_dags/example_dag_decorator.py
[2024-02-14T09:51:13.465+0000] {processor.py:830} INFO - Processing file /home/airflow/.local/lib/python3.8/site-packages/airflow/example_dags/example_dag_decorator.py for tasks to queue
[2024-02-14T09:51:13.467+0000] {logging_mixin.py:188} INFO - [2024-02-14T09:51:13.467+0000] {dagbag.py:538} INFO - Filling up the DagBag from /home/airflow/.local/lib/python3.8/site-packages/airflow/example_dags/example_dag_decorator.py
[2024-02-14T09:51:13.516+0000] {processor.py:840} INFO - DAG(s) 'example_dag_decorator' retrieved from /home/airflow/.local/lib/python3.8/site-packages/airflow/example_dags/example_dag_decorator.py
[2024-02-14T09:51:13.574+0000] {logging_mixin.py:188} INFO - [2024-02-14T09:51:13.574+0000] {dag.py:3036} INFO - Sync 1 DAGs
[2024-02-14T09:51:13.582+0000] {logging_mixin.py:188} INFO - [2024-02-14T09:51:13.582+0000] {dag.py:3823} INFO - Setting next_dagrun for example_dag_decorator to None, run_after=None
[2024-02-14T09:51:13.594+0000] {processor.py:183} INFO - Processing /home/airflow/.local/lib/python3.8/site-packages/airflow/example_dags/example_dag_decorator.py took 0.133 seconds
[2024-02-14T09:51:43.853+0000] {processor.py:161} INFO - Started process (PID=629) to work on /home/airflow/.local/lib/python3.8/site-packages/airflow/example_dags/example_dag_decorator.py
[2024-02-14T09:51:43.855+0000] {processor.py:830} INFO - Processing file /home/airflow/.local/lib/python3.8/site-packages/airflow/example_dags/example_dag_decorator.py for tasks to queue
[2024-02-14T09:51:43.856+0000] {logging_mixin.py:188} INFO - [2024-02-14T09:51:43.856+0000] {dagbag.py:538} INFO - Filling up the DagBag from /home/airflow/.local/lib/python3.8/site-packages/airflow/example_dags/example_dag_decorator.py
[2024-02-14T09:51:43.904+0000] {processor.py:840} INFO - DAG(s) 'example_dag_decorator' retrieved from /home/airflow/.local/lib/python3.8/site-packages/airflow/example_dags/example_dag_decorator.py
[2024-02-14T09:51:43.976+0000] {logging_mixin.py:188} INFO - [2024-02-14T09:51:43.976+0000] {dag.py:3036} INFO - Sync 1 DAGs
[2024-02-14T09:51:43.988+0000] {logging_mixin.py:188} INFO - [2024-02-14T09:51:43.988+0000] {dag.py:3823} INFO - Setting next_dagrun for example_dag_decorator to None, run_after=None
[2024-02-14T09:51:44.001+0000] {processor.py:183} INFO - Processing /home/airflow/.local/lib/python3.8/site-packages/airflow/example_dags/example_dag_decorator.py took 0.150 seconds
[2024-02-14T09:52:14.474+0000] {processor.py:161} INFO - Started process (PID=686) to work on /home/airflow/.local/lib/python3.8/site-packages/airflow/example_dags/example_dag_decorator.py
[2024-02-14T09:52:14.475+0000] {processor.py:830} INFO - Processing file /home/airflow/.local/lib/python3.8/site-packages/airflow/example_dags/example_dag_decorator.py for tasks to queue
[2024-02-14T09:52:14.477+0000] {logging_mixin.py:188} INFO - [2024-02-14T09:52:14.477+0000] {dagbag.py:538} INFO - Filling up the DagBag from /home/airflow/.local/lib/python3.8/site-packages/airflow/example_dags/example_dag_decorator.py
[2024-02-14T09:52:14.532+0000] {processor.py:840} INFO - DAG(s) 'example_dag_decorator' retrieved from /home/airflow/.local/lib/python3.8/site-packages/airflow/example_dags/example_dag_decorator.py
[2024-02-14T09:52:14.595+0000] {logging_mixin.py:188} INFO - [2024-02-14T09:52:14.595+0000] {dag.py:3036} INFO - Sync 1 DAGs
[2024-02-14T09:52:14.601+0000] {logging_mixin.py:188} INFO - [2024-02-14T09:52:14.601+0000] {dag.py:3823} INFO - Setting next_dagrun for example_dag_decorator to None, run_after=None
[2024-02-14T09:52:14.613+0000] {processor.py:183} INFO - Processing /home/airflow/.local/lib/python3.8/site-packages/airflow/example_dags/example_dag_decorator.py took 0.142 seconds
[2024-02-14T09:52:44.942+0000] {processor.py:161} INFO - Started process (PID=743) to work on /home/airflow/.local/lib/python3.8/site-packages/airflow/example_dags/example_dag_decorator.py
[2024-02-14T09:52:44.944+0000] {processor.py:830} INFO - Processing file /home/airflow/.local/lib/python3.8/site-packages/airflow/example_dags/example_dag_decorator.py for tasks to queue
[2024-02-14T09:52:44.946+0000] {logging_mixin.py:188} INFO - [2024-02-14T09:52:44.946+0000] {dagbag.py:538} INFO - Filling up the DagBag from /home/airflow/.local/lib/python3.8/site-packages/airflow/example_dags/example_dag_decorator.py
[2024-02-14T09:52:45.005+0000] {processor.py:840} INFO - DAG(s) 'example_dag_decorator' retrieved from /home/airflow/.local/lib/python3.8/site-packages/airflow/example_dags/example_dag_decorator.py
[2024-02-14T09:52:45.079+0000] {logging_mixin.py:188} INFO - [2024-02-14T09:52:45.079+0000] {dag.py:3036} INFO - Sync 1 DAGs
[2024-02-14T09:52:45.086+0000] {logging_mixin.py:188} INFO - [2024-02-14T09:52:45.086+0000] {dag.py:3823} INFO - Setting next_dagrun for example_dag_decorator to None, run_after=None
[2024-02-14T09:52:45.099+0000] {processor.py:183} INFO - Processing /home/airflow/.local/lib/python3.8/site-packages/airflow/example_dags/example_dag_decorator.py took 0.159 seconds
[2024-02-14T09:53:38.441+0000] {processor.py:161} INFO - Started process (PID=63) to work on /home/airflow/.local/lib/python3.8/site-packages/airflow/example_dags/example_dag_decorator.py
[2024-02-14T09:53:38.443+0000] {processor.py:830} INFO - Processing file /home/airflow/.local/lib/python3.8/site-packages/airflow/example_dags/example_dag_decorator.py for tasks to queue
[2024-02-14T09:53:38.447+0000] {logging_mixin.py:188} INFO - [2024-02-14T09:53:38.446+0000] {dagbag.py:538} INFO - Filling up the DagBag from /home/airflow/.local/lib/python3.8/site-packages/airflow/example_dags/example_dag_decorator.py
[2024-02-14T09:53:38.530+0000] {processor.py:840} INFO - DAG(s) 'example_dag_decorator' retrieved from /home/airflow/.local/lib/python3.8/site-packages/airflow/example_dags/example_dag_decorator.py
[2024-02-14T09:53:38.542+0000] {logging_mixin.py:188} INFO - [2024-02-14T09:53:38.541+0000] {dag.py:3036} INFO - Sync 1 DAGs
[2024-02-14T09:53:38.564+0000] {logging_mixin.py:188} INFO - [2024-02-14T09:53:38.563+0000] {dag.py:3823} INFO - Setting next_dagrun for example_dag_decorator to None, run_after=None
[2024-02-14T09:53:38.587+0000] {processor.py:183} INFO - Processing /home/airflow/.local/lib/python3.8/site-packages/airflow/example_dags/example_dag_decorator.py took 0.157 seconds
[2024-02-14T09:54:10.127+0000] {processor.py:161} INFO - Started process (PID=119) to work on /home/airflow/.local/lib/python3.8/site-packages/airflow/example_dags/example_dag_decorator.py
[2024-02-14T09:54:10.130+0000] {processor.py:830} INFO - Processing file /home/airflow/.local/lib/python3.8/site-packages/airflow/example_dags/example_dag_decorator.py for tasks to queue
[2024-02-14T09:54:10.134+0000] {logging_mixin.py:188} INFO - [2024-02-14T09:54:10.133+0000] {dagbag.py:538} INFO - Filling up the DagBag from /home/airflow/.local/lib/python3.8/site-packages/airflow/example_dags/example_dag_decorator.py
[2024-02-14T09:54:10.208+0000] {processor.py:840} INFO - DAG(s) 'example_dag_decorator' retrieved from /home/airflow/.local/lib/python3.8/site-packages/airflow/example_dags/example_dag_decorator.py
[2024-02-14T09:54:10.313+0000] {logging_mixin.py:188} INFO - [2024-02-14T09:54:10.313+0000] {dag.py:3036} INFO - Sync 1 DAGs
[2024-02-14T09:54:10.323+0000] {logging_mixin.py:188} INFO - [2024-02-14T09:54:10.323+0000] {dag.py:3823} INFO - Setting next_dagrun for example_dag_decorator to None, run_after=None
[2024-02-14T09:54:10.340+0000] {processor.py:183} INFO - Processing /home/airflow/.local/lib/python3.8/site-packages/airflow/example_dags/example_dag_decorator.py took 0.216 seconds
[2024-02-14T09:54:40.718+0000] {processor.py:161} INFO - Started process (PID=176) to work on /home/airflow/.local/lib/python3.8/site-packages/airflow/example_dags/example_dag_decorator.py
[2024-02-14T09:54:40.719+0000] {processor.py:830} INFO - Processing file /home/airflow/.local/lib/python3.8/site-packages/airflow/example_dags/example_dag_decorator.py for tasks to queue
[2024-02-14T09:54:40.722+0000] {logging_mixin.py:188} INFO - [2024-02-14T09:54:40.722+0000] {dagbag.py:538} INFO - Filling up the DagBag from /home/airflow/.local/lib/python3.8/site-packages/airflow/example_dags/example_dag_decorator.py
[2024-02-14T09:54:40.783+0000] {processor.py:840} INFO - DAG(s) 'example_dag_decorator' retrieved from /home/airflow/.local/lib/python3.8/site-packages/airflow/example_dags/example_dag_decorator.py
[2024-02-14T09:54:40.848+0000] {logging_mixin.py:188} INFO - [2024-02-14T09:54:40.848+0000] {dag.py:3036} INFO - Sync 1 DAGs
[2024-02-14T09:54:40.855+0000] {logging_mixin.py:188} INFO - [2024-02-14T09:54:40.855+0000] {dag.py:3823} INFO - Setting next_dagrun for example_dag_decorator to None, run_after=None
[2024-02-14T09:54:40.870+0000] {processor.py:183} INFO - Processing /home/airflow/.local/lib/python3.8/site-packages/airflow/example_dags/example_dag_decorator.py took 0.155 seconds
[2024-02-14T09:55:50.037+0000] {processor.py:161} INFO - Started process (PID=60) to work on /home/airflow/.local/lib/python3.8/site-packages/airflow/example_dags/example_dag_decorator.py
[2024-02-14T09:55:50.040+0000] {processor.py:830} INFO - Processing file /home/airflow/.local/lib/python3.8/site-packages/airflow/example_dags/example_dag_decorator.py for tasks to queue
[2024-02-14T09:55:50.050+0000] {logging_mixin.py:188} INFO - [2024-02-14T09:55:50.049+0000] {dagbag.py:538} INFO - Filling up the DagBag from /home/airflow/.local/lib/python3.8/site-packages/airflow/example_dags/example_dag_decorator.py
[2024-02-14T09:55:50.239+0000] {processor.py:840} INFO - DAG(s) 'example_dag_decorator' retrieved from /home/airflow/.local/lib/python3.8/site-packages/airflow/example_dags/example_dag_decorator.py
[2024-02-14T09:55:50.256+0000] {logging_mixin.py:188} INFO - [2024-02-14T09:55:50.256+0000] {dag.py:3036} INFO - Sync 1 DAGs
[2024-02-14T09:55:50.270+0000] {logging_mixin.py:188} INFO - [2024-02-14T09:55:50.270+0000] {dag.py:3823} INFO - Setting next_dagrun for example_dag_decorator to None, run_after=None
[2024-02-14T09:55:50.288+0000] {processor.py:183} INFO - Processing /home/airflow/.local/lib/python3.8/site-packages/airflow/example_dags/example_dag_decorator.py took 0.256 seconds
[2024-02-14T09:56:20.342+0000] {processor.py:161} INFO - Started process (PID=123) to work on /home/airflow/.local/lib/python3.8/site-packages/airflow/example_dags/example_dag_decorator.py
[2024-02-14T09:56:20.344+0000] {processor.py:830} INFO - Processing file /home/airflow/.local/lib/python3.8/site-packages/airflow/example_dags/example_dag_decorator.py for tasks to queue
[2024-02-14T09:56:20.346+0000] {logging_mixin.py:188} INFO - [2024-02-14T09:56:20.346+0000] {dagbag.py:538} INFO - Filling up the DagBag from /home/airflow/.local/lib/python3.8/site-packages/airflow/example_dags/example_dag_decorator.py
[2024-02-14T09:56:20.399+0000] {processor.py:840} INFO - DAG(s) 'example_dag_decorator' retrieved from /home/airflow/.local/lib/python3.8/site-packages/airflow/example_dags/example_dag_decorator.py
[2024-02-14T09:56:20.457+0000] {logging_mixin.py:188} INFO - [2024-02-14T09:56:20.457+0000] {dag.py:3036} INFO - Sync 1 DAGs
[2024-02-14T09:56:20.465+0000] {logging_mixin.py:188} INFO - [2024-02-14T09:56:20.465+0000] {dag.py:3823} INFO - Setting next_dagrun for example_dag_decorator to None, run_after=None
[2024-02-14T09:56:20.479+0000] {processor.py:183} INFO - Processing /home/airflow/.local/lib/python3.8/site-packages/airflow/example_dags/example_dag_decorator.py took 0.140 seconds
[2024-02-14T09:56:51.175+0000] {processor.py:161} INFO - Started process (PID=179) to work on /home/airflow/.local/lib/python3.8/site-packages/airflow/example_dags/example_dag_decorator.py
[2024-02-14T09:56:51.177+0000] {processor.py:830} INFO - Processing file /home/airflow/.local/lib/python3.8/site-packages/airflow/example_dags/example_dag_decorator.py for tasks to queue
[2024-02-14T09:56:51.179+0000] {logging_mixin.py:188} INFO - [2024-02-14T09:56:51.179+0000] {dagbag.py:538} INFO - Filling up the DagBag from /home/airflow/.local/lib/python3.8/site-packages/airflow/example_dags/example_dag_decorator.py
[2024-02-14T09:56:51.261+0000] {processor.py:840} INFO - DAG(s) 'example_dag_decorator' retrieved from /home/airflow/.local/lib/python3.8/site-packages/airflow/example_dags/example_dag_decorator.py
[2024-02-14T09:56:51.465+0000] {logging_mixin.py:188} INFO - [2024-02-14T09:56:51.464+0000] {dag.py:3036} INFO - Sync 1 DAGs
[2024-02-14T09:56:51.507+0000] {logging_mixin.py:188} INFO - [2024-02-14T09:56:51.507+0000] {dag.py:3823} INFO - Setting next_dagrun for example_dag_decorator to None, run_after=None
[2024-02-14T09:56:51.537+0000] {processor.py:183} INFO - Processing /home/airflow/.local/lib/python3.8/site-packages/airflow/example_dags/example_dag_decorator.py took 0.365 seconds
[2024-02-14T09:57:22.258+0000] {processor.py:161} INFO - Started process (PID=236) to work on /home/airflow/.local/lib/python3.8/site-packages/airflow/example_dags/example_dag_decorator.py
[2024-02-14T09:57:22.259+0000] {processor.py:830} INFO - Processing file /home/airflow/.local/lib/python3.8/site-packages/airflow/example_dags/example_dag_decorator.py for tasks to queue
[2024-02-14T09:57:22.262+0000] {logging_mixin.py:188} INFO - [2024-02-14T09:57:22.262+0000] {dagbag.py:538} INFO - Filling up the DagBag from /home/airflow/.local/lib/python3.8/site-packages/airflow/example_dags/example_dag_decorator.py
[2024-02-14T09:57:22.325+0000] {processor.py:840} INFO - DAG(s) 'example_dag_decorator' retrieved from /home/airflow/.local/lib/python3.8/site-packages/airflow/example_dags/example_dag_decorator.py
[2024-02-14T09:57:22.415+0000] {logging_mixin.py:188} INFO - [2024-02-14T09:57:22.414+0000] {dag.py:3036} INFO - Sync 1 DAGs
[2024-02-14T09:57:22.422+0000] {logging_mixin.py:188} INFO - [2024-02-14T09:57:22.422+0000] {dag.py:3823} INFO - Setting next_dagrun for example_dag_decorator to None, run_after=None
[2024-02-14T09:57:22.437+0000] {processor.py:183} INFO - Processing /home/airflow/.local/lib/python3.8/site-packages/airflow/example_dags/example_dag_decorator.py took 0.183 seconds
[2024-02-14T09:57:52.909+0000] {processor.py:161} INFO - Started process (PID=294) to work on /home/airflow/.local/lib/python3.8/site-packages/airflow/example_dags/example_dag_decorator.py
[2024-02-14T09:57:52.912+0000] {processor.py:830} INFO - Processing file /home/airflow/.local/lib/python3.8/site-packages/airflow/example_dags/example_dag_decorator.py for tasks to queue
[2024-02-14T09:57:52.914+0000] {logging_mixin.py:188} INFO - [2024-02-14T09:57:52.914+0000] {dagbag.py:538} INFO - Filling up the DagBag from /home/airflow/.local/lib/python3.8/site-packages/airflow/example_dags/example_dag_decorator.py
[2024-02-14T09:57:52.984+0000] {processor.py:840} INFO - DAG(s) 'example_dag_decorator' retrieved from /home/airflow/.local/lib/python3.8/site-packages/airflow/example_dags/example_dag_decorator.py
[2024-02-14T09:57:53.054+0000] {logging_mixin.py:188} INFO - [2024-02-14T09:57:53.054+0000] {dag.py:3036} INFO - Sync 1 DAGs
[2024-02-14T09:57:53.061+0000] {logging_mixin.py:188} INFO - [2024-02-14T09:57:53.061+0000] {dag.py:3823} INFO - Setting next_dagrun for example_dag_decorator to None, run_after=None
[2024-02-14T09:57:53.077+0000] {processor.py:183} INFO - Processing /home/airflow/.local/lib/python3.8/site-packages/airflow/example_dags/example_dag_decorator.py took 0.172 seconds
[2024-02-14T09:58:23.270+0000] {processor.py:161} INFO - Started process (PID=351) to work on /home/airflow/.local/lib/python3.8/site-packages/airflow/example_dags/example_dag_decorator.py
[2024-02-14T09:58:23.273+0000] {processor.py:830} INFO - Processing file /home/airflow/.local/lib/python3.8/site-packages/airflow/example_dags/example_dag_decorator.py for tasks to queue
[2024-02-14T09:58:23.276+0000] {logging_mixin.py:188} INFO - [2024-02-14T09:58:23.276+0000] {dagbag.py:538} INFO - Filling up the DagBag from /home/airflow/.local/lib/python3.8/site-packages/airflow/example_dags/example_dag_decorator.py
[2024-02-14T09:58:23.344+0000] {processor.py:840} INFO - DAG(s) 'example_dag_decorator' retrieved from /home/airflow/.local/lib/python3.8/site-packages/airflow/example_dags/example_dag_decorator.py
[2024-02-14T09:58:23.409+0000] {logging_mixin.py:188} INFO - [2024-02-14T09:58:23.408+0000] {dag.py:3036} INFO - Sync 1 DAGs
[2024-02-14T09:58:23.416+0000] {logging_mixin.py:188} INFO - [2024-02-14T09:58:23.415+0000] {dag.py:3823} INFO - Setting next_dagrun for example_dag_decorator to None, run_after=None
[2024-02-14T09:58:23.430+0000] {processor.py:183} INFO - Processing /home/airflow/.local/lib/python3.8/site-packages/airflow/example_dags/example_dag_decorator.py took 0.165 seconds
[2024-02-14T09:58:54.245+0000] {processor.py:161} INFO - Started process (PID=410) to work on /home/airflow/.local/lib/python3.8/site-packages/airflow/example_dags/example_dag_decorator.py
[2024-02-14T09:58:54.248+0000] {processor.py:830} INFO - Processing file /home/airflow/.local/lib/python3.8/site-packages/airflow/example_dags/example_dag_decorator.py for tasks to queue
[2024-02-14T09:58:54.250+0000] {logging_mixin.py:188} INFO - [2024-02-14T09:58:54.250+0000] {dagbag.py:538} INFO - Filling up the DagBag from /home/airflow/.local/lib/python3.8/site-packages/airflow/example_dags/example_dag_decorator.py
[2024-02-14T09:58:54.308+0000] {processor.py:840} INFO - DAG(s) 'example_dag_decorator' retrieved from /home/airflow/.local/lib/python3.8/site-packages/airflow/example_dags/example_dag_decorator.py
[2024-02-14T09:58:54.379+0000] {logging_mixin.py:188} INFO - [2024-02-14T09:58:54.379+0000] {dag.py:3036} INFO - Sync 1 DAGs
[2024-02-14T09:58:54.386+0000] {logging_mixin.py:188} INFO - [2024-02-14T09:58:54.386+0000] {dag.py:3823} INFO - Setting next_dagrun for example_dag_decorator to None, run_after=None
[2024-02-14T09:58:54.399+0000] {processor.py:183} INFO - Processing /home/airflow/.local/lib/python3.8/site-packages/airflow/example_dags/example_dag_decorator.py took 0.158 seconds
[2024-02-14T09:59:24.636+0000] {processor.py:161} INFO - Started process (PID=467) to work on /home/airflow/.local/lib/python3.8/site-packages/airflow/example_dags/example_dag_decorator.py
[2024-02-14T09:59:24.641+0000] {processor.py:830} INFO - Processing file /home/airflow/.local/lib/python3.8/site-packages/airflow/example_dags/example_dag_decorator.py for tasks to queue
[2024-02-14T09:59:24.644+0000] {logging_mixin.py:188} INFO - [2024-02-14T09:59:24.644+0000] {dagbag.py:538} INFO - Filling up the DagBag from /home/airflow/.local/lib/python3.8/site-packages/airflow/example_dags/example_dag_decorator.py
[2024-02-14T09:59:24.728+0000] {processor.py:840} INFO - DAG(s) 'example_dag_decorator' retrieved from /home/airflow/.local/lib/python3.8/site-packages/airflow/example_dags/example_dag_decorator.py
[2024-02-14T09:59:24.745+0000] {logging_mixin.py:188} INFO - [2024-02-14T09:59:24.745+0000] {dag.py:3036} INFO - Sync 1 DAGs
[2024-02-14T09:59:24.753+0000] {logging_mixin.py:188} INFO - [2024-02-14T09:59:24.753+0000] {dag.py:3823} INFO - Setting next_dagrun for example_dag_decorator to None, run_after=None
[2024-02-14T09:59:24.765+0000] {processor.py:183} INFO - Processing /home/airflow/.local/lib/python3.8/site-packages/airflow/example_dags/example_dag_decorator.py took 0.135 seconds
[2024-02-14T09:59:55.403+0000] {processor.py:161} INFO - Started process (PID=523) to work on /home/airflow/.local/lib/python3.8/site-packages/airflow/example_dags/example_dag_decorator.py
[2024-02-14T09:59:55.406+0000] {processor.py:830} INFO - Processing file /home/airflow/.local/lib/python3.8/site-packages/airflow/example_dags/example_dag_decorator.py for tasks to queue
[2024-02-14T09:59:55.410+0000] {logging_mixin.py:188} INFO - [2024-02-14T09:59:55.410+0000] {dagbag.py:538} INFO - Filling up the DagBag from /home/airflow/.local/lib/python3.8/site-packages/airflow/example_dags/example_dag_decorator.py
[2024-02-14T09:59:55.481+0000] {processor.py:840} INFO - DAG(s) 'example_dag_decorator' retrieved from /home/airflow/.local/lib/python3.8/site-packages/airflow/example_dags/example_dag_decorator.py
[2024-02-14T09:59:55.547+0000] {logging_mixin.py:188} INFO - [2024-02-14T09:59:55.547+0000] {dag.py:3036} INFO - Sync 1 DAGs
[2024-02-14T09:59:55.554+0000] {logging_mixin.py:188} INFO - [2024-02-14T09:59:55.553+0000] {dag.py:3823} INFO - Setting next_dagrun for example_dag_decorator to None, run_after=None
[2024-02-14T09:59:55.568+0000] {processor.py:183} INFO - Processing /home/airflow/.local/lib/python3.8/site-packages/airflow/example_dags/example_dag_decorator.py took 0.172 seconds
[2024-02-14T10:00:25.756+0000] {processor.py:161} INFO - Started process (PID=580) to work on /home/airflow/.local/lib/python3.8/site-packages/airflow/example_dags/example_dag_decorator.py
[2024-02-14T10:00:25.761+0000] {processor.py:830} INFO - Processing file /home/airflow/.local/lib/python3.8/site-packages/airflow/example_dags/example_dag_decorator.py for tasks to queue
[2024-02-14T10:00:25.765+0000] {logging_mixin.py:188} INFO - [2024-02-14T10:00:25.765+0000] {dagbag.py:538} INFO - Filling up the DagBag from /home/airflow/.local/lib/python3.8/site-packages/airflow/example_dags/example_dag_decorator.py
[2024-02-14T10:00:25.849+0000] {processor.py:840} INFO - DAG(s) 'example_dag_decorator' retrieved from /home/airflow/.local/lib/python3.8/site-packages/airflow/example_dags/example_dag_decorator.py
[2024-02-14T10:00:25.927+0000] {logging_mixin.py:188} INFO - [2024-02-14T10:00:25.927+0000] {dag.py:3036} INFO - Sync 1 DAGs
[2024-02-14T10:00:25.939+0000] {logging_mixin.py:188} INFO - [2024-02-14T10:00:25.939+0000] {dag.py:3823} INFO - Setting next_dagrun for example_dag_decorator to None, run_after=None
[2024-02-14T10:00:25.967+0000] {processor.py:183} INFO - Processing /home/airflow/.local/lib/python3.8/site-packages/airflow/example_dags/example_dag_decorator.py took 0.216 seconds
[2024-02-14T10:00:56.126+0000] {processor.py:161} INFO - Started process (PID=639) to work on /home/airflow/.local/lib/python3.8/site-packages/airflow/example_dags/example_dag_decorator.py
[2024-02-14T10:00:56.128+0000] {processor.py:830} INFO - Processing file /home/airflow/.local/lib/python3.8/site-packages/airflow/example_dags/example_dag_decorator.py for tasks to queue
[2024-02-14T10:00:56.132+0000] {logging_mixin.py:188} INFO - [2024-02-14T10:00:56.131+0000] {dagbag.py:538} INFO - Filling up the DagBag from /home/airflow/.local/lib/python3.8/site-packages/airflow/example_dags/example_dag_decorator.py
[2024-02-14T10:00:56.266+0000] {processor.py:840} INFO - DAG(s) 'example_dag_decorator' retrieved from /home/airflow/.local/lib/python3.8/site-packages/airflow/example_dags/example_dag_decorator.py
[2024-02-14T10:00:56.368+0000] {logging_mixin.py:188} INFO - [2024-02-14T10:00:56.368+0000] {dag.py:3036} INFO - Sync 1 DAGs
[2024-02-14T10:00:56.379+0000] {logging_mixin.py:188} INFO - [2024-02-14T10:00:56.379+0000] {dag.py:3823} INFO - Setting next_dagrun for example_dag_decorator to None, run_after=None
[2024-02-14T10:00:56.401+0000] {processor.py:183} INFO - Processing /home/airflow/.local/lib/python3.8/site-packages/airflow/example_dags/example_dag_decorator.py took 0.278 seconds
[2024-02-14T10:01:26.939+0000] {processor.py:161} INFO - Started process (PID=693) to work on /home/airflow/.local/lib/python3.8/site-packages/airflow/example_dags/example_dag_decorator.py
[2024-02-14T10:01:26.941+0000] {processor.py:830} INFO - Processing file /home/airflow/.local/lib/python3.8/site-packages/airflow/example_dags/example_dag_decorator.py for tasks to queue
[2024-02-14T10:01:26.944+0000] {logging_mixin.py:188} INFO - [2024-02-14T10:01:26.943+0000] {dagbag.py:538} INFO - Filling up the DagBag from /home/airflow/.local/lib/python3.8/site-packages/airflow/example_dags/example_dag_decorator.py
[2024-02-14T10:01:27.024+0000] {processor.py:840} INFO - DAG(s) 'example_dag_decorator' retrieved from /home/airflow/.local/lib/python3.8/site-packages/airflow/example_dags/example_dag_decorator.py
[2024-02-14T10:01:27.122+0000] {logging_mixin.py:188} INFO - [2024-02-14T10:01:27.122+0000] {dag.py:3036} INFO - Sync 1 DAGs
[2024-02-14T10:01:27.130+0000] {logging_mixin.py:188} INFO - [2024-02-14T10:01:27.130+0000] {dag.py:3823} INFO - Setting next_dagrun for example_dag_decorator to None, run_after=None
[2024-02-14T10:01:27.147+0000] {processor.py:183} INFO - Processing /home/airflow/.local/lib/python3.8/site-packages/airflow/example_dags/example_dag_decorator.py took 0.211 seconds
[2024-02-14T10:01:58.053+0000] {processor.py:161} INFO - Started process (PID=750) to work on /home/airflow/.local/lib/python3.8/site-packages/airflow/example_dags/example_dag_decorator.py
[2024-02-14T10:01:58.055+0000] {processor.py:830} INFO - Processing file /home/airflow/.local/lib/python3.8/site-packages/airflow/example_dags/example_dag_decorator.py for tasks to queue
[2024-02-14T10:01:58.057+0000] {logging_mixin.py:188} INFO - [2024-02-14T10:01:58.057+0000] {dagbag.py:538} INFO - Filling up the DagBag from /home/airflow/.local/lib/python3.8/site-packages/airflow/example_dags/example_dag_decorator.py
[2024-02-14T10:01:58.110+0000] {processor.py:840} INFO - DAG(s) 'example_dag_decorator' retrieved from /home/airflow/.local/lib/python3.8/site-packages/airflow/example_dags/example_dag_decorator.py
[2024-02-14T10:01:58.174+0000] {logging_mixin.py:188} INFO - [2024-02-14T10:01:58.174+0000] {dag.py:3036} INFO - Sync 1 DAGs
[2024-02-14T10:01:58.182+0000] {logging_mixin.py:188} INFO - [2024-02-14T10:01:58.182+0000] {dag.py:3823} INFO - Setting next_dagrun for example_dag_decorator to None, run_after=None
[2024-02-14T10:01:58.195+0000] {processor.py:183} INFO - Processing /home/airflow/.local/lib/python3.8/site-packages/airflow/example_dags/example_dag_decorator.py took 0.145 seconds
[2024-02-14T10:02:28.778+0000] {processor.py:161} INFO - Started process (PID=807) to work on /home/airflow/.local/lib/python3.8/site-packages/airflow/example_dags/example_dag_decorator.py
[2024-02-14T10:02:28.780+0000] {processor.py:830} INFO - Processing file /home/airflow/.local/lib/python3.8/site-packages/airflow/example_dags/example_dag_decorator.py for tasks to queue
[2024-02-14T10:02:28.782+0000] {logging_mixin.py:188} INFO - [2024-02-14T10:02:28.782+0000] {dagbag.py:538} INFO - Filling up the DagBag from /home/airflow/.local/lib/python3.8/site-packages/airflow/example_dags/example_dag_decorator.py
[2024-02-14T10:02:28.846+0000] {processor.py:840} INFO - DAG(s) 'example_dag_decorator' retrieved from /home/airflow/.local/lib/python3.8/site-packages/airflow/example_dags/example_dag_decorator.py
[2024-02-14T10:02:28.934+0000] {logging_mixin.py:188} INFO - [2024-02-14T10:02:28.934+0000] {dag.py:3036} INFO - Sync 1 DAGs
[2024-02-14T10:02:28.941+0000] {logging_mixin.py:188} INFO - [2024-02-14T10:02:28.941+0000] {dag.py:3823} INFO - Setting next_dagrun for example_dag_decorator to None, run_after=None
[2024-02-14T10:02:28.956+0000] {processor.py:183} INFO - Processing /home/airflow/.local/lib/python3.8/site-packages/airflow/example_dags/example_dag_decorator.py took 0.180 seconds
[2024-02-14T10:02:59.527+0000] {processor.py:161} INFO - Started process (PID=866) to work on /home/airflow/.local/lib/python3.8/site-packages/airflow/example_dags/example_dag_decorator.py
[2024-02-14T10:02:59.528+0000] {processor.py:830} INFO - Processing file /home/airflow/.local/lib/python3.8/site-packages/airflow/example_dags/example_dag_decorator.py for tasks to queue
[2024-02-14T10:02:59.531+0000] {logging_mixin.py:188} INFO - [2024-02-14T10:02:59.531+0000] {dagbag.py:538} INFO - Filling up the DagBag from /home/airflow/.local/lib/python3.8/site-packages/airflow/example_dags/example_dag_decorator.py
[2024-02-14T10:02:59.598+0000] {processor.py:840} INFO - DAG(s) 'example_dag_decorator' retrieved from /home/airflow/.local/lib/python3.8/site-packages/airflow/example_dags/example_dag_decorator.py
[2024-02-14T10:02:59.706+0000] {logging_mixin.py:188} INFO - [2024-02-14T10:02:59.706+0000] {dag.py:3036} INFO - Sync 1 DAGs
[2024-02-14T10:02:59.714+0000] {logging_mixin.py:188} INFO - [2024-02-14T10:02:59.714+0000] {dag.py:3823} INFO - Setting next_dagrun for example_dag_decorator to None, run_after=None
[2024-02-14T10:02:59.729+0000] {processor.py:183} INFO - Processing /home/airflow/.local/lib/python3.8/site-packages/airflow/example_dags/example_dag_decorator.py took 0.205 seconds
