[2024-02-14T09:34:17.403+0000] {processor.py:161} INFO - Started process (PID=43) to work on /home/airflow/.local/lib/python3.8/site-packages/airflow/example_dags/example_setup_teardown.py
[2024-02-14T09:34:17.404+0000] {processor.py:830} INFO - Processing file /home/airflow/.local/lib/python3.8/site-packages/airflow/example_dags/example_setup_teardown.py for tasks to queue
[2024-02-14T09:34:17.408+0000] {logging_mixin.py:188} INFO - [2024-02-14T09:34:17.408+0000] {dagbag.py:538} INFO - Filling up the DagBag from /home/airflow/.local/lib/python3.8/site-packages/airflow/example_dags/example_setup_teardown.py
[2024-02-14T09:34:17.421+0000] {processor.py:840} INFO - DAG(s) 'example_setup_teardown' retrieved from /home/airflow/.local/lib/python3.8/site-packages/airflow/example_dags/example_setup_teardown.py
[2024-02-14T09:34:17.448+0000] {logging_mixin.py:188} INFO - [2024-02-14T09:34:17.448+0000] {dag.py:3036} INFO - Sync 1 DAGs
[2024-02-14T09:34:17.469+0000] {logging_mixin.py:188} INFO - [2024-02-14T09:34:17.468+0000] {dag.py:3823} INFO - Setting next_dagrun for example_setup_teardown to 2024-02-13 00:00:00+00:00, run_after=2024-02-14 00:00:00+00:00
[2024-02-14T09:34:17.487+0000] {processor.py:183} INFO - Processing /home/airflow/.local/lib/python3.8/site-packages/airflow/example_dags/example_setup_teardown.py took 0.087 seconds
[2024-02-14T09:34:48.173+0000] {processor.py:161} INFO - Started process (PID=100) to work on /home/airflow/.local/lib/python3.8/site-packages/airflow/example_dags/example_setup_teardown.py
[2024-02-14T09:34:48.178+0000] {processor.py:830} INFO - Processing file /home/airflow/.local/lib/python3.8/site-packages/airflow/example_dags/example_setup_teardown.py for tasks to queue
[2024-02-14T09:34:48.183+0000] {logging_mixin.py:188} INFO - [2024-02-14T09:34:48.182+0000] {dagbag.py:538} INFO - Filling up the DagBag from /home/airflow/.local/lib/python3.8/site-packages/airflow/example_dags/example_setup_teardown.py
[2024-02-14T09:34:48.191+0000] {processor.py:840} INFO - DAG(s) 'example_setup_teardown' retrieved from /home/airflow/.local/lib/python3.8/site-packages/airflow/example_dags/example_setup_teardown.py
[2024-02-14T09:34:48.266+0000] {logging_mixin.py:188} INFO - [2024-02-14T09:34:48.265+0000] {dag.py:3036} INFO - Sync 1 DAGs
[2024-02-14T09:34:48.279+0000] {logging_mixin.py:188} INFO - [2024-02-14T09:34:48.279+0000] {dag.py:3823} INFO - Setting next_dagrun for example_setup_teardown to 2024-02-13 00:00:00+00:00, run_after=2024-02-14 00:00:00+00:00
[2024-02-14T09:34:48.294+0000] {processor.py:183} INFO - Processing /home/airflow/.local/lib/python3.8/site-packages/airflow/example_dags/example_setup_teardown.py took 0.125 seconds
[2024-02-14T09:35:19.214+0000] {processor.py:161} INFO - Started process (PID=158) to work on /home/airflow/.local/lib/python3.8/site-packages/airflow/example_dags/example_setup_teardown.py
[2024-02-14T09:35:19.217+0000] {processor.py:830} INFO - Processing file /home/airflow/.local/lib/python3.8/site-packages/airflow/example_dags/example_setup_teardown.py for tasks to queue
[2024-02-14T09:35:19.220+0000] {logging_mixin.py:188} INFO - [2024-02-14T09:35:19.219+0000] {dagbag.py:538} INFO - Filling up the DagBag from /home/airflow/.local/lib/python3.8/site-packages/airflow/example_dags/example_setup_teardown.py
[2024-02-14T09:35:19.226+0000] {processor.py:840} INFO - DAG(s) 'example_setup_teardown' retrieved from /home/airflow/.local/lib/python3.8/site-packages/airflow/example_dags/example_setup_teardown.py
[2024-02-14T09:35:19.243+0000] {logging_mixin.py:188} INFO - [2024-02-14T09:35:19.243+0000] {dag.py:3036} INFO - Sync 1 DAGs
[2024-02-14T09:35:19.256+0000] {logging_mixin.py:188} INFO - [2024-02-14T09:35:19.256+0000] {dag.py:3823} INFO - Setting next_dagrun for example_setup_teardown to 2024-02-13 00:00:00+00:00, run_after=2024-02-14 00:00:00+00:00
[2024-02-14T09:35:19.269+0000] {processor.py:183} INFO - Processing /home/airflow/.local/lib/python3.8/site-packages/airflow/example_dags/example_setup_teardown.py took 0.061 seconds
[2024-02-14T09:35:49.540+0000] {processor.py:161} INFO - Started process (PID=214) to work on /home/airflow/.local/lib/python3.8/site-packages/airflow/example_dags/example_setup_teardown.py
[2024-02-14T09:35:49.545+0000] {processor.py:830} INFO - Processing file /home/airflow/.local/lib/python3.8/site-packages/airflow/example_dags/example_setup_teardown.py for tasks to queue
[2024-02-14T09:35:49.548+0000] {logging_mixin.py:188} INFO - [2024-02-14T09:35:49.548+0000] {dagbag.py:538} INFO - Filling up the DagBag from /home/airflow/.local/lib/python3.8/site-packages/airflow/example_dags/example_setup_teardown.py
[2024-02-14T09:35:49.555+0000] {processor.py:840} INFO - DAG(s) 'example_setup_teardown' retrieved from /home/airflow/.local/lib/python3.8/site-packages/airflow/example_dags/example_setup_teardown.py
[2024-02-14T09:35:49.571+0000] {logging_mixin.py:188} INFO - [2024-02-14T09:35:49.571+0000] {dag.py:3036} INFO - Sync 1 DAGs
[2024-02-14T09:35:49.584+0000] {logging_mixin.py:188} INFO - [2024-02-14T09:35:49.584+0000] {dag.py:3823} INFO - Setting next_dagrun for example_setup_teardown to 2024-02-13 00:00:00+00:00, run_after=2024-02-14 00:00:00+00:00
[2024-02-14T09:35:49.596+0000] {processor.py:183} INFO - Processing /home/airflow/.local/lib/python3.8/site-packages/airflow/example_dags/example_setup_teardown.py took 0.061 seconds
[2024-02-14T09:36:20.118+0000] {processor.py:161} INFO - Started process (PID=269) to work on /home/airflow/.local/lib/python3.8/site-packages/airflow/example_dags/example_setup_teardown.py
[2024-02-14T09:36:20.121+0000] {processor.py:830} INFO - Processing file /home/airflow/.local/lib/python3.8/site-packages/airflow/example_dags/example_setup_teardown.py for tasks to queue
[2024-02-14T09:36:20.133+0000] {logging_mixin.py:188} INFO - [2024-02-14T09:36:20.133+0000] {dagbag.py:538} INFO - Filling up the DagBag from /home/airflow/.local/lib/python3.8/site-packages/airflow/example_dags/example_setup_teardown.py
[2024-02-14T09:36:20.154+0000] {processor.py:840} INFO - DAG(s) 'example_setup_teardown' retrieved from /home/airflow/.local/lib/python3.8/site-packages/airflow/example_dags/example_setup_teardown.py
[2024-02-14T09:36:20.189+0000] {logging_mixin.py:188} INFO - [2024-02-14T09:36:20.189+0000] {dag.py:3036} INFO - Sync 1 DAGs
[2024-02-14T09:36:20.227+0000] {logging_mixin.py:188} INFO - [2024-02-14T09:36:20.226+0000] {dag.py:3823} INFO - Setting next_dagrun for example_setup_teardown to 2024-02-13 00:00:00+00:00, run_after=2024-02-14 00:00:00+00:00
[2024-02-14T09:36:20.252+0000] {processor.py:183} INFO - Processing /home/airflow/.local/lib/python3.8/site-packages/airflow/example_dags/example_setup_teardown.py took 0.137 seconds
[2024-02-14T09:36:50.468+0000] {processor.py:161} INFO - Started process (PID=325) to work on /home/airflow/.local/lib/python3.8/site-packages/airflow/example_dags/example_setup_teardown.py
[2024-02-14T09:36:50.471+0000] {processor.py:830} INFO - Processing file /home/airflow/.local/lib/python3.8/site-packages/airflow/example_dags/example_setup_teardown.py for tasks to queue
[2024-02-14T09:36:50.474+0000] {logging_mixin.py:188} INFO - [2024-02-14T09:36:50.473+0000] {dagbag.py:538} INFO - Filling up the DagBag from /home/airflow/.local/lib/python3.8/site-packages/airflow/example_dags/example_setup_teardown.py
[2024-02-14T09:36:50.480+0000] {processor.py:840} INFO - DAG(s) 'example_setup_teardown' retrieved from /home/airflow/.local/lib/python3.8/site-packages/airflow/example_dags/example_setup_teardown.py
[2024-02-14T09:36:50.499+0000] {logging_mixin.py:188} INFO - [2024-02-14T09:36:50.499+0000] {dag.py:3036} INFO - Sync 1 DAGs
[2024-02-14T09:36:50.512+0000] {logging_mixin.py:188} INFO - [2024-02-14T09:36:50.512+0000] {dag.py:3823} INFO - Setting next_dagrun for example_setup_teardown to 2024-02-13 00:00:00+00:00, run_after=2024-02-14 00:00:00+00:00
[2024-02-14T09:36:50.524+0000] {processor.py:183} INFO - Processing /home/airflow/.local/lib/python3.8/site-packages/airflow/example_dags/example_setup_teardown.py took 0.061 seconds
[2024-02-14T09:37:21.058+0000] {processor.py:161} INFO - Started process (PID=384) to work on /home/airflow/.local/lib/python3.8/site-packages/airflow/example_dags/example_setup_teardown.py
[2024-02-14T09:37:21.062+0000] {processor.py:830} INFO - Processing file /home/airflow/.local/lib/python3.8/site-packages/airflow/example_dags/example_setup_teardown.py for tasks to queue
[2024-02-14T09:37:21.068+0000] {logging_mixin.py:188} INFO - [2024-02-14T09:37:21.067+0000] {dagbag.py:538} INFO - Filling up the DagBag from /home/airflow/.local/lib/python3.8/site-packages/airflow/example_dags/example_setup_teardown.py
[2024-02-14T09:37:21.073+0000] {processor.py:840} INFO - DAG(s) 'example_setup_teardown' retrieved from /home/airflow/.local/lib/python3.8/site-packages/airflow/example_dags/example_setup_teardown.py
[2024-02-14T09:37:21.097+0000] {logging_mixin.py:188} INFO - [2024-02-14T09:37:21.097+0000] {dag.py:3036} INFO - Sync 1 DAGs
[2024-02-14T09:37:21.112+0000] {logging_mixin.py:188} INFO - [2024-02-14T09:37:21.112+0000] {dag.py:3823} INFO - Setting next_dagrun for example_setup_teardown to 2024-02-13 00:00:00+00:00, run_after=2024-02-14 00:00:00+00:00
[2024-02-14T09:37:21.124+0000] {processor.py:183} INFO - Processing /home/airflow/.local/lib/python3.8/site-packages/airflow/example_dags/example_setup_teardown.py took 0.069 seconds
[2024-02-14T09:37:51.426+0000] {processor.py:161} INFO - Started process (PID=440) to work on /home/airflow/.local/lib/python3.8/site-packages/airflow/example_dags/example_setup_teardown.py
[2024-02-14T09:37:51.427+0000] {processor.py:830} INFO - Processing file /home/airflow/.local/lib/python3.8/site-packages/airflow/example_dags/example_setup_teardown.py for tasks to queue
[2024-02-14T09:37:51.429+0000] {logging_mixin.py:188} INFO - [2024-02-14T09:37:51.429+0000] {dagbag.py:538} INFO - Filling up the DagBag from /home/airflow/.local/lib/python3.8/site-packages/airflow/example_dags/example_setup_teardown.py
[2024-02-14T09:37:51.434+0000] {processor.py:840} INFO - DAG(s) 'example_setup_teardown' retrieved from /home/airflow/.local/lib/python3.8/site-packages/airflow/example_dags/example_setup_teardown.py
[2024-02-14T09:37:51.448+0000] {logging_mixin.py:188} INFO - [2024-02-14T09:37:51.448+0000] {dag.py:3036} INFO - Sync 1 DAGs
[2024-02-14T09:37:51.461+0000] {logging_mixin.py:188} INFO - [2024-02-14T09:37:51.461+0000] {dag.py:3823} INFO - Setting next_dagrun for example_setup_teardown to 2024-02-13 00:00:00+00:00, run_after=2024-02-14 00:00:00+00:00
[2024-02-14T09:37:51.472+0000] {processor.py:183} INFO - Processing /home/airflow/.local/lib/python3.8/site-packages/airflow/example_dags/example_setup_teardown.py took 0.049 seconds
[2024-02-14T09:38:21.664+0000] {processor.py:161} INFO - Started process (PID=498) to work on /home/airflow/.local/lib/python3.8/site-packages/airflow/example_dags/example_setup_teardown.py
[2024-02-14T09:38:21.665+0000] {processor.py:830} INFO - Processing file /home/airflow/.local/lib/python3.8/site-packages/airflow/example_dags/example_setup_teardown.py for tasks to queue
[2024-02-14T09:38:21.667+0000] {logging_mixin.py:188} INFO - [2024-02-14T09:38:21.667+0000] {dagbag.py:538} INFO - Filling up the DagBag from /home/airflow/.local/lib/python3.8/site-packages/airflow/example_dags/example_setup_teardown.py
[2024-02-14T09:38:21.672+0000] {processor.py:840} INFO - DAG(s) 'example_setup_teardown' retrieved from /home/airflow/.local/lib/python3.8/site-packages/airflow/example_dags/example_setup_teardown.py
[2024-02-14T09:38:21.685+0000] {logging_mixin.py:188} INFO - [2024-02-14T09:38:21.685+0000] {dag.py:3036} INFO - Sync 1 DAGs
[2024-02-14T09:38:21.697+0000] {logging_mixin.py:188} INFO - [2024-02-14T09:38:21.697+0000] {dag.py:3823} INFO - Setting next_dagrun for example_setup_teardown to 2024-02-13 00:00:00+00:00, run_after=2024-02-14 00:00:00+00:00
[2024-02-14T09:38:21.709+0000] {processor.py:183} INFO - Processing /home/airflow/.local/lib/python3.8/site-packages/airflow/example_dags/example_setup_teardown.py took 0.048 seconds
[2024-02-14T09:38:52.008+0000] {processor.py:161} INFO - Started process (PID=555) to work on /home/airflow/.local/lib/python3.8/site-packages/airflow/example_dags/example_setup_teardown.py
[2024-02-14T09:38:52.009+0000] {processor.py:830} INFO - Processing file /home/airflow/.local/lib/python3.8/site-packages/airflow/example_dags/example_setup_teardown.py for tasks to queue
[2024-02-14T09:38:52.012+0000] {logging_mixin.py:188} INFO - [2024-02-14T09:38:52.012+0000] {dagbag.py:538} INFO - Filling up the DagBag from /home/airflow/.local/lib/python3.8/site-packages/airflow/example_dags/example_setup_teardown.py
[2024-02-14T09:38:52.020+0000] {processor.py:840} INFO - DAG(s) 'example_setup_teardown' retrieved from /home/airflow/.local/lib/python3.8/site-packages/airflow/example_dags/example_setup_teardown.py
[2024-02-14T09:38:52.042+0000] {logging_mixin.py:188} INFO - [2024-02-14T09:38:52.042+0000] {dag.py:3036} INFO - Sync 1 DAGs
[2024-02-14T09:38:52.060+0000] {logging_mixin.py:188} INFO - [2024-02-14T09:38:52.059+0000] {dag.py:3823} INFO - Setting next_dagrun for example_setup_teardown to 2024-02-13 00:00:00+00:00, run_after=2024-02-14 00:00:00+00:00
[2024-02-14T09:38:52.074+0000] {processor.py:183} INFO - Processing /home/airflow/.local/lib/python3.8/site-packages/airflow/example_dags/example_setup_teardown.py took 0.069 seconds
[2024-02-14T09:43:47.146+0000] {processor.py:161} INFO - Started process (PID=39) to work on /home/airflow/.local/lib/python3.8/site-packages/airflow/example_dags/example_setup_teardown.py
[2024-02-14T09:43:47.151+0000] {processor.py:830} INFO - Processing file /home/airflow/.local/lib/python3.8/site-packages/airflow/example_dags/example_setup_teardown.py for tasks to queue
[2024-02-14T09:43:47.154+0000] {logging_mixin.py:188} INFO - [2024-02-14T09:43:47.153+0000] {dagbag.py:538} INFO - Filling up the DagBag from /home/airflow/.local/lib/python3.8/site-packages/airflow/example_dags/example_setup_teardown.py
[2024-02-14T09:43:47.173+0000] {processor.py:840} INFO - DAG(s) 'example_setup_teardown' retrieved from /home/airflow/.local/lib/python3.8/site-packages/airflow/example_dags/example_setup_teardown.py
[2024-02-14T09:43:47.199+0000] {logging_mixin.py:188} INFO - [2024-02-14T09:43:47.198+0000] {dag.py:3036} INFO - Sync 1 DAGs
[2024-02-14T09:43:47.232+0000] {logging_mixin.py:188} INFO - [2024-02-14T09:43:47.232+0000] {dag.py:3823} INFO - Setting next_dagrun for example_setup_teardown to 2024-02-13 00:00:00+00:00, run_after=2024-02-14 00:00:00+00:00
[2024-02-14T09:43:47.280+0000] {processor.py:183} INFO - Processing /home/airflow/.local/lib/python3.8/site-packages/airflow/example_dags/example_setup_teardown.py took 0.138 seconds
[2024-02-14T09:46:35.337+0000] {processor.py:161} INFO - Started process (PID=38) to work on /home/airflow/.local/lib/python3.8/site-packages/airflow/example_dags/example_setup_teardown.py
[2024-02-14T09:46:35.340+0000] {processor.py:830} INFO - Processing file /home/airflow/.local/lib/python3.8/site-packages/airflow/example_dags/example_setup_teardown.py for tasks to queue
[2024-02-14T09:46:35.345+0000] {logging_mixin.py:188} INFO - [2024-02-14T09:46:35.344+0000] {dagbag.py:538} INFO - Filling up the DagBag from /home/airflow/.local/lib/python3.8/site-packages/airflow/example_dags/example_setup_teardown.py
[2024-02-14T09:46:35.363+0000] {processor.py:840} INFO - DAG(s) 'example_setup_teardown' retrieved from /home/airflow/.local/lib/python3.8/site-packages/airflow/example_dags/example_setup_teardown.py
[2024-02-14T09:46:35.509+0000] {logging_mixin.py:188} INFO - [2024-02-14T09:46:35.509+0000] {override.py:1769} INFO - Created Permission View: can edit on DAG:example_setup_teardown
[2024-02-14T09:46:35.529+0000] {logging_mixin.py:188} INFO - [2024-02-14T09:46:35.528+0000] {override.py:1769} INFO - Created Permission View: can read on DAG:example_setup_teardown
[2024-02-14T09:46:35.538+0000] {logging_mixin.py:188} INFO - [2024-02-14T09:46:35.538+0000] {override.py:1769} INFO - Created Permission View: can delete on DAG:example_setup_teardown
[2024-02-14T09:46:35.543+0000] {logging_mixin.py:188} INFO - [2024-02-14T09:46:35.541+0000] {dag.py:3036} INFO - Sync 1 DAGs
[2024-02-14T09:46:35.555+0000] {logging_mixin.py:188} INFO - [2024-02-14T09:46:35.555+0000] {dag.py:3058} INFO - Creating ORM DAG for example_setup_teardown
[2024-02-14T09:46:35.568+0000] {logging_mixin.py:188} INFO - [2024-02-14T09:46:35.568+0000] {dag.py:3823} INFO - Setting next_dagrun for example_setup_teardown to 2024-02-13 00:00:00+00:00, run_after=2024-02-14 00:00:00+00:00
[2024-02-14T09:46:35.593+0000] {processor.py:183} INFO - Processing /home/airflow/.local/lib/python3.8/site-packages/airflow/example_dags/example_setup_teardown.py took 0.261 seconds
[2024-02-14T09:47:06.161+0000] {processor.py:161} INFO - Started process (PID=93) to work on /home/airflow/.local/lib/python3.8/site-packages/airflow/example_dags/example_setup_teardown.py
[2024-02-14T09:47:06.162+0000] {processor.py:830} INFO - Processing file /home/airflow/.local/lib/python3.8/site-packages/airflow/example_dags/example_setup_teardown.py for tasks to queue
[2024-02-14T09:47:06.164+0000] {logging_mixin.py:188} INFO - [2024-02-14T09:47:06.163+0000] {dagbag.py:538} INFO - Filling up the DagBag from /home/airflow/.local/lib/python3.8/site-packages/airflow/example_dags/example_setup_teardown.py
[2024-02-14T09:47:06.168+0000] {processor.py:840} INFO - DAG(s) 'example_setup_teardown' retrieved from /home/airflow/.local/lib/python3.8/site-packages/airflow/example_dags/example_setup_teardown.py
[2024-02-14T09:47:06.182+0000] {logging_mixin.py:188} INFO - [2024-02-14T09:47:06.182+0000] {dag.py:3036} INFO - Sync 1 DAGs
[2024-02-14T09:47:06.195+0000] {logging_mixin.py:188} INFO - [2024-02-14T09:47:06.195+0000] {dag.py:3823} INFO - Setting next_dagrun for example_setup_teardown to 2024-02-13 00:00:00+00:00, run_after=2024-02-14 00:00:00+00:00
[2024-02-14T09:47:06.206+0000] {processor.py:183} INFO - Processing /home/airflow/.local/lib/python3.8/site-packages/airflow/example_dags/example_setup_teardown.py took 0.048 seconds
[2024-02-14T09:47:36.833+0000] {processor.py:161} INFO - Started process (PID=151) to work on /home/airflow/.local/lib/python3.8/site-packages/airflow/example_dags/example_setup_teardown.py
[2024-02-14T09:47:36.835+0000] {processor.py:830} INFO - Processing file /home/airflow/.local/lib/python3.8/site-packages/airflow/example_dags/example_setup_teardown.py for tasks to queue
[2024-02-14T09:47:36.838+0000] {logging_mixin.py:188} INFO - [2024-02-14T09:47:36.837+0000] {dagbag.py:538} INFO - Filling up the DagBag from /home/airflow/.local/lib/python3.8/site-packages/airflow/example_dags/example_setup_teardown.py
[2024-02-14T09:47:36.846+0000] {processor.py:840} INFO - DAG(s) 'example_setup_teardown' retrieved from /home/airflow/.local/lib/python3.8/site-packages/airflow/example_dags/example_setup_teardown.py
[2024-02-14T09:47:36.873+0000] {logging_mixin.py:188} INFO - [2024-02-14T09:47:36.873+0000] {dag.py:3036} INFO - Sync 1 DAGs
[2024-02-14T09:47:36.889+0000] {logging_mixin.py:188} INFO - [2024-02-14T09:47:36.889+0000] {dag.py:3823} INFO - Setting next_dagrun for example_setup_teardown to 2024-02-13 00:00:00+00:00, run_after=2024-02-14 00:00:00+00:00
[2024-02-14T09:47:36.902+0000] {processor.py:183} INFO - Processing /home/airflow/.local/lib/python3.8/site-packages/airflow/example_dags/example_setup_teardown.py took 0.072 seconds
[2024-02-14T09:48:07.422+0000] {processor.py:161} INFO - Started process (PID=209) to work on /home/airflow/.local/lib/python3.8/site-packages/airflow/example_dags/example_setup_teardown.py
[2024-02-14T09:48:07.424+0000] {processor.py:830} INFO - Processing file /home/airflow/.local/lib/python3.8/site-packages/airflow/example_dags/example_setup_teardown.py for tasks to queue
[2024-02-14T09:48:07.428+0000] {logging_mixin.py:188} INFO - [2024-02-14T09:48:07.427+0000] {dagbag.py:538} INFO - Filling up the DagBag from /home/airflow/.local/lib/python3.8/site-packages/airflow/example_dags/example_setup_teardown.py
[2024-02-14T09:48:07.433+0000] {processor.py:840} INFO - DAG(s) 'example_setup_teardown' retrieved from /home/airflow/.local/lib/python3.8/site-packages/airflow/example_dags/example_setup_teardown.py
[2024-02-14T09:48:07.451+0000] {logging_mixin.py:188} INFO - [2024-02-14T09:48:07.451+0000] {dag.py:3036} INFO - Sync 1 DAGs
[2024-02-14T09:48:07.466+0000] {logging_mixin.py:188} INFO - [2024-02-14T09:48:07.466+0000] {dag.py:3823} INFO - Setting next_dagrun for example_setup_teardown to 2024-02-13 00:00:00+00:00, run_after=2024-02-14 00:00:00+00:00
[2024-02-14T09:48:07.478+0000] {processor.py:183} INFO - Processing /home/airflow/.local/lib/python3.8/site-packages/airflow/example_dags/example_setup_teardown.py took 0.059 seconds
[2024-02-14T09:48:37.539+0000] {processor.py:161} INFO - Started process (PID=269) to work on /home/airflow/.local/lib/python3.8/site-packages/airflow/example_dags/example_setup_teardown.py
[2024-02-14T09:48:37.540+0000] {processor.py:830} INFO - Processing file /home/airflow/.local/lib/python3.8/site-packages/airflow/example_dags/example_setup_teardown.py for tasks to queue
[2024-02-14T09:48:37.542+0000] {logging_mixin.py:188} INFO - [2024-02-14T09:48:37.542+0000] {dagbag.py:538} INFO - Filling up the DagBag from /home/airflow/.local/lib/python3.8/site-packages/airflow/example_dags/example_setup_teardown.py
[2024-02-14T09:48:37.547+0000] {processor.py:840} INFO - DAG(s) 'example_setup_teardown' retrieved from /home/airflow/.local/lib/python3.8/site-packages/airflow/example_dags/example_setup_teardown.py
[2024-02-14T09:48:37.561+0000] {logging_mixin.py:188} INFO - [2024-02-14T09:48:37.560+0000] {dag.py:3036} INFO - Sync 1 DAGs
[2024-02-14T09:48:37.573+0000] {logging_mixin.py:188} INFO - [2024-02-14T09:48:37.573+0000] {dag.py:3823} INFO - Setting next_dagrun for example_setup_teardown to 2024-02-13 00:00:00+00:00, run_after=2024-02-14 00:00:00+00:00
[2024-02-14T09:48:37.583+0000] {processor.py:183} INFO - Processing /home/airflow/.local/lib/python3.8/site-packages/airflow/example_dags/example_setup_teardown.py took 0.047 seconds
[2024-02-14T09:49:08.293+0000] {processor.py:161} INFO - Started process (PID=325) to work on /home/airflow/.local/lib/python3.8/site-packages/airflow/example_dags/example_setup_teardown.py
[2024-02-14T09:49:08.294+0000] {processor.py:830} INFO - Processing file /home/airflow/.local/lib/python3.8/site-packages/airflow/example_dags/example_setup_teardown.py for tasks to queue
[2024-02-14T09:49:08.299+0000] {logging_mixin.py:188} INFO - [2024-02-14T09:49:08.298+0000] {dagbag.py:538} INFO - Filling up the DagBag from /home/airflow/.local/lib/python3.8/site-packages/airflow/example_dags/example_setup_teardown.py
[2024-02-14T09:49:08.307+0000] {processor.py:840} INFO - DAG(s) 'example_setup_teardown' retrieved from /home/airflow/.local/lib/python3.8/site-packages/airflow/example_dags/example_setup_teardown.py
[2024-02-14T09:49:08.327+0000] {logging_mixin.py:188} INFO - [2024-02-14T09:49:08.327+0000] {dag.py:3036} INFO - Sync 1 DAGs
[2024-02-14T09:49:08.346+0000] {logging_mixin.py:188} INFO - [2024-02-14T09:49:08.346+0000] {dag.py:3823} INFO - Setting next_dagrun for example_setup_teardown to 2024-02-13 00:00:00+00:00, run_after=2024-02-14 00:00:00+00:00
[2024-02-14T09:49:08.359+0000] {processor.py:183} INFO - Processing /home/airflow/.local/lib/python3.8/site-packages/airflow/example_dags/example_setup_teardown.py took 0.069 seconds
[2024-02-14T09:49:39.196+0000] {processor.py:161} INFO - Started process (PID=381) to work on /home/airflow/.local/lib/python3.8/site-packages/airflow/example_dags/example_setup_teardown.py
[2024-02-14T09:49:39.198+0000] {processor.py:830} INFO - Processing file /home/airflow/.local/lib/python3.8/site-packages/airflow/example_dags/example_setup_teardown.py for tasks to queue
[2024-02-14T09:49:39.201+0000] {logging_mixin.py:188} INFO - [2024-02-14T09:49:39.201+0000] {dagbag.py:538} INFO - Filling up the DagBag from /home/airflow/.local/lib/python3.8/site-packages/airflow/example_dags/example_setup_teardown.py
[2024-02-14T09:49:39.208+0000] {processor.py:840} INFO - DAG(s) 'example_setup_teardown' retrieved from /home/airflow/.local/lib/python3.8/site-packages/airflow/example_dags/example_setup_teardown.py
[2024-02-14T09:49:39.227+0000] {logging_mixin.py:188} INFO - [2024-02-14T09:49:39.227+0000] {dag.py:3036} INFO - Sync 1 DAGs
[2024-02-14T09:49:39.242+0000] {logging_mixin.py:188} INFO - [2024-02-14T09:49:39.242+0000] {dag.py:3823} INFO - Setting next_dagrun for example_setup_teardown to 2024-02-13 00:00:00+00:00, run_after=2024-02-14 00:00:00+00:00
[2024-02-14T09:49:39.254+0000] {processor.py:183} INFO - Processing /home/airflow/.local/lib/python3.8/site-packages/airflow/example_dags/example_setup_teardown.py took 0.060 seconds
[2024-02-14T09:50:09.786+0000] {processor.py:161} INFO - Started process (PID=439) to work on /home/airflow/.local/lib/python3.8/site-packages/airflow/example_dags/example_setup_teardown.py
[2024-02-14T09:50:09.788+0000] {processor.py:830} INFO - Processing file /home/airflow/.local/lib/python3.8/site-packages/airflow/example_dags/example_setup_teardown.py for tasks to queue
[2024-02-14T09:50:09.791+0000] {logging_mixin.py:188} INFO - [2024-02-14T09:50:09.790+0000] {dagbag.py:538} INFO - Filling up the DagBag from /home/airflow/.local/lib/python3.8/site-packages/airflow/example_dags/example_setup_teardown.py
[2024-02-14T09:50:09.796+0000] {processor.py:840} INFO - DAG(s) 'example_setup_teardown' retrieved from /home/airflow/.local/lib/python3.8/site-packages/airflow/example_dags/example_setup_teardown.py
[2024-02-14T09:50:09.811+0000] {logging_mixin.py:188} INFO - [2024-02-14T09:50:09.811+0000] {dag.py:3036} INFO - Sync 1 DAGs
[2024-02-14T09:50:09.826+0000] {logging_mixin.py:188} INFO - [2024-02-14T09:50:09.826+0000] {dag.py:3823} INFO - Setting next_dagrun for example_setup_teardown to 2024-02-13 00:00:00+00:00, run_after=2024-02-14 00:00:00+00:00
[2024-02-14T09:50:09.839+0000] {processor.py:183} INFO - Processing /home/airflow/.local/lib/python3.8/site-packages/airflow/example_dags/example_setup_teardown.py took 0.056 seconds
[2024-02-14T09:50:40.297+0000] {processor.py:161} INFO - Started process (PID=495) to work on /home/airflow/.local/lib/python3.8/site-packages/airflow/example_dags/example_setup_teardown.py
[2024-02-14T09:50:40.299+0000] {processor.py:830} INFO - Processing file /home/airflow/.local/lib/python3.8/site-packages/airflow/example_dags/example_setup_teardown.py for tasks to queue
[2024-02-14T09:50:40.300+0000] {logging_mixin.py:188} INFO - [2024-02-14T09:50:40.300+0000] {dagbag.py:538} INFO - Filling up the DagBag from /home/airflow/.local/lib/python3.8/site-packages/airflow/example_dags/example_setup_teardown.py
[2024-02-14T09:50:40.306+0000] {processor.py:840} INFO - DAG(s) 'example_setup_teardown' retrieved from /home/airflow/.local/lib/python3.8/site-packages/airflow/example_dags/example_setup_teardown.py
[2024-02-14T09:50:40.321+0000] {logging_mixin.py:188} INFO - [2024-02-14T09:50:40.321+0000] {dag.py:3036} INFO - Sync 1 DAGs
[2024-02-14T09:50:40.336+0000] {logging_mixin.py:188} INFO - [2024-02-14T09:50:40.336+0000] {dag.py:3823} INFO - Setting next_dagrun for example_setup_teardown to 2024-02-13 00:00:00+00:00, run_after=2024-02-14 00:00:00+00:00
[2024-02-14T09:50:40.349+0000] {processor.py:183} INFO - Processing /home/airflow/.local/lib/python3.8/site-packages/airflow/example_dags/example_setup_teardown.py took 0.055 seconds
[2024-02-14T09:51:10.579+0000] {processor.py:161} INFO - Started process (PID=551) to work on /home/airflow/.local/lib/python3.8/site-packages/airflow/example_dags/example_setup_teardown.py
[2024-02-14T09:51:10.580+0000] {processor.py:830} INFO - Processing file /home/airflow/.local/lib/python3.8/site-packages/airflow/example_dags/example_setup_teardown.py for tasks to queue
[2024-02-14T09:51:10.582+0000] {logging_mixin.py:188} INFO - [2024-02-14T09:51:10.582+0000] {dagbag.py:538} INFO - Filling up the DagBag from /home/airflow/.local/lib/python3.8/site-packages/airflow/example_dags/example_setup_teardown.py
[2024-02-14T09:51:10.587+0000] {processor.py:840} INFO - DAG(s) 'example_setup_teardown' retrieved from /home/airflow/.local/lib/python3.8/site-packages/airflow/example_dags/example_setup_teardown.py
[2024-02-14T09:51:10.602+0000] {logging_mixin.py:188} INFO - [2024-02-14T09:51:10.602+0000] {dag.py:3036} INFO - Sync 1 DAGs
[2024-02-14T09:51:10.615+0000] {logging_mixin.py:188} INFO - [2024-02-14T09:51:10.615+0000] {dag.py:3823} INFO - Setting next_dagrun for example_setup_teardown to 2024-02-13 00:00:00+00:00, run_after=2024-02-14 00:00:00+00:00
[2024-02-14T09:51:10.627+0000] {processor.py:183} INFO - Processing /home/airflow/.local/lib/python3.8/site-packages/airflow/example_dags/example_setup_teardown.py took 0.051 seconds
[2024-02-14T09:51:40.950+0000] {processor.py:161} INFO - Started process (PID=609) to work on /home/airflow/.local/lib/python3.8/site-packages/airflow/example_dags/example_setup_teardown.py
[2024-02-14T09:51:40.952+0000] {processor.py:830} INFO - Processing file /home/airflow/.local/lib/python3.8/site-packages/airflow/example_dags/example_setup_teardown.py for tasks to queue
[2024-02-14T09:51:40.954+0000] {logging_mixin.py:188} INFO - [2024-02-14T09:51:40.954+0000] {dagbag.py:538} INFO - Filling up the DagBag from /home/airflow/.local/lib/python3.8/site-packages/airflow/example_dags/example_setup_teardown.py
[2024-02-14T09:51:40.959+0000] {processor.py:840} INFO - DAG(s) 'example_setup_teardown' retrieved from /home/airflow/.local/lib/python3.8/site-packages/airflow/example_dags/example_setup_teardown.py
[2024-02-14T09:51:40.974+0000] {logging_mixin.py:188} INFO - [2024-02-14T09:51:40.974+0000] {dag.py:3036} INFO - Sync 1 DAGs
[2024-02-14T09:51:40.989+0000] {logging_mixin.py:188} INFO - [2024-02-14T09:51:40.988+0000] {dag.py:3823} INFO - Setting next_dagrun for example_setup_teardown to 2024-02-13 00:00:00+00:00, run_after=2024-02-14 00:00:00+00:00
[2024-02-14T09:51:41.000+0000] {processor.py:183} INFO - Processing /home/airflow/.local/lib/python3.8/site-packages/airflow/example_dags/example_setup_teardown.py took 0.053 seconds
[2024-02-14T09:52:11.665+0000] {processor.py:161} INFO - Started process (PID=666) to work on /home/airflow/.local/lib/python3.8/site-packages/airflow/example_dags/example_setup_teardown.py
[2024-02-14T09:52:11.667+0000] {processor.py:830} INFO - Processing file /home/airflow/.local/lib/python3.8/site-packages/airflow/example_dags/example_setup_teardown.py for tasks to queue
[2024-02-14T09:52:11.674+0000] {logging_mixin.py:188} INFO - [2024-02-14T09:52:11.673+0000] {dagbag.py:538} INFO - Filling up the DagBag from /home/airflow/.local/lib/python3.8/site-packages/airflow/example_dags/example_setup_teardown.py
[2024-02-14T09:52:11.682+0000] {processor.py:840} INFO - DAG(s) 'example_setup_teardown' retrieved from /home/airflow/.local/lib/python3.8/site-packages/airflow/example_dags/example_setup_teardown.py
[2024-02-14T09:52:11.696+0000] {logging_mixin.py:188} INFO - [2024-02-14T09:52:11.696+0000] {dag.py:3036} INFO - Sync 1 DAGs
[2024-02-14T09:52:11.709+0000] {logging_mixin.py:188} INFO - [2024-02-14T09:52:11.709+0000] {dag.py:3823} INFO - Setting next_dagrun for example_setup_teardown to 2024-02-13 00:00:00+00:00, run_after=2024-02-14 00:00:00+00:00
[2024-02-14T09:52:11.720+0000] {processor.py:183} INFO - Processing /home/airflow/.local/lib/python3.8/site-packages/airflow/example_dags/example_setup_teardown.py took 0.057 seconds
[2024-02-14T09:52:42.142+0000] {processor.py:161} INFO - Started process (PID=722) to work on /home/airflow/.local/lib/python3.8/site-packages/airflow/example_dags/example_setup_teardown.py
[2024-02-14T09:52:42.155+0000] {processor.py:830} INFO - Processing file /home/airflow/.local/lib/python3.8/site-packages/airflow/example_dags/example_setup_teardown.py for tasks to queue
[2024-02-14T09:52:42.171+0000] {logging_mixin.py:188} INFO - [2024-02-14T09:52:42.166+0000] {dagbag.py:538} INFO - Filling up the DagBag from /home/airflow/.local/lib/python3.8/site-packages/airflow/example_dags/example_setup_teardown.py
[2024-02-14T09:52:42.181+0000] {processor.py:840} INFO - DAG(s) 'example_setup_teardown' retrieved from /home/airflow/.local/lib/python3.8/site-packages/airflow/example_dags/example_setup_teardown.py
[2024-02-14T09:52:42.221+0000] {logging_mixin.py:188} INFO - [2024-02-14T09:52:42.221+0000] {dag.py:3036} INFO - Sync 1 DAGs
[2024-02-14T09:52:42.245+0000] {logging_mixin.py:188} INFO - [2024-02-14T09:52:42.245+0000] {dag.py:3823} INFO - Setting next_dagrun for example_setup_teardown to 2024-02-13 00:00:00+00:00, run_after=2024-02-14 00:00:00+00:00
[2024-02-14T09:52:42.274+0000] {processor.py:183} INFO - Processing /home/airflow/.local/lib/python3.8/site-packages/airflow/example_dags/example_setup_teardown.py took 0.141 seconds
[2024-02-14T09:53:36.816+0000] {processor.py:161} INFO - Started process (PID=43) to work on /home/airflow/.local/lib/python3.8/site-packages/airflow/example_dags/example_setup_teardown.py
[2024-02-14T09:53:36.821+0000] {processor.py:830} INFO - Processing file /home/airflow/.local/lib/python3.8/site-packages/airflow/example_dags/example_setup_teardown.py for tasks to queue
[2024-02-14T09:53:36.824+0000] {logging_mixin.py:188} INFO - [2024-02-14T09:53:36.824+0000] {dagbag.py:538} INFO - Filling up the DagBag from /home/airflow/.local/lib/python3.8/site-packages/airflow/example_dags/example_setup_teardown.py
[2024-02-14T09:53:36.848+0000] {processor.py:840} INFO - DAG(s) 'example_setup_teardown' retrieved from /home/airflow/.local/lib/python3.8/site-packages/airflow/example_dags/example_setup_teardown.py
[2024-02-14T09:53:36.868+0000] {logging_mixin.py:188} INFO - [2024-02-14T09:53:36.867+0000] {dag.py:3036} INFO - Sync 1 DAGs
[2024-02-14T09:53:36.895+0000] {logging_mixin.py:188} INFO - [2024-02-14T09:53:36.895+0000] {dag.py:3823} INFO - Setting next_dagrun for example_setup_teardown to 2024-02-13 00:00:00+00:00, run_after=2024-02-14 00:00:00+00:00
[2024-02-14T09:53:36.923+0000] {processor.py:183} INFO - Processing /home/airflow/.local/lib/python3.8/site-packages/airflow/example_dags/example_setup_teardown.py took 0.109 seconds
[2024-02-14T09:54:07.519+0000] {processor.py:161} INFO - Started process (PID=99) to work on /home/airflow/.local/lib/python3.8/site-packages/airflow/example_dags/example_setup_teardown.py
[2024-02-14T09:54:07.521+0000] {processor.py:830} INFO - Processing file /home/airflow/.local/lib/python3.8/site-packages/airflow/example_dags/example_setup_teardown.py for tasks to queue
[2024-02-14T09:54:07.523+0000] {logging_mixin.py:188} INFO - [2024-02-14T09:54:07.523+0000] {dagbag.py:538} INFO - Filling up the DagBag from /home/airflow/.local/lib/python3.8/site-packages/airflow/example_dags/example_setup_teardown.py
[2024-02-14T09:54:07.530+0000] {processor.py:840} INFO - DAG(s) 'example_setup_teardown' retrieved from /home/airflow/.local/lib/python3.8/site-packages/airflow/example_dags/example_setup_teardown.py
[2024-02-14T09:54:07.616+0000] {logging_mixin.py:188} INFO - [2024-02-14T09:54:07.616+0000] {dag.py:3036} INFO - Sync 1 DAGs
[2024-02-14T09:54:07.629+0000] {logging_mixin.py:188} INFO - [2024-02-14T09:54:07.629+0000] {dag.py:3823} INFO - Setting next_dagrun for example_setup_teardown to 2024-02-13 00:00:00+00:00, run_after=2024-02-14 00:00:00+00:00
[2024-02-14T09:54:07.647+0000] {processor.py:183} INFO - Processing /home/airflow/.local/lib/python3.8/site-packages/airflow/example_dags/example_setup_teardown.py took 0.130 seconds
[2024-02-14T09:54:37.740+0000] {processor.py:161} INFO - Started process (PID=156) to work on /home/airflow/.local/lib/python3.8/site-packages/airflow/example_dags/example_setup_teardown.py
[2024-02-14T09:54:37.742+0000] {processor.py:830} INFO - Processing file /home/airflow/.local/lib/python3.8/site-packages/airflow/example_dags/example_setup_teardown.py for tasks to queue
[2024-02-14T09:54:37.744+0000] {logging_mixin.py:188} INFO - [2024-02-14T09:54:37.743+0000] {dagbag.py:538} INFO - Filling up the DagBag from /home/airflow/.local/lib/python3.8/site-packages/airflow/example_dags/example_setup_teardown.py
[2024-02-14T09:54:37.748+0000] {processor.py:840} INFO - DAG(s) 'example_setup_teardown' retrieved from /home/airflow/.local/lib/python3.8/site-packages/airflow/example_dags/example_setup_teardown.py
[2024-02-14T09:54:37.762+0000] {logging_mixin.py:188} INFO - [2024-02-14T09:54:37.761+0000] {dag.py:3036} INFO - Sync 1 DAGs
[2024-02-14T09:54:37.775+0000] {logging_mixin.py:188} INFO - [2024-02-14T09:54:37.775+0000] {dag.py:3823} INFO - Setting next_dagrun for example_setup_teardown to 2024-02-13 00:00:00+00:00, run_after=2024-02-14 00:00:00+00:00
[2024-02-14T09:54:37.787+0000] {processor.py:183} INFO - Processing /home/airflow/.local/lib/python3.8/site-packages/airflow/example_dags/example_setup_teardown.py took 0.049 seconds
[2024-02-14T09:55:48.270+0000] {processor.py:161} INFO - Started process (PID=40) to work on /home/airflow/.local/lib/python3.8/site-packages/airflow/example_dags/example_setup_teardown.py
[2024-02-14T09:55:48.275+0000] {processor.py:830} INFO - Processing file /home/airflow/.local/lib/python3.8/site-packages/airflow/example_dags/example_setup_teardown.py for tasks to queue
[2024-02-14T09:55:48.277+0000] {logging_mixin.py:188} INFO - [2024-02-14T09:55:48.277+0000] {dagbag.py:538} INFO - Filling up the DagBag from /home/airflow/.local/lib/python3.8/site-packages/airflow/example_dags/example_setup_teardown.py
[2024-02-14T09:55:48.302+0000] {processor.py:840} INFO - DAG(s) 'example_setup_teardown' retrieved from /home/airflow/.local/lib/python3.8/site-packages/airflow/example_dags/example_setup_teardown.py
[2024-02-14T09:55:48.330+0000] {logging_mixin.py:188} INFO - [2024-02-14T09:55:48.330+0000] {dag.py:3036} INFO - Sync 1 DAGs
[2024-02-14T09:55:48.352+0000] {logging_mixin.py:188} INFO - [2024-02-14T09:55:48.352+0000] {dag.py:3823} INFO - Setting next_dagrun for example_setup_teardown to 2024-02-13 00:00:00+00:00, run_after=2024-02-14 00:00:00+00:00
[2024-02-14T09:55:48.390+0000] {processor.py:183} INFO - Processing /home/airflow/.local/lib/python3.8/site-packages/airflow/example_dags/example_setup_teardown.py took 0.127 seconds
[2024-02-14T09:56:18.705+0000] {processor.py:161} INFO - Started process (PID=102) to work on /home/airflow/.local/lib/python3.8/site-packages/airflow/example_dags/example_setup_teardown.py
[2024-02-14T09:56:18.707+0000] {processor.py:830} INFO - Processing file /home/airflow/.local/lib/python3.8/site-packages/airflow/example_dags/example_setup_teardown.py for tasks to queue
[2024-02-14T09:56:18.709+0000] {logging_mixin.py:188} INFO - [2024-02-14T09:56:18.709+0000] {dagbag.py:538} INFO - Filling up the DagBag from /home/airflow/.local/lib/python3.8/site-packages/airflow/example_dags/example_setup_teardown.py
[2024-02-14T09:56:18.716+0000] {processor.py:840} INFO - DAG(s) 'example_setup_teardown' retrieved from /home/airflow/.local/lib/python3.8/site-packages/airflow/example_dags/example_setup_teardown.py
[2024-02-14T09:56:18.777+0000] {logging_mixin.py:188} INFO - [2024-02-14T09:56:18.777+0000] {dag.py:3036} INFO - Sync 1 DAGs
[2024-02-14T09:56:18.789+0000] {logging_mixin.py:188} INFO - [2024-02-14T09:56:18.788+0000] {dag.py:3823} INFO - Setting next_dagrun for example_setup_teardown to 2024-02-13 00:00:00+00:00, run_after=2024-02-14 00:00:00+00:00
[2024-02-14T09:56:18.800+0000] {processor.py:183} INFO - Processing /home/airflow/.local/lib/python3.8/site-packages/airflow/example_dags/example_setup_teardown.py took 0.098 seconds
[2024-02-14T09:56:48.859+0000] {processor.py:161} INFO - Started process (PID=159) to work on /home/airflow/.local/lib/python3.8/site-packages/airflow/example_dags/example_setup_teardown.py
[2024-02-14T09:56:48.861+0000] {processor.py:830} INFO - Processing file /home/airflow/.local/lib/python3.8/site-packages/airflow/example_dags/example_setup_teardown.py for tasks to queue
[2024-02-14T09:56:48.862+0000] {logging_mixin.py:188} INFO - [2024-02-14T09:56:48.862+0000] {dagbag.py:538} INFO - Filling up the DagBag from /home/airflow/.local/lib/python3.8/site-packages/airflow/example_dags/example_setup_teardown.py
[2024-02-14T09:56:48.868+0000] {processor.py:840} INFO - DAG(s) 'example_setup_teardown' retrieved from /home/airflow/.local/lib/python3.8/site-packages/airflow/example_dags/example_setup_teardown.py
[2024-02-14T09:56:48.883+0000] {logging_mixin.py:188} INFO - [2024-02-14T09:56:48.882+0000] {dag.py:3036} INFO - Sync 1 DAGs
[2024-02-14T09:56:48.896+0000] {logging_mixin.py:188} INFO - [2024-02-14T09:56:48.896+0000] {dag.py:3823} INFO - Setting next_dagrun for example_setup_teardown to 2024-02-13 00:00:00+00:00, run_after=2024-02-14 00:00:00+00:00
[2024-02-14T09:56:48.909+0000] {processor.py:183} INFO - Processing /home/airflow/.local/lib/python3.8/site-packages/airflow/example_dags/example_setup_teardown.py took 0.053 seconds
[2024-02-14T09:57:19.267+0000] {processor.py:161} INFO - Started process (PID=216) to work on /home/airflow/.local/lib/python3.8/site-packages/airflow/example_dags/example_setup_teardown.py
[2024-02-14T09:57:19.270+0000] {processor.py:830} INFO - Processing file /home/airflow/.local/lib/python3.8/site-packages/airflow/example_dags/example_setup_teardown.py for tasks to queue
[2024-02-14T09:57:19.272+0000] {logging_mixin.py:188} INFO - [2024-02-14T09:57:19.272+0000] {dagbag.py:538} INFO - Filling up the DagBag from /home/airflow/.local/lib/python3.8/site-packages/airflow/example_dags/example_setup_teardown.py
[2024-02-14T09:57:19.278+0000] {processor.py:840} INFO - DAG(s) 'example_setup_teardown' retrieved from /home/airflow/.local/lib/python3.8/site-packages/airflow/example_dags/example_setup_teardown.py
[2024-02-14T09:57:19.293+0000] {logging_mixin.py:188} INFO - [2024-02-14T09:57:19.293+0000] {dag.py:3036} INFO - Sync 1 DAGs
[2024-02-14T09:57:19.308+0000] {logging_mixin.py:188} INFO - [2024-02-14T09:57:19.308+0000] {dag.py:3823} INFO - Setting next_dagrun for example_setup_teardown to 2024-02-13 00:00:00+00:00, run_after=2024-02-14 00:00:00+00:00
[2024-02-14T09:57:19.323+0000] {processor.py:183} INFO - Processing /home/airflow/.local/lib/python3.8/site-packages/airflow/example_dags/example_setup_teardown.py took 0.060 seconds
[2024-02-14T09:57:49.870+0000] {processor.py:161} INFO - Started process (PID=274) to work on /home/airflow/.local/lib/python3.8/site-packages/airflow/example_dags/example_setup_teardown.py
[2024-02-14T09:57:49.872+0000] {processor.py:830} INFO - Processing file /home/airflow/.local/lib/python3.8/site-packages/airflow/example_dags/example_setup_teardown.py for tasks to queue
[2024-02-14T09:57:49.874+0000] {logging_mixin.py:188} INFO - [2024-02-14T09:57:49.874+0000] {dagbag.py:538} INFO - Filling up the DagBag from /home/airflow/.local/lib/python3.8/site-packages/airflow/example_dags/example_setup_teardown.py
[2024-02-14T09:57:49.879+0000] {processor.py:840} INFO - DAG(s) 'example_setup_teardown' retrieved from /home/airflow/.local/lib/python3.8/site-packages/airflow/example_dags/example_setup_teardown.py
[2024-02-14T09:57:49.895+0000] {logging_mixin.py:188} INFO - [2024-02-14T09:57:49.895+0000] {dag.py:3036} INFO - Sync 1 DAGs
[2024-02-14T09:57:49.909+0000] {logging_mixin.py:188} INFO - [2024-02-14T09:57:49.909+0000] {dag.py:3823} INFO - Setting next_dagrun for example_setup_teardown to 2024-02-13 00:00:00+00:00, run_after=2024-02-14 00:00:00+00:00
[2024-02-14T09:57:49.923+0000] {processor.py:183} INFO - Processing /home/airflow/.local/lib/python3.8/site-packages/airflow/example_dags/example_setup_teardown.py took 0.058 seconds
[2024-02-14T09:58:20.391+0000] {processor.py:161} INFO - Started process (PID=331) to work on /home/airflow/.local/lib/python3.8/site-packages/airflow/example_dags/example_setup_teardown.py
[2024-02-14T09:58:20.392+0000] {processor.py:830} INFO - Processing file /home/airflow/.local/lib/python3.8/site-packages/airflow/example_dags/example_setup_teardown.py for tasks to queue
[2024-02-14T09:58:20.394+0000] {logging_mixin.py:188} INFO - [2024-02-14T09:58:20.394+0000] {dagbag.py:538} INFO - Filling up the DagBag from /home/airflow/.local/lib/python3.8/site-packages/airflow/example_dags/example_setup_teardown.py
[2024-02-14T09:58:20.399+0000] {processor.py:840} INFO - DAG(s) 'example_setup_teardown' retrieved from /home/airflow/.local/lib/python3.8/site-packages/airflow/example_dags/example_setup_teardown.py
[2024-02-14T09:58:20.414+0000] {logging_mixin.py:188} INFO - [2024-02-14T09:58:20.414+0000] {dag.py:3036} INFO - Sync 1 DAGs
[2024-02-14T09:58:20.427+0000] {logging_mixin.py:188} INFO - [2024-02-14T09:58:20.427+0000] {dag.py:3823} INFO - Setting next_dagrun for example_setup_teardown to 2024-02-13 00:00:00+00:00, run_after=2024-02-14 00:00:00+00:00
[2024-02-14T09:58:20.442+0000] {processor.py:183} INFO - Processing /home/airflow/.local/lib/python3.8/site-packages/airflow/example_dags/example_setup_teardown.py took 0.054 seconds
[2024-02-14T09:58:51.098+0000] {processor.py:161} INFO - Started process (PID=390) to work on /home/airflow/.local/lib/python3.8/site-packages/airflow/example_dags/example_setup_teardown.py
[2024-02-14T09:58:51.100+0000] {processor.py:830} INFO - Processing file /home/airflow/.local/lib/python3.8/site-packages/airflow/example_dags/example_setup_teardown.py for tasks to queue
[2024-02-14T09:58:51.103+0000] {logging_mixin.py:188} INFO - [2024-02-14T09:58:51.102+0000] {dagbag.py:538} INFO - Filling up the DagBag from /home/airflow/.local/lib/python3.8/site-packages/airflow/example_dags/example_setup_teardown.py
[2024-02-14T09:58:51.109+0000] {processor.py:840} INFO - DAG(s) 'example_setup_teardown' retrieved from /home/airflow/.local/lib/python3.8/site-packages/airflow/example_dags/example_setup_teardown.py
[2024-02-14T09:58:51.128+0000] {logging_mixin.py:188} INFO - [2024-02-14T09:58:51.128+0000] {dag.py:3036} INFO - Sync 1 DAGs
[2024-02-14T09:58:51.152+0000] {logging_mixin.py:188} INFO - [2024-02-14T09:58:51.152+0000] {dag.py:3823} INFO - Setting next_dagrun for example_setup_teardown to 2024-02-13 00:00:00+00:00, run_after=2024-02-14 00:00:00+00:00
[2024-02-14T09:58:51.179+0000] {processor.py:183} INFO - Processing /home/airflow/.local/lib/python3.8/site-packages/airflow/example_dags/example_setup_teardown.py took 0.086 seconds
[2024-02-14T09:59:21.582+0000] {processor.py:161} INFO - Started process (PID=447) to work on /home/airflow/.local/lib/python3.8/site-packages/airflow/example_dags/example_setup_teardown.py
[2024-02-14T09:59:21.584+0000] {processor.py:830} INFO - Processing file /home/airflow/.local/lib/python3.8/site-packages/airflow/example_dags/example_setup_teardown.py for tasks to queue
[2024-02-14T09:59:21.586+0000] {logging_mixin.py:188} INFO - [2024-02-14T09:59:21.586+0000] {dagbag.py:538} INFO - Filling up the DagBag from /home/airflow/.local/lib/python3.8/site-packages/airflow/example_dags/example_setup_teardown.py
[2024-02-14T09:59:21.591+0000] {processor.py:840} INFO - DAG(s) 'example_setup_teardown' retrieved from /home/airflow/.local/lib/python3.8/site-packages/airflow/example_dags/example_setup_teardown.py
[2024-02-14T09:59:21.606+0000] {logging_mixin.py:188} INFO - [2024-02-14T09:59:21.606+0000] {dag.py:3036} INFO - Sync 1 DAGs
[2024-02-14T09:59:21.620+0000] {logging_mixin.py:188} INFO - [2024-02-14T09:59:21.620+0000] {dag.py:3823} INFO - Setting next_dagrun for example_setup_teardown to 2024-02-13 00:00:00+00:00, run_after=2024-02-14 00:00:00+00:00
[2024-02-14T09:59:21.633+0000] {processor.py:183} INFO - Processing /home/airflow/.local/lib/python3.8/site-packages/airflow/example_dags/example_setup_teardown.py took 0.053 seconds
[2024-02-14T09:59:52.301+0000] {processor.py:161} INFO - Started process (PID=503) to work on /home/airflow/.local/lib/python3.8/site-packages/airflow/example_dags/example_setup_teardown.py
[2024-02-14T09:59:52.303+0000] {processor.py:830} INFO - Processing file /home/airflow/.local/lib/python3.8/site-packages/airflow/example_dags/example_setup_teardown.py for tasks to queue
[2024-02-14T09:59:52.306+0000] {logging_mixin.py:188} INFO - [2024-02-14T09:59:52.305+0000] {dagbag.py:538} INFO - Filling up the DagBag from /home/airflow/.local/lib/python3.8/site-packages/airflow/example_dags/example_setup_teardown.py
[2024-02-14T09:59:52.312+0000] {processor.py:840} INFO - DAG(s) 'example_setup_teardown' retrieved from /home/airflow/.local/lib/python3.8/site-packages/airflow/example_dags/example_setup_teardown.py
[2024-02-14T09:59:52.331+0000] {logging_mixin.py:188} INFO - [2024-02-14T09:59:52.331+0000] {dag.py:3036} INFO - Sync 1 DAGs
[2024-02-14T09:59:52.347+0000] {logging_mixin.py:188} INFO - [2024-02-14T09:59:52.346+0000] {dag.py:3823} INFO - Setting next_dagrun for example_setup_teardown to 2024-02-13 00:00:00+00:00, run_after=2024-02-14 00:00:00+00:00
[2024-02-14T09:59:52.361+0000] {processor.py:183} INFO - Processing /home/airflow/.local/lib/python3.8/site-packages/airflow/example_dags/example_setup_teardown.py took 0.062 seconds
[2024-02-14T10:00:22.576+0000] {processor.py:161} INFO - Started process (PID=560) to work on /home/airflow/.local/lib/python3.8/site-packages/airflow/example_dags/example_setup_teardown.py
[2024-02-14T10:00:22.578+0000] {processor.py:830} INFO - Processing file /home/airflow/.local/lib/python3.8/site-packages/airflow/example_dags/example_setup_teardown.py for tasks to queue
[2024-02-14T10:00:22.581+0000] {logging_mixin.py:188} INFO - [2024-02-14T10:00:22.580+0000] {dagbag.py:538} INFO - Filling up the DagBag from /home/airflow/.local/lib/python3.8/site-packages/airflow/example_dags/example_setup_teardown.py
[2024-02-14T10:00:22.587+0000] {processor.py:840} INFO - DAG(s) 'example_setup_teardown' retrieved from /home/airflow/.local/lib/python3.8/site-packages/airflow/example_dags/example_setup_teardown.py
[2024-02-14T10:00:22.604+0000] {logging_mixin.py:188} INFO - [2024-02-14T10:00:22.603+0000] {dag.py:3036} INFO - Sync 1 DAGs
[2024-02-14T10:00:22.624+0000] {logging_mixin.py:188} INFO - [2024-02-14T10:00:22.624+0000] {dag.py:3823} INFO - Setting next_dagrun for example_setup_teardown to 2024-02-13 00:00:00+00:00, run_after=2024-02-14 00:00:00+00:00
[2024-02-14T10:00:22.645+0000] {processor.py:183} INFO - Processing /home/airflow/.local/lib/python3.8/site-packages/airflow/example_dags/example_setup_teardown.py took 0.071 seconds
[2024-02-14T10:00:53.428+0000] {processor.py:161} INFO - Started process (PID=617) to work on /home/airflow/.local/lib/python3.8/site-packages/airflow/example_dags/example_setup_teardown.py
[2024-02-14T10:00:53.435+0000] {processor.py:830} INFO - Processing file /home/airflow/.local/lib/python3.8/site-packages/airflow/example_dags/example_setup_teardown.py for tasks to queue
[2024-02-14T10:00:53.438+0000] {logging_mixin.py:188} INFO - [2024-02-14T10:00:53.437+0000] {dagbag.py:538} INFO - Filling up the DagBag from /home/airflow/.local/lib/python3.8/site-packages/airflow/example_dags/example_setup_teardown.py
[2024-02-14T10:00:53.451+0000] {processor.py:840} INFO - DAG(s) 'example_setup_teardown' retrieved from /home/airflow/.local/lib/python3.8/site-packages/airflow/example_dags/example_setup_teardown.py
[2024-02-14T10:00:53.491+0000] {logging_mixin.py:188} INFO - [2024-02-14T10:00:53.491+0000] {dag.py:3036} INFO - Sync 1 DAGs
[2024-02-14T10:00:53.514+0000] {logging_mixin.py:188} INFO - [2024-02-14T10:00:53.514+0000] {dag.py:3823} INFO - Setting next_dagrun for example_setup_teardown to 2024-02-13 00:00:00+00:00, run_after=2024-02-14 00:00:00+00:00
[2024-02-14T10:00:53.550+0000] {processor.py:183} INFO - Processing /home/airflow/.local/lib/python3.8/site-packages/airflow/example_dags/example_setup_teardown.py took 0.128 seconds
[2024-02-14T10:01:23.858+0000] {processor.py:161} INFO - Started process (PID=673) to work on /home/airflow/.local/lib/python3.8/site-packages/airflow/example_dags/example_setup_teardown.py
[2024-02-14T10:01:23.860+0000] {processor.py:830} INFO - Processing file /home/airflow/.local/lib/python3.8/site-packages/airflow/example_dags/example_setup_teardown.py for tasks to queue
[2024-02-14T10:01:23.862+0000] {logging_mixin.py:188} INFO - [2024-02-14T10:01:23.861+0000] {dagbag.py:538} INFO - Filling up the DagBag from /home/airflow/.local/lib/python3.8/site-packages/airflow/example_dags/example_setup_teardown.py
[2024-02-14T10:01:23.867+0000] {processor.py:840} INFO - DAG(s) 'example_setup_teardown' retrieved from /home/airflow/.local/lib/python3.8/site-packages/airflow/example_dags/example_setup_teardown.py
[2024-02-14T10:01:23.880+0000] {logging_mixin.py:188} INFO - [2024-02-14T10:01:23.880+0000] {dag.py:3036} INFO - Sync 1 DAGs
[2024-02-14T10:01:23.893+0000] {logging_mixin.py:188} INFO - [2024-02-14T10:01:23.893+0000] {dag.py:3823} INFO - Setting next_dagrun for example_setup_teardown to 2024-02-13 00:00:00+00:00, run_after=2024-02-14 00:00:00+00:00
[2024-02-14T10:01:23.906+0000] {processor.py:183} INFO - Processing /home/airflow/.local/lib/python3.8/site-packages/airflow/example_dags/example_setup_teardown.py took 0.052 seconds
[2024-02-14T10:01:54.136+0000] {processor.py:161} INFO - Started process (PID=730) to work on /home/airflow/.local/lib/python3.8/site-packages/airflow/example_dags/example_setup_teardown.py
[2024-02-14T10:01:54.140+0000] {processor.py:830} INFO - Processing file /home/airflow/.local/lib/python3.8/site-packages/airflow/example_dags/example_setup_teardown.py for tasks to queue
[2024-02-14T10:01:54.142+0000] {logging_mixin.py:188} INFO - [2024-02-14T10:01:54.142+0000] {dagbag.py:538} INFO - Filling up the DagBag from /home/airflow/.local/lib/python3.8/site-packages/airflow/example_dags/example_setup_teardown.py
[2024-02-14T10:01:54.148+0000] {processor.py:840} INFO - DAG(s) 'example_setup_teardown' retrieved from /home/airflow/.local/lib/python3.8/site-packages/airflow/example_dags/example_setup_teardown.py
[2024-02-14T10:01:54.165+0000] {logging_mixin.py:188} INFO - [2024-02-14T10:01:54.165+0000] {dag.py:3036} INFO - Sync 1 DAGs
[2024-02-14T10:01:54.178+0000] {logging_mixin.py:188} INFO - [2024-02-14T10:01:54.178+0000] {dag.py:3823} INFO - Setting next_dagrun for example_setup_teardown to 2024-02-13 00:00:00+00:00, run_after=2024-02-14 00:00:00+00:00
[2024-02-14T10:01:54.190+0000] {processor.py:183} INFO - Processing /home/airflow/.local/lib/python3.8/site-packages/airflow/example_dags/example_setup_teardown.py took 0.056 seconds
[2024-02-14T10:02:25.378+0000] {processor.py:161} INFO - Started process (PID=787) to work on /home/airflow/.local/lib/python3.8/site-packages/airflow/example_dags/example_setup_teardown.py
[2024-02-14T10:02:25.382+0000] {processor.py:830} INFO - Processing file /home/airflow/.local/lib/python3.8/site-packages/airflow/example_dags/example_setup_teardown.py for tasks to queue
[2024-02-14T10:02:25.390+0000] {logging_mixin.py:188} INFO - [2024-02-14T10:02:25.390+0000] {dagbag.py:538} INFO - Filling up the DagBag from /home/airflow/.local/lib/python3.8/site-packages/airflow/example_dags/example_setup_teardown.py
[2024-02-14T10:02:25.407+0000] {processor.py:840} INFO - DAG(s) 'example_setup_teardown' retrieved from /home/airflow/.local/lib/python3.8/site-packages/airflow/example_dags/example_setup_teardown.py
[2024-02-14T10:02:25.438+0000] {logging_mixin.py:188} INFO - [2024-02-14T10:02:25.438+0000] {dag.py:3036} INFO - Sync 1 DAGs
[2024-02-14T10:02:25.460+0000] {logging_mixin.py:188} INFO - [2024-02-14T10:02:25.460+0000] {dag.py:3823} INFO - Setting next_dagrun for example_setup_teardown to 2024-02-13 00:00:00+00:00, run_after=2024-02-14 00:00:00+00:00
[2024-02-14T10:02:25.492+0000] {processor.py:183} INFO - Processing /home/airflow/.local/lib/python3.8/site-packages/airflow/example_dags/example_setup_teardown.py took 0.118 seconds
[2024-02-14T10:02:55.546+0000] {processor.py:161} INFO - Started process (PID=846) to work on /home/airflow/.local/lib/python3.8/site-packages/airflow/example_dags/example_setup_teardown.py
[2024-02-14T10:02:55.547+0000] {processor.py:830} INFO - Processing file /home/airflow/.local/lib/python3.8/site-packages/airflow/example_dags/example_setup_teardown.py for tasks to queue
[2024-02-14T10:02:55.550+0000] {logging_mixin.py:188} INFO - [2024-02-14T10:02:55.550+0000] {dagbag.py:538} INFO - Filling up the DagBag from /home/airflow/.local/lib/python3.8/site-packages/airflow/example_dags/example_setup_teardown.py
[2024-02-14T10:02:55.555+0000] {processor.py:840} INFO - DAG(s) 'example_setup_teardown' retrieved from /home/airflow/.local/lib/python3.8/site-packages/airflow/example_dags/example_setup_teardown.py
[2024-02-14T10:02:55.569+0000] {logging_mixin.py:188} INFO - [2024-02-14T10:02:55.569+0000] {dag.py:3036} INFO - Sync 1 DAGs
[2024-02-14T10:02:55.581+0000] {logging_mixin.py:188} INFO - [2024-02-14T10:02:55.581+0000] {dag.py:3823} INFO - Setting next_dagrun for example_setup_teardown to 2024-02-13 00:00:00+00:00, run_after=2024-02-14 00:00:00+00:00
[2024-02-14T10:02:55.593+0000] {processor.py:183} INFO - Processing /home/airflow/.local/lib/python3.8/site-packages/airflow/example_dags/example_setup_teardown.py took 0.050 seconds
