[2024-02-14T09:34:20.412+0000] {processor.py:161} INFO - Started process (PID=74) to work on /home/airflow/.local/lib/python3.8/site-packages/airflow/example_dags/example_time_delta_sensor_async.py
[2024-02-14T09:34:20.414+0000] {processor.py:830} INFO - Processing file /home/airflow/.local/lib/python3.8/site-packages/airflow/example_dags/example_time_delta_sensor_async.py for tasks to queue
[2024-02-14T09:34:20.416+0000] {logging_mixin.py:188} INFO - [2024-02-14T09:34:20.416+0000] {dagbag.py:538} INFO - Filling up the DagBag from /home/airflow/.local/lib/python3.8/site-packages/airflow/example_dags/example_time_delta_sensor_async.py
[2024-02-14T09:34:20.422+0000] {processor.py:840} INFO - DAG(s) 'example_time_delta_sensor_async' retrieved from /home/airflow/.local/lib/python3.8/site-packages/airflow/example_dags/example_time_delta_sensor_async.py
[2024-02-14T09:34:20.435+0000] {logging_mixin.py:188} INFO - [2024-02-14T09:34:20.435+0000] {dag.py:3036} INFO - Sync 1 DAGs
[2024-02-14T09:34:20.446+0000] {logging_mixin.py:188} INFO - [2024-02-14T09:34:20.445+0000] {dag.py:3823} INFO - Setting next_dagrun for example_time_delta_sensor_async to None, run_after=None
[2024-02-14T09:34:20.462+0000] {processor.py:183} INFO - Processing /home/airflow/.local/lib/python3.8/site-packages/airflow/example_dags/example_time_delta_sensor_async.py took 0.053 seconds
[2024-02-14T09:34:50.637+0000] {processor.py:161} INFO - Started process (PID=131) to work on /home/airflow/.local/lib/python3.8/site-packages/airflow/example_dags/example_time_delta_sensor_async.py
[2024-02-14T09:34:50.639+0000] {processor.py:830} INFO - Processing file /home/airflow/.local/lib/python3.8/site-packages/airflow/example_dags/example_time_delta_sensor_async.py for tasks to queue
[2024-02-14T09:34:50.641+0000] {logging_mixin.py:188} INFO - [2024-02-14T09:34:50.641+0000] {dagbag.py:538} INFO - Filling up the DagBag from /home/airflow/.local/lib/python3.8/site-packages/airflow/example_dags/example_time_delta_sensor_async.py
[2024-02-14T09:34:50.645+0000] {processor.py:840} INFO - DAG(s) 'example_time_delta_sensor_async' retrieved from /home/airflow/.local/lib/python3.8/site-packages/airflow/example_dags/example_time_delta_sensor_async.py
[2024-02-14T09:34:50.707+0000] {logging_mixin.py:188} INFO - [2024-02-14T09:34:50.707+0000] {dag.py:3036} INFO - Sync 1 DAGs
[2024-02-14T09:34:50.714+0000] {logging_mixin.py:188} INFO - [2024-02-14T09:34:50.714+0000] {dag.py:3823} INFO - Setting next_dagrun for example_time_delta_sensor_async to None, run_after=None
[2024-02-14T09:34:50.730+0000] {processor.py:183} INFO - Processing /home/airflow/.local/lib/python3.8/site-packages/airflow/example_dags/example_time_delta_sensor_async.py took 0.096 seconds
[2024-02-14T09:35:21.276+0000] {processor.py:161} INFO - Started process (PID=189) to work on /home/airflow/.local/lib/python3.8/site-packages/airflow/example_dags/example_time_delta_sensor_async.py
[2024-02-14T09:35:21.280+0000] {processor.py:830} INFO - Processing file /home/airflow/.local/lib/python3.8/site-packages/airflow/example_dags/example_time_delta_sensor_async.py for tasks to queue
[2024-02-14T09:35:21.284+0000] {logging_mixin.py:188} INFO - [2024-02-14T09:35:21.283+0000] {dagbag.py:538} INFO - Filling up the DagBag from /home/airflow/.local/lib/python3.8/site-packages/airflow/example_dags/example_time_delta_sensor_async.py
[2024-02-14T09:35:21.290+0000] {processor.py:840} INFO - DAG(s) 'example_time_delta_sensor_async' retrieved from /home/airflow/.local/lib/python3.8/site-packages/airflow/example_dags/example_time_delta_sensor_async.py
[2024-02-14T09:35:21.317+0000] {logging_mixin.py:188} INFO - [2024-02-14T09:35:21.316+0000] {dag.py:3036} INFO - Sync 1 DAGs
[2024-02-14T09:35:21.335+0000] {logging_mixin.py:188} INFO - [2024-02-14T09:35:21.334+0000] {dag.py:3823} INFO - Setting next_dagrun for example_time_delta_sensor_async to None, run_after=None
[2024-02-14T09:35:21.350+0000] {processor.py:183} INFO - Processing /home/airflow/.local/lib/python3.8/site-packages/airflow/example_dags/example_time_delta_sensor_async.py took 0.077 seconds
[2024-02-14T09:35:52.067+0000] {processor.py:161} INFO - Started process (PID=245) to work on /home/airflow/.local/lib/python3.8/site-packages/airflow/example_dags/example_time_delta_sensor_async.py
[2024-02-14T09:35:52.069+0000] {processor.py:830} INFO - Processing file /home/airflow/.local/lib/python3.8/site-packages/airflow/example_dags/example_time_delta_sensor_async.py for tasks to queue
[2024-02-14T09:35:52.071+0000] {logging_mixin.py:188} INFO - [2024-02-14T09:35:52.071+0000] {dagbag.py:538} INFO - Filling up the DagBag from /home/airflow/.local/lib/python3.8/site-packages/airflow/example_dags/example_time_delta_sensor_async.py
[2024-02-14T09:35:52.075+0000] {processor.py:840} INFO - DAG(s) 'example_time_delta_sensor_async' retrieved from /home/airflow/.local/lib/python3.8/site-packages/airflow/example_dags/example_time_delta_sensor_async.py
[2024-02-14T09:35:52.092+0000] {logging_mixin.py:188} INFO - [2024-02-14T09:35:52.092+0000] {dag.py:3036} INFO - Sync 1 DAGs
[2024-02-14T09:35:52.099+0000] {logging_mixin.py:188} INFO - [2024-02-14T09:35:52.099+0000] {dag.py:3823} INFO - Setting next_dagrun for example_time_delta_sensor_async to None, run_after=None
[2024-02-14T09:35:52.111+0000] {processor.py:183} INFO - Processing /home/airflow/.local/lib/python3.8/site-packages/airflow/example_dags/example_time_delta_sensor_async.py took 0.046 seconds
[2024-02-14T09:36:22.952+0000] {processor.py:161} INFO - Started process (PID=300) to work on /home/airflow/.local/lib/python3.8/site-packages/airflow/example_dags/example_time_delta_sensor_async.py
[2024-02-14T09:36:22.953+0000] {processor.py:830} INFO - Processing file /home/airflow/.local/lib/python3.8/site-packages/airflow/example_dags/example_time_delta_sensor_async.py for tasks to queue
[2024-02-14T09:36:22.955+0000] {logging_mixin.py:188} INFO - [2024-02-14T09:36:22.955+0000] {dagbag.py:538} INFO - Filling up the DagBag from /home/airflow/.local/lib/python3.8/site-packages/airflow/example_dags/example_time_delta_sensor_async.py
[2024-02-14T09:36:22.960+0000] {processor.py:840} INFO - DAG(s) 'example_time_delta_sensor_async' retrieved from /home/airflow/.local/lib/python3.8/site-packages/airflow/example_dags/example_time_delta_sensor_async.py
[2024-02-14T09:36:22.974+0000] {logging_mixin.py:188} INFO - [2024-02-14T09:36:22.974+0000] {dag.py:3036} INFO - Sync 1 DAGs
[2024-02-14T09:36:22.983+0000] {logging_mixin.py:188} INFO - [2024-02-14T09:36:22.982+0000] {dag.py:3823} INFO - Setting next_dagrun for example_time_delta_sensor_async to None, run_after=None
[2024-02-14T09:36:22.996+0000] {processor.py:183} INFO - Processing /home/airflow/.local/lib/python3.8/site-packages/airflow/example_dags/example_time_delta_sensor_async.py took 0.048 seconds
[2024-02-14T09:36:53.066+0000] {processor.py:161} INFO - Started process (PID=356) to work on /home/airflow/.local/lib/python3.8/site-packages/airflow/example_dags/example_time_delta_sensor_async.py
[2024-02-14T09:36:53.067+0000] {processor.py:830} INFO - Processing file /home/airflow/.local/lib/python3.8/site-packages/airflow/example_dags/example_time_delta_sensor_async.py for tasks to queue
[2024-02-14T09:36:53.069+0000] {logging_mixin.py:188} INFO - [2024-02-14T09:36:53.069+0000] {dagbag.py:538} INFO - Filling up the DagBag from /home/airflow/.local/lib/python3.8/site-packages/airflow/example_dags/example_time_delta_sensor_async.py
[2024-02-14T09:36:53.073+0000] {processor.py:840} INFO - DAG(s) 'example_time_delta_sensor_async' retrieved from /home/airflow/.local/lib/python3.8/site-packages/airflow/example_dags/example_time_delta_sensor_async.py
[2024-02-14T09:36:53.085+0000] {logging_mixin.py:188} INFO - [2024-02-14T09:36:53.085+0000] {dag.py:3036} INFO - Sync 1 DAGs
[2024-02-14T09:36:53.094+0000] {logging_mixin.py:188} INFO - [2024-02-14T09:36:53.093+0000] {dag.py:3823} INFO - Setting next_dagrun for example_time_delta_sensor_async to None, run_after=None
[2024-02-14T09:36:53.105+0000] {processor.py:183} INFO - Processing /home/airflow/.local/lib/python3.8/site-packages/airflow/example_dags/example_time_delta_sensor_async.py took 0.041 seconds
[2024-02-14T09:37:23.572+0000] {processor.py:161} INFO - Started process (PID=415) to work on /home/airflow/.local/lib/python3.8/site-packages/airflow/example_dags/example_time_delta_sensor_async.py
[2024-02-14T09:37:23.574+0000] {processor.py:830} INFO - Processing file /home/airflow/.local/lib/python3.8/site-packages/airflow/example_dags/example_time_delta_sensor_async.py for tasks to queue
[2024-02-14T09:37:23.576+0000] {logging_mixin.py:188} INFO - [2024-02-14T09:37:23.576+0000] {dagbag.py:538} INFO - Filling up the DagBag from /home/airflow/.local/lib/python3.8/site-packages/airflow/example_dags/example_time_delta_sensor_async.py
[2024-02-14T09:37:23.582+0000] {processor.py:840} INFO - DAG(s) 'example_time_delta_sensor_async' retrieved from /home/airflow/.local/lib/python3.8/site-packages/airflow/example_dags/example_time_delta_sensor_async.py
[2024-02-14T09:37:23.599+0000] {logging_mixin.py:188} INFO - [2024-02-14T09:37:23.599+0000] {dag.py:3036} INFO - Sync 1 DAGs
[2024-02-14T09:37:23.607+0000] {logging_mixin.py:188} INFO - [2024-02-14T09:37:23.606+0000] {dag.py:3823} INFO - Setting next_dagrun for example_time_delta_sensor_async to None, run_after=None
[2024-02-14T09:37:23.618+0000] {processor.py:183} INFO - Processing /home/airflow/.local/lib/python3.8/site-packages/airflow/example_dags/example_time_delta_sensor_async.py took 0.048 seconds
[2024-02-14T09:37:53.798+0000] {processor.py:161} INFO - Started process (PID=471) to work on /home/airflow/.local/lib/python3.8/site-packages/airflow/example_dags/example_time_delta_sensor_async.py
[2024-02-14T09:37:53.799+0000] {processor.py:830} INFO - Processing file /home/airflow/.local/lib/python3.8/site-packages/airflow/example_dags/example_time_delta_sensor_async.py for tasks to queue
[2024-02-14T09:37:53.801+0000] {logging_mixin.py:188} INFO - [2024-02-14T09:37:53.801+0000] {dagbag.py:538} INFO - Filling up the DagBag from /home/airflow/.local/lib/python3.8/site-packages/airflow/example_dags/example_time_delta_sensor_async.py
[2024-02-14T09:37:53.804+0000] {processor.py:840} INFO - DAG(s) 'example_time_delta_sensor_async' retrieved from /home/airflow/.local/lib/python3.8/site-packages/airflow/example_dags/example_time_delta_sensor_async.py
[2024-02-14T09:37:53.819+0000] {logging_mixin.py:188} INFO - [2024-02-14T09:37:53.818+0000] {dag.py:3036} INFO - Sync 1 DAGs
[2024-02-14T09:37:53.827+0000] {logging_mixin.py:188} INFO - [2024-02-14T09:37:53.827+0000] {dag.py:3823} INFO - Setting next_dagrun for example_time_delta_sensor_async to None, run_after=None
[2024-02-14T09:37:53.839+0000] {processor.py:183} INFO - Processing /home/airflow/.local/lib/python3.8/site-packages/airflow/example_dags/example_time_delta_sensor_async.py took 0.043 seconds
[2024-02-14T09:38:24.106+0000] {processor.py:161} INFO - Started process (PID=529) to work on /home/airflow/.local/lib/python3.8/site-packages/airflow/example_dags/example_time_delta_sensor_async.py
[2024-02-14T09:38:24.108+0000] {processor.py:830} INFO - Processing file /home/airflow/.local/lib/python3.8/site-packages/airflow/example_dags/example_time_delta_sensor_async.py for tasks to queue
[2024-02-14T09:38:24.109+0000] {logging_mixin.py:188} INFO - [2024-02-14T09:38:24.109+0000] {dagbag.py:538} INFO - Filling up the DagBag from /home/airflow/.local/lib/python3.8/site-packages/airflow/example_dags/example_time_delta_sensor_async.py
[2024-02-14T09:38:24.113+0000] {processor.py:840} INFO - DAG(s) 'example_time_delta_sensor_async' retrieved from /home/airflow/.local/lib/python3.8/site-packages/airflow/example_dags/example_time_delta_sensor_async.py
[2024-02-14T09:38:24.129+0000] {logging_mixin.py:188} INFO - [2024-02-14T09:38:24.129+0000] {dag.py:3036} INFO - Sync 1 DAGs
[2024-02-14T09:38:24.138+0000] {logging_mixin.py:188} INFO - [2024-02-14T09:38:24.137+0000] {dag.py:3823} INFO - Setting next_dagrun for example_time_delta_sensor_async to None, run_after=None
[2024-02-14T09:38:24.150+0000] {processor.py:183} INFO - Processing /home/airflow/.local/lib/python3.8/site-packages/airflow/example_dags/example_time_delta_sensor_async.py took 0.047 seconds
[2024-02-14T09:38:54.855+0000] {processor.py:161} INFO - Started process (PID=586) to work on /home/airflow/.local/lib/python3.8/site-packages/airflow/example_dags/example_time_delta_sensor_async.py
[2024-02-14T09:38:54.856+0000] {processor.py:830} INFO - Processing file /home/airflow/.local/lib/python3.8/site-packages/airflow/example_dags/example_time_delta_sensor_async.py for tasks to queue
[2024-02-14T09:38:54.857+0000] {logging_mixin.py:188} INFO - [2024-02-14T09:38:54.857+0000] {dagbag.py:538} INFO - Filling up the DagBag from /home/airflow/.local/lib/python3.8/site-packages/airflow/example_dags/example_time_delta_sensor_async.py
[2024-02-14T09:38:54.861+0000] {processor.py:840} INFO - DAG(s) 'example_time_delta_sensor_async' retrieved from /home/airflow/.local/lib/python3.8/site-packages/airflow/example_dags/example_time_delta_sensor_async.py
[2024-02-14T09:38:54.877+0000] {logging_mixin.py:188} INFO - [2024-02-14T09:38:54.877+0000] {dag.py:3036} INFO - Sync 1 DAGs
[2024-02-14T09:38:54.886+0000] {logging_mixin.py:188} INFO - [2024-02-14T09:38:54.885+0000] {dag.py:3823} INFO - Setting next_dagrun for example_time_delta_sensor_async to None, run_after=None
[2024-02-14T09:38:54.898+0000] {processor.py:183} INFO - Processing /home/airflow/.local/lib/python3.8/site-packages/airflow/example_dags/example_time_delta_sensor_async.py took 0.046 seconds
[2024-02-14T09:43:49.755+0000] {processor.py:161} INFO - Started process (PID=70) to work on /home/airflow/.local/lib/python3.8/site-packages/airflow/example_dags/example_time_delta_sensor_async.py
[2024-02-14T09:43:49.757+0000] {processor.py:830} INFO - Processing file /home/airflow/.local/lib/python3.8/site-packages/airflow/example_dags/example_time_delta_sensor_async.py for tasks to queue
[2024-02-14T09:43:49.760+0000] {logging_mixin.py:188} INFO - [2024-02-14T09:43:49.759+0000] {dagbag.py:538} INFO - Filling up the DagBag from /home/airflow/.local/lib/python3.8/site-packages/airflow/example_dags/example_time_delta_sensor_async.py
[2024-02-14T09:43:49.764+0000] {processor.py:840} INFO - DAG(s) 'example_time_delta_sensor_async' retrieved from /home/airflow/.local/lib/python3.8/site-packages/airflow/example_dags/example_time_delta_sensor_async.py
[2024-02-14T09:43:49.782+0000] {logging_mixin.py:188} INFO - [2024-02-14T09:43:49.782+0000] {dag.py:3036} INFO - Sync 1 DAGs
[2024-02-14T09:43:49.797+0000] {logging_mixin.py:188} INFO - [2024-02-14T09:43:49.797+0000] {dag.py:3823} INFO - Setting next_dagrun for example_time_delta_sensor_async to None, run_after=None
[2024-02-14T09:43:49.823+0000] {processor.py:183} INFO - Processing /home/airflow/.local/lib/python3.8/site-packages/airflow/example_dags/example_time_delta_sensor_async.py took 0.071 seconds
[2024-02-14T09:46:39.034+0000] {processor.py:161} INFO - Started process (PID=69) to work on /home/airflow/.local/lib/python3.8/site-packages/airflow/example_dags/example_time_delta_sensor_async.py
[2024-02-14T09:46:39.037+0000] {processor.py:830} INFO - Processing file /home/airflow/.local/lib/python3.8/site-packages/airflow/example_dags/example_time_delta_sensor_async.py for tasks to queue
[2024-02-14T09:46:39.039+0000] {logging_mixin.py:188} INFO - [2024-02-14T09:46:39.038+0000] {dagbag.py:538} INFO - Filling up the DagBag from /home/airflow/.local/lib/python3.8/site-packages/airflow/example_dags/example_time_delta_sensor_async.py
[2024-02-14T09:46:39.043+0000] {processor.py:840} INFO - DAG(s) 'example_time_delta_sensor_async' retrieved from /home/airflow/.local/lib/python3.8/site-packages/airflow/example_dags/example_time_delta_sensor_async.py
[2024-02-14T09:46:39.110+0000] {logging_mixin.py:188} INFO - [2024-02-14T09:46:39.109+0000] {override.py:1769} INFO - Created Permission View: can edit on DAG:example_time_delta_sensor_async
[2024-02-14T09:46:39.122+0000] {logging_mixin.py:188} INFO - [2024-02-14T09:46:39.122+0000] {override.py:1769} INFO - Created Permission View: can read on DAG:example_time_delta_sensor_async
[2024-02-14T09:46:39.128+0000] {logging_mixin.py:188} INFO - [2024-02-14T09:46:39.128+0000] {override.py:1769} INFO - Created Permission View: can delete on DAG:example_time_delta_sensor_async
[2024-02-14T09:46:39.131+0000] {logging_mixin.py:188} INFO - [2024-02-14T09:46:39.130+0000] {dag.py:3036} INFO - Sync 1 DAGs
[2024-02-14T09:46:39.139+0000] {logging_mixin.py:188} INFO - [2024-02-14T09:46:39.139+0000] {dag.py:3058} INFO - Creating ORM DAG for example_time_delta_sensor_async
[2024-02-14T09:46:39.141+0000] {logging_mixin.py:188} INFO - [2024-02-14T09:46:39.141+0000] {dag.py:3823} INFO - Setting next_dagrun for example_time_delta_sensor_async to None, run_after=None
[2024-02-14T09:46:39.155+0000] {processor.py:183} INFO - Processing /home/airflow/.local/lib/python3.8/site-packages/airflow/example_dags/example_time_delta_sensor_async.py took 0.123 seconds
[2024-02-14T09:47:09.672+0000] {processor.py:161} INFO - Started process (PID=124) to work on /home/airflow/.local/lib/python3.8/site-packages/airflow/example_dags/example_time_delta_sensor_async.py
[2024-02-14T09:47:09.674+0000] {processor.py:830} INFO - Processing file /home/airflow/.local/lib/python3.8/site-packages/airflow/example_dags/example_time_delta_sensor_async.py for tasks to queue
[2024-02-14T09:47:09.676+0000] {logging_mixin.py:188} INFO - [2024-02-14T09:47:09.676+0000] {dagbag.py:538} INFO - Filling up the DagBag from /home/airflow/.local/lib/python3.8/site-packages/airflow/example_dags/example_time_delta_sensor_async.py
[2024-02-14T09:47:09.680+0000] {processor.py:840} INFO - DAG(s) 'example_time_delta_sensor_async' retrieved from /home/airflow/.local/lib/python3.8/site-packages/airflow/example_dags/example_time_delta_sensor_async.py
[2024-02-14T09:47:09.695+0000] {logging_mixin.py:188} INFO - [2024-02-14T09:47:09.695+0000] {dag.py:3036} INFO - Sync 1 DAGs
[2024-02-14T09:47:09.703+0000] {logging_mixin.py:188} INFO - [2024-02-14T09:47:09.703+0000] {dag.py:3823} INFO - Setting next_dagrun for example_time_delta_sensor_async to None, run_after=None
[2024-02-14T09:47:09.718+0000] {processor.py:183} INFO - Processing /home/airflow/.local/lib/python3.8/site-packages/airflow/example_dags/example_time_delta_sensor_async.py took 0.048 seconds
[2024-02-14T09:47:40.174+0000] {processor.py:161} INFO - Started process (PID=182) to work on /home/airflow/.local/lib/python3.8/site-packages/airflow/example_dags/example_time_delta_sensor_async.py
[2024-02-14T09:47:40.176+0000] {processor.py:830} INFO - Processing file /home/airflow/.local/lib/python3.8/site-packages/airflow/example_dags/example_time_delta_sensor_async.py for tasks to queue
[2024-02-14T09:47:40.178+0000] {logging_mixin.py:188} INFO - [2024-02-14T09:47:40.178+0000] {dagbag.py:538} INFO - Filling up the DagBag from /home/airflow/.local/lib/python3.8/site-packages/airflow/example_dags/example_time_delta_sensor_async.py
[2024-02-14T09:47:40.185+0000] {processor.py:840} INFO - DAG(s) 'example_time_delta_sensor_async' retrieved from /home/airflow/.local/lib/python3.8/site-packages/airflow/example_dags/example_time_delta_sensor_async.py
[2024-02-14T09:47:40.210+0000] {logging_mixin.py:188} INFO - [2024-02-14T09:47:40.209+0000] {dag.py:3036} INFO - Sync 1 DAGs
[2024-02-14T09:47:40.235+0000] {logging_mixin.py:188} INFO - [2024-02-14T09:47:40.234+0000] {dag.py:3823} INFO - Setting next_dagrun for example_time_delta_sensor_async to None, run_after=None
[2024-02-14T09:47:40.270+0000] {processor.py:183} INFO - Processing /home/airflow/.local/lib/python3.8/site-packages/airflow/example_dags/example_time_delta_sensor_async.py took 0.099 seconds
[2024-02-14T09:48:10.818+0000] {processor.py:161} INFO - Started process (PID=240) to work on /home/airflow/.local/lib/python3.8/site-packages/airflow/example_dags/example_time_delta_sensor_async.py
[2024-02-14T09:48:10.820+0000] {processor.py:830} INFO - Processing file /home/airflow/.local/lib/python3.8/site-packages/airflow/example_dags/example_time_delta_sensor_async.py for tasks to queue
[2024-02-14T09:48:10.822+0000] {logging_mixin.py:188} INFO - [2024-02-14T09:48:10.822+0000] {dagbag.py:538} INFO - Filling up the DagBag from /home/airflow/.local/lib/python3.8/site-packages/airflow/example_dags/example_time_delta_sensor_async.py
[2024-02-14T09:48:10.826+0000] {processor.py:840} INFO - DAG(s) 'example_time_delta_sensor_async' retrieved from /home/airflow/.local/lib/python3.8/site-packages/airflow/example_dags/example_time_delta_sensor_async.py
[2024-02-14T09:48:10.841+0000] {logging_mixin.py:188} INFO - [2024-02-14T09:48:10.841+0000] {dag.py:3036} INFO - Sync 1 DAGs
[2024-02-14T09:48:10.849+0000] {logging_mixin.py:188} INFO - [2024-02-14T09:48:10.849+0000] {dag.py:3823} INFO - Setting next_dagrun for example_time_delta_sensor_async to None, run_after=None
[2024-02-14T09:48:10.862+0000] {processor.py:183} INFO - Processing /home/airflow/.local/lib/python3.8/site-packages/airflow/example_dags/example_time_delta_sensor_async.py took 0.046 seconds
[2024-02-14T09:48:41.319+0000] {processor.py:161} INFO - Started process (PID=300) to work on /home/airflow/.local/lib/python3.8/site-packages/airflow/example_dags/example_time_delta_sensor_async.py
[2024-02-14T09:48:41.320+0000] {processor.py:830} INFO - Processing file /home/airflow/.local/lib/python3.8/site-packages/airflow/example_dags/example_time_delta_sensor_async.py for tasks to queue
[2024-02-14T09:48:41.323+0000] {logging_mixin.py:188} INFO - [2024-02-14T09:48:41.323+0000] {dagbag.py:538} INFO - Filling up the DagBag from /home/airflow/.local/lib/python3.8/site-packages/airflow/example_dags/example_time_delta_sensor_async.py
[2024-02-14T09:48:41.327+0000] {processor.py:840} INFO - DAG(s) 'example_time_delta_sensor_async' retrieved from /home/airflow/.local/lib/python3.8/site-packages/airflow/example_dags/example_time_delta_sensor_async.py
[2024-02-14T09:48:41.344+0000] {logging_mixin.py:188} INFO - [2024-02-14T09:48:41.344+0000] {dag.py:3036} INFO - Sync 1 DAGs
[2024-02-14T09:48:41.352+0000] {logging_mixin.py:188} INFO - [2024-02-14T09:48:41.352+0000] {dag.py:3823} INFO - Setting next_dagrun for example_time_delta_sensor_async to None, run_after=None
[2024-02-14T09:48:41.365+0000] {processor.py:183} INFO - Processing /home/airflow/.local/lib/python3.8/site-packages/airflow/example_dags/example_time_delta_sensor_async.py took 0.049 seconds
[2024-02-14T09:49:11.891+0000] {processor.py:161} INFO - Started process (PID=356) to work on /home/airflow/.local/lib/python3.8/site-packages/airflow/example_dags/example_time_delta_sensor_async.py
[2024-02-14T09:49:11.893+0000] {processor.py:830} INFO - Processing file /home/airflow/.local/lib/python3.8/site-packages/airflow/example_dags/example_time_delta_sensor_async.py for tasks to queue
[2024-02-14T09:49:11.895+0000] {logging_mixin.py:188} INFO - [2024-02-14T09:49:11.894+0000] {dagbag.py:538} INFO - Filling up the DagBag from /home/airflow/.local/lib/python3.8/site-packages/airflow/example_dags/example_time_delta_sensor_async.py
[2024-02-14T09:49:11.899+0000] {processor.py:840} INFO - DAG(s) 'example_time_delta_sensor_async' retrieved from /home/airflow/.local/lib/python3.8/site-packages/airflow/example_dags/example_time_delta_sensor_async.py
[2024-02-14T09:49:11.916+0000] {logging_mixin.py:188} INFO - [2024-02-14T09:49:11.916+0000] {dag.py:3036} INFO - Sync 1 DAGs
[2024-02-14T09:49:11.924+0000] {logging_mixin.py:188} INFO - [2024-02-14T09:49:11.924+0000] {dag.py:3823} INFO - Setting next_dagrun for example_time_delta_sensor_async to None, run_after=None
[2024-02-14T09:49:11.936+0000] {processor.py:183} INFO - Processing /home/airflow/.local/lib/python3.8/site-packages/airflow/example_dags/example_time_delta_sensor_async.py took 0.048 seconds
[2024-02-14T09:49:42.817+0000] {processor.py:161} INFO - Started process (PID=412) to work on /home/airflow/.local/lib/python3.8/site-packages/airflow/example_dags/example_time_delta_sensor_async.py
[2024-02-14T09:49:42.818+0000] {processor.py:830} INFO - Processing file /home/airflow/.local/lib/python3.8/site-packages/airflow/example_dags/example_time_delta_sensor_async.py for tasks to queue
[2024-02-14T09:49:42.820+0000] {logging_mixin.py:188} INFO - [2024-02-14T09:49:42.820+0000] {dagbag.py:538} INFO - Filling up the DagBag from /home/airflow/.local/lib/python3.8/site-packages/airflow/example_dags/example_time_delta_sensor_async.py
[2024-02-14T09:49:42.824+0000] {processor.py:840} INFO - DAG(s) 'example_time_delta_sensor_async' retrieved from /home/airflow/.local/lib/python3.8/site-packages/airflow/example_dags/example_time_delta_sensor_async.py
[2024-02-14T09:49:42.839+0000] {logging_mixin.py:188} INFO - [2024-02-14T09:49:42.839+0000] {dag.py:3036} INFO - Sync 1 DAGs
[2024-02-14T09:49:42.847+0000] {logging_mixin.py:188} INFO - [2024-02-14T09:49:42.846+0000] {dag.py:3823} INFO - Setting next_dagrun for example_time_delta_sensor_async to None, run_after=None
[2024-02-14T09:49:42.857+0000] {processor.py:183} INFO - Processing /home/airflow/.local/lib/python3.8/site-packages/airflow/example_dags/example_time_delta_sensor_async.py took 0.043 seconds
[2024-02-14T09:50:13.324+0000] {processor.py:161} INFO - Started process (PID=470) to work on /home/airflow/.local/lib/python3.8/site-packages/airflow/example_dags/example_time_delta_sensor_async.py
[2024-02-14T09:50:13.326+0000] {processor.py:830} INFO - Processing file /home/airflow/.local/lib/python3.8/site-packages/airflow/example_dags/example_time_delta_sensor_async.py for tasks to queue
[2024-02-14T09:50:13.328+0000] {logging_mixin.py:188} INFO - [2024-02-14T09:50:13.327+0000] {dagbag.py:538} INFO - Filling up the DagBag from /home/airflow/.local/lib/python3.8/site-packages/airflow/example_dags/example_time_delta_sensor_async.py
[2024-02-14T09:50:13.331+0000] {processor.py:840} INFO - DAG(s) 'example_time_delta_sensor_async' retrieved from /home/airflow/.local/lib/python3.8/site-packages/airflow/example_dags/example_time_delta_sensor_async.py
[2024-02-14T09:50:13.348+0000] {logging_mixin.py:188} INFO - [2024-02-14T09:50:13.348+0000] {dag.py:3036} INFO - Sync 1 DAGs
[2024-02-14T09:50:13.356+0000] {logging_mixin.py:188} INFO - [2024-02-14T09:50:13.356+0000] {dag.py:3823} INFO - Setting next_dagrun for example_time_delta_sensor_async to None, run_after=None
[2024-02-14T09:50:13.368+0000] {processor.py:183} INFO - Processing /home/airflow/.local/lib/python3.8/site-packages/airflow/example_dags/example_time_delta_sensor_async.py took 0.046 seconds
[2024-02-14T09:50:43.610+0000] {processor.py:161} INFO - Started process (PID=526) to work on /home/airflow/.local/lib/python3.8/site-packages/airflow/example_dags/example_time_delta_sensor_async.py
[2024-02-14T09:50:43.612+0000] {processor.py:830} INFO - Processing file /home/airflow/.local/lib/python3.8/site-packages/airflow/example_dags/example_time_delta_sensor_async.py for tasks to queue
[2024-02-14T09:50:43.613+0000] {logging_mixin.py:188} INFO - [2024-02-14T09:50:43.613+0000] {dagbag.py:538} INFO - Filling up the DagBag from /home/airflow/.local/lib/python3.8/site-packages/airflow/example_dags/example_time_delta_sensor_async.py
[2024-02-14T09:50:43.617+0000] {processor.py:840} INFO - DAG(s) 'example_time_delta_sensor_async' retrieved from /home/airflow/.local/lib/python3.8/site-packages/airflow/example_dags/example_time_delta_sensor_async.py
[2024-02-14T09:50:43.633+0000] {logging_mixin.py:188} INFO - [2024-02-14T09:50:43.633+0000] {dag.py:3036} INFO - Sync 1 DAGs
[2024-02-14T09:50:43.642+0000] {logging_mixin.py:188} INFO - [2024-02-14T09:50:43.642+0000] {dag.py:3823} INFO - Setting next_dagrun for example_time_delta_sensor_async to None, run_after=None
[2024-02-14T09:50:43.654+0000] {processor.py:183} INFO - Processing /home/airflow/.local/lib/python3.8/site-packages/airflow/example_dags/example_time_delta_sensor_async.py took 0.046 seconds
[2024-02-14T09:51:13.937+0000] {processor.py:161} INFO - Started process (PID=582) to work on /home/airflow/.local/lib/python3.8/site-packages/airflow/example_dags/example_time_delta_sensor_async.py
[2024-02-14T09:51:13.939+0000] {processor.py:830} INFO - Processing file /home/airflow/.local/lib/python3.8/site-packages/airflow/example_dags/example_time_delta_sensor_async.py for tasks to queue
[2024-02-14T09:51:13.940+0000] {logging_mixin.py:188} INFO - [2024-02-14T09:51:13.940+0000] {dagbag.py:538} INFO - Filling up the DagBag from /home/airflow/.local/lib/python3.8/site-packages/airflow/example_dags/example_time_delta_sensor_async.py
[2024-02-14T09:51:13.945+0000] {processor.py:840} INFO - DAG(s) 'example_time_delta_sensor_async' retrieved from /home/airflow/.local/lib/python3.8/site-packages/airflow/example_dags/example_time_delta_sensor_async.py
[2024-02-14T09:51:13.960+0000] {logging_mixin.py:188} INFO - [2024-02-14T09:51:13.960+0000] {dag.py:3036} INFO - Sync 1 DAGs
[2024-02-14T09:51:13.968+0000] {logging_mixin.py:188} INFO - [2024-02-14T09:51:13.968+0000] {dag.py:3823} INFO - Setting next_dagrun for example_time_delta_sensor_async to None, run_after=None
[2024-02-14T09:51:13.981+0000] {processor.py:183} INFO - Processing /home/airflow/.local/lib/python3.8/site-packages/airflow/example_dags/example_time_delta_sensor_async.py took 0.047 seconds
[2024-02-14T09:51:44.472+0000] {processor.py:161} INFO - Started process (PID=640) to work on /home/airflow/.local/lib/python3.8/site-packages/airflow/example_dags/example_time_delta_sensor_async.py
[2024-02-14T09:51:44.474+0000] {processor.py:830} INFO - Processing file /home/airflow/.local/lib/python3.8/site-packages/airflow/example_dags/example_time_delta_sensor_async.py for tasks to queue
[2024-02-14T09:51:44.476+0000] {logging_mixin.py:188} INFO - [2024-02-14T09:51:44.476+0000] {dagbag.py:538} INFO - Filling up the DagBag from /home/airflow/.local/lib/python3.8/site-packages/airflow/example_dags/example_time_delta_sensor_async.py
[2024-02-14T09:51:44.480+0000] {processor.py:840} INFO - DAG(s) 'example_time_delta_sensor_async' retrieved from /home/airflow/.local/lib/python3.8/site-packages/airflow/example_dags/example_time_delta_sensor_async.py
[2024-02-14T09:51:44.494+0000] {logging_mixin.py:188} INFO - [2024-02-14T09:51:44.494+0000] {dag.py:3036} INFO - Sync 1 DAGs
[2024-02-14T09:51:44.502+0000] {logging_mixin.py:188} INFO - [2024-02-14T09:51:44.502+0000] {dag.py:3823} INFO - Setting next_dagrun for example_time_delta_sensor_async to None, run_after=None
[2024-02-14T09:51:44.513+0000] {processor.py:183} INFO - Processing /home/airflow/.local/lib/python3.8/site-packages/airflow/example_dags/example_time_delta_sensor_async.py took 0.044 seconds
[2024-02-14T09:52:14.938+0000] {processor.py:161} INFO - Started process (PID=697) to work on /home/airflow/.local/lib/python3.8/site-packages/airflow/example_dags/example_time_delta_sensor_async.py
[2024-02-14T09:52:14.940+0000] {processor.py:830} INFO - Processing file /home/airflow/.local/lib/python3.8/site-packages/airflow/example_dags/example_time_delta_sensor_async.py for tasks to queue
[2024-02-14T09:52:14.941+0000] {logging_mixin.py:188} INFO - [2024-02-14T09:52:14.941+0000] {dagbag.py:538} INFO - Filling up the DagBag from /home/airflow/.local/lib/python3.8/site-packages/airflow/example_dags/example_time_delta_sensor_async.py
[2024-02-14T09:52:14.946+0000] {processor.py:840} INFO - DAG(s) 'example_time_delta_sensor_async' retrieved from /home/airflow/.local/lib/python3.8/site-packages/airflow/example_dags/example_time_delta_sensor_async.py
[2024-02-14T09:52:14.959+0000] {logging_mixin.py:188} INFO - [2024-02-14T09:52:14.959+0000] {dag.py:3036} INFO - Sync 1 DAGs
[2024-02-14T09:52:14.966+0000] {logging_mixin.py:188} INFO - [2024-02-14T09:52:14.966+0000] {dag.py:3823} INFO - Setting next_dagrun for example_time_delta_sensor_async to None, run_after=None
[2024-02-14T09:52:14.978+0000] {processor.py:183} INFO - Processing /home/airflow/.local/lib/python3.8/site-packages/airflow/example_dags/example_time_delta_sensor_async.py took 0.044 seconds
[2024-02-14T09:52:45.392+0000] {processor.py:161} INFO - Started process (PID=753) to work on /home/airflow/.local/lib/python3.8/site-packages/airflow/example_dags/example_time_delta_sensor_async.py
[2024-02-14T09:52:45.393+0000] {processor.py:830} INFO - Processing file /home/airflow/.local/lib/python3.8/site-packages/airflow/example_dags/example_time_delta_sensor_async.py for tasks to queue
[2024-02-14T09:52:45.395+0000] {logging_mixin.py:188} INFO - [2024-02-14T09:52:45.395+0000] {dagbag.py:538} INFO - Filling up the DagBag from /home/airflow/.local/lib/python3.8/site-packages/airflow/example_dags/example_time_delta_sensor_async.py
[2024-02-14T09:52:45.400+0000] {processor.py:840} INFO - DAG(s) 'example_time_delta_sensor_async' retrieved from /home/airflow/.local/lib/python3.8/site-packages/airflow/example_dags/example_time_delta_sensor_async.py
[2024-02-14T09:52:45.415+0000] {logging_mixin.py:188} INFO - [2024-02-14T09:52:45.415+0000] {dag.py:3036} INFO - Sync 1 DAGs
[2024-02-14T09:52:45.424+0000] {logging_mixin.py:188} INFO - [2024-02-14T09:52:45.423+0000] {dag.py:3823} INFO - Setting next_dagrun for example_time_delta_sensor_async to None, run_after=None
[2024-02-14T09:52:45.438+0000] {processor.py:183} INFO - Processing /home/airflow/.local/lib/python3.8/site-packages/airflow/example_dags/example_time_delta_sensor_async.py took 0.049 seconds
[2024-02-14T09:53:38.959+0000] {processor.py:161} INFO - Started process (PID=74) to work on /home/airflow/.local/lib/python3.8/site-packages/airflow/example_dags/example_time_delta_sensor_async.py
[2024-02-14T09:53:38.961+0000] {processor.py:830} INFO - Processing file /home/airflow/.local/lib/python3.8/site-packages/airflow/example_dags/example_time_delta_sensor_async.py for tasks to queue
[2024-02-14T09:53:38.963+0000] {logging_mixin.py:188} INFO - [2024-02-14T09:53:38.963+0000] {dagbag.py:538} INFO - Filling up the DagBag from /home/airflow/.local/lib/python3.8/site-packages/airflow/example_dags/example_time_delta_sensor_async.py
[2024-02-14T09:53:38.966+0000] {processor.py:840} INFO - DAG(s) 'example_time_delta_sensor_async' retrieved from /home/airflow/.local/lib/python3.8/site-packages/airflow/example_dags/example_time_delta_sensor_async.py
[2024-02-14T09:53:38.976+0000] {logging_mixin.py:188} INFO - [2024-02-14T09:53:38.976+0000] {dag.py:3036} INFO - Sync 1 DAGs
[2024-02-14T09:53:38.984+0000] {logging_mixin.py:188} INFO - [2024-02-14T09:53:38.984+0000] {dag.py:3823} INFO - Setting next_dagrun for example_time_delta_sensor_async to None, run_after=None
[2024-02-14T09:53:38.997+0000] {processor.py:183} INFO - Processing /home/airflow/.local/lib/python3.8/site-packages/airflow/example_dags/example_time_delta_sensor_async.py took 0.041 seconds
[2024-02-14T09:54:11.024+0000] {processor.py:161} INFO - Started process (PID=130) to work on /home/airflow/.local/lib/python3.8/site-packages/airflow/example_dags/example_time_delta_sensor_async.py
[2024-02-14T09:54:11.026+0000] {processor.py:830} INFO - Processing file /home/airflow/.local/lib/python3.8/site-packages/airflow/example_dags/example_time_delta_sensor_async.py for tasks to queue
[2024-02-14T09:54:11.028+0000] {logging_mixin.py:188} INFO - [2024-02-14T09:54:11.028+0000] {dagbag.py:538} INFO - Filling up the DagBag from /home/airflow/.local/lib/python3.8/site-packages/airflow/example_dags/example_time_delta_sensor_async.py
[2024-02-14T09:54:11.032+0000] {processor.py:840} INFO - DAG(s) 'example_time_delta_sensor_async' retrieved from /home/airflow/.local/lib/python3.8/site-packages/airflow/example_dags/example_time_delta_sensor_async.py
[2024-02-14T09:54:11.094+0000] {logging_mixin.py:188} INFO - [2024-02-14T09:54:11.094+0000] {dag.py:3036} INFO - Sync 1 DAGs
[2024-02-14T09:54:11.102+0000] {logging_mixin.py:188} INFO - [2024-02-14T09:54:11.101+0000] {dag.py:3823} INFO - Setting next_dagrun for example_time_delta_sensor_async to None, run_after=None
[2024-02-14T09:54:11.113+0000] {processor.py:183} INFO - Processing /home/airflow/.local/lib/python3.8/site-packages/airflow/example_dags/example_time_delta_sensor_async.py took 0.092 seconds
[2024-02-14T09:54:41.215+0000] {processor.py:161} INFO - Started process (PID=187) to work on /home/airflow/.local/lib/python3.8/site-packages/airflow/example_dags/example_time_delta_sensor_async.py
[2024-02-14T09:54:41.217+0000] {processor.py:830} INFO - Processing file /home/airflow/.local/lib/python3.8/site-packages/airflow/example_dags/example_time_delta_sensor_async.py for tasks to queue
[2024-02-14T09:54:41.219+0000] {logging_mixin.py:188} INFO - [2024-02-14T09:54:41.218+0000] {dagbag.py:538} INFO - Filling up the DagBag from /home/airflow/.local/lib/python3.8/site-packages/airflow/example_dags/example_time_delta_sensor_async.py
[2024-02-14T09:54:41.223+0000] {processor.py:840} INFO - DAG(s) 'example_time_delta_sensor_async' retrieved from /home/airflow/.local/lib/python3.8/site-packages/airflow/example_dags/example_time_delta_sensor_async.py
[2024-02-14T09:54:41.238+0000] {logging_mixin.py:188} INFO - [2024-02-14T09:54:41.238+0000] {dag.py:3036} INFO - Sync 1 DAGs
[2024-02-14T09:54:41.245+0000] {logging_mixin.py:188} INFO - [2024-02-14T09:54:41.245+0000] {dag.py:3823} INFO - Setting next_dagrun for example_time_delta_sensor_async to None, run_after=None
[2024-02-14T09:54:41.255+0000] {processor.py:183} INFO - Processing /home/airflow/.local/lib/python3.8/site-packages/airflow/example_dags/example_time_delta_sensor_async.py took 0.042 seconds
[2024-02-14T09:55:50.728+0000] {processor.py:161} INFO - Started process (PID=71) to work on /home/airflow/.local/lib/python3.8/site-packages/airflow/example_dags/example_time_delta_sensor_async.py
[2024-02-14T09:55:50.730+0000] {processor.py:830} INFO - Processing file /home/airflow/.local/lib/python3.8/site-packages/airflow/example_dags/example_time_delta_sensor_async.py for tasks to queue
[2024-02-14T09:55:50.733+0000] {logging_mixin.py:188} INFO - [2024-02-14T09:55:50.733+0000] {dagbag.py:538} INFO - Filling up the DagBag from /home/airflow/.local/lib/python3.8/site-packages/airflow/example_dags/example_time_delta_sensor_async.py
[2024-02-14T09:55:50.738+0000] {processor.py:840} INFO - DAG(s) 'example_time_delta_sensor_async' retrieved from /home/airflow/.local/lib/python3.8/site-packages/airflow/example_dags/example_time_delta_sensor_async.py
[2024-02-14T09:55:50.748+0000] {logging_mixin.py:188} INFO - [2024-02-14T09:55:50.748+0000] {dag.py:3036} INFO - Sync 1 DAGs
[2024-02-14T09:55:50.763+0000] {logging_mixin.py:188} INFO - [2024-02-14T09:55:50.763+0000] {dag.py:3823} INFO - Setting next_dagrun for example_time_delta_sensor_async to None, run_after=None
[2024-02-14T09:55:50.778+0000] {processor.py:183} INFO - Processing /home/airflow/.local/lib/python3.8/site-packages/airflow/example_dags/example_time_delta_sensor_async.py took 0.053 seconds
[2024-02-14T09:56:21.478+0000] {processor.py:161} INFO - Started process (PID=133) to work on /home/airflow/.local/lib/python3.8/site-packages/airflow/example_dags/example_time_delta_sensor_async.py
[2024-02-14T09:56:21.480+0000] {processor.py:830} INFO - Processing file /home/airflow/.local/lib/python3.8/site-packages/airflow/example_dags/example_time_delta_sensor_async.py for tasks to queue
[2024-02-14T09:56:21.482+0000] {logging_mixin.py:188} INFO - [2024-02-14T09:56:21.482+0000] {dagbag.py:538} INFO - Filling up the DagBag from /home/airflow/.local/lib/python3.8/site-packages/airflow/example_dags/example_time_delta_sensor_async.py
[2024-02-14T09:56:21.487+0000] {processor.py:840} INFO - DAG(s) 'example_time_delta_sensor_async' retrieved from /home/airflow/.local/lib/python3.8/site-packages/airflow/example_dags/example_time_delta_sensor_async.py
[2024-02-14T09:56:21.596+0000] {logging_mixin.py:188} INFO - [2024-02-14T09:56:21.595+0000] {dag.py:3036} INFO - Sync 1 DAGs
[2024-02-14T09:56:21.615+0000] {logging_mixin.py:188} INFO - [2024-02-14T09:56:21.614+0000] {dag.py:3823} INFO - Setting next_dagrun for example_time_delta_sensor_async to None, run_after=None
[2024-02-14T09:56:21.645+0000] {processor.py:183} INFO - Processing /home/airflow/.local/lib/python3.8/site-packages/airflow/example_dags/example_time_delta_sensor_async.py took 0.170 seconds
[2024-02-14T09:56:52.707+0000] {processor.py:161} INFO - Started process (PID=190) to work on /home/airflow/.local/lib/python3.8/site-packages/airflow/example_dags/example_time_delta_sensor_async.py
[2024-02-14T09:56:52.712+0000] {processor.py:830} INFO - Processing file /home/airflow/.local/lib/python3.8/site-packages/airflow/example_dags/example_time_delta_sensor_async.py for tasks to queue
[2024-02-14T09:56:52.715+0000] {logging_mixin.py:188} INFO - [2024-02-14T09:56:52.715+0000] {dagbag.py:538} INFO - Filling up the DagBag from /home/airflow/.local/lib/python3.8/site-packages/airflow/example_dags/example_time_delta_sensor_async.py
[2024-02-14T09:56:52.722+0000] {processor.py:840} INFO - DAG(s) 'example_time_delta_sensor_async' retrieved from /home/airflow/.local/lib/python3.8/site-packages/airflow/example_dags/example_time_delta_sensor_async.py
[2024-02-14T09:56:52.746+0000] {logging_mixin.py:188} INFO - [2024-02-14T09:56:52.746+0000] {dag.py:3036} INFO - Sync 1 DAGs
[2024-02-14T09:56:52.759+0000] {logging_mixin.py:188} INFO - [2024-02-14T09:56:52.759+0000] {dag.py:3823} INFO - Setting next_dagrun for example_time_delta_sensor_async to None, run_after=None
[2024-02-14T09:56:52.788+0000] {processor.py:183} INFO - Processing /home/airflow/.local/lib/python3.8/site-packages/airflow/example_dags/example_time_delta_sensor_async.py took 0.085 seconds
[2024-02-14T09:57:23.740+0000] {processor.py:161} INFO - Started process (PID=247) to work on /home/airflow/.local/lib/python3.8/site-packages/airflow/example_dags/example_time_delta_sensor_async.py
[2024-02-14T09:57:23.744+0000] {processor.py:830} INFO - Processing file /home/airflow/.local/lib/python3.8/site-packages/airflow/example_dags/example_time_delta_sensor_async.py for tasks to queue
[2024-02-14T09:57:23.748+0000] {logging_mixin.py:188} INFO - [2024-02-14T09:57:23.748+0000] {dagbag.py:538} INFO - Filling up the DagBag from /home/airflow/.local/lib/python3.8/site-packages/airflow/example_dags/example_time_delta_sensor_async.py
[2024-02-14T09:57:23.755+0000] {processor.py:840} INFO - DAG(s) 'example_time_delta_sensor_async' retrieved from /home/airflow/.local/lib/python3.8/site-packages/airflow/example_dags/example_time_delta_sensor_async.py
[2024-02-14T09:57:23.775+0000] {logging_mixin.py:188} INFO - [2024-02-14T09:57:23.775+0000] {dag.py:3036} INFO - Sync 1 DAGs
[2024-02-14T09:57:23.784+0000] {logging_mixin.py:188} INFO - [2024-02-14T09:57:23.784+0000] {dag.py:3823} INFO - Setting next_dagrun for example_time_delta_sensor_async to None, run_after=None
[2024-02-14T09:57:23.797+0000] {processor.py:183} INFO - Processing /home/airflow/.local/lib/python3.8/site-packages/airflow/example_dags/example_time_delta_sensor_async.py took 0.061 seconds
[2024-02-14T09:57:54.388+0000] {processor.py:161} INFO - Started process (PID=305) to work on /home/airflow/.local/lib/python3.8/site-packages/airflow/example_dags/example_time_delta_sensor_async.py
[2024-02-14T09:57:54.390+0000] {processor.py:830} INFO - Processing file /home/airflow/.local/lib/python3.8/site-packages/airflow/example_dags/example_time_delta_sensor_async.py for tasks to queue
[2024-02-14T09:57:54.393+0000] {logging_mixin.py:188} INFO - [2024-02-14T09:57:54.393+0000] {dagbag.py:538} INFO - Filling up the DagBag from /home/airflow/.local/lib/python3.8/site-packages/airflow/example_dags/example_time_delta_sensor_async.py
[2024-02-14T09:57:54.400+0000] {processor.py:840} INFO - DAG(s) 'example_time_delta_sensor_async' retrieved from /home/airflow/.local/lib/python3.8/site-packages/airflow/example_dags/example_time_delta_sensor_async.py
[2024-02-14T09:57:54.420+0000] {logging_mixin.py:188} INFO - [2024-02-14T09:57:54.420+0000] {dag.py:3036} INFO - Sync 1 DAGs
[2024-02-14T09:57:54.429+0000] {logging_mixin.py:188} INFO - [2024-02-14T09:57:54.428+0000] {dag.py:3823} INFO - Setting next_dagrun for example_time_delta_sensor_async to None, run_after=None
[2024-02-14T09:57:54.441+0000] {processor.py:183} INFO - Processing /home/airflow/.local/lib/python3.8/site-packages/airflow/example_dags/example_time_delta_sensor_async.py took 0.059 seconds
[2024-02-14T09:58:24.748+0000] {processor.py:161} INFO - Started process (PID=362) to work on /home/airflow/.local/lib/python3.8/site-packages/airflow/example_dags/example_time_delta_sensor_async.py
[2024-02-14T09:58:24.751+0000] {processor.py:830} INFO - Processing file /home/airflow/.local/lib/python3.8/site-packages/airflow/example_dags/example_time_delta_sensor_async.py for tasks to queue
[2024-02-14T09:58:24.755+0000] {logging_mixin.py:188} INFO - [2024-02-14T09:58:24.754+0000] {dagbag.py:538} INFO - Filling up the DagBag from /home/airflow/.local/lib/python3.8/site-packages/airflow/example_dags/example_time_delta_sensor_async.py
[2024-02-14T09:58:24.762+0000] {processor.py:840} INFO - DAG(s) 'example_time_delta_sensor_async' retrieved from /home/airflow/.local/lib/python3.8/site-packages/airflow/example_dags/example_time_delta_sensor_async.py
[2024-02-14T09:58:24.778+0000] {logging_mixin.py:188} INFO - [2024-02-14T09:58:24.778+0000] {dag.py:3036} INFO - Sync 1 DAGs
[2024-02-14T09:58:24.786+0000] {logging_mixin.py:188} INFO - [2024-02-14T09:58:24.786+0000] {dag.py:3823} INFO - Setting next_dagrun for example_time_delta_sensor_async to None, run_after=None
[2024-02-14T09:58:24.799+0000] {processor.py:183} INFO - Processing /home/airflow/.local/lib/python3.8/site-packages/airflow/example_dags/example_time_delta_sensor_async.py took 0.055 seconds
[2024-02-14T09:58:55.731+0000] {processor.py:161} INFO - Started process (PID=421) to work on /home/airflow/.local/lib/python3.8/site-packages/airflow/example_dags/example_time_delta_sensor_async.py
[2024-02-14T09:58:55.733+0000] {processor.py:830} INFO - Processing file /home/airflow/.local/lib/python3.8/site-packages/airflow/example_dags/example_time_delta_sensor_async.py for tasks to queue
[2024-02-14T09:58:55.736+0000] {logging_mixin.py:188} INFO - [2024-02-14T09:58:55.736+0000] {dagbag.py:538} INFO - Filling up the DagBag from /home/airflow/.local/lib/python3.8/site-packages/airflow/example_dags/example_time_delta_sensor_async.py
[2024-02-14T09:58:55.744+0000] {processor.py:840} INFO - DAG(s) 'example_time_delta_sensor_async' retrieved from /home/airflow/.local/lib/python3.8/site-packages/airflow/example_dags/example_time_delta_sensor_async.py
[2024-02-14T09:58:55.767+0000] {logging_mixin.py:188} INFO - [2024-02-14T09:58:55.767+0000] {dag.py:3036} INFO - Sync 1 DAGs
[2024-02-14T09:58:55.776+0000] {logging_mixin.py:188} INFO - [2024-02-14T09:58:55.775+0000] {dag.py:3823} INFO - Setting next_dagrun for example_time_delta_sensor_async to None, run_after=None
[2024-02-14T09:58:55.788+0000] {processor.py:183} INFO - Processing /home/airflow/.local/lib/python3.8/site-packages/airflow/example_dags/example_time_delta_sensor_async.py took 0.062 seconds
[2024-02-14T09:59:26.083+0000] {processor.py:161} INFO - Started process (PID=478) to work on /home/airflow/.local/lib/python3.8/site-packages/airflow/example_dags/example_time_delta_sensor_async.py
[2024-02-14T09:59:26.086+0000] {processor.py:830} INFO - Processing file /home/airflow/.local/lib/python3.8/site-packages/airflow/example_dags/example_time_delta_sensor_async.py for tasks to queue
[2024-02-14T09:59:26.088+0000] {logging_mixin.py:188} INFO - [2024-02-14T09:59:26.088+0000] {dagbag.py:538} INFO - Filling up the DagBag from /home/airflow/.local/lib/python3.8/site-packages/airflow/example_dags/example_time_delta_sensor_async.py
[2024-02-14T09:59:26.093+0000] {processor.py:840} INFO - DAG(s) 'example_time_delta_sensor_async' retrieved from /home/airflow/.local/lib/python3.8/site-packages/airflow/example_dags/example_time_delta_sensor_async.py
[2024-02-14T09:59:26.116+0000] {logging_mixin.py:188} INFO - [2024-02-14T09:59:26.116+0000] {dag.py:3036} INFO - Sync 1 DAGs
[2024-02-14T09:59:26.126+0000] {logging_mixin.py:188} INFO - [2024-02-14T09:59:26.126+0000] {dag.py:3823} INFO - Setting next_dagrun for example_time_delta_sensor_async to None, run_after=None
[2024-02-14T09:59:26.139+0000] {processor.py:183} INFO - Processing /home/airflow/.local/lib/python3.8/site-packages/airflow/example_dags/example_time_delta_sensor_async.py took 0.063 seconds
[2024-02-14T09:59:56.876+0000] {processor.py:161} INFO - Started process (PID=534) to work on /home/airflow/.local/lib/python3.8/site-packages/airflow/example_dags/example_time_delta_sensor_async.py
[2024-02-14T09:59:56.879+0000] {processor.py:830} INFO - Processing file /home/airflow/.local/lib/python3.8/site-packages/airflow/example_dags/example_time_delta_sensor_async.py for tasks to queue
[2024-02-14T09:59:56.882+0000] {logging_mixin.py:188} INFO - [2024-02-14T09:59:56.881+0000] {dagbag.py:538} INFO - Filling up the DagBag from /home/airflow/.local/lib/python3.8/site-packages/airflow/example_dags/example_time_delta_sensor_async.py
[2024-02-14T09:59:56.890+0000] {processor.py:840} INFO - DAG(s) 'example_time_delta_sensor_async' retrieved from /home/airflow/.local/lib/python3.8/site-packages/airflow/example_dags/example_time_delta_sensor_async.py
[2024-02-14T09:59:56.906+0000] {logging_mixin.py:188} INFO - [2024-02-14T09:59:56.906+0000] {dag.py:3036} INFO - Sync 1 DAGs
[2024-02-14T09:59:56.916+0000] {logging_mixin.py:188} INFO - [2024-02-14T09:59:56.916+0000] {dag.py:3823} INFO - Setting next_dagrun for example_time_delta_sensor_async to None, run_after=None
[2024-02-14T09:59:56.928+0000] {processor.py:183} INFO - Processing /home/airflow/.local/lib/python3.8/site-packages/airflow/example_dags/example_time_delta_sensor_async.py took 0.059 seconds
[2024-02-14T10:00:27.295+0000] {processor.py:161} INFO - Started process (PID=591) to work on /home/airflow/.local/lib/python3.8/site-packages/airflow/example_dags/example_time_delta_sensor_async.py
[2024-02-14T10:00:27.298+0000] {processor.py:830} INFO - Processing file /home/airflow/.local/lib/python3.8/site-packages/airflow/example_dags/example_time_delta_sensor_async.py for tasks to queue
[2024-02-14T10:00:27.300+0000] {logging_mixin.py:188} INFO - [2024-02-14T10:00:27.300+0000] {dagbag.py:538} INFO - Filling up the DagBag from /home/airflow/.local/lib/python3.8/site-packages/airflow/example_dags/example_time_delta_sensor_async.py
[2024-02-14T10:00:27.306+0000] {processor.py:840} INFO - DAG(s) 'example_time_delta_sensor_async' retrieved from /home/airflow/.local/lib/python3.8/site-packages/airflow/example_dags/example_time_delta_sensor_async.py
[2024-02-14T10:00:27.322+0000] {logging_mixin.py:188} INFO - [2024-02-14T10:00:27.322+0000] {dag.py:3036} INFO - Sync 1 DAGs
[2024-02-14T10:00:27.330+0000] {logging_mixin.py:188} INFO - [2024-02-14T10:00:27.330+0000] {dag.py:3823} INFO - Setting next_dagrun for example_time_delta_sensor_async to None, run_after=None
[2024-02-14T10:00:27.342+0000] {processor.py:183} INFO - Processing /home/airflow/.local/lib/python3.8/site-packages/airflow/example_dags/example_time_delta_sensor_async.py took 0.050 seconds
[2024-02-14T10:00:57.704+0000] {processor.py:161} INFO - Started process (PID=648) to work on /home/airflow/.local/lib/python3.8/site-packages/airflow/example_dags/example_time_delta_sensor_async.py
[2024-02-14T10:00:57.707+0000] {processor.py:830} INFO - Processing file /home/airflow/.local/lib/python3.8/site-packages/airflow/example_dags/example_time_delta_sensor_async.py for tasks to queue
[2024-02-14T10:00:57.710+0000] {logging_mixin.py:188} INFO - [2024-02-14T10:00:57.709+0000] {dagbag.py:538} INFO - Filling up the DagBag from /home/airflow/.local/lib/python3.8/site-packages/airflow/example_dags/example_time_delta_sensor_async.py
[2024-02-14T10:00:57.715+0000] {processor.py:840} INFO - DAG(s) 'example_time_delta_sensor_async' retrieved from /home/airflow/.local/lib/python3.8/site-packages/airflow/example_dags/example_time_delta_sensor_async.py
[2024-02-14T10:00:57.734+0000] {logging_mixin.py:188} INFO - [2024-02-14T10:00:57.734+0000] {dag.py:3036} INFO - Sync 1 DAGs
[2024-02-14T10:00:57.746+0000] {logging_mixin.py:188} INFO - [2024-02-14T10:00:57.746+0000] {dag.py:3823} INFO - Setting next_dagrun for example_time_delta_sensor_async to None, run_after=None
[2024-02-14T10:00:57.759+0000] {processor.py:183} INFO - Processing /home/airflow/.local/lib/python3.8/site-packages/airflow/example_dags/example_time_delta_sensor_async.py took 0.061 seconds
[2024-02-14T10:01:28.785+0000] {processor.py:161} INFO - Started process (PID=704) to work on /home/airflow/.local/lib/python3.8/site-packages/airflow/example_dags/example_time_delta_sensor_async.py
[2024-02-14T10:01:28.787+0000] {processor.py:830} INFO - Processing file /home/airflow/.local/lib/python3.8/site-packages/airflow/example_dags/example_time_delta_sensor_async.py for tasks to queue
[2024-02-14T10:01:28.790+0000] {logging_mixin.py:188} INFO - [2024-02-14T10:01:28.789+0000] {dagbag.py:538} INFO - Filling up the DagBag from /home/airflow/.local/lib/python3.8/site-packages/airflow/example_dags/example_time_delta_sensor_async.py
[2024-02-14T10:01:28.796+0000] {processor.py:840} INFO - DAG(s) 'example_time_delta_sensor_async' retrieved from /home/airflow/.local/lib/python3.8/site-packages/airflow/example_dags/example_time_delta_sensor_async.py
[2024-02-14T10:01:28.811+0000] {logging_mixin.py:188} INFO - [2024-02-14T10:01:28.811+0000] {dag.py:3036} INFO - Sync 1 DAGs
[2024-02-14T10:01:28.820+0000] {logging_mixin.py:188} INFO - [2024-02-14T10:01:28.819+0000] {dag.py:3823} INFO - Setting next_dagrun for example_time_delta_sensor_async to None, run_after=None
[2024-02-14T10:01:28.832+0000] {processor.py:183} INFO - Processing /home/airflow/.local/lib/python3.8/site-packages/airflow/example_dags/example_time_delta_sensor_async.py took 0.051 seconds
[2024-02-14T10:01:59.728+0000] {processor.py:161} INFO - Started process (PID=761) to work on /home/airflow/.local/lib/python3.8/site-packages/airflow/example_dags/example_time_delta_sensor_async.py
[2024-02-14T10:01:59.730+0000] {processor.py:830} INFO - Processing file /home/airflow/.local/lib/python3.8/site-packages/airflow/example_dags/example_time_delta_sensor_async.py for tasks to queue
[2024-02-14T10:01:59.732+0000] {logging_mixin.py:188} INFO - [2024-02-14T10:01:59.732+0000] {dagbag.py:538} INFO - Filling up the DagBag from /home/airflow/.local/lib/python3.8/site-packages/airflow/example_dags/example_time_delta_sensor_async.py
[2024-02-14T10:01:59.737+0000] {processor.py:840} INFO - DAG(s) 'example_time_delta_sensor_async' retrieved from /home/airflow/.local/lib/python3.8/site-packages/airflow/example_dags/example_time_delta_sensor_async.py
[2024-02-14T10:01:59.754+0000] {logging_mixin.py:188} INFO - [2024-02-14T10:01:59.754+0000] {dag.py:3036} INFO - Sync 1 DAGs
[2024-02-14T10:01:59.762+0000] {logging_mixin.py:188} INFO - [2024-02-14T10:01:59.762+0000] {dag.py:3823} INFO - Setting next_dagrun for example_time_delta_sensor_async to None, run_after=None
[2024-02-14T10:01:59.777+0000] {processor.py:183} INFO - Processing /home/airflow/.local/lib/python3.8/site-packages/airflow/example_dags/example_time_delta_sensor_async.py took 0.051 seconds
[2024-02-14T10:02:30.335+0000] {processor.py:161} INFO - Started process (PID=818) to work on /home/airflow/.local/lib/python3.8/site-packages/airflow/example_dags/example_time_delta_sensor_async.py
[2024-02-14T10:02:30.337+0000] {processor.py:830} INFO - Processing file /home/airflow/.local/lib/python3.8/site-packages/airflow/example_dags/example_time_delta_sensor_async.py for tasks to queue
[2024-02-14T10:02:30.340+0000] {logging_mixin.py:188} INFO - [2024-02-14T10:02:30.339+0000] {dagbag.py:538} INFO - Filling up the DagBag from /home/airflow/.local/lib/python3.8/site-packages/airflow/example_dags/example_time_delta_sensor_async.py
[2024-02-14T10:02:30.344+0000] {processor.py:840} INFO - DAG(s) 'example_time_delta_sensor_async' retrieved from /home/airflow/.local/lib/python3.8/site-packages/airflow/example_dags/example_time_delta_sensor_async.py
[2024-02-14T10:02:30.370+0000] {logging_mixin.py:188} INFO - [2024-02-14T10:02:30.370+0000] {dag.py:3036} INFO - Sync 1 DAGs
[2024-02-14T10:02:30.382+0000] {logging_mixin.py:188} INFO - [2024-02-14T10:02:30.382+0000] {dag.py:3823} INFO - Setting next_dagrun for example_time_delta_sensor_async to None, run_after=None
[2024-02-14T10:02:30.405+0000] {processor.py:183} INFO - Processing /home/airflow/.local/lib/python3.8/site-packages/airflow/example_dags/example_time_delta_sensor_async.py took 0.087 seconds
[2024-02-14T10:03:01.128+0000] {processor.py:161} INFO - Started process (PID=877) to work on /home/airflow/.local/lib/python3.8/site-packages/airflow/example_dags/example_time_delta_sensor_async.py
[2024-02-14T10:03:01.130+0000] {processor.py:830} INFO - Processing file /home/airflow/.local/lib/python3.8/site-packages/airflow/example_dags/example_time_delta_sensor_async.py for tasks to queue
[2024-02-14T10:03:01.134+0000] {logging_mixin.py:188} INFO - [2024-02-14T10:03:01.133+0000] {dagbag.py:538} INFO - Filling up the DagBag from /home/airflow/.local/lib/python3.8/site-packages/airflow/example_dags/example_time_delta_sensor_async.py
[2024-02-14T10:03:01.141+0000] {processor.py:840} INFO - DAG(s) 'example_time_delta_sensor_async' retrieved from /home/airflow/.local/lib/python3.8/site-packages/airflow/example_dags/example_time_delta_sensor_async.py
[2024-02-14T10:03:01.161+0000] {logging_mixin.py:188} INFO - [2024-02-14T10:03:01.161+0000] {dag.py:3036} INFO - Sync 1 DAGs
[2024-02-14T10:03:01.179+0000] {logging_mixin.py:188} INFO - [2024-02-14T10:03:01.179+0000] {dag.py:3823} INFO - Setting next_dagrun for example_time_delta_sensor_async to None, run_after=None
[2024-02-14T10:03:01.195+0000] {processor.py:183} INFO - Processing /home/airflow/.local/lib/python3.8/site-packages/airflow/example_dags/example_time_delta_sensor_async.py took 0.075 seconds
