[2024-02-14T09:34:17.137+0000] {processor.py:161} INFO - Started process (PID=40) to work on /home/airflow/.local/lib/python3.8/site-packages/airflow/example_dags/example_latest_only_with_trigger.py
[2024-02-14T09:34:17.141+0000] {processor.py:830} INFO - Processing file /home/airflow/.local/lib/python3.8/site-packages/airflow/example_dags/example_latest_only_with_trigger.py for tasks to queue
[2024-02-14T09:34:17.149+0000] {logging_mixin.py:188} INFO - [2024-02-14T09:34:17.149+0000] {dagbag.py:538} INFO - Filling up the DagBag from /home/airflow/.local/lib/python3.8/site-packages/airflow/example_dags/example_latest_only_with_trigger.py
[2024-02-14T09:34:17.170+0000] {processor.py:840} INFO - DAG(s) 'latest_only_with_trigger' retrieved from /home/airflow/.local/lib/python3.8/site-packages/airflow/example_dags/example_latest_only_with_trigger.py
[2024-02-14T09:34:17.192+0000] {logging_mixin.py:188} INFO - [2024-02-14T09:34:17.192+0000] {dag.py:3036} INFO - Sync 1 DAGs
[2024-02-14T09:34:17.234+0000] {logging_mixin.py:188} INFO - [2024-02-14T09:34:17.234+0000] {dag.py:3823} INFO - Setting next_dagrun for latest_only_with_trigger to 2024-02-14 04:00:00+00:00, run_after=2024-02-14 08:00:00+00:00
[2024-02-14T09:34:17.256+0000] {processor.py:183} INFO - Processing /home/airflow/.local/lib/python3.8/site-packages/airflow/example_dags/example_latest_only_with_trigger.py took 0.122 seconds
[2024-02-14T09:34:47.866+0000] {processor.py:161} INFO - Started process (PID=97) to work on /home/airflow/.local/lib/python3.8/site-packages/airflow/example_dags/example_latest_only_with_trigger.py
[2024-02-14T09:34:47.869+0000] {processor.py:830} INFO - Processing file /home/airflow/.local/lib/python3.8/site-packages/airflow/example_dags/example_latest_only_with_trigger.py for tasks to queue
[2024-02-14T09:34:47.873+0000] {logging_mixin.py:188} INFO - [2024-02-14T09:34:47.873+0000] {dagbag.py:538} INFO - Filling up the DagBag from /home/airflow/.local/lib/python3.8/site-packages/airflow/example_dags/example_latest_only_with_trigger.py
[2024-02-14T09:34:47.882+0000] {processor.py:840} INFO - DAG(s) 'latest_only_with_trigger' retrieved from /home/airflow/.local/lib/python3.8/site-packages/airflow/example_dags/example_latest_only_with_trigger.py
[2024-02-14T09:34:47.988+0000] {logging_mixin.py:188} INFO - [2024-02-14T09:34:47.988+0000] {dag.py:3036} INFO - Sync 1 DAGs
[2024-02-14T09:34:48.004+0000] {logging_mixin.py:188} INFO - [2024-02-14T09:34:48.004+0000] {dag.py:3823} INFO - Setting next_dagrun for latest_only_with_trigger to 2024-02-14 04:00:00+00:00, run_after=2024-02-14 08:00:00+00:00
[2024-02-14T09:34:48.027+0000] {processor.py:183} INFO - Processing /home/airflow/.local/lib/python3.8/site-packages/airflow/example_dags/example_latest_only_with_trigger.py took 0.164 seconds
[2024-02-14T09:35:18.083+0000] {processor.py:161} INFO - Started process (PID=155) to work on /home/airflow/.local/lib/python3.8/site-packages/airflow/example_dags/example_latest_only_with_trigger.py
[2024-02-14T09:35:18.085+0000] {processor.py:830} INFO - Processing file /home/airflow/.local/lib/python3.8/site-packages/airflow/example_dags/example_latest_only_with_trigger.py for tasks to queue
[2024-02-14T09:35:18.087+0000] {logging_mixin.py:188} INFO - [2024-02-14T09:35:18.087+0000] {dagbag.py:538} INFO - Filling up the DagBag from /home/airflow/.local/lib/python3.8/site-packages/airflow/example_dags/example_latest_only_with_trigger.py
[2024-02-14T09:35:18.091+0000] {processor.py:840} INFO - DAG(s) 'latest_only_with_trigger' retrieved from /home/airflow/.local/lib/python3.8/site-packages/airflow/example_dags/example_latest_only_with_trigger.py
[2024-02-14T09:35:18.106+0000] {logging_mixin.py:188} INFO - [2024-02-14T09:35:18.106+0000] {dag.py:3036} INFO - Sync 1 DAGs
[2024-02-14T09:35:18.120+0000] {logging_mixin.py:188} INFO - [2024-02-14T09:35:18.120+0000] {dag.py:3823} INFO - Setting next_dagrun for latest_only_with_trigger to 2024-02-14 04:00:00+00:00, run_after=2024-02-14 08:00:00+00:00
[2024-02-14T09:35:18.133+0000] {processor.py:183} INFO - Processing /home/airflow/.local/lib/python3.8/site-packages/airflow/example_dags/example_latest_only_with_trigger.py took 0.052 seconds
[2024-02-14T09:35:48.421+0000] {processor.py:161} INFO - Started process (PID=211) to work on /home/airflow/.local/lib/python3.8/site-packages/airflow/example_dags/example_latest_only_with_trigger.py
[2024-02-14T09:35:48.422+0000] {processor.py:830} INFO - Processing file /home/airflow/.local/lib/python3.8/site-packages/airflow/example_dags/example_latest_only_with_trigger.py for tasks to queue
[2024-02-14T09:35:48.424+0000] {logging_mixin.py:188} INFO - [2024-02-14T09:35:48.424+0000] {dagbag.py:538} INFO - Filling up the DagBag from /home/airflow/.local/lib/python3.8/site-packages/airflow/example_dags/example_latest_only_with_trigger.py
[2024-02-14T09:35:48.429+0000] {processor.py:840} INFO - DAG(s) 'latest_only_with_trigger' retrieved from /home/airflow/.local/lib/python3.8/site-packages/airflow/example_dags/example_latest_only_with_trigger.py
[2024-02-14T09:35:48.443+0000] {logging_mixin.py:188} INFO - [2024-02-14T09:35:48.443+0000] {dag.py:3036} INFO - Sync 1 DAGs
[2024-02-14T09:35:48.456+0000] {logging_mixin.py:188} INFO - [2024-02-14T09:35:48.456+0000] {dag.py:3823} INFO - Setting next_dagrun for latest_only_with_trigger to 2024-02-14 04:00:00+00:00, run_after=2024-02-14 08:00:00+00:00
[2024-02-14T09:35:48.468+0000] {processor.py:183} INFO - Processing /home/airflow/.local/lib/python3.8/site-packages/airflow/example_dags/example_latest_only_with_trigger.py took 0.050 seconds
[2024-02-14T09:36:18.995+0000] {processor.py:161} INFO - Started process (PID=266) to work on /home/airflow/.local/lib/python3.8/site-packages/airflow/example_dags/example_latest_only_with_trigger.py
[2024-02-14T09:36:18.996+0000] {processor.py:830} INFO - Processing file /home/airflow/.local/lib/python3.8/site-packages/airflow/example_dags/example_latest_only_with_trigger.py for tasks to queue
[2024-02-14T09:36:18.998+0000] {logging_mixin.py:188} INFO - [2024-02-14T09:36:18.998+0000] {dagbag.py:538} INFO - Filling up the DagBag from /home/airflow/.local/lib/python3.8/site-packages/airflow/example_dags/example_latest_only_with_trigger.py
[2024-02-14T09:36:19.002+0000] {processor.py:840} INFO - DAG(s) 'latest_only_with_trigger' retrieved from /home/airflow/.local/lib/python3.8/site-packages/airflow/example_dags/example_latest_only_with_trigger.py
[2024-02-14T09:36:19.018+0000] {logging_mixin.py:188} INFO - [2024-02-14T09:36:19.018+0000] {dag.py:3036} INFO - Sync 1 DAGs
[2024-02-14T09:36:19.033+0000] {logging_mixin.py:188} INFO - [2024-02-14T09:36:19.033+0000] {dag.py:3823} INFO - Setting next_dagrun for latest_only_with_trigger to 2024-02-14 04:00:00+00:00, run_after=2024-02-14 08:00:00+00:00
[2024-02-14T09:36:19.048+0000] {processor.py:183} INFO - Processing /home/airflow/.local/lib/python3.8/site-packages/airflow/example_dags/example_latest_only_with_trigger.py took 0.055 seconds
[2024-02-14T09:36:49.343+0000] {processor.py:161} INFO - Started process (PID=322) to work on /home/airflow/.local/lib/python3.8/site-packages/airflow/example_dags/example_latest_only_with_trigger.py
[2024-02-14T09:36:49.344+0000] {processor.py:830} INFO - Processing file /home/airflow/.local/lib/python3.8/site-packages/airflow/example_dags/example_latest_only_with_trigger.py for tasks to queue
[2024-02-14T09:36:49.346+0000] {logging_mixin.py:188} INFO - [2024-02-14T09:36:49.346+0000] {dagbag.py:538} INFO - Filling up the DagBag from /home/airflow/.local/lib/python3.8/site-packages/airflow/example_dags/example_latest_only_with_trigger.py
[2024-02-14T09:36:49.352+0000] {processor.py:840} INFO - DAG(s) 'latest_only_with_trigger' retrieved from /home/airflow/.local/lib/python3.8/site-packages/airflow/example_dags/example_latest_only_with_trigger.py
[2024-02-14T09:36:49.371+0000] {logging_mixin.py:188} INFO - [2024-02-14T09:36:49.371+0000] {dag.py:3036} INFO - Sync 1 DAGs
[2024-02-14T09:36:49.387+0000] {logging_mixin.py:188} INFO - [2024-02-14T09:36:49.387+0000] {dag.py:3823} INFO - Setting next_dagrun for latest_only_with_trigger to 2024-02-14 04:00:00+00:00, run_after=2024-02-14 08:00:00+00:00
[2024-02-14T09:36:49.401+0000] {processor.py:183} INFO - Processing /home/airflow/.local/lib/python3.8/site-packages/airflow/example_dags/example_latest_only_with_trigger.py took 0.061 seconds
[2024-02-14T09:37:19.965+0000] {processor.py:161} INFO - Started process (PID=381) to work on /home/airflow/.local/lib/python3.8/site-packages/airflow/example_dags/example_latest_only_with_trigger.py
[2024-02-14T09:37:19.967+0000] {processor.py:830} INFO - Processing file /home/airflow/.local/lib/python3.8/site-packages/airflow/example_dags/example_latest_only_with_trigger.py for tasks to queue
[2024-02-14T09:37:19.969+0000] {logging_mixin.py:188} INFO - [2024-02-14T09:37:19.969+0000] {dagbag.py:538} INFO - Filling up the DagBag from /home/airflow/.local/lib/python3.8/site-packages/airflow/example_dags/example_latest_only_with_trigger.py
[2024-02-14T09:37:19.973+0000] {processor.py:840} INFO - DAG(s) 'latest_only_with_trigger' retrieved from /home/airflow/.local/lib/python3.8/site-packages/airflow/example_dags/example_latest_only_with_trigger.py
[2024-02-14T09:37:19.988+0000] {logging_mixin.py:188} INFO - [2024-02-14T09:37:19.988+0000] {dag.py:3036} INFO - Sync 1 DAGs
[2024-02-14T09:37:20.001+0000] {logging_mixin.py:188} INFO - [2024-02-14T09:37:20.001+0000] {dag.py:3823} INFO - Setting next_dagrun for latest_only_with_trigger to 2024-02-14 04:00:00+00:00, run_after=2024-02-14 08:00:00+00:00
[2024-02-14T09:37:20.013+0000] {processor.py:183} INFO - Processing /home/airflow/.local/lib/python3.8/site-packages/airflow/example_dags/example_latest_only_with_trigger.py took 0.050 seconds
[2024-02-14T09:37:50.339+0000] {processor.py:161} INFO - Started process (PID=437) to work on /home/airflow/.local/lib/python3.8/site-packages/airflow/example_dags/example_latest_only_with_trigger.py
[2024-02-14T09:37:50.341+0000] {processor.py:830} INFO - Processing file /home/airflow/.local/lib/python3.8/site-packages/airflow/example_dags/example_latest_only_with_trigger.py for tasks to queue
[2024-02-14T09:37:50.344+0000] {logging_mixin.py:188} INFO - [2024-02-14T09:37:50.343+0000] {dagbag.py:538} INFO - Filling up the DagBag from /home/airflow/.local/lib/python3.8/site-packages/airflow/example_dags/example_latest_only_with_trigger.py
[2024-02-14T09:37:50.348+0000] {processor.py:840} INFO - DAG(s) 'latest_only_with_trigger' retrieved from /home/airflow/.local/lib/python3.8/site-packages/airflow/example_dags/example_latest_only_with_trigger.py
[2024-02-14T09:37:50.365+0000] {logging_mixin.py:188} INFO - [2024-02-14T09:37:50.365+0000] {dag.py:3036} INFO - Sync 1 DAGs
[2024-02-14T09:37:50.379+0000] {logging_mixin.py:188} INFO - [2024-02-14T09:37:50.379+0000] {dag.py:3823} INFO - Setting next_dagrun for latest_only_with_trigger to 2024-02-14 04:00:00+00:00, run_after=2024-02-14 08:00:00+00:00
[2024-02-14T09:37:50.393+0000] {processor.py:183} INFO - Processing /home/airflow/.local/lib/python3.8/site-packages/airflow/example_dags/example_latest_only_with_trigger.py took 0.056 seconds
[2024-02-14T09:38:20.575+0000] {processor.py:161} INFO - Started process (PID=495) to work on /home/airflow/.local/lib/python3.8/site-packages/airflow/example_dags/example_latest_only_with_trigger.py
[2024-02-14T09:38:20.576+0000] {processor.py:830} INFO - Processing file /home/airflow/.local/lib/python3.8/site-packages/airflow/example_dags/example_latest_only_with_trigger.py for tasks to queue
[2024-02-14T09:38:20.578+0000] {logging_mixin.py:188} INFO - [2024-02-14T09:38:20.578+0000] {dagbag.py:538} INFO - Filling up the DagBag from /home/airflow/.local/lib/python3.8/site-packages/airflow/example_dags/example_latest_only_with_trigger.py
[2024-02-14T09:38:20.582+0000] {processor.py:840} INFO - DAG(s) 'latest_only_with_trigger' retrieved from /home/airflow/.local/lib/python3.8/site-packages/airflow/example_dags/example_latest_only_with_trigger.py
[2024-02-14T09:38:20.595+0000] {logging_mixin.py:188} INFO - [2024-02-14T09:38:20.595+0000] {dag.py:3036} INFO - Sync 1 DAGs
[2024-02-14T09:38:20.608+0000] {logging_mixin.py:188} INFO - [2024-02-14T09:38:20.608+0000] {dag.py:3823} INFO - Setting next_dagrun for latest_only_with_trigger to 2024-02-14 04:00:00+00:00, run_after=2024-02-14 08:00:00+00:00
[2024-02-14T09:38:20.621+0000] {processor.py:183} INFO - Processing /home/airflow/.local/lib/python3.8/site-packages/airflow/example_dags/example_latest_only_with_trigger.py took 0.049 seconds
[2024-02-14T09:38:50.913+0000] {processor.py:161} INFO - Started process (PID=552) to work on /home/airflow/.local/lib/python3.8/site-packages/airflow/example_dags/example_latest_only_with_trigger.py
[2024-02-14T09:38:50.915+0000] {processor.py:830} INFO - Processing file /home/airflow/.local/lib/python3.8/site-packages/airflow/example_dags/example_latest_only_with_trigger.py for tasks to queue
[2024-02-14T09:38:50.917+0000] {logging_mixin.py:188} INFO - [2024-02-14T09:38:50.916+0000] {dagbag.py:538} INFO - Filling up the DagBag from /home/airflow/.local/lib/python3.8/site-packages/airflow/example_dags/example_latest_only_with_trigger.py
[2024-02-14T09:38:50.921+0000] {processor.py:840} INFO - DAG(s) 'latest_only_with_trigger' retrieved from /home/airflow/.local/lib/python3.8/site-packages/airflow/example_dags/example_latest_only_with_trigger.py
[2024-02-14T09:38:50.936+0000] {logging_mixin.py:188} INFO - [2024-02-14T09:38:50.936+0000] {dag.py:3036} INFO - Sync 1 DAGs
[2024-02-14T09:38:50.951+0000] {logging_mixin.py:188} INFO - [2024-02-14T09:38:50.951+0000] {dag.py:3823} INFO - Setting next_dagrun for latest_only_with_trigger to 2024-02-14 04:00:00+00:00, run_after=2024-02-14 08:00:00+00:00
[2024-02-14T09:38:50.962+0000] {processor.py:183} INFO - Processing /home/airflow/.local/lib/python3.8/site-packages/airflow/example_dags/example_latest_only_with_trigger.py took 0.052 seconds
[2024-02-14T09:43:46.871+0000] {processor.py:161} INFO - Started process (PID=36) to work on /home/airflow/.local/lib/python3.8/site-packages/airflow/example_dags/example_latest_only_with_trigger.py
[2024-02-14T09:43:46.873+0000] {processor.py:830} INFO - Processing file /home/airflow/.local/lib/python3.8/site-packages/airflow/example_dags/example_latest_only_with_trigger.py for tasks to queue
[2024-02-14T09:43:46.878+0000] {logging_mixin.py:188} INFO - [2024-02-14T09:43:46.875+0000] {dagbag.py:538} INFO - Filling up the DagBag from /home/airflow/.local/lib/python3.8/site-packages/airflow/example_dags/example_latest_only_with_trigger.py
[2024-02-14T09:43:46.886+0000] {processor.py:840} INFO - DAG(s) 'latest_only_with_trigger' retrieved from /home/airflow/.local/lib/python3.8/site-packages/airflow/example_dags/example_latest_only_with_trigger.py
[2024-02-14T09:43:46.902+0000] {logging_mixin.py:188} INFO - [2024-02-14T09:43:46.902+0000] {dag.py:3036} INFO - Sync 1 DAGs
[2024-02-14T09:43:46.925+0000] {logging_mixin.py:188} INFO - [2024-02-14T09:43:46.925+0000] {dag.py:3823} INFO - Setting next_dagrun for latest_only_with_trigger to 2024-02-14 04:00:00+00:00, run_after=2024-02-14 08:00:00+00:00
[2024-02-14T09:43:46.953+0000] {processor.py:183} INFO - Processing /home/airflow/.local/lib/python3.8/site-packages/airflow/example_dags/example_latest_only_with_trigger.py took 0.086 seconds
[2024-02-14T09:46:34.723+0000] {processor.py:161} INFO - Started process (PID=35) to work on /home/airflow/.local/lib/python3.8/site-packages/airflow/example_dags/example_latest_only_with_trigger.py
[2024-02-14T09:46:34.726+0000] {processor.py:830} INFO - Processing file /home/airflow/.local/lib/python3.8/site-packages/airflow/example_dags/example_latest_only_with_trigger.py for tasks to queue
[2024-02-14T09:46:34.729+0000] {logging_mixin.py:188} INFO - [2024-02-14T09:46:34.728+0000] {dagbag.py:538} INFO - Filling up the DagBag from /home/airflow/.local/lib/python3.8/site-packages/airflow/example_dags/example_latest_only_with_trigger.py
[2024-02-14T09:46:34.739+0000] {processor.py:840} INFO - DAG(s) 'latest_only_with_trigger' retrieved from /home/airflow/.local/lib/python3.8/site-packages/airflow/example_dags/example_latest_only_with_trigger.py
[2024-02-14T09:46:34.841+0000] {logging_mixin.py:188} INFO - [2024-02-14T09:46:34.841+0000] {override.py:1769} INFO - Created Permission View: can edit on DAG:latest_only_with_trigger
[2024-02-14T09:46:34.854+0000] {logging_mixin.py:188} INFO - [2024-02-14T09:46:34.853+0000] {override.py:1769} INFO - Created Permission View: can read on DAG:latest_only_with_trigger
[2024-02-14T09:46:34.862+0000] {logging_mixin.py:188} INFO - [2024-02-14T09:46:34.862+0000] {override.py:1769} INFO - Created Permission View: can delete on DAG:latest_only_with_trigger
[2024-02-14T09:46:34.864+0000] {logging_mixin.py:188} INFO - [2024-02-14T09:46:34.864+0000] {dag.py:3036} INFO - Sync 1 DAGs
[2024-02-14T09:46:34.875+0000] {logging_mixin.py:188} INFO - [2024-02-14T09:46:34.875+0000] {dag.py:3058} INFO - Creating ORM DAG for latest_only_with_trigger
[2024-02-14T09:46:34.905+0000] {logging_mixin.py:188} INFO - [2024-02-14T09:46:34.905+0000] {dag.py:3823} INFO - Setting next_dagrun for latest_only_with_trigger to 2024-02-14 04:00:00+00:00, run_after=2024-02-14 08:00:00+00:00
[2024-02-14T09:46:34.935+0000] {processor.py:183} INFO - Processing /home/airflow/.local/lib/python3.8/site-packages/airflow/example_dags/example_latest_only_with_trigger.py took 0.216 seconds
[2024-02-14T09:47:05.026+0000] {processor.py:161} INFO - Started process (PID=90) to work on /home/airflow/.local/lib/python3.8/site-packages/airflow/example_dags/example_latest_only_with_trigger.py
[2024-02-14T09:47:05.027+0000] {processor.py:830} INFO - Processing file /home/airflow/.local/lib/python3.8/site-packages/airflow/example_dags/example_latest_only_with_trigger.py for tasks to queue
[2024-02-14T09:47:05.029+0000] {logging_mixin.py:188} INFO - [2024-02-14T09:47:05.029+0000] {dagbag.py:538} INFO - Filling up the DagBag from /home/airflow/.local/lib/python3.8/site-packages/airflow/example_dags/example_latest_only_with_trigger.py
[2024-02-14T09:47:05.033+0000] {processor.py:840} INFO - DAG(s) 'latest_only_with_trigger' retrieved from /home/airflow/.local/lib/python3.8/site-packages/airflow/example_dags/example_latest_only_with_trigger.py
[2024-02-14T09:47:05.047+0000] {logging_mixin.py:188} INFO - [2024-02-14T09:47:05.047+0000] {dag.py:3036} INFO - Sync 1 DAGs
[2024-02-14T09:47:05.061+0000] {logging_mixin.py:188} INFO - [2024-02-14T09:47:05.061+0000] {dag.py:3823} INFO - Setting next_dagrun for latest_only_with_trigger to 2024-02-14 04:00:00+00:00, run_after=2024-02-14 08:00:00+00:00
[2024-02-14T09:47:05.072+0000] {processor.py:183} INFO - Processing /home/airflow/.local/lib/python3.8/site-packages/airflow/example_dags/example_latest_only_with_trigger.py took 0.049 seconds
[2024-02-14T09:47:35.697+0000] {processor.py:161} INFO - Started process (PID=148) to work on /home/airflow/.local/lib/python3.8/site-packages/airflow/example_dags/example_latest_only_with_trigger.py
[2024-02-14T09:47:35.699+0000] {processor.py:830} INFO - Processing file /home/airflow/.local/lib/python3.8/site-packages/airflow/example_dags/example_latest_only_with_trigger.py for tasks to queue
[2024-02-14T09:47:35.702+0000] {logging_mixin.py:188} INFO - [2024-02-14T09:47:35.702+0000] {dagbag.py:538} INFO - Filling up the DagBag from /home/airflow/.local/lib/python3.8/site-packages/airflow/example_dags/example_latest_only_with_trigger.py
[2024-02-14T09:47:35.707+0000] {processor.py:840} INFO - DAG(s) 'latest_only_with_trigger' retrieved from /home/airflow/.local/lib/python3.8/site-packages/airflow/example_dags/example_latest_only_with_trigger.py
[2024-02-14T09:47:35.725+0000] {logging_mixin.py:188} INFO - [2024-02-14T09:47:35.724+0000] {dag.py:3036} INFO - Sync 1 DAGs
[2024-02-14T09:47:35.741+0000] {logging_mixin.py:188} INFO - [2024-02-14T09:47:35.741+0000] {dag.py:3823} INFO - Setting next_dagrun for latest_only_with_trigger to 2024-02-14 04:00:00+00:00, run_after=2024-02-14 08:00:00+00:00
[2024-02-14T09:47:35.759+0000] {processor.py:183} INFO - Processing /home/airflow/.local/lib/python3.8/site-packages/airflow/example_dags/example_latest_only_with_trigger.py took 0.065 seconds
[2024-02-14T09:48:06.267+0000] {processor.py:161} INFO - Started process (PID=206) to work on /home/airflow/.local/lib/python3.8/site-packages/airflow/example_dags/example_latest_only_with_trigger.py
[2024-02-14T09:48:06.270+0000] {processor.py:830} INFO - Processing file /home/airflow/.local/lib/python3.8/site-packages/airflow/example_dags/example_latest_only_with_trigger.py for tasks to queue
[2024-02-14T09:48:06.272+0000] {logging_mixin.py:188} INFO - [2024-02-14T09:48:06.271+0000] {dagbag.py:538} INFO - Filling up the DagBag from /home/airflow/.local/lib/python3.8/site-packages/airflow/example_dags/example_latest_only_with_trigger.py
[2024-02-14T09:48:06.276+0000] {processor.py:840} INFO - DAG(s) 'latest_only_with_trigger' retrieved from /home/airflow/.local/lib/python3.8/site-packages/airflow/example_dags/example_latest_only_with_trigger.py
[2024-02-14T09:48:06.291+0000] {logging_mixin.py:188} INFO - [2024-02-14T09:48:06.291+0000] {dag.py:3036} INFO - Sync 1 DAGs
[2024-02-14T09:48:06.309+0000] {logging_mixin.py:188} INFO - [2024-02-14T09:48:06.309+0000] {dag.py:3823} INFO - Setting next_dagrun for latest_only_with_trigger to 2024-02-14 04:00:00+00:00, run_after=2024-02-14 08:00:00+00:00
[2024-02-14T09:48:06.329+0000] {processor.py:183} INFO - Processing /home/airflow/.local/lib/python3.8/site-packages/airflow/example_dags/example_latest_only_with_trigger.py took 0.065 seconds
[2024-02-14T09:48:36.431+0000] {processor.py:161} INFO - Started process (PID=266) to work on /home/airflow/.local/lib/python3.8/site-packages/airflow/example_dags/example_latest_only_with_trigger.py
[2024-02-14T09:48:36.433+0000] {processor.py:830} INFO - Processing file /home/airflow/.local/lib/python3.8/site-packages/airflow/example_dags/example_latest_only_with_trigger.py for tasks to queue
[2024-02-14T09:48:36.435+0000] {logging_mixin.py:188} INFO - [2024-02-14T09:48:36.435+0000] {dagbag.py:538} INFO - Filling up the DagBag from /home/airflow/.local/lib/python3.8/site-packages/airflow/example_dags/example_latest_only_with_trigger.py
[2024-02-14T09:48:36.440+0000] {processor.py:840} INFO - DAG(s) 'latest_only_with_trigger' retrieved from /home/airflow/.local/lib/python3.8/site-packages/airflow/example_dags/example_latest_only_with_trigger.py
[2024-02-14T09:48:36.455+0000] {logging_mixin.py:188} INFO - [2024-02-14T09:48:36.455+0000] {dag.py:3036} INFO - Sync 1 DAGs
[2024-02-14T09:48:36.470+0000] {logging_mixin.py:188} INFO - [2024-02-14T09:48:36.470+0000] {dag.py:3823} INFO - Setting next_dagrun for latest_only_with_trigger to 2024-02-14 04:00:00+00:00, run_after=2024-02-14 08:00:00+00:00
[2024-02-14T09:48:36.481+0000] {processor.py:183} INFO - Processing /home/airflow/.local/lib/python3.8/site-packages/airflow/example_dags/example_latest_only_with_trigger.py took 0.053 seconds
[2024-02-14T09:49:07.159+0000] {processor.py:161} INFO - Started process (PID=322) to work on /home/airflow/.local/lib/python3.8/site-packages/airflow/example_dags/example_latest_only_with_trigger.py
[2024-02-14T09:49:07.161+0000] {processor.py:830} INFO - Processing file /home/airflow/.local/lib/python3.8/site-packages/airflow/example_dags/example_latest_only_with_trigger.py for tasks to queue
[2024-02-14T09:49:07.163+0000] {logging_mixin.py:188} INFO - [2024-02-14T09:49:07.163+0000] {dagbag.py:538} INFO - Filling up the DagBag from /home/airflow/.local/lib/python3.8/site-packages/airflow/example_dags/example_latest_only_with_trigger.py
[2024-02-14T09:49:07.167+0000] {processor.py:840} INFO - DAG(s) 'latest_only_with_trigger' retrieved from /home/airflow/.local/lib/python3.8/site-packages/airflow/example_dags/example_latest_only_with_trigger.py
[2024-02-14T09:49:07.181+0000] {logging_mixin.py:188} INFO - [2024-02-14T09:49:07.181+0000] {dag.py:3036} INFO - Sync 1 DAGs
[2024-02-14T09:49:07.195+0000] {logging_mixin.py:188} INFO - [2024-02-14T09:49:07.195+0000] {dag.py:3823} INFO - Setting next_dagrun for latest_only_with_trigger to 2024-02-14 04:00:00+00:00, run_after=2024-02-14 08:00:00+00:00
[2024-02-14T09:49:07.207+0000] {processor.py:183} INFO - Processing /home/airflow/.local/lib/python3.8/site-packages/airflow/example_dags/example_latest_only_with_trigger.py took 0.051 seconds
[2024-02-14T09:49:38.074+0000] {processor.py:161} INFO - Started process (PID=378) to work on /home/airflow/.local/lib/python3.8/site-packages/airflow/example_dags/example_latest_only_with_trigger.py
[2024-02-14T09:49:38.077+0000] {processor.py:830} INFO - Processing file /home/airflow/.local/lib/python3.8/site-packages/airflow/example_dags/example_latest_only_with_trigger.py for tasks to queue
[2024-02-14T09:49:38.085+0000] {logging_mixin.py:188} INFO - [2024-02-14T09:49:38.084+0000] {dagbag.py:538} INFO - Filling up the DagBag from /home/airflow/.local/lib/python3.8/site-packages/airflow/example_dags/example_latest_only_with_trigger.py
[2024-02-14T09:49:38.093+0000] {processor.py:840} INFO - DAG(s) 'latest_only_with_trigger' retrieved from /home/airflow/.local/lib/python3.8/site-packages/airflow/example_dags/example_latest_only_with_trigger.py
[2024-02-14T09:49:38.114+0000] {logging_mixin.py:188} INFO - [2024-02-14T09:49:38.113+0000] {dag.py:3036} INFO - Sync 1 DAGs
[2024-02-14T09:49:38.130+0000] {logging_mixin.py:188} INFO - [2024-02-14T09:49:38.130+0000] {dag.py:3823} INFO - Setting next_dagrun for latest_only_with_trigger to 2024-02-14 04:00:00+00:00, run_after=2024-02-14 08:00:00+00:00
[2024-02-14T09:49:38.145+0000] {processor.py:183} INFO - Processing /home/airflow/.local/lib/python3.8/site-packages/airflow/example_dags/example_latest_only_with_trigger.py took 0.074 seconds
[2024-02-14T09:50:08.647+0000] {processor.py:161} INFO - Started process (PID=436) to work on /home/airflow/.local/lib/python3.8/site-packages/airflow/example_dags/example_latest_only_with_trigger.py
[2024-02-14T09:50:08.648+0000] {processor.py:830} INFO - Processing file /home/airflow/.local/lib/python3.8/site-packages/airflow/example_dags/example_latest_only_with_trigger.py for tasks to queue
[2024-02-14T09:50:08.650+0000] {logging_mixin.py:188} INFO - [2024-02-14T09:50:08.650+0000] {dagbag.py:538} INFO - Filling up the DagBag from /home/airflow/.local/lib/python3.8/site-packages/airflow/example_dags/example_latest_only_with_trigger.py
[2024-02-14T09:50:08.655+0000] {processor.py:840} INFO - DAG(s) 'latest_only_with_trigger' retrieved from /home/airflow/.local/lib/python3.8/site-packages/airflow/example_dags/example_latest_only_with_trigger.py
[2024-02-14T09:50:08.670+0000] {logging_mixin.py:188} INFO - [2024-02-14T09:50:08.670+0000] {dag.py:3036} INFO - Sync 1 DAGs
[2024-02-14T09:50:08.684+0000] {logging_mixin.py:188} INFO - [2024-02-14T09:50:08.683+0000] {dag.py:3823} INFO - Setting next_dagrun for latest_only_with_trigger to 2024-02-14 04:00:00+00:00, run_after=2024-02-14 08:00:00+00:00
[2024-02-14T09:50:08.695+0000] {processor.py:183} INFO - Processing /home/airflow/.local/lib/python3.8/site-packages/airflow/example_dags/example_latest_only_with_trigger.py took 0.051 seconds
[2024-02-14T09:50:39.149+0000] {processor.py:161} INFO - Started process (PID=492) to work on /home/airflow/.local/lib/python3.8/site-packages/airflow/example_dags/example_latest_only_with_trigger.py
[2024-02-14T09:50:39.150+0000] {processor.py:830} INFO - Processing file /home/airflow/.local/lib/python3.8/site-packages/airflow/example_dags/example_latest_only_with_trigger.py for tasks to queue
[2024-02-14T09:50:39.152+0000] {logging_mixin.py:188} INFO - [2024-02-14T09:50:39.152+0000] {dagbag.py:538} INFO - Filling up the DagBag from /home/airflow/.local/lib/python3.8/site-packages/airflow/example_dags/example_latest_only_with_trigger.py
[2024-02-14T09:50:39.157+0000] {processor.py:840} INFO - DAG(s) 'latest_only_with_trigger' retrieved from /home/airflow/.local/lib/python3.8/site-packages/airflow/example_dags/example_latest_only_with_trigger.py
[2024-02-14T09:50:39.172+0000] {logging_mixin.py:188} INFO - [2024-02-14T09:50:39.172+0000] {dag.py:3036} INFO - Sync 1 DAGs
[2024-02-14T09:50:39.184+0000] {logging_mixin.py:188} INFO - [2024-02-14T09:50:39.184+0000] {dag.py:3823} INFO - Setting next_dagrun for latest_only_with_trigger to 2024-02-14 04:00:00+00:00, run_after=2024-02-14 08:00:00+00:00
[2024-02-14T09:50:39.194+0000] {processor.py:183} INFO - Processing /home/airflow/.local/lib/python3.8/site-packages/airflow/example_dags/example_latest_only_with_trigger.py took 0.048 seconds
[2024-02-14T09:51:09.463+0000] {processor.py:161} INFO - Started process (PID=548) to work on /home/airflow/.local/lib/python3.8/site-packages/airflow/example_dags/example_latest_only_with_trigger.py
[2024-02-14T09:51:09.465+0000] {processor.py:830} INFO - Processing file /home/airflow/.local/lib/python3.8/site-packages/airflow/example_dags/example_latest_only_with_trigger.py for tasks to queue
[2024-02-14T09:51:09.466+0000] {logging_mixin.py:188} INFO - [2024-02-14T09:51:09.466+0000] {dagbag.py:538} INFO - Filling up the DagBag from /home/airflow/.local/lib/python3.8/site-packages/airflow/example_dags/example_latest_only_with_trigger.py
[2024-02-14T09:51:09.470+0000] {processor.py:840} INFO - DAG(s) 'latest_only_with_trigger' retrieved from /home/airflow/.local/lib/python3.8/site-packages/airflow/example_dags/example_latest_only_with_trigger.py
[2024-02-14T09:51:09.484+0000] {logging_mixin.py:188} INFO - [2024-02-14T09:51:09.484+0000] {dag.py:3036} INFO - Sync 1 DAGs
[2024-02-14T09:51:09.496+0000] {logging_mixin.py:188} INFO - [2024-02-14T09:51:09.496+0000] {dag.py:3823} INFO - Setting next_dagrun for latest_only_with_trigger to 2024-02-14 04:00:00+00:00, run_after=2024-02-14 08:00:00+00:00
[2024-02-14T09:51:09.506+0000] {processor.py:183} INFO - Processing /home/airflow/.local/lib/python3.8/site-packages/airflow/example_dags/example_latest_only_with_trigger.py took 0.045 seconds
[2024-02-14T09:51:39.820+0000] {processor.py:161} INFO - Started process (PID=606) to work on /home/airflow/.local/lib/python3.8/site-packages/airflow/example_dags/example_latest_only_with_trigger.py
[2024-02-14T09:51:39.822+0000] {processor.py:830} INFO - Processing file /home/airflow/.local/lib/python3.8/site-packages/airflow/example_dags/example_latest_only_with_trigger.py for tasks to queue
[2024-02-14T09:51:39.824+0000] {logging_mixin.py:188} INFO - [2024-02-14T09:51:39.824+0000] {dagbag.py:538} INFO - Filling up the DagBag from /home/airflow/.local/lib/python3.8/site-packages/airflow/example_dags/example_latest_only_with_trigger.py
[2024-02-14T09:51:39.828+0000] {processor.py:840} INFO - DAG(s) 'latest_only_with_trigger' retrieved from /home/airflow/.local/lib/python3.8/site-packages/airflow/example_dags/example_latest_only_with_trigger.py
[2024-02-14T09:51:39.843+0000] {logging_mixin.py:188} INFO - [2024-02-14T09:51:39.843+0000] {dag.py:3036} INFO - Sync 1 DAGs
[2024-02-14T09:51:39.855+0000] {logging_mixin.py:188} INFO - [2024-02-14T09:51:39.855+0000] {dag.py:3823} INFO - Setting next_dagrun for latest_only_with_trigger to 2024-02-14 04:00:00+00:00, run_after=2024-02-14 08:00:00+00:00
[2024-02-14T09:51:39.868+0000] {processor.py:183} INFO - Processing /home/airflow/.local/lib/python3.8/site-packages/airflow/example_dags/example_latest_only_with_trigger.py took 0.050 seconds
[2024-02-14T09:52:10.516+0000] {processor.py:161} INFO - Started process (PID=663) to work on /home/airflow/.local/lib/python3.8/site-packages/airflow/example_dags/example_latest_only_with_trigger.py
[2024-02-14T09:52:10.521+0000] {processor.py:830} INFO - Processing file /home/airflow/.local/lib/python3.8/site-packages/airflow/example_dags/example_latest_only_with_trigger.py for tasks to queue
[2024-02-14T09:52:10.525+0000] {logging_mixin.py:188} INFO - [2024-02-14T09:52:10.523+0000] {dagbag.py:538} INFO - Filling up the DagBag from /home/airflow/.local/lib/python3.8/site-packages/airflow/example_dags/example_latest_only_with_trigger.py
[2024-02-14T09:52:10.533+0000] {processor.py:840} INFO - DAG(s) 'latest_only_with_trigger' retrieved from /home/airflow/.local/lib/python3.8/site-packages/airflow/example_dags/example_latest_only_with_trigger.py
[2024-02-14T09:52:10.562+0000] {logging_mixin.py:188} INFO - [2024-02-14T09:52:10.562+0000] {dag.py:3036} INFO - Sync 1 DAGs
[2024-02-14T09:52:10.577+0000] {logging_mixin.py:188} INFO - [2024-02-14T09:52:10.577+0000] {dag.py:3823} INFO - Setting next_dagrun for latest_only_with_trigger to 2024-02-14 04:00:00+00:00, run_after=2024-02-14 08:00:00+00:00
[2024-02-14T09:52:10.590+0000] {processor.py:183} INFO - Processing /home/airflow/.local/lib/python3.8/site-packages/airflow/example_dags/example_latest_only_with_trigger.py took 0.079 seconds
[2024-02-14T09:52:40.875+0000] {processor.py:161} INFO - Started process (PID=719) to work on /home/airflow/.local/lib/python3.8/site-packages/airflow/example_dags/example_latest_only_with_trigger.py
[2024-02-14T09:52:40.876+0000] {processor.py:830} INFO - Processing file /home/airflow/.local/lib/python3.8/site-packages/airflow/example_dags/example_latest_only_with_trigger.py for tasks to queue
[2024-02-14T09:52:40.878+0000] {logging_mixin.py:188} INFO - [2024-02-14T09:52:40.878+0000] {dagbag.py:538} INFO - Filling up the DagBag from /home/airflow/.local/lib/python3.8/site-packages/airflow/example_dags/example_latest_only_with_trigger.py
[2024-02-14T09:52:40.883+0000] {processor.py:840} INFO - DAG(s) 'latest_only_with_trigger' retrieved from /home/airflow/.local/lib/python3.8/site-packages/airflow/example_dags/example_latest_only_with_trigger.py
[2024-02-14T09:52:40.897+0000] {logging_mixin.py:188} INFO - [2024-02-14T09:52:40.897+0000] {dag.py:3036} INFO - Sync 1 DAGs
[2024-02-14T09:52:40.908+0000] {logging_mixin.py:188} INFO - [2024-02-14T09:52:40.908+0000] {dag.py:3823} INFO - Setting next_dagrun for latest_only_with_trigger to 2024-02-14 04:00:00+00:00, run_after=2024-02-14 08:00:00+00:00
[2024-02-14T09:52:40.919+0000] {processor.py:183} INFO - Processing /home/airflow/.local/lib/python3.8/site-packages/airflow/example_dags/example_latest_only_with_trigger.py took 0.047 seconds
[2024-02-14T09:53:36.677+0000] {processor.py:161} INFO - Started process (PID=40) to work on /home/airflow/.local/lib/python3.8/site-packages/airflow/example_dags/example_latest_only_with_trigger.py
[2024-02-14T09:53:36.679+0000] {processor.py:830} INFO - Processing file /home/airflow/.local/lib/python3.8/site-packages/airflow/example_dags/example_latest_only_with_trigger.py for tasks to queue
[2024-02-14T09:53:36.683+0000] {logging_mixin.py:188} INFO - [2024-02-14T09:53:36.683+0000] {dagbag.py:538} INFO - Filling up the DagBag from /home/airflow/.local/lib/python3.8/site-packages/airflow/example_dags/example_latest_only_with_trigger.py
[2024-02-14T09:53:36.692+0000] {processor.py:840} INFO - DAG(s) 'latest_only_with_trigger' retrieved from /home/airflow/.local/lib/python3.8/site-packages/airflow/example_dags/example_latest_only_with_trigger.py
[2024-02-14T09:53:36.707+0000] {logging_mixin.py:188} INFO - [2024-02-14T09:53:36.706+0000] {dag.py:3036} INFO - Sync 1 DAGs
[2024-02-14T09:53:36.744+0000] {logging_mixin.py:188} INFO - [2024-02-14T09:53:36.744+0000] {dag.py:3823} INFO - Setting next_dagrun for latest_only_with_trigger to 2024-02-14 04:00:00+00:00, run_after=2024-02-14 08:00:00+00:00
[2024-02-14T09:53:36.761+0000] {processor.py:183} INFO - Processing /home/airflow/.local/lib/python3.8/site-packages/airflow/example_dags/example_latest_only_with_trigger.py took 0.089 seconds
[2024-02-14T09:54:07.308+0000] {processor.py:161} INFO - Started process (PID=96) to work on /home/airflow/.local/lib/python3.8/site-packages/airflow/example_dags/example_latest_only_with_trigger.py
[2024-02-14T09:54:07.310+0000] {processor.py:830} INFO - Processing file /home/airflow/.local/lib/python3.8/site-packages/airflow/example_dags/example_latest_only_with_trigger.py for tasks to queue
[2024-02-14T09:54:07.313+0000] {logging_mixin.py:188} INFO - [2024-02-14T09:54:07.312+0000] {dagbag.py:538} INFO - Filling up the DagBag from /home/airflow/.local/lib/python3.8/site-packages/airflow/example_dags/example_latest_only_with_trigger.py
[2024-02-14T09:54:07.318+0000] {processor.py:840} INFO - DAG(s) 'latest_only_with_trigger' retrieved from /home/airflow/.local/lib/python3.8/site-packages/airflow/example_dags/example_latest_only_with_trigger.py
[2024-02-14T09:54:07.392+0000] {logging_mixin.py:188} INFO - [2024-02-14T09:54:07.392+0000] {dag.py:3036} INFO - Sync 1 DAGs
[2024-02-14T09:54:07.404+0000] {logging_mixin.py:188} INFO - [2024-02-14T09:54:07.404+0000] {dag.py:3823} INFO - Setting next_dagrun for latest_only_with_trigger to 2024-02-14 04:00:00+00:00, run_after=2024-02-14 08:00:00+00:00
[2024-02-14T09:54:07.418+0000] {processor.py:183} INFO - Processing /home/airflow/.local/lib/python3.8/site-packages/airflow/example_dags/example_latest_only_with_trigger.py took 0.113 seconds
[2024-02-14T09:54:37.563+0000] {processor.py:161} INFO - Started process (PID=153) to work on /home/airflow/.local/lib/python3.8/site-packages/airflow/example_dags/example_latest_only_with_trigger.py
[2024-02-14T09:54:37.564+0000] {processor.py:830} INFO - Processing file /home/airflow/.local/lib/python3.8/site-packages/airflow/example_dags/example_latest_only_with_trigger.py for tasks to queue
[2024-02-14T09:54:37.567+0000] {logging_mixin.py:188} INFO - [2024-02-14T09:54:37.567+0000] {dagbag.py:538} INFO - Filling up the DagBag from /home/airflow/.local/lib/python3.8/site-packages/airflow/example_dags/example_latest_only_with_trigger.py
[2024-02-14T09:54:37.572+0000] {processor.py:840} INFO - DAG(s) 'latest_only_with_trigger' retrieved from /home/airflow/.local/lib/python3.8/site-packages/airflow/example_dags/example_latest_only_with_trigger.py
[2024-02-14T09:54:37.595+0000] {logging_mixin.py:188} INFO - [2024-02-14T09:54:37.595+0000] {dag.py:3036} INFO - Sync 1 DAGs
[2024-02-14T09:54:37.615+0000] {logging_mixin.py:188} INFO - [2024-02-14T09:54:37.615+0000] {dag.py:3823} INFO - Setting next_dagrun for latest_only_with_trigger to 2024-02-14 04:00:00+00:00, run_after=2024-02-14 08:00:00+00:00
[2024-02-14T09:54:37.632+0000] {processor.py:183} INFO - Processing /home/airflow/.local/lib/python3.8/site-packages/airflow/example_dags/example_latest_only_with_trigger.py took 0.074 seconds
[2024-02-14T09:55:48.044+0000] {processor.py:161} INFO - Started process (PID=37) to work on /home/airflow/.local/lib/python3.8/site-packages/airflow/example_dags/example_latest_only_with_trigger.py
[2024-02-14T09:55:48.048+0000] {processor.py:830} INFO - Processing file /home/airflow/.local/lib/python3.8/site-packages/airflow/example_dags/example_latest_only_with_trigger.py for tasks to queue
[2024-02-14T09:55:48.051+0000] {logging_mixin.py:188} INFO - [2024-02-14T09:55:48.051+0000] {dagbag.py:538} INFO - Filling up the DagBag from /home/airflow/.local/lib/python3.8/site-packages/airflow/example_dags/example_latest_only_with_trigger.py
[2024-02-14T09:55:48.074+0000] {processor.py:840} INFO - DAG(s) 'latest_only_with_trigger' retrieved from /home/airflow/.local/lib/python3.8/site-packages/airflow/example_dags/example_latest_only_with_trigger.py
[2024-02-14T09:55:48.089+0000] {logging_mixin.py:188} INFO - [2024-02-14T09:55:48.089+0000] {dag.py:3036} INFO - Sync 1 DAGs
[2024-02-14T09:55:48.108+0000] {logging_mixin.py:188} INFO - [2024-02-14T09:55:48.108+0000] {dag.py:3823} INFO - Setting next_dagrun for latest_only_with_trigger to 2024-02-14 04:00:00+00:00, run_after=2024-02-14 08:00:00+00:00
[2024-02-14T09:55:48.132+0000] {processor.py:183} INFO - Processing /home/airflow/.local/lib/python3.8/site-packages/airflow/example_dags/example_latest_only_with_trigger.py took 0.093 seconds
[2024-02-14T09:56:18.491+0000] {processor.py:161} INFO - Started process (PID=99) to work on /home/airflow/.local/lib/python3.8/site-packages/airflow/example_dags/example_latest_only_with_trigger.py
[2024-02-14T09:56:18.493+0000] {processor.py:830} INFO - Processing file /home/airflow/.local/lib/python3.8/site-packages/airflow/example_dags/example_latest_only_with_trigger.py for tasks to queue
[2024-02-14T09:56:18.495+0000] {logging_mixin.py:188} INFO - [2024-02-14T09:56:18.495+0000] {dagbag.py:538} INFO - Filling up the DagBag from /home/airflow/.local/lib/python3.8/site-packages/airflow/example_dags/example_latest_only_with_trigger.py
[2024-02-14T09:56:18.499+0000] {processor.py:840} INFO - DAG(s) 'latest_only_with_trigger' retrieved from /home/airflow/.local/lib/python3.8/site-packages/airflow/example_dags/example_latest_only_with_trigger.py
[2024-02-14T09:56:18.563+0000] {logging_mixin.py:188} INFO - [2024-02-14T09:56:18.563+0000] {dag.py:3036} INFO - Sync 1 DAGs
[2024-02-14T09:56:18.577+0000] {logging_mixin.py:188} INFO - [2024-02-14T09:56:18.577+0000] {dag.py:3823} INFO - Setting next_dagrun for latest_only_with_trigger to 2024-02-14 04:00:00+00:00, run_after=2024-02-14 08:00:00+00:00
[2024-02-14T09:56:18.591+0000] {processor.py:183} INFO - Processing /home/airflow/.local/lib/python3.8/site-packages/airflow/example_dags/example_latest_only_with_trigger.py took 0.103 seconds
[2024-02-14T09:56:48.725+0000] {processor.py:161} INFO - Started process (PID=156) to work on /home/airflow/.local/lib/python3.8/site-packages/airflow/example_dags/example_latest_only_with_trigger.py
[2024-02-14T09:56:48.726+0000] {processor.py:830} INFO - Processing file /home/airflow/.local/lib/python3.8/site-packages/airflow/example_dags/example_latest_only_with_trigger.py for tasks to queue
[2024-02-14T09:56:48.728+0000] {logging_mixin.py:188} INFO - [2024-02-14T09:56:48.728+0000] {dagbag.py:538} INFO - Filling up the DagBag from /home/airflow/.local/lib/python3.8/site-packages/airflow/example_dags/example_latest_only_with_trigger.py
[2024-02-14T09:56:48.733+0000] {processor.py:840} INFO - DAG(s) 'latest_only_with_trigger' retrieved from /home/airflow/.local/lib/python3.8/site-packages/airflow/example_dags/example_latest_only_with_trigger.py
[2024-02-14T09:56:48.747+0000] {logging_mixin.py:188} INFO - [2024-02-14T09:56:48.747+0000] {dag.py:3036} INFO - Sync 1 DAGs
[2024-02-14T09:56:48.760+0000] {logging_mixin.py:188} INFO - [2024-02-14T09:56:48.760+0000] {dag.py:3823} INFO - Setting next_dagrun for latest_only_with_trigger to 2024-02-14 04:00:00+00:00, run_after=2024-02-14 08:00:00+00:00
[2024-02-14T09:56:48.773+0000] {processor.py:183} INFO - Processing /home/airflow/.local/lib/python3.8/site-packages/airflow/example_dags/example_latest_only_with_trigger.py took 0.051 seconds
[2024-02-14T09:57:19.171+0000] {processor.py:161} INFO - Started process (PID=213) to work on /home/airflow/.local/lib/python3.8/site-packages/airflow/example_dags/example_latest_only_with_trigger.py
[2024-02-14T09:57:19.173+0000] {processor.py:830} INFO - Processing file /home/airflow/.local/lib/python3.8/site-packages/airflow/example_dags/example_latest_only_with_trigger.py for tasks to queue
[2024-02-14T09:57:19.175+0000] {logging_mixin.py:188} INFO - [2024-02-14T09:57:19.175+0000] {dagbag.py:538} INFO - Filling up the DagBag from /home/airflow/.local/lib/python3.8/site-packages/airflow/example_dags/example_latest_only_with_trigger.py
[2024-02-14T09:57:19.180+0000] {processor.py:840} INFO - DAG(s) 'latest_only_with_trigger' retrieved from /home/airflow/.local/lib/python3.8/site-packages/airflow/example_dags/example_latest_only_with_trigger.py
[2024-02-14T09:57:19.198+0000] {logging_mixin.py:188} INFO - [2024-02-14T09:57:19.198+0000] {dag.py:3036} INFO - Sync 1 DAGs
[2024-02-14T09:57:19.213+0000] {logging_mixin.py:188} INFO - [2024-02-14T09:57:19.213+0000] {dag.py:3823} INFO - Setting next_dagrun for latest_only_with_trigger to 2024-02-14 04:00:00+00:00, run_after=2024-02-14 08:00:00+00:00
[2024-02-14T09:57:19.224+0000] {processor.py:183} INFO - Processing /home/airflow/.local/lib/python3.8/site-packages/airflow/example_dags/example_latest_only_with_trigger.py took 0.055 seconds
[2024-02-14T09:57:49.757+0000] {processor.py:161} INFO - Started process (PID=271) to work on /home/airflow/.local/lib/python3.8/site-packages/airflow/example_dags/example_latest_only_with_trigger.py
[2024-02-14T09:57:49.759+0000] {processor.py:830} INFO - Processing file /home/airflow/.local/lib/python3.8/site-packages/airflow/example_dags/example_latest_only_with_trigger.py for tasks to queue
[2024-02-14T09:57:49.761+0000] {logging_mixin.py:188} INFO - [2024-02-14T09:57:49.761+0000] {dagbag.py:538} INFO - Filling up the DagBag from /home/airflow/.local/lib/python3.8/site-packages/airflow/example_dags/example_latest_only_with_trigger.py
[2024-02-14T09:57:49.767+0000] {processor.py:840} INFO - DAG(s) 'latest_only_with_trigger' retrieved from /home/airflow/.local/lib/python3.8/site-packages/airflow/example_dags/example_latest_only_with_trigger.py
[2024-02-14T09:57:49.789+0000] {logging_mixin.py:188} INFO - [2024-02-14T09:57:49.788+0000] {dag.py:3036} INFO - Sync 1 DAGs
[2024-02-14T09:57:49.807+0000] {logging_mixin.py:188} INFO - [2024-02-14T09:57:49.807+0000] {dag.py:3823} INFO - Setting next_dagrun for latest_only_with_trigger to 2024-02-14 04:00:00+00:00, run_after=2024-02-14 08:00:00+00:00
[2024-02-14T09:57:49.821+0000] {processor.py:183} INFO - Processing /home/airflow/.local/lib/python3.8/site-packages/airflow/example_dags/example_latest_only_with_trigger.py took 0.067 seconds
[2024-02-14T09:58:20.302+0000] {processor.py:161} INFO - Started process (PID=328) to work on /home/airflow/.local/lib/python3.8/site-packages/airflow/example_dags/example_latest_only_with_trigger.py
[2024-02-14T09:58:20.304+0000] {processor.py:830} INFO - Processing file /home/airflow/.local/lib/python3.8/site-packages/airflow/example_dags/example_latest_only_with_trigger.py for tasks to queue
[2024-02-14T09:58:20.308+0000] {logging_mixin.py:188} INFO - [2024-02-14T09:58:20.308+0000] {dagbag.py:538} INFO - Filling up the DagBag from /home/airflow/.local/lib/python3.8/site-packages/airflow/example_dags/example_latest_only_with_trigger.py
[2024-02-14T09:58:20.315+0000] {processor.py:840} INFO - DAG(s) 'latest_only_with_trigger' retrieved from /home/airflow/.local/lib/python3.8/site-packages/airflow/example_dags/example_latest_only_with_trigger.py
[2024-02-14T09:58:20.331+0000] {logging_mixin.py:188} INFO - [2024-02-14T09:58:20.331+0000] {dag.py:3036} INFO - Sync 1 DAGs
[2024-02-14T09:58:20.344+0000] {logging_mixin.py:188} INFO - [2024-02-14T09:58:20.344+0000] {dag.py:3823} INFO - Setting next_dagrun for latest_only_with_trigger to 2024-02-14 04:00:00+00:00, run_after=2024-02-14 08:00:00+00:00
[2024-02-14T09:58:20.356+0000] {processor.py:183} INFO - Processing /home/airflow/.local/lib/python3.8/site-packages/airflow/example_dags/example_latest_only_with_trigger.py took 0.057 seconds
[2024-02-14T09:58:50.962+0000] {processor.py:161} INFO - Started process (PID=387) to work on /home/airflow/.local/lib/python3.8/site-packages/airflow/example_dags/example_latest_only_with_trigger.py
[2024-02-14T09:58:50.964+0000] {processor.py:830} INFO - Processing file /home/airflow/.local/lib/python3.8/site-packages/airflow/example_dags/example_latest_only_with_trigger.py for tasks to queue
[2024-02-14T09:58:50.966+0000] {logging_mixin.py:188} INFO - [2024-02-14T09:58:50.966+0000] {dagbag.py:538} INFO - Filling up the DagBag from /home/airflow/.local/lib/python3.8/site-packages/airflow/example_dags/example_latest_only_with_trigger.py
[2024-02-14T09:58:50.972+0000] {processor.py:840} INFO - DAG(s) 'latest_only_with_trigger' retrieved from /home/airflow/.local/lib/python3.8/site-packages/airflow/example_dags/example_latest_only_with_trigger.py
[2024-02-14T09:58:50.994+0000] {logging_mixin.py:188} INFO - [2024-02-14T09:58:50.994+0000] {dag.py:3036} INFO - Sync 1 DAGs
[2024-02-14T09:58:51.012+0000] {logging_mixin.py:188} INFO - [2024-02-14T09:58:51.012+0000] {dag.py:3823} INFO - Setting next_dagrun for latest_only_with_trigger to 2024-02-14 04:00:00+00:00, run_after=2024-02-14 08:00:00+00:00
[2024-02-14T09:58:51.026+0000] {processor.py:183} INFO - Processing /home/airflow/.local/lib/python3.8/site-packages/airflow/example_dags/example_latest_only_with_trigger.py took 0.068 seconds
[2024-02-14T09:59:21.491+0000] {processor.py:161} INFO - Started process (PID=444) to work on /home/airflow/.local/lib/python3.8/site-packages/airflow/example_dags/example_latest_only_with_trigger.py
[2024-02-14T09:59:21.493+0000] {processor.py:830} INFO - Processing file /home/airflow/.local/lib/python3.8/site-packages/airflow/example_dags/example_latest_only_with_trigger.py for tasks to queue
[2024-02-14T09:59:21.495+0000] {logging_mixin.py:188} INFO - [2024-02-14T09:59:21.495+0000] {dagbag.py:538} INFO - Filling up the DagBag from /home/airflow/.local/lib/python3.8/site-packages/airflow/example_dags/example_latest_only_with_trigger.py
[2024-02-14T09:59:21.500+0000] {processor.py:840} INFO - DAG(s) 'latest_only_with_trigger' retrieved from /home/airflow/.local/lib/python3.8/site-packages/airflow/example_dags/example_latest_only_with_trigger.py
[2024-02-14T09:59:21.517+0000] {logging_mixin.py:188} INFO - [2024-02-14T09:59:21.517+0000] {dag.py:3036} INFO - Sync 1 DAGs
[2024-02-14T09:59:21.530+0000] {logging_mixin.py:188} INFO - [2024-02-14T09:59:21.530+0000] {dag.py:3823} INFO - Setting next_dagrun for latest_only_with_trigger to 2024-02-14 04:00:00+00:00, run_after=2024-02-14 08:00:00+00:00
[2024-02-14T09:59:21.542+0000] {processor.py:183} INFO - Processing /home/airflow/.local/lib/python3.8/site-packages/airflow/example_dags/example_latest_only_with_trigger.py took 0.053 seconds
[2024-02-14T09:59:52.132+0000] {processor.py:161} INFO - Started process (PID=500) to work on /home/airflow/.local/lib/python3.8/site-packages/airflow/example_dags/example_latest_only_with_trigger.py
[2024-02-14T09:59:52.134+0000] {processor.py:830} INFO - Processing file /home/airflow/.local/lib/python3.8/site-packages/airflow/example_dags/example_latest_only_with_trigger.py for tasks to queue
[2024-02-14T09:59:52.136+0000] {logging_mixin.py:188} INFO - [2024-02-14T09:59:52.136+0000] {dagbag.py:538} INFO - Filling up the DagBag from /home/airflow/.local/lib/python3.8/site-packages/airflow/example_dags/example_latest_only_with_trigger.py
[2024-02-14T09:59:52.141+0000] {processor.py:840} INFO - DAG(s) 'latest_only_with_trigger' retrieved from /home/airflow/.local/lib/python3.8/site-packages/airflow/example_dags/example_latest_only_with_trigger.py
[2024-02-14T09:59:52.157+0000] {logging_mixin.py:188} INFO - [2024-02-14T09:59:52.157+0000] {dag.py:3036} INFO - Sync 1 DAGs
[2024-02-14T09:59:52.183+0000] {logging_mixin.py:188} INFO - [2024-02-14T09:59:52.183+0000] {dag.py:3823} INFO - Setting next_dagrun for latest_only_with_trigger to 2024-02-14 04:00:00+00:00, run_after=2024-02-14 08:00:00+00:00
[2024-02-14T09:59:52.206+0000] {processor.py:183} INFO - Processing /home/airflow/.local/lib/python3.8/site-packages/airflow/example_dags/example_latest_only_with_trigger.py took 0.076 seconds
[2024-02-14T10:00:22.470+0000] {processor.py:161} INFO - Started process (PID=557) to work on /home/airflow/.local/lib/python3.8/site-packages/airflow/example_dags/example_latest_only_with_trigger.py
[2024-02-14T10:00:22.472+0000] {processor.py:830} INFO - Processing file /home/airflow/.local/lib/python3.8/site-packages/airflow/example_dags/example_latest_only_with_trigger.py for tasks to queue
[2024-02-14T10:00:22.474+0000] {logging_mixin.py:188} INFO - [2024-02-14T10:00:22.474+0000] {dagbag.py:538} INFO - Filling up the DagBag from /home/airflow/.local/lib/python3.8/site-packages/airflow/example_dags/example_latest_only_with_trigger.py
[2024-02-14T10:00:22.480+0000] {processor.py:840} INFO - DAG(s) 'latest_only_with_trigger' retrieved from /home/airflow/.local/lib/python3.8/site-packages/airflow/example_dags/example_latest_only_with_trigger.py
[2024-02-14T10:00:22.497+0000] {logging_mixin.py:188} INFO - [2024-02-14T10:00:22.497+0000] {dag.py:3036} INFO - Sync 1 DAGs
[2024-02-14T10:00:22.514+0000] {logging_mixin.py:188} INFO - [2024-02-14T10:00:22.514+0000] {dag.py:3823} INFO - Setting next_dagrun for latest_only_with_trigger to 2024-02-14 04:00:00+00:00, run_after=2024-02-14 08:00:00+00:00
[2024-02-14T10:00:22.530+0000] {processor.py:183} INFO - Processing /home/airflow/.local/lib/python3.8/site-packages/airflow/example_dags/example_latest_only_with_trigger.py took 0.063 seconds
[2024-02-14T10:00:53.246+0000] {processor.py:161} INFO - Started process (PID=614) to work on /home/airflow/.local/lib/python3.8/site-packages/airflow/example_dags/example_latest_only_with_trigger.py
[2024-02-14T10:00:53.249+0000] {processor.py:830} INFO - Processing file /home/airflow/.local/lib/python3.8/site-packages/airflow/example_dags/example_latest_only_with_trigger.py for tasks to queue
[2024-02-14T10:00:53.254+0000] {logging_mixin.py:188} INFO - [2024-02-14T10:00:53.254+0000] {dagbag.py:538} INFO - Filling up the DagBag from /home/airflow/.local/lib/python3.8/site-packages/airflow/example_dags/example_latest_only_with_trigger.py
[2024-02-14T10:00:53.270+0000] {processor.py:840} INFO - DAG(s) 'latest_only_with_trigger' retrieved from /home/airflow/.local/lib/python3.8/site-packages/airflow/example_dags/example_latest_only_with_trigger.py
[2024-02-14T10:00:53.301+0000] {logging_mixin.py:188} INFO - [2024-02-14T10:00:53.301+0000] {dag.py:3036} INFO - Sync 1 DAGs
[2024-02-14T10:00:53.328+0000] {logging_mixin.py:188} INFO - [2024-02-14T10:00:53.327+0000] {dag.py:3823} INFO - Setting next_dagrun for latest_only_with_trigger to 2024-02-14 04:00:00+00:00, run_after=2024-02-14 08:00:00+00:00
[2024-02-14T10:00:53.353+0000] {processor.py:183} INFO - Processing /home/airflow/.local/lib/python3.8/site-packages/airflow/example_dags/example_latest_only_with_trigger.py took 0.111 seconds
[2024-02-14T10:01:23.768+0000] {processor.py:161} INFO - Started process (PID=670) to work on /home/airflow/.local/lib/python3.8/site-packages/airflow/example_dags/example_latest_only_with_trigger.py
[2024-02-14T10:01:23.770+0000] {processor.py:830} INFO - Processing file /home/airflow/.local/lib/python3.8/site-packages/airflow/example_dags/example_latest_only_with_trigger.py for tasks to queue
[2024-02-14T10:01:23.773+0000] {logging_mixin.py:188} INFO - [2024-02-14T10:01:23.772+0000] {dagbag.py:538} INFO - Filling up the DagBag from /home/airflow/.local/lib/python3.8/site-packages/airflow/example_dags/example_latest_only_with_trigger.py
[2024-02-14T10:01:23.777+0000] {processor.py:840} INFO - DAG(s) 'latest_only_with_trigger' retrieved from /home/airflow/.local/lib/python3.8/site-packages/airflow/example_dags/example_latest_only_with_trigger.py
[2024-02-14T10:01:23.795+0000] {logging_mixin.py:188} INFO - [2024-02-14T10:01:23.795+0000] {dag.py:3036} INFO - Sync 1 DAGs
[2024-02-14T10:01:23.809+0000] {logging_mixin.py:188} INFO - [2024-02-14T10:01:23.809+0000] {dag.py:3823} INFO - Setting next_dagrun for latest_only_with_trigger to 2024-02-14 04:00:00+00:00, run_after=2024-02-14 08:00:00+00:00
[2024-02-14T10:01:23.820+0000] {processor.py:183} INFO - Processing /home/airflow/.local/lib/python3.8/site-packages/airflow/example_dags/example_latest_only_with_trigger.py took 0.054 seconds
[2024-02-14T10:01:53.999+0000] {processor.py:161} INFO - Started process (PID=727) to work on /home/airflow/.local/lib/python3.8/site-packages/airflow/example_dags/example_latest_only_with_trigger.py
[2024-02-14T10:01:54.001+0000] {processor.py:830} INFO - Processing file /home/airflow/.local/lib/python3.8/site-packages/airflow/example_dags/example_latest_only_with_trigger.py for tasks to queue
[2024-02-14T10:01:54.003+0000] {logging_mixin.py:188} INFO - [2024-02-14T10:01:54.002+0000] {dagbag.py:538} INFO - Filling up the DagBag from /home/airflow/.local/lib/python3.8/site-packages/airflow/example_dags/example_latest_only_with_trigger.py
[2024-02-14T10:01:54.007+0000] {processor.py:840} INFO - DAG(s) 'latest_only_with_trigger' retrieved from /home/airflow/.local/lib/python3.8/site-packages/airflow/example_dags/example_latest_only_with_trigger.py
[2024-02-14T10:01:54.022+0000] {logging_mixin.py:188} INFO - [2024-02-14T10:01:54.022+0000] {dag.py:3036} INFO - Sync 1 DAGs
[2024-02-14T10:01:54.035+0000] {logging_mixin.py:188} INFO - [2024-02-14T10:01:54.035+0000] {dag.py:3823} INFO - Setting next_dagrun for latest_only_with_trigger to 2024-02-14 04:00:00+00:00, run_after=2024-02-14 08:00:00+00:00
[2024-02-14T10:01:54.048+0000] {processor.py:183} INFO - Processing /home/airflow/.local/lib/python3.8/site-packages/airflow/example_dags/example_latest_only_with_trigger.py took 0.052 seconds
[2024-02-14T10:02:25.187+0000] {processor.py:161} INFO - Started process (PID=784) to work on /home/airflow/.local/lib/python3.8/site-packages/airflow/example_dags/example_latest_only_with_trigger.py
[2024-02-14T10:02:25.191+0000] {processor.py:830} INFO - Processing file /home/airflow/.local/lib/python3.8/site-packages/airflow/example_dags/example_latest_only_with_trigger.py for tasks to queue
[2024-02-14T10:02:25.195+0000] {logging_mixin.py:188} INFO - [2024-02-14T10:02:25.195+0000] {dagbag.py:538} INFO - Filling up the DagBag from /home/airflow/.local/lib/python3.8/site-packages/airflow/example_dags/example_latest_only_with_trigger.py
[2024-02-14T10:02:25.205+0000] {processor.py:840} INFO - DAG(s) 'latest_only_with_trigger' retrieved from /home/airflow/.local/lib/python3.8/site-packages/airflow/example_dags/example_latest_only_with_trigger.py
[2024-02-14T10:02:25.240+0000] {logging_mixin.py:188} INFO - [2024-02-14T10:02:25.240+0000] {dag.py:3036} INFO - Sync 1 DAGs
[2024-02-14T10:02:25.265+0000] {logging_mixin.py:188} INFO - [2024-02-14T10:02:25.265+0000] {dag.py:3823} INFO - Setting next_dagrun for latest_only_with_trigger to 2024-02-14 04:00:00+00:00, run_after=2024-02-14 08:00:00+00:00
[2024-02-14T10:02:25.301+0000] {processor.py:183} INFO - Processing /home/airflow/.local/lib/python3.8/site-packages/airflow/example_dags/example_latest_only_with_trigger.py took 0.119 seconds
[2024-02-14T10:02:55.411+0000] {processor.py:161} INFO - Started process (PID=843) to work on /home/airflow/.local/lib/python3.8/site-packages/airflow/example_dags/example_latest_only_with_trigger.py
[2024-02-14T10:02:55.413+0000] {processor.py:830} INFO - Processing file /home/airflow/.local/lib/python3.8/site-packages/airflow/example_dags/example_latest_only_with_trigger.py for tasks to queue
[2024-02-14T10:02:55.415+0000] {logging_mixin.py:188} INFO - [2024-02-14T10:02:55.415+0000] {dagbag.py:538} INFO - Filling up the DagBag from /home/airflow/.local/lib/python3.8/site-packages/airflow/example_dags/example_latest_only_with_trigger.py
[2024-02-14T10:02:55.421+0000] {processor.py:840} INFO - DAG(s) 'latest_only_with_trigger' retrieved from /home/airflow/.local/lib/python3.8/site-packages/airflow/example_dags/example_latest_only_with_trigger.py
[2024-02-14T10:02:55.436+0000] {logging_mixin.py:188} INFO - [2024-02-14T10:02:55.436+0000] {dag.py:3036} INFO - Sync 1 DAGs
[2024-02-14T10:02:55.450+0000] {logging_mixin.py:188} INFO - [2024-02-14T10:02:55.450+0000] {dag.py:3823} INFO - Setting next_dagrun for latest_only_with_trigger to 2024-02-14 04:00:00+00:00, run_after=2024-02-14 08:00:00+00:00
[2024-02-14T10:02:55.463+0000] {processor.py:183} INFO - Processing /home/airflow/.local/lib/python3.8/site-packages/airflow/example_dags/example_latest_only_with_trigger.py took 0.054 seconds
