[2024-02-14T09:34:19.321+0000] {processor.py:161} INFO - Started process (PID=62) to work on /home/airflow/.local/lib/python3.8/site-packages/airflow/example_dags/example_short_circuit_operator.py
[2024-02-14T09:34:19.324+0000] {processor.py:830} INFO - Processing file /home/airflow/.local/lib/python3.8/site-packages/airflow/example_dags/example_short_circuit_operator.py for tasks to queue
[2024-02-14T09:34:19.346+0000] {logging_mixin.py:188} INFO - [2024-02-14T09:34:19.346+0000] {dagbag.py:538} INFO - Filling up the DagBag from /home/airflow/.local/lib/python3.8/site-packages/airflow/example_dags/example_short_circuit_operator.py
[2024-02-14T09:34:19.365+0000] {processor.py:840} INFO - DAG(s) 'example_short_circuit_operator' retrieved from /home/airflow/.local/lib/python3.8/site-packages/airflow/example_dags/example_short_circuit_operator.py
[2024-02-14T09:34:19.394+0000] {logging_mixin.py:188} INFO - [2024-02-14T09:34:19.394+0000] {dag.py:3036} INFO - Sync 1 DAGs
[2024-02-14T09:34:19.434+0000] {logging_mixin.py:188} INFO - [2024-02-14T09:34:19.434+0000] {dag.py:3823} INFO - Setting next_dagrun for example_short_circuit_operator to 2024-02-13 00:00:00+00:00, run_after=2024-02-14 00:00:00+00:00
[2024-02-14T09:34:19.460+0000] {processor.py:183} INFO - Processing /home/airflow/.local/lib/python3.8/site-packages/airflow/example_dags/example_short_circuit_operator.py took 0.144 seconds
[2024-02-14T09:34:49.755+0000] {processor.py:161} INFO - Started process (PID=119) to work on /home/airflow/.local/lib/python3.8/site-packages/airflow/example_dags/example_short_circuit_operator.py
[2024-02-14T09:34:49.757+0000] {processor.py:830} INFO - Processing file /home/airflow/.local/lib/python3.8/site-packages/airflow/example_dags/example_short_circuit_operator.py for tasks to queue
[2024-02-14T09:34:49.759+0000] {logging_mixin.py:188} INFO - [2024-02-14T09:34:49.758+0000] {dagbag.py:538} INFO - Filling up the DagBag from /home/airflow/.local/lib/python3.8/site-packages/airflow/example_dags/example_short_circuit_operator.py
[2024-02-14T09:34:49.765+0000] {processor.py:840} INFO - DAG(s) 'example_short_circuit_operator' retrieved from /home/airflow/.local/lib/python3.8/site-packages/airflow/example_dags/example_short_circuit_operator.py
[2024-02-14T09:34:49.834+0000] {logging_mixin.py:188} INFO - [2024-02-14T09:34:49.833+0000] {dag.py:3036} INFO - Sync 1 DAGs
[2024-02-14T09:34:49.845+0000] {logging_mixin.py:188} INFO - [2024-02-14T09:34:49.845+0000] {dag.py:3823} INFO - Setting next_dagrun for example_short_circuit_operator to 2024-02-13 00:00:00+00:00, run_after=2024-02-14 00:00:00+00:00
[2024-02-14T09:34:49.857+0000] {processor.py:183} INFO - Processing /home/airflow/.local/lib/python3.8/site-packages/airflow/example_dags/example_short_circuit_operator.py took 0.104 seconds
[2024-02-14T09:35:20.091+0000] {processor.py:161} INFO - Started process (PID=177) to work on /home/airflow/.local/lib/python3.8/site-packages/airflow/example_dags/example_short_circuit_operator.py
[2024-02-14T09:35:20.093+0000] {processor.py:830} INFO - Processing file /home/airflow/.local/lib/python3.8/site-packages/airflow/example_dags/example_short_circuit_operator.py for tasks to queue
[2024-02-14T09:35:20.095+0000] {logging_mixin.py:188} INFO - [2024-02-14T09:35:20.094+0000] {dagbag.py:538} INFO - Filling up the DagBag from /home/airflow/.local/lib/python3.8/site-packages/airflow/example_dags/example_short_circuit_operator.py
[2024-02-14T09:35:20.100+0000] {processor.py:840} INFO - DAG(s) 'example_short_circuit_operator' retrieved from /home/airflow/.local/lib/python3.8/site-packages/airflow/example_dags/example_short_circuit_operator.py
[2024-02-14T09:35:20.116+0000] {logging_mixin.py:188} INFO - [2024-02-14T09:35:20.116+0000] {dag.py:3036} INFO - Sync 1 DAGs
[2024-02-14T09:35:20.141+0000] {logging_mixin.py:188} INFO - [2024-02-14T09:35:20.141+0000] {dag.py:3823} INFO - Setting next_dagrun for example_short_circuit_operator to 2024-02-13 00:00:00+00:00, run_after=2024-02-14 00:00:00+00:00
[2024-02-14T09:35:20.158+0000] {processor.py:183} INFO - Processing /home/airflow/.local/lib/python3.8/site-packages/airflow/example_dags/example_short_circuit_operator.py took 0.069 seconds
[2024-02-14T09:35:50.525+0000] {processor.py:161} INFO - Started process (PID=233) to work on /home/airflow/.local/lib/python3.8/site-packages/airflow/example_dags/example_short_circuit_operator.py
[2024-02-14T09:35:50.527+0000] {processor.py:830} INFO - Processing file /home/airflow/.local/lib/python3.8/site-packages/airflow/example_dags/example_short_circuit_operator.py for tasks to queue
[2024-02-14T09:35:50.529+0000] {logging_mixin.py:188} INFO - [2024-02-14T09:35:50.529+0000] {dagbag.py:538} INFO - Filling up the DagBag from /home/airflow/.local/lib/python3.8/site-packages/airflow/example_dags/example_short_circuit_operator.py
[2024-02-14T09:35:50.535+0000] {processor.py:840} INFO - DAG(s) 'example_short_circuit_operator' retrieved from /home/airflow/.local/lib/python3.8/site-packages/airflow/example_dags/example_short_circuit_operator.py
[2024-02-14T09:35:50.550+0000] {logging_mixin.py:188} INFO - [2024-02-14T09:35:50.550+0000] {dag.py:3036} INFO - Sync 1 DAGs
[2024-02-14T09:35:50.563+0000] {logging_mixin.py:188} INFO - [2024-02-14T09:35:50.563+0000] {dag.py:3823} INFO - Setting next_dagrun for example_short_circuit_operator to 2024-02-13 00:00:00+00:00, run_after=2024-02-14 00:00:00+00:00
[2024-02-14T09:35:50.575+0000] {processor.py:183} INFO - Processing /home/airflow/.local/lib/python3.8/site-packages/airflow/example_dags/example_short_circuit_operator.py took 0.052 seconds
[2024-02-14T09:36:21.356+0000] {processor.py:161} INFO - Started process (PID=288) to work on /home/airflow/.local/lib/python3.8/site-packages/airflow/example_dags/example_short_circuit_operator.py
[2024-02-14T09:36:21.358+0000] {processor.py:830} INFO - Processing file /home/airflow/.local/lib/python3.8/site-packages/airflow/example_dags/example_short_circuit_operator.py for tasks to queue
[2024-02-14T09:36:21.360+0000] {logging_mixin.py:188} INFO - [2024-02-14T09:36:21.360+0000] {dagbag.py:538} INFO - Filling up the DagBag from /home/airflow/.local/lib/python3.8/site-packages/airflow/example_dags/example_short_circuit_operator.py
[2024-02-14T09:36:21.365+0000] {processor.py:840} INFO - DAG(s) 'example_short_circuit_operator' retrieved from /home/airflow/.local/lib/python3.8/site-packages/airflow/example_dags/example_short_circuit_operator.py
[2024-02-14T09:36:21.382+0000] {logging_mixin.py:188} INFO - [2024-02-14T09:36:21.381+0000] {dag.py:3036} INFO - Sync 1 DAGs
[2024-02-14T09:36:21.396+0000] {logging_mixin.py:188} INFO - [2024-02-14T09:36:21.396+0000] {dag.py:3823} INFO - Setting next_dagrun for example_short_circuit_operator to 2024-02-13 00:00:00+00:00, run_after=2024-02-14 00:00:00+00:00
[2024-02-14T09:36:21.411+0000] {processor.py:183} INFO - Processing /home/airflow/.local/lib/python3.8/site-packages/airflow/example_dags/example_short_circuit_operator.py took 0.057 seconds
[2024-02-14T09:36:51.529+0000] {processor.py:161} INFO - Started process (PID=344) to work on /home/airflow/.local/lib/python3.8/site-packages/airflow/example_dags/example_short_circuit_operator.py
[2024-02-14T09:36:51.531+0000] {processor.py:830} INFO - Processing file /home/airflow/.local/lib/python3.8/site-packages/airflow/example_dags/example_short_circuit_operator.py for tasks to queue
[2024-02-14T09:36:51.533+0000] {logging_mixin.py:188} INFO - [2024-02-14T09:36:51.532+0000] {dagbag.py:538} INFO - Filling up the DagBag from /home/airflow/.local/lib/python3.8/site-packages/airflow/example_dags/example_short_circuit_operator.py
[2024-02-14T09:36:51.538+0000] {processor.py:840} INFO - DAG(s) 'example_short_circuit_operator' retrieved from /home/airflow/.local/lib/python3.8/site-packages/airflow/example_dags/example_short_circuit_operator.py
[2024-02-14T09:36:51.565+0000] {logging_mixin.py:188} INFO - [2024-02-14T09:36:51.564+0000] {dag.py:3036} INFO - Sync 1 DAGs
[2024-02-14T09:36:51.582+0000] {logging_mixin.py:188} INFO - [2024-02-14T09:36:51.582+0000] {dag.py:3823} INFO - Setting next_dagrun for example_short_circuit_operator to 2024-02-13 00:00:00+00:00, run_after=2024-02-14 00:00:00+00:00
[2024-02-14T09:36:51.596+0000] {processor.py:183} INFO - Processing /home/airflow/.local/lib/python3.8/site-packages/airflow/example_dags/example_short_circuit_operator.py took 0.069 seconds
[2024-02-14T09:37:22.044+0000] {processor.py:161} INFO - Started process (PID=403) to work on /home/airflow/.local/lib/python3.8/site-packages/airflow/example_dags/example_short_circuit_operator.py
[2024-02-14T09:37:22.045+0000] {processor.py:830} INFO - Processing file /home/airflow/.local/lib/python3.8/site-packages/airflow/example_dags/example_short_circuit_operator.py for tasks to queue
[2024-02-14T09:37:22.047+0000] {logging_mixin.py:188} INFO - [2024-02-14T09:37:22.047+0000] {dagbag.py:538} INFO - Filling up the DagBag from /home/airflow/.local/lib/python3.8/site-packages/airflow/example_dags/example_short_circuit_operator.py
[2024-02-14T09:37:22.052+0000] {processor.py:840} INFO - DAG(s) 'example_short_circuit_operator' retrieved from /home/airflow/.local/lib/python3.8/site-packages/airflow/example_dags/example_short_circuit_operator.py
[2024-02-14T09:37:22.069+0000] {logging_mixin.py:188} INFO - [2024-02-14T09:37:22.068+0000] {dag.py:3036} INFO - Sync 1 DAGs
[2024-02-14T09:37:22.082+0000] {logging_mixin.py:188} INFO - [2024-02-14T09:37:22.082+0000] {dag.py:3823} INFO - Setting next_dagrun for example_short_circuit_operator to 2024-02-13 00:00:00+00:00, run_after=2024-02-14 00:00:00+00:00
[2024-02-14T09:37:22.094+0000] {processor.py:183} INFO - Processing /home/airflow/.local/lib/python3.8/site-packages/airflow/example_dags/example_short_circuit_operator.py took 0.053 seconds
[2024-02-14T09:37:52.267+0000] {processor.py:161} INFO - Started process (PID=459) to work on /home/airflow/.local/lib/python3.8/site-packages/airflow/example_dags/example_short_circuit_operator.py
[2024-02-14T09:37:52.269+0000] {processor.py:830} INFO - Processing file /home/airflow/.local/lib/python3.8/site-packages/airflow/example_dags/example_short_circuit_operator.py for tasks to queue
[2024-02-14T09:37:52.272+0000] {logging_mixin.py:188} INFO - [2024-02-14T09:37:52.271+0000] {dagbag.py:538} INFO - Filling up the DagBag from /home/airflow/.local/lib/python3.8/site-packages/airflow/example_dags/example_short_circuit_operator.py
[2024-02-14T09:37:52.278+0000] {processor.py:840} INFO - DAG(s) 'example_short_circuit_operator' retrieved from /home/airflow/.local/lib/python3.8/site-packages/airflow/example_dags/example_short_circuit_operator.py
[2024-02-14T09:37:52.297+0000] {logging_mixin.py:188} INFO - [2024-02-14T09:37:52.296+0000] {dag.py:3036} INFO - Sync 1 DAGs
[2024-02-14T09:37:52.310+0000] {logging_mixin.py:188} INFO - [2024-02-14T09:37:52.309+0000] {dag.py:3823} INFO - Setting next_dagrun for example_short_circuit_operator to 2024-02-13 00:00:00+00:00, run_after=2024-02-14 00:00:00+00:00
[2024-02-14T09:37:52.322+0000] {processor.py:183} INFO - Processing /home/airflow/.local/lib/python3.8/site-packages/airflow/example_dags/example_short_circuit_operator.py took 0.057 seconds
[2024-02-14T09:38:22.462+0000] {processor.py:161} INFO - Started process (PID=517) to work on /home/airflow/.local/lib/python3.8/site-packages/airflow/example_dags/example_short_circuit_operator.py
[2024-02-14T09:38:22.464+0000] {processor.py:830} INFO - Processing file /home/airflow/.local/lib/python3.8/site-packages/airflow/example_dags/example_short_circuit_operator.py for tasks to queue
[2024-02-14T09:38:22.466+0000] {logging_mixin.py:188} INFO - [2024-02-14T09:38:22.466+0000] {dagbag.py:538} INFO - Filling up the DagBag from /home/airflow/.local/lib/python3.8/site-packages/airflow/example_dags/example_short_circuit_operator.py
[2024-02-14T09:38:22.474+0000] {processor.py:840} INFO - DAG(s) 'example_short_circuit_operator' retrieved from /home/airflow/.local/lib/python3.8/site-packages/airflow/example_dags/example_short_circuit_operator.py
[2024-02-14T09:38:22.490+0000] {logging_mixin.py:188} INFO - [2024-02-14T09:38:22.490+0000] {dag.py:3036} INFO - Sync 1 DAGs
[2024-02-14T09:38:22.503+0000] {logging_mixin.py:188} INFO - [2024-02-14T09:38:22.503+0000] {dag.py:3823} INFO - Setting next_dagrun for example_short_circuit_operator to 2024-02-13 00:00:00+00:00, run_after=2024-02-14 00:00:00+00:00
[2024-02-14T09:38:22.515+0000] {processor.py:183} INFO - Processing /home/airflow/.local/lib/python3.8/site-packages/airflow/example_dags/example_short_circuit_operator.py took 0.056 seconds
[2024-02-14T09:38:53.244+0000] {processor.py:161} INFO - Started process (PID=574) to work on /home/airflow/.local/lib/python3.8/site-packages/airflow/example_dags/example_short_circuit_operator.py
[2024-02-14T09:38:53.246+0000] {processor.py:830} INFO - Processing file /home/airflow/.local/lib/python3.8/site-packages/airflow/example_dags/example_short_circuit_operator.py for tasks to queue
[2024-02-14T09:38:53.249+0000] {logging_mixin.py:188} INFO - [2024-02-14T09:38:53.249+0000] {dagbag.py:538} INFO - Filling up the DagBag from /home/airflow/.local/lib/python3.8/site-packages/airflow/example_dags/example_short_circuit_operator.py
[2024-02-14T09:38:53.255+0000] {processor.py:840} INFO - DAG(s) 'example_short_circuit_operator' retrieved from /home/airflow/.local/lib/python3.8/site-packages/airflow/example_dags/example_short_circuit_operator.py
[2024-02-14T09:38:53.275+0000] {logging_mixin.py:188} INFO - [2024-02-14T09:38:53.275+0000] {dag.py:3036} INFO - Sync 1 DAGs
[2024-02-14T09:38:53.297+0000] {logging_mixin.py:188} INFO - [2024-02-14T09:38:53.297+0000] {dag.py:3823} INFO - Setting next_dagrun for example_short_circuit_operator to 2024-02-13 00:00:00+00:00, run_after=2024-02-14 00:00:00+00:00
[2024-02-14T09:38:53.313+0000] {processor.py:183} INFO - Processing /home/airflow/.local/lib/python3.8/site-packages/airflow/example_dags/example_short_circuit_operator.py took 0.073 seconds
[2024-02-14T09:43:48.938+0000] {processor.py:161} INFO - Started process (PID=58) to work on /home/airflow/.local/lib/python3.8/site-packages/airflow/example_dags/example_short_circuit_operator.py
[2024-02-14T09:43:48.943+0000] {processor.py:830} INFO - Processing file /home/airflow/.local/lib/python3.8/site-packages/airflow/example_dags/example_short_circuit_operator.py for tasks to queue
[2024-02-14T09:43:48.950+0000] {logging_mixin.py:188} INFO - [2024-02-14T09:43:48.949+0000] {dagbag.py:538} INFO - Filling up the DagBag from /home/airflow/.local/lib/python3.8/site-packages/airflow/example_dags/example_short_circuit_operator.py
[2024-02-14T09:43:48.965+0000] {processor.py:840} INFO - DAG(s) 'example_short_circuit_operator' retrieved from /home/airflow/.local/lib/python3.8/site-packages/airflow/example_dags/example_short_circuit_operator.py
[2024-02-14T09:43:48.980+0000] {logging_mixin.py:188} INFO - [2024-02-14T09:43:48.980+0000] {dag.py:3036} INFO - Sync 1 DAGs
[2024-02-14T09:43:49.002+0000] {logging_mixin.py:188} INFO - [2024-02-14T09:43:49.001+0000] {dag.py:3823} INFO - Setting next_dagrun for example_short_circuit_operator to 2024-02-13 00:00:00+00:00, run_after=2024-02-14 00:00:00+00:00
[2024-02-14T09:43:49.030+0000] {processor.py:183} INFO - Processing /home/airflow/.local/lib/python3.8/site-packages/airflow/example_dags/example_short_circuit_operator.py took 0.100 seconds
[2024-02-14T09:46:38.005+0000] {processor.py:161} INFO - Started process (PID=57) to work on /home/airflow/.local/lib/python3.8/site-packages/airflow/example_dags/example_short_circuit_operator.py
[2024-02-14T09:46:38.007+0000] {processor.py:830} INFO - Processing file /home/airflow/.local/lib/python3.8/site-packages/airflow/example_dags/example_short_circuit_operator.py for tasks to queue
[2024-02-14T09:46:38.009+0000] {logging_mixin.py:188} INFO - [2024-02-14T09:46:38.009+0000] {dagbag.py:538} INFO - Filling up the DagBag from /home/airflow/.local/lib/python3.8/site-packages/airflow/example_dags/example_short_circuit_operator.py
[2024-02-14T09:46:38.018+0000] {processor.py:840} INFO - DAG(s) 'example_short_circuit_operator' retrieved from /home/airflow/.local/lib/python3.8/site-packages/airflow/example_dags/example_short_circuit_operator.py
[2024-02-14T09:46:38.095+0000] {logging_mixin.py:188} INFO - [2024-02-14T09:46:38.094+0000] {override.py:1769} INFO - Created Permission View: can edit on DAG:example_short_circuit_operator
[2024-02-14T09:46:38.106+0000] {logging_mixin.py:188} INFO - [2024-02-14T09:46:38.105+0000] {override.py:1769} INFO - Created Permission View: can read on DAG:example_short_circuit_operator
[2024-02-14T09:46:38.112+0000] {logging_mixin.py:188} INFO - [2024-02-14T09:46:38.112+0000] {override.py:1769} INFO - Created Permission View: can delete on DAG:example_short_circuit_operator
[2024-02-14T09:46:38.114+0000] {logging_mixin.py:188} INFO - [2024-02-14T09:46:38.113+0000] {dag.py:3036} INFO - Sync 1 DAGs
[2024-02-14T09:46:38.124+0000] {logging_mixin.py:188} INFO - [2024-02-14T09:46:38.124+0000] {dag.py:3058} INFO - Creating ORM DAG for example_short_circuit_operator
[2024-02-14T09:46:38.133+0000] {logging_mixin.py:188} INFO - [2024-02-14T09:46:38.133+0000] {dag.py:3823} INFO - Setting next_dagrun for example_short_circuit_operator to 2024-02-13 00:00:00+00:00, run_after=2024-02-14 00:00:00+00:00
[2024-02-14T09:46:38.150+0000] {processor.py:183} INFO - Processing /home/airflow/.local/lib/python3.8/site-packages/airflow/example_dags/example_short_circuit_operator.py took 0.147 seconds
[2024-02-14T09:47:09.153+0000] {processor.py:161} INFO - Started process (PID=112) to work on /home/airflow/.local/lib/python3.8/site-packages/airflow/example_dags/example_short_circuit_operator.py
[2024-02-14T09:47:09.156+0000] {processor.py:830} INFO - Processing file /home/airflow/.local/lib/python3.8/site-packages/airflow/example_dags/example_short_circuit_operator.py for tasks to queue
[2024-02-14T09:47:09.159+0000] {logging_mixin.py:188} INFO - [2024-02-14T09:47:09.159+0000] {dagbag.py:538} INFO - Filling up the DagBag from /home/airflow/.local/lib/python3.8/site-packages/airflow/example_dags/example_short_circuit_operator.py
[2024-02-14T09:47:09.174+0000] {processor.py:840} INFO - DAG(s) 'example_short_circuit_operator' retrieved from /home/airflow/.local/lib/python3.8/site-packages/airflow/example_dags/example_short_circuit_operator.py
[2024-02-14T09:47:09.199+0000] {logging_mixin.py:188} INFO - [2024-02-14T09:47:09.199+0000] {dag.py:3036} INFO - Sync 1 DAGs
[2024-02-14T09:47:09.217+0000] {logging_mixin.py:188} INFO - [2024-02-14T09:47:09.216+0000] {dag.py:3823} INFO - Setting next_dagrun for example_short_circuit_operator to 2024-02-13 00:00:00+00:00, run_after=2024-02-14 00:00:00+00:00
[2024-02-14T09:47:09.229+0000] {processor.py:183} INFO - Processing /home/airflow/.local/lib/python3.8/site-packages/airflow/example_dags/example_short_circuit_operator.py took 0.082 seconds
[2024-02-14T09:47:39.351+0000] {processor.py:161} INFO - Started process (PID=170) to work on /home/airflow/.local/lib/python3.8/site-packages/airflow/example_dags/example_short_circuit_operator.py
[2024-02-14T09:47:39.358+0000] {processor.py:830} INFO - Processing file /home/airflow/.local/lib/python3.8/site-packages/airflow/example_dags/example_short_circuit_operator.py for tasks to queue
[2024-02-14T09:47:39.362+0000] {logging_mixin.py:188} INFO - [2024-02-14T09:47:39.361+0000] {dagbag.py:538} INFO - Filling up the DagBag from /home/airflow/.local/lib/python3.8/site-packages/airflow/example_dags/example_short_circuit_operator.py
[2024-02-14T09:47:39.373+0000] {processor.py:840} INFO - DAG(s) 'example_short_circuit_operator' retrieved from /home/airflow/.local/lib/python3.8/site-packages/airflow/example_dags/example_short_circuit_operator.py
[2024-02-14T09:47:39.412+0000] {logging_mixin.py:188} INFO - [2024-02-14T09:47:39.412+0000] {dag.py:3036} INFO - Sync 1 DAGs
[2024-02-14T09:47:39.443+0000] {logging_mixin.py:188} INFO - [2024-02-14T09:47:39.443+0000] {dag.py:3823} INFO - Setting next_dagrun for example_short_circuit_operator to 2024-02-13 00:00:00+00:00, run_after=2024-02-14 00:00:00+00:00
[2024-02-14T09:47:39.472+0000] {processor.py:183} INFO - Processing /home/airflow/.local/lib/python3.8/site-packages/airflow/example_dags/example_short_circuit_operator.py took 0.124 seconds
[2024-02-14T09:48:10.152+0000] {processor.py:161} INFO - Started process (PID=228) to work on /home/airflow/.local/lib/python3.8/site-packages/airflow/example_dags/example_short_circuit_operator.py
[2024-02-14T09:48:10.155+0000] {processor.py:830} INFO - Processing file /home/airflow/.local/lib/python3.8/site-packages/airflow/example_dags/example_short_circuit_operator.py for tasks to queue
[2024-02-14T09:48:10.157+0000] {logging_mixin.py:188} INFO - [2024-02-14T09:48:10.156+0000] {dagbag.py:538} INFO - Filling up the DagBag from /home/airflow/.local/lib/python3.8/site-packages/airflow/example_dags/example_short_circuit_operator.py
[2024-02-14T09:48:10.163+0000] {processor.py:840} INFO - DAG(s) 'example_short_circuit_operator' retrieved from /home/airflow/.local/lib/python3.8/site-packages/airflow/example_dags/example_short_circuit_operator.py
[2024-02-14T09:48:10.185+0000] {logging_mixin.py:188} INFO - [2024-02-14T09:48:10.184+0000] {dag.py:3036} INFO - Sync 1 DAGs
[2024-02-14T09:48:10.212+0000] {logging_mixin.py:188} INFO - [2024-02-14T09:48:10.211+0000] {dag.py:3823} INFO - Setting next_dagrun for example_short_circuit_operator to 2024-02-13 00:00:00+00:00, run_after=2024-02-14 00:00:00+00:00
[2024-02-14T09:48:10.231+0000] {processor.py:183} INFO - Processing /home/airflow/.local/lib/python3.8/site-packages/airflow/example_dags/example_short_circuit_operator.py took 0.081 seconds
[2024-02-14T09:48:40.622+0000] {processor.py:161} INFO - Started process (PID=288) to work on /home/airflow/.local/lib/python3.8/site-packages/airflow/example_dags/example_short_circuit_operator.py
[2024-02-14T09:48:40.624+0000] {processor.py:830} INFO - Processing file /home/airflow/.local/lib/python3.8/site-packages/airflow/example_dags/example_short_circuit_operator.py for tasks to queue
[2024-02-14T09:48:40.627+0000] {logging_mixin.py:188} INFO - [2024-02-14T09:48:40.627+0000] {dagbag.py:538} INFO - Filling up the DagBag from /home/airflow/.local/lib/python3.8/site-packages/airflow/example_dags/example_short_circuit_operator.py
[2024-02-14T09:48:40.634+0000] {processor.py:840} INFO - DAG(s) 'example_short_circuit_operator' retrieved from /home/airflow/.local/lib/python3.8/site-packages/airflow/example_dags/example_short_circuit_operator.py
[2024-02-14T09:48:40.656+0000] {logging_mixin.py:188} INFO - [2024-02-14T09:48:40.655+0000] {dag.py:3036} INFO - Sync 1 DAGs
[2024-02-14T09:48:40.673+0000] {logging_mixin.py:188} INFO - [2024-02-14T09:48:40.672+0000] {dag.py:3823} INFO - Setting next_dagrun for example_short_circuit_operator to 2024-02-13 00:00:00+00:00, run_after=2024-02-14 00:00:00+00:00
[2024-02-14T09:48:40.686+0000] {processor.py:183} INFO - Processing /home/airflow/.local/lib/python3.8/site-packages/airflow/example_dags/example_short_circuit_operator.py took 0.067 seconds
[2024-02-14T09:49:11.341+0000] {processor.py:161} INFO - Started process (PID=344) to work on /home/airflow/.local/lib/python3.8/site-packages/airflow/example_dags/example_short_circuit_operator.py
[2024-02-14T09:49:11.343+0000] {processor.py:830} INFO - Processing file /home/airflow/.local/lib/python3.8/site-packages/airflow/example_dags/example_short_circuit_operator.py for tasks to queue
[2024-02-14T09:49:11.345+0000] {logging_mixin.py:188} INFO - [2024-02-14T09:49:11.345+0000] {dagbag.py:538} INFO - Filling up the DagBag from /home/airflow/.local/lib/python3.8/site-packages/airflow/example_dags/example_short_circuit_operator.py
[2024-02-14T09:49:11.351+0000] {processor.py:840} INFO - DAG(s) 'example_short_circuit_operator' retrieved from /home/airflow/.local/lib/python3.8/site-packages/airflow/example_dags/example_short_circuit_operator.py
[2024-02-14T09:49:11.368+0000] {logging_mixin.py:188} INFO - [2024-02-14T09:49:11.368+0000] {dag.py:3036} INFO - Sync 1 DAGs
[2024-02-14T09:49:11.384+0000] {logging_mixin.py:188} INFO - [2024-02-14T09:49:11.384+0000] {dag.py:3823} INFO - Setting next_dagrun for example_short_circuit_operator to 2024-02-13 00:00:00+00:00, run_after=2024-02-14 00:00:00+00:00
[2024-02-14T09:49:11.400+0000] {processor.py:183} INFO - Processing /home/airflow/.local/lib/python3.8/site-packages/airflow/example_dags/example_short_circuit_operator.py took 0.061 seconds
[2024-02-14T09:49:42.167+0000] {processor.py:161} INFO - Started process (PID=400) to work on /home/airflow/.local/lib/python3.8/site-packages/airflow/example_dags/example_short_circuit_operator.py
[2024-02-14T09:49:42.169+0000] {processor.py:830} INFO - Processing file /home/airflow/.local/lib/python3.8/site-packages/airflow/example_dags/example_short_circuit_operator.py for tasks to queue
[2024-02-14T09:49:42.171+0000] {logging_mixin.py:188} INFO - [2024-02-14T09:49:42.171+0000] {dagbag.py:538} INFO - Filling up the DagBag from /home/airflow/.local/lib/python3.8/site-packages/airflow/example_dags/example_short_circuit_operator.py
[2024-02-14T09:49:42.177+0000] {processor.py:840} INFO - DAG(s) 'example_short_circuit_operator' retrieved from /home/airflow/.local/lib/python3.8/site-packages/airflow/example_dags/example_short_circuit_operator.py
[2024-02-14T09:49:42.195+0000] {logging_mixin.py:188} INFO - [2024-02-14T09:49:42.195+0000] {dag.py:3036} INFO - Sync 1 DAGs
[2024-02-14T09:49:42.213+0000] {logging_mixin.py:188} INFO - [2024-02-14T09:49:42.212+0000] {dag.py:3823} INFO - Setting next_dagrun for example_short_circuit_operator to 2024-02-13 00:00:00+00:00, run_after=2024-02-14 00:00:00+00:00
[2024-02-14T09:49:42.231+0000] {processor.py:183} INFO - Processing /home/airflow/.local/lib/python3.8/site-packages/airflow/example_dags/example_short_circuit_operator.py took 0.066 seconds
[2024-02-14T09:50:12.803+0000] {processor.py:161} INFO - Started process (PID=458) to work on /home/airflow/.local/lib/python3.8/site-packages/airflow/example_dags/example_short_circuit_operator.py
[2024-02-14T09:50:12.805+0000] {processor.py:830} INFO - Processing file /home/airflow/.local/lib/python3.8/site-packages/airflow/example_dags/example_short_circuit_operator.py for tasks to queue
[2024-02-14T09:50:12.807+0000] {logging_mixin.py:188} INFO - [2024-02-14T09:50:12.807+0000] {dagbag.py:538} INFO - Filling up the DagBag from /home/airflow/.local/lib/python3.8/site-packages/airflow/example_dags/example_short_circuit_operator.py
[2024-02-14T09:50:12.812+0000] {processor.py:840} INFO - DAG(s) 'example_short_circuit_operator' retrieved from /home/airflow/.local/lib/python3.8/site-packages/airflow/example_dags/example_short_circuit_operator.py
[2024-02-14T09:50:12.828+0000] {logging_mixin.py:188} INFO - [2024-02-14T09:50:12.828+0000] {dag.py:3036} INFO - Sync 1 DAGs
[2024-02-14T09:50:12.842+0000] {logging_mixin.py:188} INFO - [2024-02-14T09:50:12.841+0000] {dag.py:3823} INFO - Setting next_dagrun for example_short_circuit_operator to 2024-02-13 00:00:00+00:00, run_after=2024-02-14 00:00:00+00:00
[2024-02-14T09:50:12.855+0000] {processor.py:183} INFO - Processing /home/airflow/.local/lib/python3.8/site-packages/airflow/example_dags/example_short_circuit_operator.py took 0.053 seconds
[2024-02-14T09:50:43.100+0000] {processor.py:161} INFO - Started process (PID=514) to work on /home/airflow/.local/lib/python3.8/site-packages/airflow/example_dags/example_short_circuit_operator.py
[2024-02-14T09:50:43.101+0000] {processor.py:830} INFO - Processing file /home/airflow/.local/lib/python3.8/site-packages/airflow/example_dags/example_short_circuit_operator.py for tasks to queue
[2024-02-14T09:50:43.103+0000] {logging_mixin.py:188} INFO - [2024-02-14T09:50:43.103+0000] {dagbag.py:538} INFO - Filling up the DagBag from /home/airflow/.local/lib/python3.8/site-packages/airflow/example_dags/example_short_circuit_operator.py
[2024-02-14T09:50:43.109+0000] {processor.py:840} INFO - DAG(s) 'example_short_circuit_operator' retrieved from /home/airflow/.local/lib/python3.8/site-packages/airflow/example_dags/example_short_circuit_operator.py
[2024-02-14T09:50:43.126+0000] {logging_mixin.py:188} INFO - [2024-02-14T09:50:43.126+0000] {dag.py:3036} INFO - Sync 1 DAGs
[2024-02-14T09:50:43.139+0000] {logging_mixin.py:188} INFO - [2024-02-14T09:50:43.139+0000] {dag.py:3823} INFO - Setting next_dagrun for example_short_circuit_operator to 2024-02-13 00:00:00+00:00, run_after=2024-02-14 00:00:00+00:00
[2024-02-14T09:50:43.150+0000] {processor.py:183} INFO - Processing /home/airflow/.local/lib/python3.8/site-packages/airflow/example_dags/example_short_circuit_operator.py took 0.052 seconds
[2024-02-14T09:51:13.429+0000] {processor.py:161} INFO - Started process (PID=570) to work on /home/airflow/.local/lib/python3.8/site-packages/airflow/example_dags/example_short_circuit_operator.py
[2024-02-14T09:51:13.430+0000] {processor.py:830} INFO - Processing file /home/airflow/.local/lib/python3.8/site-packages/airflow/example_dags/example_short_circuit_operator.py for tasks to queue
[2024-02-14T09:51:13.432+0000] {logging_mixin.py:188} INFO - [2024-02-14T09:51:13.432+0000] {dagbag.py:538} INFO - Filling up the DagBag from /home/airflow/.local/lib/python3.8/site-packages/airflow/example_dags/example_short_circuit_operator.py
[2024-02-14T09:51:13.437+0000] {processor.py:840} INFO - DAG(s) 'example_short_circuit_operator' retrieved from /home/airflow/.local/lib/python3.8/site-packages/airflow/example_dags/example_short_circuit_operator.py
[2024-02-14T09:51:13.455+0000] {logging_mixin.py:188} INFO - [2024-02-14T09:51:13.454+0000] {dag.py:3036} INFO - Sync 1 DAGs
[2024-02-14T09:51:13.469+0000] {logging_mixin.py:188} INFO - [2024-02-14T09:51:13.469+0000] {dag.py:3823} INFO - Setting next_dagrun for example_short_circuit_operator to 2024-02-13 00:00:00+00:00, run_after=2024-02-14 00:00:00+00:00
[2024-02-14T09:51:13.480+0000] {processor.py:183} INFO - Processing /home/airflow/.local/lib/python3.8/site-packages/airflow/example_dags/example_short_circuit_operator.py took 0.054 seconds
[2024-02-14T09:51:43.785+0000] {processor.py:161} INFO - Started process (PID=628) to work on /home/airflow/.local/lib/python3.8/site-packages/airflow/example_dags/example_short_circuit_operator.py
[2024-02-14T09:51:43.786+0000] {processor.py:830} INFO - Processing file /home/airflow/.local/lib/python3.8/site-packages/airflow/example_dags/example_short_circuit_operator.py for tasks to queue
[2024-02-14T09:51:43.788+0000] {logging_mixin.py:188} INFO - [2024-02-14T09:51:43.788+0000] {dagbag.py:538} INFO - Filling up the DagBag from /home/airflow/.local/lib/python3.8/site-packages/airflow/example_dags/example_short_circuit_operator.py
[2024-02-14T09:51:43.793+0000] {processor.py:840} INFO - DAG(s) 'example_short_circuit_operator' retrieved from /home/airflow/.local/lib/python3.8/site-packages/airflow/example_dags/example_short_circuit_operator.py
[2024-02-14T09:51:43.809+0000] {logging_mixin.py:188} INFO - [2024-02-14T09:51:43.808+0000] {dag.py:3036} INFO - Sync 1 DAGs
[2024-02-14T09:51:43.822+0000] {logging_mixin.py:188} INFO - [2024-02-14T09:51:43.822+0000] {dag.py:3823} INFO - Setting next_dagrun for example_short_circuit_operator to 2024-02-13 00:00:00+00:00, run_after=2024-02-14 00:00:00+00:00
[2024-02-14T09:51:43.835+0000] {processor.py:183} INFO - Processing /home/airflow/.local/lib/python3.8/site-packages/airflow/example_dags/example_short_circuit_operator.py took 0.052 seconds
[2024-02-14T09:52:14.405+0000] {processor.py:161} INFO - Started process (PID=685) to work on /home/airflow/.local/lib/python3.8/site-packages/airflow/example_dags/example_short_circuit_operator.py
[2024-02-14T09:52:14.407+0000] {processor.py:830} INFO - Processing file /home/airflow/.local/lib/python3.8/site-packages/airflow/example_dags/example_short_circuit_operator.py for tasks to queue
[2024-02-14T09:52:14.409+0000] {logging_mixin.py:188} INFO - [2024-02-14T09:52:14.408+0000] {dagbag.py:538} INFO - Filling up the DagBag from /home/airflow/.local/lib/python3.8/site-packages/airflow/example_dags/example_short_circuit_operator.py
[2024-02-14T09:52:14.414+0000] {processor.py:840} INFO - DAG(s) 'example_short_circuit_operator' retrieved from /home/airflow/.local/lib/python3.8/site-packages/airflow/example_dags/example_short_circuit_operator.py
[2024-02-14T09:52:14.428+0000] {logging_mixin.py:188} INFO - [2024-02-14T09:52:14.428+0000] {dag.py:3036} INFO - Sync 1 DAGs
[2024-02-14T09:52:14.440+0000] {logging_mixin.py:188} INFO - [2024-02-14T09:52:14.440+0000] {dag.py:3823} INFO - Setting next_dagrun for example_short_circuit_operator to 2024-02-13 00:00:00+00:00, run_after=2024-02-14 00:00:00+00:00
[2024-02-14T09:52:14.451+0000] {processor.py:183} INFO - Processing /home/airflow/.local/lib/python3.8/site-packages/airflow/example_dags/example_short_circuit_operator.py took 0.048 seconds
[2024-02-14T09:52:44.856+0000] {processor.py:161} INFO - Started process (PID=741) to work on /home/airflow/.local/lib/python3.8/site-packages/airflow/example_dags/example_short_circuit_operator.py
[2024-02-14T09:52:44.857+0000] {processor.py:830} INFO - Processing file /home/airflow/.local/lib/python3.8/site-packages/airflow/example_dags/example_short_circuit_operator.py for tasks to queue
[2024-02-14T09:52:44.859+0000] {logging_mixin.py:188} INFO - [2024-02-14T09:52:44.859+0000] {dagbag.py:538} INFO - Filling up the DagBag from /home/airflow/.local/lib/python3.8/site-packages/airflow/example_dags/example_short_circuit_operator.py
[2024-02-14T09:52:44.866+0000] {processor.py:840} INFO - DAG(s) 'example_short_circuit_operator' retrieved from /home/airflow/.local/lib/python3.8/site-packages/airflow/example_dags/example_short_circuit_operator.py
[2024-02-14T09:52:44.885+0000] {logging_mixin.py:188} INFO - [2024-02-14T09:52:44.884+0000] {dag.py:3036} INFO - Sync 1 DAGs
[2024-02-14T09:52:44.904+0000] {logging_mixin.py:188} INFO - [2024-02-14T09:52:44.903+0000] {dag.py:3823} INFO - Setting next_dagrun for example_short_circuit_operator to 2024-02-13 00:00:00+00:00, run_after=2024-02-14 00:00:00+00:00
[2024-02-14T09:52:44.917+0000] {processor.py:183} INFO - Processing /home/airflow/.local/lib/python3.8/site-packages/airflow/example_dags/example_short_circuit_operator.py took 0.064 seconds
[2024-02-14T09:53:38.373+0000] {processor.py:161} INFO - Started process (PID=62) to work on /home/airflow/.local/lib/python3.8/site-packages/airflow/example_dags/example_short_circuit_operator.py
[2024-02-14T09:53:38.376+0000] {processor.py:830} INFO - Processing file /home/airflow/.local/lib/python3.8/site-packages/airflow/example_dags/example_short_circuit_operator.py for tasks to queue
[2024-02-14T09:53:38.380+0000] {logging_mixin.py:188} INFO - [2024-02-14T09:53:38.379+0000] {dagbag.py:538} INFO - Filling up the DagBag from /home/airflow/.local/lib/python3.8/site-packages/airflow/example_dags/example_short_circuit_operator.py
[2024-02-14T09:53:38.400+0000] {processor.py:840} INFO - DAG(s) 'example_short_circuit_operator' retrieved from /home/airflow/.local/lib/python3.8/site-packages/airflow/example_dags/example_short_circuit_operator.py
[2024-02-14T09:53:38.416+0000] {logging_mixin.py:188} INFO - [2024-02-14T09:53:38.416+0000] {dag.py:3036} INFO - Sync 1 DAGs
[2024-02-14T09:53:38.449+0000] {logging_mixin.py:188} INFO - [2024-02-14T09:53:38.449+0000] {dag.py:3823} INFO - Setting next_dagrun for example_short_circuit_operator to 2024-02-13 00:00:00+00:00, run_after=2024-02-14 00:00:00+00:00
[2024-02-14T09:53:38.467+0000] {processor.py:183} INFO - Processing /home/airflow/.local/lib/python3.8/site-packages/airflow/example_dags/example_short_circuit_operator.py took 0.099 seconds
[2024-02-14T09:54:10.111+0000] {processor.py:161} INFO - Started process (PID=118) to work on /home/airflow/.local/lib/python3.8/site-packages/airflow/example_dags/example_short_circuit_operator.py
[2024-02-14T09:54:10.115+0000] {processor.py:830} INFO - Processing file /home/airflow/.local/lib/python3.8/site-packages/airflow/example_dags/example_short_circuit_operator.py for tasks to queue
[2024-02-14T09:54:10.119+0000] {logging_mixin.py:188} INFO - [2024-02-14T09:54:10.118+0000] {dagbag.py:538} INFO - Filling up the DagBag from /home/airflow/.local/lib/python3.8/site-packages/airflow/example_dags/example_short_circuit_operator.py
[2024-02-14T09:54:10.130+0000] {processor.py:840} INFO - DAG(s) 'example_short_circuit_operator' retrieved from /home/airflow/.local/lib/python3.8/site-packages/airflow/example_dags/example_short_circuit_operator.py
[2024-02-14T09:54:10.218+0000] {logging_mixin.py:188} INFO - [2024-02-14T09:54:10.218+0000] {dag.py:3036} INFO - Sync 1 DAGs
[2024-02-14T09:54:10.237+0000] {logging_mixin.py:188} INFO - [2024-02-14T09:54:10.236+0000] {dag.py:3823} INFO - Setting next_dagrun for example_short_circuit_operator to 2024-02-13 00:00:00+00:00, run_after=2024-02-14 00:00:00+00:00
[2024-02-14T09:54:10.257+0000] {processor.py:183} INFO - Processing /home/airflow/.local/lib/python3.8/site-packages/airflow/example_dags/example_short_circuit_operator.py took 0.150 seconds
[2024-02-14T09:54:40.708+0000] {processor.py:161} INFO - Started process (PID=175) to work on /home/airflow/.local/lib/python3.8/site-packages/airflow/example_dags/example_short_circuit_operator.py
[2024-02-14T09:54:40.709+0000] {processor.py:830} INFO - Processing file /home/airflow/.local/lib/python3.8/site-packages/airflow/example_dags/example_short_circuit_operator.py for tasks to queue
[2024-02-14T09:54:40.711+0000] {logging_mixin.py:188} INFO - [2024-02-14T09:54:40.711+0000] {dagbag.py:538} INFO - Filling up the DagBag from /home/airflow/.local/lib/python3.8/site-packages/airflow/example_dags/example_short_circuit_operator.py
[2024-02-14T09:54:40.716+0000] {processor.py:840} INFO - DAG(s) 'example_short_circuit_operator' retrieved from /home/airflow/.local/lib/python3.8/site-packages/airflow/example_dags/example_short_circuit_operator.py
[2024-02-14T09:54:40.733+0000] {logging_mixin.py:188} INFO - [2024-02-14T09:54:40.733+0000] {dag.py:3036} INFO - Sync 1 DAGs
[2024-02-14T09:54:40.746+0000] {logging_mixin.py:188} INFO - [2024-02-14T09:54:40.746+0000] {dag.py:3823} INFO - Setting next_dagrun for example_short_circuit_operator to 2024-02-13 00:00:00+00:00, run_after=2024-02-14 00:00:00+00:00
[2024-02-14T09:54:40.758+0000] {processor.py:183} INFO - Processing /home/airflow/.local/lib/python3.8/site-packages/airflow/example_dags/example_short_circuit_operator.py took 0.052 seconds
[2024-02-14T09:55:49.896+0000] {processor.py:161} INFO - Started process (PID=59) to work on /home/airflow/.local/lib/python3.8/site-packages/airflow/example_dags/example_short_circuit_operator.py
[2024-02-14T09:55:49.899+0000] {processor.py:830} INFO - Processing file /home/airflow/.local/lib/python3.8/site-packages/airflow/example_dags/example_short_circuit_operator.py for tasks to queue
[2024-02-14T09:55:49.904+0000] {logging_mixin.py:188} INFO - [2024-02-14T09:55:49.903+0000] {dagbag.py:538} INFO - Filling up the DagBag from /home/airflow/.local/lib/python3.8/site-packages/airflow/example_dags/example_short_circuit_operator.py
[2024-02-14T09:55:49.930+0000] {processor.py:840} INFO - DAG(s) 'example_short_circuit_operator' retrieved from /home/airflow/.local/lib/python3.8/site-packages/airflow/example_dags/example_short_circuit_operator.py
[2024-02-14T09:55:49.957+0000] {logging_mixin.py:188} INFO - [2024-02-14T09:55:49.957+0000] {dag.py:3036} INFO - Sync 1 DAGs
[2024-02-14T09:55:49.981+0000] {logging_mixin.py:188} INFO - [2024-02-14T09:55:49.981+0000] {dag.py:3823} INFO - Setting next_dagrun for example_short_circuit_operator to 2024-02-13 00:00:00+00:00, run_after=2024-02-14 00:00:00+00:00
[2024-02-14T09:55:50.011+0000] {processor.py:183} INFO - Processing /home/airflow/.local/lib/python3.8/site-packages/airflow/example_dags/example_short_circuit_operator.py took 0.119 seconds
[2024-02-14T09:56:20.119+0000] {processor.py:161} INFO - Started process (PID=121) to work on /home/airflow/.local/lib/python3.8/site-packages/airflow/example_dags/example_short_circuit_operator.py
[2024-02-14T09:56:20.121+0000] {processor.py:830} INFO - Processing file /home/airflow/.local/lib/python3.8/site-packages/airflow/example_dags/example_short_circuit_operator.py for tasks to queue
[2024-02-14T09:56:20.123+0000] {logging_mixin.py:188} INFO - [2024-02-14T09:56:20.123+0000] {dagbag.py:538} INFO - Filling up the DagBag from /home/airflow/.local/lib/python3.8/site-packages/airflow/example_dags/example_short_circuit_operator.py
[2024-02-14T09:56:20.128+0000] {processor.py:840} INFO - DAG(s) 'example_short_circuit_operator' retrieved from /home/airflow/.local/lib/python3.8/site-packages/airflow/example_dags/example_short_circuit_operator.py
[2024-02-14T09:56:20.186+0000] {logging_mixin.py:188} INFO - [2024-02-14T09:56:20.186+0000] {dag.py:3036} INFO - Sync 1 DAGs
[2024-02-14T09:56:20.197+0000] {logging_mixin.py:188} INFO - [2024-02-14T09:56:20.197+0000] {dag.py:3823} INFO - Setting next_dagrun for example_short_circuit_operator to 2024-02-13 00:00:00+00:00, run_after=2024-02-14 00:00:00+00:00
[2024-02-14T09:56:20.208+0000] {processor.py:183} INFO - Processing /home/airflow/.local/lib/python3.8/site-packages/airflow/example_dags/example_short_circuit_operator.py took 0.091 seconds
[2024-02-14T09:56:51.088+0000] {processor.py:161} INFO - Started process (PID=178) to work on /home/airflow/.local/lib/python3.8/site-packages/airflow/example_dags/example_short_circuit_operator.py
[2024-02-14T09:56:51.090+0000] {processor.py:830} INFO - Processing file /home/airflow/.local/lib/python3.8/site-packages/airflow/example_dags/example_short_circuit_operator.py for tasks to queue
[2024-02-14T09:56:51.096+0000] {logging_mixin.py:188} INFO - [2024-02-14T09:56:51.096+0000] {dagbag.py:538} INFO - Filling up the DagBag from /home/airflow/.local/lib/python3.8/site-packages/airflow/example_dags/example_short_circuit_operator.py
[2024-02-14T09:56:51.113+0000] {processor.py:840} INFO - DAG(s) 'example_short_circuit_operator' retrieved from /home/airflow/.local/lib/python3.8/site-packages/airflow/example_dags/example_short_circuit_operator.py
[2024-02-14T09:56:51.136+0000] {logging_mixin.py:188} INFO - [2024-02-14T09:56:51.136+0000] {dag.py:3036} INFO - Sync 1 DAGs
[2024-02-14T09:56:51.155+0000] {logging_mixin.py:188} INFO - [2024-02-14T09:56:51.154+0000] {dag.py:3823} INFO - Setting next_dagrun for example_short_circuit_operator to 2024-02-13 00:00:00+00:00, run_after=2024-02-14 00:00:00+00:00
[2024-02-14T09:56:51.173+0000] {processor.py:183} INFO - Processing /home/airflow/.local/lib/python3.8/site-packages/airflow/example_dags/example_short_circuit_operator.py took 0.089 seconds
[2024-02-14T09:57:21.241+0000] {processor.py:161} INFO - Started process (PID=235) to work on /home/airflow/.local/lib/python3.8/site-packages/airflow/example_dags/example_short_circuit_operator.py
[2024-02-14T09:57:21.242+0000] {processor.py:830} INFO - Processing file /home/airflow/.local/lib/python3.8/site-packages/airflow/example_dags/example_short_circuit_operator.py for tasks to queue
[2024-02-14T09:57:21.244+0000] {logging_mixin.py:188} INFO - [2024-02-14T09:57:21.244+0000] {dagbag.py:538} INFO - Filling up the DagBag from /home/airflow/.local/lib/python3.8/site-packages/airflow/example_dags/example_short_circuit_operator.py
[2024-02-14T09:57:21.249+0000] {processor.py:840} INFO - DAG(s) 'example_short_circuit_operator' retrieved from /home/airflow/.local/lib/python3.8/site-packages/airflow/example_dags/example_short_circuit_operator.py
[2024-02-14T09:57:21.265+0000] {logging_mixin.py:188} INFO - [2024-02-14T09:57:21.265+0000] {dag.py:3036} INFO - Sync 1 DAGs
[2024-02-14T09:57:21.276+0000] {logging_mixin.py:188} INFO - [2024-02-14T09:57:21.276+0000] {dag.py:3823} INFO - Setting next_dagrun for example_short_circuit_operator to 2024-02-13 00:00:00+00:00, run_after=2024-02-14 00:00:00+00:00
[2024-02-14T09:57:21.286+0000] {processor.py:183} INFO - Processing /home/airflow/.local/lib/python3.8/site-packages/airflow/example_dags/example_short_circuit_operator.py took 0.048 seconds
[2024-02-14T09:57:51.836+0000] {processor.py:161} INFO - Started process (PID=293) to work on /home/airflow/.local/lib/python3.8/site-packages/airflow/example_dags/example_short_circuit_operator.py
[2024-02-14T09:57:51.837+0000] {processor.py:830} INFO - Processing file /home/airflow/.local/lib/python3.8/site-packages/airflow/example_dags/example_short_circuit_operator.py for tasks to queue
[2024-02-14T09:57:51.840+0000] {logging_mixin.py:188} INFO - [2024-02-14T09:57:51.839+0000] {dagbag.py:538} INFO - Filling up the DagBag from /home/airflow/.local/lib/python3.8/site-packages/airflow/example_dags/example_short_circuit_operator.py
[2024-02-14T09:57:51.845+0000] {processor.py:840} INFO - DAG(s) 'example_short_circuit_operator' retrieved from /home/airflow/.local/lib/python3.8/site-packages/airflow/example_dags/example_short_circuit_operator.py
[2024-02-14T09:57:51.863+0000] {logging_mixin.py:188} INFO - [2024-02-14T09:57:51.863+0000] {dag.py:3036} INFO - Sync 1 DAGs
[2024-02-14T09:57:51.877+0000] {logging_mixin.py:188} INFO - [2024-02-14T09:57:51.876+0000] {dag.py:3823} INFO - Setting next_dagrun for example_short_circuit_operator to 2024-02-13 00:00:00+00:00, run_after=2024-02-14 00:00:00+00:00
[2024-02-14T09:57:51.888+0000] {processor.py:183} INFO - Processing /home/airflow/.local/lib/python3.8/site-packages/airflow/example_dags/example_short_circuit_operator.py took 0.054 seconds
[2024-02-14T09:58:22.221+0000] {processor.py:161} INFO - Started process (PID=350) to work on /home/airflow/.local/lib/python3.8/site-packages/airflow/example_dags/example_short_circuit_operator.py
[2024-02-14T09:58:22.223+0000] {processor.py:830} INFO - Processing file /home/airflow/.local/lib/python3.8/site-packages/airflow/example_dags/example_short_circuit_operator.py for tasks to queue
[2024-02-14T09:58:22.225+0000] {logging_mixin.py:188} INFO - [2024-02-14T09:58:22.224+0000] {dagbag.py:538} INFO - Filling up the DagBag from /home/airflow/.local/lib/python3.8/site-packages/airflow/example_dags/example_short_circuit_operator.py
[2024-02-14T09:58:22.229+0000] {processor.py:840} INFO - DAG(s) 'example_short_circuit_operator' retrieved from /home/airflow/.local/lib/python3.8/site-packages/airflow/example_dags/example_short_circuit_operator.py
[2024-02-14T09:58:22.245+0000] {logging_mixin.py:188} INFO - [2024-02-14T09:58:22.245+0000] {dag.py:3036} INFO - Sync 1 DAGs
[2024-02-14T09:58:22.257+0000] {logging_mixin.py:188} INFO - [2024-02-14T09:58:22.257+0000] {dag.py:3823} INFO - Setting next_dagrun for example_short_circuit_operator to 2024-02-13 00:00:00+00:00, run_after=2024-02-14 00:00:00+00:00
[2024-02-14T09:58:22.267+0000] {processor.py:183} INFO - Processing /home/airflow/.local/lib/python3.8/site-packages/airflow/example_dags/example_short_circuit_operator.py took 0.048 seconds
[2024-02-14T09:58:53.227+0000] {processor.py:161} INFO - Started process (PID=409) to work on /home/airflow/.local/lib/python3.8/site-packages/airflow/example_dags/example_short_circuit_operator.py
[2024-02-14T09:58:53.228+0000] {processor.py:830} INFO - Processing file /home/airflow/.local/lib/python3.8/site-packages/airflow/example_dags/example_short_circuit_operator.py for tasks to queue
[2024-02-14T09:58:53.230+0000] {logging_mixin.py:188} INFO - [2024-02-14T09:58:53.230+0000] {dagbag.py:538} INFO - Filling up the DagBag from /home/airflow/.local/lib/python3.8/site-packages/airflow/example_dags/example_short_circuit_operator.py
[2024-02-14T09:58:53.235+0000] {processor.py:840} INFO - DAG(s) 'example_short_circuit_operator' retrieved from /home/airflow/.local/lib/python3.8/site-packages/airflow/example_dags/example_short_circuit_operator.py
[2024-02-14T09:58:53.249+0000] {logging_mixin.py:188} INFO - [2024-02-14T09:58:53.249+0000] {dag.py:3036} INFO - Sync 1 DAGs
[2024-02-14T09:58:53.264+0000] {logging_mixin.py:188} INFO - [2024-02-14T09:58:53.263+0000] {dag.py:3823} INFO - Setting next_dagrun for example_short_circuit_operator to 2024-02-13 00:00:00+00:00, run_after=2024-02-14 00:00:00+00:00
[2024-02-14T09:58:53.275+0000] {processor.py:183} INFO - Processing /home/airflow/.local/lib/python3.8/site-packages/airflow/example_dags/example_short_circuit_operator.py took 0.051 seconds
[2024-02-14T09:59:23.533+0000] {processor.py:161} INFO - Started process (PID=466) to work on /home/airflow/.local/lib/python3.8/site-packages/airflow/example_dags/example_short_circuit_operator.py
[2024-02-14T09:59:23.535+0000] {processor.py:830} INFO - Processing file /home/airflow/.local/lib/python3.8/site-packages/airflow/example_dags/example_short_circuit_operator.py for tasks to queue
[2024-02-14T09:59:23.537+0000] {logging_mixin.py:188} INFO - [2024-02-14T09:59:23.537+0000] {dagbag.py:538} INFO - Filling up the DagBag from /home/airflow/.local/lib/python3.8/site-packages/airflow/example_dags/example_short_circuit_operator.py
[2024-02-14T09:59:23.543+0000] {processor.py:840} INFO - DAG(s) 'example_short_circuit_operator' retrieved from /home/airflow/.local/lib/python3.8/site-packages/airflow/example_dags/example_short_circuit_operator.py
[2024-02-14T09:59:23.562+0000] {logging_mixin.py:188} INFO - [2024-02-14T09:59:23.562+0000] {dag.py:3036} INFO - Sync 1 DAGs
[2024-02-14T09:59:23.577+0000] {logging_mixin.py:188} INFO - [2024-02-14T09:59:23.577+0000] {dag.py:3823} INFO - Setting next_dagrun for example_short_circuit_operator to 2024-02-13 00:00:00+00:00, run_after=2024-02-14 00:00:00+00:00
[2024-02-14T09:59:23.587+0000] {processor.py:183} INFO - Processing /home/airflow/.local/lib/python3.8/site-packages/airflow/example_dags/example_short_circuit_operator.py took 0.057 seconds
[2024-02-14T09:59:54.294+0000] {processor.py:161} INFO - Started process (PID=522) to work on /home/airflow/.local/lib/python3.8/site-packages/airflow/example_dags/example_short_circuit_operator.py
[2024-02-14T09:59:54.296+0000] {processor.py:830} INFO - Processing file /home/airflow/.local/lib/python3.8/site-packages/airflow/example_dags/example_short_circuit_operator.py for tasks to queue
[2024-02-14T09:59:54.298+0000] {logging_mixin.py:188} INFO - [2024-02-14T09:59:54.298+0000] {dagbag.py:538} INFO - Filling up the DagBag from /home/airflow/.local/lib/python3.8/site-packages/airflow/example_dags/example_short_circuit_operator.py
[2024-02-14T09:59:54.304+0000] {processor.py:840} INFO - DAG(s) 'example_short_circuit_operator' retrieved from /home/airflow/.local/lib/python3.8/site-packages/airflow/example_dags/example_short_circuit_operator.py
[2024-02-14T09:59:54.320+0000] {logging_mixin.py:188} INFO - [2024-02-14T09:59:54.320+0000] {dag.py:3036} INFO - Sync 1 DAGs
[2024-02-14T09:59:54.334+0000] {logging_mixin.py:188} INFO - [2024-02-14T09:59:54.334+0000] {dag.py:3823} INFO - Setting next_dagrun for example_short_circuit_operator to 2024-02-13 00:00:00+00:00, run_after=2024-02-14 00:00:00+00:00
[2024-02-14T09:59:54.348+0000] {processor.py:183} INFO - Processing /home/airflow/.local/lib/python3.8/site-packages/airflow/example_dags/example_short_circuit_operator.py took 0.056 seconds
[2024-02-14T10:00:24.727+0000] {processor.py:161} INFO - Started process (PID=579) to work on /home/airflow/.local/lib/python3.8/site-packages/airflow/example_dags/example_short_circuit_operator.py
[2024-02-14T10:00:24.729+0000] {processor.py:830} INFO - Processing file /home/airflow/.local/lib/python3.8/site-packages/airflow/example_dags/example_short_circuit_operator.py for tasks to queue
[2024-02-14T10:00:24.733+0000] {logging_mixin.py:188} INFO - [2024-02-14T10:00:24.732+0000] {dagbag.py:538} INFO - Filling up the DagBag from /home/airflow/.local/lib/python3.8/site-packages/airflow/example_dags/example_short_circuit_operator.py
[2024-02-14T10:00:24.739+0000] {processor.py:840} INFO - DAG(s) 'example_short_circuit_operator' retrieved from /home/airflow/.local/lib/python3.8/site-packages/airflow/example_dags/example_short_circuit_operator.py
[2024-02-14T10:00:24.757+0000] {logging_mixin.py:188} INFO - [2024-02-14T10:00:24.757+0000] {dag.py:3036} INFO - Sync 1 DAGs
[2024-02-14T10:00:24.770+0000] {logging_mixin.py:188} INFO - [2024-02-14T10:00:24.770+0000] {dag.py:3823} INFO - Setting next_dagrun for example_short_circuit_operator to 2024-02-13 00:00:00+00:00, run_after=2024-02-14 00:00:00+00:00
[2024-02-14T10:00:24.782+0000] {processor.py:183} INFO - Processing /home/airflow/.local/lib/python3.8/site-packages/airflow/example_dags/example_short_circuit_operator.py took 0.058 seconds
[2024-02-14T10:00:55.843+0000] {processor.py:161} INFO - Started process (PID=636) to work on /home/airflow/.local/lib/python3.8/site-packages/airflow/example_dags/example_short_circuit_operator.py
[2024-02-14T10:00:55.847+0000] {processor.py:830} INFO - Processing file /home/airflow/.local/lib/python3.8/site-packages/airflow/example_dags/example_short_circuit_operator.py for tasks to queue
[2024-02-14T10:00:55.853+0000] {logging_mixin.py:188} INFO - [2024-02-14T10:00:55.852+0000] {dagbag.py:538} INFO - Filling up the DagBag from /home/airflow/.local/lib/python3.8/site-packages/airflow/example_dags/example_short_circuit_operator.py
[2024-02-14T10:00:55.869+0000] {processor.py:840} INFO - DAG(s) 'example_short_circuit_operator' retrieved from /home/airflow/.local/lib/python3.8/site-packages/airflow/example_dags/example_short_circuit_operator.py
[2024-02-14T10:00:55.933+0000] {logging_mixin.py:188} INFO - [2024-02-14T10:00:55.933+0000] {dag.py:3036} INFO - Sync 1 DAGs
[2024-02-14T10:00:55.949+0000] {logging_mixin.py:188} INFO - [2024-02-14T10:00:55.949+0000] {dag.py:3823} INFO - Setting next_dagrun for example_short_circuit_operator to 2024-02-13 00:00:00+00:00, run_after=2024-02-14 00:00:00+00:00
[2024-02-14T10:00:55.966+0000] {processor.py:183} INFO - Processing /home/airflow/.local/lib/python3.8/site-packages/airflow/example_dags/example_short_circuit_operator.py took 0.127 seconds
[2024-02-14T10:01:26.929+0000] {processor.py:161} INFO - Started process (PID=692) to work on /home/airflow/.local/lib/python3.8/site-packages/airflow/example_dags/example_short_circuit_operator.py
[2024-02-14T10:01:26.931+0000] {processor.py:830} INFO - Processing file /home/airflow/.local/lib/python3.8/site-packages/airflow/example_dags/example_short_circuit_operator.py for tasks to queue
[2024-02-14T10:01:26.935+0000] {logging_mixin.py:188} INFO - [2024-02-14T10:01:26.934+0000] {dagbag.py:538} INFO - Filling up the DagBag from /home/airflow/.local/lib/python3.8/site-packages/airflow/example_dags/example_short_circuit_operator.py
[2024-02-14T10:01:26.942+0000] {processor.py:840} INFO - DAG(s) 'example_short_circuit_operator' retrieved from /home/airflow/.local/lib/python3.8/site-packages/airflow/example_dags/example_short_circuit_operator.py
[2024-02-14T10:01:26.961+0000] {logging_mixin.py:188} INFO - [2024-02-14T10:01:26.960+0000] {dag.py:3036} INFO - Sync 1 DAGs
[2024-02-14T10:01:26.983+0000] {logging_mixin.py:188} INFO - [2024-02-14T10:01:26.983+0000] {dag.py:3823} INFO - Setting next_dagrun for example_short_circuit_operator to 2024-02-13 00:00:00+00:00, run_after=2024-02-14 00:00:00+00:00
[2024-02-14T10:01:26.999+0000] {processor.py:183} INFO - Processing /home/airflow/.local/lib/python3.8/site-packages/airflow/example_dags/example_short_circuit_operator.py took 0.073 seconds
[2024-02-14T10:01:57.978+0000] {processor.py:161} INFO - Started process (PID=749) to work on /home/airflow/.local/lib/python3.8/site-packages/airflow/example_dags/example_short_circuit_operator.py
[2024-02-14T10:01:57.979+0000] {processor.py:830} INFO - Processing file /home/airflow/.local/lib/python3.8/site-packages/airflow/example_dags/example_short_circuit_operator.py for tasks to queue
[2024-02-14T10:01:57.982+0000] {logging_mixin.py:188} INFO - [2024-02-14T10:01:57.981+0000] {dagbag.py:538} INFO - Filling up the DagBag from /home/airflow/.local/lib/python3.8/site-packages/airflow/example_dags/example_short_circuit_operator.py
[2024-02-14T10:01:57.988+0000] {processor.py:840} INFO - DAG(s) 'example_short_circuit_operator' retrieved from /home/airflow/.local/lib/python3.8/site-packages/airflow/example_dags/example_short_circuit_operator.py
[2024-02-14T10:01:58.005+0000] {logging_mixin.py:188} INFO - [2024-02-14T10:01:58.005+0000] {dag.py:3036} INFO - Sync 1 DAGs
[2024-02-14T10:01:58.018+0000] {logging_mixin.py:188} INFO - [2024-02-14T10:01:58.018+0000] {dag.py:3823} INFO - Setting next_dagrun for example_short_circuit_operator to 2024-02-13 00:00:00+00:00, run_after=2024-02-14 00:00:00+00:00
[2024-02-14T10:01:58.030+0000] {processor.py:183} INFO - Processing /home/airflow/.local/lib/python3.8/site-packages/airflow/example_dags/example_short_circuit_operator.py took 0.055 seconds
[2024-02-14T10:02:28.764+0000] {processor.py:161} INFO - Started process (PID=806) to work on /home/airflow/.local/lib/python3.8/site-packages/airflow/example_dags/example_short_circuit_operator.py
[2024-02-14T10:02:28.766+0000] {processor.py:830} INFO - Processing file /home/airflow/.local/lib/python3.8/site-packages/airflow/example_dags/example_short_circuit_operator.py for tasks to queue
[2024-02-14T10:02:28.768+0000] {logging_mixin.py:188} INFO - [2024-02-14T10:02:28.768+0000] {dagbag.py:538} INFO - Filling up the DagBag from /home/airflow/.local/lib/python3.8/site-packages/airflow/example_dags/example_short_circuit_operator.py
[2024-02-14T10:02:28.777+0000] {processor.py:840} INFO - DAG(s) 'example_short_circuit_operator' retrieved from /home/airflow/.local/lib/python3.8/site-packages/airflow/example_dags/example_short_circuit_operator.py
[2024-02-14T10:02:28.795+0000] {logging_mixin.py:188} INFO - [2024-02-14T10:02:28.795+0000] {dag.py:3036} INFO - Sync 1 DAGs
[2024-02-14T10:02:28.808+0000] {logging_mixin.py:188} INFO - [2024-02-14T10:02:28.808+0000] {dag.py:3823} INFO - Setting next_dagrun for example_short_circuit_operator to 2024-02-13 00:00:00+00:00, run_after=2024-02-14 00:00:00+00:00
[2024-02-14T10:02:28.821+0000] {processor.py:183} INFO - Processing /home/airflow/.local/lib/python3.8/site-packages/airflow/example_dags/example_short_circuit_operator.py took 0.059 seconds
[2024-02-14T10:02:59.513+0000] {processor.py:161} INFO - Started process (PID=865) to work on /home/airflow/.local/lib/python3.8/site-packages/airflow/example_dags/example_short_circuit_operator.py
[2024-02-14T10:02:59.515+0000] {processor.py:830} INFO - Processing file /home/airflow/.local/lib/python3.8/site-packages/airflow/example_dags/example_short_circuit_operator.py for tasks to queue
[2024-02-14T10:02:59.518+0000] {logging_mixin.py:188} INFO - [2024-02-14T10:02:59.517+0000] {dagbag.py:538} INFO - Filling up the DagBag from /home/airflow/.local/lib/python3.8/site-packages/airflow/example_dags/example_short_circuit_operator.py
[2024-02-14T10:02:59.524+0000] {processor.py:840} INFO - DAG(s) 'example_short_circuit_operator' retrieved from /home/airflow/.local/lib/python3.8/site-packages/airflow/example_dags/example_short_circuit_operator.py
[2024-02-14T10:02:59.543+0000] {logging_mixin.py:188} INFO - [2024-02-14T10:02:59.543+0000] {dag.py:3036} INFO - Sync 1 DAGs
[2024-02-14T10:02:59.558+0000] {logging_mixin.py:188} INFO - [2024-02-14T10:02:59.558+0000] {dag.py:3823} INFO - Setting next_dagrun for example_short_circuit_operator to 2024-02-13 00:00:00+00:00, run_after=2024-02-14 00:00:00+00:00
[2024-02-14T10:02:59.572+0000] {processor.py:183} INFO - Processing /home/airflow/.local/lib/python3.8/site-packages/airflow/example_dags/example_short_circuit_operator.py took 0.064 seconds
