[2024-02-14T09:34:18.067+0000] {processor.py:161} INFO - Started process (PID=51) to work on /home/airflow/.local/lib/python3.8/site-packages/airflow/example_dags/example_sensor_decorator.py
[2024-02-14T09:34:18.069+0000] {processor.py:830} INFO - Processing file /home/airflow/.local/lib/python3.8/site-packages/airflow/example_dags/example_sensor_decorator.py for tasks to queue
[2024-02-14T09:34:18.073+0000] {logging_mixin.py:188} INFO - [2024-02-14T09:34:18.073+0000] {dagbag.py:538} INFO - Filling up the DagBag from /home/airflow/.local/lib/python3.8/site-packages/airflow/example_dags/example_sensor_decorator.py
[2024-02-14T09:34:18.103+0000] {processor.py:840} INFO - DAG(s) 'example_sensor_decorator' retrieved from /home/airflow/.local/lib/python3.8/site-packages/airflow/example_dags/example_sensor_decorator.py
[2024-02-14T09:34:18.130+0000] {logging_mixin.py:188} INFO - [2024-02-14T09:34:18.129+0000] {dag.py:3036} INFO - Sync 1 DAGs
[2024-02-14T09:34:18.162+0000] {logging_mixin.py:188} INFO - [2024-02-14T09:34:18.161+0000] {dag.py:3823} INFO - Setting next_dagrun for example_sensor_decorator to None, run_after=None
[2024-02-14T09:34:18.199+0000] {processor.py:183} INFO - Processing /home/airflow/.local/lib/python3.8/site-packages/airflow/example_dags/example_sensor_decorator.py took 0.145 seconds
[2024-02-14T09:34:48.821+0000] {processor.py:161} INFO - Started process (PID=108) to work on /home/airflow/.local/lib/python3.8/site-packages/airflow/example_dags/example_sensor_decorator.py
[2024-02-14T09:34:48.822+0000] {processor.py:830} INFO - Processing file /home/airflow/.local/lib/python3.8/site-packages/airflow/example_dags/example_sensor_decorator.py for tasks to queue
[2024-02-14T09:34:48.825+0000] {logging_mixin.py:188} INFO - [2024-02-14T09:34:48.825+0000] {dagbag.py:538} INFO - Filling up the DagBag from /home/airflow/.local/lib/python3.8/site-packages/airflow/example_dags/example_sensor_decorator.py
[2024-02-14T09:34:48.834+0000] {processor.py:840} INFO - DAG(s) 'example_sensor_decorator' retrieved from /home/airflow/.local/lib/python3.8/site-packages/airflow/example_dags/example_sensor_decorator.py
[2024-02-14T09:34:48.893+0000] {logging_mixin.py:188} INFO - [2024-02-14T09:34:48.893+0000] {dag.py:3036} INFO - Sync 1 DAGs
[2024-02-14T09:34:48.901+0000] {logging_mixin.py:188} INFO - [2024-02-14T09:34:48.901+0000] {dag.py:3823} INFO - Setting next_dagrun for example_sensor_decorator to None, run_after=None
[2024-02-14T09:34:48.912+0000] {processor.py:183} INFO - Processing /home/airflow/.local/lib/python3.8/site-packages/airflow/example_dags/example_sensor_decorator.py took 0.095 seconds
[2024-02-14T09:35:19.602+0000] {processor.py:161} INFO - Started process (PID=166) to work on /home/airflow/.local/lib/python3.8/site-packages/airflow/example_dags/example_sensor_decorator.py
[2024-02-14T09:35:19.604+0000] {processor.py:830} INFO - Processing file /home/airflow/.local/lib/python3.8/site-packages/airflow/example_dags/example_sensor_decorator.py for tasks to queue
[2024-02-14T09:35:19.606+0000] {logging_mixin.py:188} INFO - [2024-02-14T09:35:19.605+0000] {dagbag.py:538} INFO - Filling up the DagBag from /home/airflow/.local/lib/python3.8/site-packages/airflow/example_dags/example_sensor_decorator.py
[2024-02-14T09:35:19.612+0000] {processor.py:840} INFO - DAG(s) 'example_sensor_decorator' retrieved from /home/airflow/.local/lib/python3.8/site-packages/airflow/example_dags/example_sensor_decorator.py
[2024-02-14T09:35:19.628+0000] {logging_mixin.py:188} INFO - [2024-02-14T09:35:19.628+0000] {dag.py:3036} INFO - Sync 1 DAGs
[2024-02-14T09:35:19.636+0000] {logging_mixin.py:188} INFO - [2024-02-14T09:35:19.636+0000] {dag.py:3823} INFO - Setting next_dagrun for example_sensor_decorator to None, run_after=None
[2024-02-14T09:35:19.648+0000] {processor.py:183} INFO - Processing /home/airflow/.local/lib/python3.8/site-packages/airflow/example_dags/example_sensor_decorator.py took 0.049 seconds
[2024-02-14T09:35:49.924+0000] {processor.py:161} INFO - Started process (PID=222) to work on /home/airflow/.local/lib/python3.8/site-packages/airflow/example_dags/example_sensor_decorator.py
[2024-02-14T09:35:49.926+0000] {processor.py:830} INFO - Processing file /home/airflow/.local/lib/python3.8/site-packages/airflow/example_dags/example_sensor_decorator.py for tasks to queue
[2024-02-14T09:35:49.928+0000] {logging_mixin.py:188} INFO - [2024-02-14T09:35:49.928+0000] {dagbag.py:538} INFO - Filling up the DagBag from /home/airflow/.local/lib/python3.8/site-packages/airflow/example_dags/example_sensor_decorator.py
[2024-02-14T09:35:49.933+0000] {processor.py:840} INFO - DAG(s) 'example_sensor_decorator' retrieved from /home/airflow/.local/lib/python3.8/site-packages/airflow/example_dags/example_sensor_decorator.py
[2024-02-14T09:35:49.946+0000] {logging_mixin.py:188} INFO - [2024-02-14T09:35:49.946+0000] {dag.py:3036} INFO - Sync 1 DAGs
[2024-02-14T09:35:49.953+0000] {logging_mixin.py:188} INFO - [2024-02-14T09:35:49.953+0000] {dag.py:3823} INFO - Setting next_dagrun for example_sensor_decorator to None, run_after=None
[2024-02-14T09:35:49.965+0000] {processor.py:183} INFO - Processing /home/airflow/.local/lib/python3.8/site-packages/airflow/example_dags/example_sensor_decorator.py took 0.043 seconds
[2024-02-14T09:36:20.762+0000] {processor.py:161} INFO - Started process (PID=277) to work on /home/airflow/.local/lib/python3.8/site-packages/airflow/example_dags/example_sensor_decorator.py
[2024-02-14T09:36:20.764+0000] {processor.py:830} INFO - Processing file /home/airflow/.local/lib/python3.8/site-packages/airflow/example_dags/example_sensor_decorator.py for tasks to queue
[2024-02-14T09:36:20.766+0000] {logging_mixin.py:188} INFO - [2024-02-14T09:36:20.766+0000] {dagbag.py:538} INFO - Filling up the DagBag from /home/airflow/.local/lib/python3.8/site-packages/airflow/example_dags/example_sensor_decorator.py
[2024-02-14T09:36:20.772+0000] {processor.py:840} INFO - DAG(s) 'example_sensor_decorator' retrieved from /home/airflow/.local/lib/python3.8/site-packages/airflow/example_dags/example_sensor_decorator.py
[2024-02-14T09:36:20.788+0000] {logging_mixin.py:188} INFO - [2024-02-14T09:36:20.787+0000] {dag.py:3036} INFO - Sync 1 DAGs
[2024-02-14T09:36:20.796+0000] {logging_mixin.py:188} INFO - [2024-02-14T09:36:20.795+0000] {dag.py:3823} INFO - Setting next_dagrun for example_sensor_decorator to None, run_after=None
[2024-02-14T09:36:20.806+0000] {processor.py:183} INFO - Processing /home/airflow/.local/lib/python3.8/site-packages/airflow/example_dags/example_sensor_decorator.py took 0.047 seconds
[2024-02-14T09:36:50.988+0000] {processor.py:161} INFO - Started process (PID=333) to work on /home/airflow/.local/lib/python3.8/site-packages/airflow/example_dags/example_sensor_decorator.py
[2024-02-14T09:36:50.990+0000] {processor.py:830} INFO - Processing file /home/airflow/.local/lib/python3.8/site-packages/airflow/example_dags/example_sensor_decorator.py for tasks to queue
[2024-02-14T09:36:50.992+0000] {logging_mixin.py:188} INFO - [2024-02-14T09:36:50.991+0000] {dagbag.py:538} INFO - Filling up the DagBag from /home/airflow/.local/lib/python3.8/site-packages/airflow/example_dags/example_sensor_decorator.py
[2024-02-14T09:36:50.996+0000] {processor.py:840} INFO - DAG(s) 'example_sensor_decorator' retrieved from /home/airflow/.local/lib/python3.8/site-packages/airflow/example_dags/example_sensor_decorator.py
[2024-02-14T09:36:51.009+0000] {logging_mixin.py:188} INFO - [2024-02-14T09:36:51.009+0000] {dag.py:3036} INFO - Sync 1 DAGs
[2024-02-14T09:36:51.017+0000] {logging_mixin.py:188} INFO - [2024-02-14T09:36:51.017+0000] {dag.py:3823} INFO - Setting next_dagrun for example_sensor_decorator to None, run_after=None
[2024-02-14T09:36:51.027+0000] {processor.py:183} INFO - Processing /home/airflow/.local/lib/python3.8/site-packages/airflow/example_dags/example_sensor_decorator.py took 0.041 seconds
[2024-02-14T09:37:21.511+0000] {processor.py:161} INFO - Started process (PID=392) to work on /home/airflow/.local/lib/python3.8/site-packages/airflow/example_dags/example_sensor_decorator.py
[2024-02-14T09:37:21.513+0000] {processor.py:830} INFO - Processing file /home/airflow/.local/lib/python3.8/site-packages/airflow/example_dags/example_sensor_decorator.py for tasks to queue
[2024-02-14T09:37:21.515+0000] {logging_mixin.py:188} INFO - [2024-02-14T09:37:21.515+0000] {dagbag.py:538} INFO - Filling up the DagBag from /home/airflow/.local/lib/python3.8/site-packages/airflow/example_dags/example_sensor_decorator.py
[2024-02-14T09:37:21.520+0000] {processor.py:840} INFO - DAG(s) 'example_sensor_decorator' retrieved from /home/airflow/.local/lib/python3.8/site-packages/airflow/example_dags/example_sensor_decorator.py
[2024-02-14T09:37:21.534+0000] {logging_mixin.py:188} INFO - [2024-02-14T09:37:21.534+0000] {dag.py:3036} INFO - Sync 1 DAGs
[2024-02-14T09:37:21.542+0000] {logging_mixin.py:188} INFO - [2024-02-14T09:37:21.542+0000] {dag.py:3823} INFO - Setting next_dagrun for example_sensor_decorator to None, run_after=None
[2024-02-14T09:37:21.554+0000] {processor.py:183} INFO - Processing /home/airflow/.local/lib/python3.8/site-packages/airflow/example_dags/example_sensor_decorator.py took 0.046 seconds
[2024-02-14T09:37:51.837+0000] {processor.py:161} INFO - Started process (PID=448) to work on /home/airflow/.local/lib/python3.8/site-packages/airflow/example_dags/example_sensor_decorator.py
[2024-02-14T09:37:51.839+0000] {processor.py:830} INFO - Processing file /home/airflow/.local/lib/python3.8/site-packages/airflow/example_dags/example_sensor_decorator.py for tasks to queue
[2024-02-14T09:37:51.841+0000] {logging_mixin.py:188} INFO - [2024-02-14T09:37:51.841+0000] {dagbag.py:538} INFO - Filling up the DagBag from /home/airflow/.local/lib/python3.8/site-packages/airflow/example_dags/example_sensor_decorator.py
[2024-02-14T09:37:51.846+0000] {processor.py:840} INFO - DAG(s) 'example_sensor_decorator' retrieved from /home/airflow/.local/lib/python3.8/site-packages/airflow/example_dags/example_sensor_decorator.py
[2024-02-14T09:37:51.860+0000] {logging_mixin.py:188} INFO - [2024-02-14T09:37:51.860+0000] {dag.py:3036} INFO - Sync 1 DAGs
[2024-02-14T09:37:51.868+0000] {logging_mixin.py:188} INFO - [2024-02-14T09:37:51.868+0000] {dag.py:3823} INFO - Setting next_dagrun for example_sensor_decorator to None, run_after=None
[2024-02-14T09:37:51.880+0000] {processor.py:183} INFO - Processing /home/airflow/.local/lib/python3.8/site-packages/airflow/example_dags/example_sensor_decorator.py took 0.045 seconds
[2024-02-14T09:38:22.022+0000] {processor.py:161} INFO - Started process (PID=506) to work on /home/airflow/.local/lib/python3.8/site-packages/airflow/example_dags/example_sensor_decorator.py
[2024-02-14T09:38:22.024+0000] {processor.py:830} INFO - Processing file /home/airflow/.local/lib/python3.8/site-packages/airflow/example_dags/example_sensor_decorator.py for tasks to queue
[2024-02-14T09:38:22.026+0000] {logging_mixin.py:188} INFO - [2024-02-14T09:38:22.026+0000] {dagbag.py:538} INFO - Filling up the DagBag from /home/airflow/.local/lib/python3.8/site-packages/airflow/example_dags/example_sensor_decorator.py
[2024-02-14T09:38:22.031+0000] {processor.py:840} INFO - DAG(s) 'example_sensor_decorator' retrieved from /home/airflow/.local/lib/python3.8/site-packages/airflow/example_dags/example_sensor_decorator.py
[2024-02-14T09:38:22.046+0000] {logging_mixin.py:188} INFO - [2024-02-14T09:38:22.046+0000] {dag.py:3036} INFO - Sync 1 DAGs
[2024-02-14T09:38:22.054+0000] {logging_mixin.py:188} INFO - [2024-02-14T09:38:22.053+0000] {dag.py:3823} INFO - Setting next_dagrun for example_sensor_decorator to None, run_after=None
[2024-02-14T09:38:22.065+0000] {processor.py:183} INFO - Processing /home/airflow/.local/lib/python3.8/site-packages/airflow/example_dags/example_sensor_decorator.py took 0.045 seconds
[2024-02-14T09:38:52.717+0000] {processor.py:161} INFO - Started process (PID=563) to work on /home/airflow/.local/lib/python3.8/site-packages/airflow/example_dags/example_sensor_decorator.py
[2024-02-14T09:38:52.718+0000] {processor.py:830} INFO - Processing file /home/airflow/.local/lib/python3.8/site-packages/airflow/example_dags/example_sensor_decorator.py for tasks to queue
[2024-02-14T09:38:52.720+0000] {logging_mixin.py:188} INFO - [2024-02-14T09:38:52.720+0000] {dagbag.py:538} INFO - Filling up the DagBag from /home/airflow/.local/lib/python3.8/site-packages/airflow/example_dags/example_sensor_decorator.py
[2024-02-14T09:38:52.726+0000] {processor.py:840} INFO - DAG(s) 'example_sensor_decorator' retrieved from /home/airflow/.local/lib/python3.8/site-packages/airflow/example_dags/example_sensor_decorator.py
[2024-02-14T09:38:52.741+0000] {logging_mixin.py:188} INFO - [2024-02-14T09:38:52.740+0000] {dag.py:3036} INFO - Sync 1 DAGs
[2024-02-14T09:38:52.749+0000] {logging_mixin.py:188} INFO - [2024-02-14T09:38:52.749+0000] {dag.py:3823} INFO - Setting next_dagrun for example_sensor_decorator to None, run_after=None
[2024-02-14T09:38:52.766+0000] {processor.py:183} INFO - Processing /home/airflow/.local/lib/python3.8/site-packages/airflow/example_dags/example_sensor_decorator.py took 0.053 seconds
[2024-02-14T09:43:47.798+0000] {processor.py:161} INFO - Started process (PID=47) to work on /home/airflow/.local/lib/python3.8/site-packages/airflow/example_dags/example_sensor_decorator.py
[2024-02-14T09:43:47.803+0000] {processor.py:830} INFO - Processing file /home/airflow/.local/lib/python3.8/site-packages/airflow/example_dags/example_sensor_decorator.py for tasks to queue
[2024-02-14T09:43:47.811+0000] {logging_mixin.py:188} INFO - [2024-02-14T09:43:47.810+0000] {dagbag.py:538} INFO - Filling up the DagBag from /home/airflow/.local/lib/python3.8/site-packages/airflow/example_dags/example_sensor_decorator.py
[2024-02-14T09:43:47.837+0000] {processor.py:840} INFO - DAG(s) 'example_sensor_decorator' retrieved from /home/airflow/.local/lib/python3.8/site-packages/airflow/example_dags/example_sensor_decorator.py
[2024-02-14T09:43:47.859+0000] {logging_mixin.py:188} INFO - [2024-02-14T09:43:47.859+0000] {dag.py:3036} INFO - Sync 1 DAGs
[2024-02-14T09:43:47.873+0000] {logging_mixin.py:188} INFO - [2024-02-14T09:43:47.873+0000] {dag.py:3823} INFO - Setting next_dagrun for example_sensor_decorator to None, run_after=None
[2024-02-14T09:43:47.930+0000] {processor.py:183} INFO - Processing /home/airflow/.local/lib/python3.8/site-packages/airflow/example_dags/example_sensor_decorator.py took 0.138 seconds
[2024-02-14T09:46:36.633+0000] {processor.py:161} INFO - Started process (PID=46) to work on /home/airflow/.local/lib/python3.8/site-packages/airflow/example_dags/example_sensor_decorator.py
[2024-02-14T09:46:36.636+0000] {processor.py:830} INFO - Processing file /home/airflow/.local/lib/python3.8/site-packages/airflow/example_dags/example_sensor_decorator.py for tasks to queue
[2024-02-14T09:46:36.640+0000] {logging_mixin.py:188} INFO - [2024-02-14T09:46:36.640+0000] {dagbag.py:538} INFO - Filling up the DagBag from /home/airflow/.local/lib/python3.8/site-packages/airflow/example_dags/example_sensor_decorator.py
[2024-02-14T09:46:36.652+0000] {processor.py:840} INFO - DAG(s) 'example_sensor_decorator' retrieved from /home/airflow/.local/lib/python3.8/site-packages/airflow/example_dags/example_sensor_decorator.py
[2024-02-14T09:46:36.759+0000] {logging_mixin.py:188} INFO - [2024-02-14T09:46:36.759+0000] {override.py:1769} INFO - Created Permission View: can edit on DAG:example_sensor_decorator
[2024-02-14T09:46:36.767+0000] {logging_mixin.py:188} INFO - [2024-02-14T09:46:36.767+0000] {override.py:1769} INFO - Created Permission View: can read on DAG:example_sensor_decorator
[2024-02-14T09:46:36.775+0000] {logging_mixin.py:188} INFO - [2024-02-14T09:46:36.775+0000] {override.py:1769} INFO - Created Permission View: can delete on DAG:example_sensor_decorator
[2024-02-14T09:46:36.777+0000] {logging_mixin.py:188} INFO - [2024-02-14T09:46:36.777+0000] {dag.py:3036} INFO - Sync 1 DAGs
[2024-02-14T09:46:36.810+0000] {logging_mixin.py:188} INFO - [2024-02-14T09:46:36.810+0000] {dag.py:3058} INFO - Creating ORM DAG for example_sensor_decorator
[2024-02-14T09:46:36.812+0000] {logging_mixin.py:188} INFO - [2024-02-14T09:46:36.812+0000] {dag.py:3823} INFO - Setting next_dagrun for example_sensor_decorator to None, run_after=None
[2024-02-14T09:46:36.831+0000] {processor.py:183} INFO - Processing /home/airflow/.local/lib/python3.8/site-packages/airflow/example_dags/example_sensor_decorator.py took 0.202 seconds
[2024-02-14T09:47:07.576+0000] {processor.py:161} INFO - Started process (PID=101) to work on /home/airflow/.local/lib/python3.8/site-packages/airflow/example_dags/example_sensor_decorator.py
[2024-02-14T09:47:07.578+0000] {processor.py:830} INFO - Processing file /home/airflow/.local/lib/python3.8/site-packages/airflow/example_dags/example_sensor_decorator.py for tasks to queue
[2024-02-14T09:47:07.580+0000] {logging_mixin.py:188} INFO - [2024-02-14T09:47:07.579+0000] {dagbag.py:538} INFO - Filling up the DagBag from /home/airflow/.local/lib/python3.8/site-packages/airflow/example_dags/example_sensor_decorator.py
[2024-02-14T09:47:07.584+0000] {processor.py:840} INFO - DAG(s) 'example_sensor_decorator' retrieved from /home/airflow/.local/lib/python3.8/site-packages/airflow/example_dags/example_sensor_decorator.py
[2024-02-14T09:47:07.598+0000] {logging_mixin.py:188} INFO - [2024-02-14T09:47:07.598+0000] {dag.py:3036} INFO - Sync 1 DAGs
[2024-02-14T09:47:07.606+0000] {logging_mixin.py:188} INFO - [2024-02-14T09:47:07.606+0000] {dag.py:3823} INFO - Setting next_dagrun for example_sensor_decorator to None, run_after=None
[2024-02-14T09:47:07.616+0000] {processor.py:183} INFO - Processing /home/airflow/.local/lib/python3.8/site-packages/airflow/example_dags/example_sensor_decorator.py took 0.043 seconds
[2024-02-14T09:47:38.231+0000] {processor.py:161} INFO - Started process (PID=159) to work on /home/airflow/.local/lib/python3.8/site-packages/airflow/example_dags/example_sensor_decorator.py
[2024-02-14T09:47:38.233+0000] {processor.py:830} INFO - Processing file /home/airflow/.local/lib/python3.8/site-packages/airflow/example_dags/example_sensor_decorator.py for tasks to queue
[2024-02-14T09:47:38.235+0000] {logging_mixin.py:188} INFO - [2024-02-14T09:47:38.235+0000] {dagbag.py:538} INFO - Filling up the DagBag from /home/airflow/.local/lib/python3.8/site-packages/airflow/example_dags/example_sensor_decorator.py
[2024-02-14T09:47:38.251+0000] {processor.py:840} INFO - DAG(s) 'example_sensor_decorator' retrieved from /home/airflow/.local/lib/python3.8/site-packages/airflow/example_dags/example_sensor_decorator.py
[2024-02-14T09:47:38.293+0000] {logging_mixin.py:188} INFO - [2024-02-14T09:47:38.291+0000] {dag.py:3036} INFO - Sync 1 DAGs
[2024-02-14T09:47:38.327+0000] {logging_mixin.py:188} INFO - [2024-02-14T09:47:38.327+0000] {dag.py:3823} INFO - Setting next_dagrun for example_sensor_decorator to None, run_after=None
[2024-02-14T09:47:38.366+0000] {processor.py:183} INFO - Processing /home/airflow/.local/lib/python3.8/site-packages/airflow/example_dags/example_sensor_decorator.py took 0.137 seconds
[2024-02-14T09:48:08.833+0000] {processor.py:161} INFO - Started process (PID=217) to work on /home/airflow/.local/lib/python3.8/site-packages/airflow/example_dags/example_sensor_decorator.py
[2024-02-14T09:48:08.841+0000] {processor.py:830} INFO - Processing file /home/airflow/.local/lib/python3.8/site-packages/airflow/example_dags/example_sensor_decorator.py for tasks to queue
[2024-02-14T09:48:08.847+0000] {logging_mixin.py:188} INFO - [2024-02-14T09:48:08.846+0000] {dagbag.py:538} INFO - Filling up the DagBag from /home/airflow/.local/lib/python3.8/site-packages/airflow/example_dags/example_sensor_decorator.py
[2024-02-14T09:48:08.880+0000] {processor.py:840} INFO - DAG(s) 'example_sensor_decorator' retrieved from /home/airflow/.local/lib/python3.8/site-packages/airflow/example_dags/example_sensor_decorator.py
[2024-02-14T09:48:08.923+0000] {logging_mixin.py:188} INFO - [2024-02-14T09:48:08.921+0000] {dag.py:3036} INFO - Sync 1 DAGs
[2024-02-14T09:48:09.119+0000] {logging_mixin.py:188} INFO - [2024-02-14T09:48:09.119+0000] {dag.py:3823} INFO - Setting next_dagrun for example_sensor_decorator to None, run_after=None
[2024-02-14T09:48:09.290+0000] {processor.py:183} INFO - Processing /home/airflow/.local/lib/python3.8/site-packages/airflow/example_dags/example_sensor_decorator.py took 0.463 seconds
[2024-02-14T09:48:40.037+0000] {processor.py:161} INFO - Started process (PID=277) to work on /home/airflow/.local/lib/python3.8/site-packages/airflow/example_dags/example_sensor_decorator.py
[2024-02-14T09:48:40.041+0000] {processor.py:830} INFO - Processing file /home/airflow/.local/lib/python3.8/site-packages/airflow/example_dags/example_sensor_decorator.py for tasks to queue
[2024-02-14T09:48:40.048+0000] {logging_mixin.py:188} INFO - [2024-02-14T09:48:40.048+0000] {dagbag.py:538} INFO - Filling up the DagBag from /home/airflow/.local/lib/python3.8/site-packages/airflow/example_dags/example_sensor_decorator.py
[2024-02-14T09:48:40.057+0000] {processor.py:840} INFO - DAG(s) 'example_sensor_decorator' retrieved from /home/airflow/.local/lib/python3.8/site-packages/airflow/example_dags/example_sensor_decorator.py
[2024-02-14T09:48:40.082+0000] {logging_mixin.py:188} INFO - [2024-02-14T09:48:40.081+0000] {dag.py:3036} INFO - Sync 1 DAGs
[2024-02-14T09:48:40.094+0000] {logging_mixin.py:188} INFO - [2024-02-14T09:48:40.094+0000] {dag.py:3823} INFO - Setting next_dagrun for example_sensor_decorator to None, run_after=None
[2024-02-14T09:48:40.111+0000] {processor.py:183} INFO - Processing /home/airflow/.local/lib/python3.8/site-packages/airflow/example_dags/example_sensor_decorator.py took 0.082 seconds
[2024-02-14T09:49:10.824+0000] {processor.py:161} INFO - Started process (PID=333) to work on /home/airflow/.local/lib/python3.8/site-packages/airflow/example_dags/example_sensor_decorator.py
[2024-02-14T09:49:10.827+0000] {processor.py:830} INFO - Processing file /home/airflow/.local/lib/python3.8/site-packages/airflow/example_dags/example_sensor_decorator.py for tasks to queue
[2024-02-14T09:49:10.830+0000] {logging_mixin.py:188} INFO - [2024-02-14T09:49:10.830+0000] {dagbag.py:538} INFO - Filling up the DagBag from /home/airflow/.local/lib/python3.8/site-packages/airflow/example_dags/example_sensor_decorator.py
[2024-02-14T09:49:10.837+0000] {processor.py:840} INFO - DAG(s) 'example_sensor_decorator' retrieved from /home/airflow/.local/lib/python3.8/site-packages/airflow/example_dags/example_sensor_decorator.py
[2024-02-14T09:49:10.854+0000] {logging_mixin.py:188} INFO - [2024-02-14T09:49:10.854+0000] {dag.py:3036} INFO - Sync 1 DAGs
[2024-02-14T09:49:10.862+0000] {logging_mixin.py:188} INFO - [2024-02-14T09:49:10.862+0000] {dag.py:3823} INFO - Setting next_dagrun for example_sensor_decorator to None, run_after=None
[2024-02-14T09:49:10.875+0000] {processor.py:183} INFO - Processing /home/airflow/.local/lib/python3.8/site-packages/airflow/example_dags/example_sensor_decorator.py took 0.055 seconds
[2024-02-14T09:49:41.635+0000] {processor.py:161} INFO - Started process (PID=389) to work on /home/airflow/.local/lib/python3.8/site-packages/airflow/example_dags/example_sensor_decorator.py
[2024-02-14T09:49:41.638+0000] {processor.py:830} INFO - Processing file /home/airflow/.local/lib/python3.8/site-packages/airflow/example_dags/example_sensor_decorator.py for tasks to queue
[2024-02-14T09:49:41.641+0000] {logging_mixin.py:188} INFO - [2024-02-14T09:49:41.641+0000] {dagbag.py:538} INFO - Filling up the DagBag from /home/airflow/.local/lib/python3.8/site-packages/airflow/example_dags/example_sensor_decorator.py
[2024-02-14T09:49:41.652+0000] {processor.py:840} INFO - DAG(s) 'example_sensor_decorator' retrieved from /home/airflow/.local/lib/python3.8/site-packages/airflow/example_dags/example_sensor_decorator.py
[2024-02-14T09:49:41.672+0000] {logging_mixin.py:188} INFO - [2024-02-14T09:49:41.672+0000] {dag.py:3036} INFO - Sync 1 DAGs
[2024-02-14T09:49:41.681+0000] {logging_mixin.py:188} INFO - [2024-02-14T09:49:41.680+0000] {dag.py:3823} INFO - Setting next_dagrun for example_sensor_decorator to None, run_after=None
[2024-02-14T09:49:41.693+0000] {processor.py:183} INFO - Processing /home/airflow/.local/lib/python3.8/site-packages/airflow/example_dags/example_sensor_decorator.py took 0.064 seconds
[2024-02-14T09:50:12.192+0000] {processor.py:161} INFO - Started process (PID=447) to work on /home/airflow/.local/lib/python3.8/site-packages/airflow/example_dags/example_sensor_decorator.py
[2024-02-14T09:50:12.197+0000] {processor.py:830} INFO - Processing file /home/airflow/.local/lib/python3.8/site-packages/airflow/example_dags/example_sensor_decorator.py for tasks to queue
[2024-02-14T09:50:12.201+0000] {logging_mixin.py:188} INFO - [2024-02-14T09:50:12.201+0000] {dagbag.py:538} INFO - Filling up the DagBag from /home/airflow/.local/lib/python3.8/site-packages/airflow/example_dags/example_sensor_decorator.py
[2024-02-14T09:50:12.211+0000] {processor.py:840} INFO - DAG(s) 'example_sensor_decorator' retrieved from /home/airflow/.local/lib/python3.8/site-packages/airflow/example_dags/example_sensor_decorator.py
[2024-02-14T09:50:12.228+0000] {logging_mixin.py:188} INFO - [2024-02-14T09:50:12.228+0000] {dag.py:3036} INFO - Sync 1 DAGs
[2024-02-14T09:50:12.237+0000] {logging_mixin.py:188} INFO - [2024-02-14T09:50:12.237+0000] {dag.py:3823} INFO - Setting next_dagrun for example_sensor_decorator to None, run_after=None
[2024-02-14T09:50:12.248+0000] {processor.py:183} INFO - Processing /home/airflow/.local/lib/python3.8/site-packages/airflow/example_dags/example_sensor_decorator.py took 0.062 seconds
[2024-02-14T09:50:42.617+0000] {processor.py:161} INFO - Started process (PID=503) to work on /home/airflow/.local/lib/python3.8/site-packages/airflow/example_dags/example_sensor_decorator.py
[2024-02-14T09:50:42.620+0000] {processor.py:830} INFO - Processing file /home/airflow/.local/lib/python3.8/site-packages/airflow/example_dags/example_sensor_decorator.py for tasks to queue
[2024-02-14T09:50:42.624+0000] {logging_mixin.py:188} INFO - [2024-02-14T09:50:42.623+0000] {dagbag.py:538} INFO - Filling up the DagBag from /home/airflow/.local/lib/python3.8/site-packages/airflow/example_dags/example_sensor_decorator.py
[2024-02-14T09:50:42.631+0000] {processor.py:840} INFO - DAG(s) 'example_sensor_decorator' retrieved from /home/airflow/.local/lib/python3.8/site-packages/airflow/example_dags/example_sensor_decorator.py
[2024-02-14T09:50:42.650+0000] {logging_mixin.py:188} INFO - [2024-02-14T09:50:42.650+0000] {dag.py:3036} INFO - Sync 1 DAGs
[2024-02-14T09:50:42.659+0000] {logging_mixin.py:188} INFO - [2024-02-14T09:50:42.659+0000] {dag.py:3823} INFO - Setting next_dagrun for example_sensor_decorator to None, run_after=None
[2024-02-14T09:50:42.670+0000] {processor.py:183} INFO - Processing /home/airflow/.local/lib/python3.8/site-packages/airflow/example_dags/example_sensor_decorator.py took 0.059 seconds
[2024-02-14T09:51:12.956+0000] {processor.py:161} INFO - Started process (PID=559) to work on /home/airflow/.local/lib/python3.8/site-packages/airflow/example_dags/example_sensor_decorator.py
[2024-02-14T09:51:12.960+0000] {processor.py:830} INFO - Processing file /home/airflow/.local/lib/python3.8/site-packages/airflow/example_dags/example_sensor_decorator.py for tasks to queue
[2024-02-14T09:51:12.964+0000] {logging_mixin.py:188} INFO - [2024-02-14T09:51:12.964+0000] {dagbag.py:538} INFO - Filling up the DagBag from /home/airflow/.local/lib/python3.8/site-packages/airflow/example_dags/example_sensor_decorator.py
[2024-02-14T09:51:12.972+0000] {processor.py:840} INFO - DAG(s) 'example_sensor_decorator' retrieved from /home/airflow/.local/lib/python3.8/site-packages/airflow/example_dags/example_sensor_decorator.py
[2024-02-14T09:51:12.990+0000] {logging_mixin.py:188} INFO - [2024-02-14T09:51:12.990+0000] {dag.py:3036} INFO - Sync 1 DAGs
[2024-02-14T09:51:12.998+0000] {logging_mixin.py:188} INFO - [2024-02-14T09:51:12.998+0000] {dag.py:3823} INFO - Setting next_dagrun for example_sensor_decorator to None, run_after=None
[2024-02-14T09:51:13.013+0000] {processor.py:183} INFO - Processing /home/airflow/.local/lib/python3.8/site-packages/airflow/example_dags/example_sensor_decorator.py took 0.063 seconds
[2024-02-14T09:51:43.277+0000] {processor.py:161} INFO - Started process (PID=617) to work on /home/airflow/.local/lib/python3.8/site-packages/airflow/example_dags/example_sensor_decorator.py
[2024-02-14T09:51:43.280+0000] {processor.py:830} INFO - Processing file /home/airflow/.local/lib/python3.8/site-packages/airflow/example_dags/example_sensor_decorator.py for tasks to queue
[2024-02-14T09:51:43.284+0000] {logging_mixin.py:188} INFO - [2024-02-14T09:51:43.283+0000] {dagbag.py:538} INFO - Filling up the DagBag from /home/airflow/.local/lib/python3.8/site-packages/airflow/example_dags/example_sensor_decorator.py
[2024-02-14T09:51:43.292+0000] {processor.py:840} INFO - DAG(s) 'example_sensor_decorator' retrieved from /home/airflow/.local/lib/python3.8/site-packages/airflow/example_dags/example_sensor_decorator.py
[2024-02-14T09:51:43.309+0000] {logging_mixin.py:188} INFO - [2024-02-14T09:51:43.309+0000] {dag.py:3036} INFO - Sync 1 DAGs
[2024-02-14T09:51:43.318+0000] {logging_mixin.py:188} INFO - [2024-02-14T09:51:43.318+0000] {dag.py:3823} INFO - Setting next_dagrun for example_sensor_decorator to None, run_after=None
[2024-02-14T09:51:43.330+0000] {processor.py:183} INFO - Processing /home/airflow/.local/lib/python3.8/site-packages/airflow/example_dags/example_sensor_decorator.py took 0.058 seconds
[2024-02-14T09:52:13.951+0000] {processor.py:161} INFO - Started process (PID=674) to work on /home/airflow/.local/lib/python3.8/site-packages/airflow/example_dags/example_sensor_decorator.py
[2024-02-14T09:52:13.954+0000] {processor.py:830} INFO - Processing file /home/airflow/.local/lib/python3.8/site-packages/airflow/example_dags/example_sensor_decorator.py for tasks to queue
[2024-02-14T09:52:13.957+0000] {logging_mixin.py:188} INFO - [2024-02-14T09:52:13.956+0000] {dagbag.py:538} INFO - Filling up the DagBag from /home/airflow/.local/lib/python3.8/site-packages/airflow/example_dags/example_sensor_decorator.py
[2024-02-14T09:52:13.964+0000] {processor.py:840} INFO - DAG(s) 'example_sensor_decorator' retrieved from /home/airflow/.local/lib/python3.8/site-packages/airflow/example_dags/example_sensor_decorator.py
[2024-02-14T09:52:13.979+0000] {logging_mixin.py:188} INFO - [2024-02-14T09:52:13.979+0000] {dag.py:3036} INFO - Sync 1 DAGs
[2024-02-14T09:52:13.987+0000] {logging_mixin.py:188} INFO - [2024-02-14T09:52:13.987+0000] {dag.py:3823} INFO - Setting next_dagrun for example_sensor_decorator to None, run_after=None
[2024-02-14T09:52:13.999+0000] {processor.py:183} INFO - Processing /home/airflow/.local/lib/python3.8/site-packages/airflow/example_dags/example_sensor_decorator.py took 0.051 seconds
[2024-02-14T09:52:44.249+0000] {processor.py:161} INFO - Started process (PID=730) to work on /home/airflow/.local/lib/python3.8/site-packages/airflow/example_dags/example_sensor_decorator.py
[2024-02-14T09:52:44.251+0000] {processor.py:830} INFO - Processing file /home/airflow/.local/lib/python3.8/site-packages/airflow/example_dags/example_sensor_decorator.py for tasks to queue
[2024-02-14T09:52:44.254+0000] {logging_mixin.py:188} INFO - [2024-02-14T09:52:44.253+0000] {dagbag.py:538} INFO - Filling up the DagBag from /home/airflow/.local/lib/python3.8/site-packages/airflow/example_dags/example_sensor_decorator.py
[2024-02-14T09:52:44.260+0000] {processor.py:840} INFO - DAG(s) 'example_sensor_decorator' retrieved from /home/airflow/.local/lib/python3.8/site-packages/airflow/example_dags/example_sensor_decorator.py
[2024-02-14T09:52:44.283+0000] {logging_mixin.py:188} INFO - [2024-02-14T09:52:44.283+0000] {dag.py:3036} INFO - Sync 1 DAGs
[2024-02-14T09:52:44.293+0000] {logging_mixin.py:188} INFO - [2024-02-14T09:52:44.292+0000] {dag.py:3823} INFO - Setting next_dagrun for example_sensor_decorator to None, run_after=None
[2024-02-14T09:52:44.307+0000] {processor.py:183} INFO - Processing /home/airflow/.local/lib/python3.8/site-packages/airflow/example_dags/example_sensor_decorator.py took 0.063 seconds
[2024-02-14T09:53:37.620+0000] {processor.py:161} INFO - Started process (PID=51) to work on /home/airflow/.local/lib/python3.8/site-packages/airflow/example_dags/example_sensor_decorator.py
[2024-02-14T09:53:37.623+0000] {processor.py:830} INFO - Processing file /home/airflow/.local/lib/python3.8/site-packages/airflow/example_dags/example_sensor_decorator.py for tasks to queue
[2024-02-14T09:53:37.630+0000] {logging_mixin.py:188} INFO - [2024-02-14T09:53:37.629+0000] {dagbag.py:538} INFO - Filling up the DagBag from /home/airflow/.local/lib/python3.8/site-packages/airflow/example_dags/example_sensor_decorator.py
[2024-02-14T09:53:37.643+0000] {processor.py:840} INFO - DAG(s) 'example_sensor_decorator' retrieved from /home/airflow/.local/lib/python3.8/site-packages/airflow/example_dags/example_sensor_decorator.py
[2024-02-14T09:53:37.661+0000] {logging_mixin.py:188} INFO - [2024-02-14T09:53:37.661+0000] {dag.py:3036} INFO - Sync 1 DAGs
[2024-02-14T09:53:37.678+0000] {logging_mixin.py:188} INFO - [2024-02-14T09:53:37.678+0000] {dag.py:3823} INFO - Setting next_dagrun for example_sensor_decorator to None, run_after=None
[2024-02-14T09:53:37.696+0000] {processor.py:183} INFO - Processing /home/airflow/.local/lib/python3.8/site-packages/airflow/example_dags/example_sensor_decorator.py took 0.080 seconds
[2024-02-14T09:54:08.315+0000] {processor.py:161} INFO - Started process (PID=107) to work on /home/airflow/.local/lib/python3.8/site-packages/airflow/example_dags/example_sensor_decorator.py
[2024-02-14T09:54:08.319+0000] {processor.py:830} INFO - Processing file /home/airflow/.local/lib/python3.8/site-packages/airflow/example_dags/example_sensor_decorator.py for tasks to queue
[2024-02-14T09:54:08.323+0000] {logging_mixin.py:188} INFO - [2024-02-14T09:54:08.323+0000] {dagbag.py:538} INFO - Filling up the DagBag from /home/airflow/.local/lib/python3.8/site-packages/airflow/example_dags/example_sensor_decorator.py
[2024-02-14T09:54:08.335+0000] {processor.py:840} INFO - DAG(s) 'example_sensor_decorator' retrieved from /home/airflow/.local/lib/python3.8/site-packages/airflow/example_dags/example_sensor_decorator.py
[2024-02-14T09:54:08.670+0000] {logging_mixin.py:188} INFO - [2024-02-14T09:54:08.669+0000] {dag.py:3036} INFO - Sync 1 DAGs
[2024-02-14T09:54:08.704+0000] {logging_mixin.py:188} INFO - [2024-02-14T09:54:08.704+0000] {dag.py:3823} INFO - Setting next_dagrun for example_sensor_decorator to None, run_after=None
[2024-02-14T09:54:08.742+0000] {processor.py:183} INFO - Processing /home/airflow/.local/lib/python3.8/site-packages/airflow/example_dags/example_sensor_decorator.py took 0.432 seconds
[2024-02-14T09:54:39.164+0000] {processor.py:161} INFO - Started process (PID=164) to work on /home/airflow/.local/lib/python3.8/site-packages/airflow/example_dags/example_sensor_decorator.py
[2024-02-14T09:54:39.165+0000] {processor.py:830} INFO - Processing file /home/airflow/.local/lib/python3.8/site-packages/airflow/example_dags/example_sensor_decorator.py for tasks to queue
[2024-02-14T09:54:39.167+0000] {logging_mixin.py:188} INFO - [2024-02-14T09:54:39.167+0000] {dagbag.py:538} INFO - Filling up the DagBag from /home/airflow/.local/lib/python3.8/site-packages/airflow/example_dags/example_sensor_decorator.py
[2024-02-14T09:54:39.171+0000] {processor.py:840} INFO - DAG(s) 'example_sensor_decorator' retrieved from /home/airflow/.local/lib/python3.8/site-packages/airflow/example_dags/example_sensor_decorator.py
[2024-02-14T09:54:39.184+0000] {logging_mixin.py:188} INFO - [2024-02-14T09:54:39.183+0000] {dag.py:3036} INFO - Sync 1 DAGs
[2024-02-14T09:54:39.191+0000] {logging_mixin.py:188} INFO - [2024-02-14T09:54:39.191+0000] {dag.py:3823} INFO - Setting next_dagrun for example_sensor_decorator to None, run_after=None
[2024-02-14T09:54:39.202+0000] {processor.py:183} INFO - Processing /home/airflow/.local/lib/python3.8/site-packages/airflow/example_dags/example_sensor_decorator.py took 0.040 seconds
[2024-02-14T09:55:48.886+0000] {processor.py:161} INFO - Started process (PID=48) to work on /home/airflow/.local/lib/python3.8/site-packages/airflow/example_dags/example_sensor_decorator.py
[2024-02-14T09:55:48.890+0000] {processor.py:830} INFO - Processing file /home/airflow/.local/lib/python3.8/site-packages/airflow/example_dags/example_sensor_decorator.py for tasks to queue
[2024-02-14T09:55:48.898+0000] {logging_mixin.py:188} INFO - [2024-02-14T09:55:48.898+0000] {dagbag.py:538} INFO - Filling up the DagBag from /home/airflow/.local/lib/python3.8/site-packages/airflow/example_dags/example_sensor_decorator.py
[2024-02-14T09:55:48.931+0000] {processor.py:840} INFO - DAG(s) 'example_sensor_decorator' retrieved from /home/airflow/.local/lib/python3.8/site-packages/airflow/example_dags/example_sensor_decorator.py
[2024-02-14T09:55:48.944+0000] {logging_mixin.py:188} INFO - [2024-02-14T09:55:48.943+0000] {dag.py:3036} INFO - Sync 1 DAGs
[2024-02-14T09:55:48.964+0000] {logging_mixin.py:188} INFO - [2024-02-14T09:55:48.964+0000] {dag.py:3823} INFO - Setting next_dagrun for example_sensor_decorator to None, run_after=None
[2024-02-14T09:55:49.000+0000] {processor.py:183} INFO - Processing /home/airflow/.local/lib/python3.8/site-packages/airflow/example_dags/example_sensor_decorator.py took 0.117 seconds
[2024-02-14T09:56:19.189+0000] {processor.py:161} INFO - Started process (PID=110) to work on /home/airflow/.local/lib/python3.8/site-packages/airflow/example_dags/example_sensor_decorator.py
[2024-02-14T09:56:19.190+0000] {processor.py:830} INFO - Processing file /home/airflow/.local/lib/python3.8/site-packages/airflow/example_dags/example_sensor_decorator.py for tasks to queue
[2024-02-14T09:56:19.192+0000] {logging_mixin.py:188} INFO - [2024-02-14T09:56:19.192+0000] {dagbag.py:538} INFO - Filling up the DagBag from /home/airflow/.local/lib/python3.8/site-packages/airflow/example_dags/example_sensor_decorator.py
[2024-02-14T09:56:19.197+0000] {processor.py:840} INFO - DAG(s) 'example_sensor_decorator' retrieved from /home/airflow/.local/lib/python3.8/site-packages/airflow/example_dags/example_sensor_decorator.py
[2024-02-14T09:56:19.264+0000] {logging_mixin.py:188} INFO - [2024-02-14T09:56:19.264+0000] {dag.py:3036} INFO - Sync 1 DAGs
[2024-02-14T09:56:19.271+0000] {logging_mixin.py:188} INFO - [2024-02-14T09:56:19.271+0000] {dag.py:3823} INFO - Setting next_dagrun for example_sensor_decorator to None, run_after=None
[2024-02-14T09:56:19.283+0000] {processor.py:183} INFO - Processing /home/airflow/.local/lib/python3.8/site-packages/airflow/example_dags/example_sensor_decorator.py took 0.097 seconds
[2024-02-14T09:56:49.332+0000] {processor.py:161} INFO - Started process (PID=167) to work on /home/airflow/.local/lib/python3.8/site-packages/airflow/example_dags/example_sensor_decorator.py
[2024-02-14T09:56:49.337+0000] {processor.py:830} INFO - Processing file /home/airflow/.local/lib/python3.8/site-packages/airflow/example_dags/example_sensor_decorator.py for tasks to queue
[2024-02-14T09:56:49.339+0000] {logging_mixin.py:188} INFO - [2024-02-14T09:56:49.339+0000] {dagbag.py:538} INFO - Filling up the DagBag from /home/airflow/.local/lib/python3.8/site-packages/airflow/example_dags/example_sensor_decorator.py
[2024-02-14T09:56:49.345+0000] {processor.py:840} INFO - DAG(s) 'example_sensor_decorator' retrieved from /home/airflow/.local/lib/python3.8/site-packages/airflow/example_dags/example_sensor_decorator.py
[2024-02-14T09:56:49.360+0000] {logging_mixin.py:188} INFO - [2024-02-14T09:56:49.360+0000] {dag.py:3036} INFO - Sync 1 DAGs
[2024-02-14T09:56:49.369+0000] {logging_mixin.py:188} INFO - [2024-02-14T09:56:49.369+0000] {dag.py:3823} INFO - Setting next_dagrun for example_sensor_decorator to None, run_after=None
[2024-02-14T09:56:49.381+0000] {processor.py:183} INFO - Processing /home/airflow/.local/lib/python3.8/site-packages/airflow/example_dags/example_sensor_decorator.py took 0.052 seconds
[2024-02-14T09:57:19.580+0000] {processor.py:161} INFO - Started process (PID=224) to work on /home/airflow/.local/lib/python3.8/site-packages/airflow/example_dags/example_sensor_decorator.py
[2024-02-14T09:57:19.581+0000] {processor.py:830} INFO - Processing file /home/airflow/.local/lib/python3.8/site-packages/airflow/example_dags/example_sensor_decorator.py for tasks to queue
[2024-02-14T09:57:19.583+0000] {logging_mixin.py:188} INFO - [2024-02-14T09:57:19.583+0000] {dagbag.py:538} INFO - Filling up the DagBag from /home/airflow/.local/lib/python3.8/site-packages/airflow/example_dags/example_sensor_decorator.py
[2024-02-14T09:57:19.588+0000] {processor.py:840} INFO - DAG(s) 'example_sensor_decorator' retrieved from /home/airflow/.local/lib/python3.8/site-packages/airflow/example_dags/example_sensor_decorator.py
[2024-02-14T09:57:19.601+0000] {logging_mixin.py:188} INFO - [2024-02-14T09:57:19.601+0000] {dag.py:3036} INFO - Sync 1 DAGs
[2024-02-14T09:57:19.609+0000] {logging_mixin.py:188} INFO - [2024-02-14T09:57:19.609+0000] {dag.py:3823} INFO - Setting next_dagrun for example_sensor_decorator to None, run_after=None
[2024-02-14T09:57:19.621+0000] {processor.py:183} INFO - Processing /home/airflow/.local/lib/python3.8/site-packages/airflow/example_dags/example_sensor_decorator.py took 0.043 seconds
[2024-02-14T09:57:50.255+0000] {processor.py:161} INFO - Started process (PID=282) to work on /home/airflow/.local/lib/python3.8/site-packages/airflow/example_dags/example_sensor_decorator.py
[2024-02-14T09:57:50.256+0000] {processor.py:830} INFO - Processing file /home/airflow/.local/lib/python3.8/site-packages/airflow/example_dags/example_sensor_decorator.py for tasks to queue
[2024-02-14T09:57:50.258+0000] {logging_mixin.py:188} INFO - [2024-02-14T09:57:50.258+0000] {dagbag.py:538} INFO - Filling up the DagBag from /home/airflow/.local/lib/python3.8/site-packages/airflow/example_dags/example_sensor_decorator.py
[2024-02-14T09:57:50.262+0000] {processor.py:840} INFO - DAG(s) 'example_sensor_decorator' retrieved from /home/airflow/.local/lib/python3.8/site-packages/airflow/example_dags/example_sensor_decorator.py
[2024-02-14T09:57:50.276+0000] {logging_mixin.py:188} INFO - [2024-02-14T09:57:50.276+0000] {dag.py:3036} INFO - Sync 1 DAGs
[2024-02-14T09:57:50.284+0000] {logging_mixin.py:188} INFO - [2024-02-14T09:57:50.284+0000] {dag.py:3823} INFO - Setting next_dagrun for example_sensor_decorator to None, run_after=None
[2024-02-14T09:57:50.295+0000] {processor.py:183} INFO - Processing /home/airflow/.local/lib/python3.8/site-packages/airflow/example_dags/example_sensor_decorator.py took 0.042 seconds
[2024-02-14T09:58:20.702+0000] {processor.py:161} INFO - Started process (PID=339) to work on /home/airflow/.local/lib/python3.8/site-packages/airflow/example_dags/example_sensor_decorator.py
[2024-02-14T09:58:20.703+0000] {processor.py:830} INFO - Processing file /home/airflow/.local/lib/python3.8/site-packages/airflow/example_dags/example_sensor_decorator.py for tasks to queue
[2024-02-14T09:58:20.705+0000] {logging_mixin.py:188} INFO - [2024-02-14T09:58:20.705+0000] {dagbag.py:538} INFO - Filling up the DagBag from /home/airflow/.local/lib/python3.8/site-packages/airflow/example_dags/example_sensor_decorator.py
[2024-02-14T09:58:20.710+0000] {processor.py:840} INFO - DAG(s) 'example_sensor_decorator' retrieved from /home/airflow/.local/lib/python3.8/site-packages/airflow/example_dags/example_sensor_decorator.py
[2024-02-14T09:58:20.725+0000] {logging_mixin.py:188} INFO - [2024-02-14T09:58:20.725+0000] {dag.py:3036} INFO - Sync 1 DAGs
[2024-02-14T09:58:20.733+0000] {logging_mixin.py:188} INFO - [2024-02-14T09:58:20.733+0000] {dag.py:3823} INFO - Setting next_dagrun for example_sensor_decorator to None, run_after=None
[2024-02-14T09:58:20.747+0000] {processor.py:183} INFO - Processing /home/airflow/.local/lib/python3.8/site-packages/airflow/example_dags/example_sensor_decorator.py took 0.048 seconds
[2024-02-14T09:58:51.586+0000] {processor.py:161} INFO - Started process (PID=398) to work on /home/airflow/.local/lib/python3.8/site-packages/airflow/example_dags/example_sensor_decorator.py
[2024-02-14T09:58:51.589+0000] {processor.py:830} INFO - Processing file /home/airflow/.local/lib/python3.8/site-packages/airflow/example_dags/example_sensor_decorator.py for tasks to queue
[2024-02-14T09:58:51.591+0000] {logging_mixin.py:188} INFO - [2024-02-14T09:58:51.590+0000] {dagbag.py:538} INFO - Filling up the DagBag from /home/airflow/.local/lib/python3.8/site-packages/airflow/example_dags/example_sensor_decorator.py
[2024-02-14T09:58:51.596+0000] {processor.py:840} INFO - DAG(s) 'example_sensor_decorator' retrieved from /home/airflow/.local/lib/python3.8/site-packages/airflow/example_dags/example_sensor_decorator.py
[2024-02-14T09:58:51.615+0000] {logging_mixin.py:188} INFO - [2024-02-14T09:58:51.615+0000] {dag.py:3036} INFO - Sync 1 DAGs
[2024-02-14T09:58:51.625+0000] {logging_mixin.py:188} INFO - [2024-02-14T09:58:51.624+0000] {dag.py:3823} INFO - Setting next_dagrun for example_sensor_decorator to None, run_after=None
[2024-02-14T09:58:51.643+0000] {processor.py:183} INFO - Processing /home/airflow/.local/lib/python3.8/site-packages/airflow/example_dags/example_sensor_decorator.py took 0.060 seconds
[2024-02-14T09:59:21.985+0000] {processor.py:161} INFO - Started process (PID=455) to work on /home/airflow/.local/lib/python3.8/site-packages/airflow/example_dags/example_sensor_decorator.py
[2024-02-14T09:59:21.987+0000] {processor.py:830} INFO - Processing file /home/airflow/.local/lib/python3.8/site-packages/airflow/example_dags/example_sensor_decorator.py for tasks to queue
[2024-02-14T09:59:21.990+0000] {logging_mixin.py:188} INFO - [2024-02-14T09:59:21.990+0000] {dagbag.py:538} INFO - Filling up the DagBag from /home/airflow/.local/lib/python3.8/site-packages/airflow/example_dags/example_sensor_decorator.py
[2024-02-14T09:59:21.995+0000] {processor.py:840} INFO - DAG(s) 'example_sensor_decorator' retrieved from /home/airflow/.local/lib/python3.8/site-packages/airflow/example_dags/example_sensor_decorator.py
[2024-02-14T09:59:22.010+0000] {logging_mixin.py:188} INFO - [2024-02-14T09:59:22.010+0000] {dag.py:3036} INFO - Sync 1 DAGs
[2024-02-14T09:59:22.017+0000] {logging_mixin.py:188} INFO - [2024-02-14T09:59:22.017+0000] {dag.py:3823} INFO - Setting next_dagrun for example_sensor_decorator to None, run_after=None
[2024-02-14T09:59:22.030+0000] {processor.py:183} INFO - Processing /home/airflow/.local/lib/python3.8/site-packages/airflow/example_dags/example_sensor_decorator.py took 0.047 seconds
[2024-02-14T09:59:52.762+0000] {processor.py:161} INFO - Started process (PID=511) to work on /home/airflow/.local/lib/python3.8/site-packages/airflow/example_dags/example_sensor_decorator.py
[2024-02-14T09:59:52.764+0000] {processor.py:830} INFO - Processing file /home/airflow/.local/lib/python3.8/site-packages/airflow/example_dags/example_sensor_decorator.py for tasks to queue
[2024-02-14T09:59:52.766+0000] {logging_mixin.py:188} INFO - [2024-02-14T09:59:52.766+0000] {dagbag.py:538} INFO - Filling up the DagBag from /home/airflow/.local/lib/python3.8/site-packages/airflow/example_dags/example_sensor_decorator.py
[2024-02-14T09:59:52.773+0000] {processor.py:840} INFO - DAG(s) 'example_sensor_decorator' retrieved from /home/airflow/.local/lib/python3.8/site-packages/airflow/example_dags/example_sensor_decorator.py
[2024-02-14T09:59:52.790+0000] {logging_mixin.py:188} INFO - [2024-02-14T09:59:52.790+0000] {dag.py:3036} INFO - Sync 1 DAGs
[2024-02-14T09:59:52.807+0000] {logging_mixin.py:188} INFO - [2024-02-14T09:59:52.807+0000] {dag.py:3823} INFO - Setting next_dagrun for example_sensor_decorator to None, run_after=None
[2024-02-14T09:59:52.824+0000] {processor.py:183} INFO - Processing /home/airflow/.local/lib/python3.8/site-packages/airflow/example_dags/example_sensor_decorator.py took 0.066 seconds
[2024-02-14T10:00:23.103+0000] {processor.py:161} INFO - Started process (PID=568) to work on /home/airflow/.local/lib/python3.8/site-packages/airflow/example_dags/example_sensor_decorator.py
[2024-02-14T10:00:23.105+0000] {processor.py:830} INFO - Processing file /home/airflow/.local/lib/python3.8/site-packages/airflow/example_dags/example_sensor_decorator.py for tasks to queue
[2024-02-14T10:00:23.109+0000] {logging_mixin.py:188} INFO - [2024-02-14T10:00:23.109+0000] {dagbag.py:538} INFO - Filling up the DagBag from /home/airflow/.local/lib/python3.8/site-packages/airflow/example_dags/example_sensor_decorator.py
[2024-02-14T10:00:23.114+0000] {processor.py:840} INFO - DAG(s) 'example_sensor_decorator' retrieved from /home/airflow/.local/lib/python3.8/site-packages/airflow/example_dags/example_sensor_decorator.py
[2024-02-14T10:00:23.132+0000] {logging_mixin.py:188} INFO - [2024-02-14T10:00:23.132+0000] {dag.py:3036} INFO - Sync 1 DAGs
[2024-02-14T10:00:23.144+0000] {logging_mixin.py:188} INFO - [2024-02-14T10:00:23.143+0000] {dag.py:3823} INFO - Setting next_dagrun for example_sensor_decorator to None, run_after=None
[2024-02-14T10:00:23.160+0000] {processor.py:183} INFO - Processing /home/airflow/.local/lib/python3.8/site-packages/airflow/example_dags/example_sensor_decorator.py took 0.062 seconds
[2024-02-14T10:00:54.077+0000] {processor.py:161} INFO - Started process (PID=625) to work on /home/airflow/.local/lib/python3.8/site-packages/airflow/example_dags/example_sensor_decorator.py
[2024-02-14T10:00:54.080+0000] {processor.py:830} INFO - Processing file /home/airflow/.local/lib/python3.8/site-packages/airflow/example_dags/example_sensor_decorator.py for tasks to queue
[2024-02-14T10:00:54.082+0000] {logging_mixin.py:188} INFO - [2024-02-14T10:00:54.082+0000] {dagbag.py:538} INFO - Filling up the DagBag from /home/airflow/.local/lib/python3.8/site-packages/airflow/example_dags/example_sensor_decorator.py
[2024-02-14T10:00:54.089+0000] {processor.py:840} INFO - DAG(s) 'example_sensor_decorator' retrieved from /home/airflow/.local/lib/python3.8/site-packages/airflow/example_dags/example_sensor_decorator.py
[2024-02-14T10:00:54.108+0000] {logging_mixin.py:188} INFO - [2024-02-14T10:00:54.108+0000] {dag.py:3036} INFO - Sync 1 DAGs
[2024-02-14T10:00:54.117+0000] {logging_mixin.py:188} INFO - [2024-02-14T10:00:54.117+0000] {dag.py:3823} INFO - Setting next_dagrun for example_sensor_decorator to None, run_after=None
[2024-02-14T10:00:54.134+0000] {processor.py:183} INFO - Processing /home/airflow/.local/lib/python3.8/site-packages/airflow/example_dags/example_sensor_decorator.py took 0.059 seconds
[2024-02-14T10:01:24.233+0000] {processor.py:161} INFO - Started process (PID=681) to work on /home/airflow/.local/lib/python3.8/site-packages/airflow/example_dags/example_sensor_decorator.py
[2024-02-14T10:01:24.234+0000] {processor.py:830} INFO - Processing file /home/airflow/.local/lib/python3.8/site-packages/airflow/example_dags/example_sensor_decorator.py for tasks to queue
[2024-02-14T10:01:24.236+0000] {logging_mixin.py:188} INFO - [2024-02-14T10:01:24.236+0000] {dagbag.py:538} INFO - Filling up the DagBag from /home/airflow/.local/lib/python3.8/site-packages/airflow/example_dags/example_sensor_decorator.py
[2024-02-14T10:01:24.241+0000] {processor.py:840} INFO - DAG(s) 'example_sensor_decorator' retrieved from /home/airflow/.local/lib/python3.8/site-packages/airflow/example_dags/example_sensor_decorator.py
[2024-02-14T10:01:24.255+0000] {logging_mixin.py:188} INFO - [2024-02-14T10:01:24.255+0000] {dag.py:3036} INFO - Sync 1 DAGs
[2024-02-14T10:01:24.263+0000] {logging_mixin.py:188} INFO - [2024-02-14T10:01:24.263+0000] {dag.py:3823} INFO - Setting next_dagrun for example_sensor_decorator to None, run_after=None
[2024-02-14T10:01:24.272+0000] {processor.py:183} INFO - Processing /home/airflow/.local/lib/python3.8/site-packages/airflow/example_dags/example_sensor_decorator.py took 0.042 seconds
[2024-02-14T10:01:54.446+0000] {processor.py:161} INFO - Started process (PID=738) to work on /home/airflow/.local/lib/python3.8/site-packages/airflow/example_dags/example_sensor_decorator.py
[2024-02-14T10:01:54.448+0000] {processor.py:830} INFO - Processing file /home/airflow/.local/lib/python3.8/site-packages/airflow/example_dags/example_sensor_decorator.py for tasks to queue
[2024-02-14T10:01:54.450+0000] {logging_mixin.py:188} INFO - [2024-02-14T10:01:54.450+0000] {dagbag.py:538} INFO - Filling up the DagBag from /home/airflow/.local/lib/python3.8/site-packages/airflow/example_dags/example_sensor_decorator.py
[2024-02-14T10:01:54.456+0000] {processor.py:840} INFO - DAG(s) 'example_sensor_decorator' retrieved from /home/airflow/.local/lib/python3.8/site-packages/airflow/example_dags/example_sensor_decorator.py
[2024-02-14T10:01:54.472+0000] {logging_mixin.py:188} INFO - [2024-02-14T10:01:54.471+0000] {dag.py:3036} INFO - Sync 1 DAGs
[2024-02-14T10:01:54.479+0000] {logging_mixin.py:188} INFO - [2024-02-14T10:01:54.479+0000] {dag.py:3823} INFO - Setting next_dagrun for example_sensor_decorator to None, run_after=None
[2024-02-14T10:01:54.491+0000] {processor.py:183} INFO - Processing /home/airflow/.local/lib/python3.8/site-packages/airflow/example_dags/example_sensor_decorator.py took 0.047 seconds
[2024-02-14T10:02:26.064+0000] {processor.py:161} INFO - Started process (PID=795) to work on /home/airflow/.local/lib/python3.8/site-packages/airflow/example_dags/example_sensor_decorator.py
[2024-02-14T10:02:26.067+0000] {processor.py:830} INFO - Processing file /home/airflow/.local/lib/python3.8/site-packages/airflow/example_dags/example_sensor_decorator.py for tasks to queue
[2024-02-14T10:02:26.070+0000] {logging_mixin.py:188} INFO - [2024-02-14T10:02:26.070+0000] {dagbag.py:538} INFO - Filling up the DagBag from /home/airflow/.local/lib/python3.8/site-packages/airflow/example_dags/example_sensor_decorator.py
[2024-02-14T10:02:26.076+0000] {processor.py:840} INFO - DAG(s) 'example_sensor_decorator' retrieved from /home/airflow/.local/lib/python3.8/site-packages/airflow/example_dags/example_sensor_decorator.py
[2024-02-14T10:02:26.097+0000] {logging_mixin.py:188} INFO - [2024-02-14T10:02:26.096+0000] {dag.py:3036} INFO - Sync 1 DAGs
[2024-02-14T10:02:26.106+0000] {logging_mixin.py:188} INFO - [2024-02-14T10:02:26.106+0000] {dag.py:3823} INFO - Setting next_dagrun for example_sensor_decorator to None, run_after=None
[2024-02-14T10:02:26.126+0000] {processor.py:183} INFO - Processing /home/airflow/.local/lib/python3.8/site-packages/airflow/example_dags/example_sensor_decorator.py took 0.065 seconds
[2024-02-14T10:02:56.920+0000] {processor.py:161} INFO - Started process (PID=854) to work on /home/airflow/.local/lib/python3.8/site-packages/airflow/example_dags/example_sensor_decorator.py
[2024-02-14T10:02:56.921+0000] {processor.py:830} INFO - Processing file /home/airflow/.local/lib/python3.8/site-packages/airflow/example_dags/example_sensor_decorator.py for tasks to queue
[2024-02-14T10:02:56.923+0000] {logging_mixin.py:188} INFO - [2024-02-14T10:02:56.923+0000] {dagbag.py:538} INFO - Filling up the DagBag from /home/airflow/.local/lib/python3.8/site-packages/airflow/example_dags/example_sensor_decorator.py
[2024-02-14T10:02:56.927+0000] {processor.py:840} INFO - DAG(s) 'example_sensor_decorator' retrieved from /home/airflow/.local/lib/python3.8/site-packages/airflow/example_dags/example_sensor_decorator.py
[2024-02-14T10:02:56.940+0000] {logging_mixin.py:188} INFO - [2024-02-14T10:02:56.940+0000] {dag.py:3036} INFO - Sync 1 DAGs
[2024-02-14T10:02:56.948+0000] {logging_mixin.py:188} INFO - [2024-02-14T10:02:56.948+0000] {dag.py:3823} INFO - Setting next_dagrun for example_sensor_decorator to None, run_after=None
[2024-02-14T10:02:56.961+0000] {processor.py:183} INFO - Processing /home/airflow/.local/lib/python3.8/site-packages/airflow/example_dags/example_sensor_decorator.py took 0.043 seconds
