[2024-02-14T09:34:17.530+0000] {processor.py:161} INFO - Started process (PID=45) to work on /home/airflow/.local/lib/python3.8/site-packages/airflow/example_dags/example_skip_dag.py
[2024-02-14T09:34:17.533+0000] {processor.py:830} INFO - Processing file /home/airflow/.local/lib/python3.8/site-packages/airflow/example_dags/example_skip_dag.py for tasks to queue
[2024-02-14T09:34:17.543+0000] {logging_mixin.py:188} INFO - [2024-02-14T09:34:17.542+0000] {dagbag.py:538} INFO - Filling up the DagBag from /home/airflow/.local/lib/python3.8/site-packages/airflow/example_dags/example_skip_dag.py
[2024-02-14T09:34:17.564+0000] {processor.py:840} INFO - DAG(s) 'example_skip_dag' retrieved from /home/airflow/.local/lib/python3.8/site-packages/airflow/example_dags/example_skip_dag.py
[2024-02-14T09:34:17.597+0000] {logging_mixin.py:188} INFO - [2024-02-14T09:34:17.597+0000] {dag.py:3036} INFO - Sync 1 DAGs
[2024-02-14T09:34:17.629+0000] {logging_mixin.py:188} INFO - [2024-02-14T09:34:17.628+0000] {dag.py:3823} INFO - Setting next_dagrun for example_skip_dag to 2024-02-13 00:00:00+00:00, run_after=2024-02-14 00:00:00+00:00
[2024-02-14T09:34:17.661+0000] {processor.py:183} INFO - Processing /home/airflow/.local/lib/python3.8/site-packages/airflow/example_dags/example_skip_dag.py took 0.134 seconds
[2024-02-14T09:34:48.322+0000] {processor.py:161} INFO - Started process (PID=102) to work on /home/airflow/.local/lib/python3.8/site-packages/airflow/example_dags/example_skip_dag.py
[2024-02-14T09:34:48.323+0000] {processor.py:830} INFO - Processing file /home/airflow/.local/lib/python3.8/site-packages/airflow/example_dags/example_skip_dag.py for tasks to queue
[2024-02-14T09:34:48.325+0000] {logging_mixin.py:188} INFO - [2024-02-14T09:34:48.325+0000] {dagbag.py:538} INFO - Filling up the DagBag from /home/airflow/.local/lib/python3.8/site-packages/airflow/example_dags/example_skip_dag.py
[2024-02-14T09:34:48.332+0000] {processor.py:840} INFO - DAG(s) 'example_skip_dag' retrieved from /home/airflow/.local/lib/python3.8/site-packages/airflow/example_dags/example_skip_dag.py
[2024-02-14T09:34:48.401+0000] {logging_mixin.py:188} INFO - [2024-02-14T09:34:48.401+0000] {dag.py:3036} INFO - Sync 1 DAGs
[2024-02-14T09:34:48.416+0000] {logging_mixin.py:188} INFO - [2024-02-14T09:34:48.416+0000] {dag.py:3823} INFO - Setting next_dagrun for example_skip_dag to 2024-02-13 00:00:00+00:00, run_after=2024-02-14 00:00:00+00:00
[2024-02-14T09:34:48.433+0000] {processor.py:183} INFO - Processing /home/airflow/.local/lib/python3.8/site-packages/airflow/example_dags/example_skip_dag.py took 0.114 seconds
[2024-02-14T09:35:19.373+0000] {processor.py:161} INFO - Started process (PID=160) to work on /home/airflow/.local/lib/python3.8/site-packages/airflow/example_dags/example_skip_dag.py
[2024-02-14T09:35:19.375+0000] {processor.py:830} INFO - Processing file /home/airflow/.local/lib/python3.8/site-packages/airflow/example_dags/example_skip_dag.py for tasks to queue
[2024-02-14T09:35:19.377+0000] {logging_mixin.py:188} INFO - [2024-02-14T09:35:19.376+0000] {dagbag.py:538} INFO - Filling up the DagBag from /home/airflow/.local/lib/python3.8/site-packages/airflow/example_dags/example_skip_dag.py
[2024-02-14T09:35:19.382+0000] {processor.py:840} INFO - DAG(s) 'example_skip_dag' retrieved from /home/airflow/.local/lib/python3.8/site-packages/airflow/example_dags/example_skip_dag.py
[2024-02-14T09:35:19.398+0000] {logging_mixin.py:188} INFO - [2024-02-14T09:35:19.398+0000] {dag.py:3036} INFO - Sync 1 DAGs
[2024-02-14T09:35:19.413+0000] {logging_mixin.py:188} INFO - [2024-02-14T09:35:19.413+0000] {dag.py:3823} INFO - Setting next_dagrun for example_skip_dag to 2024-02-13 00:00:00+00:00, run_after=2024-02-14 00:00:00+00:00
[2024-02-14T09:35:19.425+0000] {processor.py:183} INFO - Processing /home/airflow/.local/lib/python3.8/site-packages/airflow/example_dags/example_skip_dag.py took 0.055 seconds
[2024-02-14T09:35:49.628+0000] {processor.py:161} INFO - Started process (PID=216) to work on /home/airflow/.local/lib/python3.8/site-packages/airflow/example_dags/example_skip_dag.py
[2024-02-14T09:35:49.635+0000] {processor.py:830} INFO - Processing file /home/airflow/.local/lib/python3.8/site-packages/airflow/example_dags/example_skip_dag.py for tasks to queue
[2024-02-14T09:35:49.637+0000] {logging_mixin.py:188} INFO - [2024-02-14T09:35:49.637+0000] {dagbag.py:538} INFO - Filling up the DagBag from /home/airflow/.local/lib/python3.8/site-packages/airflow/example_dags/example_skip_dag.py
[2024-02-14T09:35:49.644+0000] {processor.py:840} INFO - DAG(s) 'example_skip_dag' retrieved from /home/airflow/.local/lib/python3.8/site-packages/airflow/example_dags/example_skip_dag.py
[2024-02-14T09:35:49.660+0000] {logging_mixin.py:188} INFO - [2024-02-14T09:35:49.659+0000] {dag.py:3036} INFO - Sync 1 DAGs
[2024-02-14T09:35:49.674+0000] {logging_mixin.py:188} INFO - [2024-02-14T09:35:49.674+0000] {dag.py:3823} INFO - Setting next_dagrun for example_skip_dag to 2024-02-13 00:00:00+00:00, run_after=2024-02-14 00:00:00+00:00
[2024-02-14T09:35:49.687+0000] {processor.py:183} INFO - Processing /home/airflow/.local/lib/python3.8/site-packages/airflow/example_dags/example_skip_dag.py took 0.062 seconds
[2024-02-14T09:36:20.296+0000] {processor.py:161} INFO - Started process (PID=271) to work on /home/airflow/.local/lib/python3.8/site-packages/airflow/example_dags/example_skip_dag.py
[2024-02-14T09:36:20.299+0000] {processor.py:830} INFO - Processing file /home/airflow/.local/lib/python3.8/site-packages/airflow/example_dags/example_skip_dag.py for tasks to queue
[2024-02-14T09:36:20.302+0000] {logging_mixin.py:188} INFO - [2024-02-14T09:36:20.301+0000] {dagbag.py:538} INFO - Filling up the DagBag from /home/airflow/.local/lib/python3.8/site-packages/airflow/example_dags/example_skip_dag.py
[2024-02-14T09:36:20.310+0000] {processor.py:840} INFO - DAG(s) 'example_skip_dag' retrieved from /home/airflow/.local/lib/python3.8/site-packages/airflow/example_dags/example_skip_dag.py
[2024-02-14T09:36:20.338+0000] {logging_mixin.py:188} INFO - [2024-02-14T09:36:20.338+0000] {dag.py:3036} INFO - Sync 1 DAGs
[2024-02-14T09:36:20.355+0000] {logging_mixin.py:188} INFO - [2024-02-14T09:36:20.355+0000] {dag.py:3823} INFO - Setting next_dagrun for example_skip_dag to 2024-02-13 00:00:00+00:00, run_after=2024-02-14 00:00:00+00:00
[2024-02-14T09:36:20.370+0000] {processor.py:183} INFO - Processing /home/airflow/.local/lib/python3.8/site-packages/airflow/example_dags/example_skip_dag.py took 0.077 seconds
[2024-02-14T09:36:50.628+0000] {processor.py:161} INFO - Started process (PID=327) to work on /home/airflow/.local/lib/python3.8/site-packages/airflow/example_dags/example_skip_dag.py
[2024-02-14T09:36:50.629+0000] {processor.py:830} INFO - Processing file /home/airflow/.local/lib/python3.8/site-packages/airflow/example_dags/example_skip_dag.py for tasks to queue
[2024-02-14T09:36:50.631+0000] {logging_mixin.py:188} INFO - [2024-02-14T09:36:50.631+0000] {dagbag.py:538} INFO - Filling up the DagBag from /home/airflow/.local/lib/python3.8/site-packages/airflow/example_dags/example_skip_dag.py
[2024-02-14T09:36:50.637+0000] {processor.py:840} INFO - DAG(s) 'example_skip_dag' retrieved from /home/airflow/.local/lib/python3.8/site-packages/airflow/example_dags/example_skip_dag.py
[2024-02-14T09:36:50.653+0000] {logging_mixin.py:188} INFO - [2024-02-14T09:36:50.653+0000] {dag.py:3036} INFO - Sync 1 DAGs
[2024-02-14T09:36:50.666+0000] {logging_mixin.py:188} INFO - [2024-02-14T09:36:50.665+0000] {dag.py:3823} INFO - Setting next_dagrun for example_skip_dag to 2024-02-13 00:00:00+00:00, run_after=2024-02-14 00:00:00+00:00
[2024-02-14T09:36:50.677+0000] {processor.py:183} INFO - Processing /home/airflow/.local/lib/python3.8/site-packages/airflow/example_dags/example_skip_dag.py took 0.051 seconds
[2024-02-14T09:37:21.218+0000] {processor.py:161} INFO - Started process (PID=386) to work on /home/airflow/.local/lib/python3.8/site-packages/airflow/example_dags/example_skip_dag.py
[2024-02-14T09:37:21.219+0000] {processor.py:830} INFO - Processing file /home/airflow/.local/lib/python3.8/site-packages/airflow/example_dags/example_skip_dag.py for tasks to queue
[2024-02-14T09:37:21.222+0000] {logging_mixin.py:188} INFO - [2024-02-14T09:37:21.221+0000] {dagbag.py:538} INFO - Filling up the DagBag from /home/airflow/.local/lib/python3.8/site-packages/airflow/example_dags/example_skip_dag.py
[2024-02-14T09:37:21.227+0000] {processor.py:840} INFO - DAG(s) 'example_skip_dag' retrieved from /home/airflow/.local/lib/python3.8/site-packages/airflow/example_dags/example_skip_dag.py
[2024-02-14T09:37:21.243+0000] {logging_mixin.py:188} INFO - [2024-02-14T09:37:21.243+0000] {dag.py:3036} INFO - Sync 1 DAGs
[2024-02-14T09:37:21.257+0000] {logging_mixin.py:188} INFO - [2024-02-14T09:37:21.257+0000] {dag.py:3823} INFO - Setting next_dagrun for example_skip_dag to 2024-02-13 00:00:00+00:00, run_after=2024-02-14 00:00:00+00:00
[2024-02-14T09:37:21.270+0000] {processor.py:183} INFO - Processing /home/airflow/.local/lib/python3.8/site-packages/airflow/example_dags/example_skip_dag.py took 0.055 seconds
[2024-02-14T09:37:51.565+0000] {processor.py:161} INFO - Started process (PID=442) to work on /home/airflow/.local/lib/python3.8/site-packages/airflow/example_dags/example_skip_dag.py
[2024-02-14T09:37:51.567+0000] {processor.py:830} INFO - Processing file /home/airflow/.local/lib/python3.8/site-packages/airflow/example_dags/example_skip_dag.py for tasks to queue
[2024-02-14T09:37:51.570+0000] {logging_mixin.py:188} INFO - [2024-02-14T09:37:51.569+0000] {dagbag.py:538} INFO - Filling up the DagBag from /home/airflow/.local/lib/python3.8/site-packages/airflow/example_dags/example_skip_dag.py
[2024-02-14T09:37:51.575+0000] {processor.py:840} INFO - DAG(s) 'example_skip_dag' retrieved from /home/airflow/.local/lib/python3.8/site-packages/airflow/example_dags/example_skip_dag.py
[2024-02-14T09:37:51.589+0000] {logging_mixin.py:188} INFO - [2024-02-14T09:37:51.589+0000] {dag.py:3036} INFO - Sync 1 DAGs
[2024-02-14T09:37:51.603+0000] {logging_mixin.py:188} INFO - [2024-02-14T09:37:51.603+0000] {dag.py:3823} INFO - Setting next_dagrun for example_skip_dag to 2024-02-13 00:00:00+00:00, run_after=2024-02-14 00:00:00+00:00
[2024-02-14T09:37:51.614+0000] {processor.py:183} INFO - Processing /home/airflow/.local/lib/python3.8/site-packages/airflow/example_dags/example_skip_dag.py took 0.053 seconds
[2024-02-14T09:38:21.803+0000] {processor.py:161} INFO - Started process (PID=500) to work on /home/airflow/.local/lib/python3.8/site-packages/airflow/example_dags/example_skip_dag.py
[2024-02-14T09:38:21.805+0000] {processor.py:830} INFO - Processing file /home/airflow/.local/lib/python3.8/site-packages/airflow/example_dags/example_skip_dag.py for tasks to queue
[2024-02-14T09:38:21.807+0000] {logging_mixin.py:188} INFO - [2024-02-14T09:38:21.807+0000] {dagbag.py:538} INFO - Filling up the DagBag from /home/airflow/.local/lib/python3.8/site-packages/airflow/example_dags/example_skip_dag.py
[2024-02-14T09:38:21.812+0000] {processor.py:840} INFO - DAG(s) 'example_skip_dag' retrieved from /home/airflow/.local/lib/python3.8/site-packages/airflow/example_dags/example_skip_dag.py
[2024-02-14T09:38:21.827+0000] {logging_mixin.py:188} INFO - [2024-02-14T09:38:21.827+0000] {dag.py:3036} INFO - Sync 1 DAGs
[2024-02-14T09:38:21.840+0000] {logging_mixin.py:188} INFO - [2024-02-14T09:38:21.840+0000] {dag.py:3823} INFO - Setting next_dagrun for example_skip_dag to 2024-02-13 00:00:00+00:00, run_after=2024-02-14 00:00:00+00:00
[2024-02-14T09:38:21.853+0000] {processor.py:183} INFO - Processing /home/airflow/.local/lib/python3.8/site-packages/airflow/example_dags/example_skip_dag.py took 0.053 seconds
[2024-02-14T09:38:52.182+0000] {processor.py:161} INFO - Started process (PID=557) to work on /home/airflow/.local/lib/python3.8/site-packages/airflow/example_dags/example_skip_dag.py
[2024-02-14T09:38:52.185+0000] {processor.py:830} INFO - Processing file /home/airflow/.local/lib/python3.8/site-packages/airflow/example_dags/example_skip_dag.py for tasks to queue
[2024-02-14T09:38:52.187+0000] {logging_mixin.py:188} INFO - [2024-02-14T09:38:52.186+0000] {dagbag.py:538} INFO - Filling up the DagBag from /home/airflow/.local/lib/python3.8/site-packages/airflow/example_dags/example_skip_dag.py
[2024-02-14T09:38:52.200+0000] {processor.py:840} INFO - DAG(s) 'example_skip_dag' retrieved from /home/airflow/.local/lib/python3.8/site-packages/airflow/example_dags/example_skip_dag.py
[2024-02-14T09:38:52.230+0000] {logging_mixin.py:188} INFO - [2024-02-14T09:38:52.229+0000] {dag.py:3036} INFO - Sync 1 DAGs
[2024-02-14T09:38:52.301+0000] {logging_mixin.py:188} INFO - [2024-02-14T09:38:52.301+0000] {dag.py:3823} INFO - Setting next_dagrun for example_skip_dag to 2024-02-13 00:00:00+00:00, run_after=2024-02-14 00:00:00+00:00
[2024-02-14T09:38:52.321+0000] {processor.py:183} INFO - Processing /home/airflow/.local/lib/python3.8/site-packages/airflow/example_dags/example_skip_dag.py took 0.142 seconds
[2024-02-14T09:43:47.334+0000] {processor.py:161} INFO - Started process (PID=41) to work on /home/airflow/.local/lib/python3.8/site-packages/airflow/example_dags/example_skip_dag.py
[2024-02-14T09:43:47.336+0000] {processor.py:830} INFO - Processing file /home/airflow/.local/lib/python3.8/site-packages/airflow/example_dags/example_skip_dag.py for tasks to queue
[2024-02-14T09:43:47.340+0000] {logging_mixin.py:188} INFO - [2024-02-14T09:43:47.340+0000] {dagbag.py:538} INFO - Filling up the DagBag from /home/airflow/.local/lib/python3.8/site-packages/airflow/example_dags/example_skip_dag.py
[2024-02-14T09:43:47.352+0000] {processor.py:840} INFO - DAG(s) 'example_skip_dag' retrieved from /home/airflow/.local/lib/python3.8/site-packages/airflow/example_dags/example_skip_dag.py
[2024-02-14T09:43:47.372+0000] {logging_mixin.py:188} INFO - [2024-02-14T09:43:47.371+0000] {dag.py:3036} INFO - Sync 1 DAGs
[2024-02-14T09:43:47.403+0000] {logging_mixin.py:188} INFO - [2024-02-14T09:43:47.403+0000] {dag.py:3823} INFO - Setting next_dagrun for example_skip_dag to 2024-02-13 00:00:00+00:00, run_after=2024-02-14 00:00:00+00:00
[2024-02-14T09:43:47.426+0000] {processor.py:183} INFO - Processing /home/airflow/.local/lib/python3.8/site-packages/airflow/example_dags/example_skip_dag.py took 0.101 seconds
[2024-02-14T09:46:35.651+0000] {processor.py:161} INFO - Started process (PID=40) to work on /home/airflow/.local/lib/python3.8/site-packages/airflow/example_dags/example_skip_dag.py
[2024-02-14T09:46:35.664+0000] {processor.py:830} INFO - Processing file /home/airflow/.local/lib/python3.8/site-packages/airflow/example_dags/example_skip_dag.py for tasks to queue
[2024-02-14T09:46:35.669+0000] {logging_mixin.py:188} INFO - [2024-02-14T09:46:35.668+0000] {dagbag.py:538} INFO - Filling up the DagBag from /home/airflow/.local/lib/python3.8/site-packages/airflow/example_dags/example_skip_dag.py
[2024-02-14T09:46:35.693+0000] {processor.py:840} INFO - DAG(s) 'example_skip_dag' retrieved from /home/airflow/.local/lib/python3.8/site-packages/airflow/example_dags/example_skip_dag.py
[2024-02-14T09:46:35.870+0000] {logging_mixin.py:188} INFO - [2024-02-14T09:46:35.870+0000] {override.py:1769} INFO - Created Permission View: can edit on DAG:example_skip_dag
[2024-02-14T09:46:35.880+0000] {logging_mixin.py:188} INFO - [2024-02-14T09:46:35.880+0000] {override.py:1769} INFO - Created Permission View: can read on DAG:example_skip_dag
[2024-02-14T09:46:35.888+0000] {logging_mixin.py:188} INFO - [2024-02-14T09:46:35.888+0000] {override.py:1769} INFO - Created Permission View: can delete on DAG:example_skip_dag
[2024-02-14T09:46:35.891+0000] {logging_mixin.py:188} INFO - [2024-02-14T09:46:35.890+0000] {dag.py:3036} INFO - Sync 1 DAGs
[2024-02-14T09:46:35.906+0000] {logging_mixin.py:188} INFO - [2024-02-14T09:46:35.906+0000] {dag.py:3058} INFO - Creating ORM DAG for example_skip_dag
[2024-02-14T09:46:35.929+0000] {logging_mixin.py:188} INFO - [2024-02-14T09:46:35.929+0000] {dag.py:3823} INFO - Setting next_dagrun for example_skip_dag to 2024-02-13 00:00:00+00:00, run_after=2024-02-14 00:00:00+00:00
[2024-02-14T09:46:35.965+0000] {processor.py:183} INFO - Processing /home/airflow/.local/lib/python3.8/site-packages/airflow/example_dags/example_skip_dag.py took 0.319 seconds
[2024-02-14T09:47:06.234+0000] {processor.py:161} INFO - Started process (PID=95) to work on /home/airflow/.local/lib/python3.8/site-packages/airflow/example_dags/example_skip_dag.py
[2024-02-14T09:47:06.237+0000] {processor.py:830} INFO - Processing file /home/airflow/.local/lib/python3.8/site-packages/airflow/example_dags/example_skip_dag.py for tasks to queue
[2024-02-14T09:47:06.239+0000] {logging_mixin.py:188} INFO - [2024-02-14T09:47:06.238+0000] {dagbag.py:538} INFO - Filling up the DagBag from /home/airflow/.local/lib/python3.8/site-packages/airflow/example_dags/example_skip_dag.py
[2024-02-14T09:47:06.244+0000] {processor.py:840} INFO - DAG(s) 'example_skip_dag' retrieved from /home/airflow/.local/lib/python3.8/site-packages/airflow/example_dags/example_skip_dag.py
[2024-02-14T09:47:06.258+0000] {logging_mixin.py:188} INFO - [2024-02-14T09:47:06.258+0000] {dag.py:3036} INFO - Sync 1 DAGs
[2024-02-14T09:47:06.272+0000] {logging_mixin.py:188} INFO - [2024-02-14T09:47:06.272+0000] {dag.py:3823} INFO - Setting next_dagrun for example_skip_dag to 2024-02-13 00:00:00+00:00, run_after=2024-02-14 00:00:00+00:00
[2024-02-14T09:47:06.283+0000] {processor.py:183} INFO - Processing /home/airflow/.local/lib/python3.8/site-packages/airflow/example_dags/example_skip_dag.py took 0.051 seconds
[2024-02-14T09:47:36.927+0000] {processor.py:161} INFO - Started process (PID=153) to work on /home/airflow/.local/lib/python3.8/site-packages/airflow/example_dags/example_skip_dag.py
[2024-02-14T09:47:36.928+0000] {processor.py:830} INFO - Processing file /home/airflow/.local/lib/python3.8/site-packages/airflow/example_dags/example_skip_dag.py for tasks to queue
[2024-02-14T09:47:36.930+0000] {logging_mixin.py:188} INFO - [2024-02-14T09:47:36.930+0000] {dagbag.py:538} INFO - Filling up the DagBag from /home/airflow/.local/lib/python3.8/site-packages/airflow/example_dags/example_skip_dag.py
[2024-02-14T09:47:36.936+0000] {processor.py:840} INFO - DAG(s) 'example_skip_dag' retrieved from /home/airflow/.local/lib/python3.8/site-packages/airflow/example_dags/example_skip_dag.py
[2024-02-14T09:47:36.951+0000] {logging_mixin.py:188} INFO - [2024-02-14T09:47:36.951+0000] {dag.py:3036} INFO - Sync 1 DAGs
[2024-02-14T09:47:36.966+0000] {logging_mixin.py:188} INFO - [2024-02-14T09:47:36.966+0000] {dag.py:3823} INFO - Setting next_dagrun for example_skip_dag to 2024-02-13 00:00:00+00:00, run_after=2024-02-14 00:00:00+00:00
[2024-02-14T09:47:36.978+0000] {processor.py:183} INFO - Processing /home/airflow/.local/lib/python3.8/site-packages/airflow/example_dags/example_skip_dag.py took 0.054 seconds
[2024-02-14T09:48:07.507+0000] {processor.py:161} INFO - Started process (PID=211) to work on /home/airflow/.local/lib/python3.8/site-packages/airflow/example_dags/example_skip_dag.py
[2024-02-14T09:48:07.509+0000] {processor.py:830} INFO - Processing file /home/airflow/.local/lib/python3.8/site-packages/airflow/example_dags/example_skip_dag.py for tasks to queue
[2024-02-14T09:48:07.511+0000] {logging_mixin.py:188} INFO - [2024-02-14T09:48:07.511+0000] {dagbag.py:538} INFO - Filling up the DagBag from /home/airflow/.local/lib/python3.8/site-packages/airflow/example_dags/example_skip_dag.py
[2024-02-14T09:48:07.522+0000] {processor.py:840} INFO - DAG(s) 'example_skip_dag' retrieved from /home/airflow/.local/lib/python3.8/site-packages/airflow/example_dags/example_skip_dag.py
[2024-02-14T09:48:07.540+0000] {logging_mixin.py:188} INFO - [2024-02-14T09:48:07.540+0000] {dag.py:3036} INFO - Sync 1 DAGs
[2024-02-14T09:48:07.557+0000] {logging_mixin.py:188} INFO - [2024-02-14T09:48:07.556+0000] {dag.py:3823} INFO - Setting next_dagrun for example_skip_dag to 2024-02-13 00:00:00+00:00, run_after=2024-02-14 00:00:00+00:00
[2024-02-14T09:48:07.571+0000] {processor.py:183} INFO - Processing /home/airflow/.local/lib/python3.8/site-packages/airflow/example_dags/example_skip_dag.py took 0.066 seconds
[2024-02-14T09:48:37.611+0000] {processor.py:161} INFO - Started process (PID=271) to work on /home/airflow/.local/lib/python3.8/site-packages/airflow/example_dags/example_skip_dag.py
[2024-02-14T09:48:37.613+0000] {processor.py:830} INFO - Processing file /home/airflow/.local/lib/python3.8/site-packages/airflow/example_dags/example_skip_dag.py for tasks to queue
[2024-02-14T09:48:37.622+0000] {logging_mixin.py:188} INFO - [2024-02-14T09:48:37.622+0000] {dagbag.py:538} INFO - Filling up the DagBag from /home/airflow/.local/lib/python3.8/site-packages/airflow/example_dags/example_skip_dag.py
[2024-02-14T09:48:37.628+0000] {processor.py:840} INFO - DAG(s) 'example_skip_dag' retrieved from /home/airflow/.local/lib/python3.8/site-packages/airflow/example_dags/example_skip_dag.py
[2024-02-14T09:48:37.643+0000] {logging_mixin.py:188} INFO - [2024-02-14T09:48:37.643+0000] {dag.py:3036} INFO - Sync 1 DAGs
[2024-02-14T09:48:37.655+0000] {logging_mixin.py:188} INFO - [2024-02-14T09:48:37.655+0000] {dag.py:3823} INFO - Setting next_dagrun for example_skip_dag to 2024-02-13 00:00:00+00:00, run_after=2024-02-14 00:00:00+00:00
[2024-02-14T09:48:37.667+0000] {processor.py:183} INFO - Processing /home/airflow/.local/lib/python3.8/site-packages/airflow/example_dags/example_skip_dag.py took 0.058 seconds
[2024-02-14T09:49:08.400+0000] {processor.py:161} INFO - Started process (PID=327) to work on /home/airflow/.local/lib/python3.8/site-packages/airflow/example_dags/example_skip_dag.py
[2024-02-14T09:49:08.404+0000] {processor.py:830} INFO - Processing file /home/airflow/.local/lib/python3.8/site-packages/airflow/example_dags/example_skip_dag.py for tasks to queue
[2024-02-14T09:49:08.410+0000] {logging_mixin.py:188} INFO - [2024-02-14T09:49:08.410+0000] {dagbag.py:538} INFO - Filling up the DagBag from /home/airflow/.local/lib/python3.8/site-packages/airflow/example_dags/example_skip_dag.py
[2024-02-14T09:49:08.420+0000] {processor.py:840} INFO - DAG(s) 'example_skip_dag' retrieved from /home/airflow/.local/lib/python3.8/site-packages/airflow/example_dags/example_skip_dag.py
[2024-02-14T09:49:08.461+0000] {logging_mixin.py:188} INFO - [2024-02-14T09:49:08.460+0000] {dag.py:3036} INFO - Sync 1 DAGs
[2024-02-14T09:49:08.501+0000] {logging_mixin.py:188} INFO - [2024-02-14T09:49:08.501+0000] {dag.py:3823} INFO - Setting next_dagrun for example_skip_dag to 2024-02-13 00:00:00+00:00, run_after=2024-02-14 00:00:00+00:00
[2024-02-14T09:49:08.555+0000] {processor.py:183} INFO - Processing /home/airflow/.local/lib/python3.8/site-packages/airflow/example_dags/example_skip_dag.py took 0.159 seconds
[2024-02-14T09:49:39.290+0000] {processor.py:161} INFO - Started process (PID=383) to work on /home/airflow/.local/lib/python3.8/site-packages/airflow/example_dags/example_skip_dag.py
[2024-02-14T09:49:39.292+0000] {processor.py:830} INFO - Processing file /home/airflow/.local/lib/python3.8/site-packages/airflow/example_dags/example_skip_dag.py for tasks to queue
[2024-02-14T09:49:39.294+0000] {logging_mixin.py:188} INFO - [2024-02-14T09:49:39.294+0000] {dagbag.py:538} INFO - Filling up the DagBag from /home/airflow/.local/lib/python3.8/site-packages/airflow/example_dags/example_skip_dag.py
[2024-02-14T09:49:39.300+0000] {processor.py:840} INFO - DAG(s) 'example_skip_dag' retrieved from /home/airflow/.local/lib/python3.8/site-packages/airflow/example_dags/example_skip_dag.py
[2024-02-14T09:49:39.315+0000] {logging_mixin.py:188} INFO - [2024-02-14T09:49:39.315+0000] {dag.py:3036} INFO - Sync 1 DAGs
[2024-02-14T09:49:39.328+0000] {logging_mixin.py:188} INFO - [2024-02-14T09:49:39.328+0000] {dag.py:3823} INFO - Setting next_dagrun for example_skip_dag to 2024-02-13 00:00:00+00:00, run_after=2024-02-14 00:00:00+00:00
[2024-02-14T09:49:39.343+0000] {processor.py:183} INFO - Processing /home/airflow/.local/lib/python3.8/site-packages/airflow/example_dags/example_skip_dag.py took 0.056 seconds
[2024-02-14T09:50:09.865+0000] {processor.py:161} INFO - Started process (PID=441) to work on /home/airflow/.local/lib/python3.8/site-packages/airflow/example_dags/example_skip_dag.py
[2024-02-14T09:50:09.867+0000] {processor.py:830} INFO - Processing file /home/airflow/.local/lib/python3.8/site-packages/airflow/example_dags/example_skip_dag.py for tasks to queue
[2024-02-14T09:50:09.870+0000] {logging_mixin.py:188} INFO - [2024-02-14T09:50:09.869+0000] {dagbag.py:538} INFO - Filling up the DagBag from /home/airflow/.local/lib/python3.8/site-packages/airflow/example_dags/example_skip_dag.py
[2024-02-14T09:50:09.875+0000] {processor.py:840} INFO - DAG(s) 'example_skip_dag' retrieved from /home/airflow/.local/lib/python3.8/site-packages/airflow/example_dags/example_skip_dag.py
[2024-02-14T09:50:09.892+0000] {logging_mixin.py:188} INFO - [2024-02-14T09:50:09.891+0000] {dag.py:3036} INFO - Sync 1 DAGs
[2024-02-14T09:50:09.906+0000] {logging_mixin.py:188} INFO - [2024-02-14T09:50:09.906+0000] {dag.py:3823} INFO - Setting next_dagrun for example_skip_dag to 2024-02-13 00:00:00+00:00, run_after=2024-02-14 00:00:00+00:00
[2024-02-14T09:50:09.919+0000] {processor.py:183} INFO - Processing /home/airflow/.local/lib/python3.8/site-packages/airflow/example_dags/example_skip_dag.py took 0.057 seconds
[2024-02-14T09:50:40.373+0000] {processor.py:161} INFO - Started process (PID=497) to work on /home/airflow/.local/lib/python3.8/site-packages/airflow/example_dags/example_skip_dag.py
[2024-02-14T09:50:40.375+0000] {processor.py:830} INFO - Processing file /home/airflow/.local/lib/python3.8/site-packages/airflow/example_dags/example_skip_dag.py for tasks to queue
[2024-02-14T09:50:40.376+0000] {logging_mixin.py:188} INFO - [2024-02-14T09:50:40.376+0000] {dagbag.py:538} INFO - Filling up the DagBag from /home/airflow/.local/lib/python3.8/site-packages/airflow/example_dags/example_skip_dag.py
[2024-02-14T09:50:40.382+0000] {processor.py:840} INFO - DAG(s) 'example_skip_dag' retrieved from /home/airflow/.local/lib/python3.8/site-packages/airflow/example_dags/example_skip_dag.py
[2024-02-14T09:50:40.398+0000] {logging_mixin.py:188} INFO - [2024-02-14T09:50:40.398+0000] {dag.py:3036} INFO - Sync 1 DAGs
[2024-02-14T09:50:40.412+0000] {logging_mixin.py:188} INFO - [2024-02-14T09:50:40.412+0000] {dag.py:3823} INFO - Setting next_dagrun for example_skip_dag to 2024-02-13 00:00:00+00:00, run_after=2024-02-14 00:00:00+00:00
[2024-02-14T09:50:40.425+0000] {processor.py:183} INFO - Processing /home/airflow/.local/lib/python3.8/site-packages/airflow/example_dags/example_skip_dag.py took 0.054 seconds
[2024-02-14T09:51:10.650+0000] {processor.py:161} INFO - Started process (PID=553) to work on /home/airflow/.local/lib/python3.8/site-packages/airflow/example_dags/example_skip_dag.py
[2024-02-14T09:51:10.652+0000] {processor.py:830} INFO - Processing file /home/airflow/.local/lib/python3.8/site-packages/airflow/example_dags/example_skip_dag.py for tasks to queue
[2024-02-14T09:51:10.654+0000] {logging_mixin.py:188} INFO - [2024-02-14T09:51:10.653+0000] {dagbag.py:538} INFO - Filling up the DagBag from /home/airflow/.local/lib/python3.8/site-packages/airflow/example_dags/example_skip_dag.py
[2024-02-14T09:51:10.658+0000] {processor.py:840} INFO - DAG(s) 'example_skip_dag' retrieved from /home/airflow/.local/lib/python3.8/site-packages/airflow/example_dags/example_skip_dag.py
[2024-02-14T09:51:10.675+0000] {logging_mixin.py:188} INFO - [2024-02-14T09:51:10.675+0000] {dag.py:3036} INFO - Sync 1 DAGs
[2024-02-14T09:51:10.687+0000] {logging_mixin.py:188} INFO - [2024-02-14T09:51:10.687+0000] {dag.py:3823} INFO - Setting next_dagrun for example_skip_dag to 2024-02-13 00:00:00+00:00, run_after=2024-02-14 00:00:00+00:00
[2024-02-14T09:51:10.700+0000] {processor.py:183} INFO - Processing /home/airflow/.local/lib/python3.8/site-packages/airflow/example_dags/example_skip_dag.py took 0.052 seconds
[2024-02-14T09:51:41.024+0000] {processor.py:161} INFO - Started process (PID=611) to work on /home/airflow/.local/lib/python3.8/site-packages/airflow/example_dags/example_skip_dag.py
[2024-02-14T09:51:41.026+0000] {processor.py:830} INFO - Processing file /home/airflow/.local/lib/python3.8/site-packages/airflow/example_dags/example_skip_dag.py for tasks to queue
[2024-02-14T09:51:41.028+0000] {logging_mixin.py:188} INFO - [2024-02-14T09:51:41.028+0000] {dagbag.py:538} INFO - Filling up the DagBag from /home/airflow/.local/lib/python3.8/site-packages/airflow/example_dags/example_skip_dag.py
[2024-02-14T09:51:41.036+0000] {processor.py:840} INFO - DAG(s) 'example_skip_dag' retrieved from /home/airflow/.local/lib/python3.8/site-packages/airflow/example_dags/example_skip_dag.py
[2024-02-14T09:51:41.057+0000] {logging_mixin.py:188} INFO - [2024-02-14T09:51:41.057+0000] {dag.py:3036} INFO - Sync 1 DAGs
[2024-02-14T09:51:41.080+0000] {logging_mixin.py:188} INFO - [2024-02-14T09:51:41.079+0000] {dag.py:3823} INFO - Setting next_dagrun for example_skip_dag to 2024-02-13 00:00:00+00:00, run_after=2024-02-14 00:00:00+00:00
[2024-02-14T09:51:41.093+0000] {processor.py:183} INFO - Processing /home/airflow/.local/lib/python3.8/site-packages/airflow/example_dags/example_skip_dag.py took 0.072 seconds
[2024-02-14T09:52:11.743+0000] {processor.py:161} INFO - Started process (PID=668) to work on /home/airflow/.local/lib/python3.8/site-packages/airflow/example_dags/example_skip_dag.py
[2024-02-14T09:52:11.745+0000] {processor.py:830} INFO - Processing file /home/airflow/.local/lib/python3.8/site-packages/airflow/example_dags/example_skip_dag.py for tasks to queue
[2024-02-14T09:52:11.747+0000] {logging_mixin.py:188} INFO - [2024-02-14T09:52:11.747+0000] {dagbag.py:538} INFO - Filling up the DagBag from /home/airflow/.local/lib/python3.8/site-packages/airflow/example_dags/example_skip_dag.py
[2024-02-14T09:52:11.753+0000] {processor.py:840} INFO - DAG(s) 'example_skip_dag' retrieved from /home/airflow/.local/lib/python3.8/site-packages/airflow/example_dags/example_skip_dag.py
[2024-02-14T09:52:11.769+0000] {logging_mixin.py:188} INFO - [2024-02-14T09:52:11.769+0000] {dag.py:3036} INFO - Sync 1 DAGs
[2024-02-14T09:52:11.782+0000] {logging_mixin.py:188} INFO - [2024-02-14T09:52:11.782+0000] {dag.py:3823} INFO - Setting next_dagrun for example_skip_dag to 2024-02-13 00:00:00+00:00, run_after=2024-02-14 00:00:00+00:00
[2024-02-14T09:52:11.794+0000] {processor.py:183} INFO - Processing /home/airflow/.local/lib/python3.8/site-packages/airflow/example_dags/example_skip_dag.py took 0.053 seconds
[2024-02-14T09:52:42.351+0000] {processor.py:161} INFO - Started process (PID=724) to work on /home/airflow/.local/lib/python3.8/site-packages/airflow/example_dags/example_skip_dag.py
[2024-02-14T09:52:42.354+0000] {processor.py:830} INFO - Processing file /home/airflow/.local/lib/python3.8/site-packages/airflow/example_dags/example_skip_dag.py for tasks to queue
[2024-02-14T09:52:42.362+0000] {logging_mixin.py:188} INFO - [2024-02-14T09:52:42.362+0000] {dagbag.py:538} INFO - Filling up the DagBag from /home/airflow/.local/lib/python3.8/site-packages/airflow/example_dags/example_skip_dag.py
[2024-02-14T09:52:42.383+0000] {processor.py:840} INFO - DAG(s) 'example_skip_dag' retrieved from /home/airflow/.local/lib/python3.8/site-packages/airflow/example_dags/example_skip_dag.py
[2024-02-14T09:52:42.427+0000] {logging_mixin.py:188} INFO - [2024-02-14T09:52:42.427+0000] {dag.py:3036} INFO - Sync 1 DAGs
[2024-02-14T09:52:42.459+0000] {logging_mixin.py:188} INFO - [2024-02-14T09:52:42.457+0000] {dag.py:3823} INFO - Setting next_dagrun for example_skip_dag to 2024-02-13 00:00:00+00:00, run_after=2024-02-14 00:00:00+00:00
[2024-02-14T09:52:42.501+0000] {processor.py:183} INFO - Processing /home/airflow/.local/lib/python3.8/site-packages/airflow/example_dags/example_skip_dag.py took 0.159 seconds
[2024-02-14T09:53:37.101+0000] {processor.py:161} INFO - Started process (PID=45) to work on /home/airflow/.local/lib/python3.8/site-packages/airflow/example_dags/example_skip_dag.py
[2024-02-14T09:53:37.108+0000] {processor.py:830} INFO - Processing file /home/airflow/.local/lib/python3.8/site-packages/airflow/example_dags/example_skip_dag.py for tasks to queue
[2024-02-14T09:53:37.117+0000] {logging_mixin.py:188} INFO - [2024-02-14T09:53:37.117+0000] {dagbag.py:538} INFO - Filling up the DagBag from /home/airflow/.local/lib/python3.8/site-packages/airflow/example_dags/example_skip_dag.py
[2024-02-14T09:53:37.132+0000] {processor.py:840} INFO - DAG(s) 'example_skip_dag' retrieved from /home/airflow/.local/lib/python3.8/site-packages/airflow/example_dags/example_skip_dag.py
[2024-02-14T09:53:37.162+0000] {logging_mixin.py:188} INFO - [2024-02-14T09:53:37.162+0000] {dag.py:3036} INFO - Sync 1 DAGs
[2024-02-14T09:53:37.195+0000] {logging_mixin.py:188} INFO - [2024-02-14T09:53:37.194+0000] {dag.py:3823} INFO - Setting next_dagrun for example_skip_dag to 2024-02-13 00:00:00+00:00, run_after=2024-02-14 00:00:00+00:00
[2024-02-14T09:53:37.231+0000] {processor.py:183} INFO - Processing /home/airflow/.local/lib/python3.8/site-packages/airflow/example_dags/example_skip_dag.py took 0.137 seconds
[2024-02-14T09:54:07.683+0000] {processor.py:161} INFO - Started process (PID=101) to work on /home/airflow/.local/lib/python3.8/site-packages/airflow/example_dags/example_skip_dag.py
[2024-02-14T09:54:07.685+0000] {processor.py:830} INFO - Processing file /home/airflow/.local/lib/python3.8/site-packages/airflow/example_dags/example_skip_dag.py for tasks to queue
[2024-02-14T09:54:07.689+0000] {logging_mixin.py:188} INFO - [2024-02-14T09:54:07.689+0000] {dagbag.py:538} INFO - Filling up the DagBag from /home/airflow/.local/lib/python3.8/site-packages/airflow/example_dags/example_skip_dag.py
[2024-02-14T09:54:07.695+0000] {processor.py:840} INFO - DAG(s) 'example_skip_dag' retrieved from /home/airflow/.local/lib/python3.8/site-packages/airflow/example_dags/example_skip_dag.py
[2024-02-14T09:54:07.773+0000] {logging_mixin.py:188} INFO - [2024-02-14T09:54:07.773+0000] {dag.py:3036} INFO - Sync 1 DAGs
[2024-02-14T09:54:07.788+0000] {logging_mixin.py:188} INFO - [2024-02-14T09:54:07.788+0000] {dag.py:3823} INFO - Setting next_dagrun for example_skip_dag to 2024-02-13 00:00:00+00:00, run_after=2024-02-14 00:00:00+00:00
[2024-02-14T09:54:07.809+0000] {processor.py:183} INFO - Processing /home/airflow/.local/lib/python3.8/site-packages/airflow/example_dags/example_skip_dag.py took 0.128 seconds
[2024-02-14T09:54:37.888+0000] {processor.py:161} INFO - Started process (PID=158) to work on /home/airflow/.local/lib/python3.8/site-packages/airflow/example_dags/example_skip_dag.py
[2024-02-14T09:54:37.889+0000] {processor.py:830} INFO - Processing file /home/airflow/.local/lib/python3.8/site-packages/airflow/example_dags/example_skip_dag.py for tasks to queue
[2024-02-14T09:54:37.891+0000] {logging_mixin.py:188} INFO - [2024-02-14T09:54:37.891+0000] {dagbag.py:538} INFO - Filling up the DagBag from /home/airflow/.local/lib/python3.8/site-packages/airflow/example_dags/example_skip_dag.py
[2024-02-14T09:54:37.896+0000] {processor.py:840} INFO - DAG(s) 'example_skip_dag' retrieved from /home/airflow/.local/lib/python3.8/site-packages/airflow/example_dags/example_skip_dag.py
[2024-02-14T09:54:37.911+0000] {logging_mixin.py:188} INFO - [2024-02-14T09:54:37.911+0000] {dag.py:3036} INFO - Sync 1 DAGs
[2024-02-14T09:54:37.922+0000] {logging_mixin.py:188} INFO - [2024-02-14T09:54:37.922+0000] {dag.py:3823} INFO - Setting next_dagrun for example_skip_dag to 2024-02-13 00:00:00+00:00, run_after=2024-02-14 00:00:00+00:00
[2024-02-14T09:54:37.932+0000] {processor.py:183} INFO - Processing /home/airflow/.local/lib/python3.8/site-packages/airflow/example_dags/example_skip_dag.py took 0.047 seconds
[2024-02-14T09:55:48.436+0000] {processor.py:161} INFO - Started process (PID=42) to work on /home/airflow/.local/lib/python3.8/site-packages/airflow/example_dags/example_skip_dag.py
[2024-02-14T09:55:48.438+0000] {processor.py:830} INFO - Processing file /home/airflow/.local/lib/python3.8/site-packages/airflow/example_dags/example_skip_dag.py for tasks to queue
[2024-02-14T09:55:48.444+0000] {logging_mixin.py:188} INFO - [2024-02-14T09:55:48.444+0000] {dagbag.py:538} INFO - Filling up the DagBag from /home/airflow/.local/lib/python3.8/site-packages/airflow/example_dags/example_skip_dag.py
[2024-02-14T09:55:48.454+0000] {processor.py:840} INFO - DAG(s) 'example_skip_dag' retrieved from /home/airflow/.local/lib/python3.8/site-packages/airflow/example_dags/example_skip_dag.py
[2024-02-14T09:55:48.474+0000] {logging_mixin.py:188} INFO - [2024-02-14T09:55:48.474+0000] {dag.py:3036} INFO - Sync 1 DAGs
[2024-02-14T09:55:48.510+0000] {logging_mixin.py:188} INFO - [2024-02-14T09:55:48.510+0000] {dag.py:3823} INFO - Setting next_dagrun for example_skip_dag to 2024-02-13 00:00:00+00:00, run_after=2024-02-14 00:00:00+00:00
[2024-02-14T09:55:48.545+0000] {processor.py:183} INFO - Processing /home/airflow/.local/lib/python3.8/site-packages/airflow/example_dags/example_skip_dag.py took 0.113 seconds
[2024-02-14T09:56:18.825+0000] {processor.py:161} INFO - Started process (PID=104) to work on /home/airflow/.local/lib/python3.8/site-packages/airflow/example_dags/example_skip_dag.py
[2024-02-14T09:56:18.827+0000] {processor.py:830} INFO - Processing file /home/airflow/.local/lib/python3.8/site-packages/airflow/example_dags/example_skip_dag.py for tasks to queue
[2024-02-14T09:56:18.829+0000] {logging_mixin.py:188} INFO - [2024-02-14T09:56:18.829+0000] {dagbag.py:538} INFO - Filling up the DagBag from /home/airflow/.local/lib/python3.8/site-packages/airflow/example_dags/example_skip_dag.py
[2024-02-14T09:56:18.834+0000] {processor.py:840} INFO - DAG(s) 'example_skip_dag' retrieved from /home/airflow/.local/lib/python3.8/site-packages/airflow/example_dags/example_skip_dag.py
[2024-02-14T09:56:18.896+0000] {logging_mixin.py:188} INFO - [2024-02-14T09:56:18.896+0000] {dag.py:3036} INFO - Sync 1 DAGs
[2024-02-14T09:56:18.908+0000] {logging_mixin.py:188} INFO - [2024-02-14T09:56:18.908+0000] {dag.py:3823} INFO - Setting next_dagrun for example_skip_dag to 2024-02-13 00:00:00+00:00, run_after=2024-02-14 00:00:00+00:00
[2024-02-14T09:56:18.919+0000] {processor.py:183} INFO - Processing /home/airflow/.local/lib/python3.8/site-packages/airflow/example_dags/example_skip_dag.py took 0.096 seconds
[2024-02-14T09:56:48.950+0000] {processor.py:161} INFO - Started process (PID=161) to work on /home/airflow/.local/lib/python3.8/site-packages/airflow/example_dags/example_skip_dag.py
[2024-02-14T09:56:48.951+0000] {processor.py:830} INFO - Processing file /home/airflow/.local/lib/python3.8/site-packages/airflow/example_dags/example_skip_dag.py for tasks to queue
[2024-02-14T09:56:48.953+0000] {logging_mixin.py:188} INFO - [2024-02-14T09:56:48.953+0000] {dagbag.py:538} INFO - Filling up the DagBag from /home/airflow/.local/lib/python3.8/site-packages/airflow/example_dags/example_skip_dag.py
[2024-02-14T09:56:48.959+0000] {processor.py:840} INFO - DAG(s) 'example_skip_dag' retrieved from /home/airflow/.local/lib/python3.8/site-packages/airflow/example_dags/example_skip_dag.py
[2024-02-14T09:56:48.974+0000] {logging_mixin.py:188} INFO - [2024-02-14T09:56:48.973+0000] {dag.py:3036} INFO - Sync 1 DAGs
[2024-02-14T09:56:48.985+0000] {logging_mixin.py:188} INFO - [2024-02-14T09:56:48.985+0000] {dag.py:3823} INFO - Setting next_dagrun for example_skip_dag to 2024-02-13 00:00:00+00:00, run_after=2024-02-14 00:00:00+00:00
[2024-02-14T09:56:49.001+0000] {processor.py:183} INFO - Processing /home/airflow/.local/lib/python3.8/site-packages/airflow/example_dags/example_skip_dag.py took 0.054 seconds
[2024-02-14T09:57:19.350+0000] {processor.py:161} INFO - Started process (PID=218) to work on /home/airflow/.local/lib/python3.8/site-packages/airflow/example_dags/example_skip_dag.py
[2024-02-14T09:57:19.352+0000] {processor.py:830} INFO - Processing file /home/airflow/.local/lib/python3.8/site-packages/airflow/example_dags/example_skip_dag.py for tasks to queue
[2024-02-14T09:57:19.353+0000] {logging_mixin.py:188} INFO - [2024-02-14T09:57:19.353+0000] {dagbag.py:538} INFO - Filling up the DagBag from /home/airflow/.local/lib/python3.8/site-packages/airflow/example_dags/example_skip_dag.py
[2024-02-14T09:57:19.358+0000] {processor.py:840} INFO - DAG(s) 'example_skip_dag' retrieved from /home/airflow/.local/lib/python3.8/site-packages/airflow/example_dags/example_skip_dag.py
[2024-02-14T09:57:19.373+0000] {logging_mixin.py:188} INFO - [2024-02-14T09:57:19.373+0000] {dag.py:3036} INFO - Sync 1 DAGs
[2024-02-14T09:57:19.386+0000] {logging_mixin.py:188} INFO - [2024-02-14T09:57:19.386+0000] {dag.py:3823} INFO - Setting next_dagrun for example_skip_dag to 2024-02-13 00:00:00+00:00, run_after=2024-02-14 00:00:00+00:00
[2024-02-14T09:57:19.399+0000] {processor.py:183} INFO - Processing /home/airflow/.local/lib/python3.8/site-packages/airflow/example_dags/example_skip_dag.py took 0.052 seconds
[2024-02-14T09:57:49.953+0000] {processor.py:161} INFO - Started process (PID=276) to work on /home/airflow/.local/lib/python3.8/site-packages/airflow/example_dags/example_skip_dag.py
[2024-02-14T09:57:49.954+0000] {processor.py:830} INFO - Processing file /home/airflow/.local/lib/python3.8/site-packages/airflow/example_dags/example_skip_dag.py for tasks to queue
[2024-02-14T09:57:49.956+0000] {logging_mixin.py:188} INFO - [2024-02-14T09:57:49.956+0000] {dagbag.py:538} INFO - Filling up the DagBag from /home/airflow/.local/lib/python3.8/site-packages/airflow/example_dags/example_skip_dag.py
[2024-02-14T09:57:49.962+0000] {processor.py:840} INFO - DAG(s) 'example_skip_dag' retrieved from /home/airflow/.local/lib/python3.8/site-packages/airflow/example_dags/example_skip_dag.py
[2024-02-14T09:57:49.979+0000] {logging_mixin.py:188} INFO - [2024-02-14T09:57:49.979+0000] {dag.py:3036} INFO - Sync 1 DAGs
[2024-02-14T09:57:49.993+0000] {logging_mixin.py:188} INFO - [2024-02-14T09:57:49.993+0000] {dag.py:3823} INFO - Setting next_dagrun for example_skip_dag to 2024-02-13 00:00:00+00:00, run_after=2024-02-14 00:00:00+00:00
[2024-02-14T09:57:50.005+0000] {processor.py:183} INFO - Processing /home/airflow/.local/lib/python3.8/site-packages/airflow/example_dags/example_skip_dag.py took 0.055 seconds
[2024-02-14T09:58:20.469+0000] {processor.py:161} INFO - Started process (PID=333) to work on /home/airflow/.local/lib/python3.8/site-packages/airflow/example_dags/example_skip_dag.py
[2024-02-14T09:58:20.470+0000] {processor.py:830} INFO - Processing file /home/airflow/.local/lib/python3.8/site-packages/airflow/example_dags/example_skip_dag.py for tasks to queue
[2024-02-14T09:58:20.472+0000] {logging_mixin.py:188} INFO - [2024-02-14T09:58:20.472+0000] {dagbag.py:538} INFO - Filling up the DagBag from /home/airflow/.local/lib/python3.8/site-packages/airflow/example_dags/example_skip_dag.py
[2024-02-14T09:58:20.477+0000] {processor.py:840} INFO - DAG(s) 'example_skip_dag' retrieved from /home/airflow/.local/lib/python3.8/site-packages/airflow/example_dags/example_skip_dag.py
[2024-02-14T09:58:20.496+0000] {logging_mixin.py:188} INFO - [2024-02-14T09:58:20.496+0000] {dag.py:3036} INFO - Sync 1 DAGs
[2024-02-14T09:58:20.508+0000] {logging_mixin.py:188} INFO - [2024-02-14T09:58:20.508+0000] {dag.py:3823} INFO - Setting next_dagrun for example_skip_dag to 2024-02-13 00:00:00+00:00, run_after=2024-02-14 00:00:00+00:00
[2024-02-14T09:58:20.522+0000] {processor.py:183} INFO - Processing /home/airflow/.local/lib/python3.8/site-packages/airflow/example_dags/example_skip_dag.py took 0.055 seconds
[2024-02-14T09:58:51.212+0000] {processor.py:161} INFO - Started process (PID=392) to work on /home/airflow/.local/lib/python3.8/site-packages/airflow/example_dags/example_skip_dag.py
[2024-02-14T09:58:51.214+0000] {processor.py:830} INFO - Processing file /home/airflow/.local/lib/python3.8/site-packages/airflow/example_dags/example_skip_dag.py for tasks to queue
[2024-02-14T09:58:51.217+0000] {logging_mixin.py:188} INFO - [2024-02-14T09:58:51.216+0000] {dagbag.py:538} INFO - Filling up the DagBag from /home/airflow/.local/lib/python3.8/site-packages/airflow/example_dags/example_skip_dag.py
[2024-02-14T09:58:51.223+0000] {processor.py:840} INFO - DAG(s) 'example_skip_dag' retrieved from /home/airflow/.local/lib/python3.8/site-packages/airflow/example_dags/example_skip_dag.py
[2024-02-14T09:58:51.247+0000] {logging_mixin.py:188} INFO - [2024-02-14T09:58:51.247+0000] {dag.py:3036} INFO - Sync 1 DAGs
[2024-02-14T09:58:51.272+0000] {logging_mixin.py:188} INFO - [2024-02-14T09:58:51.272+0000] {dag.py:3823} INFO - Setting next_dagrun for example_skip_dag to 2024-02-13 00:00:00+00:00, run_after=2024-02-14 00:00:00+00:00
[2024-02-14T09:58:51.289+0000] {processor.py:183} INFO - Processing /home/airflow/.local/lib/python3.8/site-packages/airflow/example_dags/example_skip_dag.py took 0.080 seconds
[2024-02-14T09:59:21.660+0000] {processor.py:161} INFO - Started process (PID=449) to work on /home/airflow/.local/lib/python3.8/site-packages/airflow/example_dags/example_skip_dag.py
[2024-02-14T09:59:21.662+0000] {processor.py:830} INFO - Processing file /home/airflow/.local/lib/python3.8/site-packages/airflow/example_dags/example_skip_dag.py for tasks to queue
[2024-02-14T09:59:21.664+0000] {logging_mixin.py:188} INFO - [2024-02-14T09:59:21.664+0000] {dagbag.py:538} INFO - Filling up the DagBag from /home/airflow/.local/lib/python3.8/site-packages/airflow/example_dags/example_skip_dag.py
[2024-02-14T09:59:21.669+0000] {processor.py:840} INFO - DAG(s) 'example_skip_dag' retrieved from /home/airflow/.local/lib/python3.8/site-packages/airflow/example_dags/example_skip_dag.py
[2024-02-14T09:59:21.686+0000] {logging_mixin.py:188} INFO - [2024-02-14T09:59:21.686+0000] {dag.py:3036} INFO - Sync 1 DAGs
[2024-02-14T09:59:21.701+0000] {logging_mixin.py:188} INFO - [2024-02-14T09:59:21.701+0000] {dag.py:3823} INFO - Setting next_dagrun for example_skip_dag to 2024-02-13 00:00:00+00:00, run_after=2024-02-14 00:00:00+00:00
[2024-02-14T09:59:21.715+0000] {processor.py:183} INFO - Processing /home/airflow/.local/lib/python3.8/site-packages/airflow/example_dags/example_skip_dag.py took 0.057 seconds
[2024-02-14T09:59:52.404+0000] {processor.py:161} INFO - Started process (PID=505) to work on /home/airflow/.local/lib/python3.8/site-packages/airflow/example_dags/example_skip_dag.py
[2024-02-14T09:59:52.407+0000] {processor.py:830} INFO - Processing file /home/airflow/.local/lib/python3.8/site-packages/airflow/example_dags/example_skip_dag.py for tasks to queue
[2024-02-14T09:59:52.409+0000] {logging_mixin.py:188} INFO - [2024-02-14T09:59:52.409+0000] {dagbag.py:538} INFO - Filling up the DagBag from /home/airflow/.local/lib/python3.8/site-packages/airflow/example_dags/example_skip_dag.py
[2024-02-14T09:59:52.416+0000] {processor.py:840} INFO - DAG(s) 'example_skip_dag' retrieved from /home/airflow/.local/lib/python3.8/site-packages/airflow/example_dags/example_skip_dag.py
[2024-02-14T09:59:52.443+0000] {logging_mixin.py:188} INFO - [2024-02-14T09:59:52.442+0000] {dag.py:3036} INFO - Sync 1 DAGs
[2024-02-14T09:59:52.467+0000] {logging_mixin.py:188} INFO - [2024-02-14T09:59:52.467+0000] {dag.py:3823} INFO - Setting next_dagrun for example_skip_dag to 2024-02-13 00:00:00+00:00, run_after=2024-02-14 00:00:00+00:00
[2024-02-14T09:59:52.492+0000] {processor.py:183} INFO - Processing /home/airflow/.local/lib/python3.8/site-packages/airflow/example_dags/example_skip_dag.py took 0.092 seconds
[2024-02-14T10:00:22.678+0000] {processor.py:161} INFO - Started process (PID=562) to work on /home/airflow/.local/lib/python3.8/site-packages/airflow/example_dags/example_skip_dag.py
[2024-02-14T10:00:22.680+0000] {processor.py:830} INFO - Processing file /home/airflow/.local/lib/python3.8/site-packages/airflow/example_dags/example_skip_dag.py for tasks to queue
[2024-02-14T10:00:22.682+0000] {logging_mixin.py:188} INFO - [2024-02-14T10:00:22.681+0000] {dagbag.py:538} INFO - Filling up the DagBag from /home/airflow/.local/lib/python3.8/site-packages/airflow/example_dags/example_skip_dag.py
[2024-02-14T10:00:22.688+0000] {processor.py:840} INFO - DAG(s) 'example_skip_dag' retrieved from /home/airflow/.local/lib/python3.8/site-packages/airflow/example_dags/example_skip_dag.py
[2024-02-14T10:00:22.707+0000] {logging_mixin.py:188} INFO - [2024-02-14T10:00:22.707+0000] {dag.py:3036} INFO - Sync 1 DAGs
[2024-02-14T10:00:22.722+0000] {logging_mixin.py:188} INFO - [2024-02-14T10:00:22.722+0000] {dag.py:3823} INFO - Setting next_dagrun for example_skip_dag to 2024-02-13 00:00:00+00:00, run_after=2024-02-14 00:00:00+00:00
[2024-02-14T10:00:22.735+0000] {processor.py:183} INFO - Processing /home/airflow/.local/lib/python3.8/site-packages/airflow/example_dags/example_skip_dag.py took 0.060 seconds
[2024-02-14T10:00:53.710+0000] {processor.py:161} INFO - Started process (PID=619) to work on /home/airflow/.local/lib/python3.8/site-packages/airflow/example_dags/example_skip_dag.py
[2024-02-14T10:00:53.713+0000] {processor.py:830} INFO - Processing file /home/airflow/.local/lib/python3.8/site-packages/airflow/example_dags/example_skip_dag.py for tasks to queue
[2024-02-14T10:00:53.716+0000] {logging_mixin.py:188} INFO - [2024-02-14T10:00:53.716+0000] {dagbag.py:538} INFO - Filling up the DagBag from /home/airflow/.local/lib/python3.8/site-packages/airflow/example_dags/example_skip_dag.py
[2024-02-14T10:00:53.724+0000] {processor.py:840} INFO - DAG(s) 'example_skip_dag' retrieved from /home/airflow/.local/lib/python3.8/site-packages/airflow/example_dags/example_skip_dag.py
[2024-02-14T10:00:53.747+0000] {logging_mixin.py:188} INFO - [2024-02-14T10:00:53.746+0000] {dag.py:3036} INFO - Sync 1 DAGs
[2024-02-14T10:00:53.764+0000] {logging_mixin.py:188} INFO - [2024-02-14T10:00:53.764+0000] {dag.py:3823} INFO - Setting next_dagrun for example_skip_dag to 2024-02-13 00:00:00+00:00, run_after=2024-02-14 00:00:00+00:00
[2024-02-14T10:00:53.782+0000] {processor.py:183} INFO - Processing /home/airflow/.local/lib/python3.8/site-packages/airflow/example_dags/example_skip_dag.py took 0.076 seconds
[2024-02-14T10:01:23.938+0000] {processor.py:161} INFO - Started process (PID=675) to work on /home/airflow/.local/lib/python3.8/site-packages/airflow/example_dags/example_skip_dag.py
[2024-02-14T10:01:23.940+0000] {processor.py:830} INFO - Processing file /home/airflow/.local/lib/python3.8/site-packages/airflow/example_dags/example_skip_dag.py for tasks to queue
[2024-02-14T10:01:23.941+0000] {logging_mixin.py:188} INFO - [2024-02-14T10:01:23.941+0000] {dagbag.py:538} INFO - Filling up the DagBag from /home/airflow/.local/lib/python3.8/site-packages/airflow/example_dags/example_skip_dag.py
[2024-02-14T10:01:23.947+0000] {processor.py:840} INFO - DAG(s) 'example_skip_dag' retrieved from /home/airflow/.local/lib/python3.8/site-packages/airflow/example_dags/example_skip_dag.py
[2024-02-14T10:01:23.962+0000] {logging_mixin.py:188} INFO - [2024-02-14T10:01:23.962+0000] {dag.py:3036} INFO - Sync 1 DAGs
[2024-02-14T10:01:23.975+0000] {logging_mixin.py:188} INFO - [2024-02-14T10:01:23.975+0000] {dag.py:3823} INFO - Setting next_dagrun for example_skip_dag to 2024-02-13 00:00:00+00:00, run_after=2024-02-14 00:00:00+00:00
[2024-02-14T10:01:23.990+0000] {processor.py:183} INFO - Processing /home/airflow/.local/lib/python3.8/site-packages/airflow/example_dags/example_skip_dag.py took 0.054 seconds
[2024-02-14T10:01:54.215+0000] {processor.py:161} INFO - Started process (PID=732) to work on /home/airflow/.local/lib/python3.8/site-packages/airflow/example_dags/example_skip_dag.py
[2024-02-14T10:01:54.217+0000] {processor.py:830} INFO - Processing file /home/airflow/.local/lib/python3.8/site-packages/airflow/example_dags/example_skip_dag.py for tasks to queue
[2024-02-14T10:01:54.218+0000] {logging_mixin.py:188} INFO - [2024-02-14T10:01:54.218+0000] {dagbag.py:538} INFO - Filling up the DagBag from /home/airflow/.local/lib/python3.8/site-packages/airflow/example_dags/example_skip_dag.py
[2024-02-14T10:01:54.224+0000] {processor.py:840} INFO - DAG(s) 'example_skip_dag' retrieved from /home/airflow/.local/lib/python3.8/site-packages/airflow/example_dags/example_skip_dag.py
[2024-02-14T10:01:54.239+0000] {logging_mixin.py:188} INFO - [2024-02-14T10:01:54.238+0000] {dag.py:3036} INFO - Sync 1 DAGs
[2024-02-14T10:01:54.253+0000] {logging_mixin.py:188} INFO - [2024-02-14T10:01:54.253+0000] {dag.py:3823} INFO - Setting next_dagrun for example_skip_dag to 2024-02-13 00:00:00+00:00, run_after=2024-02-14 00:00:00+00:00
[2024-02-14T10:01:54.265+0000] {processor.py:183} INFO - Processing /home/airflow/.local/lib/python3.8/site-packages/airflow/example_dags/example_skip_dag.py took 0.053 seconds
[2024-02-14T10:02:25.545+0000] {processor.py:161} INFO - Started process (PID=789) to work on /home/airflow/.local/lib/python3.8/site-packages/airflow/example_dags/example_skip_dag.py
[2024-02-14T10:02:25.549+0000] {processor.py:830} INFO - Processing file /home/airflow/.local/lib/python3.8/site-packages/airflow/example_dags/example_skip_dag.py for tasks to queue
[2024-02-14T10:02:25.554+0000] {logging_mixin.py:188} INFO - [2024-02-14T10:02:25.554+0000] {dagbag.py:538} INFO - Filling up the DagBag from /home/airflow/.local/lib/python3.8/site-packages/airflow/example_dags/example_skip_dag.py
[2024-02-14T10:02:25.562+0000] {processor.py:840} INFO - DAG(s) 'example_skip_dag' retrieved from /home/airflow/.local/lib/python3.8/site-packages/airflow/example_dags/example_skip_dag.py
[2024-02-14T10:02:25.591+0000] {logging_mixin.py:188} INFO - [2024-02-14T10:02:25.590+0000] {dag.py:3036} INFO - Sync 1 DAGs
[2024-02-14T10:02:25.611+0000] {logging_mixin.py:188} INFO - [2024-02-14T10:02:25.610+0000] {dag.py:3823} INFO - Setting next_dagrun for example_skip_dag to 2024-02-13 00:00:00+00:00, run_after=2024-02-14 00:00:00+00:00
[2024-02-14T10:02:25.632+0000] {processor.py:183} INFO - Processing /home/airflow/.local/lib/python3.8/site-packages/airflow/example_dags/example_skip_dag.py took 0.090 seconds
[2024-02-14T10:02:56.593+0000] {processor.py:161} INFO - Started process (PID=848) to work on /home/airflow/.local/lib/python3.8/site-packages/airflow/example_dags/example_skip_dag.py
[2024-02-14T10:02:56.595+0000] {processor.py:830} INFO - Processing file /home/airflow/.local/lib/python3.8/site-packages/airflow/example_dags/example_skip_dag.py for tasks to queue
[2024-02-14T10:02:56.598+0000] {logging_mixin.py:188} INFO - [2024-02-14T10:02:56.598+0000] {dagbag.py:538} INFO - Filling up the DagBag from /home/airflow/.local/lib/python3.8/site-packages/airflow/example_dags/example_skip_dag.py
[2024-02-14T10:02:56.605+0000] {processor.py:840} INFO - DAG(s) 'example_skip_dag' retrieved from /home/airflow/.local/lib/python3.8/site-packages/airflow/example_dags/example_skip_dag.py
[2024-02-14T10:02:56.626+0000] {logging_mixin.py:188} INFO - [2024-02-14T10:02:56.626+0000] {dag.py:3036} INFO - Sync 1 DAGs
[2024-02-14T10:02:56.642+0000] {logging_mixin.py:188} INFO - [2024-02-14T10:02:56.642+0000] {dag.py:3823} INFO - Setting next_dagrun for example_skip_dag to 2024-02-13 00:00:00+00:00, run_after=2024-02-14 00:00:00+00:00
[2024-02-14T10:02:56.655+0000] {processor.py:183} INFO - Processing /home/airflow/.local/lib/python3.8/site-packages/airflow/example_dags/example_skip_dag.py took 0.066 seconds
