[2024-02-14T09:34:19.635+0000] {processor.py:161} INFO - Started process (PID=65) to work on /home/airflow/.local/lib/python3.8/site-packages/airflow/example_dags/example_branch_labels.py
[2024-02-14T09:34:19.637+0000] {processor.py:830} INFO - Processing file /home/airflow/.local/lib/python3.8/site-packages/airflow/example_dags/example_branch_labels.py for tasks to queue
[2024-02-14T09:34:19.640+0000] {logging_mixin.py:188} INFO - [2024-02-14T09:34:19.640+0000] {dagbag.py:538} INFO - Filling up the DagBag from /home/airflow/.local/lib/python3.8/site-packages/airflow/example_dags/example_branch_labels.py
[2024-02-14T09:34:19.652+0000] {processor.py:840} INFO - DAG(s) 'example_branch_labels' retrieved from /home/airflow/.local/lib/python3.8/site-packages/airflow/example_dags/example_branch_labels.py
[2024-02-14T09:34:19.668+0000] {logging_mixin.py:188} INFO - [2024-02-14T09:34:19.667+0000] {dag.py:3036} INFO - Sync 1 DAGs
[2024-02-14T09:34:19.709+0000] {logging_mixin.py:188} INFO - [2024-02-14T09:34:19.709+0000] {dag.py:3823} INFO - Setting next_dagrun for example_branch_labels to 2024-02-13 00:00:00+00:00, run_after=2024-02-14 00:00:00+00:00
[2024-02-14T09:34:19.727+0000] {processor.py:183} INFO - Processing /home/airflow/.local/lib/python3.8/site-packages/airflow/example_dags/example_branch_labels.py took 0.097 seconds
[2024-02-14T09:34:49.948+0000] {processor.py:161} INFO - Started process (PID=122) to work on /home/airflow/.local/lib/python3.8/site-packages/airflow/example_dags/example_branch_labels.py
[2024-02-14T09:34:49.949+0000] {processor.py:830} INFO - Processing file /home/airflow/.local/lib/python3.8/site-packages/airflow/example_dags/example_branch_labels.py for tasks to queue
[2024-02-14T09:34:49.951+0000] {logging_mixin.py:188} INFO - [2024-02-14T09:34:49.951+0000] {dagbag.py:538} INFO - Filling up the DagBag from /home/airflow/.local/lib/python3.8/site-packages/airflow/example_dags/example_branch_labels.py
[2024-02-14T09:34:49.958+0000] {processor.py:840} INFO - DAG(s) 'example_branch_labels' retrieved from /home/airflow/.local/lib/python3.8/site-packages/airflow/example_dags/example_branch_labels.py
[2024-02-14T09:34:50.018+0000] {logging_mixin.py:188} INFO - [2024-02-14T09:34:50.018+0000] {dag.py:3036} INFO - Sync 1 DAGs
[2024-02-14T09:34:50.032+0000] {logging_mixin.py:188} INFO - [2024-02-14T09:34:50.031+0000] {dag.py:3823} INFO - Setting next_dagrun for example_branch_labels to 2024-02-13 00:00:00+00:00, run_after=2024-02-14 00:00:00+00:00
[2024-02-14T09:34:50.047+0000] {processor.py:183} INFO - Processing /home/airflow/.local/lib/python3.8/site-packages/airflow/example_dags/example_branch_labels.py took 0.102 seconds
[2024-02-14T09:35:20.378+0000] {processor.py:161} INFO - Started process (PID=180) to work on /home/airflow/.local/lib/python3.8/site-packages/airflow/example_dags/example_branch_labels.py
[2024-02-14T09:35:20.380+0000] {processor.py:830} INFO - Processing file /home/airflow/.local/lib/python3.8/site-packages/airflow/example_dags/example_branch_labels.py for tasks to queue
[2024-02-14T09:35:20.386+0000] {logging_mixin.py:188} INFO - [2024-02-14T09:35:20.386+0000] {dagbag.py:538} INFO - Filling up the DagBag from /home/airflow/.local/lib/python3.8/site-packages/airflow/example_dags/example_branch_labels.py
[2024-02-14T09:35:20.397+0000] {processor.py:840} INFO - DAG(s) 'example_branch_labels' retrieved from /home/airflow/.local/lib/python3.8/site-packages/airflow/example_dags/example_branch_labels.py
[2024-02-14T09:35:20.431+0000] {logging_mixin.py:188} INFO - [2024-02-14T09:35:20.431+0000] {dag.py:3036} INFO - Sync 1 DAGs
[2024-02-14T09:35:20.453+0000] {logging_mixin.py:188} INFO - [2024-02-14T09:35:20.452+0000] {dag.py:3823} INFO - Setting next_dagrun for example_branch_labels to 2024-02-13 00:00:00+00:00, run_after=2024-02-14 00:00:00+00:00
[2024-02-14T09:35:20.485+0000] {processor.py:183} INFO - Processing /home/airflow/.local/lib/python3.8/site-packages/airflow/example_dags/example_branch_labels.py took 0.111 seconds
[2024-02-14T09:35:50.599+0000] {processor.py:161} INFO - Started process (PID=235) to work on /home/airflow/.local/lib/python3.8/site-packages/airflow/example_dags/example_branch_labels.py
[2024-02-14T09:35:50.601+0000] {processor.py:830} INFO - Processing file /home/airflow/.local/lib/python3.8/site-packages/airflow/example_dags/example_branch_labels.py for tasks to queue
[2024-02-14T09:35:50.603+0000] {logging_mixin.py:188} INFO - [2024-02-14T09:35:50.603+0000] {dagbag.py:538} INFO - Filling up the DagBag from /home/airflow/.local/lib/python3.8/site-packages/airflow/example_dags/example_branch_labels.py
[2024-02-14T09:35:50.608+0000] {processor.py:840} INFO - DAG(s) 'example_branch_labels' retrieved from /home/airflow/.local/lib/python3.8/site-packages/airflow/example_dags/example_branch_labels.py
[2024-02-14T09:35:50.623+0000] {logging_mixin.py:188} INFO - [2024-02-14T09:35:50.623+0000] {dag.py:3036} INFO - Sync 1 DAGs
[2024-02-14T09:35:50.635+0000] {logging_mixin.py:188} INFO - [2024-02-14T09:35:50.635+0000] {dag.py:3823} INFO - Setting next_dagrun for example_branch_labels to 2024-02-13 00:00:00+00:00, run_after=2024-02-14 00:00:00+00:00
[2024-02-14T09:35:50.645+0000] {processor.py:183} INFO - Processing /home/airflow/.local/lib/python3.8/site-packages/airflow/example_dags/example_branch_labels.py took 0.049 seconds
[2024-02-14T09:36:21.436+0000] {processor.py:161} INFO - Started process (PID=290) to work on /home/airflow/.local/lib/python3.8/site-packages/airflow/example_dags/example_branch_labels.py
[2024-02-14T09:36:21.438+0000] {processor.py:830} INFO - Processing file /home/airflow/.local/lib/python3.8/site-packages/airflow/example_dags/example_branch_labels.py for tasks to queue
[2024-02-14T09:36:21.440+0000] {logging_mixin.py:188} INFO - [2024-02-14T09:36:21.440+0000] {dagbag.py:538} INFO - Filling up the DagBag from /home/airflow/.local/lib/python3.8/site-packages/airflow/example_dags/example_branch_labels.py
[2024-02-14T09:36:21.447+0000] {processor.py:840} INFO - DAG(s) 'example_branch_labels' retrieved from /home/airflow/.local/lib/python3.8/site-packages/airflow/example_dags/example_branch_labels.py
[2024-02-14T09:36:21.462+0000] {logging_mixin.py:188} INFO - [2024-02-14T09:36:21.462+0000] {dag.py:3036} INFO - Sync 1 DAGs
[2024-02-14T09:36:21.478+0000] {logging_mixin.py:188} INFO - [2024-02-14T09:36:21.478+0000] {dag.py:3823} INFO - Setting next_dagrun for example_branch_labels to 2024-02-13 00:00:00+00:00, run_after=2024-02-14 00:00:00+00:00
[2024-02-14T09:36:21.491+0000] {processor.py:183} INFO - Processing /home/airflow/.local/lib/python3.8/site-packages/airflow/example_dags/example_branch_labels.py took 0.057 seconds
[2024-02-14T09:36:51.631+0000] {processor.py:161} INFO - Started process (PID=346) to work on /home/airflow/.local/lib/python3.8/site-packages/airflow/example_dags/example_branch_labels.py
[2024-02-14T09:36:51.633+0000] {processor.py:830} INFO - Processing file /home/airflow/.local/lib/python3.8/site-packages/airflow/example_dags/example_branch_labels.py for tasks to queue
[2024-02-14T09:36:51.636+0000] {logging_mixin.py:188} INFO - [2024-02-14T09:36:51.636+0000] {dagbag.py:538} INFO - Filling up the DagBag from /home/airflow/.local/lib/python3.8/site-packages/airflow/example_dags/example_branch_labels.py
[2024-02-14T09:36:51.643+0000] {processor.py:840} INFO - DAG(s) 'example_branch_labels' retrieved from /home/airflow/.local/lib/python3.8/site-packages/airflow/example_dags/example_branch_labels.py
[2024-02-14T09:36:51.658+0000] {logging_mixin.py:188} INFO - [2024-02-14T09:36:51.658+0000] {dag.py:3036} INFO - Sync 1 DAGs
[2024-02-14T09:36:51.671+0000] {logging_mixin.py:188} INFO - [2024-02-14T09:36:51.671+0000] {dag.py:3823} INFO - Setting next_dagrun for example_branch_labels to 2024-02-13 00:00:00+00:00, run_after=2024-02-14 00:00:00+00:00
[2024-02-14T09:36:51.681+0000] {processor.py:183} INFO - Processing /home/airflow/.local/lib/python3.8/site-packages/airflow/example_dags/example_branch_labels.py took 0.052 seconds
[2024-02-14T09:37:22.120+0000] {processor.py:161} INFO - Started process (PID=405) to work on /home/airflow/.local/lib/python3.8/site-packages/airflow/example_dags/example_branch_labels.py
[2024-02-14T09:37:22.123+0000] {processor.py:830} INFO - Processing file /home/airflow/.local/lib/python3.8/site-packages/airflow/example_dags/example_branch_labels.py for tasks to queue
[2024-02-14T09:37:22.125+0000] {logging_mixin.py:188} INFO - [2024-02-14T09:37:22.125+0000] {dagbag.py:538} INFO - Filling up the DagBag from /home/airflow/.local/lib/python3.8/site-packages/airflow/example_dags/example_branch_labels.py
[2024-02-14T09:37:22.130+0000] {processor.py:840} INFO - DAG(s) 'example_branch_labels' retrieved from /home/airflow/.local/lib/python3.8/site-packages/airflow/example_dags/example_branch_labels.py
[2024-02-14T09:37:22.144+0000] {logging_mixin.py:188} INFO - [2024-02-14T09:37:22.144+0000] {dag.py:3036} INFO - Sync 1 DAGs
[2024-02-14T09:37:22.156+0000] {logging_mixin.py:188} INFO - [2024-02-14T09:37:22.156+0000] {dag.py:3823} INFO - Setting next_dagrun for example_branch_labels to 2024-02-13 00:00:00+00:00, run_after=2024-02-14 00:00:00+00:00
[2024-02-14T09:37:22.166+0000] {processor.py:183} INFO - Processing /home/airflow/.local/lib/python3.8/site-packages/airflow/example_dags/example_branch_labels.py took 0.049 seconds
[2024-02-14T09:37:52.344+0000] {processor.py:161} INFO - Started process (PID=461) to work on /home/airflow/.local/lib/python3.8/site-packages/airflow/example_dags/example_branch_labels.py
[2024-02-14T09:37:52.346+0000] {processor.py:830} INFO - Processing file /home/airflow/.local/lib/python3.8/site-packages/airflow/example_dags/example_branch_labels.py for tasks to queue
[2024-02-14T09:37:52.349+0000] {logging_mixin.py:188} INFO - [2024-02-14T09:37:52.349+0000] {dagbag.py:538} INFO - Filling up the DagBag from /home/airflow/.local/lib/python3.8/site-packages/airflow/example_dags/example_branch_labels.py
[2024-02-14T09:37:52.355+0000] {processor.py:840} INFO - DAG(s) 'example_branch_labels' retrieved from /home/airflow/.local/lib/python3.8/site-packages/airflow/example_dags/example_branch_labels.py
[2024-02-14T09:37:52.369+0000] {logging_mixin.py:188} INFO - [2024-02-14T09:37:52.369+0000] {dag.py:3036} INFO - Sync 1 DAGs
[2024-02-14T09:37:52.384+0000] {logging_mixin.py:188} INFO - [2024-02-14T09:37:52.383+0000] {dag.py:3823} INFO - Setting next_dagrun for example_branch_labels to 2024-02-13 00:00:00+00:00, run_after=2024-02-14 00:00:00+00:00
[2024-02-14T09:37:52.395+0000] {processor.py:183} INFO - Processing /home/airflow/.local/lib/python3.8/site-packages/airflow/example_dags/example_branch_labels.py took 0.053 seconds
[2024-02-14T09:38:22.538+0000] {processor.py:161} INFO - Started process (PID=519) to work on /home/airflow/.local/lib/python3.8/site-packages/airflow/example_dags/example_branch_labels.py
[2024-02-14T09:38:22.540+0000] {processor.py:830} INFO - Processing file /home/airflow/.local/lib/python3.8/site-packages/airflow/example_dags/example_branch_labels.py for tasks to queue
[2024-02-14T09:38:22.542+0000] {logging_mixin.py:188} INFO - [2024-02-14T09:38:22.542+0000] {dagbag.py:538} INFO - Filling up the DagBag from /home/airflow/.local/lib/python3.8/site-packages/airflow/example_dags/example_branch_labels.py
[2024-02-14T09:38:22.548+0000] {processor.py:840} INFO - DAG(s) 'example_branch_labels' retrieved from /home/airflow/.local/lib/python3.8/site-packages/airflow/example_dags/example_branch_labels.py
[2024-02-14T09:38:22.562+0000] {logging_mixin.py:188} INFO - [2024-02-14T09:38:22.562+0000] {dag.py:3036} INFO - Sync 1 DAGs
[2024-02-14T09:38:22.574+0000] {logging_mixin.py:188} INFO - [2024-02-14T09:38:22.574+0000] {dag.py:3823} INFO - Setting next_dagrun for example_branch_labels to 2024-02-13 00:00:00+00:00, run_after=2024-02-14 00:00:00+00:00
[2024-02-14T09:38:22.584+0000] {processor.py:183} INFO - Processing /home/airflow/.local/lib/python3.8/site-packages/airflow/example_dags/example_branch_labels.py took 0.048 seconds
[2024-02-14T09:38:53.343+0000] {processor.py:161} INFO - Started process (PID=576) to work on /home/airflow/.local/lib/python3.8/site-packages/airflow/example_dags/example_branch_labels.py
[2024-02-14T09:38:53.345+0000] {processor.py:830} INFO - Processing file /home/airflow/.local/lib/python3.8/site-packages/airflow/example_dags/example_branch_labels.py for tasks to queue
[2024-02-14T09:38:53.349+0000] {logging_mixin.py:188} INFO - [2024-02-14T09:38:53.349+0000] {dagbag.py:538} INFO - Filling up the DagBag from /home/airflow/.local/lib/python3.8/site-packages/airflow/example_dags/example_branch_labels.py
[2024-02-14T09:38:53.356+0000] {processor.py:840} INFO - DAG(s) 'example_branch_labels' retrieved from /home/airflow/.local/lib/python3.8/site-packages/airflow/example_dags/example_branch_labels.py
[2024-02-14T09:38:53.373+0000] {logging_mixin.py:188} INFO - [2024-02-14T09:38:53.372+0000] {dag.py:3036} INFO - Sync 1 DAGs
[2024-02-14T09:38:53.389+0000] {logging_mixin.py:188} INFO - [2024-02-14T09:38:53.388+0000] {dag.py:3823} INFO - Setting next_dagrun for example_branch_labels to 2024-02-13 00:00:00+00:00, run_after=2024-02-14 00:00:00+00:00
[2024-02-14T09:38:53.402+0000] {processor.py:183} INFO - Processing /home/airflow/.local/lib/python3.8/site-packages/airflow/example_dags/example_branch_labels.py took 0.062 seconds
[2024-02-14T09:43:49.305+0000] {processor.py:161} INFO - Started process (PID=61) to work on /home/airflow/.local/lib/python3.8/site-packages/airflow/example_dags/example_branch_labels.py
[2024-02-14T09:43:49.308+0000] {processor.py:830} INFO - Processing file /home/airflow/.local/lib/python3.8/site-packages/airflow/example_dags/example_branch_labels.py for tasks to queue
[2024-02-14T09:43:49.312+0000] {logging_mixin.py:188} INFO - [2024-02-14T09:43:49.311+0000] {dagbag.py:538} INFO - Filling up the DagBag from /home/airflow/.local/lib/python3.8/site-packages/airflow/example_dags/example_branch_labels.py
[2024-02-14T09:43:49.343+0000] {processor.py:840} INFO - DAG(s) 'example_branch_labels' retrieved from /home/airflow/.local/lib/python3.8/site-packages/airflow/example_dags/example_branch_labels.py
[2024-02-14T09:43:49.365+0000] {logging_mixin.py:188} INFO - [2024-02-14T09:43:49.364+0000] {dag.py:3036} INFO - Sync 1 DAGs
[2024-02-14T09:43:49.390+0000] {logging_mixin.py:188} INFO - [2024-02-14T09:43:49.390+0000] {dag.py:3823} INFO - Setting next_dagrun for example_branch_labels to 2024-02-13 00:00:00+00:00, run_after=2024-02-14 00:00:00+00:00
[2024-02-14T09:43:49.410+0000] {processor.py:183} INFO - Processing /home/airflow/.local/lib/python3.8/site-packages/airflow/example_dags/example_branch_labels.py took 0.110 seconds
[2024-02-14T09:46:38.354+0000] {processor.py:161} INFO - Started process (PID=60) to work on /home/airflow/.local/lib/python3.8/site-packages/airflow/example_dags/example_branch_labels.py
[2024-02-14T09:46:38.355+0000] {processor.py:830} INFO - Processing file /home/airflow/.local/lib/python3.8/site-packages/airflow/example_dags/example_branch_labels.py for tasks to queue
[2024-02-14T09:46:38.358+0000] {logging_mixin.py:188} INFO - [2024-02-14T09:46:38.358+0000] {dagbag.py:538} INFO - Filling up the DagBag from /home/airflow/.local/lib/python3.8/site-packages/airflow/example_dags/example_branch_labels.py
[2024-02-14T09:46:38.366+0000] {processor.py:840} INFO - DAG(s) 'example_branch_labels' retrieved from /home/airflow/.local/lib/python3.8/site-packages/airflow/example_dags/example_branch_labels.py
[2024-02-14T09:46:38.432+0000] {logging_mixin.py:188} INFO - [2024-02-14T09:46:38.432+0000] {override.py:1769} INFO - Created Permission View: can edit on DAG:example_branch_labels
[2024-02-14T09:46:38.441+0000] {logging_mixin.py:188} INFO - [2024-02-14T09:46:38.441+0000] {override.py:1769} INFO - Created Permission View: can read on DAG:example_branch_labels
[2024-02-14T09:46:38.446+0000] {logging_mixin.py:188} INFO - [2024-02-14T09:46:38.446+0000] {override.py:1769} INFO - Created Permission View: can delete on DAG:example_branch_labels
[2024-02-14T09:46:38.447+0000] {logging_mixin.py:188} INFO - [2024-02-14T09:46:38.447+0000] {dag.py:3036} INFO - Sync 1 DAGs
[2024-02-14T09:46:38.455+0000] {logging_mixin.py:188} INFO - [2024-02-14T09:46:38.455+0000] {dag.py:3058} INFO - Creating ORM DAG for example_branch_labels
[2024-02-14T09:46:38.467+0000] {logging_mixin.py:188} INFO - [2024-02-14T09:46:38.467+0000] {dag.py:3823} INFO - Setting next_dagrun for example_branch_labels to 2024-02-13 00:00:00+00:00, run_after=2024-02-14 00:00:00+00:00
[2024-02-14T09:46:38.481+0000] {processor.py:183} INFO - Processing /home/airflow/.local/lib/python3.8/site-packages/airflow/example_dags/example_branch_labels.py took 0.130 seconds
[2024-02-14T09:47:09.332+0000] {processor.py:161} INFO - Started process (PID=115) to work on /home/airflow/.local/lib/python3.8/site-packages/airflow/example_dags/example_branch_labels.py
[2024-02-14T09:47:09.334+0000] {processor.py:830} INFO - Processing file /home/airflow/.local/lib/python3.8/site-packages/airflow/example_dags/example_branch_labels.py for tasks to queue
[2024-02-14T09:47:09.336+0000] {logging_mixin.py:188} INFO - [2024-02-14T09:47:09.335+0000] {dagbag.py:538} INFO - Filling up the DagBag from /home/airflow/.local/lib/python3.8/site-packages/airflow/example_dags/example_branch_labels.py
[2024-02-14T09:47:09.342+0000] {processor.py:840} INFO - DAG(s) 'example_branch_labels' retrieved from /home/airflow/.local/lib/python3.8/site-packages/airflow/example_dags/example_branch_labels.py
[2024-02-14T09:47:09.360+0000] {logging_mixin.py:188} INFO - [2024-02-14T09:47:09.359+0000] {dag.py:3036} INFO - Sync 1 DAGs
[2024-02-14T09:47:09.372+0000] {logging_mixin.py:188} INFO - [2024-02-14T09:47:09.372+0000] {dag.py:3823} INFO - Setting next_dagrun for example_branch_labels to 2024-02-13 00:00:00+00:00, run_after=2024-02-14 00:00:00+00:00
[2024-02-14T09:47:09.383+0000] {processor.py:183} INFO - Processing /home/airflow/.local/lib/python3.8/site-packages/airflow/example_dags/example_branch_labels.py took 0.053 seconds
[2024-02-14T09:47:39.527+0000] {processor.py:161} INFO - Started process (PID=173) to work on /home/airflow/.local/lib/python3.8/site-packages/airflow/example_dags/example_branch_labels.py
[2024-02-14T09:47:39.530+0000] {processor.py:830} INFO - Processing file /home/airflow/.local/lib/python3.8/site-packages/airflow/example_dags/example_branch_labels.py for tasks to queue
[2024-02-14T09:47:39.535+0000] {logging_mixin.py:188} INFO - [2024-02-14T09:47:39.534+0000] {dagbag.py:538} INFO - Filling up the DagBag from /home/airflow/.local/lib/python3.8/site-packages/airflow/example_dags/example_branch_labels.py
[2024-02-14T09:47:39.547+0000] {processor.py:840} INFO - DAG(s) 'example_branch_labels' retrieved from /home/airflow/.local/lib/python3.8/site-packages/airflow/example_dags/example_branch_labels.py
[2024-02-14T09:47:39.579+0000] {logging_mixin.py:188} INFO - [2024-02-14T09:47:39.579+0000] {dag.py:3036} INFO - Sync 1 DAGs
[2024-02-14T09:47:39.602+0000] {logging_mixin.py:188} INFO - [2024-02-14T09:47:39.602+0000] {dag.py:3823} INFO - Setting next_dagrun for example_branch_labels to 2024-02-13 00:00:00+00:00, run_after=2024-02-14 00:00:00+00:00
[2024-02-14T09:47:39.636+0000] {processor.py:183} INFO - Processing /home/airflow/.local/lib/python3.8/site-packages/airflow/example_dags/example_branch_labels.py took 0.113 seconds
[2024-02-14T09:48:10.388+0000] {processor.py:161} INFO - Started process (PID=231) to work on /home/airflow/.local/lib/python3.8/site-packages/airflow/example_dags/example_branch_labels.py
[2024-02-14T09:48:10.389+0000] {processor.py:830} INFO - Processing file /home/airflow/.local/lib/python3.8/site-packages/airflow/example_dags/example_branch_labels.py for tasks to queue
[2024-02-14T09:48:10.392+0000] {logging_mixin.py:188} INFO - [2024-02-14T09:48:10.392+0000] {dagbag.py:538} INFO - Filling up the DagBag from /home/airflow/.local/lib/python3.8/site-packages/airflow/example_dags/example_branch_labels.py
[2024-02-14T09:48:10.398+0000] {processor.py:840} INFO - DAG(s) 'example_branch_labels' retrieved from /home/airflow/.local/lib/python3.8/site-packages/airflow/example_dags/example_branch_labels.py
[2024-02-14T09:48:10.415+0000] {logging_mixin.py:188} INFO - [2024-02-14T09:48:10.415+0000] {dag.py:3036} INFO - Sync 1 DAGs
[2024-02-14T09:48:10.433+0000] {logging_mixin.py:188} INFO - [2024-02-14T09:48:10.433+0000] {dag.py:3823} INFO - Setting next_dagrun for example_branch_labels to 2024-02-13 00:00:00+00:00, run_after=2024-02-14 00:00:00+00:00
[2024-02-14T09:48:10.448+0000] {processor.py:183} INFO - Processing /home/airflow/.local/lib/python3.8/site-packages/airflow/example_dags/example_branch_labels.py took 0.063 seconds
[2024-02-14T09:48:40.749+0000] {processor.py:161} INFO - Started process (PID=291) to work on /home/airflow/.local/lib/python3.8/site-packages/airflow/example_dags/example_branch_labels.py
[2024-02-14T09:48:40.751+0000] {processor.py:830} INFO - Processing file /home/airflow/.local/lib/python3.8/site-packages/airflow/example_dags/example_branch_labels.py for tasks to queue
[2024-02-14T09:48:40.753+0000] {logging_mixin.py:188} INFO - [2024-02-14T09:48:40.753+0000] {dagbag.py:538} INFO - Filling up the DagBag from /home/airflow/.local/lib/python3.8/site-packages/airflow/example_dags/example_branch_labels.py
[2024-02-14T09:48:40.759+0000] {processor.py:840} INFO - DAG(s) 'example_branch_labels' retrieved from /home/airflow/.local/lib/python3.8/site-packages/airflow/example_dags/example_branch_labels.py
[2024-02-14T09:48:40.777+0000] {logging_mixin.py:188} INFO - [2024-02-14T09:48:40.777+0000] {dag.py:3036} INFO - Sync 1 DAGs
[2024-02-14T09:48:40.791+0000] {logging_mixin.py:188} INFO - [2024-02-14T09:48:40.791+0000] {dag.py:3823} INFO - Setting next_dagrun for example_branch_labels to 2024-02-13 00:00:00+00:00, run_after=2024-02-14 00:00:00+00:00
[2024-02-14T09:48:40.811+0000] {processor.py:183} INFO - Processing /home/airflow/.local/lib/python3.8/site-packages/airflow/example_dags/example_branch_labels.py took 0.064 seconds
[2024-02-14T09:49:11.480+0000] {processor.py:161} INFO - Started process (PID=347) to work on /home/airflow/.local/lib/python3.8/site-packages/airflow/example_dags/example_branch_labels.py
[2024-02-14T09:49:11.482+0000] {processor.py:830} INFO - Processing file /home/airflow/.local/lib/python3.8/site-packages/airflow/example_dags/example_branch_labels.py for tasks to queue
[2024-02-14T09:49:11.484+0000] {logging_mixin.py:188} INFO - [2024-02-14T09:49:11.484+0000] {dagbag.py:538} INFO - Filling up the DagBag from /home/airflow/.local/lib/python3.8/site-packages/airflow/example_dags/example_branch_labels.py
[2024-02-14T09:49:11.489+0000] {processor.py:840} INFO - DAG(s) 'example_branch_labels' retrieved from /home/airflow/.local/lib/python3.8/site-packages/airflow/example_dags/example_branch_labels.py
[2024-02-14T09:49:11.505+0000] {logging_mixin.py:188} INFO - [2024-02-14T09:49:11.505+0000] {dag.py:3036} INFO - Sync 1 DAGs
[2024-02-14T09:49:11.519+0000] {logging_mixin.py:188} INFO - [2024-02-14T09:49:11.519+0000] {dag.py:3823} INFO - Setting next_dagrun for example_branch_labels to 2024-02-13 00:00:00+00:00, run_after=2024-02-14 00:00:00+00:00
[2024-02-14T09:49:11.530+0000] {processor.py:183} INFO - Processing /home/airflow/.local/lib/python3.8/site-packages/airflow/example_dags/example_branch_labels.py took 0.053 seconds
[2024-02-14T09:49:42.351+0000] {processor.py:161} INFO - Started process (PID=403) to work on /home/airflow/.local/lib/python3.8/site-packages/airflow/example_dags/example_branch_labels.py
[2024-02-14T09:49:42.353+0000] {processor.py:830} INFO - Processing file /home/airflow/.local/lib/python3.8/site-packages/airflow/example_dags/example_branch_labels.py for tasks to queue
[2024-02-14T09:49:42.355+0000] {logging_mixin.py:188} INFO - [2024-02-14T09:49:42.354+0000] {dagbag.py:538} INFO - Filling up the DagBag from /home/airflow/.local/lib/python3.8/site-packages/airflow/example_dags/example_branch_labels.py
[2024-02-14T09:49:42.360+0000] {processor.py:840} INFO - DAG(s) 'example_branch_labels' retrieved from /home/airflow/.local/lib/python3.8/site-packages/airflow/example_dags/example_branch_labels.py
[2024-02-14T09:49:42.378+0000] {logging_mixin.py:188} INFO - [2024-02-14T09:49:42.378+0000] {dag.py:3036} INFO - Sync 1 DAGs
[2024-02-14T09:49:42.393+0000] {logging_mixin.py:188} INFO - [2024-02-14T09:49:42.393+0000] {dag.py:3823} INFO - Setting next_dagrun for example_branch_labels to 2024-02-13 00:00:00+00:00, run_after=2024-02-14 00:00:00+00:00
[2024-02-14T09:49:42.422+0000] {processor.py:183} INFO - Processing /home/airflow/.local/lib/python3.8/site-packages/airflow/example_dags/example_branch_labels.py took 0.073 seconds
[2024-02-14T09:50:12.955+0000] {processor.py:161} INFO - Started process (PID=461) to work on /home/airflow/.local/lib/python3.8/site-packages/airflow/example_dags/example_branch_labels.py
[2024-02-14T09:50:12.957+0000] {processor.py:830} INFO - Processing file /home/airflow/.local/lib/python3.8/site-packages/airflow/example_dags/example_branch_labels.py for tasks to queue
[2024-02-14T09:50:12.958+0000] {logging_mixin.py:188} INFO - [2024-02-14T09:50:12.958+0000] {dagbag.py:538} INFO - Filling up the DagBag from /home/airflow/.local/lib/python3.8/site-packages/airflow/example_dags/example_branch_labels.py
[2024-02-14T09:50:12.964+0000] {processor.py:840} INFO - DAG(s) 'example_branch_labels' retrieved from /home/airflow/.local/lib/python3.8/site-packages/airflow/example_dags/example_branch_labels.py
[2024-02-14T09:50:12.979+0000] {logging_mixin.py:188} INFO - [2024-02-14T09:50:12.979+0000] {dag.py:3036} INFO - Sync 1 DAGs
[2024-02-14T09:50:12.992+0000] {logging_mixin.py:188} INFO - [2024-02-14T09:50:12.992+0000] {dag.py:3823} INFO - Setting next_dagrun for example_branch_labels to 2024-02-13 00:00:00+00:00, run_after=2024-02-14 00:00:00+00:00
[2024-02-14T09:50:13.004+0000] {processor.py:183} INFO - Processing /home/airflow/.local/lib/python3.8/site-packages/airflow/example_dags/example_branch_labels.py took 0.052 seconds
[2024-02-14T09:50:43.251+0000] {processor.py:161} INFO - Started process (PID=517) to work on /home/airflow/.local/lib/python3.8/site-packages/airflow/example_dags/example_branch_labels.py
[2024-02-14T09:50:43.253+0000] {processor.py:830} INFO - Processing file /home/airflow/.local/lib/python3.8/site-packages/airflow/example_dags/example_branch_labels.py for tasks to queue
[2024-02-14T09:50:43.255+0000] {logging_mixin.py:188} INFO - [2024-02-14T09:50:43.255+0000] {dagbag.py:538} INFO - Filling up the DagBag from /home/airflow/.local/lib/python3.8/site-packages/airflow/example_dags/example_branch_labels.py
[2024-02-14T09:50:43.261+0000] {processor.py:840} INFO - DAG(s) 'example_branch_labels' retrieved from /home/airflow/.local/lib/python3.8/site-packages/airflow/example_dags/example_branch_labels.py
[2024-02-14T09:50:43.278+0000] {logging_mixin.py:188} INFO - [2024-02-14T09:50:43.278+0000] {dag.py:3036} INFO - Sync 1 DAGs
[2024-02-14T09:50:43.295+0000] {logging_mixin.py:188} INFO - [2024-02-14T09:50:43.295+0000] {dag.py:3823} INFO - Setting next_dagrun for example_branch_labels to 2024-02-13 00:00:00+00:00, run_after=2024-02-14 00:00:00+00:00
[2024-02-14T09:50:43.306+0000] {processor.py:183} INFO - Processing /home/airflow/.local/lib/python3.8/site-packages/airflow/example_dags/example_branch_labels.py took 0.056 seconds
[2024-02-14T09:51:13.577+0000] {processor.py:161} INFO - Started process (PID=573) to work on /home/airflow/.local/lib/python3.8/site-packages/airflow/example_dags/example_branch_labels.py
[2024-02-14T09:51:13.579+0000] {processor.py:830} INFO - Processing file /home/airflow/.local/lib/python3.8/site-packages/airflow/example_dags/example_branch_labels.py for tasks to queue
[2024-02-14T09:51:13.581+0000] {logging_mixin.py:188} INFO - [2024-02-14T09:51:13.581+0000] {dagbag.py:538} INFO - Filling up the DagBag from /home/airflow/.local/lib/python3.8/site-packages/airflow/example_dags/example_branch_labels.py
[2024-02-14T09:51:13.587+0000] {processor.py:840} INFO - DAG(s) 'example_branch_labels' retrieved from /home/airflow/.local/lib/python3.8/site-packages/airflow/example_dags/example_branch_labels.py
[2024-02-14T09:51:13.604+0000] {logging_mixin.py:188} INFO - [2024-02-14T09:51:13.604+0000] {dag.py:3036} INFO - Sync 1 DAGs
[2024-02-14T09:51:13.619+0000] {logging_mixin.py:188} INFO - [2024-02-14T09:51:13.619+0000] {dag.py:3823} INFO - Setting next_dagrun for example_branch_labels to 2024-02-13 00:00:00+00:00, run_after=2024-02-14 00:00:00+00:00
[2024-02-14T09:51:13.634+0000] {processor.py:183} INFO - Processing /home/airflow/.local/lib/python3.8/site-packages/airflow/example_dags/example_branch_labels.py took 0.059 seconds
[2024-02-14T09:51:44.034+0000] {processor.py:161} INFO - Started process (PID=631) to work on /home/airflow/.local/lib/python3.8/site-packages/airflow/example_dags/example_branch_labels.py
[2024-02-14T09:51:44.036+0000] {processor.py:830} INFO - Processing file /home/airflow/.local/lib/python3.8/site-packages/airflow/example_dags/example_branch_labels.py for tasks to queue
[2024-02-14T09:51:44.037+0000] {logging_mixin.py:188} INFO - [2024-02-14T09:51:44.037+0000] {dagbag.py:538} INFO - Filling up the DagBag from /home/airflow/.local/lib/python3.8/site-packages/airflow/example_dags/example_branch_labels.py
[2024-02-14T09:51:44.043+0000] {processor.py:840} INFO - DAG(s) 'example_branch_labels' retrieved from /home/airflow/.local/lib/python3.8/site-packages/airflow/example_dags/example_branch_labels.py
[2024-02-14T09:51:44.058+0000] {logging_mixin.py:188} INFO - [2024-02-14T09:51:44.058+0000] {dag.py:3036} INFO - Sync 1 DAGs
[2024-02-14T09:51:44.071+0000] {logging_mixin.py:188} INFO - [2024-02-14T09:51:44.071+0000] {dag.py:3823} INFO - Setting next_dagrun for example_branch_labels to 2024-02-13 00:00:00+00:00, run_after=2024-02-14 00:00:00+00:00
[2024-02-14T09:51:44.082+0000] {processor.py:183} INFO - Processing /home/airflow/.local/lib/python3.8/site-packages/airflow/example_dags/example_branch_labels.py took 0.051 seconds
[2024-02-14T09:52:14.553+0000] {processor.py:161} INFO - Started process (PID=688) to work on /home/airflow/.local/lib/python3.8/site-packages/airflow/example_dags/example_branch_labels.py
[2024-02-14T09:52:14.555+0000] {processor.py:830} INFO - Processing file /home/airflow/.local/lib/python3.8/site-packages/airflow/example_dags/example_branch_labels.py for tasks to queue
[2024-02-14T09:52:14.557+0000] {logging_mixin.py:188} INFO - [2024-02-14T09:52:14.557+0000] {dagbag.py:538} INFO - Filling up the DagBag from /home/airflow/.local/lib/python3.8/site-packages/airflow/example_dags/example_branch_labels.py
[2024-02-14T09:52:14.563+0000] {processor.py:840} INFO - DAG(s) 'example_branch_labels' retrieved from /home/airflow/.local/lib/python3.8/site-packages/airflow/example_dags/example_branch_labels.py
[2024-02-14T09:52:14.578+0000] {logging_mixin.py:188} INFO - [2024-02-14T09:52:14.578+0000] {dag.py:3036} INFO - Sync 1 DAGs
[2024-02-14T09:52:14.592+0000] {logging_mixin.py:188} INFO - [2024-02-14T09:52:14.591+0000] {dag.py:3823} INFO - Setting next_dagrun for example_branch_labels to 2024-02-13 00:00:00+00:00, run_after=2024-02-14 00:00:00+00:00
[2024-02-14T09:52:14.603+0000] {processor.py:183} INFO - Processing /home/airflow/.local/lib/python3.8/site-packages/airflow/example_dags/example_branch_labels.py took 0.052 seconds
[2024-02-14T09:52:44.987+0000] {processor.py:161} INFO - Started process (PID=744) to work on /home/airflow/.local/lib/python3.8/site-packages/airflow/example_dags/example_branch_labels.py
[2024-02-14T09:52:44.988+0000] {processor.py:830} INFO - Processing file /home/airflow/.local/lib/python3.8/site-packages/airflow/example_dags/example_branch_labels.py for tasks to queue
[2024-02-14T09:52:44.990+0000] {logging_mixin.py:188} INFO - [2024-02-14T09:52:44.990+0000] {dagbag.py:538} INFO - Filling up the DagBag from /home/airflow/.local/lib/python3.8/site-packages/airflow/example_dags/example_branch_labels.py
[2024-02-14T09:52:44.996+0000] {processor.py:840} INFO - DAG(s) 'example_branch_labels' retrieved from /home/airflow/.local/lib/python3.8/site-packages/airflow/example_dags/example_branch_labels.py
[2024-02-14T09:52:45.013+0000] {logging_mixin.py:188} INFO - [2024-02-14T09:52:45.013+0000] {dag.py:3036} INFO - Sync 1 DAGs
[2024-02-14T09:52:45.027+0000] {logging_mixin.py:188} INFO - [2024-02-14T09:52:45.027+0000] {dag.py:3823} INFO - Setting next_dagrun for example_branch_labels to 2024-02-13 00:00:00+00:00, run_after=2024-02-14 00:00:00+00:00
[2024-02-14T09:52:45.039+0000] {processor.py:183} INFO - Processing /home/airflow/.local/lib/python3.8/site-packages/airflow/example_dags/example_branch_labels.py took 0.055 seconds
[2024-02-14T09:53:38.621+0000] {processor.py:161} INFO - Started process (PID=65) to work on /home/airflow/.local/lib/python3.8/site-packages/airflow/example_dags/example_branch_labels.py
[2024-02-14T09:53:38.623+0000] {processor.py:830} INFO - Processing file /home/airflow/.local/lib/python3.8/site-packages/airflow/example_dags/example_branch_labels.py for tasks to queue
[2024-02-14T09:53:38.625+0000] {logging_mixin.py:188} INFO - [2024-02-14T09:53:38.625+0000] {dagbag.py:538} INFO - Filling up the DagBag from /home/airflow/.local/lib/python3.8/site-packages/airflow/example_dags/example_branch_labels.py
[2024-02-14T09:53:38.637+0000] {processor.py:840} INFO - DAG(s) 'example_branch_labels' retrieved from /home/airflow/.local/lib/python3.8/site-packages/airflow/example_dags/example_branch_labels.py
[2024-02-14T09:53:38.650+0000] {logging_mixin.py:188} INFO - [2024-02-14T09:53:38.650+0000] {dag.py:3036} INFO - Sync 1 DAGs
[2024-02-14T09:53:38.669+0000] {logging_mixin.py:188} INFO - [2024-02-14T09:53:38.669+0000] {dag.py:3823} INFO - Setting next_dagrun for example_branch_labels to 2024-02-13 00:00:00+00:00, run_after=2024-02-14 00:00:00+00:00
[2024-02-14T09:53:38.688+0000] {processor.py:183} INFO - Processing /home/airflow/.local/lib/python3.8/site-packages/airflow/example_dags/example_branch_labels.py took 0.070 seconds
[2024-02-14T09:54:10.371+0000] {processor.py:161} INFO - Started process (PID=121) to work on /home/airflow/.local/lib/python3.8/site-packages/airflow/example_dags/example_branch_labels.py
[2024-02-14T09:54:10.373+0000] {processor.py:830} INFO - Processing file /home/airflow/.local/lib/python3.8/site-packages/airflow/example_dags/example_branch_labels.py for tasks to queue
[2024-02-14T09:54:10.376+0000] {logging_mixin.py:188} INFO - [2024-02-14T09:54:10.376+0000] {dagbag.py:538} INFO - Filling up the DagBag from /home/airflow/.local/lib/python3.8/site-packages/airflow/example_dags/example_branch_labels.py
[2024-02-14T09:54:10.383+0000] {processor.py:840} INFO - DAG(s) 'example_branch_labels' retrieved from /home/airflow/.local/lib/python3.8/site-packages/airflow/example_dags/example_branch_labels.py
[2024-02-14T09:54:10.462+0000] {logging_mixin.py:188} INFO - [2024-02-14T09:54:10.462+0000] {dag.py:3036} INFO - Sync 1 DAGs
[2024-02-14T09:54:10.478+0000] {logging_mixin.py:188} INFO - [2024-02-14T09:54:10.477+0000] {dag.py:3823} INFO - Setting next_dagrun for example_branch_labels to 2024-02-13 00:00:00+00:00, run_after=2024-02-14 00:00:00+00:00
[2024-02-14T09:54:10.492+0000] {processor.py:183} INFO - Processing /home/airflow/.local/lib/python3.8/site-packages/airflow/example_dags/example_branch_labels.py took 0.123 seconds
[2024-02-14T09:54:40.863+0000] {processor.py:161} INFO - Started process (PID=178) to work on /home/airflow/.local/lib/python3.8/site-packages/airflow/example_dags/example_branch_labels.py
[2024-02-14T09:54:40.865+0000] {processor.py:830} INFO - Processing file /home/airflow/.local/lib/python3.8/site-packages/airflow/example_dags/example_branch_labels.py for tasks to queue
[2024-02-14T09:54:40.867+0000] {logging_mixin.py:188} INFO - [2024-02-14T09:54:40.867+0000] {dagbag.py:538} INFO - Filling up the DagBag from /home/airflow/.local/lib/python3.8/site-packages/airflow/example_dags/example_branch_labels.py
[2024-02-14T09:54:40.873+0000] {processor.py:840} INFO - DAG(s) 'example_branch_labels' retrieved from /home/airflow/.local/lib/python3.8/site-packages/airflow/example_dags/example_branch_labels.py
[2024-02-14T09:54:40.889+0000] {logging_mixin.py:188} INFO - [2024-02-14T09:54:40.889+0000] {dag.py:3036} INFO - Sync 1 DAGs
[2024-02-14T09:54:40.908+0000] {logging_mixin.py:188} INFO - [2024-02-14T09:54:40.908+0000] {dag.py:3823} INFO - Setting next_dagrun for example_branch_labels to 2024-02-13 00:00:00+00:00, run_after=2024-02-14 00:00:00+00:00
[2024-02-14T09:54:40.919+0000] {processor.py:183} INFO - Processing /home/airflow/.local/lib/python3.8/site-packages/airflow/example_dags/example_branch_labels.py took 0.058 seconds
[2024-02-14T09:55:50.197+0000] {processor.py:161} INFO - Started process (PID=62) to work on /home/airflow/.local/lib/python3.8/site-packages/airflow/example_dags/example_branch_labels.py
[2024-02-14T09:55:50.202+0000] {processor.py:830} INFO - Processing file /home/airflow/.local/lib/python3.8/site-packages/airflow/example_dags/example_branch_labels.py for tasks to queue
[2024-02-14T09:55:50.207+0000] {logging_mixin.py:188} INFO - [2024-02-14T09:55:50.206+0000] {dagbag.py:538} INFO - Filling up the DagBag from /home/airflow/.local/lib/python3.8/site-packages/airflow/example_dags/example_branch_labels.py
[2024-02-14T09:55:50.223+0000] {processor.py:840} INFO - DAG(s) 'example_branch_labels' retrieved from /home/airflow/.local/lib/python3.8/site-packages/airflow/example_dags/example_branch_labels.py
[2024-02-14T09:55:50.237+0000] {logging_mixin.py:188} INFO - [2024-02-14T09:55:50.236+0000] {dag.py:3036} INFO - Sync 1 DAGs
[2024-02-14T09:55:50.266+0000] {logging_mixin.py:188} INFO - [2024-02-14T09:55:50.265+0000] {dag.py:3823} INFO - Setting next_dagrun for example_branch_labels to 2024-02-13 00:00:00+00:00, run_after=2024-02-14 00:00:00+00:00
[2024-02-14T09:55:50.285+0000] {processor.py:183} INFO - Processing /home/airflow/.local/lib/python3.8/site-packages/airflow/example_dags/example_branch_labels.py took 0.094 seconds
[2024-02-14T09:56:20.350+0000] {processor.py:161} INFO - Started process (PID=124) to work on /home/airflow/.local/lib/python3.8/site-packages/airflow/example_dags/example_branch_labels.py
[2024-02-14T09:56:20.352+0000] {processor.py:830} INFO - Processing file /home/airflow/.local/lib/python3.8/site-packages/airflow/example_dags/example_branch_labels.py for tasks to queue
[2024-02-14T09:56:20.354+0000] {logging_mixin.py:188} INFO - [2024-02-14T09:56:20.354+0000] {dagbag.py:538} INFO - Filling up the DagBag from /home/airflow/.local/lib/python3.8/site-packages/airflow/example_dags/example_branch_labels.py
[2024-02-14T09:56:20.360+0000] {processor.py:840} INFO - DAG(s) 'example_branch_labels' retrieved from /home/airflow/.local/lib/python3.8/site-packages/airflow/example_dags/example_branch_labels.py
[2024-02-14T09:56:20.418+0000] {logging_mixin.py:188} INFO - [2024-02-14T09:56:20.418+0000] {dag.py:3036} INFO - Sync 1 DAGs
[2024-02-14T09:56:20.430+0000] {logging_mixin.py:188} INFO - [2024-02-14T09:56:20.430+0000] {dag.py:3823} INFO - Setting next_dagrun for example_branch_labels to 2024-02-13 00:00:00+00:00, run_after=2024-02-14 00:00:00+00:00
[2024-02-14T09:56:20.441+0000] {processor.py:183} INFO - Processing /home/airflow/.local/lib/python3.8/site-packages/airflow/example_dags/example_branch_labels.py took 0.094 seconds
[2024-02-14T09:56:51.349+0000] {processor.py:161} INFO - Started process (PID=181) to work on /home/airflow/.local/lib/python3.8/site-packages/airflow/example_dags/example_branch_labels.py
[2024-02-14T09:56:51.351+0000] {processor.py:830} INFO - Processing file /home/airflow/.local/lib/python3.8/site-packages/airflow/example_dags/example_branch_labels.py for tasks to queue
[2024-02-14T09:56:51.354+0000] {logging_mixin.py:188} INFO - [2024-02-14T09:56:51.354+0000] {dagbag.py:538} INFO - Filling up the DagBag from /home/airflow/.local/lib/python3.8/site-packages/airflow/example_dags/example_branch_labels.py
[2024-02-14T09:56:51.367+0000] {processor.py:840} INFO - DAG(s) 'example_branch_labels' retrieved from /home/airflow/.local/lib/python3.8/site-packages/airflow/example_dags/example_branch_labels.py
[2024-02-14T09:56:51.485+0000] {logging_mixin.py:188} INFO - [2024-02-14T09:56:51.484+0000] {dag.py:3036} INFO - Sync 1 DAGs
[2024-02-14T09:56:51.520+0000] {logging_mixin.py:188} INFO - [2024-02-14T09:56:51.520+0000] {dag.py:3823} INFO - Setting next_dagrun for example_branch_labels to 2024-02-13 00:00:00+00:00, run_after=2024-02-14 00:00:00+00:00
[2024-02-14T09:56:51.553+0000] {processor.py:183} INFO - Processing /home/airflow/.local/lib/python3.8/site-packages/airflow/example_dags/example_branch_labels.py took 0.207 seconds
[2024-02-14T09:57:22.355+0000] {processor.py:161} INFO - Started process (PID=238) to work on /home/airflow/.local/lib/python3.8/site-packages/airflow/example_dags/example_branch_labels.py
[2024-02-14T09:57:22.357+0000] {processor.py:830} INFO - Processing file /home/airflow/.local/lib/python3.8/site-packages/airflow/example_dags/example_branch_labels.py for tasks to queue
[2024-02-14T09:57:22.360+0000] {logging_mixin.py:188} INFO - [2024-02-14T09:57:22.360+0000] {dagbag.py:538} INFO - Filling up the DagBag from /home/airflow/.local/lib/python3.8/site-packages/airflow/example_dags/example_branch_labels.py
[2024-02-14T09:57:22.370+0000] {processor.py:840} INFO - DAG(s) 'example_branch_labels' retrieved from /home/airflow/.local/lib/python3.8/site-packages/airflow/example_dags/example_branch_labels.py
[2024-02-14T09:57:22.394+0000] {logging_mixin.py:188} INFO - [2024-02-14T09:57:22.394+0000] {dag.py:3036} INFO - Sync 1 DAGs
[2024-02-14T09:57:22.409+0000] {logging_mixin.py:188} INFO - [2024-02-14T09:57:22.409+0000] {dag.py:3823} INFO - Setting next_dagrun for example_branch_labels to 2024-02-13 00:00:00+00:00, run_after=2024-02-14 00:00:00+00:00
[2024-02-14T09:57:22.424+0000] {processor.py:183} INFO - Processing /home/airflow/.local/lib/python3.8/site-packages/airflow/example_dags/example_branch_labels.py took 0.072 seconds
[2024-02-14T09:57:53.002+0000] {processor.py:161} INFO - Started process (PID=296) to work on /home/airflow/.local/lib/python3.8/site-packages/airflow/example_dags/example_branch_labels.py
[2024-02-14T09:57:53.004+0000] {processor.py:830} INFO - Processing file /home/airflow/.local/lib/python3.8/site-packages/airflow/example_dags/example_branch_labels.py for tasks to queue
[2024-02-14T09:57:53.005+0000] {logging_mixin.py:188} INFO - [2024-02-14T09:57:53.005+0000] {dagbag.py:538} INFO - Filling up the DagBag from /home/airflow/.local/lib/python3.8/site-packages/airflow/example_dags/example_branch_labels.py
[2024-02-14T09:57:53.012+0000] {processor.py:840} INFO - DAG(s) 'example_branch_labels' retrieved from /home/airflow/.local/lib/python3.8/site-packages/airflow/example_dags/example_branch_labels.py
[2024-02-14T09:57:53.028+0000] {logging_mixin.py:188} INFO - [2024-02-14T09:57:53.028+0000] {dag.py:3036} INFO - Sync 1 DAGs
[2024-02-14T09:57:53.042+0000] {logging_mixin.py:188} INFO - [2024-02-14T09:57:53.042+0000] {dag.py:3823} INFO - Setting next_dagrun for example_branch_labels to 2024-02-13 00:00:00+00:00, run_after=2024-02-14 00:00:00+00:00
[2024-02-14T09:57:53.053+0000] {processor.py:183} INFO - Processing /home/airflow/.local/lib/python3.8/site-packages/airflow/example_dags/example_branch_labels.py took 0.053 seconds
[2024-02-14T09:58:23.362+0000] {processor.py:161} INFO - Started process (PID=353) to work on /home/airflow/.local/lib/python3.8/site-packages/airflow/example_dags/example_branch_labels.py
[2024-02-14T09:58:23.364+0000] {processor.py:830} INFO - Processing file /home/airflow/.local/lib/python3.8/site-packages/airflow/example_dags/example_branch_labels.py for tasks to queue
[2024-02-14T09:58:23.366+0000] {logging_mixin.py:188} INFO - [2024-02-14T09:58:23.365+0000] {dagbag.py:538} INFO - Filling up the DagBag from /home/airflow/.local/lib/python3.8/site-packages/airflow/example_dags/example_branch_labels.py
[2024-02-14T09:58:23.371+0000] {processor.py:840} INFO - DAG(s) 'example_branch_labels' retrieved from /home/airflow/.local/lib/python3.8/site-packages/airflow/example_dags/example_branch_labels.py
[2024-02-14T09:58:23.386+0000] {logging_mixin.py:188} INFO - [2024-02-14T09:58:23.386+0000] {dag.py:3036} INFO - Sync 1 DAGs
[2024-02-14T09:58:23.400+0000] {logging_mixin.py:188} INFO - [2024-02-14T09:58:23.400+0000] {dag.py:3823} INFO - Setting next_dagrun for example_branch_labels to 2024-02-13 00:00:00+00:00, run_after=2024-02-14 00:00:00+00:00
[2024-02-14T09:58:23.411+0000] {processor.py:183} INFO - Processing /home/airflow/.local/lib/python3.8/site-packages/airflow/example_dags/example_branch_labels.py took 0.051 seconds
[2024-02-14T09:58:54.340+0000] {processor.py:161} INFO - Started process (PID=412) to work on /home/airflow/.local/lib/python3.8/site-packages/airflow/example_dags/example_branch_labels.py
[2024-02-14T09:58:54.343+0000] {processor.py:830} INFO - Processing file /home/airflow/.local/lib/python3.8/site-packages/airflow/example_dags/example_branch_labels.py for tasks to queue
[2024-02-14T09:58:54.345+0000] {logging_mixin.py:188} INFO - [2024-02-14T09:58:54.345+0000] {dagbag.py:538} INFO - Filling up the DagBag from /home/airflow/.local/lib/python3.8/site-packages/airflow/example_dags/example_branch_labels.py
[2024-02-14T09:58:54.351+0000] {processor.py:840} INFO - DAG(s) 'example_branch_labels' retrieved from /home/airflow/.local/lib/python3.8/site-packages/airflow/example_dags/example_branch_labels.py
[2024-02-14T09:58:54.366+0000] {logging_mixin.py:188} INFO - [2024-02-14T09:58:54.366+0000] {dag.py:3036} INFO - Sync 1 DAGs
[2024-02-14T09:58:54.381+0000] {logging_mixin.py:188} INFO - [2024-02-14T09:58:54.381+0000] {dag.py:3823} INFO - Setting next_dagrun for example_branch_labels to 2024-02-13 00:00:00+00:00, run_after=2024-02-14 00:00:00+00:00
[2024-02-14T09:58:54.394+0000] {processor.py:183} INFO - Processing /home/airflow/.local/lib/python3.8/site-packages/airflow/example_dags/example_branch_labels.py took 0.056 seconds
[2024-02-14T09:59:24.729+0000] {processor.py:161} INFO - Started process (PID=469) to work on /home/airflow/.local/lib/python3.8/site-packages/airflow/example_dags/example_branch_labels.py
[2024-02-14T09:59:24.731+0000] {processor.py:830} INFO - Processing file /home/airflow/.local/lib/python3.8/site-packages/airflow/example_dags/example_branch_labels.py for tasks to queue
[2024-02-14T09:59:24.734+0000] {logging_mixin.py:188} INFO - [2024-02-14T09:59:24.733+0000] {dagbag.py:538} INFO - Filling up the DagBag from /home/airflow/.local/lib/python3.8/site-packages/airflow/example_dags/example_branch_labels.py
[2024-02-14T09:59:24.740+0000] {processor.py:840} INFO - DAG(s) 'example_branch_labels' retrieved from /home/airflow/.local/lib/python3.8/site-packages/airflow/example_dags/example_branch_labels.py
[2024-02-14T09:59:24.755+0000] {logging_mixin.py:188} INFO - [2024-02-14T09:59:24.755+0000] {dag.py:3036} INFO - Sync 1 DAGs
[2024-02-14T09:59:24.768+0000] {logging_mixin.py:188} INFO - [2024-02-14T09:59:24.767+0000] {dag.py:3823} INFO - Setting next_dagrun for example_branch_labels to 2024-02-13 00:00:00+00:00, run_after=2024-02-14 00:00:00+00:00
[2024-02-14T09:59:24.780+0000] {processor.py:183} INFO - Processing /home/airflow/.local/lib/python3.8/site-packages/airflow/example_dags/example_branch_labels.py took 0.054 seconds
[2024-02-14T09:59:55.496+0000] {processor.py:161} INFO - Started process (PID=525) to work on /home/airflow/.local/lib/python3.8/site-packages/airflow/example_dags/example_branch_labels.py
[2024-02-14T09:59:55.498+0000] {processor.py:830} INFO - Processing file /home/airflow/.local/lib/python3.8/site-packages/airflow/example_dags/example_branch_labels.py for tasks to queue
[2024-02-14T09:59:55.500+0000] {logging_mixin.py:188} INFO - [2024-02-14T09:59:55.499+0000] {dagbag.py:538} INFO - Filling up the DagBag from /home/airflow/.local/lib/python3.8/site-packages/airflow/example_dags/example_branch_labels.py
[2024-02-14T09:59:55.506+0000] {processor.py:840} INFO - DAG(s) 'example_branch_labels' retrieved from /home/airflow/.local/lib/python3.8/site-packages/airflow/example_dags/example_branch_labels.py
[2024-02-14T09:59:55.521+0000] {logging_mixin.py:188} INFO - [2024-02-14T09:59:55.521+0000] {dag.py:3036} INFO - Sync 1 DAGs
[2024-02-14T09:59:55.535+0000] {logging_mixin.py:188} INFO - [2024-02-14T09:59:55.535+0000] {dag.py:3823} INFO - Setting next_dagrun for example_branch_labels to 2024-02-13 00:00:00+00:00, run_after=2024-02-14 00:00:00+00:00
[2024-02-14T09:59:55.545+0000] {processor.py:183} INFO - Processing /home/airflow/.local/lib/python3.8/site-packages/airflow/example_dags/example_branch_labels.py took 0.051 seconds
[2024-02-14T10:00:25.869+0000] {processor.py:161} INFO - Started process (PID=582) to work on /home/airflow/.local/lib/python3.8/site-packages/airflow/example_dags/example_branch_labels.py
[2024-02-14T10:00:25.872+0000] {processor.py:830} INFO - Processing file /home/airflow/.local/lib/python3.8/site-packages/airflow/example_dags/example_branch_labels.py for tasks to queue
[2024-02-14T10:00:25.875+0000] {logging_mixin.py:188} INFO - [2024-02-14T10:00:25.875+0000] {dagbag.py:538} INFO - Filling up the DagBag from /home/airflow/.local/lib/python3.8/site-packages/airflow/example_dags/example_branch_labels.py
[2024-02-14T10:00:25.882+0000] {processor.py:840} INFO - DAG(s) 'example_branch_labels' retrieved from /home/airflow/.local/lib/python3.8/site-packages/airflow/example_dags/example_branch_labels.py
[2024-02-14T10:00:25.900+0000] {logging_mixin.py:188} INFO - [2024-02-14T10:00:25.900+0000] {dag.py:3036} INFO - Sync 1 DAGs
[2024-02-14T10:00:25.917+0000] {logging_mixin.py:188} INFO - [2024-02-14T10:00:25.917+0000] {dag.py:3823} INFO - Setting next_dagrun for example_branch_labels to 2024-02-13 00:00:00+00:00, run_after=2024-02-14 00:00:00+00:00
[2024-02-14T10:00:25.934+0000] {processor.py:183} INFO - Processing /home/airflow/.local/lib/python3.8/site-packages/airflow/example_dags/example_branch_labels.py took 0.068 seconds
[2024-02-14T10:00:56.009+0000] {processor.py:161} INFO - Started process (PID=638) to work on /home/airflow/.local/lib/python3.8/site-packages/airflow/example_dags/example_branch_labels.py
[2024-02-14T10:00:56.012+0000] {processor.py:830} INFO - Processing file /home/airflow/.local/lib/python3.8/site-packages/airflow/example_dags/example_branch_labels.py for tasks to queue
[2024-02-14T10:00:56.016+0000] {logging_mixin.py:188} INFO - [2024-02-14T10:00:56.016+0000] {dagbag.py:538} INFO - Filling up the DagBag from /home/airflow/.local/lib/python3.8/site-packages/airflow/example_dags/example_branch_labels.py
[2024-02-14T10:00:56.028+0000] {processor.py:840} INFO - DAG(s) 'example_branch_labels' retrieved from /home/airflow/.local/lib/python3.8/site-packages/airflow/example_dags/example_branch_labels.py
[2024-02-14T10:00:56.053+0000] {logging_mixin.py:188} INFO - [2024-02-14T10:00:56.053+0000] {dag.py:3036} INFO - Sync 1 DAGs
[2024-02-14T10:00:56.071+0000] {logging_mixin.py:188} INFO - [2024-02-14T10:00:56.071+0000] {dag.py:3823} INFO - Setting next_dagrun for example_branch_labels to 2024-02-13 00:00:00+00:00, run_after=2024-02-14 00:00:00+00:00
[2024-02-14T10:00:56.088+0000] {processor.py:183} INFO - Processing /home/airflow/.local/lib/python3.8/site-packages/airflow/example_dags/example_branch_labels.py took 0.083 seconds
[2024-02-14T10:01:27.167+0000] {processor.py:161} INFO - Started process (PID=695) to work on /home/airflow/.local/lib/python3.8/site-packages/airflow/example_dags/example_branch_labels.py
[2024-02-14T10:01:27.172+0000] {processor.py:830} INFO - Processing file /home/airflow/.local/lib/python3.8/site-packages/airflow/example_dags/example_branch_labels.py for tasks to queue
[2024-02-14T10:01:27.176+0000] {logging_mixin.py:188} INFO - [2024-02-14T10:01:27.175+0000] {dagbag.py:538} INFO - Filling up the DagBag from /home/airflow/.local/lib/python3.8/site-packages/airflow/example_dags/example_branch_labels.py
[2024-02-14T10:01:27.188+0000] {processor.py:840} INFO - DAG(s) 'example_branch_labels' retrieved from /home/airflow/.local/lib/python3.8/site-packages/airflow/example_dags/example_branch_labels.py
[2024-02-14T10:01:27.205+0000] {logging_mixin.py:188} INFO - [2024-02-14T10:01:27.205+0000] {dag.py:3036} INFO - Sync 1 DAGs
[2024-02-14T10:01:27.224+0000] {logging_mixin.py:188} INFO - [2024-02-14T10:01:27.224+0000] {dag.py:3823} INFO - Setting next_dagrun for example_branch_labels to 2024-02-13 00:00:00+00:00, run_after=2024-02-14 00:00:00+00:00
[2024-02-14T10:01:27.252+0000] {processor.py:183} INFO - Processing /home/airflow/.local/lib/python3.8/site-packages/airflow/example_dags/example_branch_labels.py took 0.089 seconds
[2024-02-14T10:01:58.149+0000] {processor.py:161} INFO - Started process (PID=752) to work on /home/airflow/.local/lib/python3.8/site-packages/airflow/example_dags/example_branch_labels.py
[2024-02-14T10:01:58.152+0000] {processor.py:830} INFO - Processing file /home/airflow/.local/lib/python3.8/site-packages/airflow/example_dags/example_branch_labels.py for tasks to queue
[2024-02-14T10:01:58.153+0000] {logging_mixin.py:188} INFO - [2024-02-14T10:01:58.153+0000] {dagbag.py:538} INFO - Filling up the DagBag from /home/airflow/.local/lib/python3.8/site-packages/airflow/example_dags/example_branch_labels.py
[2024-02-14T10:01:58.159+0000] {processor.py:840} INFO - DAG(s) 'example_branch_labels' retrieved from /home/airflow/.local/lib/python3.8/site-packages/airflow/example_dags/example_branch_labels.py
[2024-02-14T10:01:58.174+0000] {logging_mixin.py:188} INFO - [2024-02-14T10:01:58.174+0000] {dag.py:3036} INFO - Sync 1 DAGs
[2024-02-14T10:01:58.189+0000] {logging_mixin.py:188} INFO - [2024-02-14T10:01:58.189+0000] {dag.py:3823} INFO - Setting next_dagrun for example_branch_labels to 2024-02-13 00:00:00+00:00, run_after=2024-02-14 00:00:00+00:00
[2024-02-14T10:01:58.202+0000] {processor.py:183} INFO - Processing /home/airflow/.local/lib/python3.8/site-packages/airflow/example_dags/example_branch_labels.py took 0.056 seconds
[2024-02-14T10:02:28.943+0000] {processor.py:161} INFO - Started process (PID=809) to work on /home/airflow/.local/lib/python3.8/site-packages/airflow/example_dags/example_branch_labels.py
[2024-02-14T10:02:28.944+0000] {processor.py:830} INFO - Processing file /home/airflow/.local/lib/python3.8/site-packages/airflow/example_dags/example_branch_labels.py for tasks to queue
[2024-02-14T10:02:28.947+0000] {logging_mixin.py:188} INFO - [2024-02-14T10:02:28.947+0000] {dagbag.py:538} INFO - Filling up the DagBag from /home/airflow/.local/lib/python3.8/site-packages/airflow/example_dags/example_branch_labels.py
[2024-02-14T10:02:28.954+0000] {processor.py:840} INFO - DAG(s) 'example_branch_labels' retrieved from /home/airflow/.local/lib/python3.8/site-packages/airflow/example_dags/example_branch_labels.py
[2024-02-14T10:02:28.973+0000] {logging_mixin.py:188} INFO - [2024-02-14T10:02:28.973+0000] {dag.py:3036} INFO - Sync 1 DAGs
[2024-02-14T10:02:28.992+0000] {logging_mixin.py:188} INFO - [2024-02-14T10:02:28.992+0000] {dag.py:3823} INFO - Setting next_dagrun for example_branch_labels to 2024-02-13 00:00:00+00:00, run_after=2024-02-14 00:00:00+00:00
[2024-02-14T10:02:29.006+0000] {processor.py:183} INFO - Processing /home/airflow/.local/lib/python3.8/site-packages/airflow/example_dags/example_branch_labels.py took 0.065 seconds
[2024-02-14T10:02:59.723+0000] {processor.py:161} INFO - Started process (PID=868) to work on /home/airflow/.local/lib/python3.8/site-packages/airflow/example_dags/example_branch_labels.py
[2024-02-14T10:02:59.724+0000] {processor.py:830} INFO - Processing file /home/airflow/.local/lib/python3.8/site-packages/airflow/example_dags/example_branch_labels.py for tasks to queue
[2024-02-14T10:02:59.726+0000] {logging_mixin.py:188} INFO - [2024-02-14T10:02:59.726+0000] {dagbag.py:538} INFO - Filling up the DagBag from /home/airflow/.local/lib/python3.8/site-packages/airflow/example_dags/example_branch_labels.py
[2024-02-14T10:02:59.734+0000] {processor.py:840} INFO - DAG(s) 'example_branch_labels' retrieved from /home/airflow/.local/lib/python3.8/site-packages/airflow/example_dags/example_branch_labels.py
[2024-02-14T10:02:59.753+0000] {logging_mixin.py:188} INFO - [2024-02-14T10:02:59.753+0000] {dag.py:3036} INFO - Sync 1 DAGs
[2024-02-14T10:02:59.770+0000] {logging_mixin.py:188} INFO - [2024-02-14T10:02:59.770+0000] {dag.py:3823} INFO - Setting next_dagrun for example_branch_labels to 2024-02-13 00:00:00+00:00, run_after=2024-02-14 00:00:00+00:00
[2024-02-14T10:02:59.783+0000] {processor.py:183} INFO - Processing /home/airflow/.local/lib/python3.8/site-packages/airflow/example_dags/example_branch_labels.py took 0.063 seconds
