[2024-02-14T09:34:20.636+0000] {processor.py:161} INFO - Started process (PID=79) to work on /home/airflow/.local/lib/python3.8/site-packages/airflow/example_dags/example_xcom.py
[2024-02-14T09:34:20.638+0000] {processor.py:830} INFO - Processing file /home/airflow/.local/lib/python3.8/site-packages/airflow/example_dags/example_xcom.py for tasks to queue
[2024-02-14T09:34:20.640+0000] {logging_mixin.py:188} INFO - [2024-02-14T09:34:20.640+0000] {dagbag.py:538} INFO - Filling up the DagBag from /home/airflow/.local/lib/python3.8/site-packages/airflow/example_dags/example_xcom.py
[2024-02-14T09:34:20.647+0000] {processor.py:840} INFO - DAG(s) 'example_xcom' retrieved from /home/airflow/.local/lib/python3.8/site-packages/airflow/example_dags/example_xcom.py
[2024-02-14T09:34:20.659+0000] {logging_mixin.py:188} INFO - [2024-02-14T09:34:20.659+0000] {dag.py:3036} INFO - Sync 1 DAGs
[2024-02-14T09:34:20.676+0000] {logging_mixin.py:188} INFO - [2024-02-14T09:34:20.676+0000] {dag.py:3823} INFO - Setting next_dagrun for example_xcom to 2021-01-01 00:00:00+00:00, run_after=2021-01-01 00:00:00+00:00
[2024-02-14T09:34:20.695+0000] {processor.py:183} INFO - Processing /home/airflow/.local/lib/python3.8/site-packages/airflow/example_dags/example_xcom.py took 0.062 seconds
[2024-02-14T09:34:50.972+0000] {processor.py:161} INFO - Started process (PID=136) to work on /home/airflow/.local/lib/python3.8/site-packages/airflow/example_dags/example_xcom.py
[2024-02-14T09:34:50.973+0000] {processor.py:830} INFO - Processing file /home/airflow/.local/lib/python3.8/site-packages/airflow/example_dags/example_xcom.py for tasks to queue
[2024-02-14T09:34:50.976+0000] {logging_mixin.py:188} INFO - [2024-02-14T09:34:50.975+0000] {dagbag.py:538} INFO - Filling up the DagBag from /home/airflow/.local/lib/python3.8/site-packages/airflow/example_dags/example_xcom.py
[2024-02-14T09:34:50.983+0000] {processor.py:840} INFO - DAG(s) 'example_xcom' retrieved from /home/airflow/.local/lib/python3.8/site-packages/airflow/example_dags/example_xcom.py
[2024-02-14T09:34:51.049+0000] {logging_mixin.py:188} INFO - [2024-02-14T09:34:51.049+0000] {dag.py:3036} INFO - Sync 1 DAGs
[2024-02-14T09:34:51.063+0000] {logging_mixin.py:188} INFO - [2024-02-14T09:34:51.062+0000] {dag.py:3823} INFO - Setting next_dagrun for example_xcom to 2021-01-01 00:00:00+00:00, run_after=2021-01-01 00:00:00+00:00
[2024-02-14T09:34:51.079+0000] {processor.py:183} INFO - Processing /home/airflow/.local/lib/python3.8/site-packages/airflow/example_dags/example_xcom.py took 0.110 seconds
[2024-02-14T09:35:21.656+0000] {processor.py:161} INFO - Started process (PID=194) to work on /home/airflow/.local/lib/python3.8/site-packages/airflow/example_dags/example_xcom.py
[2024-02-14T09:35:21.658+0000] {processor.py:830} INFO - Processing file /home/airflow/.local/lib/python3.8/site-packages/airflow/example_dags/example_xcom.py for tasks to queue
[2024-02-14T09:35:21.661+0000] {logging_mixin.py:188} INFO - [2024-02-14T09:35:21.661+0000] {dagbag.py:538} INFO - Filling up the DagBag from /home/airflow/.local/lib/python3.8/site-packages/airflow/example_dags/example_xcom.py
[2024-02-14T09:35:21.669+0000] {processor.py:840} INFO - DAG(s) 'example_xcom' retrieved from /home/airflow/.local/lib/python3.8/site-packages/airflow/example_dags/example_xcom.py
[2024-02-14T09:35:21.689+0000] {logging_mixin.py:188} INFO - [2024-02-14T09:35:21.689+0000] {dag.py:3036} INFO - Sync 1 DAGs
[2024-02-14T09:35:21.707+0000] {logging_mixin.py:188} INFO - [2024-02-14T09:35:21.706+0000] {dag.py:3823} INFO - Setting next_dagrun for example_xcom to 2021-01-01 00:00:00+00:00, run_after=2021-01-01 00:00:00+00:00
[2024-02-14T09:35:21.726+0000] {processor.py:183} INFO - Processing /home/airflow/.local/lib/python3.8/site-packages/airflow/example_dags/example_xcom.py took 0.073 seconds
[2024-02-14T09:35:52.232+0000] {processor.py:161} INFO - Started process (PID=250) to work on /home/airflow/.local/lib/python3.8/site-packages/airflow/example_dags/example_xcom.py
[2024-02-14T09:35:52.233+0000] {processor.py:830} INFO - Processing file /home/airflow/.local/lib/python3.8/site-packages/airflow/example_dags/example_xcom.py for tasks to queue
[2024-02-14T09:35:52.236+0000] {logging_mixin.py:188} INFO - [2024-02-14T09:35:52.236+0000] {dagbag.py:538} INFO - Filling up the DagBag from /home/airflow/.local/lib/python3.8/site-packages/airflow/example_dags/example_xcom.py
[2024-02-14T09:35:52.242+0000] {processor.py:840} INFO - DAG(s) 'example_xcom' retrieved from /home/airflow/.local/lib/python3.8/site-packages/airflow/example_dags/example_xcom.py
[2024-02-14T09:35:52.256+0000] {logging_mixin.py:188} INFO - [2024-02-14T09:35:52.256+0000] {dag.py:3036} INFO - Sync 1 DAGs
[2024-02-14T09:35:52.270+0000] {logging_mixin.py:188} INFO - [2024-02-14T09:35:52.270+0000] {dag.py:3823} INFO - Setting next_dagrun for example_xcom to 2021-01-01 00:00:00+00:00, run_after=2021-01-01 00:00:00+00:00
[2024-02-14T09:35:52.281+0000] {processor.py:183} INFO - Processing /home/airflow/.local/lib/python3.8/site-packages/airflow/example_dags/example_xcom.py took 0.052 seconds
[2024-02-14T09:36:23.183+0000] {processor.py:161} INFO - Started process (PID=305) to work on /home/airflow/.local/lib/python3.8/site-packages/airflow/example_dags/example_xcom.py
[2024-02-14T09:36:23.184+0000] {processor.py:830} INFO - Processing file /home/airflow/.local/lib/python3.8/site-packages/airflow/example_dags/example_xcom.py for tasks to queue
[2024-02-14T09:36:23.186+0000] {logging_mixin.py:188} INFO - [2024-02-14T09:36:23.186+0000] {dagbag.py:538} INFO - Filling up the DagBag from /home/airflow/.local/lib/python3.8/site-packages/airflow/example_dags/example_xcom.py
[2024-02-14T09:36:23.192+0000] {processor.py:840} INFO - DAG(s) 'example_xcom' retrieved from /home/airflow/.local/lib/python3.8/site-packages/airflow/example_dags/example_xcom.py
[2024-02-14T09:36:23.210+0000] {logging_mixin.py:188} INFO - [2024-02-14T09:36:23.209+0000] {dag.py:3036} INFO - Sync 1 DAGs
[2024-02-14T09:36:23.224+0000] {logging_mixin.py:188} INFO - [2024-02-14T09:36:23.224+0000] {dag.py:3823} INFO - Setting next_dagrun for example_xcom to 2021-01-01 00:00:00+00:00, run_after=2021-01-01 00:00:00+00:00
[2024-02-14T09:36:23.240+0000] {processor.py:183} INFO - Processing /home/airflow/.local/lib/python3.8/site-packages/airflow/example_dags/example_xcom.py took 0.059 seconds
[2024-02-14T09:36:53.327+0000] {processor.py:161} INFO - Started process (PID=361) to work on /home/airflow/.local/lib/python3.8/site-packages/airflow/example_dags/example_xcom.py
[2024-02-14T09:36:53.330+0000] {processor.py:830} INFO - Processing file /home/airflow/.local/lib/python3.8/site-packages/airflow/example_dags/example_xcom.py for tasks to queue
[2024-02-14T09:36:53.333+0000] {logging_mixin.py:188} INFO - [2024-02-14T09:36:53.333+0000] {dagbag.py:538} INFO - Filling up the DagBag from /home/airflow/.local/lib/python3.8/site-packages/airflow/example_dags/example_xcom.py
[2024-02-14T09:36:53.342+0000] {processor.py:840} INFO - DAG(s) 'example_xcom' retrieved from /home/airflow/.local/lib/python3.8/site-packages/airflow/example_dags/example_xcom.py
[2024-02-14T09:36:53.357+0000] {logging_mixin.py:188} INFO - [2024-02-14T09:36:53.357+0000] {dag.py:3036} INFO - Sync 1 DAGs
[2024-02-14T09:36:53.369+0000] {logging_mixin.py:188} INFO - [2024-02-14T09:36:53.369+0000] {dag.py:3823} INFO - Setting next_dagrun for example_xcom to 2021-01-01 00:00:00+00:00, run_after=2021-01-01 00:00:00+00:00
[2024-02-14T09:36:53.379+0000] {processor.py:183} INFO - Processing /home/airflow/.local/lib/python3.8/site-packages/airflow/example_dags/example_xcom.py took 0.055 seconds
[2024-02-14T09:37:23.753+0000] {processor.py:161} INFO - Started process (PID=420) to work on /home/airflow/.local/lib/python3.8/site-packages/airflow/example_dags/example_xcom.py
[2024-02-14T09:37:23.754+0000] {processor.py:830} INFO - Processing file /home/airflow/.local/lib/python3.8/site-packages/airflow/example_dags/example_xcom.py for tasks to queue
[2024-02-14T09:37:23.757+0000] {logging_mixin.py:188} INFO - [2024-02-14T09:37:23.756+0000] {dagbag.py:538} INFO - Filling up the DagBag from /home/airflow/.local/lib/python3.8/site-packages/airflow/example_dags/example_xcom.py
[2024-02-14T09:37:23.763+0000] {processor.py:840} INFO - DAG(s) 'example_xcom' retrieved from /home/airflow/.local/lib/python3.8/site-packages/airflow/example_dags/example_xcom.py
[2024-02-14T09:37:23.779+0000] {logging_mixin.py:188} INFO - [2024-02-14T09:37:23.779+0000] {dag.py:3036} INFO - Sync 1 DAGs
[2024-02-14T09:37:23.797+0000] {logging_mixin.py:188} INFO - [2024-02-14T09:37:23.797+0000] {dag.py:3823} INFO - Setting next_dagrun for example_xcom to 2021-01-01 00:00:00+00:00, run_after=2021-01-01 00:00:00+00:00
[2024-02-14T09:37:23.811+0000] {processor.py:183} INFO - Processing /home/airflow/.local/lib/python3.8/site-packages/airflow/example_dags/example_xcom.py took 0.061 seconds
[2024-02-14T09:37:53.998+0000] {processor.py:161} INFO - Started process (PID=476) to work on /home/airflow/.local/lib/python3.8/site-packages/airflow/example_dags/example_xcom.py
[2024-02-14T09:37:53.999+0000] {processor.py:830} INFO - Processing file /home/airflow/.local/lib/python3.8/site-packages/airflow/example_dags/example_xcom.py for tasks to queue
[2024-02-14T09:37:54.001+0000] {logging_mixin.py:188} INFO - [2024-02-14T09:37:54.001+0000] {dagbag.py:538} INFO - Filling up the DagBag from /home/airflow/.local/lib/python3.8/site-packages/airflow/example_dags/example_xcom.py
[2024-02-14T09:37:54.006+0000] {processor.py:840} INFO - DAG(s) 'example_xcom' retrieved from /home/airflow/.local/lib/python3.8/site-packages/airflow/example_dags/example_xcom.py
[2024-02-14T09:37:54.021+0000] {logging_mixin.py:188} INFO - [2024-02-14T09:37:54.021+0000] {dag.py:3036} INFO - Sync 1 DAGs
[2024-02-14T09:37:54.033+0000] {logging_mixin.py:188} INFO - [2024-02-14T09:37:54.033+0000] {dag.py:3823} INFO - Setting next_dagrun for example_xcom to 2021-01-01 00:00:00+00:00, run_after=2021-01-01 00:00:00+00:00
[2024-02-14T09:37:54.047+0000] {processor.py:183} INFO - Processing /home/airflow/.local/lib/python3.8/site-packages/airflow/example_dags/example_xcom.py took 0.051 seconds
[2024-02-14T09:38:24.270+0000] {processor.py:161} INFO - Started process (PID=534) to work on /home/airflow/.local/lib/python3.8/site-packages/airflow/example_dags/example_xcom.py
[2024-02-14T09:38:24.271+0000] {processor.py:830} INFO - Processing file /home/airflow/.local/lib/python3.8/site-packages/airflow/example_dags/example_xcom.py for tasks to queue
[2024-02-14T09:38:24.273+0000] {logging_mixin.py:188} INFO - [2024-02-14T09:38:24.273+0000] {dagbag.py:538} INFO - Filling up the DagBag from /home/airflow/.local/lib/python3.8/site-packages/airflow/example_dags/example_xcom.py
[2024-02-14T09:38:24.279+0000] {processor.py:840} INFO - DAG(s) 'example_xcom' retrieved from /home/airflow/.local/lib/python3.8/site-packages/airflow/example_dags/example_xcom.py
[2024-02-14T09:38:24.294+0000] {logging_mixin.py:188} INFO - [2024-02-14T09:38:24.294+0000] {dag.py:3036} INFO - Sync 1 DAGs
[2024-02-14T09:38:24.308+0000] {logging_mixin.py:188} INFO - [2024-02-14T09:38:24.308+0000] {dag.py:3823} INFO - Setting next_dagrun for example_xcom to 2021-01-01 00:00:00+00:00, run_after=2021-01-01 00:00:00+00:00
[2024-02-14T09:38:24.322+0000] {processor.py:183} INFO - Processing /home/airflow/.local/lib/python3.8/site-packages/airflow/example_dags/example_xcom.py took 0.055 seconds
[2024-02-14T09:38:55.097+0000] {processor.py:161} INFO - Started process (PID=591) to work on /home/airflow/.local/lib/python3.8/site-packages/airflow/example_dags/example_xcom.py
[2024-02-14T09:38:55.100+0000] {processor.py:830} INFO - Processing file /home/airflow/.local/lib/python3.8/site-packages/airflow/example_dags/example_xcom.py for tasks to queue
[2024-02-14T09:38:55.102+0000] {logging_mixin.py:188} INFO - [2024-02-14T09:38:55.102+0000] {dagbag.py:538} INFO - Filling up the DagBag from /home/airflow/.local/lib/python3.8/site-packages/airflow/example_dags/example_xcom.py
[2024-02-14T09:38:55.109+0000] {processor.py:840} INFO - DAG(s) 'example_xcom' retrieved from /home/airflow/.local/lib/python3.8/site-packages/airflow/example_dags/example_xcom.py
[2024-02-14T09:38:55.129+0000] {logging_mixin.py:188} INFO - [2024-02-14T09:38:55.129+0000] {dag.py:3036} INFO - Sync 1 DAGs
[2024-02-14T09:38:55.145+0000] {logging_mixin.py:188} INFO - [2024-02-14T09:38:55.145+0000] {dag.py:3823} INFO - Setting next_dagrun for example_xcom to 2021-01-01 00:00:00+00:00, run_after=2021-01-01 00:00:00+00:00
[2024-02-14T09:38:55.162+0000] {processor.py:183} INFO - Processing /home/airflow/.local/lib/python3.8/site-packages/airflow/example_dags/example_xcom.py took 0.067 seconds
[2024-02-14T09:43:49.989+0000] {processor.py:161} INFO - Started process (PID=75) to work on /home/airflow/.local/lib/python3.8/site-packages/airflow/example_dags/example_xcom.py
[2024-02-14T09:43:49.991+0000] {processor.py:830} INFO - Processing file /home/airflow/.local/lib/python3.8/site-packages/airflow/example_dags/example_xcom.py for tasks to queue
[2024-02-14T09:43:49.994+0000] {logging_mixin.py:188} INFO - [2024-02-14T09:43:49.994+0000] {dagbag.py:538} INFO - Filling up the DagBag from /home/airflow/.local/lib/python3.8/site-packages/airflow/example_dags/example_xcom.py
[2024-02-14T09:43:50.003+0000] {processor.py:840} INFO - DAG(s) 'example_xcom' retrieved from /home/airflow/.local/lib/python3.8/site-packages/airflow/example_dags/example_xcom.py
[2024-02-14T09:43:50.014+0000] {logging_mixin.py:188} INFO - [2024-02-14T09:43:50.014+0000] {dag.py:3036} INFO - Sync 1 DAGs
[2024-02-14T09:43:50.034+0000] {logging_mixin.py:188} INFO - [2024-02-14T09:43:50.034+0000] {dag.py:3823} INFO - Setting next_dagrun for example_xcom to 2021-01-01 00:00:00+00:00, run_after=2021-01-01 00:00:00+00:00
[2024-02-14T09:43:50.049+0000] {processor.py:183} INFO - Processing /home/airflow/.local/lib/python3.8/site-packages/airflow/example_dags/example_xcom.py took 0.064 seconds
[2024-02-14T09:46:39.464+0000] {processor.py:161} INFO - Started process (PID=74) to work on /home/airflow/.local/lib/python3.8/site-packages/airflow/example_dags/example_xcom.py
[2024-02-14T09:46:39.466+0000] {processor.py:830} INFO - Processing file /home/airflow/.local/lib/python3.8/site-packages/airflow/example_dags/example_xcom.py for tasks to queue
[2024-02-14T09:46:39.468+0000] {logging_mixin.py:188} INFO - [2024-02-14T09:46:39.468+0000] {dagbag.py:538} INFO - Filling up the DagBag from /home/airflow/.local/lib/python3.8/site-packages/airflow/example_dags/example_xcom.py
[2024-02-14T09:46:39.476+0000] {processor.py:840} INFO - DAG(s) 'example_xcom' retrieved from /home/airflow/.local/lib/python3.8/site-packages/airflow/example_dags/example_xcom.py
[2024-02-14T09:46:39.546+0000] {logging_mixin.py:188} INFO - [2024-02-14T09:46:39.546+0000] {override.py:1769} INFO - Created Permission View: can edit on DAG:example_xcom
[2024-02-14T09:46:39.554+0000] {logging_mixin.py:188} INFO - [2024-02-14T09:46:39.553+0000] {override.py:1769} INFO - Created Permission View: can read on DAG:example_xcom
[2024-02-14T09:46:39.559+0000] {logging_mixin.py:188} INFO - [2024-02-14T09:46:39.558+0000] {override.py:1769} INFO - Created Permission View: can delete on DAG:example_xcom
[2024-02-14T09:46:39.560+0000] {logging_mixin.py:188} INFO - [2024-02-14T09:46:39.560+0000] {dag.py:3036} INFO - Sync 1 DAGs
[2024-02-14T09:46:39.568+0000] {logging_mixin.py:188} INFO - [2024-02-14T09:46:39.568+0000] {dag.py:3058} INFO - Creating ORM DAG for example_xcom
[2024-02-14T09:46:39.576+0000] {logging_mixin.py:188} INFO - [2024-02-14T09:46:39.576+0000] {dag.py:3823} INFO - Setting next_dagrun for example_xcom to 2021-01-01 00:00:00+00:00, run_after=2021-01-01 00:00:00+00:00
[2024-02-14T09:46:39.587+0000] {processor.py:183} INFO - Processing /home/airflow/.local/lib/python3.8/site-packages/airflow/example_dags/example_xcom.py took 0.126 seconds
[2024-02-14T09:47:09.886+0000] {processor.py:161} INFO - Started process (PID=129) to work on /home/airflow/.local/lib/python3.8/site-packages/airflow/example_dags/example_xcom.py
[2024-02-14T09:47:09.888+0000] {processor.py:830} INFO - Processing file /home/airflow/.local/lib/python3.8/site-packages/airflow/example_dags/example_xcom.py for tasks to queue
[2024-02-14T09:47:09.890+0000] {logging_mixin.py:188} INFO - [2024-02-14T09:47:09.890+0000] {dagbag.py:538} INFO - Filling up the DagBag from /home/airflow/.local/lib/python3.8/site-packages/airflow/example_dags/example_xcom.py
[2024-02-14T09:47:09.899+0000] {processor.py:840} INFO - DAG(s) 'example_xcom' retrieved from /home/airflow/.local/lib/python3.8/site-packages/airflow/example_dags/example_xcom.py
[2024-02-14T09:47:09.916+0000] {logging_mixin.py:188} INFO - [2024-02-14T09:47:09.915+0000] {dag.py:3036} INFO - Sync 1 DAGs
[2024-02-14T09:47:09.929+0000] {logging_mixin.py:188} INFO - [2024-02-14T09:47:09.929+0000] {dag.py:3823} INFO - Setting next_dagrun for example_xcom to 2021-01-01 00:00:00+00:00, run_after=2021-01-01 00:00:00+00:00
[2024-02-14T09:47:09.942+0000] {processor.py:183} INFO - Processing /home/airflow/.local/lib/python3.8/site-packages/airflow/example_dags/example_xcom.py took 0.060 seconds
[2024-02-14T09:47:40.512+0000] {processor.py:161} INFO - Started process (PID=187) to work on /home/airflow/.local/lib/python3.8/site-packages/airflow/example_dags/example_xcom.py
[2024-02-14T09:47:40.514+0000] {processor.py:830} INFO - Processing file /home/airflow/.local/lib/python3.8/site-packages/airflow/example_dags/example_xcom.py for tasks to queue
[2024-02-14T09:47:40.518+0000] {logging_mixin.py:188} INFO - [2024-02-14T09:47:40.518+0000] {dagbag.py:538} INFO - Filling up the DagBag from /home/airflow/.local/lib/python3.8/site-packages/airflow/example_dags/example_xcom.py
[2024-02-14T09:47:40.524+0000] {processor.py:840} INFO - DAG(s) 'example_xcom' retrieved from /home/airflow/.local/lib/python3.8/site-packages/airflow/example_dags/example_xcom.py
[2024-02-14T09:47:40.541+0000] {logging_mixin.py:188} INFO - [2024-02-14T09:47:40.541+0000] {dag.py:3036} INFO - Sync 1 DAGs
[2024-02-14T09:47:40.563+0000] {logging_mixin.py:188} INFO - [2024-02-14T09:47:40.563+0000] {dag.py:3823} INFO - Setting next_dagrun for example_xcom to 2021-01-01 00:00:00+00:00, run_after=2021-01-01 00:00:00+00:00
[2024-02-14T09:47:40.577+0000] {processor.py:183} INFO - Processing /home/airflow/.local/lib/python3.8/site-packages/airflow/example_dags/example_xcom.py took 0.067 seconds
[2024-02-14T09:48:11.053+0000] {processor.py:161} INFO - Started process (PID=245) to work on /home/airflow/.local/lib/python3.8/site-packages/airflow/example_dags/example_xcom.py
[2024-02-14T09:48:11.054+0000] {processor.py:830} INFO - Processing file /home/airflow/.local/lib/python3.8/site-packages/airflow/example_dags/example_xcom.py for tasks to queue
[2024-02-14T09:48:11.056+0000] {logging_mixin.py:188} INFO - [2024-02-14T09:48:11.056+0000] {dagbag.py:538} INFO - Filling up the DagBag from /home/airflow/.local/lib/python3.8/site-packages/airflow/example_dags/example_xcom.py
[2024-02-14T09:48:11.061+0000] {processor.py:840} INFO - DAG(s) 'example_xcom' retrieved from /home/airflow/.local/lib/python3.8/site-packages/airflow/example_dags/example_xcom.py
[2024-02-14T09:48:11.075+0000] {logging_mixin.py:188} INFO - [2024-02-14T09:48:11.074+0000] {dag.py:3036} INFO - Sync 1 DAGs
[2024-02-14T09:48:11.088+0000] {logging_mixin.py:188} INFO - [2024-02-14T09:48:11.088+0000] {dag.py:3823} INFO - Setting next_dagrun for example_xcom to 2021-01-01 00:00:00+00:00, run_after=2021-01-01 00:00:00+00:00
[2024-02-14T09:48:11.098+0000] {processor.py:183} INFO - Processing /home/airflow/.local/lib/python3.8/site-packages/airflow/example_dags/example_xcom.py took 0.048 seconds
[2024-02-14T09:48:41.485+0000] {processor.py:161} INFO - Started process (PID=305) to work on /home/airflow/.local/lib/python3.8/site-packages/airflow/example_dags/example_xcom.py
[2024-02-14T09:48:41.487+0000] {processor.py:830} INFO - Processing file /home/airflow/.local/lib/python3.8/site-packages/airflow/example_dags/example_xcom.py for tasks to queue
[2024-02-14T09:48:41.489+0000] {logging_mixin.py:188} INFO - [2024-02-14T09:48:41.489+0000] {dagbag.py:538} INFO - Filling up the DagBag from /home/airflow/.local/lib/python3.8/site-packages/airflow/example_dags/example_xcom.py
[2024-02-14T09:48:41.495+0000] {processor.py:840} INFO - DAG(s) 'example_xcom' retrieved from /home/airflow/.local/lib/python3.8/site-packages/airflow/example_dags/example_xcom.py
[2024-02-14T09:48:41.510+0000] {logging_mixin.py:188} INFO - [2024-02-14T09:48:41.510+0000] {dag.py:3036} INFO - Sync 1 DAGs
[2024-02-14T09:48:41.526+0000] {logging_mixin.py:188} INFO - [2024-02-14T09:48:41.526+0000] {dag.py:3823} INFO - Setting next_dagrun for example_xcom to 2021-01-01 00:00:00+00:00, run_after=2021-01-01 00:00:00+00:00
[2024-02-14T09:48:41.540+0000] {processor.py:183} INFO - Processing /home/airflow/.local/lib/python3.8/site-packages/airflow/example_dags/example_xcom.py took 0.057 seconds
[2024-02-14T09:49:12.088+0000] {processor.py:161} INFO - Started process (PID=361) to work on /home/airflow/.local/lib/python3.8/site-packages/airflow/example_dags/example_xcom.py
[2024-02-14T09:49:12.090+0000] {processor.py:830} INFO - Processing file /home/airflow/.local/lib/python3.8/site-packages/airflow/example_dags/example_xcom.py for tasks to queue
[2024-02-14T09:49:12.092+0000] {logging_mixin.py:188} INFO - [2024-02-14T09:49:12.092+0000] {dagbag.py:538} INFO - Filling up the DagBag from /home/airflow/.local/lib/python3.8/site-packages/airflow/example_dags/example_xcom.py
[2024-02-14T09:49:12.098+0000] {processor.py:840} INFO - DAG(s) 'example_xcom' retrieved from /home/airflow/.local/lib/python3.8/site-packages/airflow/example_dags/example_xcom.py
[2024-02-14T09:49:12.114+0000] {logging_mixin.py:188} INFO - [2024-02-14T09:49:12.113+0000] {dag.py:3036} INFO - Sync 1 DAGs
[2024-02-14T09:49:12.128+0000] {logging_mixin.py:188} INFO - [2024-02-14T09:49:12.127+0000] {dag.py:3823} INFO - Setting next_dagrun for example_xcom to 2021-01-01 00:00:00+00:00, run_after=2021-01-01 00:00:00+00:00
[2024-02-14T09:49:12.141+0000] {processor.py:183} INFO - Processing /home/airflow/.local/lib/python3.8/site-packages/airflow/example_dags/example_xcom.py took 0.055 seconds
[2024-02-14T09:49:43.028+0000] {processor.py:161} INFO - Started process (PID=417) to work on /home/airflow/.local/lib/python3.8/site-packages/airflow/example_dags/example_xcom.py
[2024-02-14T09:49:43.030+0000] {processor.py:830} INFO - Processing file /home/airflow/.local/lib/python3.8/site-packages/airflow/example_dags/example_xcom.py for tasks to queue
[2024-02-14T09:49:43.032+0000] {logging_mixin.py:188} INFO - [2024-02-14T09:49:43.031+0000] {dagbag.py:538} INFO - Filling up the DagBag from /home/airflow/.local/lib/python3.8/site-packages/airflow/example_dags/example_xcom.py
[2024-02-14T09:49:43.039+0000] {processor.py:840} INFO - DAG(s) 'example_xcom' retrieved from /home/airflow/.local/lib/python3.8/site-packages/airflow/example_dags/example_xcom.py
[2024-02-14T09:49:43.057+0000] {logging_mixin.py:188} INFO - [2024-02-14T09:49:43.057+0000] {dag.py:3036} INFO - Sync 1 DAGs
[2024-02-14T09:49:43.070+0000] {logging_mixin.py:188} INFO - [2024-02-14T09:49:43.070+0000] {dag.py:3823} INFO - Setting next_dagrun for example_xcom to 2021-01-01 00:00:00+00:00, run_after=2021-01-01 00:00:00+00:00
[2024-02-14T09:49:43.083+0000] {processor.py:183} INFO - Processing /home/airflow/.local/lib/python3.8/site-packages/airflow/example_dags/example_xcom.py took 0.057 seconds
[2024-02-14T09:50:13.487+0000] {processor.py:161} INFO - Started process (PID=475) to work on /home/airflow/.local/lib/python3.8/site-packages/airflow/example_dags/example_xcom.py
[2024-02-14T09:50:13.489+0000] {processor.py:830} INFO - Processing file /home/airflow/.local/lib/python3.8/site-packages/airflow/example_dags/example_xcom.py for tasks to queue
[2024-02-14T09:50:13.491+0000] {logging_mixin.py:188} INFO - [2024-02-14T09:50:13.491+0000] {dagbag.py:538} INFO - Filling up the DagBag from /home/airflow/.local/lib/python3.8/site-packages/airflow/example_dags/example_xcom.py
[2024-02-14T09:50:13.497+0000] {processor.py:840} INFO - DAG(s) 'example_xcom' retrieved from /home/airflow/.local/lib/python3.8/site-packages/airflow/example_dags/example_xcom.py
[2024-02-14T09:50:13.511+0000] {logging_mixin.py:188} INFO - [2024-02-14T09:50:13.511+0000] {dag.py:3036} INFO - Sync 1 DAGs
[2024-02-14T09:50:13.525+0000] {logging_mixin.py:188} INFO - [2024-02-14T09:50:13.525+0000] {dag.py:3823} INFO - Setting next_dagrun for example_xcom to 2021-01-01 00:00:00+00:00, run_after=2021-01-01 00:00:00+00:00
[2024-02-14T09:50:13.538+0000] {processor.py:183} INFO - Processing /home/airflow/.local/lib/python3.8/site-packages/airflow/example_dags/example_xcom.py took 0.053 seconds
[2024-02-14T09:50:43.785+0000] {processor.py:161} INFO - Started process (PID=531) to work on /home/airflow/.local/lib/python3.8/site-packages/airflow/example_dags/example_xcom.py
[2024-02-14T09:50:43.787+0000] {processor.py:830} INFO - Processing file /home/airflow/.local/lib/python3.8/site-packages/airflow/example_dags/example_xcom.py for tasks to queue
[2024-02-14T09:50:43.789+0000] {logging_mixin.py:188} INFO - [2024-02-14T09:50:43.788+0000] {dagbag.py:538} INFO - Filling up the DagBag from /home/airflow/.local/lib/python3.8/site-packages/airflow/example_dags/example_xcom.py
[2024-02-14T09:50:43.794+0000] {processor.py:840} INFO - DAG(s) 'example_xcom' retrieved from /home/airflow/.local/lib/python3.8/site-packages/airflow/example_dags/example_xcom.py
[2024-02-14T09:50:43.811+0000] {logging_mixin.py:188} INFO - [2024-02-14T09:50:43.811+0000] {dag.py:3036} INFO - Sync 1 DAGs
[2024-02-14T09:50:43.826+0000] {logging_mixin.py:188} INFO - [2024-02-14T09:50:43.826+0000] {dag.py:3823} INFO - Setting next_dagrun for example_xcom to 2021-01-01 00:00:00+00:00, run_after=2021-01-01 00:00:00+00:00
[2024-02-14T09:50:43.838+0000] {processor.py:183} INFO - Processing /home/airflow/.local/lib/python3.8/site-packages/airflow/example_dags/example_xcom.py took 0.055 seconds
[2024-02-14T09:51:14.123+0000] {processor.py:161} INFO - Started process (PID=587) to work on /home/airflow/.local/lib/python3.8/site-packages/airflow/example_dags/example_xcom.py
[2024-02-14T09:51:14.125+0000] {processor.py:830} INFO - Processing file /home/airflow/.local/lib/python3.8/site-packages/airflow/example_dags/example_xcom.py for tasks to queue
[2024-02-14T09:51:14.127+0000] {logging_mixin.py:188} INFO - [2024-02-14T09:51:14.126+0000] {dagbag.py:538} INFO - Filling up the DagBag from /home/airflow/.local/lib/python3.8/site-packages/airflow/example_dags/example_xcom.py
[2024-02-14T09:51:14.132+0000] {processor.py:840} INFO - DAG(s) 'example_xcom' retrieved from /home/airflow/.local/lib/python3.8/site-packages/airflow/example_dags/example_xcom.py
[2024-02-14T09:51:14.149+0000] {logging_mixin.py:188} INFO - [2024-02-14T09:51:14.149+0000] {dag.py:3036} INFO - Sync 1 DAGs
[2024-02-14T09:51:14.162+0000] {logging_mixin.py:188} INFO - [2024-02-14T09:51:14.162+0000] {dag.py:3823} INFO - Setting next_dagrun for example_xcom to 2021-01-01 00:00:00+00:00, run_after=2021-01-01 00:00:00+00:00
[2024-02-14T09:51:14.175+0000] {processor.py:183} INFO - Processing /home/airflow/.local/lib/python3.8/site-packages/airflow/example_dags/example_xcom.py took 0.054 seconds
[2024-02-14T09:51:44.733+0000] {processor.py:161} INFO - Started process (PID=645) to work on /home/airflow/.local/lib/python3.8/site-packages/airflow/example_dags/example_xcom.py
[2024-02-14T09:51:44.735+0000] {processor.py:830} INFO - Processing file /home/airflow/.local/lib/python3.8/site-packages/airflow/example_dags/example_xcom.py for tasks to queue
[2024-02-14T09:51:44.737+0000] {logging_mixin.py:188} INFO - [2024-02-14T09:51:44.736+0000] {dagbag.py:538} INFO - Filling up the DagBag from /home/airflow/.local/lib/python3.8/site-packages/airflow/example_dags/example_xcom.py
[2024-02-14T09:51:44.742+0000] {processor.py:840} INFO - DAG(s) 'example_xcom' retrieved from /home/airflow/.local/lib/python3.8/site-packages/airflow/example_dags/example_xcom.py
[2024-02-14T09:51:44.757+0000] {logging_mixin.py:188} INFO - [2024-02-14T09:51:44.757+0000] {dag.py:3036} INFO - Sync 1 DAGs
[2024-02-14T09:51:44.772+0000] {logging_mixin.py:188} INFO - [2024-02-14T09:51:44.772+0000] {dag.py:3823} INFO - Setting next_dagrun for example_xcom to 2021-01-01 00:00:00+00:00, run_after=2021-01-01 00:00:00+00:00
[2024-02-14T09:51:44.784+0000] {processor.py:183} INFO - Processing /home/airflow/.local/lib/python3.8/site-packages/airflow/example_dags/example_xcom.py took 0.053 seconds
[2024-02-14T09:52:15.141+0000] {processor.py:161} INFO - Started process (PID=702) to work on /home/airflow/.local/lib/python3.8/site-packages/airflow/example_dags/example_xcom.py
[2024-02-14T09:52:15.143+0000] {processor.py:830} INFO - Processing file /home/airflow/.local/lib/python3.8/site-packages/airflow/example_dags/example_xcom.py for tasks to queue
[2024-02-14T09:52:15.145+0000] {logging_mixin.py:188} INFO - [2024-02-14T09:52:15.145+0000] {dagbag.py:538} INFO - Filling up the DagBag from /home/airflow/.local/lib/python3.8/site-packages/airflow/example_dags/example_xcom.py
[2024-02-14T09:52:15.150+0000] {processor.py:840} INFO - DAG(s) 'example_xcom' retrieved from /home/airflow/.local/lib/python3.8/site-packages/airflow/example_dags/example_xcom.py
[2024-02-14T09:52:15.166+0000] {logging_mixin.py:188} INFO - [2024-02-14T09:52:15.166+0000] {dag.py:3036} INFO - Sync 1 DAGs
[2024-02-14T09:52:15.178+0000] {logging_mixin.py:188} INFO - [2024-02-14T09:52:15.178+0000] {dag.py:3823} INFO - Setting next_dagrun for example_xcom to 2021-01-01 00:00:00+00:00, run_after=2021-01-01 00:00:00+00:00
[2024-02-14T09:52:15.191+0000] {processor.py:183} INFO - Processing /home/airflow/.local/lib/python3.8/site-packages/airflow/example_dags/example_xcom.py took 0.052 seconds
[2024-02-14T09:52:45.591+0000] {processor.py:161} INFO - Started process (PID=758) to work on /home/airflow/.local/lib/python3.8/site-packages/airflow/example_dags/example_xcom.py
[2024-02-14T09:52:45.593+0000] {processor.py:830} INFO - Processing file /home/airflow/.local/lib/python3.8/site-packages/airflow/example_dags/example_xcom.py for tasks to queue
[2024-02-14T09:52:45.595+0000] {logging_mixin.py:188} INFO - [2024-02-14T09:52:45.595+0000] {dagbag.py:538} INFO - Filling up the DagBag from /home/airflow/.local/lib/python3.8/site-packages/airflow/example_dags/example_xcom.py
[2024-02-14T09:52:45.601+0000] {processor.py:840} INFO - DAG(s) 'example_xcom' retrieved from /home/airflow/.local/lib/python3.8/site-packages/airflow/example_dags/example_xcom.py
[2024-02-14T09:52:45.620+0000] {logging_mixin.py:188} INFO - [2024-02-14T09:52:45.620+0000] {dag.py:3036} INFO - Sync 1 DAGs
[2024-02-14T09:52:45.643+0000] {logging_mixin.py:188} INFO - [2024-02-14T09:52:45.643+0000] {dag.py:3823} INFO - Setting next_dagrun for example_xcom to 2021-01-01 00:00:00+00:00, run_after=2021-01-01 00:00:00+00:00
[2024-02-14T09:52:45.660+0000] {processor.py:183} INFO - Processing /home/airflow/.local/lib/python3.8/site-packages/airflow/example_dags/example_xcom.py took 0.072 seconds
[2024-02-14T09:53:39.131+0000] {processor.py:161} INFO - Started process (PID=79) to work on /home/airflow/.local/lib/python3.8/site-packages/airflow/example_dags/example_xcom.py
[2024-02-14T09:53:39.133+0000] {processor.py:830} INFO - Processing file /home/airflow/.local/lib/python3.8/site-packages/airflow/example_dags/example_xcom.py for tasks to queue
[2024-02-14T09:53:39.135+0000] {logging_mixin.py:188} INFO - [2024-02-14T09:53:39.135+0000] {dagbag.py:538} INFO - Filling up the DagBag from /home/airflow/.local/lib/python3.8/site-packages/airflow/example_dags/example_xcom.py
[2024-02-14T09:53:39.141+0000] {processor.py:840} INFO - DAG(s) 'example_xcom' retrieved from /home/airflow/.local/lib/python3.8/site-packages/airflow/example_dags/example_xcom.py
[2024-02-14T09:53:39.150+0000] {logging_mixin.py:188} INFO - [2024-02-14T09:53:39.149+0000] {dag.py:3036} INFO - Sync 1 DAGs
[2024-02-14T09:53:39.164+0000] {logging_mixin.py:188} INFO - [2024-02-14T09:53:39.164+0000] {dag.py:3823} INFO - Setting next_dagrun for example_xcom to 2021-01-01 00:00:00+00:00, run_after=2021-01-01 00:00:00+00:00
[2024-02-14T09:53:39.177+0000] {processor.py:183} INFO - Processing /home/airflow/.local/lib/python3.8/site-packages/airflow/example_dags/example_xcom.py took 0.048 seconds
[2024-02-14T09:54:11.425+0000] {processor.py:161} INFO - Started process (PID=135) to work on /home/airflow/.local/lib/python3.8/site-packages/airflow/example_dags/example_xcom.py
[2024-02-14T09:54:11.428+0000] {processor.py:830} INFO - Processing file /home/airflow/.local/lib/python3.8/site-packages/airflow/example_dags/example_xcom.py for tasks to queue
[2024-02-14T09:54:11.430+0000] {logging_mixin.py:188} INFO - [2024-02-14T09:54:11.430+0000] {dagbag.py:538} INFO - Filling up the DagBag from /home/airflow/.local/lib/python3.8/site-packages/airflow/example_dags/example_xcom.py
[2024-02-14T09:54:11.435+0000] {processor.py:840} INFO - DAG(s) 'example_xcom' retrieved from /home/airflow/.local/lib/python3.8/site-packages/airflow/example_dags/example_xcom.py
[2024-02-14T09:54:11.499+0000] {logging_mixin.py:188} INFO - [2024-02-14T09:54:11.499+0000] {dag.py:3036} INFO - Sync 1 DAGs
[2024-02-14T09:54:11.512+0000] {logging_mixin.py:188} INFO - [2024-02-14T09:54:11.512+0000] {dag.py:3823} INFO - Setting next_dagrun for example_xcom to 2021-01-01 00:00:00+00:00, run_after=2021-01-01 00:00:00+00:00
[2024-02-14T09:54:11.525+0000] {processor.py:183} INFO - Processing /home/airflow/.local/lib/python3.8/site-packages/airflow/example_dags/example_xcom.py took 0.102 seconds
[2024-02-14T09:54:42.402+0000] {processor.py:161} INFO - Started process (PID=192) to work on /home/airflow/.local/lib/python3.8/site-packages/airflow/example_dags/example_xcom.py
[2024-02-14T09:54:42.404+0000] {processor.py:830} INFO - Processing file /home/airflow/.local/lib/python3.8/site-packages/airflow/example_dags/example_xcom.py for tasks to queue
[2024-02-14T09:54:42.406+0000] {logging_mixin.py:188} INFO - [2024-02-14T09:54:42.406+0000] {dagbag.py:538} INFO - Filling up the DagBag from /home/airflow/.local/lib/python3.8/site-packages/airflow/example_dags/example_xcom.py
[2024-02-14T09:54:42.415+0000] {processor.py:840} INFO - DAG(s) 'example_xcom' retrieved from /home/airflow/.local/lib/python3.8/site-packages/airflow/example_dags/example_xcom.py
[2024-02-14T09:54:42.431+0000] {logging_mixin.py:188} INFO - [2024-02-14T09:54:42.431+0000] {dag.py:3036} INFO - Sync 1 DAGs
[2024-02-14T09:54:42.445+0000] {logging_mixin.py:188} INFO - [2024-02-14T09:54:42.444+0000] {dag.py:3823} INFO - Setting next_dagrun for example_xcom to 2021-01-01 00:00:00+00:00, run_after=2021-01-01 00:00:00+00:00
[2024-02-14T09:54:42.457+0000] {processor.py:183} INFO - Processing /home/airflow/.local/lib/python3.8/site-packages/airflow/example_dags/example_xcom.py took 0.058 seconds
[2024-02-14T09:55:50.944+0000] {processor.py:161} INFO - Started process (PID=76) to work on /home/airflow/.local/lib/python3.8/site-packages/airflow/example_dags/example_xcom.py
[2024-02-14T09:55:50.946+0000] {processor.py:830} INFO - Processing file /home/airflow/.local/lib/python3.8/site-packages/airflow/example_dags/example_xcom.py for tasks to queue
[2024-02-14T09:55:50.949+0000] {logging_mixin.py:188} INFO - [2024-02-14T09:55:50.948+0000] {dagbag.py:538} INFO - Filling up the DagBag from /home/airflow/.local/lib/python3.8/site-packages/airflow/example_dags/example_xcom.py
[2024-02-14T09:55:50.957+0000] {processor.py:840} INFO - DAG(s) 'example_xcom' retrieved from /home/airflow/.local/lib/python3.8/site-packages/airflow/example_dags/example_xcom.py
[2024-02-14T09:55:50.971+0000] {logging_mixin.py:188} INFO - [2024-02-14T09:55:50.971+0000] {dag.py:3036} INFO - Sync 1 DAGs
[2024-02-14T09:55:50.988+0000] {logging_mixin.py:188} INFO - [2024-02-14T09:55:50.988+0000] {dag.py:3823} INFO - Setting next_dagrun for example_xcom to 2021-01-01 00:00:00+00:00, run_after=2021-01-01 00:00:00+00:00
[2024-02-14T09:55:51.004+0000] {processor.py:183} INFO - Processing /home/airflow/.local/lib/python3.8/site-packages/airflow/example_dags/example_xcom.py took 0.064 seconds
[2024-02-14T09:56:21.974+0000] {processor.py:161} INFO - Started process (PID=138) to work on /home/airflow/.local/lib/python3.8/site-packages/airflow/example_dags/example_xcom.py
[2024-02-14T09:56:21.975+0000] {processor.py:830} INFO - Processing file /home/airflow/.local/lib/python3.8/site-packages/airflow/example_dags/example_xcom.py for tasks to queue
[2024-02-14T09:56:21.978+0000] {logging_mixin.py:188} INFO - [2024-02-14T09:56:21.977+0000] {dagbag.py:538} INFO - Filling up the DagBag from /home/airflow/.local/lib/python3.8/site-packages/airflow/example_dags/example_xcom.py
[2024-02-14T09:56:21.985+0000] {processor.py:840} INFO - DAG(s) 'example_xcom' retrieved from /home/airflow/.local/lib/python3.8/site-packages/airflow/example_dags/example_xcom.py
[2024-02-14T09:56:22.047+0000] {logging_mixin.py:188} INFO - [2024-02-14T09:56:22.047+0000] {dag.py:3036} INFO - Sync 1 DAGs
[2024-02-14T09:56:22.063+0000] {logging_mixin.py:188} INFO - [2024-02-14T09:56:22.062+0000] {dag.py:3823} INFO - Setting next_dagrun for example_xcom to 2021-01-01 00:00:00+00:00, run_after=2021-01-01 00:00:00+00:00
[2024-02-14T09:56:22.078+0000] {processor.py:183} INFO - Processing /home/airflow/.local/lib/python3.8/site-packages/airflow/example_dags/example_xcom.py took 0.106 seconds
[2024-02-14T09:56:53.272+0000] {processor.py:161} INFO - Started process (PID=195) to work on /home/airflow/.local/lib/python3.8/site-packages/airflow/example_dags/example_xcom.py
[2024-02-14T09:56:53.274+0000] {processor.py:830} INFO - Processing file /home/airflow/.local/lib/python3.8/site-packages/airflow/example_dags/example_xcom.py for tasks to queue
[2024-02-14T09:56:53.278+0000] {logging_mixin.py:188} INFO - [2024-02-14T09:56:53.278+0000] {dagbag.py:538} INFO - Filling up the DagBag from /home/airflow/.local/lib/python3.8/site-packages/airflow/example_dags/example_xcom.py
[2024-02-14T09:56:53.286+0000] {processor.py:840} INFO - DAG(s) 'example_xcom' retrieved from /home/airflow/.local/lib/python3.8/site-packages/airflow/example_dags/example_xcom.py
[2024-02-14T09:56:53.305+0000] {logging_mixin.py:188} INFO - [2024-02-14T09:56:53.304+0000] {dag.py:3036} INFO - Sync 1 DAGs
[2024-02-14T09:56:53.320+0000] {logging_mixin.py:188} INFO - [2024-02-14T09:56:53.320+0000] {dag.py:3823} INFO - Setting next_dagrun for example_xcom to 2021-01-01 00:00:00+00:00, run_after=2021-01-01 00:00:00+00:00
[2024-02-14T09:56:53.337+0000] {processor.py:183} INFO - Processing /home/airflow/.local/lib/python3.8/site-packages/airflow/example_dags/example_xcom.py took 0.070 seconds
[2024-02-14T09:57:23.991+0000] {processor.py:161} INFO - Started process (PID=252) to work on /home/airflow/.local/lib/python3.8/site-packages/airflow/example_dags/example_xcom.py
[2024-02-14T09:57:23.993+0000] {processor.py:830} INFO - Processing file /home/airflow/.local/lib/python3.8/site-packages/airflow/example_dags/example_xcom.py for tasks to queue
[2024-02-14T09:57:23.996+0000] {logging_mixin.py:188} INFO - [2024-02-14T09:57:23.996+0000] {dagbag.py:538} INFO - Filling up the DagBag from /home/airflow/.local/lib/python3.8/site-packages/airflow/example_dags/example_xcom.py
[2024-02-14T09:57:24.002+0000] {processor.py:840} INFO - DAG(s) 'example_xcom' retrieved from /home/airflow/.local/lib/python3.8/site-packages/airflow/example_dags/example_xcom.py
[2024-02-14T09:57:24.019+0000] {logging_mixin.py:188} INFO - [2024-02-14T09:57:24.019+0000] {dag.py:3036} INFO - Sync 1 DAGs
[2024-02-14T09:57:24.032+0000] {logging_mixin.py:188} INFO - [2024-02-14T09:57:24.032+0000] {dag.py:3823} INFO - Setting next_dagrun for example_xcom to 2021-01-01 00:00:00+00:00, run_after=2021-01-01 00:00:00+00:00
[2024-02-14T09:57:24.047+0000] {processor.py:183} INFO - Processing /home/airflow/.local/lib/python3.8/site-packages/airflow/example_dags/example_xcom.py took 0.059 seconds
[2024-02-14T09:57:54.609+0000] {processor.py:161} INFO - Started process (PID=310) to work on /home/airflow/.local/lib/python3.8/site-packages/airflow/example_dags/example_xcom.py
[2024-02-14T09:57:54.611+0000] {processor.py:830} INFO - Processing file /home/airflow/.local/lib/python3.8/site-packages/airflow/example_dags/example_xcom.py for tasks to queue
[2024-02-14T09:57:54.613+0000] {logging_mixin.py:188} INFO - [2024-02-14T09:57:54.612+0000] {dagbag.py:538} INFO - Filling up the DagBag from /home/airflow/.local/lib/python3.8/site-packages/airflow/example_dags/example_xcom.py
[2024-02-14T09:57:54.625+0000] {processor.py:840} INFO - DAG(s) 'example_xcom' retrieved from /home/airflow/.local/lib/python3.8/site-packages/airflow/example_dags/example_xcom.py
[2024-02-14T09:57:54.645+0000] {logging_mixin.py:188} INFO - [2024-02-14T09:57:54.644+0000] {dag.py:3036} INFO - Sync 1 DAGs
[2024-02-14T09:57:54.669+0000] {logging_mixin.py:188} INFO - [2024-02-14T09:57:54.669+0000] {dag.py:3823} INFO - Setting next_dagrun for example_xcom to 2021-01-01 00:00:00+00:00, run_after=2021-01-01 00:00:00+00:00
[2024-02-14T09:57:54.681+0000] {processor.py:183} INFO - Processing /home/airflow/.local/lib/python3.8/site-packages/airflow/example_dags/example_xcom.py took 0.074 seconds
[2024-02-14T09:58:24.966+0000] {processor.py:161} INFO - Started process (PID=367) to work on /home/airflow/.local/lib/python3.8/site-packages/airflow/example_dags/example_xcom.py
[2024-02-14T09:58:24.968+0000] {processor.py:830} INFO - Processing file /home/airflow/.local/lib/python3.8/site-packages/airflow/example_dags/example_xcom.py for tasks to queue
[2024-02-14T09:58:24.970+0000] {logging_mixin.py:188} INFO - [2024-02-14T09:58:24.969+0000] {dagbag.py:538} INFO - Filling up the DagBag from /home/airflow/.local/lib/python3.8/site-packages/airflow/example_dags/example_xcom.py
[2024-02-14T09:58:24.975+0000] {processor.py:840} INFO - DAG(s) 'example_xcom' retrieved from /home/airflow/.local/lib/python3.8/site-packages/airflow/example_dags/example_xcom.py
[2024-02-14T09:58:24.991+0000] {logging_mixin.py:188} INFO - [2024-02-14T09:58:24.990+0000] {dag.py:3036} INFO - Sync 1 DAGs
[2024-02-14T09:58:25.003+0000] {logging_mixin.py:188} INFO - [2024-02-14T09:58:25.003+0000] {dag.py:3823} INFO - Setting next_dagrun for example_xcom to 2021-01-01 00:00:00+00:00, run_after=2021-01-01 00:00:00+00:00
[2024-02-14T09:58:25.016+0000] {processor.py:183} INFO - Processing /home/airflow/.local/lib/python3.8/site-packages/airflow/example_dags/example_xcom.py took 0.053 seconds
[2024-02-14T09:58:55.959+0000] {processor.py:161} INFO - Started process (PID=426) to work on /home/airflow/.local/lib/python3.8/site-packages/airflow/example_dags/example_xcom.py
[2024-02-14T09:58:55.961+0000] {processor.py:830} INFO - Processing file /home/airflow/.local/lib/python3.8/site-packages/airflow/example_dags/example_xcom.py for tasks to queue
[2024-02-14T09:58:55.964+0000] {logging_mixin.py:188} INFO - [2024-02-14T09:58:55.964+0000] {dagbag.py:538} INFO - Filling up the DagBag from /home/airflow/.local/lib/python3.8/site-packages/airflow/example_dags/example_xcom.py
[2024-02-14T09:58:55.972+0000] {processor.py:840} INFO - DAG(s) 'example_xcom' retrieved from /home/airflow/.local/lib/python3.8/site-packages/airflow/example_dags/example_xcom.py
[2024-02-14T09:58:55.988+0000] {logging_mixin.py:188} INFO - [2024-02-14T09:58:55.988+0000] {dag.py:3036} INFO - Sync 1 DAGs
[2024-02-14T09:58:56.000+0000] {logging_mixin.py:188} INFO - [2024-02-14T09:58:56.000+0000] {dag.py:3823} INFO - Setting next_dagrun for example_xcom to 2021-01-01 00:00:00+00:00, run_after=2021-01-01 00:00:00+00:00
[2024-02-14T09:58:56.012+0000] {processor.py:183} INFO - Processing /home/airflow/.local/lib/python3.8/site-packages/airflow/example_dags/example_xcom.py took 0.056 seconds
[2024-02-14T09:59:26.325+0000] {processor.py:161} INFO - Started process (PID=483) to work on /home/airflow/.local/lib/python3.8/site-packages/airflow/example_dags/example_xcom.py
[2024-02-14T09:59:26.328+0000] {processor.py:830} INFO - Processing file /home/airflow/.local/lib/python3.8/site-packages/airflow/example_dags/example_xcom.py for tasks to queue
[2024-02-14T09:59:26.331+0000] {logging_mixin.py:188} INFO - [2024-02-14T09:59:26.331+0000] {dagbag.py:538} INFO - Filling up the DagBag from /home/airflow/.local/lib/python3.8/site-packages/airflow/example_dags/example_xcom.py
[2024-02-14T09:59:26.339+0000] {processor.py:840} INFO - DAG(s) 'example_xcom' retrieved from /home/airflow/.local/lib/python3.8/site-packages/airflow/example_dags/example_xcom.py
[2024-02-14T09:59:26.358+0000] {logging_mixin.py:188} INFO - [2024-02-14T09:59:26.358+0000] {dag.py:3036} INFO - Sync 1 DAGs
[2024-02-14T09:59:26.378+0000] {logging_mixin.py:188} INFO - [2024-02-14T09:59:26.377+0000] {dag.py:3823} INFO - Setting next_dagrun for example_xcom to 2021-01-01 00:00:00+00:00, run_after=2021-01-01 00:00:00+00:00
[2024-02-14T09:59:26.402+0000] {processor.py:183} INFO - Processing /home/airflow/.local/lib/python3.8/site-packages/airflow/example_dags/example_xcom.py took 0.079 seconds
[2024-02-14T09:59:57.104+0000] {processor.py:161} INFO - Started process (PID=539) to work on /home/airflow/.local/lib/python3.8/site-packages/airflow/example_dags/example_xcom.py
[2024-02-14T09:59:57.106+0000] {processor.py:830} INFO - Processing file /home/airflow/.local/lib/python3.8/site-packages/airflow/example_dags/example_xcom.py for tasks to queue
[2024-02-14T09:59:57.108+0000] {logging_mixin.py:188} INFO - [2024-02-14T09:59:57.108+0000] {dagbag.py:538} INFO - Filling up the DagBag from /home/airflow/.local/lib/python3.8/site-packages/airflow/example_dags/example_xcom.py
[2024-02-14T09:59:57.114+0000] {processor.py:840} INFO - DAG(s) 'example_xcom' retrieved from /home/airflow/.local/lib/python3.8/site-packages/airflow/example_dags/example_xcom.py
[2024-02-14T09:59:57.130+0000] {logging_mixin.py:188} INFO - [2024-02-14T09:59:57.130+0000] {dag.py:3036} INFO - Sync 1 DAGs
[2024-02-14T09:59:57.143+0000] {logging_mixin.py:188} INFO - [2024-02-14T09:59:57.143+0000] {dag.py:3823} INFO - Setting next_dagrun for example_xcom to 2021-01-01 00:00:00+00:00, run_after=2021-01-01 00:00:00+00:00
[2024-02-14T09:59:57.158+0000] {processor.py:183} INFO - Processing /home/airflow/.local/lib/python3.8/site-packages/airflow/example_dags/example_xcom.py took 0.056 seconds
[2024-02-14T10:00:27.529+0000] {processor.py:161} INFO - Started process (PID=596) to work on /home/airflow/.local/lib/python3.8/site-packages/airflow/example_dags/example_xcom.py
[2024-02-14T10:00:27.531+0000] {processor.py:830} INFO - Processing file /home/airflow/.local/lib/python3.8/site-packages/airflow/example_dags/example_xcom.py for tasks to queue
[2024-02-14T10:00:27.533+0000] {logging_mixin.py:188} INFO - [2024-02-14T10:00:27.533+0000] {dagbag.py:538} INFO - Filling up the DagBag from /home/airflow/.local/lib/python3.8/site-packages/airflow/example_dags/example_xcom.py
[2024-02-14T10:00:27.539+0000] {processor.py:840} INFO - DAG(s) 'example_xcom' retrieved from /home/airflow/.local/lib/python3.8/site-packages/airflow/example_dags/example_xcom.py
[2024-02-14T10:00:27.554+0000] {logging_mixin.py:188} INFO - [2024-02-14T10:00:27.554+0000] {dag.py:3036} INFO - Sync 1 DAGs
[2024-02-14T10:00:27.568+0000] {logging_mixin.py:188} INFO - [2024-02-14T10:00:27.567+0000] {dag.py:3823} INFO - Setting next_dagrun for example_xcom to 2021-01-01 00:00:00+00:00, run_after=2021-01-01 00:00:00+00:00
[2024-02-14T10:00:27.581+0000] {processor.py:183} INFO - Processing /home/airflow/.local/lib/python3.8/site-packages/airflow/example_dags/example_xcom.py took 0.055 seconds
[2024-02-14T10:00:57.938+0000] {processor.py:161} INFO - Started process (PID=653) to work on /home/airflow/.local/lib/python3.8/site-packages/airflow/example_dags/example_xcom.py
[2024-02-14T10:00:57.939+0000] {processor.py:830} INFO - Processing file /home/airflow/.local/lib/python3.8/site-packages/airflow/example_dags/example_xcom.py for tasks to queue
[2024-02-14T10:00:57.941+0000] {logging_mixin.py:188} INFO - [2024-02-14T10:00:57.941+0000] {dagbag.py:538} INFO - Filling up the DagBag from /home/airflow/.local/lib/python3.8/site-packages/airflow/example_dags/example_xcom.py
[2024-02-14T10:00:57.947+0000] {processor.py:840} INFO - DAG(s) 'example_xcom' retrieved from /home/airflow/.local/lib/python3.8/site-packages/airflow/example_dags/example_xcom.py
[2024-02-14T10:00:57.963+0000] {logging_mixin.py:188} INFO - [2024-02-14T10:00:57.963+0000] {dag.py:3036} INFO - Sync 1 DAGs
[2024-02-14T10:00:57.978+0000] {logging_mixin.py:188} INFO - [2024-02-14T10:00:57.978+0000] {dag.py:3823} INFO - Setting next_dagrun for example_xcom to 2021-01-01 00:00:00+00:00, run_after=2021-01-01 00:00:00+00:00
[2024-02-14T10:00:57.992+0000] {processor.py:183} INFO - Processing /home/airflow/.local/lib/python3.8/site-packages/airflow/example_dags/example_xcom.py took 0.057 seconds
[2024-02-14T10:01:29.003+0000] {processor.py:161} INFO - Started process (PID=709) to work on /home/airflow/.local/lib/python3.8/site-packages/airflow/example_dags/example_xcom.py
[2024-02-14T10:01:29.005+0000] {processor.py:830} INFO - Processing file /home/airflow/.local/lib/python3.8/site-packages/airflow/example_dags/example_xcom.py for tasks to queue
[2024-02-14T10:01:29.007+0000] {logging_mixin.py:188} INFO - [2024-02-14T10:01:29.007+0000] {dagbag.py:538} INFO - Filling up the DagBag from /home/airflow/.local/lib/python3.8/site-packages/airflow/example_dags/example_xcom.py
[2024-02-14T10:01:29.013+0000] {processor.py:840} INFO - DAG(s) 'example_xcom' retrieved from /home/airflow/.local/lib/python3.8/site-packages/airflow/example_dags/example_xcom.py
[2024-02-14T10:01:29.029+0000] {logging_mixin.py:188} INFO - [2024-02-14T10:01:29.029+0000] {dag.py:3036} INFO - Sync 1 DAGs
[2024-02-14T10:01:29.042+0000] {logging_mixin.py:188} INFO - [2024-02-14T10:01:29.042+0000] {dag.py:3823} INFO - Setting next_dagrun for example_xcom to 2021-01-01 00:00:00+00:00, run_after=2021-01-01 00:00:00+00:00
[2024-02-14T10:01:29.055+0000] {processor.py:183} INFO - Processing /home/airflow/.local/lib/python3.8/site-packages/airflow/example_dags/example_xcom.py took 0.055 seconds
[2024-02-14T10:02:00.011+0000] {processor.py:161} INFO - Started process (PID=766) to work on /home/airflow/.local/lib/python3.8/site-packages/airflow/example_dags/example_xcom.py
[2024-02-14T10:02:00.012+0000] {processor.py:830} INFO - Processing file /home/airflow/.local/lib/python3.8/site-packages/airflow/example_dags/example_xcom.py for tasks to queue
[2024-02-14T10:02:00.015+0000] {logging_mixin.py:188} INFO - [2024-02-14T10:02:00.015+0000] {dagbag.py:538} INFO - Filling up the DagBag from /home/airflow/.local/lib/python3.8/site-packages/airflow/example_dags/example_xcom.py
[2024-02-14T10:02:00.021+0000] {processor.py:840} INFO - DAG(s) 'example_xcom' retrieved from /home/airflow/.local/lib/python3.8/site-packages/airflow/example_dags/example_xcom.py
[2024-02-14T10:02:00.037+0000] {logging_mixin.py:188} INFO - [2024-02-14T10:02:00.037+0000] {dag.py:3036} INFO - Sync 1 DAGs
[2024-02-14T10:02:00.051+0000] {logging_mixin.py:188} INFO - [2024-02-14T10:02:00.051+0000] {dag.py:3823} INFO - Setting next_dagrun for example_xcom to 2021-01-01 00:00:00+00:00, run_after=2021-01-01 00:00:00+00:00
[2024-02-14T10:02:00.063+0000] {processor.py:183} INFO - Processing /home/airflow/.local/lib/python3.8/site-packages/airflow/example_dags/example_xcom.py took 0.056 seconds
[2024-02-14T10:02:30.694+0000] {processor.py:161} INFO - Started process (PID=823) to work on /home/airflow/.local/lib/python3.8/site-packages/airflow/example_dags/example_xcom.py
[2024-02-14T10:02:30.697+0000] {processor.py:830} INFO - Processing file /home/airflow/.local/lib/python3.8/site-packages/airflow/example_dags/example_xcom.py for tasks to queue
[2024-02-14T10:02:30.702+0000] {logging_mixin.py:188} INFO - [2024-02-14T10:02:30.701+0000] {dagbag.py:538} INFO - Filling up the DagBag from /home/airflow/.local/lib/python3.8/site-packages/airflow/example_dags/example_xcom.py
[2024-02-14T10:02:30.712+0000] {processor.py:840} INFO - DAG(s) 'example_xcom' retrieved from /home/airflow/.local/lib/python3.8/site-packages/airflow/example_dags/example_xcom.py
[2024-02-14T10:02:30.729+0000] {logging_mixin.py:188} INFO - [2024-02-14T10:02:30.729+0000] {dag.py:3036} INFO - Sync 1 DAGs
[2024-02-14T10:02:30.746+0000] {logging_mixin.py:188} INFO - [2024-02-14T10:02:30.745+0000] {dag.py:3823} INFO - Setting next_dagrun for example_xcom to 2021-01-01 00:00:00+00:00, run_after=2021-01-01 00:00:00+00:00
[2024-02-14T10:02:30.761+0000] {processor.py:183} INFO - Processing /home/airflow/.local/lib/python3.8/site-packages/airflow/example_dags/example_xcom.py took 0.071 seconds
[2024-02-14T10:03:01.495+0000] {processor.py:161} INFO - Started process (PID=882) to work on /home/airflow/.local/lib/python3.8/site-packages/airflow/example_dags/example_xcom.py
[2024-02-14T10:03:01.498+0000] {processor.py:830} INFO - Processing file /home/airflow/.local/lib/python3.8/site-packages/airflow/example_dags/example_xcom.py for tasks to queue
[2024-02-14T10:03:01.501+0000] {logging_mixin.py:188} INFO - [2024-02-14T10:03:01.501+0000] {dagbag.py:538} INFO - Filling up the DagBag from /home/airflow/.local/lib/python3.8/site-packages/airflow/example_dags/example_xcom.py
[2024-02-14T10:03:01.508+0000] {processor.py:840} INFO - DAG(s) 'example_xcom' retrieved from /home/airflow/.local/lib/python3.8/site-packages/airflow/example_dags/example_xcom.py
[2024-02-14T10:03:01.526+0000] {logging_mixin.py:188} INFO - [2024-02-14T10:03:01.526+0000] {dag.py:3036} INFO - Sync 1 DAGs
[2024-02-14T10:03:01.554+0000] {logging_mixin.py:188} INFO - [2024-02-14T10:03:01.554+0000] {dag.py:3823} INFO - Setting next_dagrun for example_xcom to 2021-01-01 00:00:00+00:00, run_after=2021-01-01 00:00:00+00:00
[2024-02-14T10:03:01.575+0000] {processor.py:183} INFO - Processing /home/airflow/.local/lib/python3.8/site-packages/airflow/example_dags/example_xcom.py took 0.086 seconds
