[2024-02-14T09:34:20.312+0000] {processor.py:161} INFO - Started process (PID=72) to work on /home/airflow/.local/lib/python3.8/site-packages/airflow/example_dags/example_complex.py
[2024-02-14T09:34:20.314+0000] {processor.py:830} INFO - Processing file /home/airflow/.local/lib/python3.8/site-packages/airflow/example_dags/example_complex.py for tasks to queue
[2024-02-14T09:34:20.318+0000] {logging_mixin.py:188} INFO - [2024-02-14T09:34:20.318+0000] {dagbag.py:538} INFO - Filling up the DagBag from /home/airflow/.local/lib/python3.8/site-packages/airflow/example_dags/example_complex.py
[2024-02-14T09:34:20.334+0000] {processor.py:840} INFO - DAG(s) 'example_complex' retrieved from /home/airflow/.local/lib/python3.8/site-packages/airflow/example_dags/example_complex.py
[2024-02-14T09:34:20.352+0000] {logging_mixin.py:188} INFO - [2024-02-14T09:34:20.352+0000] {dag.py:3036} INFO - Sync 1 DAGs
[2024-02-14T09:34:20.365+0000] {logging_mixin.py:188} INFO - [2024-02-14T09:34:20.365+0000] {dag.py:3823} INFO - Setting next_dagrun for example_complex to None, run_after=None
[2024-02-14T09:34:20.381+0000] {processor.py:183} INFO - Processing /home/airflow/.local/lib/python3.8/site-packages/airflow/example_dags/example_complex.py took 0.072 seconds
[2024-02-14T09:34:50.433+0000] {processor.py:161} INFO - Started process (PID=129) to work on /home/airflow/.local/lib/python3.8/site-packages/airflow/example_dags/example_complex.py
[2024-02-14T09:34:50.435+0000] {processor.py:830} INFO - Processing file /home/airflow/.local/lib/python3.8/site-packages/airflow/example_dags/example_complex.py for tasks to queue
[2024-02-14T09:34:50.437+0000] {logging_mixin.py:188} INFO - [2024-02-14T09:34:50.436+0000] {dagbag.py:538} INFO - Filling up the DagBag from /home/airflow/.local/lib/python3.8/site-packages/airflow/example_dags/example_complex.py
[2024-02-14T09:34:50.444+0000] {processor.py:840} INFO - DAG(s) 'example_complex' retrieved from /home/airflow/.local/lib/python3.8/site-packages/airflow/example_dags/example_complex.py
[2024-02-14T09:34:50.580+0000] {logging_mixin.py:188} INFO - [2024-02-14T09:34:50.580+0000] {dag.py:3036} INFO - Sync 1 DAGs
[2024-02-14T09:34:50.592+0000] {logging_mixin.py:188} INFO - [2024-02-14T09:34:50.591+0000] {dag.py:3823} INFO - Setting next_dagrun for example_complex to None, run_after=None
[2024-02-14T09:34:50.611+0000] {processor.py:183} INFO - Processing /home/airflow/.local/lib/python3.8/site-packages/airflow/example_dags/example_complex.py took 0.180 seconds
[2024-02-14T09:35:21.134+0000] {processor.py:161} INFO - Started process (PID=187) to work on /home/airflow/.local/lib/python3.8/site-packages/airflow/example_dags/example_complex.py
[2024-02-14T09:35:21.136+0000] {processor.py:830} INFO - Processing file /home/airflow/.local/lib/python3.8/site-packages/airflow/example_dags/example_complex.py for tasks to queue
[2024-02-14T09:35:21.139+0000] {logging_mixin.py:188} INFO - [2024-02-14T09:35:21.138+0000] {dagbag.py:538} INFO - Filling up the DagBag from /home/airflow/.local/lib/python3.8/site-packages/airflow/example_dags/example_complex.py
[2024-02-14T09:35:21.151+0000] {processor.py:840} INFO - DAG(s) 'example_complex' retrieved from /home/airflow/.local/lib/python3.8/site-packages/airflow/example_dags/example_complex.py
[2024-02-14T09:35:21.200+0000] {logging_mixin.py:188} INFO - [2024-02-14T09:35:21.198+0000] {dag.py:3036} INFO - Sync 1 DAGs
[2024-02-14T09:35:21.213+0000] {logging_mixin.py:188} INFO - [2024-02-14T09:35:21.213+0000] {dag.py:3823} INFO - Setting next_dagrun for example_complex to None, run_after=None
[2024-02-14T09:35:21.231+0000] {processor.py:183} INFO - Processing /home/airflow/.local/lib/python3.8/site-packages/airflow/example_dags/example_complex.py took 0.100 seconds
[2024-02-14T09:35:51.990+0000] {processor.py:161} INFO - Started process (PID=243) to work on /home/airflow/.local/lib/python3.8/site-packages/airflow/example_dags/example_complex.py
[2024-02-14T09:35:51.991+0000] {processor.py:830} INFO - Processing file /home/airflow/.local/lib/python3.8/site-packages/airflow/example_dags/example_complex.py for tasks to queue
[2024-02-14T09:35:51.995+0000] {logging_mixin.py:188} INFO - [2024-02-14T09:35:51.994+0000] {dagbag.py:538} INFO - Filling up the DagBag from /home/airflow/.local/lib/python3.8/site-packages/airflow/example_dags/example_complex.py
[2024-02-14T09:35:52.003+0000] {processor.py:840} INFO - DAG(s) 'example_complex' retrieved from /home/airflow/.local/lib/python3.8/site-packages/airflow/example_dags/example_complex.py
[2024-02-14T09:35:52.023+0000] {logging_mixin.py:188} INFO - [2024-02-14T09:35:52.023+0000] {dag.py:3036} INFO - Sync 1 DAGs
[2024-02-14T09:35:52.032+0000] {logging_mixin.py:188} INFO - [2024-02-14T09:35:52.031+0000] {dag.py:3823} INFO - Setting next_dagrun for example_complex to None, run_after=None
[2024-02-14T09:35:52.044+0000] {processor.py:183} INFO - Processing /home/airflow/.local/lib/python3.8/site-packages/airflow/example_dags/example_complex.py took 0.056 seconds
[2024-02-14T09:36:22.875+0000] {processor.py:161} INFO - Started process (PID=298) to work on /home/airflow/.local/lib/python3.8/site-packages/airflow/example_dags/example_complex.py
[2024-02-14T09:36:22.876+0000] {processor.py:830} INFO - Processing file /home/airflow/.local/lib/python3.8/site-packages/airflow/example_dags/example_complex.py for tasks to queue
[2024-02-14T09:36:22.878+0000] {logging_mixin.py:188} INFO - [2024-02-14T09:36:22.877+0000] {dagbag.py:538} INFO - Filling up the DagBag from /home/airflow/.local/lib/python3.8/site-packages/airflow/example_dags/example_complex.py
[2024-02-14T09:36:22.885+0000] {processor.py:840} INFO - DAG(s) 'example_complex' retrieved from /home/airflow/.local/lib/python3.8/site-packages/airflow/example_dags/example_complex.py
[2024-02-14T09:36:22.904+0000] {logging_mixin.py:188} INFO - [2024-02-14T09:36:22.903+0000] {dag.py:3036} INFO - Sync 1 DAGs
[2024-02-14T09:36:22.911+0000] {logging_mixin.py:188} INFO - [2024-02-14T09:36:22.911+0000] {dag.py:3823} INFO - Setting next_dagrun for example_complex to None, run_after=None
[2024-02-14T09:36:22.921+0000] {processor.py:183} INFO - Processing /home/airflow/.local/lib/python3.8/site-packages/airflow/example_dags/example_complex.py took 0.049 seconds
[2024-02-14T09:36:52.995+0000] {processor.py:161} INFO - Started process (PID=354) to work on /home/airflow/.local/lib/python3.8/site-packages/airflow/example_dags/example_complex.py
[2024-02-14T09:36:52.996+0000] {processor.py:830} INFO - Processing file /home/airflow/.local/lib/python3.8/site-packages/airflow/example_dags/example_complex.py for tasks to queue
[2024-02-14T09:36:52.998+0000] {logging_mixin.py:188} INFO - [2024-02-14T09:36:52.998+0000] {dagbag.py:538} INFO - Filling up the DagBag from /home/airflow/.local/lib/python3.8/site-packages/airflow/example_dags/example_complex.py
[2024-02-14T09:36:53.004+0000] {processor.py:840} INFO - DAG(s) 'example_complex' retrieved from /home/airflow/.local/lib/python3.8/site-packages/airflow/example_dags/example_complex.py
[2024-02-14T09:36:53.022+0000] {logging_mixin.py:188} INFO - [2024-02-14T09:36:53.021+0000] {dag.py:3036} INFO - Sync 1 DAGs
[2024-02-14T09:36:53.029+0000] {logging_mixin.py:188} INFO - [2024-02-14T09:36:53.028+0000] {dag.py:3823} INFO - Setting next_dagrun for example_complex to None, run_after=None
[2024-02-14T09:36:53.040+0000] {processor.py:183} INFO - Processing /home/airflow/.local/lib/python3.8/site-packages/airflow/example_dags/example_complex.py took 0.047 seconds
[2024-02-14T09:37:23.492+0000] {processor.py:161} INFO - Started process (PID=413) to work on /home/airflow/.local/lib/python3.8/site-packages/airflow/example_dags/example_complex.py
[2024-02-14T09:37:23.496+0000] {processor.py:830} INFO - Processing file /home/airflow/.local/lib/python3.8/site-packages/airflow/example_dags/example_complex.py for tasks to queue
[2024-02-14T09:37:23.498+0000] {logging_mixin.py:188} INFO - [2024-02-14T09:37:23.498+0000] {dagbag.py:538} INFO - Filling up the DagBag from /home/airflow/.local/lib/python3.8/site-packages/airflow/example_dags/example_complex.py
[2024-02-14T09:37:23.505+0000] {processor.py:840} INFO - DAG(s) 'example_complex' retrieved from /home/airflow/.local/lib/python3.8/site-packages/airflow/example_dags/example_complex.py
[2024-02-14T09:37:23.528+0000] {logging_mixin.py:188} INFO - [2024-02-14T09:37:23.528+0000] {dag.py:3036} INFO - Sync 1 DAGs
[2024-02-14T09:37:23.536+0000] {logging_mixin.py:188} INFO - [2024-02-14T09:37:23.536+0000] {dag.py:3823} INFO - Setting next_dagrun for example_complex to None, run_after=None
[2024-02-14T09:37:23.548+0000] {processor.py:183} INFO - Processing /home/airflow/.local/lib/python3.8/site-packages/airflow/example_dags/example_complex.py took 0.058 seconds
[2024-02-14T09:37:53.725+0000] {processor.py:161} INFO - Started process (PID=469) to work on /home/airflow/.local/lib/python3.8/site-packages/airflow/example_dags/example_complex.py
[2024-02-14T09:37:53.726+0000] {processor.py:830} INFO - Processing file /home/airflow/.local/lib/python3.8/site-packages/airflow/example_dags/example_complex.py for tasks to queue
[2024-02-14T09:37:53.728+0000] {logging_mixin.py:188} INFO - [2024-02-14T09:37:53.728+0000] {dagbag.py:538} INFO - Filling up the DagBag from /home/airflow/.local/lib/python3.8/site-packages/airflow/example_dags/example_complex.py
[2024-02-14T09:37:53.734+0000] {processor.py:840} INFO - DAG(s) 'example_complex' retrieved from /home/airflow/.local/lib/python3.8/site-packages/airflow/example_dags/example_complex.py
[2024-02-14T09:37:53.753+0000] {logging_mixin.py:188} INFO - [2024-02-14T09:37:53.753+0000] {dag.py:3036} INFO - Sync 1 DAGs
[2024-02-14T09:37:53.761+0000] {logging_mixin.py:188} INFO - [2024-02-14T09:37:53.761+0000] {dag.py:3823} INFO - Setting next_dagrun for example_complex to None, run_after=None
[2024-02-14T09:37:53.770+0000] {processor.py:183} INFO - Processing /home/airflow/.local/lib/python3.8/site-packages/airflow/example_dags/example_complex.py took 0.048 seconds
[2024-02-14T09:38:23.965+0000] {processor.py:161} INFO - Started process (PID=527) to work on /home/airflow/.local/lib/python3.8/site-packages/airflow/example_dags/example_complex.py
[2024-02-14T09:38:23.967+0000] {processor.py:830} INFO - Processing file /home/airflow/.local/lib/python3.8/site-packages/airflow/example_dags/example_complex.py for tasks to queue
[2024-02-14T09:38:23.968+0000] {logging_mixin.py:188} INFO - [2024-02-14T09:38:23.968+0000] {dagbag.py:538} INFO - Filling up the DagBag from /home/airflow/.local/lib/python3.8/site-packages/airflow/example_dags/example_complex.py
[2024-02-14T09:38:23.975+0000] {processor.py:840} INFO - DAG(s) 'example_complex' retrieved from /home/airflow/.local/lib/python3.8/site-packages/airflow/example_dags/example_complex.py
[2024-02-14T09:38:23.994+0000] {logging_mixin.py:188} INFO - [2024-02-14T09:38:23.994+0000] {dag.py:3036} INFO - Sync 1 DAGs
[2024-02-14T09:38:24.002+0000] {logging_mixin.py:188} INFO - [2024-02-14T09:38:24.002+0000] {dag.py:3823} INFO - Setting next_dagrun for example_complex to None, run_after=None
[2024-02-14T09:38:24.014+0000] {processor.py:183} INFO - Processing /home/airflow/.local/lib/python3.8/site-packages/airflow/example_dags/example_complex.py took 0.052 seconds
[2024-02-14T09:38:54.778+0000] {processor.py:161} INFO - Started process (PID=584) to work on /home/airflow/.local/lib/python3.8/site-packages/airflow/example_dags/example_complex.py
[2024-02-14T09:38:54.779+0000] {processor.py:830} INFO - Processing file /home/airflow/.local/lib/python3.8/site-packages/airflow/example_dags/example_complex.py for tasks to queue
[2024-02-14T09:38:54.781+0000] {logging_mixin.py:188} INFO - [2024-02-14T09:38:54.781+0000] {dagbag.py:538} INFO - Filling up the DagBag from /home/airflow/.local/lib/python3.8/site-packages/airflow/example_dags/example_complex.py
[2024-02-14T09:38:54.787+0000] {processor.py:840} INFO - DAG(s) 'example_complex' retrieved from /home/airflow/.local/lib/python3.8/site-packages/airflow/example_dags/example_complex.py
[2024-02-14T09:38:54.807+0000] {logging_mixin.py:188} INFO - [2024-02-14T09:38:54.807+0000] {dag.py:3036} INFO - Sync 1 DAGs
[2024-02-14T09:38:54.815+0000] {logging_mixin.py:188} INFO - [2024-02-14T09:38:54.815+0000] {dag.py:3823} INFO - Setting next_dagrun for example_complex to None, run_after=None
[2024-02-14T09:38:54.826+0000] {processor.py:183} INFO - Processing /home/airflow/.local/lib/python3.8/site-packages/airflow/example_dags/example_complex.py took 0.050 seconds
[2024-02-14T09:43:49.681+0000] {processor.py:161} INFO - Started process (PID=68) to work on /home/airflow/.local/lib/python3.8/site-packages/airflow/example_dags/example_complex.py
[2024-02-14T09:43:49.683+0000] {processor.py:830} INFO - Processing file /home/airflow/.local/lib/python3.8/site-packages/airflow/example_dags/example_complex.py for tasks to queue
[2024-02-14T09:43:49.685+0000] {logging_mixin.py:188} INFO - [2024-02-14T09:43:49.685+0000] {dagbag.py:538} INFO - Filling up the DagBag from /home/airflow/.local/lib/python3.8/site-packages/airflow/example_dags/example_complex.py
[2024-02-14T09:43:49.694+0000] {processor.py:840} INFO - DAG(s) 'example_complex' retrieved from /home/airflow/.local/lib/python3.8/site-packages/airflow/example_dags/example_complex.py
[2024-02-14T09:43:49.706+0000] {logging_mixin.py:188} INFO - [2024-02-14T09:43:49.706+0000] {dag.py:3036} INFO - Sync 1 DAGs
[2024-02-14T09:43:49.714+0000] {logging_mixin.py:188} INFO - [2024-02-14T09:43:49.714+0000] {dag.py:3823} INFO - Setting next_dagrun for example_complex to None, run_after=None
[2024-02-14T09:43:49.729+0000] {processor.py:183} INFO - Processing /home/airflow/.local/lib/python3.8/site-packages/airflow/example_dags/example_complex.py took 0.051 seconds
[2024-02-14T09:46:38.879+0000] {processor.py:161} INFO - Started process (PID=67) to work on /home/airflow/.local/lib/python3.8/site-packages/airflow/example_dags/example_complex.py
[2024-02-14T09:46:38.881+0000] {processor.py:830} INFO - Processing file /home/airflow/.local/lib/python3.8/site-packages/airflow/example_dags/example_complex.py for tasks to queue
[2024-02-14T09:46:38.883+0000] {logging_mixin.py:188} INFO - [2024-02-14T09:46:38.883+0000] {dagbag.py:538} INFO - Filling up the DagBag from /home/airflow/.local/lib/python3.8/site-packages/airflow/example_dags/example_complex.py
[2024-02-14T09:46:38.892+0000] {processor.py:840} INFO - DAG(s) 'example_complex' retrieved from /home/airflow/.local/lib/python3.8/site-packages/airflow/example_dags/example_complex.py
[2024-02-14T09:46:38.970+0000] {logging_mixin.py:188} INFO - [2024-02-14T09:46:38.969+0000] {override.py:1769} INFO - Created Permission View: can edit on DAG:example_complex
[2024-02-14T09:46:38.977+0000] {logging_mixin.py:188} INFO - [2024-02-14T09:46:38.977+0000] {override.py:1769} INFO - Created Permission View: can read on DAG:example_complex
[2024-02-14T09:46:38.982+0000] {logging_mixin.py:188} INFO - [2024-02-14T09:46:38.982+0000] {override.py:1769} INFO - Created Permission View: can delete on DAG:example_complex
[2024-02-14T09:46:38.984+0000] {logging_mixin.py:188} INFO - [2024-02-14T09:46:38.983+0000] {dag.py:3036} INFO - Sync 1 DAGs
[2024-02-14T09:46:38.992+0000] {logging_mixin.py:188} INFO - [2024-02-14T09:46:38.992+0000] {dag.py:3058} INFO - Creating ORM DAG for example_complex
[2024-02-14T09:46:38.993+0000] {logging_mixin.py:188} INFO - [2024-02-14T09:46:38.993+0000] {dag.py:3823} INFO - Setting next_dagrun for example_complex to None, run_after=None
[2024-02-14T09:46:39.007+0000] {processor.py:183} INFO - Processing /home/airflow/.local/lib/python3.8/site-packages/airflow/example_dags/example_complex.py took 0.131 seconds
[2024-02-14T09:47:09.588+0000] {processor.py:161} INFO - Started process (PID=122) to work on /home/airflow/.local/lib/python3.8/site-packages/airflow/example_dags/example_complex.py
[2024-02-14T09:47:09.590+0000] {processor.py:830} INFO - Processing file /home/airflow/.local/lib/python3.8/site-packages/airflow/example_dags/example_complex.py for tasks to queue
[2024-02-14T09:47:09.592+0000] {logging_mixin.py:188} INFO - [2024-02-14T09:47:09.592+0000] {dagbag.py:538} INFO - Filling up the DagBag from /home/airflow/.local/lib/python3.8/site-packages/airflow/example_dags/example_complex.py
[2024-02-14T09:47:09.600+0000] {processor.py:840} INFO - DAG(s) 'example_complex' retrieved from /home/airflow/.local/lib/python3.8/site-packages/airflow/example_dags/example_complex.py
[2024-02-14T09:47:09.620+0000] {logging_mixin.py:188} INFO - [2024-02-14T09:47:09.620+0000] {dag.py:3036} INFO - Sync 1 DAGs
[2024-02-14T09:47:09.630+0000] {logging_mixin.py:188} INFO - [2024-02-14T09:47:09.630+0000] {dag.py:3823} INFO - Setting next_dagrun for example_complex to None, run_after=None
[2024-02-14T09:47:09.648+0000] {processor.py:183} INFO - Processing /home/airflow/.local/lib/python3.8/site-packages/airflow/example_dags/example_complex.py took 0.063 seconds
[2024-02-14T09:47:40.068+0000] {processor.py:161} INFO - Started process (PID=180) to work on /home/airflow/.local/lib/python3.8/site-packages/airflow/example_dags/example_complex.py
[2024-02-14T09:47:40.071+0000] {processor.py:830} INFO - Processing file /home/airflow/.local/lib/python3.8/site-packages/airflow/example_dags/example_complex.py for tasks to queue
[2024-02-14T09:47:40.075+0000] {logging_mixin.py:188} INFO - [2024-02-14T09:47:40.075+0000] {dagbag.py:538} INFO - Filling up the DagBag from /home/airflow/.local/lib/python3.8/site-packages/airflow/example_dags/example_complex.py
[2024-02-14T09:47:40.086+0000] {processor.py:840} INFO - DAG(s) 'example_complex' retrieved from /home/airflow/.local/lib/python3.8/site-packages/airflow/example_dags/example_complex.py
[2024-02-14T09:47:40.117+0000] {logging_mixin.py:188} INFO - [2024-02-14T09:47:40.117+0000] {dag.py:3036} INFO - Sync 1 DAGs
[2024-02-14T09:47:40.127+0000] {logging_mixin.py:188} INFO - [2024-02-14T09:47:40.127+0000] {dag.py:3823} INFO - Setting next_dagrun for example_complex to None, run_after=None
[2024-02-14T09:47:40.144+0000] {processor.py:183} INFO - Processing /home/airflow/.local/lib/python3.8/site-packages/airflow/example_dags/example_complex.py took 0.079 seconds
[2024-02-14T09:48:10.733+0000] {processor.py:161} INFO - Started process (PID=238) to work on /home/airflow/.local/lib/python3.8/site-packages/airflow/example_dags/example_complex.py
[2024-02-14T09:48:10.735+0000] {processor.py:830} INFO - Processing file /home/airflow/.local/lib/python3.8/site-packages/airflow/example_dags/example_complex.py for tasks to queue
[2024-02-14T09:48:10.738+0000] {logging_mixin.py:188} INFO - [2024-02-14T09:48:10.738+0000] {dagbag.py:538} INFO - Filling up the DagBag from /home/airflow/.local/lib/python3.8/site-packages/airflow/example_dags/example_complex.py
[2024-02-14T09:48:10.747+0000] {processor.py:840} INFO - DAG(s) 'example_complex' retrieved from /home/airflow/.local/lib/python3.8/site-packages/airflow/example_dags/example_complex.py
[2024-02-14T09:48:10.770+0000] {logging_mixin.py:188} INFO - [2024-02-14T09:48:10.769+0000] {dag.py:3036} INFO - Sync 1 DAGs
[2024-02-14T09:48:10.779+0000] {logging_mixin.py:188} INFO - [2024-02-14T09:48:10.778+0000] {dag.py:3823} INFO - Setting next_dagrun for example_complex to None, run_after=None
[2024-02-14T09:48:10.792+0000] {processor.py:183} INFO - Processing /home/airflow/.local/lib/python3.8/site-packages/airflow/example_dags/example_complex.py took 0.061 seconds
[2024-02-14T09:48:41.170+0000] {processor.py:161} INFO - Started process (PID=298) to work on /home/airflow/.local/lib/python3.8/site-packages/airflow/example_dags/example_complex.py
[2024-02-14T09:48:41.172+0000] {processor.py:830} INFO - Processing file /home/airflow/.local/lib/python3.8/site-packages/airflow/example_dags/example_complex.py for tasks to queue
[2024-02-14T09:48:41.174+0000] {logging_mixin.py:188} INFO - [2024-02-14T09:48:41.174+0000] {dagbag.py:538} INFO - Filling up the DagBag from /home/airflow/.local/lib/python3.8/site-packages/airflow/example_dags/example_complex.py
[2024-02-14T09:48:41.181+0000] {processor.py:840} INFO - DAG(s) 'example_complex' retrieved from /home/airflow/.local/lib/python3.8/site-packages/airflow/example_dags/example_complex.py
[2024-02-14T09:48:41.201+0000] {logging_mixin.py:188} INFO - [2024-02-14T09:48:41.201+0000] {dag.py:3036} INFO - Sync 1 DAGs
[2024-02-14T09:48:41.211+0000] {logging_mixin.py:188} INFO - [2024-02-14T09:48:41.211+0000] {dag.py:3823} INFO - Setting next_dagrun for example_complex to None, run_after=None
[2024-02-14T09:48:41.223+0000] {processor.py:183} INFO - Processing /home/airflow/.local/lib/python3.8/site-packages/airflow/example_dags/example_complex.py took 0.055 seconds
[2024-02-14T09:49:11.810+0000] {processor.py:161} INFO - Started process (PID=354) to work on /home/airflow/.local/lib/python3.8/site-packages/airflow/example_dags/example_complex.py
[2024-02-14T09:49:11.812+0000] {processor.py:830} INFO - Processing file /home/airflow/.local/lib/python3.8/site-packages/airflow/example_dags/example_complex.py for tasks to queue
[2024-02-14T09:49:11.814+0000] {logging_mixin.py:188} INFO - [2024-02-14T09:49:11.813+0000] {dagbag.py:538} INFO - Filling up the DagBag from /home/airflow/.local/lib/python3.8/site-packages/airflow/example_dags/example_complex.py
[2024-02-14T09:49:11.821+0000] {processor.py:840} INFO - DAG(s) 'example_complex' retrieved from /home/airflow/.local/lib/python3.8/site-packages/airflow/example_dags/example_complex.py
[2024-02-14T09:49:11.844+0000] {logging_mixin.py:188} INFO - [2024-02-14T09:49:11.844+0000] {dag.py:3036} INFO - Sync 1 DAGs
[2024-02-14T09:49:11.854+0000] {logging_mixin.py:188} INFO - [2024-02-14T09:49:11.854+0000] {dag.py:3823} INFO - Setting next_dagrun for example_complex to None, run_after=None
[2024-02-14T09:49:11.867+0000] {processor.py:183} INFO - Processing /home/airflow/.local/lib/python3.8/site-packages/airflow/example_dags/example_complex.py took 0.059 seconds
[2024-02-14T09:49:42.733+0000] {processor.py:161} INFO - Started process (PID=410) to work on /home/airflow/.local/lib/python3.8/site-packages/airflow/example_dags/example_complex.py
[2024-02-14T09:49:42.734+0000] {processor.py:830} INFO - Processing file /home/airflow/.local/lib/python3.8/site-packages/airflow/example_dags/example_complex.py for tasks to queue
[2024-02-14T09:49:42.737+0000] {logging_mixin.py:188} INFO - [2024-02-14T09:49:42.737+0000] {dagbag.py:538} INFO - Filling up the DagBag from /home/airflow/.local/lib/python3.8/site-packages/airflow/example_dags/example_complex.py
[2024-02-14T09:49:42.747+0000] {processor.py:840} INFO - DAG(s) 'example_complex' retrieved from /home/airflow/.local/lib/python3.8/site-packages/airflow/example_dags/example_complex.py
[2024-02-14T09:49:42.767+0000] {logging_mixin.py:188} INFO - [2024-02-14T09:49:42.767+0000] {dag.py:3036} INFO - Sync 1 DAGs
[2024-02-14T09:49:42.776+0000] {logging_mixin.py:188} INFO - [2024-02-14T09:49:42.776+0000] {dag.py:3823} INFO - Setting next_dagrun for example_complex to None, run_after=None
[2024-02-14T09:49:42.790+0000] {processor.py:183} INFO - Processing /home/airflow/.local/lib/python3.8/site-packages/airflow/example_dags/example_complex.py took 0.060 seconds
[2024-02-14T09:50:13.251+0000] {processor.py:161} INFO - Started process (PID=468) to work on /home/airflow/.local/lib/python3.8/site-packages/airflow/example_dags/example_complex.py
[2024-02-14T09:50:13.252+0000] {processor.py:830} INFO - Processing file /home/airflow/.local/lib/python3.8/site-packages/airflow/example_dags/example_complex.py for tasks to queue
[2024-02-14T09:50:13.254+0000] {logging_mixin.py:188} INFO - [2024-02-14T09:50:13.254+0000] {dagbag.py:538} INFO - Filling up the DagBag from /home/airflow/.local/lib/python3.8/site-packages/airflow/example_dags/example_complex.py
[2024-02-14T09:50:13.262+0000] {processor.py:840} INFO - DAG(s) 'example_complex' retrieved from /home/airflow/.local/lib/python3.8/site-packages/airflow/example_dags/example_complex.py
[2024-02-14T09:50:13.283+0000] {logging_mixin.py:188} INFO - [2024-02-14T09:50:13.282+0000] {dag.py:3036} INFO - Sync 1 DAGs
[2024-02-14T09:50:13.290+0000] {logging_mixin.py:188} INFO - [2024-02-14T09:50:13.290+0000] {dag.py:3823} INFO - Setting next_dagrun for example_complex to None, run_after=None
[2024-02-14T09:50:13.301+0000] {processor.py:183} INFO - Processing /home/airflow/.local/lib/python3.8/site-packages/airflow/example_dags/example_complex.py took 0.053 seconds
[2024-02-14T09:50:43.523+0000] {processor.py:161} INFO - Started process (PID=524) to work on /home/airflow/.local/lib/python3.8/site-packages/airflow/example_dags/example_complex.py
[2024-02-14T09:50:43.525+0000] {processor.py:830} INFO - Processing file /home/airflow/.local/lib/python3.8/site-packages/airflow/example_dags/example_complex.py for tasks to queue
[2024-02-14T09:50:43.527+0000] {logging_mixin.py:188} INFO - [2024-02-14T09:50:43.527+0000] {dagbag.py:538} INFO - Filling up the DagBag from /home/airflow/.local/lib/python3.8/site-packages/airflow/example_dags/example_complex.py
[2024-02-14T09:50:43.534+0000] {processor.py:840} INFO - DAG(s) 'example_complex' retrieved from /home/airflow/.local/lib/python3.8/site-packages/airflow/example_dags/example_complex.py
[2024-02-14T09:50:43.555+0000] {logging_mixin.py:188} INFO - [2024-02-14T09:50:43.555+0000] {dag.py:3036} INFO - Sync 1 DAGs
[2024-02-14T09:50:43.564+0000] {logging_mixin.py:188} INFO - [2024-02-14T09:50:43.563+0000] {dag.py:3823} INFO - Setting next_dagrun for example_complex to None, run_after=None
[2024-02-14T09:50:43.582+0000] {processor.py:183} INFO - Processing /home/airflow/.local/lib/python3.8/site-packages/airflow/example_dags/example_complex.py took 0.062 seconds
[2024-02-14T09:51:13.859+0000] {processor.py:161} INFO - Started process (PID=580) to work on /home/airflow/.local/lib/python3.8/site-packages/airflow/example_dags/example_complex.py
[2024-02-14T09:51:13.861+0000] {processor.py:830} INFO - Processing file /home/airflow/.local/lib/python3.8/site-packages/airflow/example_dags/example_complex.py for tasks to queue
[2024-02-14T09:51:13.863+0000] {logging_mixin.py:188} INFO - [2024-02-14T09:51:13.863+0000] {dagbag.py:538} INFO - Filling up the DagBag from /home/airflow/.local/lib/python3.8/site-packages/airflow/example_dags/example_complex.py
[2024-02-14T09:51:13.870+0000] {processor.py:840} INFO - DAG(s) 'example_complex' retrieved from /home/airflow/.local/lib/python3.8/site-packages/airflow/example_dags/example_complex.py
[2024-02-14T09:51:13.890+0000] {logging_mixin.py:188} INFO - [2024-02-14T09:51:13.890+0000] {dag.py:3036} INFO - Sync 1 DAGs
[2024-02-14T09:51:13.898+0000] {logging_mixin.py:188} INFO - [2024-02-14T09:51:13.898+0000] {dag.py:3823} INFO - Setting next_dagrun for example_complex to None, run_after=None
[2024-02-14T09:51:13.912+0000] {processor.py:183} INFO - Processing /home/airflow/.local/lib/python3.8/site-packages/airflow/example_dags/example_complex.py took 0.055 seconds
[2024-02-14T09:51:44.395+0000] {processor.py:161} INFO - Started process (PID=638) to work on /home/airflow/.local/lib/python3.8/site-packages/airflow/example_dags/example_complex.py
[2024-02-14T09:51:44.397+0000] {processor.py:830} INFO - Processing file /home/airflow/.local/lib/python3.8/site-packages/airflow/example_dags/example_complex.py for tasks to queue
[2024-02-14T09:51:44.399+0000] {logging_mixin.py:188} INFO - [2024-02-14T09:51:44.398+0000] {dagbag.py:538} INFO - Filling up the DagBag from /home/airflow/.local/lib/python3.8/site-packages/airflow/example_dags/example_complex.py
[2024-02-14T09:51:44.405+0000] {processor.py:840} INFO - DAG(s) 'example_complex' retrieved from /home/airflow/.local/lib/python3.8/site-packages/airflow/example_dags/example_complex.py
[2024-02-14T09:51:44.423+0000] {logging_mixin.py:188} INFO - [2024-02-14T09:51:44.423+0000] {dag.py:3036} INFO - Sync 1 DAGs
[2024-02-14T09:51:44.431+0000] {logging_mixin.py:188} INFO - [2024-02-14T09:51:44.431+0000] {dag.py:3823} INFO - Setting next_dagrun for example_complex to None, run_after=None
[2024-02-14T09:51:44.443+0000] {processor.py:183} INFO - Processing /home/airflow/.local/lib/python3.8/site-packages/airflow/example_dags/example_complex.py took 0.050 seconds
[2024-02-14T09:52:14.860+0000] {processor.py:161} INFO - Started process (PID=695) to work on /home/airflow/.local/lib/python3.8/site-packages/airflow/example_dags/example_complex.py
[2024-02-14T09:52:14.862+0000] {processor.py:830} INFO - Processing file /home/airflow/.local/lib/python3.8/site-packages/airflow/example_dags/example_complex.py for tasks to queue
[2024-02-14T09:52:14.865+0000] {logging_mixin.py:188} INFO - [2024-02-14T09:52:14.864+0000] {dagbag.py:538} INFO - Filling up the DagBag from /home/airflow/.local/lib/python3.8/site-packages/airflow/example_dags/example_complex.py
[2024-02-14T09:52:14.871+0000] {processor.py:840} INFO - DAG(s) 'example_complex' retrieved from /home/airflow/.local/lib/python3.8/site-packages/airflow/example_dags/example_complex.py
[2024-02-14T09:52:14.889+0000] {logging_mixin.py:188} INFO - [2024-02-14T09:52:14.889+0000] {dag.py:3036} INFO - Sync 1 DAGs
[2024-02-14T09:52:14.897+0000] {logging_mixin.py:188} INFO - [2024-02-14T09:52:14.897+0000] {dag.py:3823} INFO - Setting next_dagrun for example_complex to None, run_after=None
[2024-02-14T09:52:14.909+0000] {processor.py:183} INFO - Processing /home/airflow/.local/lib/python3.8/site-packages/airflow/example_dags/example_complex.py took 0.050 seconds
[2024-02-14T09:52:45.316+0000] {processor.py:161} INFO - Started process (PID=751) to work on /home/airflow/.local/lib/python3.8/site-packages/airflow/example_dags/example_complex.py
[2024-02-14T09:52:45.318+0000] {processor.py:830} INFO - Processing file /home/airflow/.local/lib/python3.8/site-packages/airflow/example_dags/example_complex.py for tasks to queue
[2024-02-14T09:52:45.319+0000] {logging_mixin.py:188} INFO - [2024-02-14T09:52:45.319+0000] {dagbag.py:538} INFO - Filling up the DagBag from /home/airflow/.local/lib/python3.8/site-packages/airflow/example_dags/example_complex.py
[2024-02-14T09:52:45.328+0000] {processor.py:840} INFO - DAG(s) 'example_complex' retrieved from /home/airflow/.local/lib/python3.8/site-packages/airflow/example_dags/example_complex.py
[2024-02-14T09:52:45.347+0000] {logging_mixin.py:188} INFO - [2024-02-14T09:52:45.347+0000] {dag.py:3036} INFO - Sync 1 DAGs
[2024-02-14T09:52:45.355+0000] {logging_mixin.py:188} INFO - [2024-02-14T09:52:45.355+0000] {dag.py:3823} INFO - Setting next_dagrun for example_complex to None, run_after=None
[2024-02-14T09:52:45.368+0000] {processor.py:183} INFO - Processing /home/airflow/.local/lib/python3.8/site-packages/airflow/example_dags/example_complex.py took 0.054 seconds
[2024-02-14T09:53:38.892+0000] {processor.py:161} INFO - Started process (PID=72) to work on /home/airflow/.local/lib/python3.8/site-packages/airflow/example_dags/example_complex.py
[2024-02-14T09:53:38.893+0000] {processor.py:830} INFO - Processing file /home/airflow/.local/lib/python3.8/site-packages/airflow/example_dags/example_complex.py for tasks to queue
[2024-02-14T09:53:38.895+0000] {logging_mixin.py:188} INFO - [2024-02-14T09:53:38.895+0000] {dagbag.py:538} INFO - Filling up the DagBag from /home/airflow/.local/lib/python3.8/site-packages/airflow/example_dags/example_complex.py
[2024-02-14T09:53:38.902+0000] {processor.py:840} INFO - DAG(s) 'example_complex' retrieved from /home/airflow/.local/lib/python3.8/site-packages/airflow/example_dags/example_complex.py
[2024-02-14T09:53:38.912+0000] {logging_mixin.py:188} INFO - [2024-02-14T09:53:38.912+0000] {dag.py:3036} INFO - Sync 1 DAGs
[2024-02-14T09:53:38.920+0000] {logging_mixin.py:188} INFO - [2024-02-14T09:53:38.920+0000] {dag.py:3823} INFO - Setting next_dagrun for example_complex to None, run_after=None
[2024-02-14T09:53:38.935+0000] {processor.py:183} INFO - Processing /home/airflow/.local/lib/python3.8/site-packages/airflow/example_dags/example_complex.py took 0.045 seconds
[2024-02-14T09:54:10.877+0000] {processor.py:161} INFO - Started process (PID=128) to work on /home/airflow/.local/lib/python3.8/site-packages/airflow/example_dags/example_complex.py
[2024-02-14T09:54:10.880+0000] {processor.py:830} INFO - Processing file /home/airflow/.local/lib/python3.8/site-packages/airflow/example_dags/example_complex.py for tasks to queue
[2024-02-14T09:54:10.884+0000] {logging_mixin.py:188} INFO - [2024-02-14T09:54:10.884+0000] {dagbag.py:538} INFO - Filling up the DagBag from /home/airflow/.local/lib/python3.8/site-packages/airflow/example_dags/example_complex.py
[2024-02-14T09:54:10.894+0000] {processor.py:840} INFO - DAG(s) 'example_complex' retrieved from /home/airflow/.local/lib/python3.8/site-packages/airflow/example_dags/example_complex.py
[2024-02-14T09:54:10.976+0000] {logging_mixin.py:188} INFO - [2024-02-14T09:54:10.976+0000] {dag.py:3036} INFO - Sync 1 DAGs
[2024-02-14T09:54:10.983+0000] {logging_mixin.py:188} INFO - [2024-02-14T09:54:10.983+0000] {dag.py:3823} INFO - Setting next_dagrun for example_complex to None, run_after=None
[2024-02-14T09:54:10.996+0000] {processor.py:183} INFO - Processing /home/airflow/.local/lib/python3.8/site-packages/airflow/example_dags/example_complex.py took 0.123 seconds
[2024-02-14T09:54:41.139+0000] {processor.py:161} INFO - Started process (PID=185) to work on /home/airflow/.local/lib/python3.8/site-packages/airflow/example_dags/example_complex.py
[2024-02-14T09:54:41.141+0000] {processor.py:830} INFO - Processing file /home/airflow/.local/lib/python3.8/site-packages/airflow/example_dags/example_complex.py for tasks to queue
[2024-02-14T09:54:41.143+0000] {logging_mixin.py:188} INFO - [2024-02-14T09:54:41.143+0000] {dagbag.py:538} INFO - Filling up the DagBag from /home/airflow/.local/lib/python3.8/site-packages/airflow/example_dags/example_complex.py
[2024-02-14T09:54:41.150+0000] {processor.py:840} INFO - DAG(s) 'example_complex' retrieved from /home/airflow/.local/lib/python3.8/site-packages/airflow/example_dags/example_complex.py
[2024-02-14T09:54:41.172+0000] {logging_mixin.py:188} INFO - [2024-02-14T09:54:41.172+0000] {dag.py:3036} INFO - Sync 1 DAGs
[2024-02-14T09:54:41.182+0000] {logging_mixin.py:188} INFO - [2024-02-14T09:54:41.182+0000] {dag.py:3823} INFO - Setting next_dagrun for example_complex to None, run_after=None
[2024-02-14T09:54:41.194+0000] {processor.py:183} INFO - Processing /home/airflow/.local/lib/python3.8/site-packages/airflow/example_dags/example_complex.py took 0.057 seconds
[2024-02-14T09:55:50.631+0000] {processor.py:161} INFO - Started process (PID=69) to work on /home/airflow/.local/lib/python3.8/site-packages/airflow/example_dags/example_complex.py
[2024-02-14T09:55:50.634+0000] {processor.py:830} INFO - Processing file /home/airflow/.local/lib/python3.8/site-packages/airflow/example_dags/example_complex.py for tasks to queue
[2024-02-14T09:55:50.637+0000] {logging_mixin.py:188} INFO - [2024-02-14T09:55:50.636+0000] {dagbag.py:538} INFO - Filling up the DagBag from /home/airflow/.local/lib/python3.8/site-packages/airflow/example_dags/example_complex.py
[2024-02-14T09:55:50.660+0000] {processor.py:840} INFO - DAG(s) 'example_complex' retrieved from /home/airflow/.local/lib/python3.8/site-packages/airflow/example_dags/example_complex.py
[2024-02-14T09:55:50.673+0000] {logging_mixin.py:188} INFO - [2024-02-14T09:55:50.673+0000] {dag.py:3036} INFO - Sync 1 DAGs
[2024-02-14T09:55:50.686+0000] {logging_mixin.py:188} INFO - [2024-02-14T09:55:50.685+0000] {dag.py:3823} INFO - Setting next_dagrun for example_complex to None, run_after=None
[2024-02-14T09:55:50.703+0000] {processor.py:183} INFO - Processing /home/airflow/.local/lib/python3.8/site-packages/airflow/example_dags/example_complex.py took 0.075 seconds
[2024-02-14T09:56:21.268+0000] {processor.py:161} INFO - Started process (PID=131) to work on /home/airflow/.local/lib/python3.8/site-packages/airflow/example_dags/example_complex.py
[2024-02-14T09:56:21.272+0000] {processor.py:830} INFO - Processing file /home/airflow/.local/lib/python3.8/site-packages/airflow/example_dags/example_complex.py for tasks to queue
[2024-02-14T09:56:21.277+0000] {logging_mixin.py:188} INFO - [2024-02-14T09:56:21.277+0000] {dagbag.py:538} INFO - Filling up the DagBag from /home/airflow/.local/lib/python3.8/site-packages/airflow/example_dags/example_complex.py
[2024-02-14T09:56:21.293+0000] {processor.py:840} INFO - DAG(s) 'example_complex' retrieved from /home/airflow/.local/lib/python3.8/site-packages/airflow/example_dags/example_complex.py
[2024-02-14T09:56:21.402+0000] {logging_mixin.py:188} INFO - [2024-02-14T09:56:21.402+0000] {dag.py:3036} INFO - Sync 1 DAGs
[2024-02-14T09:56:21.416+0000] {logging_mixin.py:188} INFO - [2024-02-14T09:56:21.416+0000] {dag.py:3823} INFO - Setting next_dagrun for example_complex to None, run_after=None
[2024-02-14T09:56:21.433+0000] {processor.py:183} INFO - Processing /home/airflow/.local/lib/python3.8/site-packages/airflow/example_dags/example_complex.py took 0.168 seconds
[2024-02-14T09:56:52.560+0000] {processor.py:161} INFO - Started process (PID=188) to work on /home/airflow/.local/lib/python3.8/site-packages/airflow/example_dags/example_complex.py
[2024-02-14T09:56:52.565+0000] {processor.py:830} INFO - Processing file /home/airflow/.local/lib/python3.8/site-packages/airflow/example_dags/example_complex.py for tasks to queue
[2024-02-14T09:56:52.568+0000] {logging_mixin.py:188} INFO - [2024-02-14T09:56:52.568+0000] {dagbag.py:538} INFO - Filling up the DagBag from /home/airflow/.local/lib/python3.8/site-packages/airflow/example_dags/example_complex.py
[2024-02-14T09:56:52.582+0000] {processor.py:840} INFO - DAG(s) 'example_complex' retrieved from /home/airflow/.local/lib/python3.8/site-packages/airflow/example_dags/example_complex.py
[2024-02-14T09:56:52.619+0000] {logging_mixin.py:188} INFO - [2024-02-14T09:56:52.618+0000] {dag.py:3036} INFO - Sync 1 DAGs
[2024-02-14T09:56:52.631+0000] {logging_mixin.py:188} INFO - [2024-02-14T09:56:52.631+0000] {dag.py:3823} INFO - Setting next_dagrun for example_complex to None, run_after=None
[2024-02-14T09:56:52.649+0000] {processor.py:183} INFO - Processing /home/airflow/.local/lib/python3.8/site-packages/airflow/example_dags/example_complex.py took 0.095 seconds
[2024-02-14T09:57:22.692+0000] {processor.py:161} INFO - Started process (PID=245) to work on /home/airflow/.local/lib/python3.8/site-packages/airflow/example_dags/example_complex.py
[2024-02-14T09:57:22.693+0000] {processor.py:830} INFO - Processing file /home/airflow/.local/lib/python3.8/site-packages/airflow/example_dags/example_complex.py for tasks to queue
[2024-02-14T09:57:22.695+0000] {logging_mixin.py:188} INFO - [2024-02-14T09:57:22.694+0000] {dagbag.py:538} INFO - Filling up the DagBag from /home/airflow/.local/lib/python3.8/site-packages/airflow/example_dags/example_complex.py
[2024-02-14T09:57:22.701+0000] {processor.py:840} INFO - DAG(s) 'example_complex' retrieved from /home/airflow/.local/lib/python3.8/site-packages/airflow/example_dags/example_complex.py
[2024-02-14T09:57:22.719+0000] {logging_mixin.py:188} INFO - [2024-02-14T09:57:22.719+0000] {dag.py:3036} INFO - Sync 1 DAGs
[2024-02-14T09:57:22.726+0000] {logging_mixin.py:188} INFO - [2024-02-14T09:57:22.726+0000] {dag.py:3823} INFO - Setting next_dagrun for example_complex to None, run_after=None
[2024-02-14T09:57:22.735+0000] {processor.py:183} INFO - Processing /home/airflow/.local/lib/python3.8/site-packages/airflow/example_dags/example_complex.py took 0.046 seconds
[2024-02-14T09:57:53.330+0000] {processor.py:161} INFO - Started process (PID=303) to work on /home/airflow/.local/lib/python3.8/site-packages/airflow/example_dags/example_complex.py
[2024-02-14T09:57:53.332+0000] {processor.py:830} INFO - Processing file /home/airflow/.local/lib/python3.8/site-packages/airflow/example_dags/example_complex.py for tasks to queue
[2024-02-14T09:57:53.334+0000] {logging_mixin.py:188} INFO - [2024-02-14T09:57:53.334+0000] {dagbag.py:538} INFO - Filling up the DagBag from /home/airflow/.local/lib/python3.8/site-packages/airflow/example_dags/example_complex.py
[2024-02-14T09:57:53.341+0000] {processor.py:840} INFO - DAG(s) 'example_complex' retrieved from /home/airflow/.local/lib/python3.8/site-packages/airflow/example_dags/example_complex.py
[2024-02-14T09:57:53.359+0000] {logging_mixin.py:188} INFO - [2024-02-14T09:57:53.359+0000] {dag.py:3036} INFO - Sync 1 DAGs
[2024-02-14T09:57:53.366+0000] {logging_mixin.py:188} INFO - [2024-02-14T09:57:53.366+0000] {dag.py:3823} INFO - Setting next_dagrun for example_complex to None, run_after=None
[2024-02-14T09:57:53.380+0000] {processor.py:183} INFO - Processing /home/airflow/.local/lib/python3.8/site-packages/airflow/example_dags/example_complex.py took 0.052 seconds
[2024-02-14T09:58:23.692+0000] {processor.py:161} INFO - Started process (PID=360) to work on /home/airflow/.local/lib/python3.8/site-packages/airflow/example_dags/example_complex.py
[2024-02-14T09:58:23.693+0000] {processor.py:830} INFO - Processing file /home/airflow/.local/lib/python3.8/site-packages/airflow/example_dags/example_complex.py for tasks to queue
[2024-02-14T09:58:23.695+0000] {logging_mixin.py:188} INFO - [2024-02-14T09:58:23.695+0000] {dagbag.py:538} INFO - Filling up the DagBag from /home/airflow/.local/lib/python3.8/site-packages/airflow/example_dags/example_complex.py
[2024-02-14T09:58:23.702+0000] {processor.py:840} INFO - DAG(s) 'example_complex' retrieved from /home/airflow/.local/lib/python3.8/site-packages/airflow/example_dags/example_complex.py
[2024-02-14T09:58:23.720+0000] {logging_mixin.py:188} INFO - [2024-02-14T09:58:23.720+0000] {dag.py:3036} INFO - Sync 1 DAGs
[2024-02-14T09:58:23.728+0000] {logging_mixin.py:188} INFO - [2024-02-14T09:58:23.728+0000] {dag.py:3823} INFO - Setting next_dagrun for example_complex to None, run_after=None
[2024-02-14T09:58:23.739+0000] {processor.py:183} INFO - Processing /home/airflow/.local/lib/python3.8/site-packages/airflow/example_dags/example_complex.py took 0.049 seconds
[2024-02-14T09:58:54.676+0000] {processor.py:161} INFO - Started process (PID=419) to work on /home/airflow/.local/lib/python3.8/site-packages/airflow/example_dags/example_complex.py
[2024-02-14T09:58:54.678+0000] {processor.py:830} INFO - Processing file /home/airflow/.local/lib/python3.8/site-packages/airflow/example_dags/example_complex.py for tasks to queue
[2024-02-14T09:58:54.680+0000] {logging_mixin.py:188} INFO - [2024-02-14T09:58:54.680+0000] {dagbag.py:538} INFO - Filling up the DagBag from /home/airflow/.local/lib/python3.8/site-packages/airflow/example_dags/example_complex.py
[2024-02-14T09:58:54.688+0000] {processor.py:840} INFO - DAG(s) 'example_complex' retrieved from /home/airflow/.local/lib/python3.8/site-packages/airflow/example_dags/example_complex.py
[2024-02-14T09:58:54.708+0000] {logging_mixin.py:188} INFO - [2024-02-14T09:58:54.708+0000] {dag.py:3036} INFO - Sync 1 DAGs
[2024-02-14T09:58:54.716+0000] {logging_mixin.py:188} INFO - [2024-02-14T09:58:54.716+0000] {dag.py:3823} INFO - Setting next_dagrun for example_complex to None, run_after=None
[2024-02-14T09:58:54.728+0000] {processor.py:183} INFO - Processing /home/airflow/.local/lib/python3.8/site-packages/airflow/example_dags/example_complex.py took 0.055 seconds
[2024-02-14T09:59:25.037+0000] {processor.py:161} INFO - Started process (PID=476) to work on /home/airflow/.local/lib/python3.8/site-packages/airflow/example_dags/example_complex.py
[2024-02-14T09:59:25.039+0000] {processor.py:830} INFO - Processing file /home/airflow/.local/lib/python3.8/site-packages/airflow/example_dags/example_complex.py for tasks to queue
[2024-02-14T09:59:25.041+0000] {logging_mixin.py:188} INFO - [2024-02-14T09:59:25.041+0000] {dagbag.py:538} INFO - Filling up the DagBag from /home/airflow/.local/lib/python3.8/site-packages/airflow/example_dags/example_complex.py
[2024-02-14T09:59:25.048+0000] {processor.py:840} INFO - DAG(s) 'example_complex' retrieved from /home/airflow/.local/lib/python3.8/site-packages/airflow/example_dags/example_complex.py
[2024-02-14T09:59:25.067+0000] {logging_mixin.py:188} INFO - [2024-02-14T09:59:25.066+0000] {dag.py:3036} INFO - Sync 1 DAGs
[2024-02-14T09:59:25.075+0000] {logging_mixin.py:188} INFO - [2024-02-14T09:59:25.075+0000] {dag.py:3823} INFO - Setting next_dagrun for example_complex to None, run_after=None
[2024-02-14T09:59:25.085+0000] {processor.py:183} INFO - Processing /home/airflow/.local/lib/python3.8/site-packages/airflow/example_dags/example_complex.py took 0.051 seconds
[2024-02-14T09:59:55.805+0000] {processor.py:161} INFO - Started process (PID=532) to work on /home/airflow/.local/lib/python3.8/site-packages/airflow/example_dags/example_complex.py
[2024-02-14T09:59:55.807+0000] {processor.py:830} INFO - Processing file /home/airflow/.local/lib/python3.8/site-packages/airflow/example_dags/example_complex.py for tasks to queue
[2024-02-14T09:59:55.810+0000] {logging_mixin.py:188} INFO - [2024-02-14T09:59:55.810+0000] {dagbag.py:538} INFO - Filling up the DagBag from /home/airflow/.local/lib/python3.8/site-packages/airflow/example_dags/example_complex.py
[2024-02-14T09:59:55.817+0000] {processor.py:840} INFO - DAG(s) 'example_complex' retrieved from /home/airflow/.local/lib/python3.8/site-packages/airflow/example_dags/example_complex.py
[2024-02-14T09:59:55.835+0000] {logging_mixin.py:188} INFO - [2024-02-14T09:59:55.835+0000] {dag.py:3036} INFO - Sync 1 DAGs
[2024-02-14T09:59:55.842+0000] {logging_mixin.py:188} INFO - [2024-02-14T09:59:55.842+0000] {dag.py:3823} INFO - Setting next_dagrun for example_complex to None, run_after=None
[2024-02-14T09:59:55.852+0000] {processor.py:183} INFO - Processing /home/airflow/.local/lib/python3.8/site-packages/airflow/example_dags/example_complex.py took 0.050 seconds
[2024-02-14T10:00:26.240+0000] {processor.py:161} INFO - Started process (PID=589) to work on /home/airflow/.local/lib/python3.8/site-packages/airflow/example_dags/example_complex.py
[2024-02-14T10:00:26.242+0000] {processor.py:830} INFO - Processing file /home/airflow/.local/lib/python3.8/site-packages/airflow/example_dags/example_complex.py for tasks to queue
[2024-02-14T10:00:26.244+0000] {logging_mixin.py:188} INFO - [2024-02-14T10:00:26.244+0000] {dagbag.py:538} INFO - Filling up the DagBag from /home/airflow/.local/lib/python3.8/site-packages/airflow/example_dags/example_complex.py
[2024-02-14T10:00:26.250+0000] {processor.py:840} INFO - DAG(s) 'example_complex' retrieved from /home/airflow/.local/lib/python3.8/site-packages/airflow/example_dags/example_complex.py
[2024-02-14T10:00:26.270+0000] {logging_mixin.py:188} INFO - [2024-02-14T10:00:26.270+0000] {dag.py:3036} INFO - Sync 1 DAGs
[2024-02-14T10:00:26.277+0000] {logging_mixin.py:188} INFO - [2024-02-14T10:00:26.277+0000] {dag.py:3823} INFO - Setting next_dagrun for example_complex to None, run_after=None
[2024-02-14T10:00:26.288+0000] {processor.py:183} INFO - Processing /home/airflow/.local/lib/python3.8/site-packages/airflow/example_dags/example_complex.py took 0.050 seconds
[2024-02-14T10:00:56.635+0000] {processor.py:161} INFO - Started process (PID=646) to work on /home/airflow/.local/lib/python3.8/site-packages/airflow/example_dags/example_complex.py
[2024-02-14T10:00:56.636+0000] {processor.py:830} INFO - Processing file /home/airflow/.local/lib/python3.8/site-packages/airflow/example_dags/example_complex.py for tasks to queue
[2024-02-14T10:00:56.639+0000] {logging_mixin.py:188} INFO - [2024-02-14T10:00:56.639+0000] {dagbag.py:538} INFO - Filling up the DagBag from /home/airflow/.local/lib/python3.8/site-packages/airflow/example_dags/example_complex.py
[2024-02-14T10:00:56.648+0000] {processor.py:840} INFO - DAG(s) 'example_complex' retrieved from /home/airflow/.local/lib/python3.8/site-packages/airflow/example_dags/example_complex.py
[2024-02-14T10:00:56.670+0000] {logging_mixin.py:188} INFO - [2024-02-14T10:00:56.670+0000] {dag.py:3036} INFO - Sync 1 DAGs
[2024-02-14T10:00:56.678+0000] {logging_mixin.py:188} INFO - [2024-02-14T10:00:56.677+0000] {dag.py:3823} INFO - Setting next_dagrun for example_complex to None, run_after=None
[2024-02-14T10:00:56.689+0000] {processor.py:183} INFO - Processing /home/airflow/.local/lib/python3.8/site-packages/airflow/example_dags/example_complex.py took 0.057 seconds
[2024-02-14T10:01:27.643+0000] {processor.py:161} INFO - Started process (PID=702) to work on /home/airflow/.local/lib/python3.8/site-packages/airflow/example_dags/example_complex.py
[2024-02-14T10:01:27.646+0000] {processor.py:830} INFO - Processing file /home/airflow/.local/lib/python3.8/site-packages/airflow/example_dags/example_complex.py for tasks to queue
[2024-02-14T10:01:27.652+0000] {logging_mixin.py:188} INFO - [2024-02-14T10:01:27.651+0000] {dagbag.py:538} INFO - Filling up the DagBag from /home/airflow/.local/lib/python3.8/site-packages/airflow/example_dags/example_complex.py
[2024-02-14T10:01:27.660+0000] {processor.py:840} INFO - DAG(s) 'example_complex' retrieved from /home/airflow/.local/lib/python3.8/site-packages/airflow/example_dags/example_complex.py
[2024-02-14T10:01:27.684+0000] {logging_mixin.py:188} INFO - [2024-02-14T10:01:27.684+0000] {dag.py:3036} INFO - Sync 1 DAGs
[2024-02-14T10:01:27.694+0000] {logging_mixin.py:188} INFO - [2024-02-14T10:01:27.694+0000] {dag.py:3823} INFO - Setting next_dagrun for example_complex to None, run_after=None
[2024-02-14T10:01:27.711+0000] {processor.py:183} INFO - Processing /home/airflow/.local/lib/python3.8/site-packages/airflow/example_dags/example_complex.py took 0.072 seconds
[2024-02-14T10:01:58.628+0000] {processor.py:161} INFO - Started process (PID=759) to work on /home/airflow/.local/lib/python3.8/site-packages/airflow/example_dags/example_complex.py
[2024-02-14T10:01:58.630+0000] {processor.py:830} INFO - Processing file /home/airflow/.local/lib/python3.8/site-packages/airflow/example_dags/example_complex.py for tasks to queue
[2024-02-14T10:01:58.633+0000] {logging_mixin.py:188} INFO - [2024-02-14T10:01:58.633+0000] {dagbag.py:538} INFO - Filling up the DagBag from /home/airflow/.local/lib/python3.8/site-packages/airflow/example_dags/example_complex.py
[2024-02-14T10:01:58.646+0000] {processor.py:840} INFO - DAG(s) 'example_complex' retrieved from /home/airflow/.local/lib/python3.8/site-packages/airflow/example_dags/example_complex.py
[2024-02-14T10:01:58.680+0000] {logging_mixin.py:188} INFO - [2024-02-14T10:01:58.680+0000] {dag.py:3036} INFO - Sync 1 DAGs
[2024-02-14T10:01:58.690+0000] {logging_mixin.py:188} INFO - [2024-02-14T10:01:58.690+0000] {dag.py:3823} INFO - Setting next_dagrun for example_complex to None, run_after=None
[2024-02-14T10:01:58.704+0000] {processor.py:183} INFO - Processing /home/airflow/.local/lib/python3.8/site-packages/airflow/example_dags/example_complex.py took 0.080 seconds
[2024-02-14T10:02:29.255+0000] {processor.py:161} INFO - Started process (PID=816) to work on /home/airflow/.local/lib/python3.8/site-packages/airflow/example_dags/example_complex.py
[2024-02-14T10:02:29.257+0000] {processor.py:830} INFO - Processing file /home/airflow/.local/lib/python3.8/site-packages/airflow/example_dags/example_complex.py for tasks to queue
[2024-02-14T10:02:29.259+0000] {logging_mixin.py:188} INFO - [2024-02-14T10:02:29.258+0000] {dagbag.py:538} INFO - Filling up the DagBag from /home/airflow/.local/lib/python3.8/site-packages/airflow/example_dags/example_complex.py
[2024-02-14T10:02:29.267+0000] {processor.py:840} INFO - DAG(s) 'example_complex' retrieved from /home/airflow/.local/lib/python3.8/site-packages/airflow/example_dags/example_complex.py
[2024-02-14T10:02:29.293+0000] {logging_mixin.py:188} INFO - [2024-02-14T10:02:29.293+0000] {dag.py:3036} INFO - Sync 1 DAGs
[2024-02-14T10:02:29.303+0000] {logging_mixin.py:188} INFO - [2024-02-14T10:02:29.303+0000] {dag.py:3823} INFO - Setting next_dagrun for example_complex to None, run_after=None
[2024-02-14T10:02:29.329+0000] {processor.py:183} INFO - Processing /home/airflow/.local/lib/python3.8/site-packages/airflow/example_dags/example_complex.py took 0.076 seconds
[2024-02-14T10:03:00.023+0000] {processor.py:161} INFO - Started process (PID=875) to work on /home/airflow/.local/lib/python3.8/site-packages/airflow/example_dags/example_complex.py
[2024-02-14T10:03:00.025+0000] {processor.py:830} INFO - Processing file /home/airflow/.local/lib/python3.8/site-packages/airflow/example_dags/example_complex.py for tasks to queue
[2024-02-14T10:03:00.028+0000] {logging_mixin.py:188} INFO - [2024-02-14T10:03:00.027+0000] {dagbag.py:538} INFO - Filling up the DagBag from /home/airflow/.local/lib/python3.8/site-packages/airflow/example_dags/example_complex.py
[2024-02-14T10:03:00.036+0000] {processor.py:840} INFO - DAG(s) 'example_complex' retrieved from /home/airflow/.local/lib/python3.8/site-packages/airflow/example_dags/example_complex.py
[2024-02-14T10:03:00.061+0000] {logging_mixin.py:188} INFO - [2024-02-14T10:03:00.061+0000] {dag.py:3036} INFO - Sync 1 DAGs
[2024-02-14T10:03:00.069+0000] {logging_mixin.py:188} INFO - [2024-02-14T10:03:00.068+0000] {dag.py:3823} INFO - Setting next_dagrun for example_complex to None, run_after=None
[2024-02-14T10:03:00.081+0000] {processor.py:183} INFO - Processing /home/airflow/.local/lib/python3.8/site-packages/airflow/example_dags/example_complex.py took 0.060 seconds
