[2024-02-14T09:34:16.841+0000] {processor.py:161} INFO - Started process (PID=37) to work on /home/airflow/.local/lib/python3.8/site-packages/airflow/example_dags/example_params_trigger_ui.py
[2024-02-14T09:34:16.843+0000] {processor.py:830} INFO - Processing file /home/airflow/.local/lib/python3.8/site-packages/airflow/example_dags/example_params_trigger_ui.py for tasks to queue
[2024-02-14T09:34:16.849+0000] {logging_mixin.py:188} INFO - [2024-02-14T09:34:16.846+0000] {dagbag.py:538} INFO - Filling up the DagBag from /home/airflow/.local/lib/python3.8/site-packages/airflow/example_dags/example_params_trigger_ui.py
[2024-02-14T09:34:16.901+0000] {processor.py:840} INFO - DAG(s) 'example_params_trigger_ui' retrieved from /home/airflow/.local/lib/python3.8/site-packages/airflow/example_dags/example_params_trigger_ui.py
[2024-02-14T09:34:16.926+0000] {logging_mixin.py:188} INFO - [2024-02-14T09:34:16.926+0000] {dag.py:3036} INFO - Sync 1 DAGs
[2024-02-14T09:34:16.939+0000] {logging_mixin.py:188} INFO - [2024-02-14T09:34:16.939+0000] {dag.py:3823} INFO - Setting next_dagrun for example_params_trigger_ui to None, run_after=None
[2024-02-14T09:34:16.976+0000] {processor.py:183} INFO - Processing /home/airflow/.local/lib/python3.8/site-packages/airflow/example_dags/example_params_trigger_ui.py took 0.139 seconds
[2024-02-14T09:34:47.175+0000] {processor.py:161} INFO - Started process (PID=94) to work on /home/airflow/.local/lib/python3.8/site-packages/airflow/example_dags/example_params_trigger_ui.py
[2024-02-14T09:34:47.177+0000] {processor.py:830} INFO - Processing file /home/airflow/.local/lib/python3.8/site-packages/airflow/example_dags/example_params_trigger_ui.py for tasks to queue
[2024-02-14T09:34:47.182+0000] {logging_mixin.py:188} INFO - [2024-02-14T09:34:47.181+0000] {dagbag.py:538} INFO - Filling up the DagBag from /home/airflow/.local/lib/python3.8/site-packages/airflow/example_dags/example_params_trigger_ui.py
[2024-02-14T09:34:47.227+0000] {processor.py:840} INFO - DAG(s) 'example_params_trigger_ui' retrieved from /home/airflow/.local/lib/python3.8/site-packages/airflow/example_dags/example_params_trigger_ui.py
[2024-02-14T09:34:47.467+0000] {logging_mixin.py:188} INFO - [2024-02-14T09:34:47.467+0000] {dag.py:3036} INFO - Sync 1 DAGs
[2024-02-14T09:34:47.489+0000] {logging_mixin.py:188} INFO - [2024-02-14T09:34:47.489+0000] {dag.py:3823} INFO - Setting next_dagrun for example_params_trigger_ui to None, run_after=None
[2024-02-14T09:34:47.524+0000] {processor.py:183} INFO - Processing /home/airflow/.local/lib/python3.8/site-packages/airflow/example_dags/example_params_trigger_ui.py took 0.353 seconds
[2024-02-14T09:35:17.842+0000] {processor.py:161} INFO - Started process (PID=152) to work on /home/airflow/.local/lib/python3.8/site-packages/airflow/example_dags/example_params_trigger_ui.py
[2024-02-14T09:35:17.844+0000] {processor.py:830} INFO - Processing file /home/airflow/.local/lib/python3.8/site-packages/airflow/example_dags/example_params_trigger_ui.py for tasks to queue
[2024-02-14T09:35:17.846+0000] {logging_mixin.py:188} INFO - [2024-02-14T09:35:17.846+0000] {dagbag.py:538} INFO - Filling up the DagBag from /home/airflow/.local/lib/python3.8/site-packages/airflow/example_dags/example_params_trigger_ui.py
[2024-02-14T09:35:17.860+0000] {processor.py:840} INFO - DAG(s) 'example_params_trigger_ui' retrieved from /home/airflow/.local/lib/python3.8/site-packages/airflow/example_dags/example_params_trigger_ui.py
[2024-02-14T09:35:17.893+0000] {logging_mixin.py:188} INFO - [2024-02-14T09:35:17.893+0000] {dag.py:3036} INFO - Sync 1 DAGs
[2024-02-14T09:35:17.901+0000] {logging_mixin.py:188} INFO - [2024-02-14T09:35:17.901+0000] {dag.py:3823} INFO - Setting next_dagrun for example_params_trigger_ui to None, run_after=None
[2024-02-14T09:35:17.913+0000] {processor.py:183} INFO - Processing /home/airflow/.local/lib/python3.8/site-packages/airflow/example_dags/example_params_trigger_ui.py took 0.075 seconds
[2024-02-14T09:35:48.248+0000] {processor.py:161} INFO - Started process (PID=208) to work on /home/airflow/.local/lib/python3.8/site-packages/airflow/example_dags/example_params_trigger_ui.py
[2024-02-14T09:35:48.251+0000] {processor.py:830} INFO - Processing file /home/airflow/.local/lib/python3.8/site-packages/airflow/example_dags/example_params_trigger_ui.py for tasks to queue
[2024-02-14T09:35:48.253+0000] {logging_mixin.py:188} INFO - [2024-02-14T09:35:48.253+0000] {dagbag.py:538} INFO - Filling up the DagBag from /home/airflow/.local/lib/python3.8/site-packages/airflow/example_dags/example_params_trigger_ui.py
[2024-02-14T09:35:48.266+0000] {processor.py:840} INFO - DAG(s) 'example_params_trigger_ui' retrieved from /home/airflow/.local/lib/python3.8/site-packages/airflow/example_dags/example_params_trigger_ui.py
[2024-02-14T09:35:48.303+0000] {logging_mixin.py:188} INFO - [2024-02-14T09:35:48.303+0000] {dag.py:3036} INFO - Sync 1 DAGs
[2024-02-14T09:35:48.313+0000] {logging_mixin.py:188} INFO - [2024-02-14T09:35:48.313+0000] {dag.py:3823} INFO - Setting next_dagrun for example_params_trigger_ui to None, run_after=None
[2024-02-14T09:35:48.328+0000] {processor.py:183} INFO - Processing /home/airflow/.local/lib/python3.8/site-packages/airflow/example_dags/example_params_trigger_ui.py took 0.085 seconds
[2024-02-14T09:36:18.807+0000] {processor.py:161} INFO - Started process (PID=263) to work on /home/airflow/.local/lib/python3.8/site-packages/airflow/example_dags/example_params_trigger_ui.py
[2024-02-14T09:36:18.809+0000] {processor.py:830} INFO - Processing file /home/airflow/.local/lib/python3.8/site-packages/airflow/example_dags/example_params_trigger_ui.py for tasks to queue
[2024-02-14T09:36:18.812+0000] {logging_mixin.py:188} INFO - [2024-02-14T09:36:18.812+0000] {dagbag.py:538} INFO - Filling up the DagBag from /home/airflow/.local/lib/python3.8/site-packages/airflow/example_dags/example_params_trigger_ui.py
[2024-02-14T09:36:18.831+0000] {processor.py:840} INFO - DAG(s) 'example_params_trigger_ui' retrieved from /home/airflow/.local/lib/python3.8/site-packages/airflow/example_dags/example_params_trigger_ui.py
[2024-02-14T09:36:18.869+0000] {logging_mixin.py:188} INFO - [2024-02-14T09:36:18.869+0000] {dag.py:3036} INFO - Sync 1 DAGs
[2024-02-14T09:36:18.881+0000] {logging_mixin.py:188} INFO - [2024-02-14T09:36:18.880+0000] {dag.py:3823} INFO - Setting next_dagrun for example_params_trigger_ui to None, run_after=None
[2024-02-14T09:36:18.899+0000] {processor.py:183} INFO - Processing /home/airflow/.local/lib/python3.8/site-packages/airflow/example_dags/example_params_trigger_ui.py took 0.095 seconds
[2024-02-14T09:36:49.138+0000] {processor.py:161} INFO - Started process (PID=319) to work on /home/airflow/.local/lib/python3.8/site-packages/airflow/example_dags/example_params_trigger_ui.py
[2024-02-14T09:36:49.140+0000] {processor.py:830} INFO - Processing file /home/airflow/.local/lib/python3.8/site-packages/airflow/example_dags/example_params_trigger_ui.py for tasks to queue
[2024-02-14T09:36:49.143+0000] {logging_mixin.py:188} INFO - [2024-02-14T09:36:49.142+0000] {dagbag.py:538} INFO - Filling up the DagBag from /home/airflow/.local/lib/python3.8/site-packages/airflow/example_dags/example_params_trigger_ui.py
[2024-02-14T09:36:49.157+0000] {processor.py:840} INFO - DAG(s) 'example_params_trigger_ui' retrieved from /home/airflow/.local/lib/python3.8/site-packages/airflow/example_dags/example_params_trigger_ui.py
[2024-02-14T09:36:49.193+0000] {logging_mixin.py:188} INFO - [2024-02-14T09:36:49.192+0000] {dag.py:3036} INFO - Sync 1 DAGs
[2024-02-14T09:36:49.201+0000] {logging_mixin.py:188} INFO - [2024-02-14T09:36:49.201+0000] {dag.py:3823} INFO - Setting next_dagrun for example_params_trigger_ui to None, run_after=None
[2024-02-14T09:36:49.215+0000] {processor.py:183} INFO - Processing /home/airflow/.local/lib/python3.8/site-packages/airflow/example_dags/example_params_trigger_ui.py took 0.083 seconds
[2024-02-14T09:37:19.794+0000] {processor.py:161} INFO - Started process (PID=378) to work on /home/airflow/.local/lib/python3.8/site-packages/airflow/example_dags/example_params_trigger_ui.py
[2024-02-14T09:37:19.796+0000] {processor.py:830} INFO - Processing file /home/airflow/.local/lib/python3.8/site-packages/airflow/example_dags/example_params_trigger_ui.py for tasks to queue
[2024-02-14T09:37:19.800+0000] {logging_mixin.py:188} INFO - [2024-02-14T09:37:19.799+0000] {dagbag.py:538} INFO - Filling up the DagBag from /home/airflow/.local/lib/python3.8/site-packages/airflow/example_dags/example_params_trigger_ui.py
[2024-02-14T09:37:19.813+0000] {processor.py:840} INFO - DAG(s) 'example_params_trigger_ui' retrieved from /home/airflow/.local/lib/python3.8/site-packages/airflow/example_dags/example_params_trigger_ui.py
[2024-02-14T09:37:19.846+0000] {logging_mixin.py:188} INFO - [2024-02-14T09:37:19.846+0000] {dag.py:3036} INFO - Sync 1 DAGs
[2024-02-14T09:37:19.854+0000] {logging_mixin.py:188} INFO - [2024-02-14T09:37:19.854+0000] {dag.py:3823} INFO - Setting next_dagrun for example_params_trigger_ui to None, run_after=None
[2024-02-14T09:37:19.865+0000] {processor.py:183} INFO - Processing /home/airflow/.local/lib/python3.8/site-packages/airflow/example_dags/example_params_trigger_ui.py took 0.075 seconds
[2024-02-14T09:37:50.177+0000] {processor.py:161} INFO - Started process (PID=434) to work on /home/airflow/.local/lib/python3.8/site-packages/airflow/example_dags/example_params_trigger_ui.py
[2024-02-14T09:37:50.179+0000] {processor.py:830} INFO - Processing file /home/airflow/.local/lib/python3.8/site-packages/airflow/example_dags/example_params_trigger_ui.py for tasks to queue
[2024-02-14T09:37:50.183+0000] {logging_mixin.py:188} INFO - [2024-02-14T09:37:50.182+0000] {dagbag.py:538} INFO - Filling up the DagBag from /home/airflow/.local/lib/python3.8/site-packages/airflow/example_dags/example_params_trigger_ui.py
[2024-02-14T09:37:50.196+0000] {processor.py:840} INFO - DAG(s) 'example_params_trigger_ui' retrieved from /home/airflow/.local/lib/python3.8/site-packages/airflow/example_dags/example_params_trigger_ui.py
[2024-02-14T09:37:50.228+0000] {logging_mixin.py:188} INFO - [2024-02-14T09:37:50.228+0000] {dag.py:3036} INFO - Sync 1 DAGs
[2024-02-14T09:37:50.236+0000] {logging_mixin.py:188} INFO - [2024-02-14T09:37:50.236+0000] {dag.py:3823} INFO - Setting next_dagrun for example_params_trigger_ui to None, run_after=None
[2024-02-14T09:37:50.251+0000] {processor.py:183} INFO - Processing /home/airflow/.local/lib/python3.8/site-packages/airflow/example_dags/example_params_trigger_ui.py took 0.079 seconds
[2024-02-14T09:38:20.419+0000] {processor.py:161} INFO - Started process (PID=492) to work on /home/airflow/.local/lib/python3.8/site-packages/airflow/example_dags/example_params_trigger_ui.py
[2024-02-14T09:38:20.421+0000] {processor.py:830} INFO - Processing file /home/airflow/.local/lib/python3.8/site-packages/airflow/example_dags/example_params_trigger_ui.py for tasks to queue
[2024-02-14T09:38:20.424+0000] {logging_mixin.py:188} INFO - [2024-02-14T09:38:20.423+0000] {dagbag.py:538} INFO - Filling up the DagBag from /home/airflow/.local/lib/python3.8/site-packages/airflow/example_dags/example_params_trigger_ui.py
[2024-02-14T09:38:20.436+0000] {processor.py:840} INFO - DAG(s) 'example_params_trigger_ui' retrieved from /home/airflow/.local/lib/python3.8/site-packages/airflow/example_dags/example_params_trigger_ui.py
[2024-02-14T09:38:20.468+0000] {logging_mixin.py:188} INFO - [2024-02-14T09:38:20.468+0000] {dag.py:3036} INFO - Sync 1 DAGs
[2024-02-14T09:38:20.476+0000] {logging_mixin.py:188} INFO - [2024-02-14T09:38:20.476+0000] {dag.py:3823} INFO - Setting next_dagrun for example_params_trigger_ui to None, run_after=None
[2024-02-14T09:38:20.489+0000] {processor.py:183} INFO - Processing /home/airflow/.local/lib/python3.8/site-packages/airflow/example_dags/example_params_trigger_ui.py took 0.074 seconds
[2024-02-14T09:38:50.756+0000] {processor.py:161} INFO - Started process (PID=549) to work on /home/airflow/.local/lib/python3.8/site-packages/airflow/example_dags/example_params_trigger_ui.py
[2024-02-14T09:38:50.759+0000] {processor.py:830} INFO - Processing file /home/airflow/.local/lib/python3.8/site-packages/airflow/example_dags/example_params_trigger_ui.py for tasks to queue
[2024-02-14T09:38:50.762+0000] {logging_mixin.py:188} INFO - [2024-02-14T09:38:50.762+0000] {dagbag.py:538} INFO - Filling up the DagBag from /home/airflow/.local/lib/python3.8/site-packages/airflow/example_dags/example_params_trigger_ui.py
[2024-02-14T09:38:50.773+0000] {processor.py:840} INFO - DAG(s) 'example_params_trigger_ui' retrieved from /home/airflow/.local/lib/python3.8/site-packages/airflow/example_dags/example_params_trigger_ui.py
[2024-02-14T09:38:50.806+0000] {logging_mixin.py:188} INFO - [2024-02-14T09:38:50.806+0000] {dag.py:3036} INFO - Sync 1 DAGs
[2024-02-14T09:38:50.815+0000] {logging_mixin.py:188} INFO - [2024-02-14T09:38:50.815+0000] {dag.py:3823} INFO - Setting next_dagrun for example_params_trigger_ui to None, run_after=None
[2024-02-14T09:38:50.828+0000] {processor.py:183} INFO - Processing /home/airflow/.local/lib/python3.8/site-packages/airflow/example_dags/example_params_trigger_ui.py took 0.075 seconds
[2024-02-14T09:43:46.652+0000] {processor.py:161} INFO - Started process (PID=33) to work on /home/airflow/.local/lib/python3.8/site-packages/airflow/example_dags/example_params_trigger_ui.py
[2024-02-14T09:43:46.656+0000] {processor.py:830} INFO - Processing file /home/airflow/.local/lib/python3.8/site-packages/airflow/example_dags/example_params_trigger_ui.py for tasks to queue
[2024-02-14T09:43:46.658+0000] {logging_mixin.py:188} INFO - [2024-02-14T09:43:46.658+0000] {dagbag.py:538} INFO - Filling up the DagBag from /home/airflow/.local/lib/python3.8/site-packages/airflow/example_dags/example_params_trigger_ui.py
[2024-02-14T09:43:46.694+0000] {processor.py:840} INFO - DAG(s) 'example_params_trigger_ui' retrieved from /home/airflow/.local/lib/python3.8/site-packages/airflow/example_dags/example_params_trigger_ui.py
[2024-02-14T09:43:46.726+0000] {logging_mixin.py:188} INFO - [2024-02-14T09:43:46.725+0000] {dag.py:3036} INFO - Sync 1 DAGs
[2024-02-14T09:43:46.736+0000] {logging_mixin.py:188} INFO - [2024-02-14T09:43:46.736+0000] {dag.py:3823} INFO - Setting next_dagrun for example_params_trigger_ui to None, run_after=None
[2024-02-14T09:43:46.751+0000] {processor.py:183} INFO - Processing /home/airflow/.local/lib/python3.8/site-packages/airflow/example_dags/example_params_trigger_ui.py took 0.102 seconds
[2024-02-14T09:46:34.081+0000] {processor.py:161} INFO - Started process (PID=32) to work on /home/airflow/.local/lib/python3.8/site-packages/airflow/example_dags/example_params_trigger_ui.py
[2024-02-14T09:46:34.107+0000] {processor.py:830} INFO - Processing file /home/airflow/.local/lib/python3.8/site-packages/airflow/example_dags/example_params_trigger_ui.py for tasks to queue
[2024-02-14T09:46:34.114+0000] {logging_mixin.py:188} INFO - [2024-02-14T09:46:34.113+0000] {dagbag.py:538} INFO - Filling up the DagBag from /home/airflow/.local/lib/python3.8/site-packages/airflow/example_dags/example_params_trigger_ui.py
[2024-02-14T09:46:34.169+0000] {processor.py:840} INFO - DAG(s) 'example_params_trigger_ui' retrieved from /home/airflow/.local/lib/python3.8/site-packages/airflow/example_dags/example_params_trigger_ui.py
[2024-02-14T09:46:34.458+0000] {logging_mixin.py:188} INFO - [2024-02-14T09:46:34.457+0000] {override.py:1769} INFO - Created Permission View: can edit on DAG:example_params_trigger_ui
[2024-02-14T09:46:34.469+0000] {logging_mixin.py:188} INFO - [2024-02-14T09:46:34.469+0000] {override.py:1769} INFO - Created Permission View: can read on DAG:example_params_trigger_ui
[2024-02-14T09:46:34.476+0000] {logging_mixin.py:188} INFO - [2024-02-14T09:46:34.476+0000] {override.py:1769} INFO - Created Permission View: can delete on DAG:example_params_trigger_ui
[2024-02-14T09:46:34.478+0000] {logging_mixin.py:188} INFO - [2024-02-14T09:46:34.478+0000] {dag.py:3036} INFO - Sync 1 DAGs
[2024-02-14T09:46:34.487+0000] {logging_mixin.py:188} INFO - [2024-02-14T09:46:34.487+0000] {dag.py:3058} INFO - Creating ORM DAG for example_params_trigger_ui
[2024-02-14T09:46:34.492+0000] {logging_mixin.py:188} INFO - [2024-02-14T09:46:34.492+0000] {dag.py:3823} INFO - Setting next_dagrun for example_params_trigger_ui to None, run_after=None
[2024-02-14T09:46:34.513+0000] {processor.py:183} INFO - Processing /home/airflow/.local/lib/python3.8/site-packages/airflow/example_dags/example_params_trigger_ui.py took 0.449 seconds
[2024-02-14T09:47:04.836+0000] {processor.py:161} INFO - Started process (PID=87) to work on /home/airflow/.local/lib/python3.8/site-packages/airflow/example_dags/example_params_trigger_ui.py
[2024-02-14T09:47:04.840+0000] {processor.py:830} INFO - Processing file /home/airflow/.local/lib/python3.8/site-packages/airflow/example_dags/example_params_trigger_ui.py for tasks to queue
[2024-02-14T09:47:04.845+0000] {logging_mixin.py:188} INFO - [2024-02-14T09:47:04.844+0000] {dagbag.py:538} INFO - Filling up the DagBag from /home/airflow/.local/lib/python3.8/site-packages/airflow/example_dags/example_params_trigger_ui.py
[2024-02-14T09:47:04.859+0000] {processor.py:840} INFO - DAG(s) 'example_params_trigger_ui' retrieved from /home/airflow/.local/lib/python3.8/site-packages/airflow/example_dags/example_params_trigger_ui.py
[2024-02-14T09:47:04.893+0000] {logging_mixin.py:188} INFO - [2024-02-14T09:47:04.893+0000] {dag.py:3036} INFO - Sync 1 DAGs
[2024-02-14T09:47:04.902+0000] {logging_mixin.py:188} INFO - [2024-02-14T09:47:04.902+0000] {dag.py:3823} INFO - Setting next_dagrun for example_params_trigger_ui to None, run_after=None
[2024-02-14T09:47:04.925+0000] {processor.py:183} INFO - Processing /home/airflow/.local/lib/python3.8/site-packages/airflow/example_dags/example_params_trigger_ui.py took 0.092 seconds
[2024-02-14T09:47:35.422+0000] {processor.py:161} INFO - Started process (PID=145) to work on /home/airflow/.local/lib/python3.8/site-packages/airflow/example_dags/example_params_trigger_ui.py
[2024-02-14T09:47:35.424+0000] {processor.py:830} INFO - Processing file /home/airflow/.local/lib/python3.8/site-packages/airflow/example_dags/example_params_trigger_ui.py for tasks to queue
[2024-02-14T09:47:35.427+0000] {logging_mixin.py:188} INFO - [2024-02-14T09:47:35.427+0000] {dagbag.py:538} INFO - Filling up the DagBag from /home/airflow/.local/lib/python3.8/site-packages/airflow/example_dags/example_params_trigger_ui.py
[2024-02-14T09:47:35.443+0000] {processor.py:840} INFO - DAG(s) 'example_params_trigger_ui' retrieved from /home/airflow/.local/lib/python3.8/site-packages/airflow/example_dags/example_params_trigger_ui.py
[2024-02-14T09:47:35.552+0000] {logging_mixin.py:188} INFO - [2024-02-14T09:47:35.552+0000] {dag.py:3036} INFO - Sync 1 DAGs
[2024-02-14T09:47:35.564+0000] {logging_mixin.py:188} INFO - [2024-02-14T09:47:35.563+0000] {dag.py:3823} INFO - Setting next_dagrun for example_params_trigger_ui to None, run_after=None
[2024-02-14T09:47:35.585+0000] {processor.py:183} INFO - Processing /home/airflow/.local/lib/python3.8/site-packages/airflow/example_dags/example_params_trigger_ui.py took 0.168 seconds
[2024-02-14T09:48:05.992+0000] {processor.py:161} INFO - Started process (PID=203) to work on /home/airflow/.local/lib/python3.8/site-packages/airflow/example_dags/example_params_trigger_ui.py
[2024-02-14T09:48:05.995+0000] {processor.py:830} INFO - Processing file /home/airflow/.local/lib/python3.8/site-packages/airflow/example_dags/example_params_trigger_ui.py for tasks to queue
[2024-02-14T09:48:06.000+0000] {logging_mixin.py:188} INFO - [2024-02-14T09:48:06.000+0000] {dagbag.py:538} INFO - Filling up the DagBag from /home/airflow/.local/lib/python3.8/site-packages/airflow/example_dags/example_params_trigger_ui.py
[2024-02-14T09:48:06.040+0000] {processor.py:840} INFO - DAG(s) 'example_params_trigger_ui' retrieved from /home/airflow/.local/lib/python3.8/site-packages/airflow/example_dags/example_params_trigger_ui.py
[2024-02-14T09:48:06.093+0000] {logging_mixin.py:188} INFO - [2024-02-14T09:48:06.093+0000] {dag.py:3036} INFO - Sync 1 DAGs
[2024-02-14T09:48:06.111+0000] {logging_mixin.py:188} INFO - [2024-02-14T09:48:06.110+0000] {dag.py:3823} INFO - Setting next_dagrun for example_params_trigger_ui to None, run_after=None
[2024-02-14T09:48:06.132+0000] {processor.py:183} INFO - Processing /home/airflow/.local/lib/python3.8/site-packages/airflow/example_dags/example_params_trigger_ui.py took 0.145 seconds
[2024-02-14T09:48:36.223+0000] {processor.py:161} INFO - Started process (PID=263) to work on /home/airflow/.local/lib/python3.8/site-packages/airflow/example_dags/example_params_trigger_ui.py
[2024-02-14T09:48:36.225+0000] {processor.py:830} INFO - Processing file /home/airflow/.local/lib/python3.8/site-packages/airflow/example_dags/example_params_trigger_ui.py for tasks to queue
[2024-02-14T09:48:36.230+0000] {logging_mixin.py:188} INFO - [2024-02-14T09:48:36.229+0000] {dagbag.py:538} INFO - Filling up the DagBag from /home/airflow/.local/lib/python3.8/site-packages/airflow/example_dags/example_params_trigger_ui.py
[2024-02-14T09:48:36.259+0000] {processor.py:840} INFO - DAG(s) 'example_params_trigger_ui' retrieved from /home/airflow/.local/lib/python3.8/site-packages/airflow/example_dags/example_params_trigger_ui.py
[2024-02-14T09:48:36.301+0000] {logging_mixin.py:188} INFO - [2024-02-14T09:48:36.301+0000] {dag.py:3036} INFO - Sync 1 DAGs
[2024-02-14T09:48:36.313+0000] {logging_mixin.py:188} INFO - [2024-02-14T09:48:36.313+0000] {dag.py:3823} INFO - Setting next_dagrun for example_params_trigger_ui to None, run_after=None
[2024-02-14T09:48:36.329+0000] {processor.py:183} INFO - Processing /home/airflow/.local/lib/python3.8/site-packages/airflow/example_dags/example_params_trigger_ui.py took 0.111 seconds
[2024-02-14T09:49:06.965+0000] {processor.py:161} INFO - Started process (PID=319) to work on /home/airflow/.local/lib/python3.8/site-packages/airflow/example_dags/example_params_trigger_ui.py
[2024-02-14T09:49:06.968+0000] {processor.py:830} INFO - Processing file /home/airflow/.local/lib/python3.8/site-packages/airflow/example_dags/example_params_trigger_ui.py for tasks to queue
[2024-02-14T09:49:06.973+0000] {logging_mixin.py:188} INFO - [2024-02-14T09:49:06.973+0000] {dagbag.py:538} INFO - Filling up the DagBag from /home/airflow/.local/lib/python3.8/site-packages/airflow/example_dags/example_params_trigger_ui.py
[2024-02-14T09:49:06.990+0000] {processor.py:840} INFO - DAG(s) 'example_params_trigger_ui' retrieved from /home/airflow/.local/lib/python3.8/site-packages/airflow/example_dags/example_params_trigger_ui.py
[2024-02-14T09:49:07.039+0000] {logging_mixin.py:188} INFO - [2024-02-14T09:49:07.039+0000] {dag.py:3036} INFO - Sync 1 DAGs
[2024-02-14T09:49:07.049+0000] {logging_mixin.py:188} INFO - [2024-02-14T09:49:07.049+0000] {dag.py:3823} INFO - Setting next_dagrun for example_params_trigger_ui to None, run_after=None
[2024-02-14T09:49:07.062+0000] {processor.py:183} INFO - Processing /home/airflow/.local/lib/python3.8/site-packages/airflow/example_dags/example_params_trigger_ui.py took 0.101 seconds
[2024-02-14T09:49:37.606+0000] {processor.py:161} INFO - Started process (PID=375) to work on /home/airflow/.local/lib/python3.8/site-packages/airflow/example_dags/example_params_trigger_ui.py
[2024-02-14T09:49:37.611+0000] {processor.py:830} INFO - Processing file /home/airflow/.local/lib/python3.8/site-packages/airflow/example_dags/example_params_trigger_ui.py for tasks to queue
[2024-02-14T09:49:37.618+0000] {logging_mixin.py:188} INFO - [2024-02-14T09:49:37.617+0000] {dagbag.py:538} INFO - Filling up the DagBag from /home/airflow/.local/lib/python3.8/site-packages/airflow/example_dags/example_params_trigger_ui.py
[2024-02-14T09:49:37.817+0000] {processor.py:840} INFO - DAG(s) 'example_params_trigger_ui' retrieved from /home/airflow/.local/lib/python3.8/site-packages/airflow/example_dags/example_params_trigger_ui.py
[2024-02-14T09:49:37.912+0000] {logging_mixin.py:188} INFO - [2024-02-14T09:49:37.911+0000] {dag.py:3036} INFO - Sync 1 DAGs
[2024-02-14T09:49:37.925+0000] {logging_mixin.py:188} INFO - [2024-02-14T09:49:37.925+0000] {dag.py:3823} INFO - Setting next_dagrun for example_params_trigger_ui to None, run_after=None
[2024-02-14T09:49:37.946+0000] {processor.py:183} INFO - Processing /home/airflow/.local/lib/python3.8/site-packages/airflow/example_dags/example_params_trigger_ui.py took 0.344 seconds
[2024-02-14T09:50:08.459+0000] {processor.py:161} INFO - Started process (PID=433) to work on /home/airflow/.local/lib/python3.8/site-packages/airflow/example_dags/example_params_trigger_ui.py
[2024-02-14T09:50:08.461+0000] {processor.py:830} INFO - Processing file /home/airflow/.local/lib/python3.8/site-packages/airflow/example_dags/example_params_trigger_ui.py for tasks to queue
[2024-02-14T09:50:08.464+0000] {logging_mixin.py:188} INFO - [2024-02-14T09:50:08.464+0000] {dagbag.py:538} INFO - Filling up the DagBag from /home/airflow/.local/lib/python3.8/site-packages/airflow/example_dags/example_params_trigger_ui.py
[2024-02-14T09:50:08.491+0000] {processor.py:840} INFO - DAG(s) 'example_params_trigger_ui' retrieved from /home/airflow/.local/lib/python3.8/site-packages/airflow/example_dags/example_params_trigger_ui.py
[2024-02-14T09:50:08.534+0000] {logging_mixin.py:188} INFO - [2024-02-14T09:50:08.533+0000] {dag.py:3036} INFO - Sync 1 DAGs
[2024-02-14T09:50:08.543+0000] {logging_mixin.py:188} INFO - [2024-02-14T09:50:08.543+0000] {dag.py:3823} INFO - Setting next_dagrun for example_params_trigger_ui to None, run_after=None
[2024-02-14T09:50:08.557+0000] {processor.py:183} INFO - Processing /home/airflow/.local/lib/python3.8/site-packages/airflow/example_dags/example_params_trigger_ui.py took 0.105 seconds
[2024-02-14T09:50:38.979+0000] {processor.py:161} INFO - Started process (PID=489) to work on /home/airflow/.local/lib/python3.8/site-packages/airflow/example_dags/example_params_trigger_ui.py
[2024-02-14T09:50:38.981+0000] {processor.py:830} INFO - Processing file /home/airflow/.local/lib/python3.8/site-packages/airflow/example_dags/example_params_trigger_ui.py for tasks to queue
[2024-02-14T09:50:38.983+0000] {logging_mixin.py:188} INFO - [2024-02-14T09:50:38.983+0000] {dagbag.py:538} INFO - Filling up the DagBag from /home/airflow/.local/lib/python3.8/site-packages/airflow/example_dags/example_params_trigger_ui.py
[2024-02-14T09:50:38.997+0000] {processor.py:840} INFO - DAG(s) 'example_params_trigger_ui' retrieved from /home/airflow/.local/lib/python3.8/site-packages/airflow/example_dags/example_params_trigger_ui.py
[2024-02-14T09:50:39.031+0000] {logging_mixin.py:188} INFO - [2024-02-14T09:50:39.031+0000] {dag.py:3036} INFO - Sync 1 DAGs
[2024-02-14T09:50:39.043+0000] {logging_mixin.py:188} INFO - [2024-02-14T09:50:39.043+0000] {dag.py:3823} INFO - Setting next_dagrun for example_params_trigger_ui to None, run_after=None
[2024-02-14T09:50:39.058+0000] {processor.py:183} INFO - Processing /home/airflow/.local/lib/python3.8/site-packages/airflow/example_dags/example_params_trigger_ui.py took 0.084 seconds
[2024-02-14T09:51:09.252+0000] {processor.py:161} INFO - Started process (PID=545) to work on /home/airflow/.local/lib/python3.8/site-packages/airflow/example_dags/example_params_trigger_ui.py
[2024-02-14T09:51:09.254+0000] {processor.py:830} INFO - Processing file /home/airflow/.local/lib/python3.8/site-packages/airflow/example_dags/example_params_trigger_ui.py for tasks to queue
[2024-02-14T09:51:09.257+0000] {logging_mixin.py:188} INFO - [2024-02-14T09:51:09.257+0000] {dagbag.py:538} INFO - Filling up the DagBag from /home/airflow/.local/lib/python3.8/site-packages/airflow/example_dags/example_params_trigger_ui.py
[2024-02-14T09:51:09.269+0000] {processor.py:840} INFO - DAG(s) 'example_params_trigger_ui' retrieved from /home/airflow/.local/lib/python3.8/site-packages/airflow/example_dags/example_params_trigger_ui.py
[2024-02-14T09:51:09.296+0000] {logging_mixin.py:188} INFO - [2024-02-14T09:51:09.296+0000] {dag.py:3036} INFO - Sync 1 DAGs
[2024-02-14T09:51:09.304+0000] {logging_mixin.py:188} INFO - [2024-02-14T09:51:09.304+0000] {dag.py:3823} INFO - Setting next_dagrun for example_params_trigger_ui to None, run_after=None
[2024-02-14T09:51:09.315+0000] {processor.py:183} INFO - Processing /home/airflow/.local/lib/python3.8/site-packages/airflow/example_dags/example_params_trigger_ui.py took 0.067 seconds
[2024-02-14T09:51:39.666+0000] {processor.py:161} INFO - Started process (PID=603) to work on /home/airflow/.local/lib/python3.8/site-packages/airflow/example_dags/example_params_trigger_ui.py
[2024-02-14T09:51:39.668+0000] {processor.py:830} INFO - Processing file /home/airflow/.local/lib/python3.8/site-packages/airflow/example_dags/example_params_trigger_ui.py for tasks to queue
[2024-02-14T09:51:39.670+0000] {logging_mixin.py:188} INFO - [2024-02-14T09:51:39.670+0000] {dagbag.py:538} INFO - Filling up the DagBag from /home/airflow/.local/lib/python3.8/site-packages/airflow/example_dags/example_params_trigger_ui.py
[2024-02-14T09:51:39.680+0000] {processor.py:840} INFO - DAG(s) 'example_params_trigger_ui' retrieved from /home/airflow/.local/lib/python3.8/site-packages/airflow/example_dags/example_params_trigger_ui.py
[2024-02-14T09:51:39.710+0000] {logging_mixin.py:188} INFO - [2024-02-14T09:51:39.710+0000] {dag.py:3036} INFO - Sync 1 DAGs
[2024-02-14T09:51:39.719+0000] {logging_mixin.py:188} INFO - [2024-02-14T09:51:39.719+0000] {dag.py:3823} INFO - Setting next_dagrun for example_params_trigger_ui to None, run_after=None
[2024-02-14T09:51:39.734+0000] {processor.py:183} INFO - Processing /home/airflow/.local/lib/python3.8/site-packages/airflow/example_dags/example_params_trigger_ui.py took 0.071 seconds
[2024-02-14T09:52:10.270+0000] {processor.py:161} INFO - Started process (PID=660) to work on /home/airflow/.local/lib/python3.8/site-packages/airflow/example_dags/example_params_trigger_ui.py
[2024-02-14T09:52:10.273+0000] {processor.py:830} INFO - Processing file /home/airflow/.local/lib/python3.8/site-packages/airflow/example_dags/example_params_trigger_ui.py for tasks to queue
[2024-02-14T09:52:10.276+0000] {logging_mixin.py:188} INFO - [2024-02-14T09:52:10.275+0000] {dagbag.py:538} INFO - Filling up the DagBag from /home/airflow/.local/lib/python3.8/site-packages/airflow/example_dags/example_params_trigger_ui.py
[2024-02-14T09:52:10.314+0000] {processor.py:840} INFO - DAG(s) 'example_params_trigger_ui' retrieved from /home/airflow/.local/lib/python3.8/site-packages/airflow/example_dags/example_params_trigger_ui.py
[2024-02-14T09:52:10.366+0000] {logging_mixin.py:188} INFO - [2024-02-14T09:52:10.366+0000] {dag.py:3036} INFO - Sync 1 DAGs
[2024-02-14T09:52:10.395+0000] {logging_mixin.py:188} INFO - [2024-02-14T09:52:10.386+0000] {dag.py:3823} INFO - Setting next_dagrun for example_params_trigger_ui to None, run_after=None
[2024-02-14T09:52:10.418+0000] {processor.py:183} INFO - Processing /home/airflow/.local/lib/python3.8/site-packages/airflow/example_dags/example_params_trigger_ui.py took 0.152 seconds
[2024-02-14T09:52:40.717+0000] {processor.py:161} INFO - Started process (PID=716) to work on /home/airflow/.local/lib/python3.8/site-packages/airflow/example_dags/example_params_trigger_ui.py
[2024-02-14T09:52:40.720+0000] {processor.py:830} INFO - Processing file /home/airflow/.local/lib/python3.8/site-packages/airflow/example_dags/example_params_trigger_ui.py for tasks to queue
[2024-02-14T09:52:40.723+0000] {logging_mixin.py:188} INFO - [2024-02-14T09:52:40.722+0000] {dagbag.py:538} INFO - Filling up the DagBag from /home/airflow/.local/lib/python3.8/site-packages/airflow/example_dags/example_params_trigger_ui.py
[2024-02-14T09:52:40.739+0000] {processor.py:840} INFO - DAG(s) 'example_params_trigger_ui' retrieved from /home/airflow/.local/lib/python3.8/site-packages/airflow/example_dags/example_params_trigger_ui.py
[2024-02-14T09:52:40.771+0000] {logging_mixin.py:188} INFO - [2024-02-14T09:52:40.771+0000] {dag.py:3036} INFO - Sync 1 DAGs
[2024-02-14T09:52:40.780+0000] {logging_mixin.py:188} INFO - [2024-02-14T09:52:40.780+0000] {dag.py:3823} INFO - Setting next_dagrun for example_params_trigger_ui to None, run_after=None
[2024-02-14T09:52:40.793+0000] {processor.py:183} INFO - Processing /home/airflow/.local/lib/python3.8/site-packages/airflow/example_dags/example_params_trigger_ui.py took 0.079 seconds
[2024-02-14T09:53:36.438+0000] {processor.py:161} INFO - Started process (PID=37) to work on /home/airflow/.local/lib/python3.8/site-packages/airflow/example_dags/example_params_trigger_ui.py
[2024-02-14T09:53:36.442+0000] {processor.py:830} INFO - Processing file /home/airflow/.local/lib/python3.8/site-packages/airflow/example_dags/example_params_trigger_ui.py for tasks to queue
[2024-02-14T09:53:36.444+0000] {logging_mixin.py:188} INFO - [2024-02-14T09:53:36.444+0000] {dagbag.py:538} INFO - Filling up the DagBag from /home/airflow/.local/lib/python3.8/site-packages/airflow/example_dags/example_params_trigger_ui.py
[2024-02-14T09:53:36.459+0000] {processor.py:840} INFO - DAG(s) 'example_params_trigger_ui' retrieved from /home/airflow/.local/lib/python3.8/site-packages/airflow/example_dags/example_params_trigger_ui.py
[2024-02-14T09:53:36.476+0000] {logging_mixin.py:188} INFO - [2024-02-14T09:53:36.475+0000] {dag.py:3036} INFO - Sync 1 DAGs
[2024-02-14T09:53:36.500+0000] {logging_mixin.py:188} INFO - [2024-02-14T09:53:36.499+0000] {dag.py:3823} INFO - Setting next_dagrun for example_params_trigger_ui to None, run_after=None
[2024-02-14T09:53:36.525+0000] {processor.py:183} INFO - Processing /home/airflow/.local/lib/python3.8/site-packages/airflow/example_dags/example_params_trigger_ui.py took 0.090 seconds
[2024-02-14T09:54:07.065+0000] {processor.py:161} INFO - Started process (PID=93) to work on /home/airflow/.local/lib/python3.8/site-packages/airflow/example_dags/example_params_trigger_ui.py
[2024-02-14T09:54:07.067+0000] {processor.py:830} INFO - Processing file /home/airflow/.local/lib/python3.8/site-packages/airflow/example_dags/example_params_trigger_ui.py for tasks to queue
[2024-02-14T09:54:07.070+0000] {logging_mixin.py:188} INFO - [2024-02-14T09:54:07.069+0000] {dagbag.py:538} INFO - Filling up the DagBag from /home/airflow/.local/lib/python3.8/site-packages/airflow/example_dags/example_params_trigger_ui.py
[2024-02-14T09:54:07.087+0000] {processor.py:840} INFO - DAG(s) 'example_params_trigger_ui' retrieved from /home/airflow/.local/lib/python3.8/site-packages/airflow/example_dags/example_params_trigger_ui.py
[2024-02-14T09:54:07.187+0000] {logging_mixin.py:188} INFO - [2024-02-14T09:54:07.187+0000] {dag.py:3036} INFO - Sync 1 DAGs
[2024-02-14T09:54:07.198+0000] {logging_mixin.py:188} INFO - [2024-02-14T09:54:07.197+0000] {dag.py:3823} INFO - Setting next_dagrun for example_params_trigger_ui to None, run_after=None
[2024-02-14T09:54:07.215+0000] {processor.py:183} INFO - Processing /home/airflow/.local/lib/python3.8/site-packages/airflow/example_dags/example_params_trigger_ui.py took 0.153 seconds
[2024-02-14T09:54:37.336+0000] {processor.py:161} INFO - Started process (PID=150) to work on /home/airflow/.local/lib/python3.8/site-packages/airflow/example_dags/example_params_trigger_ui.py
[2024-02-14T09:54:37.340+0000] {processor.py:830} INFO - Processing file /home/airflow/.local/lib/python3.8/site-packages/airflow/example_dags/example_params_trigger_ui.py for tasks to queue
[2024-02-14T09:54:37.342+0000] {logging_mixin.py:188} INFO - [2024-02-14T09:54:37.342+0000] {dagbag.py:538} INFO - Filling up the DagBag from /home/airflow/.local/lib/python3.8/site-packages/airflow/example_dags/example_params_trigger_ui.py
[2024-02-14T09:54:37.354+0000] {processor.py:840} INFO - DAG(s) 'example_params_trigger_ui' retrieved from /home/airflow/.local/lib/python3.8/site-packages/airflow/example_dags/example_params_trigger_ui.py
[2024-02-14T09:54:37.386+0000] {logging_mixin.py:188} INFO - [2024-02-14T09:54:37.386+0000] {dag.py:3036} INFO - Sync 1 DAGs
[2024-02-14T09:54:37.397+0000] {logging_mixin.py:188} INFO - [2024-02-14T09:54:37.396+0000] {dag.py:3823} INFO - Setting next_dagrun for example_params_trigger_ui to None, run_after=None
[2024-02-14T09:54:37.410+0000] {processor.py:183} INFO - Processing /home/airflow/.local/lib/python3.8/site-packages/airflow/example_dags/example_params_trigger_ui.py took 0.077 seconds
[2024-02-14T09:55:47.848+0000] {processor.py:161} INFO - Started process (PID=34) to work on /home/airflow/.local/lib/python3.8/site-packages/airflow/example_dags/example_params_trigger_ui.py
[2024-02-14T09:55:47.852+0000] {processor.py:830} INFO - Processing file /home/airflow/.local/lib/python3.8/site-packages/airflow/example_dags/example_params_trigger_ui.py for tasks to queue
[2024-02-14T09:55:47.861+0000] {logging_mixin.py:188} INFO - [2024-02-14T09:55:47.860+0000] {dagbag.py:538} INFO - Filling up the DagBag from /home/airflow/.local/lib/python3.8/site-packages/airflow/example_dags/example_params_trigger_ui.py
[2024-02-14T09:55:47.896+0000] {processor.py:840} INFO - DAG(s) 'example_params_trigger_ui' retrieved from /home/airflow/.local/lib/python3.8/site-packages/airflow/example_dags/example_params_trigger_ui.py
[2024-02-14T09:55:47.909+0000] {logging_mixin.py:188} INFO - [2024-02-14T09:55:47.909+0000] {dag.py:3036} INFO - Sync 1 DAGs
[2024-02-14T09:55:47.919+0000] {logging_mixin.py:188} INFO - [2024-02-14T09:55:47.919+0000] {dag.py:3823} INFO - Setting next_dagrun for example_params_trigger_ui to None, run_after=None
[2024-02-14T09:55:47.934+0000] {processor.py:183} INFO - Processing /home/airflow/.local/lib/python3.8/site-packages/airflow/example_dags/example_params_trigger_ui.py took 0.091 seconds
[2024-02-14T09:56:18.332+0000] {processor.py:161} INFO - Started process (PID=96) to work on /home/airflow/.local/lib/python3.8/site-packages/airflow/example_dags/example_params_trigger_ui.py
[2024-02-14T09:56:18.334+0000] {processor.py:830} INFO - Processing file /home/airflow/.local/lib/python3.8/site-packages/airflow/example_dags/example_params_trigger_ui.py for tasks to queue
[2024-02-14T09:56:18.336+0000] {logging_mixin.py:188} INFO - [2024-02-14T09:56:18.336+0000] {dagbag.py:538} INFO - Filling up the DagBag from /home/airflow/.local/lib/python3.8/site-packages/airflow/example_dags/example_params_trigger_ui.py
[2024-02-14T09:56:18.346+0000] {processor.py:840} INFO - DAG(s) 'example_params_trigger_ui' retrieved from /home/airflow/.local/lib/python3.8/site-packages/airflow/example_dags/example_params_trigger_ui.py
[2024-02-14T09:56:18.418+0000] {logging_mixin.py:188} INFO - [2024-02-14T09:56:18.418+0000] {dag.py:3036} INFO - Sync 1 DAGs
[2024-02-14T09:56:18.425+0000] {logging_mixin.py:188} INFO - [2024-02-14T09:56:18.425+0000] {dag.py:3823} INFO - Setting next_dagrun for example_params_trigger_ui to None, run_after=None
[2024-02-14T09:56:18.437+0000] {processor.py:183} INFO - Processing /home/airflow/.local/lib/python3.8/site-packages/airflow/example_dags/example_params_trigger_ui.py took 0.107 seconds
[2024-02-14T09:56:48.638+0000] {processor.py:161} INFO - Started process (PID=153) to work on /home/airflow/.local/lib/python3.8/site-packages/airflow/example_dags/example_params_trigger_ui.py
[2024-02-14T09:56:48.640+0000] {processor.py:830} INFO - Processing file /home/airflow/.local/lib/python3.8/site-packages/airflow/example_dags/example_params_trigger_ui.py for tasks to queue
[2024-02-14T09:56:48.643+0000] {logging_mixin.py:188} INFO - [2024-02-14T09:56:48.642+0000] {dagbag.py:538} INFO - Filling up the DagBag from /home/airflow/.local/lib/python3.8/site-packages/airflow/example_dags/example_params_trigger_ui.py
[2024-02-14T09:56:48.653+0000] {processor.py:840} INFO - DAG(s) 'example_params_trigger_ui' retrieved from /home/airflow/.local/lib/python3.8/site-packages/airflow/example_dags/example_params_trigger_ui.py
[2024-02-14T09:56:48.681+0000] {logging_mixin.py:188} INFO - [2024-02-14T09:56:48.681+0000] {dag.py:3036} INFO - Sync 1 DAGs
[2024-02-14T09:56:48.688+0000] {logging_mixin.py:188} INFO - [2024-02-14T09:56:48.688+0000] {dag.py:3823} INFO - Setting next_dagrun for example_params_trigger_ui to None, run_after=None
[2024-02-14T09:56:48.700+0000] {processor.py:183} INFO - Processing /home/airflow/.local/lib/python3.8/site-packages/airflow/example_dags/example_params_trigger_ui.py took 0.065 seconds
[2024-02-14T09:57:19.026+0000] {processor.py:161} INFO - Started process (PID=210) to work on /home/airflow/.local/lib/python3.8/site-packages/airflow/example_dags/example_params_trigger_ui.py
[2024-02-14T09:57:19.028+0000] {processor.py:830} INFO - Processing file /home/airflow/.local/lib/python3.8/site-packages/airflow/example_dags/example_params_trigger_ui.py for tasks to queue
[2024-02-14T09:57:19.030+0000] {logging_mixin.py:188} INFO - [2024-02-14T09:57:19.030+0000] {dagbag.py:538} INFO - Filling up the DagBag from /home/airflow/.local/lib/python3.8/site-packages/airflow/example_dags/example_params_trigger_ui.py
[2024-02-14T09:57:19.039+0000] {processor.py:840} INFO - DAG(s) 'example_params_trigger_ui' retrieved from /home/airflow/.local/lib/python3.8/site-packages/airflow/example_dags/example_params_trigger_ui.py
[2024-02-14T09:57:19.065+0000] {logging_mixin.py:188} INFO - [2024-02-14T09:57:19.065+0000] {dag.py:3036} INFO - Sync 1 DAGs
[2024-02-14T09:57:19.072+0000] {logging_mixin.py:188} INFO - [2024-02-14T09:57:19.072+0000] {dag.py:3823} INFO - Setting next_dagrun for example_params_trigger_ui to None, run_after=None
[2024-02-14T09:57:19.083+0000] {processor.py:183} INFO - Processing /home/airflow/.local/lib/python3.8/site-packages/airflow/example_dags/example_params_trigger_ui.py took 0.059 seconds
[2024-02-14T09:57:49.534+0000] {processor.py:161} INFO - Started process (PID=268) to work on /home/airflow/.local/lib/python3.8/site-packages/airflow/example_dags/example_params_trigger_ui.py
[2024-02-14T09:57:49.537+0000] {processor.py:830} INFO - Processing file /home/airflow/.local/lib/python3.8/site-packages/airflow/example_dags/example_params_trigger_ui.py for tasks to queue
[2024-02-14T09:57:49.540+0000] {logging_mixin.py:188} INFO - [2024-02-14T09:57:49.539+0000] {dagbag.py:538} INFO - Filling up the DagBag from /home/airflow/.local/lib/python3.8/site-packages/airflow/example_dags/example_params_trigger_ui.py
[2024-02-14T09:57:49.549+0000] {processor.py:840} INFO - DAG(s) 'example_params_trigger_ui' retrieved from /home/airflow/.local/lib/python3.8/site-packages/airflow/example_dags/example_params_trigger_ui.py
[2024-02-14T09:57:49.578+0000] {logging_mixin.py:188} INFO - [2024-02-14T09:57:49.577+0000] {dag.py:3036} INFO - Sync 1 DAGs
[2024-02-14T09:57:49.586+0000] {logging_mixin.py:188} INFO - [2024-02-14T09:57:49.586+0000] {dag.py:3823} INFO - Setting next_dagrun for example_params_trigger_ui to None, run_after=None
[2024-02-14T09:57:49.599+0000] {processor.py:183} INFO - Processing /home/airflow/.local/lib/python3.8/site-packages/airflow/example_dags/example_params_trigger_ui.py took 0.067 seconds
[2024-02-14T09:58:20.154+0000] {processor.py:161} INFO - Started process (PID=325) to work on /home/airflow/.local/lib/python3.8/site-packages/airflow/example_dags/example_params_trigger_ui.py
[2024-02-14T09:58:20.156+0000] {processor.py:830} INFO - Processing file /home/airflow/.local/lib/python3.8/site-packages/airflow/example_dags/example_params_trigger_ui.py for tasks to queue
[2024-02-14T09:58:20.157+0000] {logging_mixin.py:188} INFO - [2024-02-14T09:58:20.157+0000] {dagbag.py:538} INFO - Filling up the DagBag from /home/airflow/.local/lib/python3.8/site-packages/airflow/example_dags/example_params_trigger_ui.py
[2024-02-14T09:58:20.166+0000] {processor.py:840} INFO - DAG(s) 'example_params_trigger_ui' retrieved from /home/airflow/.local/lib/python3.8/site-packages/airflow/example_dags/example_params_trigger_ui.py
[2024-02-14T09:58:20.193+0000] {logging_mixin.py:188} INFO - [2024-02-14T09:58:20.193+0000] {dag.py:3036} INFO - Sync 1 DAGs
[2024-02-14T09:58:20.200+0000] {logging_mixin.py:188} INFO - [2024-02-14T09:58:20.200+0000] {dag.py:3823} INFO - Setting next_dagrun for example_params_trigger_ui to None, run_after=None
[2024-02-14T09:58:20.211+0000] {processor.py:183} INFO - Processing /home/airflow/.local/lib/python3.8/site-packages/airflow/example_dags/example_params_trigger_ui.py took 0.059 seconds
[2024-02-14T09:58:50.688+0000] {processor.py:161} INFO - Started process (PID=384) to work on /home/airflow/.local/lib/python3.8/site-packages/airflow/example_dags/example_params_trigger_ui.py
[2024-02-14T09:58:50.694+0000] {processor.py:830} INFO - Processing file /home/airflow/.local/lib/python3.8/site-packages/airflow/example_dags/example_params_trigger_ui.py for tasks to queue
[2024-02-14T09:58:50.701+0000] {logging_mixin.py:188} INFO - [2024-02-14T09:58:50.700+0000] {dagbag.py:538} INFO - Filling up the DagBag from /home/airflow/.local/lib/python3.8/site-packages/airflow/example_dags/example_params_trigger_ui.py
[2024-02-14T09:58:50.731+0000] {processor.py:840} INFO - DAG(s) 'example_params_trigger_ui' retrieved from /home/airflow/.local/lib/python3.8/site-packages/airflow/example_dags/example_params_trigger_ui.py
[2024-02-14T09:58:50.788+0000] {logging_mixin.py:188} INFO - [2024-02-14T09:58:50.787+0000] {dag.py:3036} INFO - Sync 1 DAGs
[2024-02-14T09:58:50.800+0000] {logging_mixin.py:188} INFO - [2024-02-14T09:58:50.800+0000] {dag.py:3823} INFO - Setting next_dagrun for example_params_trigger_ui to None, run_after=None
[2024-02-14T09:58:50.821+0000] {processor.py:183} INFO - Processing /home/airflow/.local/lib/python3.8/site-packages/airflow/example_dags/example_params_trigger_ui.py took 0.139 seconds
[2024-02-14T09:59:21.340+0000] {processor.py:161} INFO - Started process (PID=441) to work on /home/airflow/.local/lib/python3.8/site-packages/airflow/example_dags/example_params_trigger_ui.py
[2024-02-14T09:59:21.342+0000] {processor.py:830} INFO - Processing file /home/airflow/.local/lib/python3.8/site-packages/airflow/example_dags/example_params_trigger_ui.py for tasks to queue
[2024-02-14T09:59:21.345+0000] {logging_mixin.py:188} INFO - [2024-02-14T09:59:21.344+0000] {dagbag.py:538} INFO - Filling up the DagBag from /home/airflow/.local/lib/python3.8/site-packages/airflow/example_dags/example_params_trigger_ui.py
[2024-02-14T09:59:21.355+0000] {processor.py:840} INFO - DAG(s) 'example_params_trigger_ui' retrieved from /home/airflow/.local/lib/python3.8/site-packages/airflow/example_dags/example_params_trigger_ui.py
[2024-02-14T09:59:21.381+0000] {logging_mixin.py:188} INFO - [2024-02-14T09:59:21.381+0000] {dag.py:3036} INFO - Sync 1 DAGs
[2024-02-14T09:59:21.389+0000] {logging_mixin.py:188} INFO - [2024-02-14T09:59:21.389+0000] {dag.py:3823} INFO - Setting next_dagrun for example_params_trigger_ui to None, run_after=None
[2024-02-14T09:59:21.400+0000] {processor.py:183} INFO - Processing /home/airflow/.local/lib/python3.8/site-packages/airflow/example_dags/example_params_trigger_ui.py took 0.062 seconds
[2024-02-14T09:59:52.033+0000] {processor.py:161} INFO - Started process (PID=497) to work on /home/airflow/.local/lib/python3.8/site-packages/airflow/example_dags/example_params_trigger_ui.py
[2024-02-14T09:59:52.034+0000] {processor.py:830} INFO - Processing file /home/airflow/.local/lib/python3.8/site-packages/airflow/example_dags/example_params_trigger_ui.py for tasks to queue
[2024-02-14T09:59:52.036+0000] {logging_mixin.py:188} INFO - [2024-02-14T09:59:52.036+0000] {dagbag.py:538} INFO - Filling up the DagBag from /home/airflow/.local/lib/python3.8/site-packages/airflow/example_dags/example_params_trigger_ui.py
[2024-02-14T09:59:52.047+0000] {processor.py:840} INFO - DAG(s) 'example_params_trigger_ui' retrieved from /home/airflow/.local/lib/python3.8/site-packages/airflow/example_dags/example_params_trigger_ui.py
[2024-02-14T09:59:52.077+0000] {logging_mixin.py:188} INFO - [2024-02-14T09:59:52.077+0000] {dag.py:3036} INFO - Sync 1 DAGs
[2024-02-14T09:59:52.085+0000] {logging_mixin.py:188} INFO - [2024-02-14T09:59:52.085+0000] {dag.py:3823} INFO - Setting next_dagrun for example_params_trigger_ui to None, run_after=None
[2024-02-14T09:59:52.104+0000] {processor.py:183} INFO - Processing /home/airflow/.local/lib/python3.8/site-packages/airflow/example_dags/example_params_trigger_ui.py took 0.074 seconds
[2024-02-14T10:00:22.214+0000] {processor.py:161} INFO - Started process (PID=554) to work on /home/airflow/.local/lib/python3.8/site-packages/airflow/example_dags/example_params_trigger_ui.py
[2024-02-14T10:00:22.216+0000] {processor.py:830} INFO - Processing file /home/airflow/.local/lib/python3.8/site-packages/airflow/example_dags/example_params_trigger_ui.py for tasks to queue
[2024-02-14T10:00:22.218+0000] {logging_mixin.py:188} INFO - [2024-02-14T10:00:22.217+0000] {dagbag.py:538} INFO - Filling up the DagBag from /home/airflow/.local/lib/python3.8/site-packages/airflow/example_dags/example_params_trigger_ui.py
[2024-02-14T10:00:22.231+0000] {processor.py:840} INFO - DAG(s) 'example_params_trigger_ui' retrieved from /home/airflow/.local/lib/python3.8/site-packages/airflow/example_dags/example_params_trigger_ui.py
[2024-02-14T10:00:22.273+0000] {logging_mixin.py:188} INFO - [2024-02-14T10:00:22.273+0000] {dag.py:3036} INFO - Sync 1 DAGs
[2024-02-14T10:00:22.287+0000] {logging_mixin.py:188} INFO - [2024-02-14T10:00:22.287+0000] {dag.py:3823} INFO - Setting next_dagrun for example_params_trigger_ui to None, run_after=None
[2024-02-14T10:00:22.303+0000] {processor.py:183} INFO - Processing /home/airflow/.local/lib/python3.8/site-packages/airflow/example_dags/example_params_trigger_ui.py took 0.091 seconds
[2024-02-14T10:00:53.004+0000] {processor.py:161} INFO - Started process (PID=611) to work on /home/airflow/.local/lib/python3.8/site-packages/airflow/example_dags/example_params_trigger_ui.py
[2024-02-14T10:00:53.006+0000] {processor.py:830} INFO - Processing file /home/airflow/.local/lib/python3.8/site-packages/airflow/example_dags/example_params_trigger_ui.py for tasks to queue
[2024-02-14T10:00:53.010+0000] {logging_mixin.py:188} INFO - [2024-02-14T10:00:53.010+0000] {dagbag.py:538} INFO - Filling up the DagBag from /home/airflow/.local/lib/python3.8/site-packages/airflow/example_dags/example_params_trigger_ui.py
[2024-02-14T10:00:53.024+0000] {processor.py:840} INFO - DAG(s) 'example_params_trigger_ui' retrieved from /home/airflow/.local/lib/python3.8/site-packages/airflow/example_dags/example_params_trigger_ui.py
[2024-02-14T10:00:53.060+0000] {logging_mixin.py:188} INFO - [2024-02-14T10:00:53.060+0000] {dag.py:3036} INFO - Sync 1 DAGs
[2024-02-14T10:00:53.071+0000] {logging_mixin.py:188} INFO - [2024-02-14T10:00:53.071+0000] {dag.py:3823} INFO - Setting next_dagrun for example_params_trigger_ui to None, run_after=None
[2024-02-14T10:00:53.091+0000] {processor.py:183} INFO - Processing /home/airflow/.local/lib/python3.8/site-packages/airflow/example_dags/example_params_trigger_ui.py took 0.091 seconds
[2024-02-14T10:01:23.566+0000] {processor.py:161} INFO - Started process (PID=667) to work on /home/airflow/.local/lib/python3.8/site-packages/airflow/example_dags/example_params_trigger_ui.py
[2024-02-14T10:01:23.568+0000] {processor.py:830} INFO - Processing file /home/airflow/.local/lib/python3.8/site-packages/airflow/example_dags/example_params_trigger_ui.py for tasks to queue
[2024-02-14T10:01:23.571+0000] {logging_mixin.py:188} INFO - [2024-02-14T10:01:23.571+0000] {dagbag.py:538} INFO - Filling up the DagBag from /home/airflow/.local/lib/python3.8/site-packages/airflow/example_dags/example_params_trigger_ui.py
[2024-02-14T10:01:23.601+0000] {processor.py:840} INFO - DAG(s) 'example_params_trigger_ui' retrieved from /home/airflow/.local/lib/python3.8/site-packages/airflow/example_dags/example_params_trigger_ui.py
[2024-02-14T10:01:23.643+0000] {logging_mixin.py:188} INFO - [2024-02-14T10:01:23.643+0000] {dag.py:3036} INFO - Sync 1 DAGs
[2024-02-14T10:01:23.653+0000] {logging_mixin.py:188} INFO - [2024-02-14T10:01:23.653+0000] {dag.py:3823} INFO - Setting next_dagrun for example_params_trigger_ui to None, run_after=None
[2024-02-14T10:01:23.665+0000] {processor.py:183} INFO - Processing /home/airflow/.local/lib/python3.8/site-packages/airflow/example_dags/example_params_trigger_ui.py took 0.104 seconds
[2024-02-14T10:01:53.906+0000] {processor.py:161} INFO - Started process (PID=724) to work on /home/airflow/.local/lib/python3.8/site-packages/airflow/example_dags/example_params_trigger_ui.py
[2024-02-14T10:01:53.908+0000] {processor.py:830} INFO - Processing file /home/airflow/.local/lib/python3.8/site-packages/airflow/example_dags/example_params_trigger_ui.py for tasks to queue
[2024-02-14T10:01:53.910+0000] {logging_mixin.py:188} INFO - [2024-02-14T10:01:53.910+0000] {dagbag.py:538} INFO - Filling up the DagBag from /home/airflow/.local/lib/python3.8/site-packages/airflow/example_dags/example_params_trigger_ui.py
[2024-02-14T10:01:53.923+0000] {processor.py:840} INFO - DAG(s) 'example_params_trigger_ui' retrieved from /home/airflow/.local/lib/python3.8/site-packages/airflow/example_dags/example_params_trigger_ui.py
[2024-02-14T10:01:53.952+0000] {logging_mixin.py:188} INFO - [2024-02-14T10:01:53.952+0000] {dag.py:3036} INFO - Sync 1 DAGs
[2024-02-14T10:01:53.959+0000] {logging_mixin.py:188} INFO - [2024-02-14T10:01:53.959+0000] {dag.py:3823} INFO - Setting next_dagrun for example_params_trigger_ui to None, run_after=None
[2024-02-14T10:01:53.973+0000] {processor.py:183} INFO - Processing /home/airflow/.local/lib/python3.8/site-packages/airflow/example_dags/example_params_trigger_ui.py took 0.069 seconds
[2024-02-14T10:02:24.739+0000] {processor.py:161} INFO - Started process (PID=781) to work on /home/airflow/.local/lib/python3.8/site-packages/airflow/example_dags/example_params_trigger_ui.py
[2024-02-14T10:02:24.747+0000] {processor.py:830} INFO - Processing file /home/airflow/.local/lib/python3.8/site-packages/airflow/example_dags/example_params_trigger_ui.py for tasks to queue
[2024-02-14T10:02:24.759+0000] {logging_mixin.py:188} INFO - [2024-02-14T10:02:24.756+0000] {dagbag.py:538} INFO - Filling up the DagBag from /home/airflow/.local/lib/python3.8/site-packages/airflow/example_dags/example_params_trigger_ui.py
[2024-02-14T10:02:24.783+0000] {processor.py:840} INFO - DAG(s) 'example_params_trigger_ui' retrieved from /home/airflow/.local/lib/python3.8/site-packages/airflow/example_dags/example_params_trigger_ui.py
[2024-02-14T10:02:24.860+0000] {logging_mixin.py:188} INFO - [2024-02-14T10:02:24.860+0000] {dag.py:3036} INFO - Sync 1 DAGs
[2024-02-14T10:02:24.898+0000] {logging_mixin.py:188} INFO - [2024-02-14T10:02:24.898+0000] {dag.py:3823} INFO - Setting next_dagrun for example_params_trigger_ui to None, run_after=None
[2024-02-14T10:02:24.935+0000] {processor.py:183} INFO - Processing /home/airflow/.local/lib/python3.8/site-packages/airflow/example_dags/example_params_trigger_ui.py took 0.201 seconds
[2024-02-14T10:02:55.311+0000] {processor.py:161} INFO - Started process (PID=840) to work on /home/airflow/.local/lib/python3.8/site-packages/airflow/example_dags/example_params_trigger_ui.py
[2024-02-14T10:02:55.313+0000] {processor.py:830} INFO - Processing file /home/airflow/.local/lib/python3.8/site-packages/airflow/example_dags/example_params_trigger_ui.py for tasks to queue
[2024-02-14T10:02:55.317+0000] {logging_mixin.py:188} INFO - [2024-02-14T10:02:55.317+0000] {dagbag.py:538} INFO - Filling up the DagBag from /home/airflow/.local/lib/python3.8/site-packages/airflow/example_dags/example_params_trigger_ui.py
[2024-02-14T10:02:55.330+0000] {processor.py:840} INFO - DAG(s) 'example_params_trigger_ui' retrieved from /home/airflow/.local/lib/python3.8/site-packages/airflow/example_dags/example_params_trigger_ui.py
[2024-02-14T10:02:55.361+0000] {logging_mixin.py:188} INFO - [2024-02-14T10:02:55.360+0000] {dag.py:3036} INFO - Sync 1 DAGs
[2024-02-14T10:02:55.370+0000] {logging_mixin.py:188} INFO - [2024-02-14T10:02:55.370+0000] {dag.py:3823} INFO - Setting next_dagrun for example_params_trigger_ui to None, run_after=None
[2024-02-14T10:02:55.384+0000] {processor.py:183} INFO - Processing /home/airflow/.local/lib/python3.8/site-packages/airflow/example_dags/example_params_trigger_ui.py took 0.076 seconds
