[2024-02-14T09:34:17.440+0000] {processor.py:161} INFO - Started process (PID=44) to work on /home/airflow/.local/lib/python3.8/site-packages/airflow/example_dags/example_bash_operator.py
[2024-02-14T09:34:17.445+0000] {processor.py:830} INFO - Processing file /home/airflow/.local/lib/python3.8/site-packages/airflow/example_dags/example_bash_operator.py for tasks to queue
[2024-02-14T09:34:17.449+0000] {logging_mixin.py:188} INFO - [2024-02-14T09:34:17.449+0000] {dagbag.py:538} INFO - Filling up the DagBag from /home/airflow/.local/lib/python3.8/site-packages/airflow/example_dags/example_bash_operator.py
[2024-02-14T09:34:17.469+0000] {processor.py:840} INFO - DAG(s) 'example_bash_operator' retrieved from /home/airflow/.local/lib/python3.8/site-packages/airflow/example_dags/example_bash_operator.py
[2024-02-14T09:34:17.485+0000] {logging_mixin.py:188} INFO - [2024-02-14T09:34:17.484+0000] {dag.py:3036} INFO - Sync 1 DAGs
[2024-02-14T09:34:17.508+0000] {logging_mixin.py:188} INFO - [2024-02-14T09:34:17.508+0000] {dag.py:3823} INFO - Setting next_dagrun for example_bash_operator to 2024-02-13 00:00:00+00:00, run_after=2024-02-14 00:00:00+00:00
[2024-02-14T09:34:17.528+0000] {processor.py:183} INFO - Processing /home/airflow/.local/lib/python3.8/site-packages/airflow/example_dags/example_bash_operator.py took 0.092 seconds
[2024-02-14T09:34:48.291+0000] {processor.py:161} INFO - Started process (PID=101) to work on /home/airflow/.local/lib/python3.8/site-packages/airflow/example_dags/example_bash_operator.py
[2024-02-14T09:34:48.292+0000] {processor.py:830} INFO - Processing file /home/airflow/.local/lib/python3.8/site-packages/airflow/example_dags/example_bash_operator.py for tasks to queue
[2024-02-14T09:34:48.296+0000] {logging_mixin.py:188} INFO - [2024-02-14T09:34:48.296+0000] {dagbag.py:538} INFO - Filling up the DagBag from /home/airflow/.local/lib/python3.8/site-packages/airflow/example_dags/example_bash_operator.py
[2024-02-14T09:34:48.306+0000] {processor.py:840} INFO - DAG(s) 'example_bash_operator' retrieved from /home/airflow/.local/lib/python3.8/site-packages/airflow/example_dags/example_bash_operator.py
[2024-02-14T09:34:48.380+0000] {logging_mixin.py:188} INFO - [2024-02-14T09:34:48.380+0000] {dag.py:3036} INFO - Sync 1 DAGs
[2024-02-14T09:34:48.394+0000] {logging_mixin.py:188} INFO - [2024-02-14T09:34:48.394+0000] {dag.py:3823} INFO - Setting next_dagrun for example_bash_operator to 2024-02-13 00:00:00+00:00, run_after=2024-02-14 00:00:00+00:00
[2024-02-14T09:34:48.408+0000] {processor.py:183} INFO - Processing /home/airflow/.local/lib/python3.8/site-packages/airflow/example_dags/example_bash_operator.py took 0.120 seconds
[2024-02-14T09:35:19.293+0000] {processor.py:161} INFO - Started process (PID=159) to work on /home/airflow/.local/lib/python3.8/site-packages/airflow/example_dags/example_bash_operator.py
[2024-02-14T09:35:19.295+0000] {processor.py:830} INFO - Processing file /home/airflow/.local/lib/python3.8/site-packages/airflow/example_dags/example_bash_operator.py for tasks to queue
[2024-02-14T09:35:19.296+0000] {logging_mixin.py:188} INFO - [2024-02-14T09:35:19.296+0000] {dagbag.py:538} INFO - Filling up the DagBag from /home/airflow/.local/lib/python3.8/site-packages/airflow/example_dags/example_bash_operator.py
[2024-02-14T09:35:19.304+0000] {processor.py:840} INFO - DAG(s) 'example_bash_operator' retrieved from /home/airflow/.local/lib/python3.8/site-packages/airflow/example_dags/example_bash_operator.py
[2024-02-14T09:35:19.325+0000] {logging_mixin.py:188} INFO - [2024-02-14T09:35:19.325+0000] {dag.py:3036} INFO - Sync 1 DAGs
[2024-02-14T09:35:19.340+0000] {logging_mixin.py:188} INFO - [2024-02-14T09:35:19.340+0000] {dag.py:3823} INFO - Setting next_dagrun for example_bash_operator to 2024-02-13 00:00:00+00:00, run_after=2024-02-14 00:00:00+00:00
[2024-02-14T09:35:19.350+0000] {processor.py:183} INFO - Processing /home/airflow/.local/lib/python3.8/site-packages/airflow/example_dags/example_bash_operator.py took 0.060 seconds
[2024-02-14T09:35:49.620+0000] {processor.py:161} INFO - Started process (PID=215) to work on /home/airflow/.local/lib/python3.8/site-packages/airflow/example_dags/example_bash_operator.py
[2024-02-14T09:35:49.623+0000] {processor.py:830} INFO - Processing file /home/airflow/.local/lib/python3.8/site-packages/airflow/example_dags/example_bash_operator.py for tasks to queue
[2024-02-14T09:35:49.625+0000] {logging_mixin.py:188} INFO - [2024-02-14T09:35:49.625+0000] {dagbag.py:538} INFO - Filling up the DagBag from /home/airflow/.local/lib/python3.8/site-packages/airflow/example_dags/example_bash_operator.py
[2024-02-14T09:35:49.634+0000] {processor.py:840} INFO - DAG(s) 'example_bash_operator' retrieved from /home/airflow/.local/lib/python3.8/site-packages/airflow/example_dags/example_bash_operator.py
[2024-02-14T09:35:49.655+0000] {logging_mixin.py:188} INFO - [2024-02-14T09:35:49.655+0000] {dag.py:3036} INFO - Sync 1 DAGs
[2024-02-14T09:35:49.669+0000] {logging_mixin.py:188} INFO - [2024-02-14T09:35:49.669+0000] {dag.py:3823} INFO - Setting next_dagrun for example_bash_operator to 2024-02-13 00:00:00+00:00, run_after=2024-02-14 00:00:00+00:00
[2024-02-14T09:35:49.681+0000] {processor.py:183} INFO - Processing /home/airflow/.local/lib/python3.8/site-packages/airflow/example_dags/example_bash_operator.py took 0.063 seconds
[2024-02-14T09:36:20.276+0000] {processor.py:161} INFO - Started process (PID=270) to work on /home/airflow/.local/lib/python3.8/site-packages/airflow/example_dags/example_bash_operator.py
[2024-02-14T09:36:20.279+0000] {processor.py:830} INFO - Processing file /home/airflow/.local/lib/python3.8/site-packages/airflow/example_dags/example_bash_operator.py for tasks to queue
[2024-02-14T09:36:20.285+0000] {logging_mixin.py:188} INFO - [2024-02-14T09:36:20.285+0000] {dagbag.py:538} INFO - Filling up the DagBag from /home/airflow/.local/lib/python3.8/site-packages/airflow/example_dags/example_bash_operator.py
[2024-02-14T09:36:20.298+0000] {processor.py:840} INFO - DAG(s) 'example_bash_operator' retrieved from /home/airflow/.local/lib/python3.8/site-packages/airflow/example_dags/example_bash_operator.py
[2024-02-14T09:36:20.329+0000] {logging_mixin.py:188} INFO - [2024-02-14T09:36:20.329+0000] {dag.py:3036} INFO - Sync 1 DAGs
[2024-02-14T09:36:20.354+0000] {logging_mixin.py:188} INFO - [2024-02-14T09:36:20.354+0000] {dag.py:3823} INFO - Setting next_dagrun for example_bash_operator to 2024-02-13 00:00:00+00:00, run_after=2024-02-14 00:00:00+00:00
[2024-02-14T09:36:20.370+0000] {processor.py:183} INFO - Processing /home/airflow/.local/lib/python3.8/site-packages/airflow/example_dags/example_bash_operator.py took 0.096 seconds
[2024-02-14T09:36:50.546+0000] {processor.py:161} INFO - Started process (PID=326) to work on /home/airflow/.local/lib/python3.8/site-packages/airflow/example_dags/example_bash_operator.py
[2024-02-14T09:36:50.548+0000] {processor.py:830} INFO - Processing file /home/airflow/.local/lib/python3.8/site-packages/airflow/example_dags/example_bash_operator.py for tasks to queue
[2024-02-14T09:36:50.550+0000] {logging_mixin.py:188} INFO - [2024-02-14T09:36:50.549+0000] {dagbag.py:538} INFO - Filling up the DagBag from /home/airflow/.local/lib/python3.8/site-packages/airflow/example_dags/example_bash_operator.py
[2024-02-14T09:36:50.557+0000] {processor.py:840} INFO - DAG(s) 'example_bash_operator' retrieved from /home/airflow/.local/lib/python3.8/site-packages/airflow/example_dags/example_bash_operator.py
[2024-02-14T09:36:50.578+0000] {logging_mixin.py:188} INFO - [2024-02-14T09:36:50.577+0000] {dag.py:3036} INFO - Sync 1 DAGs
[2024-02-14T09:36:50.590+0000] {logging_mixin.py:188} INFO - [2024-02-14T09:36:50.590+0000] {dag.py:3823} INFO - Setting next_dagrun for example_bash_operator to 2024-02-13 00:00:00+00:00, run_after=2024-02-14 00:00:00+00:00
[2024-02-14T09:36:50.602+0000] {processor.py:183} INFO - Processing /home/airflow/.local/lib/python3.8/site-packages/airflow/example_dags/example_bash_operator.py took 0.058 seconds
[2024-02-14T09:37:21.145+0000] {processor.py:161} INFO - Started process (PID=385) to work on /home/airflow/.local/lib/python3.8/site-packages/airflow/example_dags/example_bash_operator.py
[2024-02-14T09:37:21.147+0000] {processor.py:830} INFO - Processing file /home/airflow/.local/lib/python3.8/site-packages/airflow/example_dags/example_bash_operator.py for tasks to queue
[2024-02-14T09:37:21.149+0000] {logging_mixin.py:188} INFO - [2024-02-14T09:37:21.149+0000] {dagbag.py:538} INFO - Filling up the DagBag from /home/airflow/.local/lib/python3.8/site-packages/airflow/example_dags/example_bash_operator.py
[2024-02-14T09:37:21.156+0000] {processor.py:840} INFO - DAG(s) 'example_bash_operator' retrieved from /home/airflow/.local/lib/python3.8/site-packages/airflow/example_dags/example_bash_operator.py
[2024-02-14T09:37:21.173+0000] {logging_mixin.py:188} INFO - [2024-02-14T09:37:21.173+0000] {dag.py:3036} INFO - Sync 1 DAGs
[2024-02-14T09:37:21.185+0000] {logging_mixin.py:188} INFO - [2024-02-14T09:37:21.185+0000] {dag.py:3823} INFO - Setting next_dagrun for example_bash_operator to 2024-02-13 00:00:00+00:00, run_after=2024-02-14 00:00:00+00:00
[2024-02-14T09:37:21.195+0000] {processor.py:183} INFO - Processing /home/airflow/.local/lib/python3.8/site-packages/airflow/example_dags/example_bash_operator.py took 0.053 seconds
[2024-02-14T09:37:51.491+0000] {processor.py:161} INFO - Started process (PID=441) to work on /home/airflow/.local/lib/python3.8/site-packages/airflow/example_dags/example_bash_operator.py
[2024-02-14T09:37:51.492+0000] {processor.py:830} INFO - Processing file /home/airflow/.local/lib/python3.8/site-packages/airflow/example_dags/example_bash_operator.py for tasks to queue
[2024-02-14T09:37:51.494+0000] {logging_mixin.py:188} INFO - [2024-02-14T09:37:51.494+0000] {dagbag.py:538} INFO - Filling up the DagBag from /home/airflow/.local/lib/python3.8/site-packages/airflow/example_dags/example_bash_operator.py
[2024-02-14T09:37:51.501+0000] {processor.py:840} INFO - DAG(s) 'example_bash_operator' retrieved from /home/airflow/.local/lib/python3.8/site-packages/airflow/example_dags/example_bash_operator.py
[2024-02-14T09:37:51.519+0000] {logging_mixin.py:188} INFO - [2024-02-14T09:37:51.518+0000] {dag.py:3036} INFO - Sync 1 DAGs
[2024-02-14T09:37:51.532+0000] {logging_mixin.py:188} INFO - [2024-02-14T09:37:51.532+0000] {dag.py:3823} INFO - Setting next_dagrun for example_bash_operator to 2024-02-13 00:00:00+00:00, run_after=2024-02-14 00:00:00+00:00
[2024-02-14T09:37:51.542+0000] {processor.py:183} INFO - Processing /home/airflow/.local/lib/python3.8/site-packages/airflow/example_dags/example_bash_operator.py took 0.053 seconds
[2024-02-14T09:38:21.731+0000] {processor.py:161} INFO - Started process (PID=499) to work on /home/airflow/.local/lib/python3.8/site-packages/airflow/example_dags/example_bash_operator.py
[2024-02-14T09:38:21.733+0000] {processor.py:830} INFO - Processing file /home/airflow/.local/lib/python3.8/site-packages/airflow/example_dags/example_bash_operator.py for tasks to queue
[2024-02-14T09:38:21.735+0000] {logging_mixin.py:188} INFO - [2024-02-14T09:38:21.734+0000] {dagbag.py:538} INFO - Filling up the DagBag from /home/airflow/.local/lib/python3.8/site-packages/airflow/example_dags/example_bash_operator.py
[2024-02-14T09:38:21.742+0000] {processor.py:840} INFO - DAG(s) 'example_bash_operator' retrieved from /home/airflow/.local/lib/python3.8/site-packages/airflow/example_dags/example_bash_operator.py
[2024-02-14T09:38:21.759+0000] {logging_mixin.py:188} INFO - [2024-02-14T09:38:21.759+0000] {dag.py:3036} INFO - Sync 1 DAGs
[2024-02-14T09:38:21.772+0000] {logging_mixin.py:188} INFO - [2024-02-14T09:38:21.771+0000] {dag.py:3823} INFO - Setting next_dagrun for example_bash_operator to 2024-02-13 00:00:00+00:00, run_after=2024-02-14 00:00:00+00:00
[2024-02-14T09:38:21.782+0000] {processor.py:183} INFO - Processing /home/airflow/.local/lib/python3.8/site-packages/airflow/example_dags/example_bash_operator.py took 0.053 seconds
[2024-02-14T09:38:52.099+0000] {processor.py:161} INFO - Started process (PID=556) to work on /home/airflow/.local/lib/python3.8/site-packages/airflow/example_dags/example_bash_operator.py
[2024-02-14T09:38:52.101+0000] {processor.py:830} INFO - Processing file /home/airflow/.local/lib/python3.8/site-packages/airflow/example_dags/example_bash_operator.py for tasks to queue
[2024-02-14T09:38:52.104+0000] {logging_mixin.py:188} INFO - [2024-02-14T09:38:52.103+0000] {dagbag.py:538} INFO - Filling up the DagBag from /home/airflow/.local/lib/python3.8/site-packages/airflow/example_dags/example_bash_operator.py
[2024-02-14T09:38:52.112+0000] {processor.py:840} INFO - DAG(s) 'example_bash_operator' retrieved from /home/airflow/.local/lib/python3.8/site-packages/airflow/example_dags/example_bash_operator.py
[2024-02-14T09:38:52.130+0000] {logging_mixin.py:188} INFO - [2024-02-14T09:38:52.130+0000] {dag.py:3036} INFO - Sync 1 DAGs
[2024-02-14T09:38:52.143+0000] {logging_mixin.py:188} INFO - [2024-02-14T09:38:52.143+0000] {dag.py:3823} INFO - Setting next_dagrun for example_bash_operator to 2024-02-13 00:00:00+00:00, run_after=2024-02-14 00:00:00+00:00
[2024-02-14T09:38:52.154+0000] {processor.py:183} INFO - Processing /home/airflow/.local/lib/python3.8/site-packages/airflow/example_dags/example_bash_operator.py took 0.057 seconds
[2024-02-14T09:43:47.178+0000] {processor.py:161} INFO - Started process (PID=40) to work on /home/airflow/.local/lib/python3.8/site-packages/airflow/example_dags/example_bash_operator.py
[2024-02-14T09:43:47.192+0000] {processor.py:830} INFO - Processing file /home/airflow/.local/lib/python3.8/site-packages/airflow/example_dags/example_bash_operator.py for tasks to queue
[2024-02-14T09:43:47.203+0000] {logging_mixin.py:188} INFO - [2024-02-14T09:43:47.199+0000] {dagbag.py:538} INFO - Filling up the DagBag from /home/airflow/.local/lib/python3.8/site-packages/airflow/example_dags/example_bash_operator.py
[2024-02-14T09:43:47.269+0000] {processor.py:840} INFO - DAG(s) 'example_bash_operator' retrieved from /home/airflow/.local/lib/python3.8/site-packages/airflow/example_dags/example_bash_operator.py
[2024-02-14T09:43:47.299+0000] {logging_mixin.py:188} INFO - [2024-02-14T09:43:47.298+0000] {dag.py:3036} INFO - Sync 1 DAGs
[2024-02-14T09:43:47.326+0000] {logging_mixin.py:188} INFO - [2024-02-14T09:43:47.326+0000] {dag.py:3823} INFO - Setting next_dagrun for example_bash_operator to 2024-02-13 00:00:00+00:00, run_after=2024-02-14 00:00:00+00:00
[2024-02-14T09:43:47.384+0000] {processor.py:183} INFO - Processing /home/airflow/.local/lib/python3.8/site-packages/airflow/example_dags/example_bash_operator.py took 0.214 seconds
[2024-02-14T09:46:35.349+0000] {processor.py:161} INFO - Started process (PID=39) to work on /home/airflow/.local/lib/python3.8/site-packages/airflow/example_dags/example_bash_operator.py
[2024-02-14T09:46:35.353+0000] {processor.py:830} INFO - Processing file /home/airflow/.local/lib/python3.8/site-packages/airflow/example_dags/example_bash_operator.py for tasks to queue
[2024-02-14T09:46:35.361+0000] {logging_mixin.py:188} INFO - [2024-02-14T09:46:35.360+0000] {dagbag.py:538} INFO - Filling up the DagBag from /home/airflow/.local/lib/python3.8/site-packages/airflow/example_dags/example_bash_operator.py
[2024-02-14T09:46:35.389+0000] {processor.py:840} INFO - DAG(s) 'example_bash_operator' retrieved from /home/airflow/.local/lib/python3.8/site-packages/airflow/example_dags/example_bash_operator.py
[2024-02-14T09:46:35.561+0000] {logging_mixin.py:188} INFO - [2024-02-14T09:46:35.561+0000] {override.py:1769} INFO - Created Permission View: can edit on DAG:example_bash_operator
[2024-02-14T09:46:35.583+0000] {logging_mixin.py:188} INFO - [2024-02-14T09:46:35.582+0000] {override.py:1769} INFO - Created Permission View: can read on DAG:example_bash_operator
[2024-02-14T09:46:35.593+0000] {logging_mixin.py:188} INFO - [2024-02-14T09:46:35.593+0000] {override.py:1769} INFO - Created Permission View: can delete on DAG:example_bash_operator
[2024-02-14T09:46:35.595+0000] {logging_mixin.py:188} INFO - [2024-02-14T09:46:35.595+0000] {dag.py:3036} INFO - Sync 1 DAGs
[2024-02-14T09:46:35.612+0000] {logging_mixin.py:188} INFO - [2024-02-14T09:46:35.611+0000] {dag.py:3058} INFO - Creating ORM DAG for example_bash_operator
[2024-02-14T09:46:35.624+0000] {logging_mixin.py:188} INFO - [2024-02-14T09:46:35.624+0000] {dag.py:3823} INFO - Setting next_dagrun for example_bash_operator to 2024-02-13 00:00:00+00:00, run_after=2024-02-14 00:00:00+00:00
[2024-02-14T09:46:35.646+0000] {processor.py:183} INFO - Processing /home/airflow/.local/lib/python3.8/site-packages/airflow/example_dags/example_bash_operator.py took 0.301 seconds
[2024-02-14T09:47:06.229+0000] {processor.py:161} INFO - Started process (PID=94) to work on /home/airflow/.local/lib/python3.8/site-packages/airflow/example_dags/example_bash_operator.py
[2024-02-14T09:47:06.230+0000] {processor.py:830} INFO - Processing file /home/airflow/.local/lib/python3.8/site-packages/airflow/example_dags/example_bash_operator.py for tasks to queue
[2024-02-14T09:47:06.232+0000] {logging_mixin.py:188} INFO - [2024-02-14T09:47:06.232+0000] {dagbag.py:538} INFO - Filling up the DagBag from /home/airflow/.local/lib/python3.8/site-packages/airflow/example_dags/example_bash_operator.py
[2024-02-14T09:47:06.240+0000] {processor.py:840} INFO - DAG(s) 'example_bash_operator' retrieved from /home/airflow/.local/lib/python3.8/site-packages/airflow/example_dags/example_bash_operator.py
[2024-02-14T09:47:06.258+0000] {logging_mixin.py:188} INFO - [2024-02-14T09:47:06.258+0000] {dag.py:3036} INFO - Sync 1 DAGs
[2024-02-14T09:47:06.271+0000] {logging_mixin.py:188} INFO - [2024-02-14T09:47:06.271+0000] {dag.py:3823} INFO - Setting next_dagrun for example_bash_operator to 2024-02-13 00:00:00+00:00, run_after=2024-02-14 00:00:00+00:00
[2024-02-14T09:47:06.283+0000] {processor.py:183} INFO - Processing /home/airflow/.local/lib/python3.8/site-packages/airflow/example_dags/example_bash_operator.py took 0.056 seconds
[2024-02-14T09:47:36.856+0000] {processor.py:161} INFO - Started process (PID=152) to work on /home/airflow/.local/lib/python3.8/site-packages/airflow/example_dags/example_bash_operator.py
[2024-02-14T09:47:36.860+0000] {processor.py:830} INFO - Processing file /home/airflow/.local/lib/python3.8/site-packages/airflow/example_dags/example_bash_operator.py for tasks to queue
[2024-02-14T09:47:36.863+0000] {logging_mixin.py:188} INFO - [2024-02-14T09:47:36.863+0000] {dagbag.py:538} INFO - Filling up the DagBag from /home/airflow/.local/lib/python3.8/site-packages/airflow/example_dags/example_bash_operator.py
[2024-02-14T09:47:36.873+0000] {processor.py:840} INFO - DAG(s) 'example_bash_operator' retrieved from /home/airflow/.local/lib/python3.8/site-packages/airflow/example_dags/example_bash_operator.py
[2024-02-14T09:47:36.895+0000] {logging_mixin.py:188} INFO - [2024-02-14T09:47:36.895+0000] {dag.py:3036} INFO - Sync 1 DAGs
[2024-02-14T09:47:36.911+0000] {logging_mixin.py:188} INFO - [2024-02-14T09:47:36.910+0000] {dag.py:3823} INFO - Setting next_dagrun for example_bash_operator to 2024-02-13 00:00:00+00:00, run_after=2024-02-14 00:00:00+00:00
[2024-02-14T09:47:36.925+0000] {processor.py:183} INFO - Processing /home/airflow/.local/lib/python3.8/site-packages/airflow/example_dags/example_bash_operator.py took 0.075 seconds
[2024-02-14T09:48:07.440+0000] {processor.py:161} INFO - Started process (PID=210) to work on /home/airflow/.local/lib/python3.8/site-packages/airflow/example_dags/example_bash_operator.py
[2024-02-14T09:48:07.442+0000] {processor.py:830} INFO - Processing file /home/airflow/.local/lib/python3.8/site-packages/airflow/example_dags/example_bash_operator.py for tasks to queue
[2024-02-14T09:48:07.444+0000] {logging_mixin.py:188} INFO - [2024-02-14T09:48:07.444+0000] {dagbag.py:538} INFO - Filling up the DagBag from /home/airflow/.local/lib/python3.8/site-packages/airflow/example_dags/example_bash_operator.py
[2024-02-14T09:48:07.454+0000] {processor.py:840} INFO - DAG(s) 'example_bash_operator' retrieved from /home/airflow/.local/lib/python3.8/site-packages/airflow/example_dags/example_bash_operator.py
[2024-02-14T09:48:07.474+0000] {logging_mixin.py:188} INFO - [2024-02-14T09:48:07.473+0000] {dag.py:3036} INFO - Sync 1 DAGs
[2024-02-14T09:48:07.493+0000] {logging_mixin.py:188} INFO - [2024-02-14T09:48:07.493+0000] {dag.py:3823} INFO - Setting next_dagrun for example_bash_operator to 2024-02-13 00:00:00+00:00, run_after=2024-02-14 00:00:00+00:00
[2024-02-14T09:48:07.510+0000] {processor.py:183} INFO - Processing /home/airflow/.local/lib/python3.8/site-packages/airflow/example_dags/example_bash_operator.py took 0.072 seconds
[2024-02-14T09:48:37.610+0000] {processor.py:161} INFO - Started process (PID=270) to work on /home/airflow/.local/lib/python3.8/site-packages/airflow/example_dags/example_bash_operator.py
[2024-02-14T09:48:37.612+0000] {processor.py:830} INFO - Processing file /home/airflow/.local/lib/python3.8/site-packages/airflow/example_dags/example_bash_operator.py for tasks to queue
[2024-02-14T09:48:37.613+0000] {logging_mixin.py:188} INFO - [2024-02-14T09:48:37.613+0000] {dagbag.py:538} INFO - Filling up the DagBag from /home/airflow/.local/lib/python3.8/site-packages/airflow/example_dags/example_bash_operator.py
[2024-02-14T09:48:37.621+0000] {processor.py:840} INFO - DAG(s) 'example_bash_operator' retrieved from /home/airflow/.local/lib/python3.8/site-packages/airflow/example_dags/example_bash_operator.py
[2024-02-14T09:48:37.641+0000] {logging_mixin.py:188} INFO - [2024-02-14T09:48:37.641+0000] {dag.py:3036} INFO - Sync 1 DAGs
[2024-02-14T09:48:37.656+0000] {logging_mixin.py:188} INFO - [2024-02-14T09:48:37.656+0000] {dag.py:3823} INFO - Setting next_dagrun for example_bash_operator to 2024-02-13 00:00:00+00:00, run_after=2024-02-14 00:00:00+00:00
[2024-02-14T09:48:37.667+0000] {processor.py:183} INFO - Processing /home/airflow/.local/lib/python3.8/site-packages/airflow/example_dags/example_bash_operator.py took 0.061 seconds
[2024-02-14T09:49:08.314+0000] {processor.py:161} INFO - Started process (PID=326) to work on /home/airflow/.local/lib/python3.8/site-packages/airflow/example_dags/example_bash_operator.py
[2024-02-14T09:49:08.317+0000] {processor.py:830} INFO - Processing file /home/airflow/.local/lib/python3.8/site-packages/airflow/example_dags/example_bash_operator.py for tasks to queue
[2024-02-14T09:49:08.320+0000] {logging_mixin.py:188} INFO - [2024-02-14T09:49:08.319+0000] {dagbag.py:538} INFO - Filling up the DagBag from /home/airflow/.local/lib/python3.8/site-packages/airflow/example_dags/example_bash_operator.py
[2024-02-14T09:49:08.330+0000] {processor.py:840} INFO - DAG(s) 'example_bash_operator' retrieved from /home/airflow/.local/lib/python3.8/site-packages/airflow/example_dags/example_bash_operator.py
[2024-02-14T09:49:08.353+0000] {logging_mixin.py:188} INFO - [2024-02-14T09:49:08.353+0000] {dag.py:3036} INFO - Sync 1 DAGs
[2024-02-14T09:49:08.370+0000] {logging_mixin.py:188} INFO - [2024-02-14T09:49:08.370+0000] {dag.py:3823} INFO - Setting next_dagrun for example_bash_operator to 2024-02-13 00:00:00+00:00, run_after=2024-02-14 00:00:00+00:00
[2024-02-14T09:49:08.400+0000] {processor.py:183} INFO - Processing /home/airflow/.local/lib/python3.8/site-packages/airflow/example_dags/example_bash_operator.py took 0.089 seconds
[2024-02-14T09:49:39.279+0000] {processor.py:161} INFO - Started process (PID=382) to work on /home/airflow/.local/lib/python3.8/site-packages/airflow/example_dags/example_bash_operator.py
[2024-02-14T09:49:39.282+0000] {processor.py:830} INFO - Processing file /home/airflow/.local/lib/python3.8/site-packages/airflow/example_dags/example_bash_operator.py for tasks to queue
[2024-02-14T09:49:39.285+0000] {logging_mixin.py:188} INFO - [2024-02-14T09:49:39.285+0000] {dagbag.py:538} INFO - Filling up the DagBag from /home/airflow/.local/lib/python3.8/site-packages/airflow/example_dags/example_bash_operator.py
[2024-02-14T09:49:39.295+0000] {processor.py:840} INFO - DAG(s) 'example_bash_operator' retrieved from /home/airflow/.local/lib/python3.8/site-packages/airflow/example_dags/example_bash_operator.py
[2024-02-14T09:49:39.315+0000] {logging_mixin.py:188} INFO - [2024-02-14T09:49:39.314+0000] {dag.py:3036} INFO - Sync 1 DAGs
[2024-02-14T09:49:39.328+0000] {logging_mixin.py:188} INFO - [2024-02-14T09:49:39.328+0000] {dag.py:3823} INFO - Setting next_dagrun for example_bash_operator to 2024-02-13 00:00:00+00:00, run_after=2024-02-14 00:00:00+00:00
[2024-02-14T09:49:39.343+0000] {processor.py:183} INFO - Processing /home/airflow/.local/lib/python3.8/site-packages/airflow/example_dags/example_bash_operator.py took 0.067 seconds
[2024-02-14T09:50:09.793+0000] {processor.py:161} INFO - Started process (PID=440) to work on /home/airflow/.local/lib/python3.8/site-packages/airflow/example_dags/example_bash_operator.py
[2024-02-14T09:50:09.795+0000] {processor.py:830} INFO - Processing file /home/airflow/.local/lib/python3.8/site-packages/airflow/example_dags/example_bash_operator.py for tasks to queue
[2024-02-14T09:50:09.797+0000] {logging_mixin.py:188} INFO - [2024-02-14T09:50:09.796+0000] {dagbag.py:538} INFO - Filling up the DagBag from /home/airflow/.local/lib/python3.8/site-packages/airflow/example_dags/example_bash_operator.py
[2024-02-14T09:50:09.806+0000] {processor.py:840} INFO - DAG(s) 'example_bash_operator' retrieved from /home/airflow/.local/lib/python3.8/site-packages/airflow/example_dags/example_bash_operator.py
[2024-02-14T09:50:09.826+0000] {logging_mixin.py:188} INFO - [2024-02-14T09:50:09.826+0000] {dag.py:3036} INFO - Sync 1 DAGs
[2024-02-14T09:50:09.842+0000] {logging_mixin.py:188} INFO - [2024-02-14T09:50:09.842+0000] {dag.py:3823} INFO - Setting next_dagrun for example_bash_operator to 2024-02-13 00:00:00+00:00, run_after=2024-02-14 00:00:00+00:00
[2024-02-14T09:50:09.855+0000] {processor.py:183} INFO - Processing /home/airflow/.local/lib/python3.8/site-packages/airflow/example_dags/example_bash_operator.py took 0.064 seconds
[2024-02-14T09:50:40.307+0000] {processor.py:161} INFO - Started process (PID=496) to work on /home/airflow/.local/lib/python3.8/site-packages/airflow/example_dags/example_bash_operator.py
[2024-02-14T09:50:40.308+0000] {processor.py:830} INFO - Processing file /home/airflow/.local/lib/python3.8/site-packages/airflow/example_dags/example_bash_operator.py for tasks to queue
[2024-02-14T09:50:40.310+0000] {logging_mixin.py:188} INFO - [2024-02-14T09:50:40.310+0000] {dagbag.py:538} INFO - Filling up the DagBag from /home/airflow/.local/lib/python3.8/site-packages/airflow/example_dags/example_bash_operator.py
[2024-02-14T09:50:40.319+0000] {processor.py:840} INFO - DAG(s) 'example_bash_operator' retrieved from /home/airflow/.local/lib/python3.8/site-packages/airflow/example_dags/example_bash_operator.py
[2024-02-14T09:50:40.339+0000] {logging_mixin.py:188} INFO - [2024-02-14T09:50:40.339+0000] {dag.py:3036} INFO - Sync 1 DAGs
[2024-02-14T09:50:40.354+0000] {logging_mixin.py:188} INFO - [2024-02-14T09:50:40.354+0000] {dag.py:3823} INFO - Setting next_dagrun for example_bash_operator to 2024-02-13 00:00:00+00:00, run_after=2024-02-14 00:00:00+00:00
[2024-02-14T09:50:40.369+0000] {processor.py:183} INFO - Processing /home/airflow/.local/lib/python3.8/site-packages/airflow/example_dags/example_bash_operator.py took 0.064 seconds
[2024-02-14T09:51:10.583+0000] {processor.py:161} INFO - Started process (PID=552) to work on /home/airflow/.local/lib/python3.8/site-packages/airflow/example_dags/example_bash_operator.py
[2024-02-14T09:51:10.584+0000] {processor.py:830} INFO - Processing file /home/airflow/.local/lib/python3.8/site-packages/airflow/example_dags/example_bash_operator.py for tasks to queue
[2024-02-14T09:51:10.586+0000] {logging_mixin.py:188} INFO - [2024-02-14T09:51:10.586+0000] {dagbag.py:538} INFO - Filling up the DagBag from /home/airflow/.local/lib/python3.8/site-packages/airflow/example_dags/example_bash_operator.py
[2024-02-14T09:51:10.595+0000] {processor.py:840} INFO - DAG(s) 'example_bash_operator' retrieved from /home/airflow/.local/lib/python3.8/site-packages/airflow/example_dags/example_bash_operator.py
[2024-02-14T09:51:10.614+0000] {logging_mixin.py:188} INFO - [2024-02-14T09:51:10.614+0000] {dag.py:3036} INFO - Sync 1 DAGs
[2024-02-14T09:51:10.628+0000] {logging_mixin.py:188} INFO - [2024-02-14T09:51:10.627+0000] {dag.py:3823} INFO - Setting next_dagrun for example_bash_operator to 2024-02-13 00:00:00+00:00, run_after=2024-02-14 00:00:00+00:00
[2024-02-14T09:51:10.641+0000] {processor.py:183} INFO - Processing /home/airflow/.local/lib/python3.8/site-packages/airflow/example_dags/example_bash_operator.py took 0.060 seconds
[2024-02-14T09:51:40.954+0000] {processor.py:161} INFO - Started process (PID=610) to work on /home/airflow/.local/lib/python3.8/site-packages/airflow/example_dags/example_bash_operator.py
[2024-02-14T09:51:40.956+0000] {processor.py:830} INFO - Processing file /home/airflow/.local/lib/python3.8/site-packages/airflow/example_dags/example_bash_operator.py for tasks to queue
[2024-02-14T09:51:40.958+0000] {logging_mixin.py:188} INFO - [2024-02-14T09:51:40.958+0000] {dagbag.py:538} INFO - Filling up the DagBag from /home/airflow/.local/lib/python3.8/site-packages/airflow/example_dags/example_bash_operator.py
[2024-02-14T09:51:40.966+0000] {processor.py:840} INFO - DAG(s) 'example_bash_operator' retrieved from /home/airflow/.local/lib/python3.8/site-packages/airflow/example_dags/example_bash_operator.py
[2024-02-14T09:51:40.985+0000] {logging_mixin.py:188} INFO - [2024-02-14T09:51:40.985+0000] {dag.py:3036} INFO - Sync 1 DAGs
[2024-02-14T09:51:41.000+0000] {logging_mixin.py:188} INFO - [2024-02-14T09:51:41.000+0000] {dag.py:3823} INFO - Setting next_dagrun for example_bash_operator to 2024-02-13 00:00:00+00:00, run_after=2024-02-14 00:00:00+00:00
[2024-02-14T09:51:41.012+0000] {processor.py:183} INFO - Processing /home/airflow/.local/lib/python3.8/site-packages/airflow/example_dags/example_bash_operator.py took 0.061 seconds
[2024-02-14T09:52:11.679+0000] {processor.py:161} INFO - Started process (PID=667) to work on /home/airflow/.local/lib/python3.8/site-packages/airflow/example_dags/example_bash_operator.py
[2024-02-14T09:52:11.681+0000] {processor.py:830} INFO - Processing file /home/airflow/.local/lib/python3.8/site-packages/airflow/example_dags/example_bash_operator.py for tasks to queue
[2024-02-14T09:52:11.683+0000] {logging_mixin.py:188} INFO - [2024-02-14T09:52:11.683+0000] {dagbag.py:538} INFO - Filling up the DagBag from /home/airflow/.local/lib/python3.8/site-packages/airflow/example_dags/example_bash_operator.py
[2024-02-14T09:52:11.691+0000] {processor.py:840} INFO - DAG(s) 'example_bash_operator' retrieved from /home/airflow/.local/lib/python3.8/site-packages/airflow/example_dags/example_bash_operator.py
[2024-02-14T09:52:11.709+0000] {logging_mixin.py:188} INFO - [2024-02-14T09:52:11.709+0000] {dag.py:3036} INFO - Sync 1 DAGs
[2024-02-14T09:52:11.723+0000] {logging_mixin.py:188} INFO - [2024-02-14T09:52:11.723+0000] {dag.py:3823} INFO - Setting next_dagrun for example_bash_operator to 2024-02-13 00:00:00+00:00, run_after=2024-02-14 00:00:00+00:00
[2024-02-14T09:52:11.735+0000] {processor.py:183} INFO - Processing /home/airflow/.local/lib/python3.8/site-packages/airflow/example_dags/example_bash_operator.py took 0.058 seconds
[2024-02-14T09:52:42.339+0000] {processor.py:161} INFO - Started process (PID=723) to work on /home/airflow/.local/lib/python3.8/site-packages/airflow/example_dags/example_bash_operator.py
[2024-02-14T09:52:42.341+0000] {processor.py:830} INFO - Processing file /home/airflow/.local/lib/python3.8/site-packages/airflow/example_dags/example_bash_operator.py for tasks to queue
[2024-02-14T09:52:42.351+0000] {logging_mixin.py:188} INFO - [2024-02-14T09:52:42.350+0000] {dagbag.py:538} INFO - Filling up the DagBag from /home/airflow/.local/lib/python3.8/site-packages/airflow/example_dags/example_bash_operator.py
[2024-02-14T09:52:42.378+0000] {processor.py:840} INFO - DAG(s) 'example_bash_operator' retrieved from /home/airflow/.local/lib/python3.8/site-packages/airflow/example_dags/example_bash_operator.py
[2024-02-14T09:52:42.427+0000] {logging_mixin.py:188} INFO - [2024-02-14T09:52:42.427+0000] {dag.py:3036} INFO - Sync 1 DAGs
[2024-02-14T09:52:42.458+0000] {logging_mixin.py:188} INFO - [2024-02-14T09:52:42.457+0000] {dag.py:3823} INFO - Setting next_dagrun for example_bash_operator to 2024-02-13 00:00:00+00:00, run_after=2024-02-14 00:00:00+00:00
[2024-02-14T09:52:42.495+0000] {processor.py:183} INFO - Processing /home/airflow/.local/lib/python3.8/site-packages/airflow/example_dags/example_bash_operator.py took 0.162 seconds
[2024-02-14T09:53:36.959+0000] {processor.py:161} INFO - Started process (PID=44) to work on /home/airflow/.local/lib/python3.8/site-packages/airflow/example_dags/example_bash_operator.py
[2024-02-14T09:53:36.962+0000] {processor.py:830} INFO - Processing file /home/airflow/.local/lib/python3.8/site-packages/airflow/example_dags/example_bash_operator.py for tasks to queue
[2024-02-14T09:53:36.965+0000] {logging_mixin.py:188} INFO - [2024-02-14T09:53:36.965+0000] {dagbag.py:538} INFO - Filling up the DagBag from /home/airflow/.local/lib/python3.8/site-packages/airflow/example_dags/example_bash_operator.py
[2024-02-14T09:53:36.979+0000] {processor.py:840} INFO - DAG(s) 'example_bash_operator' retrieved from /home/airflow/.local/lib/python3.8/site-packages/airflow/example_dags/example_bash_operator.py
[2024-02-14T09:53:37.017+0000] {logging_mixin.py:188} INFO - [2024-02-14T09:53:37.017+0000] {dag.py:3036} INFO - Sync 1 DAGs
[2024-02-14T09:53:37.039+0000] {logging_mixin.py:188} INFO - [2024-02-14T09:53:37.038+0000] {dag.py:3823} INFO - Setting next_dagrun for example_bash_operator to 2024-02-13 00:00:00+00:00, run_after=2024-02-14 00:00:00+00:00
[2024-02-14T09:53:37.057+0000] {processor.py:183} INFO - Processing /home/airflow/.local/lib/python3.8/site-packages/airflow/example_dags/example_bash_operator.py took 0.103 seconds
[2024-02-14T09:54:07.579+0000] {processor.py:161} INFO - Started process (PID=100) to work on /home/airflow/.local/lib/python3.8/site-packages/airflow/example_dags/example_bash_operator.py
[2024-02-14T09:54:07.581+0000] {processor.py:830} INFO - Processing file /home/airflow/.local/lib/python3.8/site-packages/airflow/example_dags/example_bash_operator.py for tasks to queue
[2024-02-14T09:54:07.583+0000] {logging_mixin.py:188} INFO - [2024-02-14T09:54:07.583+0000] {dagbag.py:538} INFO - Filling up the DagBag from /home/airflow/.local/lib/python3.8/site-packages/airflow/example_dags/example_bash_operator.py
[2024-02-14T09:54:07.592+0000] {processor.py:840} INFO - DAG(s) 'example_bash_operator' retrieved from /home/airflow/.local/lib/python3.8/site-packages/airflow/example_dags/example_bash_operator.py
[2024-02-14T09:54:07.685+0000] {logging_mixin.py:188} INFO - [2024-02-14T09:54:07.685+0000] {dag.py:3036} INFO - Sync 1 DAGs
[2024-02-14T09:54:07.701+0000] {logging_mixin.py:188} INFO - [2024-02-14T09:54:07.700+0000] {dag.py:3823} INFO - Setting next_dagrun for example_bash_operator to 2024-02-13 00:00:00+00:00, run_after=2024-02-14 00:00:00+00:00
[2024-02-14T09:54:07.716+0000] {processor.py:183} INFO - Processing /home/airflow/.local/lib/python3.8/site-packages/airflow/example_dags/example_bash_operator.py took 0.140 seconds
[2024-02-14T09:54:37.811+0000] {processor.py:161} INFO - Started process (PID=157) to work on /home/airflow/.local/lib/python3.8/site-packages/airflow/example_dags/example_bash_operator.py
[2024-02-14T09:54:37.812+0000] {processor.py:830} INFO - Processing file /home/airflow/.local/lib/python3.8/site-packages/airflow/example_dags/example_bash_operator.py for tasks to queue
[2024-02-14T09:54:37.814+0000] {logging_mixin.py:188} INFO - [2024-02-14T09:54:37.814+0000] {dagbag.py:538} INFO - Filling up the DagBag from /home/airflow/.local/lib/python3.8/site-packages/airflow/example_dags/example_bash_operator.py
[2024-02-14T09:54:37.822+0000] {processor.py:840} INFO - DAG(s) 'example_bash_operator' retrieved from /home/airflow/.local/lib/python3.8/site-packages/airflow/example_dags/example_bash_operator.py
[2024-02-14T09:54:37.840+0000] {logging_mixin.py:188} INFO - [2024-02-14T09:54:37.840+0000] {dag.py:3036} INFO - Sync 1 DAGs
[2024-02-14T09:54:37.853+0000] {logging_mixin.py:188} INFO - [2024-02-14T09:54:37.852+0000] {dag.py:3823} INFO - Setting next_dagrun for example_bash_operator to 2024-02-13 00:00:00+00:00, run_after=2024-02-14 00:00:00+00:00
[2024-02-14T09:54:37.863+0000] {processor.py:183} INFO - Processing /home/airflow/.local/lib/python3.8/site-packages/airflow/example_dags/example_bash_operator.py took 0.055 seconds
[2024-02-14T09:55:48.361+0000] {processor.py:161} INFO - Started process (PID=41) to work on /home/airflow/.local/lib/python3.8/site-packages/airflow/example_dags/example_bash_operator.py
[2024-02-14T09:55:48.363+0000] {processor.py:830} INFO - Processing file /home/airflow/.local/lib/python3.8/site-packages/airflow/example_dags/example_bash_operator.py for tasks to queue
[2024-02-14T09:55:48.369+0000] {logging_mixin.py:188} INFO - [2024-02-14T09:55:48.368+0000] {dagbag.py:538} INFO - Filling up the DagBag from /home/airflow/.local/lib/python3.8/site-packages/airflow/example_dags/example_bash_operator.py
[2024-02-14T09:55:48.386+0000] {processor.py:840} INFO - DAG(s) 'example_bash_operator' retrieved from /home/airflow/.local/lib/python3.8/site-packages/airflow/example_dags/example_bash_operator.py
[2024-02-14T09:55:48.406+0000] {logging_mixin.py:188} INFO - [2024-02-14T09:55:48.406+0000] {dag.py:3036} INFO - Sync 1 DAGs
[2024-02-14T09:55:48.432+0000] {logging_mixin.py:188} INFO - [2024-02-14T09:55:48.432+0000] {dag.py:3823} INFO - Setting next_dagrun for example_bash_operator to 2024-02-13 00:00:00+00:00, run_after=2024-02-14 00:00:00+00:00
[2024-02-14T09:55:48.454+0000] {processor.py:183} INFO - Processing /home/airflow/.local/lib/python3.8/site-packages/airflow/example_dags/example_bash_operator.py took 0.098 seconds
[2024-02-14T09:56:18.739+0000] {processor.py:161} INFO - Started process (PID=103) to work on /home/airflow/.local/lib/python3.8/site-packages/airflow/example_dags/example_bash_operator.py
[2024-02-14T09:56:18.741+0000] {processor.py:830} INFO - Processing file /home/airflow/.local/lib/python3.8/site-packages/airflow/example_dags/example_bash_operator.py for tasks to queue
[2024-02-14T09:56:18.742+0000] {logging_mixin.py:188} INFO - [2024-02-14T09:56:18.742+0000] {dagbag.py:538} INFO - Filling up the DagBag from /home/airflow/.local/lib/python3.8/site-packages/airflow/example_dags/example_bash_operator.py
[2024-02-14T09:56:18.750+0000] {processor.py:840} INFO - DAG(s) 'example_bash_operator' retrieved from /home/airflow/.local/lib/python3.8/site-packages/airflow/example_dags/example_bash_operator.py
[2024-02-14T09:56:18.813+0000] {logging_mixin.py:188} INFO - [2024-02-14T09:56:18.813+0000] {dag.py:3036} INFO - Sync 1 DAGs
[2024-02-14T09:56:18.830+0000] {logging_mixin.py:188} INFO - [2024-02-14T09:56:18.829+0000] {dag.py:3823} INFO - Setting next_dagrun for example_bash_operator to 2024-02-13 00:00:00+00:00, run_after=2024-02-14 00:00:00+00:00
[2024-02-14T09:56:18.842+0000] {processor.py:183} INFO - Processing /home/airflow/.local/lib/python3.8/site-packages/airflow/example_dags/example_bash_operator.py took 0.106 seconds
[2024-02-14T09:56:48.874+0000] {processor.py:161} INFO - Started process (PID=160) to work on /home/airflow/.local/lib/python3.8/site-packages/airflow/example_dags/example_bash_operator.py
[2024-02-14T09:56:48.875+0000] {processor.py:830} INFO - Processing file /home/airflow/.local/lib/python3.8/site-packages/airflow/example_dags/example_bash_operator.py for tasks to queue
[2024-02-14T09:56:48.877+0000] {logging_mixin.py:188} INFO - [2024-02-14T09:56:48.877+0000] {dagbag.py:538} INFO - Filling up the DagBag from /home/airflow/.local/lib/python3.8/site-packages/airflow/example_dags/example_bash_operator.py
[2024-02-14T09:56:48.885+0000] {processor.py:840} INFO - DAG(s) 'example_bash_operator' retrieved from /home/airflow/.local/lib/python3.8/site-packages/airflow/example_dags/example_bash_operator.py
[2024-02-14T09:56:48.902+0000] {logging_mixin.py:188} INFO - [2024-02-14T09:56:48.902+0000] {dag.py:3036} INFO - Sync 1 DAGs
[2024-02-14T09:56:48.915+0000] {logging_mixin.py:188} INFO - [2024-02-14T09:56:48.915+0000] {dag.py:3823} INFO - Setting next_dagrun for example_bash_operator to 2024-02-13 00:00:00+00:00, run_after=2024-02-14 00:00:00+00:00
[2024-02-14T09:56:48.927+0000] {processor.py:183} INFO - Processing /home/airflow/.local/lib/python3.8/site-packages/airflow/example_dags/example_bash_operator.py took 0.056 seconds
[2024-02-14T09:57:19.333+0000] {processor.py:161} INFO - Started process (PID=217) to work on /home/airflow/.local/lib/python3.8/site-packages/airflow/example_dags/example_bash_operator.py
[2024-02-14T09:57:19.335+0000] {processor.py:830} INFO - Processing file /home/airflow/.local/lib/python3.8/site-packages/airflow/example_dags/example_bash_operator.py for tasks to queue
[2024-02-14T09:57:19.337+0000] {logging_mixin.py:188} INFO - [2024-02-14T09:57:19.337+0000] {dagbag.py:538} INFO - Filling up the DagBag from /home/airflow/.local/lib/python3.8/site-packages/airflow/example_dags/example_bash_operator.py
[2024-02-14T09:57:19.345+0000] {processor.py:840} INFO - DAG(s) 'example_bash_operator' retrieved from /home/airflow/.local/lib/python3.8/site-packages/airflow/example_dags/example_bash_operator.py
[2024-02-14T09:57:19.364+0000] {logging_mixin.py:188} INFO - [2024-02-14T09:57:19.364+0000] {dag.py:3036} INFO - Sync 1 DAGs
[2024-02-14T09:57:19.378+0000] {logging_mixin.py:188} INFO - [2024-02-14T09:57:19.378+0000] {dag.py:3823} INFO - Setting next_dagrun for example_bash_operator to 2024-02-13 00:00:00+00:00, run_after=2024-02-14 00:00:00+00:00
[2024-02-14T09:57:19.389+0000] {processor.py:183} INFO - Processing /home/airflow/.local/lib/python3.8/site-packages/airflow/example_dags/example_bash_operator.py took 0.058 seconds
[2024-02-14T09:57:49.936+0000] {processor.py:161} INFO - Started process (PID=275) to work on /home/airflow/.local/lib/python3.8/site-packages/airflow/example_dags/example_bash_operator.py
[2024-02-14T09:57:49.938+0000] {processor.py:830} INFO - Processing file /home/airflow/.local/lib/python3.8/site-packages/airflow/example_dags/example_bash_operator.py for tasks to queue
[2024-02-14T09:57:49.940+0000] {logging_mixin.py:188} INFO - [2024-02-14T09:57:49.940+0000] {dagbag.py:538} INFO - Filling up the DagBag from /home/airflow/.local/lib/python3.8/site-packages/airflow/example_dags/example_bash_operator.py
[2024-02-14T09:57:49.948+0000] {processor.py:840} INFO - DAG(s) 'example_bash_operator' retrieved from /home/airflow/.local/lib/python3.8/site-packages/airflow/example_dags/example_bash_operator.py
[2024-02-14T09:57:49.969+0000] {logging_mixin.py:188} INFO - [2024-02-14T09:57:49.969+0000] {dag.py:3036} INFO - Sync 1 DAGs
[2024-02-14T09:57:49.985+0000] {logging_mixin.py:188} INFO - [2024-02-14T09:57:49.985+0000] {dag.py:3823} INFO - Setting next_dagrun for example_bash_operator to 2024-02-13 00:00:00+00:00, run_after=2024-02-14 00:00:00+00:00
[2024-02-14T09:57:49.998+0000] {processor.py:183} INFO - Processing /home/airflow/.local/lib/python3.8/site-packages/airflow/example_dags/example_bash_operator.py took 0.064 seconds
[2024-02-14T09:58:20.456+0000] {processor.py:161} INFO - Started process (PID=332) to work on /home/airflow/.local/lib/python3.8/site-packages/airflow/example_dags/example_bash_operator.py
[2024-02-14T09:58:20.457+0000] {processor.py:830} INFO - Processing file /home/airflow/.local/lib/python3.8/site-packages/airflow/example_dags/example_bash_operator.py for tasks to queue
[2024-02-14T09:58:20.459+0000] {logging_mixin.py:188} INFO - [2024-02-14T09:58:20.459+0000] {dagbag.py:538} INFO - Filling up the DagBag from /home/airflow/.local/lib/python3.8/site-packages/airflow/example_dags/example_bash_operator.py
[2024-02-14T09:58:20.467+0000] {processor.py:840} INFO - DAG(s) 'example_bash_operator' retrieved from /home/airflow/.local/lib/python3.8/site-packages/airflow/example_dags/example_bash_operator.py
[2024-02-14T09:58:20.485+0000] {logging_mixin.py:188} INFO - [2024-02-14T09:58:20.485+0000] {dag.py:3036} INFO - Sync 1 DAGs
[2024-02-14T09:58:20.499+0000] {logging_mixin.py:188} INFO - [2024-02-14T09:58:20.498+0000] {dag.py:3823} INFO - Setting next_dagrun for example_bash_operator to 2024-02-13 00:00:00+00:00, run_after=2024-02-14 00:00:00+00:00
[2024-02-14T09:58:20.510+0000] {processor.py:183} INFO - Processing /home/airflow/.local/lib/python3.8/site-packages/airflow/example_dags/example_bash_operator.py took 0.057 seconds
[2024-02-14T09:58:51.198+0000] {processor.py:161} INFO - Started process (PID=391) to work on /home/airflow/.local/lib/python3.8/site-packages/airflow/example_dags/example_bash_operator.py
[2024-02-14T09:58:51.202+0000] {processor.py:830} INFO - Processing file /home/airflow/.local/lib/python3.8/site-packages/airflow/example_dags/example_bash_operator.py for tasks to queue
[2024-02-14T09:58:51.204+0000] {logging_mixin.py:188} INFO - [2024-02-14T09:58:51.204+0000] {dagbag.py:538} INFO - Filling up the DagBag from /home/airflow/.local/lib/python3.8/site-packages/airflow/example_dags/example_bash_operator.py
[2024-02-14T09:58:51.213+0000] {processor.py:840} INFO - DAG(s) 'example_bash_operator' retrieved from /home/airflow/.local/lib/python3.8/site-packages/airflow/example_dags/example_bash_operator.py
[2024-02-14T09:58:51.240+0000] {logging_mixin.py:188} INFO - [2024-02-14T09:58:51.240+0000] {dag.py:3036} INFO - Sync 1 DAGs
[2024-02-14T09:58:51.263+0000] {logging_mixin.py:188} INFO - [2024-02-14T09:58:51.263+0000] {dag.py:3823} INFO - Setting next_dagrun for example_bash_operator to 2024-02-13 00:00:00+00:00, run_after=2024-02-14 00:00:00+00:00
[2024-02-14T09:58:51.282+0000] {processor.py:183} INFO - Processing /home/airflow/.local/lib/python3.8/site-packages/airflow/example_dags/example_bash_operator.py took 0.086 seconds
[2024-02-14T09:59:21.641+0000] {processor.py:161} INFO - Started process (PID=448) to work on /home/airflow/.local/lib/python3.8/site-packages/airflow/example_dags/example_bash_operator.py
[2024-02-14T09:59:21.643+0000] {processor.py:830} INFO - Processing file /home/airflow/.local/lib/python3.8/site-packages/airflow/example_dags/example_bash_operator.py for tasks to queue
[2024-02-14T09:59:21.646+0000] {logging_mixin.py:188} INFO - [2024-02-14T09:59:21.645+0000] {dagbag.py:538} INFO - Filling up the DagBag from /home/airflow/.local/lib/python3.8/site-packages/airflow/example_dags/example_bash_operator.py
[2024-02-14T09:59:21.655+0000] {processor.py:840} INFO - DAG(s) 'example_bash_operator' retrieved from /home/airflow/.local/lib/python3.8/site-packages/airflow/example_dags/example_bash_operator.py
[2024-02-14T09:59:21.675+0000] {logging_mixin.py:188} INFO - [2024-02-14T09:59:21.675+0000] {dag.py:3036} INFO - Sync 1 DAGs
[2024-02-14T09:59:21.689+0000] {logging_mixin.py:188} INFO - [2024-02-14T09:59:21.689+0000] {dag.py:3823} INFO - Setting next_dagrun for example_bash_operator to 2024-02-13 00:00:00+00:00, run_after=2024-02-14 00:00:00+00:00
[2024-02-14T09:59:21.700+0000] {processor.py:183} INFO - Processing /home/airflow/.local/lib/python3.8/site-packages/airflow/example_dags/example_bash_operator.py took 0.061 seconds
[2024-02-14T09:59:52.334+0000] {processor.py:161} INFO - Started process (PID=504) to work on /home/airflow/.local/lib/python3.8/site-packages/airflow/example_dags/example_bash_operator.py
[2024-02-14T09:59:52.336+0000] {processor.py:830} INFO - Processing file /home/airflow/.local/lib/python3.8/site-packages/airflow/example_dags/example_bash_operator.py for tasks to queue
[2024-02-14T09:59:52.338+0000] {logging_mixin.py:188} INFO - [2024-02-14T09:59:52.338+0000] {dagbag.py:538} INFO - Filling up the DagBag from /home/airflow/.local/lib/python3.8/site-packages/airflow/example_dags/example_bash_operator.py
[2024-02-14T09:59:52.346+0000] {processor.py:840} INFO - DAG(s) 'example_bash_operator' retrieved from /home/airflow/.local/lib/python3.8/site-packages/airflow/example_dags/example_bash_operator.py
[2024-02-14T09:59:52.371+0000] {logging_mixin.py:188} INFO - [2024-02-14T09:59:52.371+0000] {dag.py:3036} INFO - Sync 1 DAGs
[2024-02-14T09:59:52.396+0000] {logging_mixin.py:188} INFO - [2024-02-14T09:59:52.396+0000] {dag.py:3823} INFO - Setting next_dagrun for example_bash_operator to 2024-02-13 00:00:00+00:00, run_after=2024-02-14 00:00:00+00:00
[2024-02-14T09:59:52.420+0000] {processor.py:183} INFO - Processing /home/airflow/.local/lib/python3.8/site-packages/airflow/example_dags/example_bash_operator.py took 0.089 seconds
[2024-02-14T10:00:22.662+0000] {processor.py:161} INFO - Started process (PID=561) to work on /home/airflow/.local/lib/python3.8/site-packages/airflow/example_dags/example_bash_operator.py
[2024-02-14T10:00:22.665+0000] {processor.py:830} INFO - Processing file /home/airflow/.local/lib/python3.8/site-packages/airflow/example_dags/example_bash_operator.py for tasks to queue
[2024-02-14T10:00:22.667+0000] {logging_mixin.py:188} INFO - [2024-02-14T10:00:22.667+0000] {dagbag.py:538} INFO - Filling up the DagBag from /home/airflow/.local/lib/python3.8/site-packages/airflow/example_dags/example_bash_operator.py
[2024-02-14T10:00:22.681+0000] {processor.py:840} INFO - DAG(s) 'example_bash_operator' retrieved from /home/airflow/.local/lib/python3.8/site-packages/airflow/example_dags/example_bash_operator.py
[2024-02-14T10:00:22.705+0000] {logging_mixin.py:188} INFO - [2024-02-14T10:00:22.704+0000] {dag.py:3036} INFO - Sync 1 DAGs
[2024-02-14T10:00:22.721+0000] {logging_mixin.py:188} INFO - [2024-02-14T10:00:22.721+0000] {dag.py:3823} INFO - Setting next_dagrun for example_bash_operator to 2024-02-13 00:00:00+00:00, run_after=2024-02-14 00:00:00+00:00
[2024-02-14T10:00:22.735+0000] {processor.py:183} INFO - Processing /home/airflow/.local/lib/python3.8/site-packages/airflow/example_dags/example_bash_operator.py took 0.075 seconds
[2024-02-14T10:00:53.591+0000] {processor.py:161} INFO - Started process (PID=618) to work on /home/airflow/.local/lib/python3.8/site-packages/airflow/example_dags/example_bash_operator.py
[2024-02-14T10:00:53.593+0000] {processor.py:830} INFO - Processing file /home/airflow/.local/lib/python3.8/site-packages/airflow/example_dags/example_bash_operator.py for tasks to queue
[2024-02-14T10:00:53.596+0000] {logging_mixin.py:188} INFO - [2024-02-14T10:00:53.596+0000] {dagbag.py:538} INFO - Filling up the DagBag from /home/airflow/.local/lib/python3.8/site-packages/airflow/example_dags/example_bash_operator.py
[2024-02-14T10:00:53.608+0000] {processor.py:840} INFO - DAG(s) 'example_bash_operator' retrieved from /home/airflow/.local/lib/python3.8/site-packages/airflow/example_dags/example_bash_operator.py
[2024-02-14T10:00:53.636+0000] {logging_mixin.py:188} INFO - [2024-02-14T10:00:53.636+0000] {dag.py:3036} INFO - Sync 1 DAGs
[2024-02-14T10:00:53.654+0000] {logging_mixin.py:188} INFO - [2024-02-14T10:00:53.653+0000] {dag.py:3823} INFO - Setting next_dagrun for example_bash_operator to 2024-02-13 00:00:00+00:00, run_after=2024-02-14 00:00:00+00:00
[2024-02-14T10:00:53.672+0000] {processor.py:183} INFO - Processing /home/airflow/.local/lib/python3.8/site-packages/airflow/example_dags/example_bash_operator.py took 0.083 seconds
[2024-02-14T10:01:23.921+0000] {processor.py:161} INFO - Started process (PID=674) to work on /home/airflow/.local/lib/python3.8/site-packages/airflow/example_dags/example_bash_operator.py
[2024-02-14T10:01:23.922+0000] {processor.py:830} INFO - Processing file /home/airflow/.local/lib/python3.8/site-packages/airflow/example_dags/example_bash_operator.py for tasks to queue
[2024-02-14T10:01:23.924+0000] {logging_mixin.py:188} INFO - [2024-02-14T10:01:23.924+0000] {dagbag.py:538} INFO - Filling up the DagBag from /home/airflow/.local/lib/python3.8/site-packages/airflow/example_dags/example_bash_operator.py
[2024-02-14T10:01:23.932+0000] {processor.py:840} INFO - DAG(s) 'example_bash_operator' retrieved from /home/airflow/.local/lib/python3.8/site-packages/airflow/example_dags/example_bash_operator.py
[2024-02-14T10:01:23.952+0000] {logging_mixin.py:188} INFO - [2024-02-14T10:01:23.952+0000] {dag.py:3036} INFO - Sync 1 DAGs
[2024-02-14T10:01:23.966+0000] {logging_mixin.py:188} INFO - [2024-02-14T10:01:23.965+0000] {dag.py:3823} INFO - Setting next_dagrun for example_bash_operator to 2024-02-13 00:00:00+00:00, run_after=2024-02-14 00:00:00+00:00
[2024-02-14T10:01:23.977+0000] {processor.py:183} INFO - Processing /home/airflow/.local/lib/python3.8/site-packages/airflow/example_dags/example_bash_operator.py took 0.058 seconds
[2024-02-14T10:01:54.154+0000] {processor.py:161} INFO - Started process (PID=731) to work on /home/airflow/.local/lib/python3.8/site-packages/airflow/example_dags/example_bash_operator.py
[2024-02-14T10:01:54.156+0000] {processor.py:830} INFO - Processing file /home/airflow/.local/lib/python3.8/site-packages/airflow/example_dags/example_bash_operator.py for tasks to queue
[2024-02-14T10:01:54.158+0000] {logging_mixin.py:188} INFO - [2024-02-14T10:01:54.158+0000] {dagbag.py:538} INFO - Filling up the DagBag from /home/airflow/.local/lib/python3.8/site-packages/airflow/example_dags/example_bash_operator.py
[2024-02-14T10:01:54.166+0000] {processor.py:840} INFO - DAG(s) 'example_bash_operator' retrieved from /home/airflow/.local/lib/python3.8/site-packages/airflow/example_dags/example_bash_operator.py
[2024-02-14T10:01:54.184+0000] {logging_mixin.py:188} INFO - [2024-02-14T10:01:54.184+0000] {dag.py:3036} INFO - Sync 1 DAGs
[2024-02-14T10:01:54.199+0000] {logging_mixin.py:188} INFO - [2024-02-14T10:01:54.199+0000] {dag.py:3823} INFO - Setting next_dagrun for example_bash_operator to 2024-02-13 00:00:00+00:00, run_after=2024-02-14 00:00:00+00:00
[2024-02-14T10:01:54.212+0000] {processor.py:183} INFO - Processing /home/airflow/.local/lib/python3.8/site-packages/airflow/example_dags/example_bash_operator.py took 0.061 seconds
[2024-02-14T10:02:25.517+0000] {processor.py:161} INFO - Started process (PID=788) to work on /home/airflow/.local/lib/python3.8/site-packages/airflow/example_dags/example_bash_operator.py
[2024-02-14T10:02:25.520+0000] {processor.py:830} INFO - Processing file /home/airflow/.local/lib/python3.8/site-packages/airflow/example_dags/example_bash_operator.py for tasks to queue
[2024-02-14T10:02:25.523+0000] {logging_mixin.py:188} INFO - [2024-02-14T10:02:25.523+0000] {dagbag.py:538} INFO - Filling up the DagBag from /home/airflow/.local/lib/python3.8/site-packages/airflow/example_dags/example_bash_operator.py
[2024-02-14T10:02:25.535+0000] {processor.py:840} INFO - DAG(s) 'example_bash_operator' retrieved from /home/airflow/.local/lib/python3.8/site-packages/airflow/example_dags/example_bash_operator.py
[2024-02-14T10:02:25.567+0000] {logging_mixin.py:188} INFO - [2024-02-14T10:02:25.566+0000] {dag.py:3036} INFO - Sync 1 DAGs
[2024-02-14T10:02:25.592+0000] {logging_mixin.py:188} INFO - [2024-02-14T10:02:25.592+0000] {dag.py:3823} INFO - Setting next_dagrun for example_bash_operator to 2024-02-13 00:00:00+00:00, run_after=2024-02-14 00:00:00+00:00
[2024-02-14T10:02:25.609+0000] {processor.py:183} INFO - Processing /home/airflow/.local/lib/python3.8/site-packages/airflow/example_dags/example_bash_operator.py took 0.095 seconds
[2024-02-14T10:02:56.586+0000] {processor.py:161} INFO - Started process (PID=847) to work on /home/airflow/.local/lib/python3.8/site-packages/airflow/example_dags/example_bash_operator.py
[2024-02-14T10:02:56.589+0000] {processor.py:830} INFO - Processing file /home/airflow/.local/lib/python3.8/site-packages/airflow/example_dags/example_bash_operator.py for tasks to queue
[2024-02-14T10:02:56.593+0000] {logging_mixin.py:188} INFO - [2024-02-14T10:02:56.592+0000] {dagbag.py:538} INFO - Filling up the DagBag from /home/airflow/.local/lib/python3.8/site-packages/airflow/example_dags/example_bash_operator.py
[2024-02-14T10:02:56.609+0000] {processor.py:840} INFO - DAG(s) 'example_bash_operator' retrieved from /home/airflow/.local/lib/python3.8/site-packages/airflow/example_dags/example_bash_operator.py
[2024-02-14T10:02:56.633+0000] {logging_mixin.py:188} INFO - [2024-02-14T10:02:56.632+0000] {dag.py:3036} INFO - Sync 1 DAGs
[2024-02-14T10:02:56.646+0000] {logging_mixin.py:188} INFO - [2024-02-14T10:02:56.646+0000] {dag.py:3823} INFO - Setting next_dagrun for example_bash_operator to 2024-02-13 00:00:00+00:00, run_after=2024-02-14 00:00:00+00:00
[2024-02-14T10:02:56.658+0000] {processor.py:183} INFO - Processing /home/airflow/.local/lib/python3.8/site-packages/airflow/example_dags/example_bash_operator.py took 0.078 seconds
