[2024-02-14T09:34:20.125+0000] {processor.py:161} INFO - Started process (PID=70) to work on /home/airflow/.local/lib/python3.8/site-packages/airflow/example_dags/example_subdag_operator.py
[2024-02-14T09:34:20.127+0000] {processor.py:830} INFO - Processing file /home/airflow/.local/lib/python3.8/site-packages/airflow/example_dags/example_subdag_operator.py for tasks to queue
[2024-02-14T09:34:20.131+0000] {logging_mixin.py:188} INFO - [2024-02-14T09:34:20.131+0000] {dagbag.py:538} INFO - Filling up the DagBag from /home/airflow/.local/lib/python3.8/site-packages/airflow/example_dags/example_subdag_operator.py
[2024-02-14T09:34:20.196+0000] {processor.py:840} INFO - DAG(s) 'example_subdag_operator.section-1', 'example_subdag_operator.section-2', 'example_subdag_operator' retrieved from /home/airflow/.local/lib/python3.8/site-packages/airflow/example_dags/example_subdag_operator.py
[2024-02-14T09:34:20.200+0000] {logging_mixin.py:188} INFO - [2024-02-14T09:34:20.200+0000] {dag.py:3036} INFO - Sync 3 DAGs
[2024-02-14T09:34:20.219+0000] {logging_mixin.py:188} INFO - [2024-02-14T09:34:20.219+0000] {dag.py:3823} INFO - Setting next_dagrun for example_subdag_operator to 2022-01-01 00:00:00+00:00, run_after=2022-01-01 00:00:00+00:00
[2024-02-14T09:34:20.223+0000] {logging_mixin.py:188} INFO - [2024-02-14T09:34:20.222+0000] {dag.py:3823} INFO - Setting next_dagrun for example_subdag_operator.section-1 to None, run_after=None
[2024-02-14T09:34:20.225+0000] {logging_mixin.py:188} INFO - [2024-02-14T09:34:20.225+0000] {dag.py:3823} INFO - Setting next_dagrun for example_subdag_operator.section-2 to None, run_after=None
[2024-02-14T09:34:20.232+0000] {logging_mixin.py:188} INFO - [2024-02-14T09:34:20.231+0000] {dag.py:3036} INFO - Sync 2 DAGs
[2024-02-14T09:34:20.236+0000] {logging_mixin.py:188} INFO - [2024-02-14T09:34:20.236+0000] {dag.py:3823} INFO - Setting next_dagrun for example_subdag_operator.section-1 to None, run_after=None
[2024-02-14T09:34:20.238+0000] {logging_mixin.py:188} INFO - [2024-02-14T09:34:20.238+0000] {dag.py:3823} INFO - Setting next_dagrun for example_subdag_operator.section-2 to None, run_after=None
[2024-02-14T09:34:20.251+0000] {processor.py:183} INFO - Processing /home/airflow/.local/lib/python3.8/site-packages/airflow/example_dags/example_subdag_operator.py took 0.131 seconds
[2024-02-14T09:34:50.292+0000] {processor.py:161} INFO - Started process (PID=127) to work on /home/airflow/.local/lib/python3.8/site-packages/airflow/example_dags/example_subdag_operator.py
[2024-02-14T09:34:50.293+0000] {processor.py:830} INFO - Processing file /home/airflow/.local/lib/python3.8/site-packages/airflow/example_dags/example_subdag_operator.py for tasks to queue
[2024-02-14T09:34:50.295+0000] {logging_mixin.py:188} INFO - [2024-02-14T09:34:50.295+0000] {dagbag.py:538} INFO - Filling up the DagBag from /home/airflow/.local/lib/python3.8/site-packages/airflow/example_dags/example_subdag_operator.py
[2024-02-14T09:34:50.312+0000] {processor.py:840} INFO - DAG(s) 'example_subdag_operator.section-1', 'example_subdag_operator.section-2', 'example_subdag_operator' retrieved from /home/airflow/.local/lib/python3.8/site-packages/airflow/example_dags/example_subdag_operator.py
[2024-02-14T09:34:50.366+0000] {logging_mixin.py:188} INFO - [2024-02-14T09:34:50.366+0000] {dag.py:3036} INFO - Sync 3 DAGs
[2024-02-14T09:34:50.378+0000] {logging_mixin.py:188} INFO - [2024-02-14T09:34:50.378+0000] {dag.py:3823} INFO - Setting next_dagrun for example_subdag_operator to 2022-01-01 00:00:00+00:00, run_after=2022-01-01 00:00:00+00:00
[2024-02-14T09:34:50.382+0000] {logging_mixin.py:188} INFO - [2024-02-14T09:34:50.382+0000] {dag.py:3823} INFO - Setting next_dagrun for example_subdag_operator.section-1 to None, run_after=None
[2024-02-14T09:34:50.383+0000] {logging_mixin.py:188} INFO - [2024-02-14T09:34:50.383+0000] {dag.py:3823} INFO - Setting next_dagrun for example_subdag_operator.section-2 to None, run_after=None
[2024-02-14T09:34:50.390+0000] {logging_mixin.py:188} INFO - [2024-02-14T09:34:50.390+0000] {dag.py:3036} INFO - Sync 2 DAGs
[2024-02-14T09:34:50.396+0000] {logging_mixin.py:188} INFO - [2024-02-14T09:34:50.395+0000] {dag.py:3823} INFO - Setting next_dagrun for example_subdag_operator.section-1 to None, run_after=None
[2024-02-14T09:34:50.397+0000] {logging_mixin.py:188} INFO - [2024-02-14T09:34:50.397+0000] {dag.py:3823} INFO - Setting next_dagrun for example_subdag_operator.section-2 to None, run_after=None
[2024-02-14T09:34:50.406+0000] {processor.py:183} INFO - Processing /home/airflow/.local/lib/python3.8/site-packages/airflow/example_dags/example_subdag_operator.py took 0.117 seconds
[2024-02-14T09:35:20.987+0000] {processor.py:161} INFO - Started process (PID=185) to work on /home/airflow/.local/lib/python3.8/site-packages/airflow/example_dags/example_subdag_operator.py
[2024-02-14T09:35:20.989+0000] {processor.py:830} INFO - Processing file /home/airflow/.local/lib/python3.8/site-packages/airflow/example_dags/example_subdag_operator.py for tasks to queue
[2024-02-14T09:35:20.992+0000] {logging_mixin.py:188} INFO - [2024-02-14T09:35:20.991+0000] {dagbag.py:538} INFO - Filling up the DagBag from /home/airflow/.local/lib/python3.8/site-packages/airflow/example_dags/example_subdag_operator.py
[2024-02-14T09:35:21.031+0000] {processor.py:840} INFO - DAG(s) 'example_subdag_operator.section-1', 'example_subdag_operator.section-2', 'example_subdag_operator' retrieved from /home/airflow/.local/lib/python3.8/site-packages/airflow/example_dags/example_subdag_operator.py
[2024-02-14T09:35:21.051+0000] {logging_mixin.py:188} INFO - [2024-02-14T09:35:21.051+0000] {dag.py:3036} INFO - Sync 3 DAGs
[2024-02-14T09:35:21.070+0000] {logging_mixin.py:188} INFO - [2024-02-14T09:35:21.070+0000] {dag.py:3823} INFO - Setting next_dagrun for example_subdag_operator to 2022-01-01 00:00:00+00:00, run_after=2022-01-01 00:00:00+00:00
[2024-02-14T09:35:21.075+0000] {logging_mixin.py:188} INFO - [2024-02-14T09:35:21.075+0000] {dag.py:3823} INFO - Setting next_dagrun for example_subdag_operator.section-1 to None, run_after=None
[2024-02-14T09:35:21.078+0000] {logging_mixin.py:188} INFO - [2024-02-14T09:35:21.078+0000] {dag.py:3823} INFO - Setting next_dagrun for example_subdag_operator.section-2 to None, run_after=None
[2024-02-14T09:35:21.088+0000] {logging_mixin.py:188} INFO - [2024-02-14T09:35:21.088+0000] {dag.py:3036} INFO - Sync 2 DAGs
[2024-02-14T09:35:21.096+0000] {logging_mixin.py:188} INFO - [2024-02-14T09:35:21.095+0000] {dag.py:3823} INFO - Setting next_dagrun for example_subdag_operator.section-1 to None, run_after=None
[2024-02-14T09:35:21.100+0000] {logging_mixin.py:188} INFO - [2024-02-14T09:35:21.100+0000] {dag.py:3823} INFO - Setting next_dagrun for example_subdag_operator.section-2 to None, run_after=None
[2024-02-14T09:35:21.113+0000] {processor.py:183} INFO - Processing /home/airflow/.local/lib/python3.8/site-packages/airflow/example_dags/example_subdag_operator.py took 0.131 seconds
[2024-02-14T09:35:51.897+0000] {processor.py:161} INFO - Started process (PID=241) to work on /home/airflow/.local/lib/python3.8/site-packages/airflow/example_dags/example_subdag_operator.py
[2024-02-14T09:35:51.899+0000] {processor.py:830} INFO - Processing file /home/airflow/.local/lib/python3.8/site-packages/airflow/example_dags/example_subdag_operator.py for tasks to queue
[2024-02-14T09:35:51.901+0000] {logging_mixin.py:188} INFO - [2024-02-14T09:35:51.900+0000] {dagbag.py:538} INFO - Filling up the DagBag from /home/airflow/.local/lib/python3.8/site-packages/airflow/example_dags/example_subdag_operator.py
[2024-02-14T09:35:51.918+0000] {processor.py:840} INFO - DAG(s) 'example_subdag_operator.section-1', 'example_subdag_operator.section-2', 'example_subdag_operator' retrieved from /home/airflow/.local/lib/python3.8/site-packages/airflow/example_dags/example_subdag_operator.py
[2024-02-14T09:35:51.929+0000] {logging_mixin.py:188} INFO - [2024-02-14T09:35:51.929+0000] {dag.py:3036} INFO - Sync 3 DAGs
[2024-02-14T09:35:51.942+0000] {logging_mixin.py:188} INFO - [2024-02-14T09:35:51.942+0000] {dag.py:3823} INFO - Setting next_dagrun for example_subdag_operator to 2022-01-01 00:00:00+00:00, run_after=2022-01-01 00:00:00+00:00
[2024-02-14T09:35:51.946+0000] {logging_mixin.py:188} INFO - [2024-02-14T09:35:51.946+0000] {dag.py:3823} INFO - Setting next_dagrun for example_subdag_operator.section-1 to None, run_after=None
[2024-02-14T09:35:51.948+0000] {logging_mixin.py:188} INFO - [2024-02-14T09:35:51.947+0000] {dag.py:3823} INFO - Setting next_dagrun for example_subdag_operator.section-2 to None, run_after=None
[2024-02-14T09:35:51.953+0000] {logging_mixin.py:188} INFO - [2024-02-14T09:35:51.953+0000] {dag.py:3036} INFO - Sync 2 DAGs
[2024-02-14T09:35:51.957+0000] {logging_mixin.py:188} INFO - [2024-02-14T09:35:51.957+0000] {dag.py:3823} INFO - Setting next_dagrun for example_subdag_operator.section-1 to None, run_after=None
[2024-02-14T09:35:51.958+0000] {logging_mixin.py:188} INFO - [2024-02-14T09:35:51.958+0000] {dag.py:3823} INFO - Setting next_dagrun for example_subdag_operator.section-2 to None, run_after=None
[2024-02-14T09:35:51.965+0000] {processor.py:183} INFO - Processing /home/airflow/.local/lib/python3.8/site-packages/airflow/example_dags/example_subdag_operator.py took 0.071 seconds
[2024-02-14T09:36:22.778+0000] {processor.py:161} INFO - Started process (PID=296) to work on /home/airflow/.local/lib/python3.8/site-packages/airflow/example_dags/example_subdag_operator.py
[2024-02-14T09:36:22.780+0000] {processor.py:830} INFO - Processing file /home/airflow/.local/lib/python3.8/site-packages/airflow/example_dags/example_subdag_operator.py for tasks to queue
[2024-02-14T09:36:22.782+0000] {logging_mixin.py:188} INFO - [2024-02-14T09:36:22.781+0000] {dagbag.py:538} INFO - Filling up the DagBag from /home/airflow/.local/lib/python3.8/site-packages/airflow/example_dags/example_subdag_operator.py
[2024-02-14T09:36:22.801+0000] {processor.py:840} INFO - DAG(s) 'example_subdag_operator.section-1', 'example_subdag_operator.section-2', 'example_subdag_operator' retrieved from /home/airflow/.local/lib/python3.8/site-packages/airflow/example_dags/example_subdag_operator.py
[2024-02-14T09:36:22.811+0000] {logging_mixin.py:188} INFO - [2024-02-14T09:36:22.811+0000] {dag.py:3036} INFO - Sync 3 DAGs
[2024-02-14T09:36:22.825+0000] {logging_mixin.py:188} INFO - [2024-02-14T09:36:22.825+0000] {dag.py:3823} INFO - Setting next_dagrun for example_subdag_operator to 2022-01-01 00:00:00+00:00, run_after=2022-01-01 00:00:00+00:00
[2024-02-14T09:36:22.828+0000] {logging_mixin.py:188} INFO - [2024-02-14T09:36:22.828+0000] {dag.py:3823} INFO - Setting next_dagrun for example_subdag_operator.section-1 to None, run_after=None
[2024-02-14T09:36:22.830+0000] {logging_mixin.py:188} INFO - [2024-02-14T09:36:22.830+0000] {dag.py:3823} INFO - Setting next_dagrun for example_subdag_operator.section-2 to None, run_after=None
[2024-02-14T09:36:22.835+0000] {logging_mixin.py:188} INFO - [2024-02-14T09:36:22.835+0000] {dag.py:3036} INFO - Sync 2 DAGs
[2024-02-14T09:36:22.839+0000] {logging_mixin.py:188} INFO - [2024-02-14T09:36:22.839+0000] {dag.py:3823} INFO - Setting next_dagrun for example_subdag_operator.section-1 to None, run_after=None
[2024-02-14T09:36:22.841+0000] {logging_mixin.py:188} INFO - [2024-02-14T09:36:22.841+0000] {dag.py:3823} INFO - Setting next_dagrun for example_subdag_operator.section-2 to None, run_after=None
[2024-02-14T09:36:22.849+0000] {processor.py:183} INFO - Processing /home/airflow/.local/lib/python3.8/site-packages/airflow/example_dags/example_subdag_operator.py took 0.073 seconds
[2024-02-14T09:36:52.900+0000] {processor.py:161} INFO - Started process (PID=352) to work on /home/airflow/.local/lib/python3.8/site-packages/airflow/example_dags/example_subdag_operator.py
[2024-02-14T09:36:52.902+0000] {processor.py:830} INFO - Processing file /home/airflow/.local/lib/python3.8/site-packages/airflow/example_dags/example_subdag_operator.py for tasks to queue
[2024-02-14T09:36:52.904+0000] {logging_mixin.py:188} INFO - [2024-02-14T09:36:52.904+0000] {dagbag.py:538} INFO - Filling up the DagBag from /home/airflow/.local/lib/python3.8/site-packages/airflow/example_dags/example_subdag_operator.py
[2024-02-14T09:36:52.924+0000] {processor.py:840} INFO - DAG(s) 'example_subdag_operator.section-1', 'example_subdag_operator.section-2', 'example_subdag_operator' retrieved from /home/airflow/.local/lib/python3.8/site-packages/airflow/example_dags/example_subdag_operator.py
[2024-02-14T09:36:52.934+0000] {logging_mixin.py:188} INFO - [2024-02-14T09:36:52.934+0000] {dag.py:3036} INFO - Sync 3 DAGs
[2024-02-14T09:36:52.948+0000] {logging_mixin.py:188} INFO - [2024-02-14T09:36:52.948+0000] {dag.py:3823} INFO - Setting next_dagrun for example_subdag_operator to 2022-01-01 00:00:00+00:00, run_after=2022-01-01 00:00:00+00:00
[2024-02-14T09:36:52.951+0000] {logging_mixin.py:188} INFO - [2024-02-14T09:36:52.951+0000] {dag.py:3823} INFO - Setting next_dagrun for example_subdag_operator.section-1 to None, run_after=None
[2024-02-14T09:36:52.953+0000] {logging_mixin.py:188} INFO - [2024-02-14T09:36:52.953+0000] {dag.py:3823} INFO - Setting next_dagrun for example_subdag_operator.section-2 to None, run_after=None
[2024-02-14T09:36:52.958+0000] {logging_mixin.py:188} INFO - [2024-02-14T09:36:52.958+0000] {dag.py:3036} INFO - Sync 2 DAGs
[2024-02-14T09:36:52.962+0000] {logging_mixin.py:188} INFO - [2024-02-14T09:36:52.962+0000] {dag.py:3823} INFO - Setting next_dagrun for example_subdag_operator.section-1 to None, run_after=None
[2024-02-14T09:36:52.963+0000] {logging_mixin.py:188} INFO - [2024-02-14T09:36:52.963+0000] {dag.py:3823} INFO - Setting next_dagrun for example_subdag_operator.section-2 to None, run_after=None
[2024-02-14T09:36:52.970+0000] {processor.py:183} INFO - Processing /home/airflow/.local/lib/python3.8/site-packages/airflow/example_dags/example_subdag_operator.py took 0.073 seconds
[2024-02-14T09:37:23.401+0000] {processor.py:161} INFO - Started process (PID=411) to work on /home/airflow/.local/lib/python3.8/site-packages/airflow/example_dags/example_subdag_operator.py
[2024-02-14T09:37:23.403+0000] {processor.py:830} INFO - Processing file /home/airflow/.local/lib/python3.8/site-packages/airflow/example_dags/example_subdag_operator.py for tasks to queue
[2024-02-14T09:37:23.405+0000] {logging_mixin.py:188} INFO - [2024-02-14T09:37:23.405+0000] {dagbag.py:538} INFO - Filling up the DagBag from /home/airflow/.local/lib/python3.8/site-packages/airflow/example_dags/example_subdag_operator.py
[2024-02-14T09:37:23.422+0000] {processor.py:840} INFO - DAG(s) 'example_subdag_operator.section-1', 'example_subdag_operator.section-2', 'example_subdag_operator' retrieved from /home/airflow/.local/lib/python3.8/site-packages/airflow/example_dags/example_subdag_operator.py
[2024-02-14T09:37:23.435+0000] {logging_mixin.py:188} INFO - [2024-02-14T09:37:23.434+0000] {dag.py:3036} INFO - Sync 3 DAGs
[2024-02-14T09:37:23.447+0000] {logging_mixin.py:188} INFO - [2024-02-14T09:37:23.447+0000] {dag.py:3823} INFO - Setting next_dagrun for example_subdag_operator to 2022-01-01 00:00:00+00:00, run_after=2022-01-01 00:00:00+00:00
[2024-02-14T09:37:23.450+0000] {logging_mixin.py:188} INFO - [2024-02-14T09:37:23.450+0000] {dag.py:3823} INFO - Setting next_dagrun for example_subdag_operator.section-1 to None, run_after=None
[2024-02-14T09:37:23.451+0000] {logging_mixin.py:188} INFO - [2024-02-14T09:37:23.451+0000] {dag.py:3823} INFO - Setting next_dagrun for example_subdag_operator.section-2 to None, run_after=None
[2024-02-14T09:37:23.456+0000] {logging_mixin.py:188} INFO - [2024-02-14T09:37:23.456+0000] {dag.py:3036} INFO - Sync 2 DAGs
[2024-02-14T09:37:23.460+0000] {logging_mixin.py:188} INFO - [2024-02-14T09:37:23.460+0000] {dag.py:3823} INFO - Setting next_dagrun for example_subdag_operator.section-1 to None, run_after=None
[2024-02-14T09:37:23.462+0000] {logging_mixin.py:188} INFO - [2024-02-14T09:37:23.462+0000] {dag.py:3823} INFO - Setting next_dagrun for example_subdag_operator.section-2 to None, run_after=None
[2024-02-14T09:37:23.468+0000] {processor.py:183} INFO - Processing /home/airflow/.local/lib/python3.8/site-packages/airflow/example_dags/example_subdag_operator.py took 0.070 seconds
[2024-02-14T09:37:53.635+0000] {processor.py:161} INFO - Started process (PID=467) to work on /home/airflow/.local/lib/python3.8/site-packages/airflow/example_dags/example_subdag_operator.py
[2024-02-14T09:37:53.637+0000] {processor.py:830} INFO - Processing file /home/airflow/.local/lib/python3.8/site-packages/airflow/example_dags/example_subdag_operator.py for tasks to queue
[2024-02-14T09:37:53.639+0000] {logging_mixin.py:188} INFO - [2024-02-14T09:37:53.639+0000] {dagbag.py:538} INFO - Filling up the DagBag from /home/airflow/.local/lib/python3.8/site-packages/airflow/example_dags/example_subdag_operator.py
[2024-02-14T09:37:53.656+0000] {processor.py:840} INFO - DAG(s) 'example_subdag_operator.section-1', 'example_subdag_operator.section-2', 'example_subdag_operator' retrieved from /home/airflow/.local/lib/python3.8/site-packages/airflow/example_dags/example_subdag_operator.py
[2024-02-14T09:37:53.667+0000] {logging_mixin.py:188} INFO - [2024-02-14T09:37:53.666+0000] {dag.py:3036} INFO - Sync 3 DAGs
[2024-02-14T09:37:53.680+0000] {logging_mixin.py:188} INFO - [2024-02-14T09:37:53.679+0000] {dag.py:3823} INFO - Setting next_dagrun for example_subdag_operator to 2022-01-01 00:00:00+00:00, run_after=2022-01-01 00:00:00+00:00
[2024-02-14T09:37:53.683+0000] {logging_mixin.py:188} INFO - [2024-02-14T09:37:53.682+0000] {dag.py:3823} INFO - Setting next_dagrun for example_subdag_operator.section-1 to None, run_after=None
[2024-02-14T09:37:53.684+0000] {logging_mixin.py:188} INFO - [2024-02-14T09:37:53.684+0000] {dag.py:3823} INFO - Setting next_dagrun for example_subdag_operator.section-2 to None, run_after=None
[2024-02-14T09:37:53.689+0000] {logging_mixin.py:188} INFO - [2024-02-14T09:37:53.689+0000] {dag.py:3036} INFO - Sync 2 DAGs
[2024-02-14T09:37:53.693+0000] {logging_mixin.py:188} INFO - [2024-02-14T09:37:53.693+0000] {dag.py:3823} INFO - Setting next_dagrun for example_subdag_operator.section-1 to None, run_after=None
[2024-02-14T09:37:53.694+0000] {logging_mixin.py:188} INFO - [2024-02-14T09:37:53.694+0000] {dag.py:3823} INFO - Setting next_dagrun for example_subdag_operator.section-2 to None, run_after=None
[2024-02-14T09:37:53.701+0000] {processor.py:183} INFO - Processing /home/airflow/.local/lib/python3.8/site-packages/airflow/example_dags/example_subdag_operator.py took 0.068 seconds
[2024-02-14T09:38:23.876+0000] {processor.py:161} INFO - Started process (PID=525) to work on /home/airflow/.local/lib/python3.8/site-packages/airflow/example_dags/example_subdag_operator.py
[2024-02-14T09:38:23.878+0000] {processor.py:830} INFO - Processing file /home/airflow/.local/lib/python3.8/site-packages/airflow/example_dags/example_subdag_operator.py for tasks to queue
[2024-02-14T09:38:23.880+0000] {logging_mixin.py:188} INFO - [2024-02-14T09:38:23.880+0000] {dagbag.py:538} INFO - Filling up the DagBag from /home/airflow/.local/lib/python3.8/site-packages/airflow/example_dags/example_subdag_operator.py
[2024-02-14T09:38:23.896+0000] {processor.py:840} INFO - DAG(s) 'example_subdag_operator.section-1', 'example_subdag_operator.section-2', 'example_subdag_operator' retrieved from /home/airflow/.local/lib/python3.8/site-packages/airflow/example_dags/example_subdag_operator.py
[2024-02-14T09:38:23.905+0000] {logging_mixin.py:188} INFO - [2024-02-14T09:38:23.905+0000] {dag.py:3036} INFO - Sync 3 DAGs
[2024-02-14T09:38:23.917+0000] {logging_mixin.py:188} INFO - [2024-02-14T09:38:23.916+0000] {dag.py:3823} INFO - Setting next_dagrun for example_subdag_operator to 2022-01-01 00:00:00+00:00, run_after=2022-01-01 00:00:00+00:00
[2024-02-14T09:38:23.919+0000] {logging_mixin.py:188} INFO - [2024-02-14T09:38:23.919+0000] {dag.py:3823} INFO - Setting next_dagrun for example_subdag_operator.section-1 to None, run_after=None
[2024-02-14T09:38:23.921+0000] {logging_mixin.py:188} INFO - [2024-02-14T09:38:23.921+0000] {dag.py:3823} INFO - Setting next_dagrun for example_subdag_operator.section-2 to None, run_after=None
[2024-02-14T09:38:23.925+0000] {logging_mixin.py:188} INFO - [2024-02-14T09:38:23.925+0000] {dag.py:3036} INFO - Sync 2 DAGs
[2024-02-14T09:38:23.928+0000] {logging_mixin.py:188} INFO - [2024-02-14T09:38:23.928+0000] {dag.py:3823} INFO - Setting next_dagrun for example_subdag_operator.section-1 to None, run_after=None
[2024-02-14T09:38:23.930+0000] {logging_mixin.py:188} INFO - [2024-02-14T09:38:23.930+0000] {dag.py:3823} INFO - Setting next_dagrun for example_subdag_operator.section-2 to None, run_after=None
[2024-02-14T09:38:23.937+0000] {processor.py:183} INFO - Processing /home/airflow/.local/lib/python3.8/site-packages/airflow/example_dags/example_subdag_operator.py took 0.062 seconds
[2024-02-14T09:38:54.678+0000] {processor.py:161} INFO - Started process (PID=582) to work on /home/airflow/.local/lib/python3.8/site-packages/airflow/example_dags/example_subdag_operator.py
[2024-02-14T09:38:54.680+0000] {processor.py:830} INFO - Processing file /home/airflow/.local/lib/python3.8/site-packages/airflow/example_dags/example_subdag_operator.py for tasks to queue
[2024-02-14T09:38:54.682+0000] {logging_mixin.py:188} INFO - [2024-02-14T09:38:54.682+0000] {dagbag.py:538} INFO - Filling up the DagBag from /home/airflow/.local/lib/python3.8/site-packages/airflow/example_dags/example_subdag_operator.py
[2024-02-14T09:38:54.702+0000] {processor.py:840} INFO - DAG(s) 'example_subdag_operator.section-1', 'example_subdag_operator.section-2', 'example_subdag_operator' retrieved from /home/airflow/.local/lib/python3.8/site-packages/airflow/example_dags/example_subdag_operator.py
[2024-02-14T09:38:54.712+0000] {logging_mixin.py:188} INFO - [2024-02-14T09:38:54.712+0000] {dag.py:3036} INFO - Sync 3 DAGs
[2024-02-14T09:38:54.727+0000] {logging_mixin.py:188} INFO - [2024-02-14T09:38:54.727+0000] {dag.py:3823} INFO - Setting next_dagrun for example_subdag_operator to 2022-01-01 00:00:00+00:00, run_after=2022-01-01 00:00:00+00:00
[2024-02-14T09:38:54.730+0000] {logging_mixin.py:188} INFO - [2024-02-14T09:38:54.730+0000] {dag.py:3823} INFO - Setting next_dagrun for example_subdag_operator.section-1 to None, run_after=None
[2024-02-14T09:38:54.733+0000] {logging_mixin.py:188} INFO - [2024-02-14T09:38:54.732+0000] {dag.py:3823} INFO - Setting next_dagrun for example_subdag_operator.section-2 to None, run_after=None
[2024-02-14T09:38:54.738+0000] {logging_mixin.py:188} INFO - [2024-02-14T09:38:54.737+0000] {dag.py:3036} INFO - Sync 2 DAGs
[2024-02-14T09:38:54.742+0000] {logging_mixin.py:188} INFO - [2024-02-14T09:38:54.741+0000] {dag.py:3823} INFO - Setting next_dagrun for example_subdag_operator.section-1 to None, run_after=None
[2024-02-14T09:38:54.743+0000] {logging_mixin.py:188} INFO - [2024-02-14T09:38:54.743+0000] {dag.py:3823} INFO - Setting next_dagrun for example_subdag_operator.section-2 to None, run_after=None
[2024-02-14T09:38:54.751+0000] {processor.py:183} INFO - Processing /home/airflow/.local/lib/python3.8/site-packages/airflow/example_dags/example_subdag_operator.py took 0.075 seconds
[2024-02-14T09:43:49.587+0000] {processor.py:161} INFO - Started process (PID=66) to work on /home/airflow/.local/lib/python3.8/site-packages/airflow/example_dags/example_subdag_operator.py
[2024-02-14T09:43:49.589+0000] {processor.py:830} INFO - Processing file /home/airflow/.local/lib/python3.8/site-packages/airflow/example_dags/example_subdag_operator.py for tasks to queue
[2024-02-14T09:43:49.592+0000] {logging_mixin.py:188} INFO - [2024-02-14T09:43:49.591+0000] {dagbag.py:538} INFO - Filling up the DagBag from /home/airflow/.local/lib/python3.8/site-packages/airflow/example_dags/example_subdag_operator.py
[2024-02-14T09:43:49.610+0000] {processor.py:840} INFO - DAG(s) 'example_subdag_operator.section-1', 'example_subdag_operator.section-2', 'example_subdag_operator' retrieved from /home/airflow/.local/lib/python3.8/site-packages/airflow/example_dags/example_subdag_operator.py
[2024-02-14T09:43:49.614+0000] {logging_mixin.py:188} INFO - [2024-02-14T09:43:49.614+0000] {dag.py:3036} INFO - Sync 3 DAGs
[2024-02-14T09:43:49.630+0000] {logging_mixin.py:188} INFO - [2024-02-14T09:43:49.629+0000] {dag.py:3823} INFO - Setting next_dagrun for example_subdag_operator to 2022-01-01 00:00:00+00:00, run_after=2022-01-01 00:00:00+00:00
[2024-02-14T09:43:49.634+0000] {logging_mixin.py:188} INFO - [2024-02-14T09:43:49.634+0000] {dag.py:3823} INFO - Setting next_dagrun for example_subdag_operator.section-1 to None, run_after=None
[2024-02-14T09:43:49.636+0000] {logging_mixin.py:188} INFO - [2024-02-14T09:43:49.636+0000] {dag.py:3823} INFO - Setting next_dagrun for example_subdag_operator.section-2 to None, run_after=None
[2024-02-14T09:43:49.641+0000] {logging_mixin.py:188} INFO - [2024-02-14T09:43:49.641+0000] {dag.py:3036} INFO - Sync 2 DAGs
[2024-02-14T09:43:49.645+0000] {logging_mixin.py:188} INFO - [2024-02-14T09:43:49.645+0000] {dag.py:3823} INFO - Setting next_dagrun for example_subdag_operator.section-1 to None, run_after=None
[2024-02-14T09:43:49.646+0000] {logging_mixin.py:188} INFO - [2024-02-14T09:43:49.646+0000] {dag.py:3823} INFO - Setting next_dagrun for example_subdag_operator.section-2 to None, run_after=None
[2024-02-14T09:43:49.653+0000] {processor.py:183} INFO - Processing /home/airflow/.local/lib/python3.8/site-packages/airflow/example_dags/example_subdag_operator.py took 0.068 seconds
[2024-02-14T09:46:38.707+0000] {processor.py:161} INFO - Started process (PID=65) to work on /home/airflow/.local/lib/python3.8/site-packages/airflow/example_dags/example_subdag_operator.py
[2024-02-14T09:46:38.709+0000] {processor.py:830} INFO - Processing file /home/airflow/.local/lib/python3.8/site-packages/airflow/example_dags/example_subdag_operator.py for tasks to queue
[2024-02-14T09:46:38.711+0000] {logging_mixin.py:188} INFO - [2024-02-14T09:46:38.711+0000] {dagbag.py:538} INFO - Filling up the DagBag from /home/airflow/.local/lib/python3.8/site-packages/airflow/example_dags/example_subdag_operator.py
[2024-02-14T09:46:38.729+0000] {processor.py:840} INFO - DAG(s) 'example_subdag_operator.section-1', 'example_subdag_operator.section-2', 'example_subdag_operator' retrieved from /home/airflow/.local/lib/python3.8/site-packages/airflow/example_dags/example_subdag_operator.py
[2024-02-14T09:46:38.791+0000] {logging_mixin.py:188} INFO - [2024-02-14T09:46:38.791+0000] {override.py:1769} INFO - Created Permission View: can edit on DAG:example_subdag_operator
[2024-02-14T09:46:38.799+0000] {logging_mixin.py:188} INFO - [2024-02-14T09:46:38.799+0000] {override.py:1769} INFO - Created Permission View: can read on DAG:example_subdag_operator
[2024-02-14T09:46:38.805+0000] {logging_mixin.py:188} INFO - [2024-02-14T09:46:38.804+0000] {override.py:1769} INFO - Created Permission View: can delete on DAG:example_subdag_operator
[2024-02-14T09:46:38.806+0000] {logging_mixin.py:188} INFO - [2024-02-14T09:46:38.806+0000] {dag.py:3036} INFO - Sync 3 DAGs
[2024-02-14T09:46:38.814+0000] {logging_mixin.py:188} INFO - [2024-02-14T09:46:38.813+0000] {dag.py:3058} INFO - Creating ORM DAG for example_subdag_operator.section-1
[2024-02-14T09:46:38.815+0000] {logging_mixin.py:188} INFO - [2024-02-14T09:46:38.815+0000] {dag.py:3058} INFO - Creating ORM DAG for example_subdag_operator.section-2
[2024-02-14T09:46:38.816+0000] {logging_mixin.py:188} INFO - [2024-02-14T09:46:38.816+0000] {dag.py:3058} INFO - Creating ORM DAG for example_subdag_operator
[2024-02-14T09:46:38.823+0000] {logging_mixin.py:188} INFO - [2024-02-14T09:46:38.823+0000] {dag.py:3823} INFO - Setting next_dagrun for example_subdag_operator to 2022-01-01 00:00:00+00:00, run_after=2022-01-01 00:00:00+00:00
[2024-02-14T09:46:38.825+0000] {logging_mixin.py:188} INFO - [2024-02-14T09:46:38.825+0000] {dag.py:3823} INFO - Setting next_dagrun for example_subdag_operator.section-1 to None, run_after=None
[2024-02-14T09:46:38.826+0000] {logging_mixin.py:188} INFO - [2024-02-14T09:46:38.825+0000] {dag.py:3823} INFO - Setting next_dagrun for example_subdag_operator.section-2 to None, run_after=None
[2024-02-14T09:46:38.832+0000] {logging_mixin.py:188} INFO - [2024-02-14T09:46:38.832+0000] {dag.py:3036} INFO - Sync 2 DAGs
[2024-02-14T09:46:38.838+0000] {logging_mixin.py:188} INFO - [2024-02-14T09:46:38.838+0000] {dag.py:3823} INFO - Setting next_dagrun for example_subdag_operator.section-1 to None, run_after=None
[2024-02-14T09:46:38.842+0000] {logging_mixin.py:188} INFO - [2024-02-14T09:46:38.842+0000] {dag.py:3823} INFO - Setting next_dagrun for example_subdag_operator.section-2 to None, run_after=None
[2024-02-14T09:46:38.851+0000] {processor.py:183} INFO - Processing /home/airflow/.local/lib/python3.8/site-packages/airflow/example_dags/example_subdag_operator.py took 0.147 seconds
[2024-02-14T09:47:09.494+0000] {processor.py:161} INFO - Started process (PID=120) to work on /home/airflow/.local/lib/python3.8/site-packages/airflow/example_dags/example_subdag_operator.py
[2024-02-14T09:47:09.495+0000] {processor.py:830} INFO - Processing file /home/airflow/.local/lib/python3.8/site-packages/airflow/example_dags/example_subdag_operator.py for tasks to queue
[2024-02-14T09:47:09.497+0000] {logging_mixin.py:188} INFO - [2024-02-14T09:47:09.497+0000] {dagbag.py:538} INFO - Filling up the DagBag from /home/airflow/.local/lib/python3.8/site-packages/airflow/example_dags/example_subdag_operator.py
[2024-02-14T09:47:09.513+0000] {processor.py:840} INFO - DAG(s) 'example_subdag_operator.section-1', 'example_subdag_operator.section-2', 'example_subdag_operator' retrieved from /home/airflow/.local/lib/python3.8/site-packages/airflow/example_dags/example_subdag_operator.py
[2024-02-14T09:47:09.523+0000] {logging_mixin.py:188} INFO - [2024-02-14T09:47:09.522+0000] {dag.py:3036} INFO - Sync 3 DAGs
[2024-02-14T09:47:09.536+0000] {logging_mixin.py:188} INFO - [2024-02-14T09:47:09.536+0000] {dag.py:3823} INFO - Setting next_dagrun for example_subdag_operator to 2022-01-01 00:00:00+00:00, run_after=2022-01-01 00:00:00+00:00
[2024-02-14T09:47:09.539+0000] {logging_mixin.py:188} INFO - [2024-02-14T09:47:09.539+0000] {dag.py:3823} INFO - Setting next_dagrun for example_subdag_operator.section-1 to None, run_after=None
[2024-02-14T09:47:09.541+0000] {logging_mixin.py:188} INFO - [2024-02-14T09:47:09.541+0000] {dag.py:3823} INFO - Setting next_dagrun for example_subdag_operator.section-2 to None, run_after=None
[2024-02-14T09:47:09.546+0000] {logging_mixin.py:188} INFO - [2024-02-14T09:47:09.546+0000] {dag.py:3036} INFO - Sync 2 DAGs
[2024-02-14T09:47:09.550+0000] {logging_mixin.py:188} INFO - [2024-02-14T09:47:09.550+0000] {dag.py:3823} INFO - Setting next_dagrun for example_subdag_operator.section-1 to None, run_after=None
[2024-02-14T09:47:09.551+0000] {logging_mixin.py:188} INFO - [2024-02-14T09:47:09.551+0000] {dag.py:3823} INFO - Setting next_dagrun for example_subdag_operator.section-2 to None, run_after=None
[2024-02-14T09:47:09.560+0000] {processor.py:183} INFO - Processing /home/airflow/.local/lib/python3.8/site-packages/airflow/example_dags/example_subdag_operator.py took 0.069 seconds
[2024-02-14T09:47:39.905+0000] {processor.py:161} INFO - Started process (PID=178) to work on /home/airflow/.local/lib/python3.8/site-packages/airflow/example_dags/example_subdag_operator.py
[2024-02-14T09:47:39.917+0000] {processor.py:830} INFO - Processing file /home/airflow/.local/lib/python3.8/site-packages/airflow/example_dags/example_subdag_operator.py for tasks to queue
[2024-02-14T09:47:39.927+0000] {logging_mixin.py:188} INFO - [2024-02-14T09:47:39.926+0000] {dagbag.py:538} INFO - Filling up the DagBag from /home/airflow/.local/lib/python3.8/site-packages/airflow/example_dags/example_subdag_operator.py
[2024-02-14T09:47:39.968+0000] {processor.py:840} INFO - DAG(s) 'example_subdag_operator.section-1', 'example_subdag_operator.section-2', 'example_subdag_operator' retrieved from /home/airflow/.local/lib/python3.8/site-packages/airflow/example_dags/example_subdag_operator.py
[2024-02-14T09:47:39.981+0000] {logging_mixin.py:188} INFO - [2024-02-14T09:47:39.981+0000] {dag.py:3036} INFO - Sync 3 DAGs
[2024-02-14T09:47:39.997+0000] {logging_mixin.py:188} INFO - [2024-02-14T09:47:39.997+0000] {dag.py:3823} INFO - Setting next_dagrun for example_subdag_operator to 2022-01-01 00:00:00+00:00, run_after=2022-01-01 00:00:00+00:00
[2024-02-14T09:47:40.001+0000] {logging_mixin.py:188} INFO - [2024-02-14T09:47:40.000+0000] {dag.py:3823} INFO - Setting next_dagrun for example_subdag_operator.section-1 to None, run_after=None
[2024-02-14T09:47:40.005+0000] {logging_mixin.py:188} INFO - [2024-02-14T09:47:40.004+0000] {dag.py:3823} INFO - Setting next_dagrun for example_subdag_operator.section-2 to None, run_after=None
[2024-02-14T09:47:40.012+0000] {logging_mixin.py:188} INFO - [2024-02-14T09:47:40.012+0000] {dag.py:3036} INFO - Sync 2 DAGs
[2024-02-14T09:47:40.017+0000] {logging_mixin.py:188} INFO - [2024-02-14T09:47:40.017+0000] {dag.py:3823} INFO - Setting next_dagrun for example_subdag_operator.section-1 to None, run_after=None
[2024-02-14T09:47:40.019+0000] {logging_mixin.py:188} INFO - [2024-02-14T09:47:40.019+0000] {dag.py:3823} INFO - Setting next_dagrun for example_subdag_operator.section-2 to None, run_after=None
[2024-02-14T09:47:40.027+0000] {processor.py:183} INFO - Processing /home/airflow/.local/lib/python3.8/site-packages/airflow/example_dags/example_subdag_operator.py took 0.127 seconds
[2024-02-14T09:48:10.626+0000] {processor.py:161} INFO - Started process (PID=236) to work on /home/airflow/.local/lib/python3.8/site-packages/airflow/example_dags/example_subdag_operator.py
[2024-02-14T09:48:10.628+0000] {processor.py:830} INFO - Processing file /home/airflow/.local/lib/python3.8/site-packages/airflow/example_dags/example_subdag_operator.py for tasks to queue
[2024-02-14T09:48:10.630+0000] {logging_mixin.py:188} INFO - [2024-02-14T09:48:10.629+0000] {dagbag.py:538} INFO - Filling up the DagBag from /home/airflow/.local/lib/python3.8/site-packages/airflow/example_dags/example_subdag_operator.py
[2024-02-14T09:48:10.647+0000] {processor.py:840} INFO - DAG(s) 'example_subdag_operator.section-1', 'example_subdag_operator.section-2', 'example_subdag_operator' retrieved from /home/airflow/.local/lib/python3.8/site-packages/airflow/example_dags/example_subdag_operator.py
[2024-02-14T09:48:10.658+0000] {logging_mixin.py:188} INFO - [2024-02-14T09:48:10.658+0000] {dag.py:3036} INFO - Sync 3 DAGs
[2024-02-14T09:48:10.672+0000] {logging_mixin.py:188} INFO - [2024-02-14T09:48:10.672+0000] {dag.py:3823} INFO - Setting next_dagrun for example_subdag_operator to 2022-01-01 00:00:00+00:00, run_after=2022-01-01 00:00:00+00:00
[2024-02-14T09:48:10.676+0000] {logging_mixin.py:188} INFO - [2024-02-14T09:48:10.676+0000] {dag.py:3823} INFO - Setting next_dagrun for example_subdag_operator.section-1 to None, run_after=None
[2024-02-14T09:48:10.678+0000] {logging_mixin.py:188} INFO - [2024-02-14T09:48:10.678+0000] {dag.py:3823} INFO - Setting next_dagrun for example_subdag_operator.section-2 to None, run_after=None
[2024-02-14T09:48:10.690+0000] {logging_mixin.py:188} INFO - [2024-02-14T09:48:10.689+0000] {dag.py:3036} INFO - Sync 2 DAGs
[2024-02-14T09:48:10.694+0000] {logging_mixin.py:188} INFO - [2024-02-14T09:48:10.694+0000] {dag.py:3823} INFO - Setting next_dagrun for example_subdag_operator.section-1 to None, run_after=None
[2024-02-14T09:48:10.696+0000] {logging_mixin.py:188} INFO - [2024-02-14T09:48:10.696+0000] {dag.py:3823} INFO - Setting next_dagrun for example_subdag_operator.section-2 to None, run_after=None
[2024-02-14T09:48:10.704+0000] {processor.py:183} INFO - Processing /home/airflow/.local/lib/python3.8/site-packages/airflow/example_dags/example_subdag_operator.py took 0.080 seconds
[2024-02-14T09:48:41.080+0000] {processor.py:161} INFO - Started process (PID=296) to work on /home/airflow/.local/lib/python3.8/site-packages/airflow/example_dags/example_subdag_operator.py
[2024-02-14T09:48:41.081+0000] {processor.py:830} INFO - Processing file /home/airflow/.local/lib/python3.8/site-packages/airflow/example_dags/example_subdag_operator.py for tasks to queue
[2024-02-14T09:48:41.083+0000] {logging_mixin.py:188} INFO - [2024-02-14T09:48:41.083+0000] {dagbag.py:538} INFO - Filling up the DagBag from /home/airflow/.local/lib/python3.8/site-packages/airflow/example_dags/example_subdag_operator.py
[2024-02-14T09:48:41.098+0000] {processor.py:840} INFO - DAG(s) 'example_subdag_operator.section-1', 'example_subdag_operator.section-2', 'example_subdag_operator' retrieved from /home/airflow/.local/lib/python3.8/site-packages/airflow/example_dags/example_subdag_operator.py
[2024-02-14T09:48:41.108+0000] {logging_mixin.py:188} INFO - [2024-02-14T09:48:41.108+0000] {dag.py:3036} INFO - Sync 3 DAGs
[2024-02-14T09:48:41.120+0000] {logging_mixin.py:188} INFO - [2024-02-14T09:48:41.120+0000] {dag.py:3823} INFO - Setting next_dagrun for example_subdag_operator to 2022-01-01 00:00:00+00:00, run_after=2022-01-01 00:00:00+00:00
[2024-02-14T09:48:41.123+0000] {logging_mixin.py:188} INFO - [2024-02-14T09:48:41.123+0000] {dag.py:3823} INFO - Setting next_dagrun for example_subdag_operator.section-1 to None, run_after=None
[2024-02-14T09:48:41.124+0000] {logging_mixin.py:188} INFO - [2024-02-14T09:48:41.124+0000] {dag.py:3823} INFO - Setting next_dagrun for example_subdag_operator.section-2 to None, run_after=None
[2024-02-14T09:48:41.129+0000] {logging_mixin.py:188} INFO - [2024-02-14T09:48:41.129+0000] {dag.py:3036} INFO - Sync 2 DAGs
[2024-02-14T09:48:41.132+0000] {logging_mixin.py:188} INFO - [2024-02-14T09:48:41.132+0000] {dag.py:3823} INFO - Setting next_dagrun for example_subdag_operator.section-1 to None, run_after=None
[2024-02-14T09:48:41.133+0000] {logging_mixin.py:188} INFO - [2024-02-14T09:48:41.133+0000] {dag.py:3823} INFO - Setting next_dagrun for example_subdag_operator.section-2 to None, run_after=None
[2024-02-14T09:48:41.140+0000] {processor.py:183} INFO - Processing /home/airflow/.local/lib/python3.8/site-packages/airflow/example_dags/example_subdag_operator.py took 0.062 seconds
[2024-02-14T09:49:11.713+0000] {processor.py:161} INFO - Started process (PID=352) to work on /home/airflow/.local/lib/python3.8/site-packages/airflow/example_dags/example_subdag_operator.py
[2024-02-14T09:49:11.715+0000] {processor.py:830} INFO - Processing file /home/airflow/.local/lib/python3.8/site-packages/airflow/example_dags/example_subdag_operator.py for tasks to queue
[2024-02-14T09:49:11.717+0000] {logging_mixin.py:188} INFO - [2024-02-14T09:49:11.717+0000] {dagbag.py:538} INFO - Filling up the DagBag from /home/airflow/.local/lib/python3.8/site-packages/airflow/example_dags/example_subdag_operator.py
[2024-02-14T09:49:11.733+0000] {processor.py:840} INFO - DAG(s) 'example_subdag_operator.section-1', 'example_subdag_operator.section-2', 'example_subdag_operator' retrieved from /home/airflow/.local/lib/python3.8/site-packages/airflow/example_dags/example_subdag_operator.py
[2024-02-14T09:49:11.744+0000] {logging_mixin.py:188} INFO - [2024-02-14T09:49:11.744+0000] {dag.py:3036} INFO - Sync 3 DAGs
[2024-02-14T09:49:11.761+0000] {logging_mixin.py:188} INFO - [2024-02-14T09:49:11.761+0000] {dag.py:3823} INFO - Setting next_dagrun for example_subdag_operator to 2022-01-01 00:00:00+00:00, run_after=2022-01-01 00:00:00+00:00
[2024-02-14T09:49:11.764+0000] {logging_mixin.py:188} INFO - [2024-02-14T09:49:11.764+0000] {dag.py:3823} INFO - Setting next_dagrun for example_subdag_operator.section-1 to None, run_after=None
[2024-02-14T09:49:11.766+0000] {logging_mixin.py:188} INFO - [2024-02-14T09:49:11.766+0000] {dag.py:3823} INFO - Setting next_dagrun for example_subdag_operator.section-2 to None, run_after=None
[2024-02-14T09:49:11.771+0000] {logging_mixin.py:188} INFO - [2024-02-14T09:49:11.771+0000] {dag.py:3036} INFO - Sync 2 DAGs
[2024-02-14T09:49:11.775+0000] {logging_mixin.py:188} INFO - [2024-02-14T09:49:11.775+0000] {dag.py:3823} INFO - Setting next_dagrun for example_subdag_operator.section-1 to None, run_after=None
[2024-02-14T09:49:11.776+0000] {logging_mixin.py:188} INFO - [2024-02-14T09:49:11.776+0000] {dag.py:3823} INFO - Setting next_dagrun for example_subdag_operator.section-2 to None, run_after=None
[2024-02-14T09:49:11.785+0000] {processor.py:183} INFO - Processing /home/airflow/.local/lib/python3.8/site-packages/airflow/example_dags/example_subdag_operator.py took 0.075 seconds
[2024-02-14T09:49:42.635+0000] {processor.py:161} INFO - Started process (PID=408) to work on /home/airflow/.local/lib/python3.8/site-packages/airflow/example_dags/example_subdag_operator.py
[2024-02-14T09:49:42.637+0000] {processor.py:830} INFO - Processing file /home/airflow/.local/lib/python3.8/site-packages/airflow/example_dags/example_subdag_operator.py for tasks to queue
[2024-02-14T09:49:42.641+0000] {logging_mixin.py:188} INFO - [2024-02-14T09:49:42.641+0000] {dagbag.py:538} INFO - Filling up the DagBag from /home/airflow/.local/lib/python3.8/site-packages/airflow/example_dags/example_subdag_operator.py
[2024-02-14T09:49:42.661+0000] {processor.py:840} INFO - DAG(s) 'example_subdag_operator.section-1', 'example_subdag_operator.section-2', 'example_subdag_operator' retrieved from /home/airflow/.local/lib/python3.8/site-packages/airflow/example_dags/example_subdag_operator.py
[2024-02-14T09:49:42.671+0000] {logging_mixin.py:188} INFO - [2024-02-14T09:49:42.671+0000] {dag.py:3036} INFO - Sync 3 DAGs
[2024-02-14T09:49:42.685+0000] {logging_mixin.py:188} INFO - [2024-02-14T09:49:42.685+0000] {dag.py:3823} INFO - Setting next_dagrun for example_subdag_operator to 2022-01-01 00:00:00+00:00, run_after=2022-01-01 00:00:00+00:00
[2024-02-14T09:49:42.688+0000] {logging_mixin.py:188} INFO - [2024-02-14T09:49:42.688+0000] {dag.py:3823} INFO - Setting next_dagrun for example_subdag_operator.section-1 to None, run_after=None
[2024-02-14T09:49:42.690+0000] {logging_mixin.py:188} INFO - [2024-02-14T09:49:42.690+0000] {dag.py:3823} INFO - Setting next_dagrun for example_subdag_operator.section-2 to None, run_after=None
[2024-02-14T09:49:42.695+0000] {logging_mixin.py:188} INFO - [2024-02-14T09:49:42.695+0000] {dag.py:3036} INFO - Sync 2 DAGs
[2024-02-14T09:49:42.699+0000] {logging_mixin.py:188} INFO - [2024-02-14T09:49:42.699+0000] {dag.py:3823} INFO - Setting next_dagrun for example_subdag_operator.section-1 to None, run_after=None
[2024-02-14T09:49:42.701+0000] {logging_mixin.py:188} INFO - [2024-02-14T09:49:42.700+0000] {dag.py:3823} INFO - Setting next_dagrun for example_subdag_operator.section-2 to None, run_after=None
[2024-02-14T09:49:42.708+0000] {processor.py:183} INFO - Processing /home/airflow/.local/lib/python3.8/site-packages/airflow/example_dags/example_subdag_operator.py took 0.076 seconds
[2024-02-14T09:50:13.163+0000] {processor.py:161} INFO - Started process (PID=466) to work on /home/airflow/.local/lib/python3.8/site-packages/airflow/example_dags/example_subdag_operator.py
[2024-02-14T09:50:13.165+0000] {processor.py:830} INFO - Processing file /home/airflow/.local/lib/python3.8/site-packages/airflow/example_dags/example_subdag_operator.py for tasks to queue
[2024-02-14T09:50:13.167+0000] {logging_mixin.py:188} INFO - [2024-02-14T09:50:13.167+0000] {dagbag.py:538} INFO - Filling up the DagBag from /home/airflow/.local/lib/python3.8/site-packages/airflow/example_dags/example_subdag_operator.py
[2024-02-14T09:50:13.185+0000] {processor.py:840} INFO - DAG(s) 'example_subdag_operator.section-1', 'example_subdag_operator.section-2', 'example_subdag_operator' retrieved from /home/airflow/.local/lib/python3.8/site-packages/airflow/example_dags/example_subdag_operator.py
[2024-02-14T09:50:13.201+0000] {logging_mixin.py:188} INFO - [2024-02-14T09:50:13.201+0000] {dag.py:3036} INFO - Sync 3 DAGs
[2024-02-14T09:50:13.214+0000] {logging_mixin.py:188} INFO - [2024-02-14T09:50:13.214+0000] {dag.py:3823} INFO - Setting next_dagrun for example_subdag_operator to 2022-01-01 00:00:00+00:00, run_after=2022-01-01 00:00:00+00:00
[2024-02-14T09:50:13.217+0000] {logging_mixin.py:188} INFO - [2024-02-14T09:50:13.217+0000] {dag.py:3823} INFO - Setting next_dagrun for example_subdag_operator.section-1 to None, run_after=None
[2024-02-14T09:50:13.219+0000] {logging_mixin.py:188} INFO - [2024-02-14T09:50:13.219+0000] {dag.py:3823} INFO - Setting next_dagrun for example_subdag_operator.section-2 to None, run_after=None
[2024-02-14T09:50:13.223+0000] {logging_mixin.py:188} INFO - [2024-02-14T09:50:13.223+0000] {dag.py:3036} INFO - Sync 2 DAGs
[2024-02-14T09:50:13.227+0000] {logging_mixin.py:188} INFO - [2024-02-14T09:50:13.226+0000] {dag.py:3823} INFO - Setting next_dagrun for example_subdag_operator.section-1 to None, run_after=None
[2024-02-14T09:50:13.228+0000] {logging_mixin.py:188} INFO - [2024-02-14T09:50:13.228+0000] {dag.py:3823} INFO - Setting next_dagrun for example_subdag_operator.section-2 to None, run_after=None
[2024-02-14T09:50:13.236+0000] {processor.py:183} INFO - Processing /home/airflow/.local/lib/python3.8/site-packages/airflow/example_dags/example_subdag_operator.py took 0.075 seconds
[2024-02-14T09:50:43.431+0000] {processor.py:161} INFO - Started process (PID=522) to work on /home/airflow/.local/lib/python3.8/site-packages/airflow/example_dags/example_subdag_operator.py
[2024-02-14T09:50:43.433+0000] {processor.py:830} INFO - Processing file /home/airflow/.local/lib/python3.8/site-packages/airflow/example_dags/example_subdag_operator.py for tasks to queue
[2024-02-14T09:50:43.435+0000] {logging_mixin.py:188} INFO - [2024-02-14T09:50:43.434+0000] {dagbag.py:538} INFO - Filling up the DagBag from /home/airflow/.local/lib/python3.8/site-packages/airflow/example_dags/example_subdag_operator.py
[2024-02-14T09:50:43.451+0000] {processor.py:840} INFO - DAG(s) 'example_subdag_operator.section-1', 'example_subdag_operator.section-2', 'example_subdag_operator' retrieved from /home/airflow/.local/lib/python3.8/site-packages/airflow/example_dags/example_subdag_operator.py
[2024-02-14T09:50:43.461+0000] {logging_mixin.py:188} INFO - [2024-02-14T09:50:43.461+0000] {dag.py:3036} INFO - Sync 3 DAGs
[2024-02-14T09:50:43.475+0000] {logging_mixin.py:188} INFO - [2024-02-14T09:50:43.475+0000] {dag.py:3823} INFO - Setting next_dagrun for example_subdag_operator to 2022-01-01 00:00:00+00:00, run_after=2022-01-01 00:00:00+00:00
[2024-02-14T09:50:43.479+0000] {logging_mixin.py:188} INFO - [2024-02-14T09:50:43.479+0000] {dag.py:3823} INFO - Setting next_dagrun for example_subdag_operator.section-1 to None, run_after=None
[2024-02-14T09:50:43.480+0000] {logging_mixin.py:188} INFO - [2024-02-14T09:50:43.480+0000] {dag.py:3823} INFO - Setting next_dagrun for example_subdag_operator.section-2 to None, run_after=None
[2024-02-14T09:50:43.485+0000] {logging_mixin.py:188} INFO - [2024-02-14T09:50:43.485+0000] {dag.py:3036} INFO - Sync 2 DAGs
[2024-02-14T09:50:43.489+0000] {logging_mixin.py:188} INFO - [2024-02-14T09:50:43.489+0000] {dag.py:3823} INFO - Setting next_dagrun for example_subdag_operator.section-1 to None, run_after=None
[2024-02-14T09:50:43.490+0000] {logging_mixin.py:188} INFO - [2024-02-14T09:50:43.490+0000] {dag.py:3823} INFO - Setting next_dagrun for example_subdag_operator.section-2 to None, run_after=None
[2024-02-14T09:50:43.498+0000] {processor.py:183} INFO - Processing /home/airflow/.local/lib/python3.8/site-packages/airflow/example_dags/example_subdag_operator.py took 0.069 seconds
[2024-02-14T09:51:13.763+0000] {processor.py:161} INFO - Started process (PID=578) to work on /home/airflow/.local/lib/python3.8/site-packages/airflow/example_dags/example_subdag_operator.py
[2024-02-14T09:51:13.764+0000] {processor.py:830} INFO - Processing file /home/airflow/.local/lib/python3.8/site-packages/airflow/example_dags/example_subdag_operator.py for tasks to queue
[2024-02-14T09:51:13.766+0000] {logging_mixin.py:188} INFO - [2024-02-14T09:51:13.766+0000] {dagbag.py:538} INFO - Filling up the DagBag from /home/airflow/.local/lib/python3.8/site-packages/airflow/example_dags/example_subdag_operator.py
[2024-02-14T09:51:13.784+0000] {processor.py:840} INFO - DAG(s) 'example_subdag_operator.section-1', 'example_subdag_operator.section-2', 'example_subdag_operator' retrieved from /home/airflow/.local/lib/python3.8/site-packages/airflow/example_dags/example_subdag_operator.py
[2024-02-14T09:51:13.796+0000] {logging_mixin.py:188} INFO - [2024-02-14T09:51:13.796+0000] {dag.py:3036} INFO - Sync 3 DAGs
[2024-02-14T09:51:13.810+0000] {logging_mixin.py:188} INFO - [2024-02-14T09:51:13.810+0000] {dag.py:3823} INFO - Setting next_dagrun for example_subdag_operator to 2022-01-01 00:00:00+00:00, run_after=2022-01-01 00:00:00+00:00
[2024-02-14T09:51:13.814+0000] {logging_mixin.py:188} INFO - [2024-02-14T09:51:13.814+0000] {dag.py:3823} INFO - Setting next_dagrun for example_subdag_operator.section-1 to None, run_after=None
[2024-02-14T09:51:13.816+0000] {logging_mixin.py:188} INFO - [2024-02-14T09:51:13.816+0000] {dag.py:3823} INFO - Setting next_dagrun for example_subdag_operator.section-2 to None, run_after=None
[2024-02-14T09:51:13.822+0000] {logging_mixin.py:188} INFO - [2024-02-14T09:51:13.822+0000] {dag.py:3036} INFO - Sync 2 DAGs
[2024-02-14T09:51:13.826+0000] {logging_mixin.py:188} INFO - [2024-02-14T09:51:13.826+0000] {dag.py:3823} INFO - Setting next_dagrun for example_subdag_operator.section-1 to None, run_after=None
[2024-02-14T09:51:13.828+0000] {logging_mixin.py:188} INFO - [2024-02-14T09:51:13.828+0000] {dag.py:3823} INFO - Setting next_dagrun for example_subdag_operator.section-2 to None, run_after=None
[2024-02-14T09:51:13.836+0000] {processor.py:183} INFO - Processing /home/airflow/.local/lib/python3.8/site-packages/airflow/example_dags/example_subdag_operator.py took 0.075 seconds
[2024-02-14T09:51:44.307+0000] {processor.py:161} INFO - Started process (PID=636) to work on /home/airflow/.local/lib/python3.8/site-packages/airflow/example_dags/example_subdag_operator.py
[2024-02-14T09:51:44.309+0000] {processor.py:830} INFO - Processing file /home/airflow/.local/lib/python3.8/site-packages/airflow/example_dags/example_subdag_operator.py for tasks to queue
[2024-02-14T09:51:44.311+0000] {logging_mixin.py:188} INFO - [2024-02-14T09:51:44.310+0000] {dagbag.py:538} INFO - Filling up the DagBag from /home/airflow/.local/lib/python3.8/site-packages/airflow/example_dags/example_subdag_operator.py
[2024-02-14T09:51:44.328+0000] {processor.py:840} INFO - DAG(s) 'example_subdag_operator.section-1', 'example_subdag_operator.section-2', 'example_subdag_operator' retrieved from /home/airflow/.local/lib/python3.8/site-packages/airflow/example_dags/example_subdag_operator.py
[2024-02-14T09:51:44.337+0000] {logging_mixin.py:188} INFO - [2024-02-14T09:51:44.337+0000] {dag.py:3036} INFO - Sync 3 DAGs
[2024-02-14T09:51:44.351+0000] {logging_mixin.py:188} INFO - [2024-02-14T09:51:44.351+0000] {dag.py:3823} INFO - Setting next_dagrun for example_subdag_operator to 2022-01-01 00:00:00+00:00, run_after=2022-01-01 00:00:00+00:00
[2024-02-14T09:51:44.354+0000] {logging_mixin.py:188} INFO - [2024-02-14T09:51:44.354+0000] {dag.py:3823} INFO - Setting next_dagrun for example_subdag_operator.section-1 to None, run_after=None
[2024-02-14T09:51:44.357+0000] {logging_mixin.py:188} INFO - [2024-02-14T09:51:44.357+0000] {dag.py:3823} INFO - Setting next_dagrun for example_subdag_operator.section-2 to None, run_after=None
[2024-02-14T09:51:44.362+0000] {logging_mixin.py:188} INFO - [2024-02-14T09:51:44.362+0000] {dag.py:3036} INFO - Sync 2 DAGs
[2024-02-14T09:51:44.366+0000] {logging_mixin.py:188} INFO - [2024-02-14T09:51:44.366+0000] {dag.py:3823} INFO - Setting next_dagrun for example_subdag_operator.section-1 to None, run_after=None
[2024-02-14T09:51:44.367+0000] {logging_mixin.py:188} INFO - [2024-02-14T09:51:44.367+0000] {dag.py:3823} INFO - Setting next_dagrun for example_subdag_operator.section-2 to None, run_after=None
[2024-02-14T09:51:44.374+0000] {processor.py:183} INFO - Processing /home/airflow/.local/lib/python3.8/site-packages/airflow/example_dags/example_subdag_operator.py took 0.069 seconds
[2024-02-14T09:52:14.770+0000] {processor.py:161} INFO - Started process (PID=693) to work on /home/airflow/.local/lib/python3.8/site-packages/airflow/example_dags/example_subdag_operator.py
[2024-02-14T09:52:14.772+0000] {processor.py:830} INFO - Processing file /home/airflow/.local/lib/python3.8/site-packages/airflow/example_dags/example_subdag_operator.py for tasks to queue
[2024-02-14T09:52:14.773+0000] {logging_mixin.py:188} INFO - [2024-02-14T09:52:14.773+0000] {dagbag.py:538} INFO - Filling up the DagBag from /home/airflow/.local/lib/python3.8/site-packages/airflow/example_dags/example_subdag_operator.py
[2024-02-14T09:52:14.790+0000] {processor.py:840} INFO - DAG(s) 'example_subdag_operator.section-1', 'example_subdag_operator.section-2', 'example_subdag_operator' retrieved from /home/airflow/.local/lib/python3.8/site-packages/airflow/example_dags/example_subdag_operator.py
[2024-02-14T09:52:14.801+0000] {logging_mixin.py:188} INFO - [2024-02-14T09:52:14.801+0000] {dag.py:3036} INFO - Sync 3 DAGs
[2024-02-14T09:52:14.814+0000] {logging_mixin.py:188} INFO - [2024-02-14T09:52:14.813+0000] {dag.py:3823} INFO - Setting next_dagrun for example_subdag_operator to 2022-01-01 00:00:00+00:00, run_after=2022-01-01 00:00:00+00:00
[2024-02-14T09:52:14.817+0000] {logging_mixin.py:188} INFO - [2024-02-14T09:52:14.817+0000] {dag.py:3823} INFO - Setting next_dagrun for example_subdag_operator.section-1 to None, run_after=None
[2024-02-14T09:52:14.818+0000] {logging_mixin.py:188} INFO - [2024-02-14T09:52:14.818+0000] {dag.py:3823} INFO - Setting next_dagrun for example_subdag_operator.section-2 to None, run_after=None
[2024-02-14T09:52:14.824+0000] {logging_mixin.py:188} INFO - [2024-02-14T09:52:14.824+0000] {dag.py:3036} INFO - Sync 2 DAGs
[2024-02-14T09:52:14.828+0000] {logging_mixin.py:188} INFO - [2024-02-14T09:52:14.828+0000] {dag.py:3823} INFO - Setting next_dagrun for example_subdag_operator.section-1 to None, run_after=None
[2024-02-14T09:52:14.830+0000] {logging_mixin.py:188} INFO - [2024-02-14T09:52:14.829+0000] {dag.py:3823} INFO - Setting next_dagrun for example_subdag_operator.section-2 to None, run_after=None
[2024-02-14T09:52:14.837+0000] {processor.py:183} INFO - Processing /home/airflow/.local/lib/python3.8/site-packages/airflow/example_dags/example_subdag_operator.py took 0.069 seconds
[2024-02-14T09:52:45.221+0000] {processor.py:161} INFO - Started process (PID=749) to work on /home/airflow/.local/lib/python3.8/site-packages/airflow/example_dags/example_subdag_operator.py
[2024-02-14T09:52:45.222+0000] {processor.py:830} INFO - Processing file /home/airflow/.local/lib/python3.8/site-packages/airflow/example_dags/example_subdag_operator.py for tasks to queue
[2024-02-14T09:52:45.224+0000] {logging_mixin.py:188} INFO - [2024-02-14T09:52:45.224+0000] {dagbag.py:538} INFO - Filling up the DagBag from /home/airflow/.local/lib/python3.8/site-packages/airflow/example_dags/example_subdag_operator.py
[2024-02-14T09:52:45.242+0000] {processor.py:840} INFO - DAG(s) 'example_subdag_operator.section-1', 'example_subdag_operator.section-2', 'example_subdag_operator' retrieved from /home/airflow/.local/lib/python3.8/site-packages/airflow/example_dags/example_subdag_operator.py
[2024-02-14T09:52:45.252+0000] {logging_mixin.py:188} INFO - [2024-02-14T09:52:45.252+0000] {dag.py:3036} INFO - Sync 3 DAGs
[2024-02-14T09:52:45.267+0000] {logging_mixin.py:188} INFO - [2024-02-14T09:52:45.266+0000] {dag.py:3823} INFO - Setting next_dagrun for example_subdag_operator to 2022-01-01 00:00:00+00:00, run_after=2022-01-01 00:00:00+00:00
[2024-02-14T09:52:45.270+0000] {logging_mixin.py:188} INFO - [2024-02-14T09:52:45.270+0000] {dag.py:3823} INFO - Setting next_dagrun for example_subdag_operator.section-1 to None, run_after=None
[2024-02-14T09:52:45.272+0000] {logging_mixin.py:188} INFO - [2024-02-14T09:52:45.272+0000] {dag.py:3823} INFO - Setting next_dagrun for example_subdag_operator.section-2 to None, run_after=None
[2024-02-14T09:52:45.278+0000] {logging_mixin.py:188} INFO - [2024-02-14T09:52:45.278+0000] {dag.py:3036} INFO - Sync 2 DAGs
[2024-02-14T09:52:45.282+0000] {logging_mixin.py:188} INFO - [2024-02-14T09:52:45.282+0000] {dag.py:3823} INFO - Setting next_dagrun for example_subdag_operator.section-1 to None, run_after=None
[2024-02-14T09:52:45.284+0000] {logging_mixin.py:188} INFO - [2024-02-14T09:52:45.283+0000] {dag.py:3823} INFO - Setting next_dagrun for example_subdag_operator.section-2 to None, run_after=None
[2024-02-14T09:52:45.291+0000] {processor.py:183} INFO - Processing /home/airflow/.local/lib/python3.8/site-packages/airflow/example_dags/example_subdag_operator.py took 0.073 seconds
[2024-02-14T09:53:38.806+0000] {processor.py:161} INFO - Started process (PID=70) to work on /home/airflow/.local/lib/python3.8/site-packages/airflow/example_dags/example_subdag_operator.py
[2024-02-14T09:53:38.808+0000] {processor.py:830} INFO - Processing file /home/airflow/.local/lib/python3.8/site-packages/airflow/example_dags/example_subdag_operator.py for tasks to queue
[2024-02-14T09:53:38.811+0000] {logging_mixin.py:188} INFO - [2024-02-14T09:53:38.811+0000] {dagbag.py:538} INFO - Filling up the DagBag from /home/airflow/.local/lib/python3.8/site-packages/airflow/example_dags/example_subdag_operator.py
[2024-02-14T09:53:38.828+0000] {processor.py:840} INFO - DAG(s) 'example_subdag_operator.section-1', 'example_subdag_operator.section-2', 'example_subdag_operator' retrieved from /home/airflow/.local/lib/python3.8/site-packages/airflow/example_dags/example_subdag_operator.py
[2024-02-14T09:53:38.831+0000] {logging_mixin.py:188} INFO - [2024-02-14T09:53:38.831+0000] {dag.py:3036} INFO - Sync 3 DAGs
[2024-02-14T09:53:38.846+0000] {logging_mixin.py:188} INFO - [2024-02-14T09:53:38.845+0000] {dag.py:3823} INFO - Setting next_dagrun for example_subdag_operator to 2022-01-01 00:00:00+00:00, run_after=2022-01-01 00:00:00+00:00
[2024-02-14T09:53:38.849+0000] {logging_mixin.py:188} INFO - [2024-02-14T09:53:38.849+0000] {dag.py:3823} INFO - Setting next_dagrun for example_subdag_operator.section-1 to None, run_after=None
[2024-02-14T09:53:38.850+0000] {logging_mixin.py:188} INFO - [2024-02-14T09:53:38.850+0000] {dag.py:3823} INFO - Setting next_dagrun for example_subdag_operator.section-2 to None, run_after=None
[2024-02-14T09:53:38.856+0000] {logging_mixin.py:188} INFO - [2024-02-14T09:53:38.856+0000] {dag.py:3036} INFO - Sync 2 DAGs
[2024-02-14T09:53:38.860+0000] {logging_mixin.py:188} INFO - [2024-02-14T09:53:38.860+0000] {dag.py:3823} INFO - Setting next_dagrun for example_subdag_operator.section-1 to None, run_after=None
[2024-02-14T09:53:38.861+0000] {logging_mixin.py:188} INFO - [2024-02-14T09:53:38.861+0000] {dag.py:3823} INFO - Setting next_dagrun for example_subdag_operator.section-2 to None, run_after=None
[2024-02-14T09:53:38.868+0000] {processor.py:183} INFO - Processing /home/airflow/.local/lib/python3.8/site-packages/airflow/example_dags/example_subdag_operator.py took 0.064 seconds
[2024-02-14T09:54:10.728+0000] {processor.py:161} INFO - Started process (PID=126) to work on /home/airflow/.local/lib/python3.8/site-packages/airflow/example_dags/example_subdag_operator.py
[2024-02-14T09:54:10.729+0000] {processor.py:830} INFO - Processing file /home/airflow/.local/lib/python3.8/site-packages/airflow/example_dags/example_subdag_operator.py for tasks to queue
[2024-02-14T09:54:10.731+0000] {logging_mixin.py:188} INFO - [2024-02-14T09:54:10.731+0000] {dagbag.py:538} INFO - Filling up the DagBag from /home/airflow/.local/lib/python3.8/site-packages/airflow/example_dags/example_subdag_operator.py
[2024-02-14T09:54:10.749+0000] {processor.py:840} INFO - DAG(s) 'example_subdag_operator.section-1', 'example_subdag_operator.section-2', 'example_subdag_operator' retrieved from /home/airflow/.local/lib/python3.8/site-packages/airflow/example_dags/example_subdag_operator.py
[2024-02-14T09:54:10.807+0000] {logging_mixin.py:188} INFO - [2024-02-14T09:54:10.807+0000] {dag.py:3036} INFO - Sync 3 DAGs
[2024-02-14T09:54:10.821+0000] {logging_mixin.py:188} INFO - [2024-02-14T09:54:10.820+0000] {dag.py:3823} INFO - Setting next_dagrun for example_subdag_operator to 2022-01-01 00:00:00+00:00, run_after=2022-01-01 00:00:00+00:00
[2024-02-14T09:54:10.824+0000] {logging_mixin.py:188} INFO - [2024-02-14T09:54:10.824+0000] {dag.py:3823} INFO - Setting next_dagrun for example_subdag_operator.section-1 to None, run_after=None
[2024-02-14T09:54:10.827+0000] {logging_mixin.py:188} INFO - [2024-02-14T09:54:10.827+0000] {dag.py:3823} INFO - Setting next_dagrun for example_subdag_operator.section-2 to None, run_after=None
[2024-02-14T09:54:10.834+0000] {logging_mixin.py:188} INFO - [2024-02-14T09:54:10.834+0000] {dag.py:3036} INFO - Sync 2 DAGs
[2024-02-14T09:54:10.839+0000] {logging_mixin.py:188} INFO - [2024-02-14T09:54:10.839+0000] {dag.py:3823} INFO - Setting next_dagrun for example_subdag_operator.section-1 to None, run_after=None
[2024-02-14T09:54:10.840+0000] {logging_mixin.py:188} INFO - [2024-02-14T09:54:10.840+0000] {dag.py:3823} INFO - Setting next_dagrun for example_subdag_operator.section-2 to None, run_after=None
[2024-02-14T09:54:10.849+0000] {processor.py:183} INFO - Processing /home/airflow/.local/lib/python3.8/site-packages/airflow/example_dags/example_subdag_operator.py took 0.124 seconds
[2024-02-14T09:54:41.040+0000] {processor.py:161} INFO - Started process (PID=183) to work on /home/airflow/.local/lib/python3.8/site-packages/airflow/example_dags/example_subdag_operator.py
[2024-02-14T09:54:41.042+0000] {processor.py:830} INFO - Processing file /home/airflow/.local/lib/python3.8/site-packages/airflow/example_dags/example_subdag_operator.py for tasks to queue
[2024-02-14T09:54:41.044+0000] {logging_mixin.py:188} INFO - [2024-02-14T09:54:41.044+0000] {dagbag.py:538} INFO - Filling up the DagBag from /home/airflow/.local/lib/python3.8/site-packages/airflow/example_dags/example_subdag_operator.py
[2024-02-14T09:54:41.067+0000] {processor.py:840} INFO - DAG(s) 'example_subdag_operator.section-1', 'example_subdag_operator.section-2', 'example_subdag_operator' retrieved from /home/airflow/.local/lib/python3.8/site-packages/airflow/example_dags/example_subdag_operator.py
[2024-02-14T09:54:41.078+0000] {logging_mixin.py:188} INFO - [2024-02-14T09:54:41.078+0000] {dag.py:3036} INFO - Sync 3 DAGs
[2024-02-14T09:54:41.092+0000] {logging_mixin.py:188} INFO - [2024-02-14T09:54:41.092+0000] {dag.py:3823} INFO - Setting next_dagrun for example_subdag_operator to 2022-01-01 00:00:00+00:00, run_after=2022-01-01 00:00:00+00:00
[2024-02-14T09:54:41.096+0000] {logging_mixin.py:188} INFO - [2024-02-14T09:54:41.095+0000] {dag.py:3823} INFO - Setting next_dagrun for example_subdag_operator.section-1 to None, run_after=None
[2024-02-14T09:54:41.097+0000] {logging_mixin.py:188} INFO - [2024-02-14T09:54:41.097+0000] {dag.py:3823} INFO - Setting next_dagrun for example_subdag_operator.section-2 to None, run_after=None
[2024-02-14T09:54:41.102+0000] {logging_mixin.py:188} INFO - [2024-02-14T09:54:41.102+0000] {dag.py:3036} INFO - Sync 2 DAGs
[2024-02-14T09:54:41.106+0000] {logging_mixin.py:188} INFO - [2024-02-14T09:54:41.106+0000] {dag.py:3823} INFO - Setting next_dagrun for example_subdag_operator.section-1 to None, run_after=None
[2024-02-14T09:54:41.107+0000] {logging_mixin.py:188} INFO - [2024-02-14T09:54:41.107+0000] {dag.py:3823} INFO - Setting next_dagrun for example_subdag_operator.section-2 to None, run_after=None
[2024-02-14T09:54:41.114+0000] {processor.py:183} INFO - Processing /home/airflow/.local/lib/python3.8/site-packages/airflow/example_dags/example_subdag_operator.py took 0.076 seconds
[2024-02-14T09:55:50.512+0000] {processor.py:161} INFO - Started process (PID=67) to work on /home/airflow/.local/lib/python3.8/site-packages/airflow/example_dags/example_subdag_operator.py
[2024-02-14T09:55:50.514+0000] {processor.py:830} INFO - Processing file /home/airflow/.local/lib/python3.8/site-packages/airflow/example_dags/example_subdag_operator.py for tasks to queue
[2024-02-14T09:55:50.516+0000] {logging_mixin.py:188} INFO - [2024-02-14T09:55:50.516+0000] {dagbag.py:538} INFO - Filling up the DagBag from /home/airflow/.local/lib/python3.8/site-packages/airflow/example_dags/example_subdag_operator.py
[2024-02-14T09:55:50.536+0000] {processor.py:840} INFO - DAG(s) 'example_subdag_operator.section-1', 'example_subdag_operator.section-2', 'example_subdag_operator' retrieved from /home/airflow/.local/lib/python3.8/site-packages/airflow/example_dags/example_subdag_operator.py
[2024-02-14T09:55:50.541+0000] {logging_mixin.py:188} INFO - [2024-02-14T09:55:50.540+0000] {dag.py:3036} INFO - Sync 3 DAGs
[2024-02-14T09:55:50.558+0000] {logging_mixin.py:188} INFO - [2024-02-14T09:55:50.558+0000] {dag.py:3823} INFO - Setting next_dagrun for example_subdag_operator to 2022-01-01 00:00:00+00:00, run_after=2022-01-01 00:00:00+00:00
[2024-02-14T09:55:50.561+0000] {logging_mixin.py:188} INFO - [2024-02-14T09:55:50.561+0000] {dag.py:3823} INFO - Setting next_dagrun for example_subdag_operator.section-1 to None, run_after=None
[2024-02-14T09:55:50.566+0000] {logging_mixin.py:188} INFO - [2024-02-14T09:55:50.566+0000] {dag.py:3823} INFO - Setting next_dagrun for example_subdag_operator.section-2 to None, run_after=None
[2024-02-14T09:55:50.573+0000] {logging_mixin.py:188} INFO - [2024-02-14T09:55:50.573+0000] {dag.py:3036} INFO - Sync 2 DAGs
[2024-02-14T09:55:50.579+0000] {logging_mixin.py:188} INFO - [2024-02-14T09:55:50.579+0000] {dag.py:3823} INFO - Setting next_dagrun for example_subdag_operator.section-1 to None, run_after=None
[2024-02-14T09:55:50.580+0000] {logging_mixin.py:188} INFO - [2024-02-14T09:55:50.580+0000] {dag.py:3823} INFO - Setting next_dagrun for example_subdag_operator.section-2 to None, run_after=None
[2024-02-14T09:55:50.592+0000] {processor.py:183} INFO - Processing /home/airflow/.local/lib/python3.8/site-packages/airflow/example_dags/example_subdag_operator.py took 0.083 seconds
[2024-02-14T09:56:20.948+0000] {processor.py:161} INFO - Started process (PID=129) to work on /home/airflow/.local/lib/python3.8/site-packages/airflow/example_dags/example_subdag_operator.py
[2024-02-14T09:56:20.956+0000] {processor.py:830} INFO - Processing file /home/airflow/.local/lib/python3.8/site-packages/airflow/example_dags/example_subdag_operator.py for tasks to queue
[2024-02-14T09:56:20.973+0000] {logging_mixin.py:188} INFO - [2024-02-14T09:56:20.972+0000] {dagbag.py:538} INFO - Filling up the DagBag from /home/airflow/.local/lib/python3.8/site-packages/airflow/example_dags/example_subdag_operator.py
[2024-02-14T09:56:21.035+0000] {processor.py:840} INFO - DAG(s) 'example_subdag_operator.section-1', 'example_subdag_operator.section-2', 'example_subdag_operator' retrieved from /home/airflow/.local/lib/python3.8/site-packages/airflow/example_dags/example_subdag_operator.py
[2024-02-14T09:56:21.160+0000] {logging_mixin.py:188} INFO - [2024-02-14T09:56:21.160+0000] {dag.py:3036} INFO - Sync 3 DAGs
[2024-02-14T09:56:21.186+0000] {logging_mixin.py:188} INFO - [2024-02-14T09:56:21.186+0000] {dag.py:3823} INFO - Setting next_dagrun for example_subdag_operator to 2022-01-01 00:00:00+00:00, run_after=2022-01-01 00:00:00+00:00
[2024-02-14T09:56:21.190+0000] {logging_mixin.py:188} INFO - [2024-02-14T09:56:21.190+0000] {dag.py:3823} INFO - Setting next_dagrun for example_subdag_operator.section-1 to None, run_after=None
[2024-02-14T09:56:21.193+0000] {logging_mixin.py:188} INFO - [2024-02-14T09:56:21.193+0000] {dag.py:3823} INFO - Setting next_dagrun for example_subdag_operator.section-2 to None, run_after=None
[2024-02-14T09:56:21.202+0000] {logging_mixin.py:188} INFO - [2024-02-14T09:56:21.202+0000] {dag.py:3036} INFO - Sync 2 DAGs
[2024-02-14T09:56:21.207+0000] {logging_mixin.py:188} INFO - [2024-02-14T09:56:21.207+0000] {dag.py:3823} INFO - Setting next_dagrun for example_subdag_operator.section-1 to None, run_after=None
[2024-02-14T09:56:21.209+0000] {logging_mixin.py:188} INFO - [2024-02-14T09:56:21.209+0000] {dag.py:3823} INFO - Setting next_dagrun for example_subdag_operator.section-2 to None, run_after=None
[2024-02-14T09:56:21.220+0000] {processor.py:183} INFO - Processing /home/airflow/.local/lib/python3.8/site-packages/airflow/example_dags/example_subdag_operator.py took 0.275 seconds
[2024-02-14T09:56:52.225+0000] {processor.py:161} INFO - Started process (PID=186) to work on /home/airflow/.local/lib/python3.8/site-packages/airflow/example_dags/example_subdag_operator.py
[2024-02-14T09:56:52.231+0000] {processor.py:830} INFO - Processing file /home/airflow/.local/lib/python3.8/site-packages/airflow/example_dags/example_subdag_operator.py for tasks to queue
[2024-02-14T09:56:52.237+0000] {logging_mixin.py:188} INFO - [2024-02-14T09:56:52.236+0000] {dagbag.py:538} INFO - Filling up the DagBag from /home/airflow/.local/lib/python3.8/site-packages/airflow/example_dags/example_subdag_operator.py
[2024-02-14T09:56:52.296+0000] {processor.py:840} INFO - DAG(s) 'example_subdag_operator.section-1', 'example_subdag_operator.section-2', 'example_subdag_operator' retrieved from /home/airflow/.local/lib/python3.8/site-packages/airflow/example_dags/example_subdag_operator.py
[2024-02-14T09:56:52.345+0000] {logging_mixin.py:188} INFO - [2024-02-14T09:56:52.344+0000] {dag.py:3036} INFO - Sync 3 DAGs
[2024-02-14T09:56:52.383+0000] {logging_mixin.py:188} INFO - [2024-02-14T09:56:52.383+0000] {dag.py:3823} INFO - Setting next_dagrun for example_subdag_operator to 2022-01-01 00:00:00+00:00, run_after=2022-01-01 00:00:00+00:00
[2024-02-14T09:56:52.392+0000] {logging_mixin.py:188} INFO - [2024-02-14T09:56:52.392+0000] {dag.py:3823} INFO - Setting next_dagrun for example_subdag_operator.section-1 to None, run_after=None
[2024-02-14T09:56:52.399+0000] {logging_mixin.py:188} INFO - [2024-02-14T09:56:52.399+0000] {dag.py:3823} INFO - Setting next_dagrun for example_subdag_operator.section-2 to None, run_after=None
[2024-02-14T09:56:52.411+0000] {logging_mixin.py:188} INFO - [2024-02-14T09:56:52.411+0000] {dag.py:3036} INFO - Sync 2 DAGs
[2024-02-14T09:56:52.422+0000] {logging_mixin.py:188} INFO - [2024-02-14T09:56:52.421+0000] {dag.py:3823} INFO - Setting next_dagrun for example_subdag_operator.section-1 to None, run_after=None
[2024-02-14T09:56:52.431+0000] {logging_mixin.py:188} INFO - [2024-02-14T09:56:52.430+0000] {dag.py:3823} INFO - Setting next_dagrun for example_subdag_operator.section-2 to None, run_after=None
[2024-02-14T09:56:52.477+0000] {processor.py:183} INFO - Processing /home/airflow/.local/lib/python3.8/site-packages/airflow/example_dags/example_subdag_operator.py took 0.259 seconds
[2024-02-14T09:57:22.602+0000] {processor.py:161} INFO - Started process (PID=243) to work on /home/airflow/.local/lib/python3.8/site-packages/airflow/example_dags/example_subdag_operator.py
[2024-02-14T09:57:22.604+0000] {processor.py:830} INFO - Processing file /home/airflow/.local/lib/python3.8/site-packages/airflow/example_dags/example_subdag_operator.py for tasks to queue
[2024-02-14T09:57:22.606+0000] {logging_mixin.py:188} INFO - [2024-02-14T09:57:22.606+0000] {dagbag.py:538} INFO - Filling up the DagBag from /home/airflow/.local/lib/python3.8/site-packages/airflow/example_dags/example_subdag_operator.py
[2024-02-14T09:57:22.624+0000] {processor.py:840} INFO - DAG(s) 'example_subdag_operator.section-1', 'example_subdag_operator.section-2', 'example_subdag_operator' retrieved from /home/airflow/.local/lib/python3.8/site-packages/airflow/example_dags/example_subdag_operator.py
[2024-02-14T09:57:22.634+0000] {logging_mixin.py:188} INFO - [2024-02-14T09:57:22.634+0000] {dag.py:3036} INFO - Sync 3 DAGs
[2024-02-14T09:57:22.646+0000] {logging_mixin.py:188} INFO - [2024-02-14T09:57:22.646+0000] {dag.py:3823} INFO - Setting next_dagrun for example_subdag_operator to 2022-01-01 00:00:00+00:00, run_after=2022-01-01 00:00:00+00:00
[2024-02-14T09:57:22.650+0000] {logging_mixin.py:188} INFO - [2024-02-14T09:57:22.649+0000] {dag.py:3823} INFO - Setting next_dagrun for example_subdag_operator.section-1 to None, run_after=None
[2024-02-14T09:57:22.651+0000] {logging_mixin.py:188} INFO - [2024-02-14T09:57:22.651+0000] {dag.py:3823} INFO - Setting next_dagrun for example_subdag_operator.section-2 to None, run_after=None
[2024-02-14T09:57:22.656+0000] {logging_mixin.py:188} INFO - [2024-02-14T09:57:22.656+0000] {dag.py:3036} INFO - Sync 2 DAGs
[2024-02-14T09:57:22.660+0000] {logging_mixin.py:188} INFO - [2024-02-14T09:57:22.660+0000] {dag.py:3823} INFO - Setting next_dagrun for example_subdag_operator.section-1 to None, run_after=None
[2024-02-14T09:57:22.661+0000] {logging_mixin.py:188} INFO - [2024-02-14T09:57:22.661+0000] {dag.py:3823} INFO - Setting next_dagrun for example_subdag_operator.section-2 to None, run_after=None
[2024-02-14T09:57:22.668+0000] {processor.py:183} INFO - Processing /home/airflow/.local/lib/python3.8/site-packages/airflow/example_dags/example_subdag_operator.py took 0.069 seconds
[2024-02-14T09:57:53.227+0000] {processor.py:161} INFO - Started process (PID=301) to work on /home/airflow/.local/lib/python3.8/site-packages/airflow/example_dags/example_subdag_operator.py
[2024-02-14T09:57:53.228+0000] {processor.py:830} INFO - Processing file /home/airflow/.local/lib/python3.8/site-packages/airflow/example_dags/example_subdag_operator.py for tasks to queue
[2024-02-14T09:57:53.233+0000] {logging_mixin.py:188} INFO - [2024-02-14T09:57:53.232+0000] {dagbag.py:538} INFO - Filling up the DagBag from /home/airflow/.local/lib/python3.8/site-packages/airflow/example_dags/example_subdag_operator.py
[2024-02-14T09:57:53.254+0000] {processor.py:840} INFO - DAG(s) 'example_subdag_operator.section-1', 'example_subdag_operator.section-2', 'example_subdag_operator' retrieved from /home/airflow/.local/lib/python3.8/site-packages/airflow/example_dags/example_subdag_operator.py
[2024-02-14T09:57:53.265+0000] {logging_mixin.py:188} INFO - [2024-02-14T09:57:53.265+0000] {dag.py:3036} INFO - Sync 3 DAGs
[2024-02-14T09:57:53.278+0000] {logging_mixin.py:188} INFO - [2024-02-14T09:57:53.278+0000] {dag.py:3823} INFO - Setting next_dagrun for example_subdag_operator to 2022-01-01 00:00:00+00:00, run_after=2022-01-01 00:00:00+00:00
[2024-02-14T09:57:53.282+0000] {logging_mixin.py:188} INFO - [2024-02-14T09:57:53.282+0000] {dag.py:3823} INFO - Setting next_dagrun for example_subdag_operator.section-1 to None, run_after=None
[2024-02-14T09:57:53.283+0000] {logging_mixin.py:188} INFO - [2024-02-14T09:57:53.283+0000] {dag.py:3823} INFO - Setting next_dagrun for example_subdag_operator.section-2 to None, run_after=None
[2024-02-14T09:57:53.288+0000] {logging_mixin.py:188} INFO - [2024-02-14T09:57:53.288+0000] {dag.py:3036} INFO - Sync 2 DAGs
[2024-02-14T09:57:53.292+0000] {logging_mixin.py:188} INFO - [2024-02-14T09:57:53.292+0000] {dag.py:3823} INFO - Setting next_dagrun for example_subdag_operator.section-1 to None, run_after=None
[2024-02-14T09:57:53.293+0000] {logging_mixin.py:188} INFO - [2024-02-14T09:57:53.293+0000] {dag.py:3823} INFO - Setting next_dagrun for example_subdag_operator.section-2 to None, run_after=None
[2024-02-14T09:57:53.301+0000] {processor.py:183} INFO - Processing /home/airflow/.local/lib/python3.8/site-packages/airflow/example_dags/example_subdag_operator.py took 0.077 seconds
[2024-02-14T09:58:23.596+0000] {processor.py:161} INFO - Started process (PID=358) to work on /home/airflow/.local/lib/python3.8/site-packages/airflow/example_dags/example_subdag_operator.py
[2024-02-14T09:58:23.598+0000] {processor.py:830} INFO - Processing file /home/airflow/.local/lib/python3.8/site-packages/airflow/example_dags/example_subdag_operator.py for tasks to queue
[2024-02-14T09:58:23.601+0000] {logging_mixin.py:188} INFO - [2024-02-14T09:58:23.601+0000] {dagbag.py:538} INFO - Filling up the DagBag from /home/airflow/.local/lib/python3.8/site-packages/airflow/example_dags/example_subdag_operator.py
[2024-02-14T09:58:23.620+0000] {processor.py:840} INFO - DAG(s) 'example_subdag_operator.section-1', 'example_subdag_operator.section-2', 'example_subdag_operator' retrieved from /home/airflow/.local/lib/python3.8/site-packages/airflow/example_dags/example_subdag_operator.py
[2024-02-14T09:58:23.631+0000] {logging_mixin.py:188} INFO - [2024-02-14T09:58:23.631+0000] {dag.py:3036} INFO - Sync 3 DAGs
[2024-02-14T09:58:23.644+0000] {logging_mixin.py:188} INFO - [2024-02-14T09:58:23.644+0000] {dag.py:3823} INFO - Setting next_dagrun for example_subdag_operator to 2022-01-01 00:00:00+00:00, run_after=2022-01-01 00:00:00+00:00
[2024-02-14T09:58:23.648+0000] {logging_mixin.py:188} INFO - [2024-02-14T09:58:23.647+0000] {dag.py:3823} INFO - Setting next_dagrun for example_subdag_operator.section-1 to None, run_after=None
[2024-02-14T09:58:23.649+0000] {logging_mixin.py:188} INFO - [2024-02-14T09:58:23.649+0000] {dag.py:3823} INFO - Setting next_dagrun for example_subdag_operator.section-2 to None, run_after=None
[2024-02-14T09:58:23.654+0000] {logging_mixin.py:188} INFO - [2024-02-14T09:58:23.654+0000] {dag.py:3036} INFO - Sync 2 DAGs
[2024-02-14T09:58:23.658+0000] {logging_mixin.py:188} INFO - [2024-02-14T09:58:23.658+0000] {dag.py:3823} INFO - Setting next_dagrun for example_subdag_operator.section-1 to None, run_after=None
[2024-02-14T09:58:23.659+0000] {logging_mixin.py:188} INFO - [2024-02-14T09:58:23.659+0000] {dag.py:3823} INFO - Setting next_dagrun for example_subdag_operator.section-2 to None, run_after=None
[2024-02-14T09:58:23.667+0000] {processor.py:183} INFO - Processing /home/airflow/.local/lib/python3.8/site-packages/airflow/example_dags/example_subdag_operator.py took 0.073 seconds
[2024-02-14T09:58:54.586+0000] {processor.py:161} INFO - Started process (PID=417) to work on /home/airflow/.local/lib/python3.8/site-packages/airflow/example_dags/example_subdag_operator.py
[2024-02-14T09:58:54.587+0000] {processor.py:830} INFO - Processing file /home/airflow/.local/lib/python3.8/site-packages/airflow/example_dags/example_subdag_operator.py for tasks to queue
[2024-02-14T09:58:54.589+0000] {logging_mixin.py:188} INFO - [2024-02-14T09:58:54.589+0000] {dagbag.py:538} INFO - Filling up the DagBag from /home/airflow/.local/lib/python3.8/site-packages/airflow/example_dags/example_subdag_operator.py
[2024-02-14T09:58:54.605+0000] {processor.py:840} INFO - DAG(s) 'example_subdag_operator.section-1', 'example_subdag_operator.section-2', 'example_subdag_operator' retrieved from /home/airflow/.local/lib/python3.8/site-packages/airflow/example_dags/example_subdag_operator.py
[2024-02-14T09:58:54.614+0000] {logging_mixin.py:188} INFO - [2024-02-14T09:58:54.614+0000] {dag.py:3036} INFO - Sync 3 DAGs
[2024-02-14T09:58:54.625+0000] {logging_mixin.py:188} INFO - [2024-02-14T09:58:54.625+0000] {dag.py:3823} INFO - Setting next_dagrun for example_subdag_operator to 2022-01-01 00:00:00+00:00, run_after=2022-01-01 00:00:00+00:00
[2024-02-14T09:58:54.628+0000] {logging_mixin.py:188} INFO - [2024-02-14T09:58:54.628+0000] {dag.py:3823} INFO - Setting next_dagrun for example_subdag_operator.section-1 to None, run_after=None
[2024-02-14T09:58:54.629+0000] {logging_mixin.py:188} INFO - [2024-02-14T09:58:54.629+0000] {dag.py:3823} INFO - Setting next_dagrun for example_subdag_operator.section-2 to None, run_after=None
[2024-02-14T09:58:54.634+0000] {logging_mixin.py:188} INFO - [2024-02-14T09:58:54.633+0000] {dag.py:3036} INFO - Sync 2 DAGs
[2024-02-14T09:58:54.637+0000] {logging_mixin.py:188} INFO - [2024-02-14T09:58:54.637+0000] {dag.py:3823} INFO - Setting next_dagrun for example_subdag_operator.section-1 to None, run_after=None
[2024-02-14T09:58:54.638+0000] {logging_mixin.py:188} INFO - [2024-02-14T09:58:54.637+0000] {dag.py:3823} INFO - Setting next_dagrun for example_subdag_operator.section-2 to None, run_after=None
[2024-02-14T09:58:54.644+0000] {processor.py:183} INFO - Processing /home/airflow/.local/lib/python3.8/site-packages/airflow/example_dags/example_subdag_operator.py took 0.060 seconds
[2024-02-14T09:59:24.939+0000] {processor.py:161} INFO - Started process (PID=474) to work on /home/airflow/.local/lib/python3.8/site-packages/airflow/example_dags/example_subdag_operator.py
[2024-02-14T09:59:24.941+0000] {processor.py:830} INFO - Processing file /home/airflow/.local/lib/python3.8/site-packages/airflow/example_dags/example_subdag_operator.py for tasks to queue
[2024-02-14T09:59:24.943+0000] {logging_mixin.py:188} INFO - [2024-02-14T09:59:24.943+0000] {dagbag.py:538} INFO - Filling up the DagBag from /home/airflow/.local/lib/python3.8/site-packages/airflow/example_dags/example_subdag_operator.py
[2024-02-14T09:59:24.961+0000] {processor.py:840} INFO - DAG(s) 'example_subdag_operator.section-1', 'example_subdag_operator.section-2', 'example_subdag_operator' retrieved from /home/airflow/.local/lib/python3.8/site-packages/airflow/example_dags/example_subdag_operator.py
[2024-02-14T09:59:24.971+0000] {logging_mixin.py:188} INFO - [2024-02-14T09:59:24.971+0000] {dag.py:3036} INFO - Sync 3 DAGs
[2024-02-14T09:59:24.984+0000] {logging_mixin.py:188} INFO - [2024-02-14T09:59:24.984+0000] {dag.py:3823} INFO - Setting next_dagrun for example_subdag_operator to 2022-01-01 00:00:00+00:00, run_after=2022-01-01 00:00:00+00:00
[2024-02-14T09:59:24.987+0000] {logging_mixin.py:188} INFO - [2024-02-14T09:59:24.987+0000] {dag.py:3823} INFO - Setting next_dagrun for example_subdag_operator.section-1 to None, run_after=None
[2024-02-14T09:59:24.989+0000] {logging_mixin.py:188} INFO - [2024-02-14T09:59:24.989+0000] {dag.py:3823} INFO - Setting next_dagrun for example_subdag_operator.section-2 to None, run_after=None
[2024-02-14T09:59:24.997+0000] {logging_mixin.py:188} INFO - [2024-02-14T09:59:24.996+0000] {dag.py:3036} INFO - Sync 2 DAGs
[2024-02-14T09:59:25.001+0000] {logging_mixin.py:188} INFO - [2024-02-14T09:59:25.001+0000] {dag.py:3823} INFO - Setting next_dagrun for example_subdag_operator.section-1 to None, run_after=None
[2024-02-14T09:59:25.003+0000] {logging_mixin.py:188} INFO - [2024-02-14T09:59:25.002+0000] {dag.py:3823} INFO - Setting next_dagrun for example_subdag_operator.section-2 to None, run_after=None
[2024-02-14T09:59:25.010+0000] {processor.py:183} INFO - Processing /home/airflow/.local/lib/python3.8/site-packages/airflow/example_dags/example_subdag_operator.py took 0.074 seconds
[2024-02-14T09:59:55.715+0000] {processor.py:161} INFO - Started process (PID=530) to work on /home/airflow/.local/lib/python3.8/site-packages/airflow/example_dags/example_subdag_operator.py
[2024-02-14T09:59:55.717+0000] {processor.py:830} INFO - Processing file /home/airflow/.local/lib/python3.8/site-packages/airflow/example_dags/example_subdag_operator.py for tasks to queue
[2024-02-14T09:59:55.719+0000] {logging_mixin.py:188} INFO - [2024-02-14T09:59:55.718+0000] {dagbag.py:538} INFO - Filling up the DagBag from /home/airflow/.local/lib/python3.8/site-packages/airflow/example_dags/example_subdag_operator.py
[2024-02-14T09:59:55.736+0000] {processor.py:840} INFO - DAG(s) 'example_subdag_operator.section-1', 'example_subdag_operator.section-2', 'example_subdag_operator' retrieved from /home/airflow/.local/lib/python3.8/site-packages/airflow/example_dags/example_subdag_operator.py
[2024-02-14T09:59:55.746+0000] {logging_mixin.py:188} INFO - [2024-02-14T09:59:55.746+0000] {dag.py:3036} INFO - Sync 3 DAGs
[2024-02-14T09:59:55.759+0000] {logging_mixin.py:188} INFO - [2024-02-14T09:59:55.759+0000] {dag.py:3823} INFO - Setting next_dagrun for example_subdag_operator to 2022-01-01 00:00:00+00:00, run_after=2022-01-01 00:00:00+00:00
[2024-02-14T09:59:55.762+0000] {logging_mixin.py:188} INFO - [2024-02-14T09:59:55.762+0000] {dag.py:3823} INFO - Setting next_dagrun for example_subdag_operator.section-1 to None, run_after=None
[2024-02-14T09:59:55.764+0000] {logging_mixin.py:188} INFO - [2024-02-14T09:59:55.763+0000] {dag.py:3823} INFO - Setting next_dagrun for example_subdag_operator.section-2 to None, run_after=None
[2024-02-14T09:59:55.768+0000] {logging_mixin.py:188} INFO - [2024-02-14T09:59:55.768+0000] {dag.py:3036} INFO - Sync 2 DAGs
[2024-02-14T09:59:55.772+0000] {logging_mixin.py:188} INFO - [2024-02-14T09:59:55.772+0000] {dag.py:3823} INFO - Setting next_dagrun for example_subdag_operator.section-1 to None, run_after=None
[2024-02-14T09:59:55.773+0000] {logging_mixin.py:188} INFO - [2024-02-14T09:59:55.773+0000] {dag.py:3823} INFO - Setting next_dagrun for example_subdag_operator.section-2 to None, run_after=None
[2024-02-14T09:59:55.780+0000] {processor.py:183} INFO - Processing /home/airflow/.local/lib/python3.8/site-packages/airflow/example_dags/example_subdag_operator.py took 0.067 seconds
[2024-02-14T10:00:26.146+0000] {processor.py:161} INFO - Started process (PID=587) to work on /home/airflow/.local/lib/python3.8/site-packages/airflow/example_dags/example_subdag_operator.py
[2024-02-14T10:00:26.147+0000] {processor.py:830} INFO - Processing file /home/airflow/.local/lib/python3.8/site-packages/airflow/example_dags/example_subdag_operator.py for tasks to queue
[2024-02-14T10:00:26.150+0000] {logging_mixin.py:188} INFO - [2024-02-14T10:00:26.149+0000] {dagbag.py:538} INFO - Filling up the DagBag from /home/airflow/.local/lib/python3.8/site-packages/airflow/example_dags/example_subdag_operator.py
[2024-02-14T10:00:26.168+0000] {processor.py:840} INFO - DAG(s) 'example_subdag_operator.section-1', 'example_subdag_operator.section-2', 'example_subdag_operator' retrieved from /home/airflow/.local/lib/python3.8/site-packages/airflow/example_dags/example_subdag_operator.py
[2024-02-14T10:00:26.179+0000] {logging_mixin.py:188} INFO - [2024-02-14T10:00:26.179+0000] {dag.py:3036} INFO - Sync 3 DAGs
[2024-02-14T10:00:26.193+0000] {logging_mixin.py:188} INFO - [2024-02-14T10:00:26.193+0000] {dag.py:3823} INFO - Setting next_dagrun for example_subdag_operator to 2022-01-01 00:00:00+00:00, run_after=2022-01-01 00:00:00+00:00
[2024-02-14T10:00:26.196+0000] {logging_mixin.py:188} INFO - [2024-02-14T10:00:26.196+0000] {dag.py:3823} INFO - Setting next_dagrun for example_subdag_operator.section-1 to None, run_after=None
[2024-02-14T10:00:26.198+0000] {logging_mixin.py:188} INFO - [2024-02-14T10:00:26.198+0000] {dag.py:3823} INFO - Setting next_dagrun for example_subdag_operator.section-2 to None, run_after=None
[2024-02-14T10:00:26.203+0000] {logging_mixin.py:188} INFO - [2024-02-14T10:00:26.203+0000] {dag.py:3036} INFO - Sync 2 DAGs
[2024-02-14T10:00:26.207+0000] {logging_mixin.py:188} INFO - [2024-02-14T10:00:26.207+0000] {dag.py:3823} INFO - Setting next_dagrun for example_subdag_operator.section-1 to None, run_after=None
[2024-02-14T10:00:26.208+0000] {logging_mixin.py:188} INFO - [2024-02-14T10:00:26.208+0000] {dag.py:3823} INFO - Setting next_dagrun for example_subdag_operator.section-2 to None, run_after=None
[2024-02-14T10:00:26.215+0000] {processor.py:183} INFO - Processing /home/airflow/.local/lib/python3.8/site-packages/airflow/example_dags/example_subdag_operator.py took 0.072 seconds
[2024-02-14T10:00:56.507+0000] {processor.py:161} INFO - Started process (PID=644) to work on /home/airflow/.local/lib/python3.8/site-packages/airflow/example_dags/example_subdag_operator.py
[2024-02-14T10:00:56.509+0000] {processor.py:830} INFO - Processing file /home/airflow/.local/lib/python3.8/site-packages/airflow/example_dags/example_subdag_operator.py for tasks to queue
[2024-02-14T10:00:56.511+0000] {logging_mixin.py:188} INFO - [2024-02-14T10:00:56.511+0000] {dagbag.py:538} INFO - Filling up the DagBag from /home/airflow/.local/lib/python3.8/site-packages/airflow/example_dags/example_subdag_operator.py
[2024-02-14T10:00:56.539+0000] {processor.py:840} INFO - DAG(s) 'example_subdag_operator.section-1', 'example_subdag_operator.section-2', 'example_subdag_operator' retrieved from /home/airflow/.local/lib/python3.8/site-packages/airflow/example_dags/example_subdag_operator.py
[2024-02-14T10:00:56.550+0000] {logging_mixin.py:188} INFO - [2024-02-14T10:00:56.550+0000] {dag.py:3036} INFO - Sync 3 DAGs
[2024-02-14T10:00:56.568+0000] {logging_mixin.py:188} INFO - [2024-02-14T10:00:56.567+0000] {dag.py:3823} INFO - Setting next_dagrun for example_subdag_operator to 2022-01-01 00:00:00+00:00, run_after=2022-01-01 00:00:00+00:00
[2024-02-14T10:00:56.572+0000] {logging_mixin.py:188} INFO - [2024-02-14T10:00:56.572+0000] {dag.py:3823} INFO - Setting next_dagrun for example_subdag_operator.section-1 to None, run_after=None
[2024-02-14T10:00:56.574+0000] {logging_mixin.py:188} INFO - [2024-02-14T10:00:56.574+0000] {dag.py:3823} INFO - Setting next_dagrun for example_subdag_operator.section-2 to None, run_after=None
[2024-02-14T10:00:56.581+0000] {logging_mixin.py:188} INFO - [2024-02-14T10:00:56.580+0000] {dag.py:3036} INFO - Sync 2 DAGs
[2024-02-14T10:00:56.585+0000] {logging_mixin.py:188} INFO - [2024-02-14T10:00:56.585+0000] {dag.py:3823} INFO - Setting next_dagrun for example_subdag_operator.section-1 to None, run_after=None
[2024-02-14T10:00:56.587+0000] {logging_mixin.py:188} INFO - [2024-02-14T10:00:56.587+0000] {dag.py:3823} INFO - Setting next_dagrun for example_subdag_operator.section-2 to None, run_after=None
[2024-02-14T10:00:56.597+0000] {processor.py:183} INFO - Processing /home/airflow/.local/lib/python3.8/site-packages/airflow/example_dags/example_subdag_operator.py took 0.094 seconds
[2024-02-14T10:01:27.512+0000] {processor.py:161} INFO - Started process (PID=700) to work on /home/airflow/.local/lib/python3.8/site-packages/airflow/example_dags/example_subdag_operator.py
[2024-02-14T10:01:27.515+0000] {processor.py:830} INFO - Processing file /home/airflow/.local/lib/python3.8/site-packages/airflow/example_dags/example_subdag_operator.py for tasks to queue
[2024-02-14T10:01:27.519+0000] {logging_mixin.py:188} INFO - [2024-02-14T10:01:27.519+0000] {dagbag.py:538} INFO - Filling up the DagBag from /home/airflow/.local/lib/python3.8/site-packages/airflow/example_dags/example_subdag_operator.py
[2024-02-14T10:01:27.540+0000] {processor.py:840} INFO - DAG(s) 'example_subdag_operator.section-1', 'example_subdag_operator.section-2', 'example_subdag_operator' retrieved from /home/airflow/.local/lib/python3.8/site-packages/airflow/example_dags/example_subdag_operator.py
[2024-02-14T10:01:27.554+0000] {logging_mixin.py:188} INFO - [2024-02-14T10:01:27.554+0000] {dag.py:3036} INFO - Sync 3 DAGs
[2024-02-14T10:01:27.571+0000] {logging_mixin.py:188} INFO - [2024-02-14T10:01:27.570+0000] {dag.py:3823} INFO - Setting next_dagrun for example_subdag_operator to 2022-01-01 00:00:00+00:00, run_after=2022-01-01 00:00:00+00:00
[2024-02-14T10:01:27.575+0000] {logging_mixin.py:188} INFO - [2024-02-14T10:01:27.575+0000] {dag.py:3823} INFO - Setting next_dagrun for example_subdag_operator.section-1 to None, run_after=None
[2024-02-14T10:01:27.578+0000] {logging_mixin.py:188} INFO - [2024-02-14T10:01:27.578+0000] {dag.py:3823} INFO - Setting next_dagrun for example_subdag_operator.section-2 to None, run_after=None
[2024-02-14T10:01:27.585+0000] {logging_mixin.py:188} INFO - [2024-02-14T10:01:27.585+0000] {dag.py:3036} INFO - Sync 2 DAGs
[2024-02-14T10:01:27.590+0000] {logging_mixin.py:188} INFO - [2024-02-14T10:01:27.590+0000] {dag.py:3823} INFO - Setting next_dagrun for example_subdag_operator.section-1 to None, run_after=None
[2024-02-14T10:01:27.592+0000] {logging_mixin.py:188} INFO - [2024-02-14T10:01:27.592+0000] {dag.py:3823} INFO - Setting next_dagrun for example_subdag_operator.section-2 to None, run_after=None
[2024-02-14T10:01:27.602+0000] {processor.py:183} INFO - Processing /home/airflow/.local/lib/python3.8/site-packages/airflow/example_dags/example_subdag_operator.py took 0.094 seconds
[2024-02-14T10:01:58.500+0000] {processor.py:161} INFO - Started process (PID=757) to work on /home/airflow/.local/lib/python3.8/site-packages/airflow/example_dags/example_subdag_operator.py
[2024-02-14T10:01:58.503+0000] {processor.py:830} INFO - Processing file /home/airflow/.local/lib/python3.8/site-packages/airflow/example_dags/example_subdag_operator.py for tasks to queue
[2024-02-14T10:01:58.505+0000] {logging_mixin.py:188} INFO - [2024-02-14T10:01:58.505+0000] {dagbag.py:538} INFO - Filling up the DagBag from /home/airflow/.local/lib/python3.8/site-packages/airflow/example_dags/example_subdag_operator.py
[2024-02-14T10:01:58.525+0000] {processor.py:840} INFO - DAG(s) 'example_subdag_operator.section-1', 'example_subdag_operator.section-2', 'example_subdag_operator' retrieved from /home/airflow/.local/lib/python3.8/site-packages/airflow/example_dags/example_subdag_operator.py
[2024-02-14T10:01:58.536+0000] {logging_mixin.py:188} INFO - [2024-02-14T10:01:58.536+0000] {dag.py:3036} INFO - Sync 3 DAGs
[2024-02-14T10:01:58.553+0000] {logging_mixin.py:188} INFO - [2024-02-14T10:01:58.553+0000] {dag.py:3823} INFO - Setting next_dagrun for example_subdag_operator to 2022-01-01 00:00:00+00:00, run_after=2022-01-01 00:00:00+00:00
[2024-02-14T10:01:58.557+0000] {logging_mixin.py:188} INFO - [2024-02-14T10:01:58.557+0000] {dag.py:3823} INFO - Setting next_dagrun for example_subdag_operator.section-1 to None, run_after=None
[2024-02-14T10:01:58.561+0000] {logging_mixin.py:188} INFO - [2024-02-14T10:01:58.561+0000] {dag.py:3823} INFO - Setting next_dagrun for example_subdag_operator.section-2 to None, run_after=None
[2024-02-14T10:01:58.572+0000] {logging_mixin.py:188} INFO - [2024-02-14T10:01:58.572+0000] {dag.py:3036} INFO - Sync 2 DAGs
[2024-02-14T10:01:58.583+0000] {logging_mixin.py:188} INFO - [2024-02-14T10:01:58.583+0000] {dag.py:3823} INFO - Setting next_dagrun for example_subdag_operator.section-1 to None, run_after=None
[2024-02-14T10:01:58.584+0000] {logging_mixin.py:188} INFO - [2024-02-14T10:01:58.584+0000] {dag.py:3823} INFO - Setting next_dagrun for example_subdag_operator.section-2 to None, run_after=None
[2024-02-14T10:01:58.595+0000] {processor.py:183} INFO - Processing /home/airflow/.local/lib/python3.8/site-packages/airflow/example_dags/example_subdag_operator.py took 0.097 seconds
[2024-02-14T10:02:29.150+0000] {processor.py:161} INFO - Started process (PID=814) to work on /home/airflow/.local/lib/python3.8/site-packages/airflow/example_dags/example_subdag_operator.py
[2024-02-14T10:02:29.152+0000] {processor.py:830} INFO - Processing file /home/airflow/.local/lib/python3.8/site-packages/airflow/example_dags/example_subdag_operator.py for tasks to queue
[2024-02-14T10:02:29.154+0000] {logging_mixin.py:188} INFO - [2024-02-14T10:02:29.153+0000] {dagbag.py:538} INFO - Filling up the DagBag from /home/airflow/.local/lib/python3.8/site-packages/airflow/example_dags/example_subdag_operator.py
[2024-02-14T10:02:29.171+0000] {processor.py:840} INFO - DAG(s) 'example_subdag_operator.section-1', 'example_subdag_operator.section-2', 'example_subdag_operator' retrieved from /home/airflow/.local/lib/python3.8/site-packages/airflow/example_dags/example_subdag_operator.py
[2024-02-14T10:02:29.185+0000] {logging_mixin.py:188} INFO - [2024-02-14T10:02:29.184+0000] {dag.py:3036} INFO - Sync 3 DAGs
[2024-02-14T10:02:29.200+0000] {logging_mixin.py:188} INFO - [2024-02-14T10:02:29.200+0000] {dag.py:3823} INFO - Setting next_dagrun for example_subdag_operator to 2022-01-01 00:00:00+00:00, run_after=2022-01-01 00:00:00+00:00
[2024-02-14T10:02:29.204+0000] {logging_mixin.py:188} INFO - [2024-02-14T10:02:29.204+0000] {dag.py:3823} INFO - Setting next_dagrun for example_subdag_operator.section-1 to None, run_after=None
[2024-02-14T10:02:29.206+0000] {logging_mixin.py:188} INFO - [2024-02-14T10:02:29.205+0000] {dag.py:3823} INFO - Setting next_dagrun for example_subdag_operator.section-2 to None, run_after=None
[2024-02-14T10:02:29.211+0000] {logging_mixin.py:188} INFO - [2024-02-14T10:02:29.211+0000] {dag.py:3036} INFO - Sync 2 DAGs
[2024-02-14T10:02:29.217+0000] {logging_mixin.py:188} INFO - [2024-02-14T10:02:29.217+0000] {dag.py:3823} INFO - Setting next_dagrun for example_subdag_operator.section-1 to None, run_after=None
[2024-02-14T10:02:29.218+0000] {logging_mixin.py:188} INFO - [2024-02-14T10:02:29.218+0000] {dag.py:3823} INFO - Setting next_dagrun for example_subdag_operator.section-2 to None, run_after=None
[2024-02-14T10:02:29.227+0000] {processor.py:183} INFO - Processing /home/airflow/.local/lib/python3.8/site-packages/airflow/example_dags/example_subdag_operator.py took 0.079 seconds
[2024-02-14T10:02:59.922+0000] {processor.py:161} INFO - Started process (PID=873) to work on /home/airflow/.local/lib/python3.8/site-packages/airflow/example_dags/example_subdag_operator.py
[2024-02-14T10:02:59.924+0000] {processor.py:830} INFO - Processing file /home/airflow/.local/lib/python3.8/site-packages/airflow/example_dags/example_subdag_operator.py for tasks to queue
[2024-02-14T10:02:59.927+0000] {logging_mixin.py:188} INFO - [2024-02-14T10:02:59.927+0000] {dagbag.py:538} INFO - Filling up the DagBag from /home/airflow/.local/lib/python3.8/site-packages/airflow/example_dags/example_subdag_operator.py
[2024-02-14T10:02:59.945+0000] {processor.py:840} INFO - DAG(s) 'example_subdag_operator.section-1', 'example_subdag_operator.section-2', 'example_subdag_operator' retrieved from /home/airflow/.local/lib/python3.8/site-packages/airflow/example_dags/example_subdag_operator.py
[2024-02-14T10:02:59.956+0000] {logging_mixin.py:188} INFO - [2024-02-14T10:02:59.956+0000] {dag.py:3036} INFO - Sync 3 DAGs
[2024-02-14T10:02:59.972+0000] {logging_mixin.py:188} INFO - [2024-02-14T10:02:59.972+0000] {dag.py:3823} INFO - Setting next_dagrun for example_subdag_operator to 2022-01-01 00:00:00+00:00, run_after=2022-01-01 00:00:00+00:00
[2024-02-14T10:02:59.975+0000] {logging_mixin.py:188} INFO - [2024-02-14T10:02:59.975+0000] {dag.py:3823} INFO - Setting next_dagrun for example_subdag_operator.section-1 to None, run_after=None
[2024-02-14T10:02:59.977+0000] {logging_mixin.py:188} INFO - [2024-02-14T10:02:59.977+0000] {dag.py:3823} INFO - Setting next_dagrun for example_subdag_operator.section-2 to None, run_after=None
[2024-02-14T10:02:59.984+0000] {logging_mixin.py:188} INFO - [2024-02-14T10:02:59.984+0000] {dag.py:3036} INFO - Sync 2 DAGs
[2024-02-14T10:02:59.988+0000] {logging_mixin.py:188} INFO - [2024-02-14T10:02:59.988+0000] {dag.py:3823} INFO - Setting next_dagrun for example_subdag_operator.section-1 to None, run_after=None
[2024-02-14T10:02:59.989+0000] {logging_mixin.py:188} INFO - [2024-02-14T10:02:59.989+0000] {dag.py:3823} INFO - Setting next_dagrun for example_subdag_operator.section-2 to None, run_after=None
[2024-02-14T10:02:59.997+0000] {processor.py:183} INFO - Processing /home/airflow/.local/lib/python3.8/site-packages/airflow/example_dags/example_subdag_operator.py took 0.078 seconds
