[2024-02-14T09:34:19.907+0000] {processor.py:161} INFO - Started process (PID=67) to work on /home/airflow/.local/lib/python3.8/site-packages/airflow/example_dags/example_task_group.py
[2024-02-14T09:34:19.910+0000] {processor.py:830} INFO - Processing file /home/airflow/.local/lib/python3.8/site-packages/airflow/example_dags/example_task_group.py for tasks to queue
[2024-02-14T09:34:19.914+0000] {logging_mixin.py:188} INFO - [2024-02-14T09:34:19.913+0000] {dagbag.py:538} INFO - Filling up the DagBag from /home/airflow/.local/lib/python3.8/site-packages/airflow/example_dags/example_task_group.py
[2024-02-14T09:34:19.925+0000] {processor.py:840} INFO - DAG(s) 'example_task_group' retrieved from /home/airflow/.local/lib/python3.8/site-packages/airflow/example_dags/example_task_group.py
[2024-02-14T09:34:19.965+0000] {logging_mixin.py:188} INFO - [2024-02-14T09:34:19.965+0000] {dag.py:3036} INFO - Sync 1 DAGs
[2024-02-14T09:34:19.996+0000] {logging_mixin.py:188} INFO - [2024-02-14T09:34:19.996+0000] {dag.py:3823} INFO - Setting next_dagrun for example_task_group to 2024-02-13 00:00:00+00:00, run_after=2024-02-14 00:00:00+00:00
[2024-02-14T09:34:20.046+0000] {processor.py:183} INFO - Processing /home/airflow/.local/lib/python3.8/site-packages/airflow/example_dags/example_task_group.py took 0.145 seconds
[2024-02-14T09:34:50.076+0000] {processor.py:161} INFO - Started process (PID=124) to work on /home/airflow/.local/lib/python3.8/site-packages/airflow/example_dags/example_task_group.py
[2024-02-14T09:34:50.078+0000] {processor.py:830} INFO - Processing file /home/airflow/.local/lib/python3.8/site-packages/airflow/example_dags/example_task_group.py for tasks to queue
[2024-02-14T09:34:50.081+0000] {logging_mixin.py:188} INFO - [2024-02-14T09:34:50.080+0000] {dagbag.py:538} INFO - Filling up the DagBag from /home/airflow/.local/lib/python3.8/site-packages/airflow/example_dags/example_task_group.py
[2024-02-14T09:34:50.086+0000] {processor.py:840} INFO - DAG(s) 'example_task_group' retrieved from /home/airflow/.local/lib/python3.8/site-packages/airflow/example_dags/example_task_group.py
[2024-02-14T09:34:50.145+0000] {logging_mixin.py:188} INFO - [2024-02-14T09:34:50.145+0000] {dag.py:3036} INFO - Sync 1 DAGs
[2024-02-14T09:34:50.157+0000] {logging_mixin.py:188} INFO - [2024-02-14T09:34:50.157+0000] {dag.py:3823} INFO - Setting next_dagrun for example_task_group to 2024-02-13 00:00:00+00:00, run_after=2024-02-14 00:00:00+00:00
[2024-02-14T09:34:50.173+0000] {processor.py:183} INFO - Processing /home/airflow/.local/lib/python3.8/site-packages/airflow/example_dags/example_task_group.py took 0.099 seconds
[2024-02-14T09:35:20.706+0000] {processor.py:161} INFO - Started process (PID=182) to work on /home/airflow/.local/lib/python3.8/site-packages/airflow/example_dags/example_task_group.py
[2024-02-14T09:35:20.716+0000] {processor.py:830} INFO - Processing file /home/airflow/.local/lib/python3.8/site-packages/airflow/example_dags/example_task_group.py for tasks to queue
[2024-02-14T09:35:20.721+0000] {logging_mixin.py:188} INFO - [2024-02-14T09:35:20.721+0000] {dagbag.py:538} INFO - Filling up the DagBag from /home/airflow/.local/lib/python3.8/site-packages/airflow/example_dags/example_task_group.py
[2024-02-14T09:35:20.730+0000] {processor.py:840} INFO - DAG(s) 'example_task_group' retrieved from /home/airflow/.local/lib/python3.8/site-packages/airflow/example_dags/example_task_group.py
[2024-02-14T09:35:20.754+0000] {logging_mixin.py:188} INFO - [2024-02-14T09:35:20.753+0000] {dag.py:3036} INFO - Sync 1 DAGs
[2024-02-14T09:35:20.789+0000] {logging_mixin.py:188} INFO - [2024-02-14T09:35:20.787+0000] {dag.py:3823} INFO - Setting next_dagrun for example_task_group to 2024-02-13 00:00:00+00:00, run_after=2024-02-14 00:00:00+00:00
[2024-02-14T09:35:20.824+0000] {processor.py:183} INFO - Processing /home/airflow/.local/lib/python3.8/site-packages/airflow/example_dags/example_task_group.py took 0.123 seconds
[2024-02-14T09:35:51.743+0000] {processor.py:161} INFO - Started process (PID=238) to work on /home/airflow/.local/lib/python3.8/site-packages/airflow/example_dags/example_task_group.py
[2024-02-14T09:35:51.745+0000] {processor.py:830} INFO - Processing file /home/airflow/.local/lib/python3.8/site-packages/airflow/example_dags/example_task_group.py for tasks to queue
[2024-02-14T09:35:51.747+0000] {logging_mixin.py:188} INFO - [2024-02-14T09:35:51.747+0000] {dagbag.py:538} INFO - Filling up the DagBag from /home/airflow/.local/lib/python3.8/site-packages/airflow/example_dags/example_task_group.py
[2024-02-14T09:35:51.753+0000] {processor.py:840} INFO - DAG(s) 'example_task_group' retrieved from /home/airflow/.local/lib/python3.8/site-packages/airflow/example_dags/example_task_group.py
[2024-02-14T09:35:51.769+0000] {logging_mixin.py:188} INFO - [2024-02-14T09:35:51.769+0000] {dag.py:3036} INFO - Sync 1 DAGs
[2024-02-14T09:35:51.783+0000] {logging_mixin.py:188} INFO - [2024-02-14T09:35:51.783+0000] {dag.py:3823} INFO - Setting next_dagrun for example_task_group to 2024-02-13 00:00:00+00:00, run_after=2024-02-14 00:00:00+00:00
[2024-02-14T09:35:51.796+0000] {processor.py:183} INFO - Processing /home/airflow/.local/lib/python3.8/site-packages/airflow/example_dags/example_task_group.py took 0.056 seconds
[2024-02-14T09:36:22.621+0000] {processor.py:161} INFO - Started process (PID=293) to work on /home/airflow/.local/lib/python3.8/site-packages/airflow/example_dags/example_task_group.py
[2024-02-14T09:36:22.623+0000] {processor.py:830} INFO - Processing file /home/airflow/.local/lib/python3.8/site-packages/airflow/example_dags/example_task_group.py for tasks to queue
[2024-02-14T09:36:22.625+0000] {logging_mixin.py:188} INFO - [2024-02-14T09:36:22.625+0000] {dagbag.py:538} INFO - Filling up the DagBag from /home/airflow/.local/lib/python3.8/site-packages/airflow/example_dags/example_task_group.py
[2024-02-14T09:36:22.631+0000] {processor.py:840} INFO - DAG(s) 'example_task_group' retrieved from /home/airflow/.local/lib/python3.8/site-packages/airflow/example_dags/example_task_group.py
[2024-02-14T09:36:22.648+0000] {logging_mixin.py:188} INFO - [2024-02-14T09:36:22.648+0000] {dag.py:3036} INFO - Sync 1 DAGs
[2024-02-14T09:36:22.664+0000] {logging_mixin.py:188} INFO - [2024-02-14T09:36:22.663+0000] {dag.py:3823} INFO - Setting next_dagrun for example_task_group to 2024-02-13 00:00:00+00:00, run_after=2024-02-14 00:00:00+00:00
[2024-02-14T09:36:22.676+0000] {processor.py:183} INFO - Processing /home/airflow/.local/lib/python3.8/site-packages/airflow/example_dags/example_task_group.py took 0.057 seconds
[2024-02-14T09:36:52.711+0000] {processor.py:161} INFO - Started process (PID=348) to work on /home/airflow/.local/lib/python3.8/site-packages/airflow/example_dags/example_task_group.py
[2024-02-14T09:36:52.713+0000] {processor.py:830} INFO - Processing file /home/airflow/.local/lib/python3.8/site-packages/airflow/example_dags/example_task_group.py for tasks to queue
[2024-02-14T09:36:52.715+0000] {logging_mixin.py:188} INFO - [2024-02-14T09:36:52.714+0000] {dagbag.py:538} INFO - Filling up the DagBag from /home/airflow/.local/lib/python3.8/site-packages/airflow/example_dags/example_task_group.py
[2024-02-14T09:36:52.720+0000] {processor.py:840} INFO - DAG(s) 'example_task_group' retrieved from /home/airflow/.local/lib/python3.8/site-packages/airflow/example_dags/example_task_group.py
[2024-02-14T09:36:52.736+0000] {logging_mixin.py:188} INFO - [2024-02-14T09:36:52.735+0000] {dag.py:3036} INFO - Sync 1 DAGs
[2024-02-14T09:36:52.750+0000] {logging_mixin.py:188} INFO - [2024-02-14T09:36:52.749+0000] {dag.py:3823} INFO - Setting next_dagrun for example_task_group to 2024-02-13 00:00:00+00:00, run_after=2024-02-14 00:00:00+00:00
[2024-02-14T09:36:52.761+0000] {processor.py:183} INFO - Processing /home/airflow/.local/lib/python3.8/site-packages/airflow/example_dags/example_task_group.py took 0.052 seconds
[2024-02-14T09:37:23.253+0000] {processor.py:161} INFO - Started process (PID=408) to work on /home/airflow/.local/lib/python3.8/site-packages/airflow/example_dags/example_task_group.py
[2024-02-14T09:37:23.255+0000] {processor.py:830} INFO - Processing file /home/airflow/.local/lib/python3.8/site-packages/airflow/example_dags/example_task_group.py for tasks to queue
[2024-02-14T09:37:23.259+0000] {logging_mixin.py:188} INFO - [2024-02-14T09:37:23.259+0000] {dagbag.py:538} INFO - Filling up the DagBag from /home/airflow/.local/lib/python3.8/site-packages/airflow/example_dags/example_task_group.py
[2024-02-14T09:37:23.264+0000] {processor.py:840} INFO - DAG(s) 'example_task_group' retrieved from /home/airflow/.local/lib/python3.8/site-packages/airflow/example_dags/example_task_group.py
[2024-02-14T09:37:23.280+0000] {logging_mixin.py:188} INFO - [2024-02-14T09:37:23.280+0000] {dag.py:3036} INFO - Sync 1 DAGs
[2024-02-14T09:37:23.293+0000] {logging_mixin.py:188} INFO - [2024-02-14T09:37:23.293+0000] {dag.py:3823} INFO - Setting next_dagrun for example_task_group to 2024-02-13 00:00:00+00:00, run_after=2024-02-14 00:00:00+00:00
[2024-02-14T09:37:23.305+0000] {processor.py:183} INFO - Processing /home/airflow/.local/lib/python3.8/site-packages/airflow/example_dags/example_task_group.py took 0.054 seconds
[2024-02-14T09:37:53.493+0000] {processor.py:161} INFO - Started process (PID=464) to work on /home/airflow/.local/lib/python3.8/site-packages/airflow/example_dags/example_task_group.py
[2024-02-14T09:37:53.495+0000] {processor.py:830} INFO - Processing file /home/airflow/.local/lib/python3.8/site-packages/airflow/example_dags/example_task_group.py for tasks to queue
[2024-02-14T09:37:53.497+0000] {logging_mixin.py:188} INFO - [2024-02-14T09:37:53.497+0000] {dagbag.py:538} INFO - Filling up the DagBag from /home/airflow/.local/lib/python3.8/site-packages/airflow/example_dags/example_task_group.py
[2024-02-14T09:37:53.502+0000] {processor.py:840} INFO - DAG(s) 'example_task_group' retrieved from /home/airflow/.local/lib/python3.8/site-packages/airflow/example_dags/example_task_group.py
[2024-02-14T09:37:53.517+0000] {logging_mixin.py:188} INFO - [2024-02-14T09:37:53.517+0000] {dag.py:3036} INFO - Sync 1 DAGs
[2024-02-14T09:37:53.529+0000] {logging_mixin.py:188} INFO - [2024-02-14T09:37:53.529+0000] {dag.py:3823} INFO - Setting next_dagrun for example_task_group to 2024-02-13 00:00:00+00:00, run_after=2024-02-14 00:00:00+00:00
[2024-02-14T09:37:53.541+0000] {processor.py:183} INFO - Processing /home/airflow/.local/lib/python3.8/site-packages/airflow/example_dags/example_task_group.py took 0.050 seconds
[2024-02-14T09:38:23.602+0000] {processor.py:161} INFO - Started process (PID=521) to work on /home/airflow/.local/lib/python3.8/site-packages/airflow/example_dags/example_task_group.py
[2024-02-14T09:38:23.604+0000] {processor.py:830} INFO - Processing file /home/airflow/.local/lib/python3.8/site-packages/airflow/example_dags/example_task_group.py for tasks to queue
[2024-02-14T09:38:23.607+0000] {logging_mixin.py:188} INFO - [2024-02-14T09:38:23.606+0000] {dagbag.py:538} INFO - Filling up the DagBag from /home/airflow/.local/lib/python3.8/site-packages/airflow/example_dags/example_task_group.py
[2024-02-14T09:38:23.614+0000] {processor.py:840} INFO - DAG(s) 'example_task_group' retrieved from /home/airflow/.local/lib/python3.8/site-packages/airflow/example_dags/example_task_group.py
[2024-02-14T09:38:23.633+0000] {logging_mixin.py:188} INFO - [2024-02-14T09:38:23.632+0000] {dag.py:3036} INFO - Sync 1 DAGs
[2024-02-14T09:38:23.647+0000] {logging_mixin.py:188} INFO - [2024-02-14T09:38:23.647+0000] {dag.py:3823} INFO - Setting next_dagrun for example_task_group to 2024-02-13 00:00:00+00:00, run_after=2024-02-14 00:00:00+00:00
[2024-02-14T09:38:23.658+0000] {processor.py:183} INFO - Processing /home/airflow/.local/lib/python3.8/site-packages/airflow/example_dags/example_task_group.py took 0.060 seconds
[2024-02-14T09:38:54.510+0000] {processor.py:161} INFO - Started process (PID=579) to work on /home/airflow/.local/lib/python3.8/site-packages/airflow/example_dags/example_task_group.py
[2024-02-14T09:38:54.512+0000] {processor.py:830} INFO - Processing file /home/airflow/.local/lib/python3.8/site-packages/airflow/example_dags/example_task_group.py for tasks to queue
[2024-02-14T09:38:54.517+0000] {logging_mixin.py:188} INFO - [2024-02-14T09:38:54.516+0000] {dagbag.py:538} INFO - Filling up the DagBag from /home/airflow/.local/lib/python3.8/site-packages/airflow/example_dags/example_task_group.py
[2024-02-14T09:38:54.524+0000] {processor.py:840} INFO - DAG(s) 'example_task_group' retrieved from /home/airflow/.local/lib/python3.8/site-packages/airflow/example_dags/example_task_group.py
[2024-02-14T09:38:54.543+0000] {logging_mixin.py:188} INFO - [2024-02-14T09:38:54.542+0000] {dag.py:3036} INFO - Sync 1 DAGs
[2024-02-14T09:38:54.558+0000] {logging_mixin.py:188} INFO - [2024-02-14T09:38:54.558+0000] {dag.py:3823} INFO - Setting next_dagrun for example_task_group to 2024-02-13 00:00:00+00:00, run_after=2024-02-14 00:00:00+00:00
[2024-02-14T09:38:54.573+0000] {processor.py:183} INFO - Processing /home/airflow/.local/lib/python3.8/site-packages/airflow/example_dags/example_task_group.py took 0.065 seconds
[2024-02-14T09:43:49.439+0000] {processor.py:161} INFO - Started process (PID=63) to work on /home/airflow/.local/lib/python3.8/site-packages/airflow/example_dags/example_task_group.py
[2024-02-14T09:43:49.441+0000] {processor.py:830} INFO - Processing file /home/airflow/.local/lib/python3.8/site-packages/airflow/example_dags/example_task_group.py for tasks to queue
[2024-02-14T09:43:49.443+0000] {logging_mixin.py:188} INFO - [2024-02-14T09:43:49.443+0000] {dagbag.py:538} INFO - Filling up the DagBag from /home/airflow/.local/lib/python3.8/site-packages/airflow/example_dags/example_task_group.py
[2024-02-14T09:43:49.453+0000] {processor.py:840} INFO - DAG(s) 'example_task_group' retrieved from /home/airflow/.local/lib/python3.8/site-packages/airflow/example_dags/example_task_group.py
[2024-02-14T09:43:49.472+0000] {logging_mixin.py:188} INFO - [2024-02-14T09:43:49.472+0000] {dag.py:3036} INFO - Sync 1 DAGs
[2024-02-14T09:43:49.495+0000] {logging_mixin.py:188} INFO - [2024-02-14T09:43:49.495+0000] {dag.py:3823} INFO - Setting next_dagrun for example_task_group to 2024-02-13 00:00:00+00:00, run_after=2024-02-14 00:00:00+00:00
[2024-02-14T09:43:49.510+0000] {processor.py:183} INFO - Processing /home/airflow/.local/lib/python3.8/site-packages/airflow/example_dags/example_task_group.py took 0.073 seconds
[2024-02-14T09:46:38.512+0000] {processor.py:161} INFO - Started process (PID=62) to work on /home/airflow/.local/lib/python3.8/site-packages/airflow/example_dags/example_task_group.py
[2024-02-14T09:46:38.514+0000] {processor.py:830} INFO - Processing file /home/airflow/.local/lib/python3.8/site-packages/airflow/example_dags/example_task_group.py for tasks to queue
[2024-02-14T09:46:38.517+0000] {logging_mixin.py:188} INFO - [2024-02-14T09:46:38.516+0000] {dagbag.py:538} INFO - Filling up the DagBag from /home/airflow/.local/lib/python3.8/site-packages/airflow/example_dags/example_task_group.py
[2024-02-14T09:46:38.527+0000] {processor.py:840} INFO - DAG(s) 'example_task_group' retrieved from /home/airflow/.local/lib/python3.8/site-packages/airflow/example_dags/example_task_group.py
[2024-02-14T09:46:38.604+0000] {logging_mixin.py:188} INFO - [2024-02-14T09:46:38.604+0000] {override.py:1769} INFO - Created Permission View: can edit on DAG:example_task_group
[2024-02-14T09:46:38.611+0000] {logging_mixin.py:188} INFO - [2024-02-14T09:46:38.611+0000] {override.py:1769} INFO - Created Permission View: can read on DAG:example_task_group
[2024-02-14T09:46:38.616+0000] {logging_mixin.py:188} INFO - [2024-02-14T09:46:38.616+0000] {override.py:1769} INFO - Created Permission View: can delete on DAG:example_task_group
[2024-02-14T09:46:38.618+0000] {logging_mixin.py:188} INFO - [2024-02-14T09:46:38.618+0000] {dag.py:3036} INFO - Sync 1 DAGs
[2024-02-14T09:46:38.625+0000] {logging_mixin.py:188} INFO - [2024-02-14T09:46:38.625+0000] {dag.py:3058} INFO - Creating ORM DAG for example_task_group
[2024-02-14T09:46:38.632+0000] {logging_mixin.py:188} INFO - [2024-02-14T09:46:38.632+0000] {dag.py:3823} INFO - Setting next_dagrun for example_task_group to 2024-02-13 00:00:00+00:00, run_after=2024-02-14 00:00:00+00:00
[2024-02-14T09:46:38.645+0000] {processor.py:183} INFO - Processing /home/airflow/.local/lib/python3.8/site-packages/airflow/example_dags/example_task_group.py took 0.136 seconds
[2024-02-14T09:47:09.406+0000] {processor.py:161} INFO - Started process (PID=117) to work on /home/airflow/.local/lib/python3.8/site-packages/airflow/example_dags/example_task_group.py
[2024-02-14T09:47:09.408+0000] {processor.py:830} INFO - Processing file /home/airflow/.local/lib/python3.8/site-packages/airflow/example_dags/example_task_group.py for tasks to queue
[2024-02-14T09:47:09.410+0000] {logging_mixin.py:188} INFO - [2024-02-14T09:47:09.410+0000] {dagbag.py:538} INFO - Filling up the DagBag from /home/airflow/.local/lib/python3.8/site-packages/airflow/example_dags/example_task_group.py
[2024-02-14T09:47:09.415+0000] {processor.py:840} INFO - DAG(s) 'example_task_group' retrieved from /home/airflow/.local/lib/python3.8/site-packages/airflow/example_dags/example_task_group.py
[2024-02-14T09:47:09.431+0000] {logging_mixin.py:188} INFO - [2024-02-14T09:47:09.430+0000] {dag.py:3036} INFO - Sync 1 DAGs
[2024-02-14T09:47:09.444+0000] {logging_mixin.py:188} INFO - [2024-02-14T09:47:09.444+0000] {dag.py:3823} INFO - Setting next_dagrun for example_task_group to 2024-02-13 00:00:00+00:00, run_after=2024-02-14 00:00:00+00:00
[2024-02-14T09:47:09.455+0000] {processor.py:183} INFO - Processing /home/airflow/.local/lib/python3.8/site-packages/airflow/example_dags/example_task_group.py took 0.052 seconds
[2024-02-14T09:47:39.766+0000] {processor.py:161} INFO - Started process (PID=175) to work on /home/airflow/.local/lib/python3.8/site-packages/airflow/example_dags/example_task_group.py
[2024-02-14T09:47:39.768+0000] {processor.py:830} INFO - Processing file /home/airflow/.local/lib/python3.8/site-packages/airflow/example_dags/example_task_group.py for tasks to queue
[2024-02-14T09:47:39.770+0000] {logging_mixin.py:188} INFO - [2024-02-14T09:47:39.770+0000] {dagbag.py:538} INFO - Filling up the DagBag from /home/airflow/.local/lib/python3.8/site-packages/airflow/example_dags/example_task_group.py
[2024-02-14T09:47:39.778+0000] {processor.py:840} INFO - DAG(s) 'example_task_group' retrieved from /home/airflow/.local/lib/python3.8/site-packages/airflow/example_dags/example_task_group.py
[2024-02-14T09:47:39.795+0000] {logging_mixin.py:188} INFO - [2024-02-14T09:47:39.795+0000] {dag.py:3036} INFO - Sync 1 DAGs
[2024-02-14T09:47:39.812+0000] {logging_mixin.py:188} INFO - [2024-02-14T09:47:39.812+0000] {dag.py:3823} INFO - Setting next_dagrun for example_task_group to 2024-02-13 00:00:00+00:00, run_after=2024-02-14 00:00:00+00:00
[2024-02-14T09:47:39.827+0000] {processor.py:183} INFO - Processing /home/airflow/.local/lib/python3.8/site-packages/airflow/example_dags/example_task_group.py took 0.064 seconds
[2024-02-14T09:48:10.474+0000] {processor.py:161} INFO - Started process (PID=233) to work on /home/airflow/.local/lib/python3.8/site-packages/airflow/example_dags/example_task_group.py
[2024-02-14T09:48:10.476+0000] {processor.py:830} INFO - Processing file /home/airflow/.local/lib/python3.8/site-packages/airflow/example_dags/example_task_group.py for tasks to queue
[2024-02-14T09:48:10.478+0000] {logging_mixin.py:188} INFO - [2024-02-14T09:48:10.478+0000] {dagbag.py:538} INFO - Filling up the DagBag from /home/airflow/.local/lib/python3.8/site-packages/airflow/example_dags/example_task_group.py
[2024-02-14T09:48:10.484+0000] {processor.py:840} INFO - DAG(s) 'example_task_group' retrieved from /home/airflow/.local/lib/python3.8/site-packages/airflow/example_dags/example_task_group.py
[2024-02-14T09:48:10.502+0000] {logging_mixin.py:188} INFO - [2024-02-14T09:48:10.502+0000] {dag.py:3036} INFO - Sync 1 DAGs
[2024-02-14T09:48:10.522+0000] {logging_mixin.py:188} INFO - [2024-02-14T09:48:10.522+0000] {dag.py:3823} INFO - Setting next_dagrun for example_task_group to 2024-02-13 00:00:00+00:00, run_after=2024-02-14 00:00:00+00:00
[2024-02-14T09:48:10.538+0000] {processor.py:183} INFO - Processing /home/airflow/.local/lib/python3.8/site-packages/airflow/example_dags/example_task_group.py took 0.067 seconds
[2024-02-14T09:48:40.931+0000] {processor.py:161} INFO - Started process (PID=293) to work on /home/airflow/.local/lib/python3.8/site-packages/airflow/example_dags/example_task_group.py
[2024-02-14T09:48:40.933+0000] {processor.py:830} INFO - Processing file /home/airflow/.local/lib/python3.8/site-packages/airflow/example_dags/example_task_group.py for tasks to queue
[2024-02-14T09:48:40.935+0000] {logging_mixin.py:188} INFO - [2024-02-14T09:48:40.935+0000] {dagbag.py:538} INFO - Filling up the DagBag from /home/airflow/.local/lib/python3.8/site-packages/airflow/example_dags/example_task_group.py
[2024-02-14T09:48:40.940+0000] {processor.py:840} INFO - DAG(s) 'example_task_group' retrieved from /home/airflow/.local/lib/python3.8/site-packages/airflow/example_dags/example_task_group.py
[2024-02-14T09:48:40.955+0000] {logging_mixin.py:188} INFO - [2024-02-14T09:48:40.955+0000] {dag.py:3036} INFO - Sync 1 DAGs
[2024-02-14T09:48:40.968+0000] {logging_mixin.py:188} INFO - [2024-02-14T09:48:40.968+0000] {dag.py:3823} INFO - Setting next_dagrun for example_task_group to 2024-02-13 00:00:00+00:00, run_after=2024-02-14 00:00:00+00:00
[2024-02-14T09:48:40.980+0000] {processor.py:183} INFO - Processing /home/airflow/.local/lib/python3.8/site-packages/airflow/example_dags/example_task_group.py took 0.051 seconds
[2024-02-14T09:49:11.605+0000] {processor.py:161} INFO - Started process (PID=349) to work on /home/airflow/.local/lib/python3.8/site-packages/airflow/example_dags/example_task_group.py
[2024-02-14T09:49:11.607+0000] {processor.py:830} INFO - Processing file /home/airflow/.local/lib/python3.8/site-packages/airflow/example_dags/example_task_group.py for tasks to queue
[2024-02-14T09:49:11.610+0000] {logging_mixin.py:188} INFO - [2024-02-14T09:49:11.610+0000] {dagbag.py:538} INFO - Filling up the DagBag from /home/airflow/.local/lib/python3.8/site-packages/airflow/example_dags/example_task_group.py
[2024-02-14T09:49:11.617+0000] {processor.py:840} INFO - DAG(s) 'example_task_group' retrieved from /home/airflow/.local/lib/python3.8/site-packages/airflow/example_dags/example_task_group.py
[2024-02-14T09:49:11.634+0000] {logging_mixin.py:188} INFO - [2024-02-14T09:49:11.634+0000] {dag.py:3036} INFO - Sync 1 DAGs
[2024-02-14T09:49:11.650+0000] {logging_mixin.py:188} INFO - [2024-02-14T09:49:11.649+0000] {dag.py:3823} INFO - Setting next_dagrun for example_task_group to 2024-02-13 00:00:00+00:00, run_after=2024-02-14 00:00:00+00:00
[2024-02-14T09:49:11.662+0000] {processor.py:183} INFO - Processing /home/airflow/.local/lib/python3.8/site-packages/airflow/example_dags/example_task_group.py took 0.060 seconds
[2024-02-14T09:49:42.454+0000] {processor.py:161} INFO - Started process (PID=405) to work on /home/airflow/.local/lib/python3.8/site-packages/airflow/example_dags/example_task_group.py
[2024-02-14T09:49:42.457+0000] {processor.py:830} INFO - Processing file /home/airflow/.local/lib/python3.8/site-packages/airflow/example_dags/example_task_group.py for tasks to queue
[2024-02-14T09:49:42.460+0000] {logging_mixin.py:188} INFO - [2024-02-14T09:49:42.460+0000] {dagbag.py:538} INFO - Filling up the DagBag from /home/airflow/.local/lib/python3.8/site-packages/airflow/example_dags/example_task_group.py
[2024-02-14T09:49:42.469+0000] {processor.py:840} INFO - DAG(s) 'example_task_group' retrieved from /home/airflow/.local/lib/python3.8/site-packages/airflow/example_dags/example_task_group.py
[2024-02-14T09:49:42.492+0000] {logging_mixin.py:188} INFO - [2024-02-14T09:49:42.492+0000] {dag.py:3036} INFO - Sync 1 DAGs
[2024-02-14T09:49:42.512+0000] {logging_mixin.py:188} INFO - [2024-02-14T09:49:42.511+0000] {dag.py:3823} INFO - Setting next_dagrun for example_task_group to 2024-02-13 00:00:00+00:00, run_after=2024-02-14 00:00:00+00:00
[2024-02-14T09:49:42.534+0000] {processor.py:183} INFO - Processing /home/airflow/.local/lib/python3.8/site-packages/airflow/example_dags/example_task_group.py took 0.083 seconds
[2024-02-14T09:50:13.026+0000] {processor.py:161} INFO - Started process (PID=463) to work on /home/airflow/.local/lib/python3.8/site-packages/airflow/example_dags/example_task_group.py
[2024-02-14T09:50:13.028+0000] {processor.py:830} INFO - Processing file /home/airflow/.local/lib/python3.8/site-packages/airflow/example_dags/example_task_group.py for tasks to queue
[2024-02-14T09:50:13.030+0000] {logging_mixin.py:188} INFO - [2024-02-14T09:50:13.030+0000] {dagbag.py:538} INFO - Filling up the DagBag from /home/airflow/.local/lib/python3.8/site-packages/airflow/example_dags/example_task_group.py
[2024-02-14T09:50:13.035+0000] {processor.py:840} INFO - DAG(s) 'example_task_group' retrieved from /home/airflow/.local/lib/python3.8/site-packages/airflow/example_dags/example_task_group.py
[2024-02-14T09:50:13.050+0000] {logging_mixin.py:188} INFO - [2024-02-14T09:50:13.050+0000] {dag.py:3036} INFO - Sync 1 DAGs
[2024-02-14T09:50:13.064+0000] {logging_mixin.py:188} INFO - [2024-02-14T09:50:13.064+0000] {dag.py:3823} INFO - Setting next_dagrun for example_task_group to 2024-02-13 00:00:00+00:00, run_after=2024-02-14 00:00:00+00:00
[2024-02-14T09:50:13.076+0000] {processor.py:183} INFO - Processing /home/airflow/.local/lib/python3.8/site-packages/airflow/example_dags/example_task_group.py took 0.052 seconds
[2024-02-14T09:50:43.332+0000] {processor.py:161} INFO - Started process (PID=519) to work on /home/airflow/.local/lib/python3.8/site-packages/airflow/example_dags/example_task_group.py
[2024-02-14T09:50:43.334+0000] {processor.py:830} INFO - Processing file /home/airflow/.local/lib/python3.8/site-packages/airflow/example_dags/example_task_group.py for tasks to queue
[2024-02-14T09:50:43.336+0000] {logging_mixin.py:188} INFO - [2024-02-14T09:50:43.336+0000] {dagbag.py:538} INFO - Filling up the DagBag from /home/airflow/.local/lib/python3.8/site-packages/airflow/example_dags/example_task_group.py
[2024-02-14T09:50:43.342+0000] {processor.py:840} INFO - DAG(s) 'example_task_group' retrieved from /home/airflow/.local/lib/python3.8/site-packages/airflow/example_dags/example_task_group.py
[2024-02-14T09:50:43.357+0000] {logging_mixin.py:188} INFO - [2024-02-14T09:50:43.357+0000] {dag.py:3036} INFO - Sync 1 DAGs
[2024-02-14T09:50:43.371+0000] {logging_mixin.py:188} INFO - [2024-02-14T09:50:43.371+0000] {dag.py:3823} INFO - Setting next_dagrun for example_task_group to 2024-02-13 00:00:00+00:00, run_after=2024-02-14 00:00:00+00:00
[2024-02-14T09:50:43.382+0000] {processor.py:183} INFO - Processing /home/airflow/.local/lib/python3.8/site-packages/airflow/example_dags/example_task_group.py took 0.053 seconds
[2024-02-14T09:51:13.660+0000] {processor.py:161} INFO - Started process (PID=575) to work on /home/airflow/.local/lib/python3.8/site-packages/airflow/example_dags/example_task_group.py
[2024-02-14T09:51:13.661+0000] {processor.py:830} INFO - Processing file /home/airflow/.local/lib/python3.8/site-packages/airflow/example_dags/example_task_group.py for tasks to queue
[2024-02-14T09:51:13.663+0000] {logging_mixin.py:188} INFO - [2024-02-14T09:51:13.663+0000] {dagbag.py:538} INFO - Filling up the DagBag from /home/airflow/.local/lib/python3.8/site-packages/airflow/example_dags/example_task_group.py
[2024-02-14T09:51:13.668+0000] {processor.py:840} INFO - DAG(s) 'example_task_group' retrieved from /home/airflow/.local/lib/python3.8/site-packages/airflow/example_dags/example_task_group.py
[2024-02-14T09:51:13.684+0000] {logging_mixin.py:188} INFO - [2024-02-14T09:51:13.683+0000] {dag.py:3036} INFO - Sync 1 DAGs
[2024-02-14T09:51:13.698+0000] {logging_mixin.py:188} INFO - [2024-02-14T09:51:13.698+0000] {dag.py:3823} INFO - Setting next_dagrun for example_task_group to 2024-02-13 00:00:00+00:00, run_after=2024-02-14 00:00:00+00:00
[2024-02-14T09:51:13.709+0000] {processor.py:183} INFO - Processing /home/airflow/.local/lib/python3.8/site-packages/airflow/example_dags/example_task_group.py took 0.052 seconds
[2024-02-14T09:51:44.168+0000] {processor.py:161} INFO - Started process (PID=633) to work on /home/airflow/.local/lib/python3.8/site-packages/airflow/example_dags/example_task_group.py
[2024-02-14T09:51:44.170+0000] {processor.py:830} INFO - Processing file /home/airflow/.local/lib/python3.8/site-packages/airflow/example_dags/example_task_group.py for tasks to queue
[2024-02-14T09:51:44.172+0000] {logging_mixin.py:188} INFO - [2024-02-14T09:51:44.172+0000] {dagbag.py:538} INFO - Filling up the DagBag from /home/airflow/.local/lib/python3.8/site-packages/airflow/example_dags/example_task_group.py
[2024-02-14T09:51:44.178+0000] {processor.py:840} INFO - DAG(s) 'example_task_group' retrieved from /home/airflow/.local/lib/python3.8/site-packages/airflow/example_dags/example_task_group.py
[2024-02-14T09:51:44.193+0000] {logging_mixin.py:188} INFO - [2024-02-14T09:51:44.193+0000] {dag.py:3036} INFO - Sync 1 DAGs
[2024-02-14T09:51:44.208+0000] {logging_mixin.py:188} INFO - [2024-02-14T09:51:44.207+0000] {dag.py:3823} INFO - Setting next_dagrun for example_task_group to 2024-02-13 00:00:00+00:00, run_after=2024-02-14 00:00:00+00:00
[2024-02-14T09:51:44.220+0000] {processor.py:183} INFO - Processing /home/airflow/.local/lib/python3.8/site-packages/airflow/example_dags/example_task_group.py took 0.054 seconds
[2024-02-14T09:52:14.642+0000] {processor.py:161} INFO - Started process (PID=690) to work on /home/airflow/.local/lib/python3.8/site-packages/airflow/example_dags/example_task_group.py
[2024-02-14T09:52:14.644+0000] {processor.py:830} INFO - Processing file /home/airflow/.local/lib/python3.8/site-packages/airflow/example_dags/example_task_group.py for tasks to queue
[2024-02-14T09:52:14.646+0000] {logging_mixin.py:188} INFO - [2024-02-14T09:52:14.646+0000] {dagbag.py:538} INFO - Filling up the DagBag from /home/airflow/.local/lib/python3.8/site-packages/airflow/example_dags/example_task_group.py
[2024-02-14T09:52:14.651+0000] {processor.py:840} INFO - DAG(s) 'example_task_group' retrieved from /home/airflow/.local/lib/python3.8/site-packages/airflow/example_dags/example_task_group.py
[2024-02-14T09:52:14.665+0000] {logging_mixin.py:188} INFO - [2024-02-14T09:52:14.665+0000] {dag.py:3036} INFO - Sync 1 DAGs
[2024-02-14T09:52:14.678+0000] {logging_mixin.py:188} INFO - [2024-02-14T09:52:14.678+0000] {dag.py:3823} INFO - Setting next_dagrun for example_task_group to 2024-02-13 00:00:00+00:00, run_after=2024-02-14 00:00:00+00:00
[2024-02-14T09:52:14.690+0000] {processor.py:183} INFO - Processing /home/airflow/.local/lib/python3.8/site-packages/airflow/example_dags/example_task_group.py took 0.050 seconds
[2024-02-14T09:52:45.125+0000] {processor.py:161} INFO - Started process (PID=746) to work on /home/airflow/.local/lib/python3.8/site-packages/airflow/example_dags/example_task_group.py
[2024-02-14T09:52:45.127+0000] {processor.py:830} INFO - Processing file /home/airflow/.local/lib/python3.8/site-packages/airflow/example_dags/example_task_group.py for tasks to queue
[2024-02-14T09:52:45.129+0000] {logging_mixin.py:188} INFO - [2024-02-14T09:52:45.129+0000] {dagbag.py:538} INFO - Filling up the DagBag from /home/airflow/.local/lib/python3.8/site-packages/airflow/example_dags/example_task_group.py
[2024-02-14T09:52:45.134+0000] {processor.py:840} INFO - DAG(s) 'example_task_group' retrieved from /home/airflow/.local/lib/python3.8/site-packages/airflow/example_dags/example_task_group.py
[2024-02-14T09:52:45.153+0000] {logging_mixin.py:188} INFO - [2024-02-14T09:52:45.153+0000] {dag.py:3036} INFO - Sync 1 DAGs
[2024-02-14T09:52:45.167+0000] {logging_mixin.py:188} INFO - [2024-02-14T09:52:45.167+0000] {dag.py:3823} INFO - Setting next_dagrun for example_task_group to 2024-02-13 00:00:00+00:00, run_after=2024-02-14 00:00:00+00:00
[2024-02-14T09:52:45.179+0000] {processor.py:183} INFO - Processing /home/airflow/.local/lib/python3.8/site-packages/airflow/example_dags/example_task_group.py took 0.057 seconds
[2024-02-14T09:53:38.713+0000] {processor.py:161} INFO - Started process (PID=67) to work on /home/airflow/.local/lib/python3.8/site-packages/airflow/example_dags/example_task_group.py
[2024-02-14T09:53:38.715+0000] {processor.py:830} INFO - Processing file /home/airflow/.local/lib/python3.8/site-packages/airflow/example_dags/example_task_group.py for tasks to queue
[2024-02-14T09:53:38.719+0000] {logging_mixin.py:188} INFO - [2024-02-14T09:53:38.718+0000] {dagbag.py:538} INFO - Filling up the DagBag from /home/airflow/.local/lib/python3.8/site-packages/airflow/example_dags/example_task_group.py
[2024-02-14T09:53:38.725+0000] {processor.py:840} INFO - DAG(s) 'example_task_group' retrieved from /home/airflow/.local/lib/python3.8/site-packages/airflow/example_dags/example_task_group.py
[2024-02-14T09:53:38.738+0000] {logging_mixin.py:188} INFO - [2024-02-14T09:53:38.738+0000] {dag.py:3036} INFO - Sync 1 DAGs
[2024-02-14T09:53:38.753+0000] {logging_mixin.py:188} INFO - [2024-02-14T09:53:38.753+0000] {dag.py:3823} INFO - Setting next_dagrun for example_task_group to 2024-02-13 00:00:00+00:00, run_after=2024-02-14 00:00:00+00:00
[2024-02-14T09:53:38.767+0000] {processor.py:183} INFO - Processing /home/airflow/.local/lib/python3.8/site-packages/airflow/example_dags/example_task_group.py took 0.056 seconds
[2024-02-14T09:54:10.518+0000] {processor.py:161} INFO - Started process (PID=123) to work on /home/airflow/.local/lib/python3.8/site-packages/airflow/example_dags/example_task_group.py
[2024-02-14T09:54:10.520+0000] {processor.py:830} INFO - Processing file /home/airflow/.local/lib/python3.8/site-packages/airflow/example_dags/example_task_group.py for tasks to queue
[2024-02-14T09:54:10.523+0000] {logging_mixin.py:188} INFO - [2024-02-14T09:54:10.523+0000] {dagbag.py:538} INFO - Filling up the DagBag from /home/airflow/.local/lib/python3.8/site-packages/airflow/example_dags/example_task_group.py
[2024-02-14T09:54:10.533+0000] {processor.py:840} INFO - DAG(s) 'example_task_group' retrieved from /home/airflow/.local/lib/python3.8/site-packages/airflow/example_dags/example_task_group.py
[2024-02-14T09:54:10.614+0000] {logging_mixin.py:188} INFO - [2024-02-14T09:54:10.613+0000] {dag.py:3036} INFO - Sync 1 DAGs
[2024-02-14T09:54:10.626+0000] {logging_mixin.py:188} INFO - [2024-02-14T09:54:10.626+0000] {dag.py:3823} INFO - Setting next_dagrun for example_task_group to 2024-02-13 00:00:00+00:00, run_after=2024-02-14 00:00:00+00:00
[2024-02-14T09:54:10.638+0000] {processor.py:183} INFO - Processing /home/airflow/.local/lib/python3.8/site-packages/airflow/example_dags/example_task_group.py took 0.122 seconds
[2024-02-14T09:54:40.944+0000] {processor.py:161} INFO - Started process (PID=180) to work on /home/airflow/.local/lib/python3.8/site-packages/airflow/example_dags/example_task_group.py
[2024-02-14T09:54:40.945+0000] {processor.py:830} INFO - Processing file /home/airflow/.local/lib/python3.8/site-packages/airflow/example_dags/example_task_group.py for tasks to queue
[2024-02-14T09:54:40.947+0000] {logging_mixin.py:188} INFO - [2024-02-14T09:54:40.947+0000] {dagbag.py:538} INFO - Filling up the DagBag from /home/airflow/.local/lib/python3.8/site-packages/airflow/example_dags/example_task_group.py
[2024-02-14T09:54:40.953+0000] {processor.py:840} INFO - DAG(s) 'example_task_group' retrieved from /home/airflow/.local/lib/python3.8/site-packages/airflow/example_dags/example_task_group.py
[2024-02-14T09:54:40.968+0000] {logging_mixin.py:188} INFO - [2024-02-14T09:54:40.968+0000] {dag.py:3036} INFO - Sync 1 DAGs
[2024-02-14T09:54:40.982+0000] {logging_mixin.py:188} INFO - [2024-02-14T09:54:40.982+0000] {dag.py:3823} INFO - Setting next_dagrun for example_task_group to 2024-02-13 00:00:00+00:00, run_after=2024-02-14 00:00:00+00:00
[2024-02-14T09:54:40.994+0000] {processor.py:183} INFO - Processing /home/airflow/.local/lib/python3.8/site-packages/airflow/example_dags/example_task_group.py took 0.052 seconds
[2024-02-14T09:55:50.413+0000] {processor.py:161} INFO - Started process (PID=64) to work on /home/airflow/.local/lib/python3.8/site-packages/airflow/example_dags/example_task_group.py
[2024-02-14T09:55:50.415+0000] {processor.py:830} INFO - Processing file /home/airflow/.local/lib/python3.8/site-packages/airflow/example_dags/example_task_group.py for tasks to queue
[2024-02-14T09:55:50.417+0000] {logging_mixin.py:188} INFO - [2024-02-14T09:55:50.417+0000] {dagbag.py:538} INFO - Filling up the DagBag from /home/airflow/.local/lib/python3.8/site-packages/airflow/example_dags/example_task_group.py
[2024-02-14T09:55:50.427+0000] {processor.py:840} INFO - DAG(s) 'example_task_group' retrieved from /home/airflow/.local/lib/python3.8/site-packages/airflow/example_dags/example_task_group.py
[2024-02-14T09:55:50.437+0000] {logging_mixin.py:188} INFO - [2024-02-14T09:55:50.437+0000] {dag.py:3036} INFO - Sync 1 DAGs
[2024-02-14T09:55:50.456+0000] {logging_mixin.py:188} INFO - [2024-02-14T09:55:50.456+0000] {dag.py:3823} INFO - Setting next_dagrun for example_task_group to 2024-02-13 00:00:00+00:00, run_after=2024-02-14 00:00:00+00:00
[2024-02-14T09:55:50.471+0000] {processor.py:183} INFO - Processing /home/airflow/.local/lib/python3.8/site-packages/airflow/example_dags/example_task_group.py took 0.061 seconds
[2024-02-14T09:56:20.505+0000] {processor.py:161} INFO - Started process (PID=126) to work on /home/airflow/.local/lib/python3.8/site-packages/airflow/example_dags/example_task_group.py
[2024-02-14T09:56:20.507+0000] {processor.py:830} INFO - Processing file /home/airflow/.local/lib/python3.8/site-packages/airflow/example_dags/example_task_group.py for tasks to queue
[2024-02-14T09:56:20.509+0000] {logging_mixin.py:188} INFO - [2024-02-14T09:56:20.508+0000] {dagbag.py:538} INFO - Filling up the DagBag from /home/airflow/.local/lib/python3.8/site-packages/airflow/example_dags/example_task_group.py
[2024-02-14T09:56:20.513+0000] {processor.py:840} INFO - DAG(s) 'example_task_group' retrieved from /home/airflow/.local/lib/python3.8/site-packages/airflow/example_dags/example_task_group.py
[2024-02-14T09:56:20.580+0000] {logging_mixin.py:188} INFO - [2024-02-14T09:56:20.580+0000] {dag.py:3036} INFO - Sync 1 DAGs
[2024-02-14T09:56:20.641+0000] {logging_mixin.py:188} INFO - [2024-02-14T09:56:20.641+0000] {dag.py:3823} INFO - Setting next_dagrun for example_task_group to 2024-02-13 00:00:00+00:00, run_after=2024-02-14 00:00:00+00:00
[2024-02-14T09:56:20.718+0000] {processor.py:183} INFO - Processing /home/airflow/.local/lib/python3.8/site-packages/airflow/example_dags/example_task_group.py took 0.215 seconds
[2024-02-14T09:56:51.818+0000] {processor.py:161} INFO - Started process (PID=183) to work on /home/airflow/.local/lib/python3.8/site-packages/airflow/example_dags/example_task_group.py
[2024-02-14T09:56:51.836+0000] {processor.py:830} INFO - Processing file /home/airflow/.local/lib/python3.8/site-packages/airflow/example_dags/example_task_group.py for tasks to queue
[2024-02-14T09:56:51.849+0000] {logging_mixin.py:188} INFO - [2024-02-14T09:56:51.844+0000] {dagbag.py:538} INFO - Filling up the DagBag from /home/airflow/.local/lib/python3.8/site-packages/airflow/example_dags/example_task_group.py
[2024-02-14T09:56:51.880+0000] {processor.py:840} INFO - DAG(s) 'example_task_group' retrieved from /home/airflow/.local/lib/python3.8/site-packages/airflow/example_dags/example_task_group.py
[2024-02-14T09:56:51.912+0000] {logging_mixin.py:188} INFO - [2024-02-14T09:56:51.912+0000] {dag.py:3036} INFO - Sync 1 DAGs
[2024-02-14T09:56:51.939+0000] {logging_mixin.py:188} INFO - [2024-02-14T09:56:51.939+0000] {dag.py:3823} INFO - Setting next_dagrun for example_task_group to 2024-02-13 00:00:00+00:00, run_after=2024-02-14 00:00:00+00:00
[2024-02-14T09:56:51.979+0000] {processor.py:183} INFO - Processing /home/airflow/.local/lib/python3.8/site-packages/airflow/example_dags/example_task_group.py took 0.182 seconds
[2024-02-14T09:57:22.465+0000] {processor.py:161} INFO - Started process (PID=240) to work on /home/airflow/.local/lib/python3.8/site-packages/airflow/example_dags/example_task_group.py
[2024-02-14T09:57:22.467+0000] {processor.py:830} INFO - Processing file /home/airflow/.local/lib/python3.8/site-packages/airflow/example_dags/example_task_group.py for tasks to queue
[2024-02-14T09:57:22.469+0000] {logging_mixin.py:188} INFO - [2024-02-14T09:57:22.469+0000] {dagbag.py:538} INFO - Filling up the DagBag from /home/airflow/.local/lib/python3.8/site-packages/airflow/example_dags/example_task_group.py
[2024-02-14T09:57:22.475+0000] {processor.py:840} INFO - DAG(s) 'example_task_group' retrieved from /home/airflow/.local/lib/python3.8/site-packages/airflow/example_dags/example_task_group.py
[2024-02-14T09:57:22.492+0000] {logging_mixin.py:188} INFO - [2024-02-14T09:57:22.491+0000] {dag.py:3036} INFO - Sync 1 DAGs
[2024-02-14T09:57:22.507+0000] {logging_mixin.py:188} INFO - [2024-02-14T09:57:22.506+0000] {dag.py:3823} INFO - Setting next_dagrun for example_task_group to 2024-02-13 00:00:00+00:00, run_after=2024-02-14 00:00:00+00:00
[2024-02-14T09:57:22.523+0000] {processor.py:183} INFO - Processing /home/airflow/.local/lib/python3.8/site-packages/airflow/example_dags/example_task_group.py took 0.061 seconds
[2024-02-14T09:57:53.103+0000] {processor.py:161} INFO - Started process (PID=298) to work on /home/airflow/.local/lib/python3.8/site-packages/airflow/example_dags/example_task_group.py
[2024-02-14T09:57:53.105+0000] {processor.py:830} INFO - Processing file /home/airflow/.local/lib/python3.8/site-packages/airflow/example_dags/example_task_group.py for tasks to queue
[2024-02-14T09:57:53.107+0000] {logging_mixin.py:188} INFO - [2024-02-14T09:57:53.106+0000] {dagbag.py:538} INFO - Filling up the DagBag from /home/airflow/.local/lib/python3.8/site-packages/airflow/example_dags/example_task_group.py
[2024-02-14T09:57:53.112+0000] {processor.py:840} INFO - DAG(s) 'example_task_group' retrieved from /home/airflow/.local/lib/python3.8/site-packages/airflow/example_dags/example_task_group.py
[2024-02-14T09:57:53.128+0000] {logging_mixin.py:188} INFO - [2024-02-14T09:57:53.128+0000] {dag.py:3036} INFO - Sync 1 DAGs
[2024-02-14T09:57:53.142+0000] {logging_mixin.py:188} INFO - [2024-02-14T09:57:53.142+0000] {dag.py:3823} INFO - Setting next_dagrun for example_task_group to 2024-02-13 00:00:00+00:00, run_after=2024-02-14 00:00:00+00:00
[2024-02-14T09:57:53.156+0000] {processor.py:183} INFO - Processing /home/airflow/.local/lib/python3.8/site-packages/airflow/example_dags/example_task_group.py took 0.055 seconds
[2024-02-14T09:58:23.458+0000] {processor.py:161} INFO - Started process (PID=355) to work on /home/airflow/.local/lib/python3.8/site-packages/airflow/example_dags/example_task_group.py
[2024-02-14T09:58:23.460+0000] {processor.py:830} INFO - Processing file /home/airflow/.local/lib/python3.8/site-packages/airflow/example_dags/example_task_group.py for tasks to queue
[2024-02-14T09:58:23.462+0000] {logging_mixin.py:188} INFO - [2024-02-14T09:58:23.462+0000] {dagbag.py:538} INFO - Filling up the DagBag from /home/airflow/.local/lib/python3.8/site-packages/airflow/example_dags/example_task_group.py
[2024-02-14T09:58:23.469+0000] {processor.py:840} INFO - DAG(s) 'example_task_group' retrieved from /home/airflow/.local/lib/python3.8/site-packages/airflow/example_dags/example_task_group.py
[2024-02-14T09:58:23.495+0000] {logging_mixin.py:188} INFO - [2024-02-14T09:58:23.495+0000] {dag.py:3036} INFO - Sync 1 DAGs
[2024-02-14T09:58:23.511+0000] {logging_mixin.py:188} INFO - [2024-02-14T09:58:23.511+0000] {dag.py:3823} INFO - Setting next_dagrun for example_task_group to 2024-02-13 00:00:00+00:00, run_after=2024-02-14 00:00:00+00:00
[2024-02-14T09:58:23.524+0000] {processor.py:183} INFO - Processing /home/airflow/.local/lib/python3.8/site-packages/airflow/example_dags/example_task_group.py took 0.069 seconds
[2024-02-14T09:58:54.427+0000] {processor.py:161} INFO - Started process (PID=414) to work on /home/airflow/.local/lib/python3.8/site-packages/airflow/example_dags/example_task_group.py
[2024-02-14T09:58:54.428+0000] {processor.py:830} INFO - Processing file /home/airflow/.local/lib/python3.8/site-packages/airflow/example_dags/example_task_group.py for tasks to queue
[2024-02-14T09:58:54.431+0000] {logging_mixin.py:188} INFO - [2024-02-14T09:58:54.430+0000] {dagbag.py:538} INFO - Filling up the DagBag from /home/airflow/.local/lib/python3.8/site-packages/airflow/example_dags/example_task_group.py
[2024-02-14T09:58:54.436+0000] {processor.py:840} INFO - DAG(s) 'example_task_group' retrieved from /home/airflow/.local/lib/python3.8/site-packages/airflow/example_dags/example_task_group.py
[2024-02-14T09:58:54.453+0000] {logging_mixin.py:188} INFO - [2024-02-14T09:58:54.453+0000] {dag.py:3036} INFO - Sync 1 DAGs
[2024-02-14T09:58:54.471+0000] {logging_mixin.py:188} INFO - [2024-02-14T09:58:54.471+0000] {dag.py:3823} INFO - Setting next_dagrun for example_task_group to 2024-02-13 00:00:00+00:00, run_after=2024-02-14 00:00:00+00:00
[2024-02-14T09:58:54.483+0000] {processor.py:183} INFO - Processing /home/airflow/.local/lib/python3.8/site-packages/airflow/example_dags/example_task_group.py took 0.059 seconds
[2024-02-14T09:59:24.806+0000] {processor.py:161} INFO - Started process (PID=471) to work on /home/airflow/.local/lib/python3.8/site-packages/airflow/example_dags/example_task_group.py
[2024-02-14T09:59:24.808+0000] {processor.py:830} INFO - Processing file /home/airflow/.local/lib/python3.8/site-packages/airflow/example_dags/example_task_group.py for tasks to queue
[2024-02-14T09:59:24.811+0000] {logging_mixin.py:188} INFO - [2024-02-14T09:59:24.810+0000] {dagbag.py:538} INFO - Filling up the DagBag from /home/airflow/.local/lib/python3.8/site-packages/airflow/example_dags/example_task_group.py
[2024-02-14T09:59:24.816+0000] {processor.py:840} INFO - DAG(s) 'example_task_group' retrieved from /home/airflow/.local/lib/python3.8/site-packages/airflow/example_dags/example_task_group.py
[2024-02-14T09:59:24.833+0000] {logging_mixin.py:188} INFO - [2024-02-14T09:59:24.832+0000] {dag.py:3036} INFO - Sync 1 DAGs
[2024-02-14T09:59:24.845+0000] {logging_mixin.py:188} INFO - [2024-02-14T09:59:24.845+0000] {dag.py:3823} INFO - Setting next_dagrun for example_task_group to 2024-02-13 00:00:00+00:00, run_after=2024-02-14 00:00:00+00:00
[2024-02-14T09:59:24.858+0000] {processor.py:183} INFO - Processing /home/airflow/.local/lib/python3.8/site-packages/airflow/example_dags/example_task_group.py took 0.054 seconds
[2024-02-14T09:59:55.594+0000] {processor.py:161} INFO - Started process (PID=527) to work on /home/airflow/.local/lib/python3.8/site-packages/airflow/example_dags/example_task_group.py
[2024-02-14T09:59:55.596+0000] {processor.py:830} INFO - Processing file /home/airflow/.local/lib/python3.8/site-packages/airflow/example_dags/example_task_group.py for tasks to queue
[2024-02-14T09:59:55.598+0000] {logging_mixin.py:188} INFO - [2024-02-14T09:59:55.597+0000] {dagbag.py:538} INFO - Filling up the DagBag from /home/airflow/.local/lib/python3.8/site-packages/airflow/example_dags/example_task_group.py
[2024-02-14T09:59:55.603+0000] {processor.py:840} INFO - DAG(s) 'example_task_group' retrieved from /home/airflow/.local/lib/python3.8/site-packages/airflow/example_dags/example_task_group.py
[2024-02-14T09:59:55.619+0000] {logging_mixin.py:188} INFO - [2024-02-14T09:59:55.618+0000] {dag.py:3036} INFO - Sync 1 DAGs
[2024-02-14T09:59:55.632+0000] {logging_mixin.py:188} INFO - [2024-02-14T09:59:55.632+0000] {dag.py:3823} INFO - Setting next_dagrun for example_task_group to 2024-02-13 00:00:00+00:00, run_after=2024-02-14 00:00:00+00:00
[2024-02-14T09:59:55.645+0000] {processor.py:183} INFO - Processing /home/airflow/.local/lib/python3.8/site-packages/airflow/example_dags/example_task_group.py took 0.053 seconds
[2024-02-14T10:00:26.003+0000] {processor.py:161} INFO - Started process (PID=584) to work on /home/airflow/.local/lib/python3.8/site-packages/airflow/example_dags/example_task_group.py
[2024-02-14T10:00:26.005+0000] {processor.py:830} INFO - Processing file /home/airflow/.local/lib/python3.8/site-packages/airflow/example_dags/example_task_group.py for tasks to queue
[2024-02-14T10:00:26.008+0000] {logging_mixin.py:188} INFO - [2024-02-14T10:00:26.007+0000] {dagbag.py:538} INFO - Filling up the DagBag from /home/airflow/.local/lib/python3.8/site-packages/airflow/example_dags/example_task_group.py
[2024-02-14T10:00:26.013+0000] {processor.py:840} INFO - DAG(s) 'example_task_group' retrieved from /home/airflow/.local/lib/python3.8/site-packages/airflow/example_dags/example_task_group.py
[2024-02-14T10:00:26.029+0000] {logging_mixin.py:188} INFO - [2024-02-14T10:00:26.029+0000] {dag.py:3036} INFO - Sync 1 DAGs
[2024-02-14T10:00:26.044+0000] {logging_mixin.py:188} INFO - [2024-02-14T10:00:26.044+0000] {dag.py:3823} INFO - Setting next_dagrun for example_task_group to 2024-02-13 00:00:00+00:00, run_after=2024-02-14 00:00:00+00:00
[2024-02-14T10:00:26.057+0000] {processor.py:183} INFO - Processing /home/airflow/.local/lib/python3.8/site-packages/airflow/example_dags/example_task_group.py took 0.056 seconds
[2024-02-14T10:00:56.290+0000] {processor.py:161} INFO - Started process (PID=641) to work on /home/airflow/.local/lib/python3.8/site-packages/airflow/example_dags/example_task_group.py
[2024-02-14T10:00:56.292+0000] {processor.py:830} INFO - Processing file /home/airflow/.local/lib/python3.8/site-packages/airflow/example_dags/example_task_group.py for tasks to queue
[2024-02-14T10:00:56.294+0000] {logging_mixin.py:188} INFO - [2024-02-14T10:00:56.293+0000] {dagbag.py:538} INFO - Filling up the DagBag from /home/airflow/.local/lib/python3.8/site-packages/airflow/example_dags/example_task_group.py
[2024-02-14T10:00:56.300+0000] {processor.py:840} INFO - DAG(s) 'example_task_group' retrieved from /home/airflow/.local/lib/python3.8/site-packages/airflow/example_dags/example_task_group.py
[2024-02-14T10:00:56.318+0000] {logging_mixin.py:188} INFO - [2024-02-14T10:00:56.317+0000] {dag.py:3036} INFO - Sync 1 DAGs
[2024-02-14T10:00:56.333+0000] {logging_mixin.py:188} INFO - [2024-02-14T10:00:56.332+0000] {dag.py:3823} INFO - Setting next_dagrun for example_task_group to 2024-02-13 00:00:00+00:00, run_after=2024-02-14 00:00:00+00:00
[2024-02-14T10:00:56.356+0000] {processor.py:183} INFO - Processing /home/airflow/.local/lib/python3.8/site-packages/airflow/example_dags/example_task_group.py took 0.068 seconds
[2024-02-14T10:01:27.292+0000] {processor.py:161} INFO - Started process (PID=697) to work on /home/airflow/.local/lib/python3.8/site-packages/airflow/example_dags/example_task_group.py
[2024-02-14T10:01:27.295+0000] {processor.py:830} INFO - Processing file /home/airflow/.local/lib/python3.8/site-packages/airflow/example_dags/example_task_group.py for tasks to queue
[2024-02-14T10:01:27.298+0000] {logging_mixin.py:188} INFO - [2024-02-14T10:01:27.298+0000] {dagbag.py:538} INFO - Filling up the DagBag from /home/airflow/.local/lib/python3.8/site-packages/airflow/example_dags/example_task_group.py
[2024-02-14T10:01:27.306+0000] {processor.py:840} INFO - DAG(s) 'example_task_group' retrieved from /home/airflow/.local/lib/python3.8/site-packages/airflow/example_dags/example_task_group.py
[2024-02-14T10:01:27.327+0000] {logging_mixin.py:188} INFO - [2024-02-14T10:01:27.327+0000] {dag.py:3036} INFO - Sync 1 DAGs
[2024-02-14T10:01:27.350+0000] {logging_mixin.py:188} INFO - [2024-02-14T10:01:27.350+0000] {dag.py:3823} INFO - Setting next_dagrun for example_task_group to 2024-02-13 00:00:00+00:00, run_after=2024-02-14 00:00:00+00:00
[2024-02-14T10:01:27.363+0000] {processor.py:183} INFO - Processing /home/airflow/.local/lib/python3.8/site-packages/airflow/example_dags/example_task_group.py took 0.076 seconds
[2024-02-14T10:01:58.380+0000] {processor.py:161} INFO - Started process (PID=754) to work on /home/airflow/.local/lib/python3.8/site-packages/airflow/example_dags/example_task_group.py
[2024-02-14T10:01:58.384+0000] {processor.py:830} INFO - Processing file /home/airflow/.local/lib/python3.8/site-packages/airflow/example_dags/example_task_group.py for tasks to queue
[2024-02-14T10:01:58.387+0000] {logging_mixin.py:188} INFO - [2024-02-14T10:01:58.387+0000] {dagbag.py:538} INFO - Filling up the DagBag from /home/airflow/.local/lib/python3.8/site-packages/airflow/example_dags/example_task_group.py
[2024-02-14T10:01:58.395+0000] {processor.py:840} INFO - DAG(s) 'example_task_group' retrieved from /home/airflow/.local/lib/python3.8/site-packages/airflow/example_dags/example_task_group.py
[2024-02-14T10:01:58.415+0000] {logging_mixin.py:188} INFO - [2024-02-14T10:01:58.415+0000] {dag.py:3036} INFO - Sync 1 DAGs
[2024-02-14T10:01:58.446+0000] {logging_mixin.py:188} INFO - [2024-02-14T10:01:58.446+0000] {dag.py:3823} INFO - Setting next_dagrun for example_task_group to 2024-02-13 00:00:00+00:00, run_after=2024-02-14 00:00:00+00:00
[2024-02-14T10:01:58.463+0000] {processor.py:183} INFO - Processing /home/airflow/.local/lib/python3.8/site-packages/airflow/example_dags/example_task_group.py took 0.090 seconds
[2024-02-14T10:02:29.034+0000] {processor.py:161} INFO - Started process (PID=811) to work on /home/airflow/.local/lib/python3.8/site-packages/airflow/example_dags/example_task_group.py
[2024-02-14T10:02:29.037+0000] {processor.py:830} INFO - Processing file /home/airflow/.local/lib/python3.8/site-packages/airflow/example_dags/example_task_group.py for tasks to queue
[2024-02-14T10:02:29.039+0000] {logging_mixin.py:188} INFO - [2024-02-14T10:02:29.039+0000] {dagbag.py:538} INFO - Filling up the DagBag from /home/airflow/.local/lib/python3.8/site-packages/airflow/example_dags/example_task_group.py
[2024-02-14T10:02:29.044+0000] {processor.py:840} INFO - DAG(s) 'example_task_group' retrieved from /home/airflow/.local/lib/python3.8/site-packages/airflow/example_dags/example_task_group.py
[2024-02-14T10:02:29.064+0000] {logging_mixin.py:188} INFO - [2024-02-14T10:02:29.063+0000] {dag.py:3036} INFO - Sync 1 DAGs
[2024-02-14T10:02:29.080+0000] {logging_mixin.py:188} INFO - [2024-02-14T10:02:29.080+0000] {dag.py:3823} INFO - Setting next_dagrun for example_task_group to 2024-02-13 00:00:00+00:00, run_after=2024-02-14 00:00:00+00:00
[2024-02-14T10:02:29.094+0000] {processor.py:183} INFO - Processing /home/airflow/.local/lib/python3.8/site-packages/airflow/example_dags/example_task_group.py took 0.062 seconds
[2024-02-14T10:02:59.810+0000] {processor.py:161} INFO - Started process (PID=870) to work on /home/airflow/.local/lib/python3.8/site-packages/airflow/example_dags/example_task_group.py
[2024-02-14T10:02:59.812+0000] {processor.py:830} INFO - Processing file /home/airflow/.local/lib/python3.8/site-packages/airflow/example_dags/example_task_group.py for tasks to queue
[2024-02-14T10:02:59.814+0000] {logging_mixin.py:188} INFO - [2024-02-14T10:02:59.814+0000] {dagbag.py:538} INFO - Filling up the DagBag from /home/airflow/.local/lib/python3.8/site-packages/airflow/example_dags/example_task_group.py
[2024-02-14T10:02:59.820+0000] {processor.py:840} INFO - DAG(s) 'example_task_group' retrieved from /home/airflow/.local/lib/python3.8/site-packages/airflow/example_dags/example_task_group.py
[2024-02-14T10:02:59.838+0000] {logging_mixin.py:188} INFO - [2024-02-14T10:02:59.838+0000] {dag.py:3036} INFO - Sync 1 DAGs
[2024-02-14T10:02:59.853+0000] {logging_mixin.py:188} INFO - [2024-02-14T10:02:59.853+0000] {dag.py:3823} INFO - Setting next_dagrun for example_task_group to 2024-02-13 00:00:00+00:00, run_after=2024-02-14 00:00:00+00:00
[2024-02-14T10:02:59.864+0000] {processor.py:183} INFO - Processing /home/airflow/.local/lib/python3.8/site-packages/airflow/example_dags/example_task_group.py took 0.057 seconds
