[2024-02-14T09:34:19.918+0000] {processor.py:161} INFO - Started process (PID=68) to work on /home/airflow/.local/lib/python3.8/site-packages/airflow/example_dags/example_python_operator.py
[2024-02-14T09:34:19.921+0000] {processor.py:830} INFO - Processing file /home/airflow/.local/lib/python3.8/site-packages/airflow/example_dags/example_python_operator.py for tasks to queue
[2024-02-14T09:34:19.924+0000] {logging_mixin.py:188} INFO - [2024-02-14T09:34:19.924+0000] {dagbag.py:538} INFO - Filling up the DagBag from /home/airflow/.local/lib/python3.8/site-packages/airflow/example_dags/example_python_operator.py
[2024-02-14T09:34:19.968+0000] {processor.py:840} INFO - DAG(s) 'example_python_operator' retrieved from /home/airflow/.local/lib/python3.8/site-packages/airflow/example_dags/example_python_operator.py
[2024-02-14T09:34:19.992+0000] {logging_mixin.py:188} INFO - [2024-02-14T09:34:19.992+0000] {dag.py:3036} INFO - Sync 1 DAGs
[2024-02-14T09:34:20.028+0000] {logging_mixin.py:188} INFO - [2024-02-14T09:34:20.027+0000] {dag.py:3823} INFO - Setting next_dagrun for example_python_operator to None, run_after=None
[2024-02-14T09:34:20.073+0000] {processor.py:183} INFO - Processing /home/airflow/.local/lib/python3.8/site-packages/airflow/example_dags/example_python_operator.py took 0.160 seconds
[2024-02-14T09:34:50.177+0000] {processor.py:161} INFO - Started process (PID=125) to work on /home/airflow/.local/lib/python3.8/site-packages/airflow/example_dags/example_python_operator.py
[2024-02-14T09:34:50.179+0000] {processor.py:830} INFO - Processing file /home/airflow/.local/lib/python3.8/site-packages/airflow/example_dags/example_python_operator.py for tasks to queue
[2024-02-14T09:34:50.181+0000] {logging_mixin.py:188} INFO - [2024-02-14T09:34:50.181+0000] {dagbag.py:538} INFO - Filling up the DagBag from /home/airflow/.local/lib/python3.8/site-packages/airflow/example_dags/example_python_operator.py
[2024-02-14T09:34:50.189+0000] {processor.py:840} INFO - DAG(s) 'example_python_operator' retrieved from /home/airflow/.local/lib/python3.8/site-packages/airflow/example_dags/example_python_operator.py
[2024-02-14T09:34:50.242+0000] {logging_mixin.py:188} INFO - [2024-02-14T09:34:50.241+0000] {dag.py:3036} INFO - Sync 1 DAGs
[2024-02-14T09:34:50.248+0000] {logging_mixin.py:188} INFO - [2024-02-14T09:34:50.248+0000] {dag.py:3823} INFO - Setting next_dagrun for example_python_operator to None, run_after=None
[2024-02-14T09:34:50.261+0000] {processor.py:183} INFO - Processing /home/airflow/.local/lib/python3.8/site-packages/airflow/example_dags/example_python_operator.py took 0.087 seconds
[2024-02-14T09:35:20.729+0000] {processor.py:161} INFO - Started process (PID=183) to work on /home/airflow/.local/lib/python3.8/site-packages/airflow/example_dags/example_python_operator.py
[2024-02-14T09:35:20.732+0000] {processor.py:830} INFO - Processing file /home/airflow/.local/lib/python3.8/site-packages/airflow/example_dags/example_python_operator.py for tasks to queue
[2024-02-14T09:35:20.735+0000] {logging_mixin.py:188} INFO - [2024-02-14T09:35:20.734+0000] {dagbag.py:538} INFO - Filling up the DagBag from /home/airflow/.local/lib/python3.8/site-packages/airflow/example_dags/example_python_operator.py
[2024-02-14T09:35:20.746+0000] {processor.py:840} INFO - DAG(s) 'example_python_operator' retrieved from /home/airflow/.local/lib/python3.8/site-packages/airflow/example_dags/example_python_operator.py
[2024-02-14T09:35:20.780+0000] {logging_mixin.py:188} INFO - [2024-02-14T09:35:20.780+0000] {dag.py:3036} INFO - Sync 1 DAGs
[2024-02-14T09:35:20.803+0000] {logging_mixin.py:188} INFO - [2024-02-14T09:35:20.803+0000] {dag.py:3823} INFO - Setting next_dagrun for example_python_operator to None, run_after=None
[2024-02-14T09:35:20.831+0000] {processor.py:183} INFO - Processing /home/airflow/.local/lib/python3.8/site-packages/airflow/example_dags/example_python_operator.py took 0.105 seconds
[2024-02-14T09:35:51.822+0000] {processor.py:161} INFO - Started process (PID=239) to work on /home/airflow/.local/lib/python3.8/site-packages/airflow/example_dags/example_python_operator.py
[2024-02-14T09:35:51.825+0000] {processor.py:830} INFO - Processing file /home/airflow/.local/lib/python3.8/site-packages/airflow/example_dags/example_python_operator.py for tasks to queue
[2024-02-14T09:35:51.827+0000] {logging_mixin.py:188} INFO - [2024-02-14T09:35:51.827+0000] {dagbag.py:538} INFO - Filling up the DagBag from /home/airflow/.local/lib/python3.8/site-packages/airflow/example_dags/example_python_operator.py
[2024-02-14T09:35:51.835+0000] {processor.py:840} INFO - DAG(s) 'example_python_operator' retrieved from /home/airflow/.local/lib/python3.8/site-packages/airflow/example_dags/example_python_operator.py
[2024-02-14T09:35:51.853+0000] {logging_mixin.py:188} INFO - [2024-02-14T09:35:51.853+0000] {dag.py:3036} INFO - Sync 1 DAGs
[2024-02-14T09:35:51.862+0000] {logging_mixin.py:188} INFO - [2024-02-14T09:35:51.861+0000] {dag.py:3823} INFO - Setting next_dagrun for example_python_operator to None, run_after=None
[2024-02-14T09:35:51.873+0000] {processor.py:183} INFO - Processing /home/airflow/.local/lib/python3.8/site-packages/airflow/example_dags/example_python_operator.py took 0.053 seconds
[2024-02-14T09:36:22.702+0000] {processor.py:161} INFO - Started process (PID=294) to work on /home/airflow/.local/lib/python3.8/site-packages/airflow/example_dags/example_python_operator.py
[2024-02-14T09:36:22.703+0000] {processor.py:830} INFO - Processing file /home/airflow/.local/lib/python3.8/site-packages/airflow/example_dags/example_python_operator.py for tasks to queue
[2024-02-14T09:36:22.705+0000] {logging_mixin.py:188} INFO - [2024-02-14T09:36:22.705+0000] {dagbag.py:538} INFO - Filling up the DagBag from /home/airflow/.local/lib/python3.8/site-packages/airflow/example_dags/example_python_operator.py
[2024-02-14T09:36:22.716+0000] {processor.py:840} INFO - DAG(s) 'example_python_operator' retrieved from /home/airflow/.local/lib/python3.8/site-packages/airflow/example_dags/example_python_operator.py
[2024-02-14T09:36:22.732+0000] {logging_mixin.py:188} INFO - [2024-02-14T09:36:22.732+0000] {dag.py:3036} INFO - Sync 1 DAGs
[2024-02-14T09:36:22.741+0000] {logging_mixin.py:188} INFO - [2024-02-14T09:36:22.741+0000] {dag.py:3823} INFO - Setting next_dagrun for example_python_operator to None, run_after=None
[2024-02-14T09:36:22.753+0000] {processor.py:183} INFO - Processing /home/airflow/.local/lib/python3.8/site-packages/airflow/example_dags/example_python_operator.py took 0.054 seconds
[2024-02-14T09:36:52.787+0000] {processor.py:161} INFO - Started process (PID=350) to work on /home/airflow/.local/lib/python3.8/site-packages/airflow/example_dags/example_python_operator.py
[2024-02-14T09:36:52.789+0000] {processor.py:830} INFO - Processing file /home/airflow/.local/lib/python3.8/site-packages/airflow/example_dags/example_python_operator.py for tasks to queue
[2024-02-14T09:36:52.791+0000] {logging_mixin.py:188} INFO - [2024-02-14T09:36:52.790+0000] {dagbag.py:538} INFO - Filling up the DagBag from /home/airflow/.local/lib/python3.8/site-packages/airflow/example_dags/example_python_operator.py
[2024-02-14T09:36:52.798+0000] {processor.py:840} INFO - DAG(s) 'example_python_operator' retrieved from /home/airflow/.local/lib/python3.8/site-packages/airflow/example_dags/example_python_operator.py
[2024-02-14T09:36:52.814+0000] {logging_mixin.py:188} INFO - [2024-02-14T09:36:52.814+0000] {dag.py:3036} INFO - Sync 1 DAGs
[2024-02-14T09:36:52.822+0000] {logging_mixin.py:188} INFO - [2024-02-14T09:36:52.822+0000] {dag.py:3823} INFO - Setting next_dagrun for example_python_operator to None, run_after=None
[2024-02-14T09:36:52.834+0000] {processor.py:183} INFO - Processing /home/airflow/.local/lib/python3.8/site-packages/airflow/example_dags/example_python_operator.py took 0.049 seconds
[2024-02-14T09:37:23.328+0000] {processor.py:161} INFO - Started process (PID=409) to work on /home/airflow/.local/lib/python3.8/site-packages/airflow/example_dags/example_python_operator.py
[2024-02-14T09:37:23.330+0000] {processor.py:830} INFO - Processing file /home/airflow/.local/lib/python3.8/site-packages/airflow/example_dags/example_python_operator.py for tasks to queue
[2024-02-14T09:37:23.333+0000] {logging_mixin.py:188} INFO - [2024-02-14T09:37:23.332+0000] {dagbag.py:538} INFO - Filling up the DagBag from /home/airflow/.local/lib/python3.8/site-packages/airflow/example_dags/example_python_operator.py
[2024-02-14T09:37:23.340+0000] {processor.py:840} INFO - DAG(s) 'example_python_operator' retrieved from /home/airflow/.local/lib/python3.8/site-packages/airflow/example_dags/example_python_operator.py
[2024-02-14T09:37:23.356+0000] {logging_mixin.py:188} INFO - [2024-02-14T09:37:23.356+0000] {dag.py:3036} INFO - Sync 1 DAGs
[2024-02-14T09:37:23.365+0000] {logging_mixin.py:188} INFO - [2024-02-14T09:37:23.365+0000] {dag.py:3823} INFO - Setting next_dagrun for example_python_operator to None, run_after=None
[2024-02-14T09:37:23.378+0000] {processor.py:183} INFO - Processing /home/airflow/.local/lib/python3.8/site-packages/airflow/example_dags/example_python_operator.py took 0.052 seconds
[2024-02-14T09:37:53.564+0000] {processor.py:161} INFO - Started process (PID=465) to work on /home/airflow/.local/lib/python3.8/site-packages/airflow/example_dags/example_python_operator.py
[2024-02-14T09:37:53.566+0000] {processor.py:830} INFO - Processing file /home/airflow/.local/lib/python3.8/site-packages/airflow/example_dags/example_python_operator.py for tasks to queue
[2024-02-14T09:37:53.568+0000] {logging_mixin.py:188} INFO - [2024-02-14T09:37:53.568+0000] {dagbag.py:538} INFO - Filling up the DagBag from /home/airflow/.local/lib/python3.8/site-packages/airflow/example_dags/example_python_operator.py
[2024-02-14T09:37:53.575+0000] {processor.py:840} INFO - DAG(s) 'example_python_operator' retrieved from /home/airflow/.local/lib/python3.8/site-packages/airflow/example_dags/example_python_operator.py
[2024-02-14T09:37:53.591+0000] {logging_mixin.py:188} INFO - [2024-02-14T09:37:53.591+0000] {dag.py:3036} INFO - Sync 1 DAGs
[2024-02-14T09:37:53.598+0000] {logging_mixin.py:188} INFO - [2024-02-14T09:37:53.598+0000] {dag.py:3823} INFO - Setting next_dagrun for example_python_operator to None, run_after=None
[2024-02-14T09:37:53.610+0000] {processor.py:183} INFO - Processing /home/airflow/.local/lib/python3.8/site-packages/airflow/example_dags/example_python_operator.py took 0.048 seconds
[2024-02-14T09:38:23.814+0000] {processor.py:161} INFO - Started process (PID=523) to work on /home/airflow/.local/lib/python3.8/site-packages/airflow/example_dags/example_python_operator.py
[2024-02-14T09:38:23.815+0000] {processor.py:830} INFO - Processing file /home/airflow/.local/lib/python3.8/site-packages/airflow/example_dags/example_python_operator.py for tasks to queue
[2024-02-14T09:38:23.817+0000] {logging_mixin.py:188} INFO - [2024-02-14T09:38:23.817+0000] {dagbag.py:538} INFO - Filling up the DagBag from /home/airflow/.local/lib/python3.8/site-packages/airflow/example_dags/example_python_operator.py
[2024-02-14T09:38:23.824+0000] {processor.py:840} INFO - DAG(s) 'example_python_operator' retrieved from /home/airflow/.local/lib/python3.8/site-packages/airflow/example_dags/example_python_operator.py
[2024-02-14T09:38:23.838+0000] {logging_mixin.py:188} INFO - [2024-02-14T09:38:23.838+0000] {dag.py:3036} INFO - Sync 1 DAGs
[2024-02-14T09:38:23.845+0000] {logging_mixin.py:188} INFO - [2024-02-14T09:38:23.845+0000] {dag.py:3823} INFO - Setting next_dagrun for example_python_operator to None, run_after=None
[2024-02-14T09:38:23.855+0000] {processor.py:183} INFO - Processing /home/airflow/.local/lib/python3.8/site-packages/airflow/example_dags/example_python_operator.py took 0.045 seconds
[2024-02-14T09:38:54.602+0000] {processor.py:161} INFO - Started process (PID=580) to work on /home/airflow/.local/lib/python3.8/site-packages/airflow/example_dags/example_python_operator.py
[2024-02-14T09:38:54.603+0000] {processor.py:830} INFO - Processing file /home/airflow/.local/lib/python3.8/site-packages/airflow/example_dags/example_python_operator.py for tasks to queue
[2024-02-14T09:38:54.606+0000] {logging_mixin.py:188} INFO - [2024-02-14T09:38:54.605+0000] {dagbag.py:538} INFO - Filling up the DagBag from /home/airflow/.local/lib/python3.8/site-packages/airflow/example_dags/example_python_operator.py
[2024-02-14T09:38:54.615+0000] {processor.py:840} INFO - DAG(s) 'example_python_operator' retrieved from /home/airflow/.local/lib/python3.8/site-packages/airflow/example_dags/example_python_operator.py
[2024-02-14T09:38:54.632+0000] {logging_mixin.py:188} INFO - [2024-02-14T09:38:54.631+0000] {dag.py:3036} INFO - Sync 1 DAGs
[2024-02-14T09:38:54.641+0000] {logging_mixin.py:188} INFO - [2024-02-14T09:38:54.640+0000] {dag.py:3823} INFO - Setting next_dagrun for example_python_operator to None, run_after=None
[2024-02-14T09:38:54.654+0000] {processor.py:183} INFO - Processing /home/airflow/.local/lib/python3.8/site-packages/airflow/example_dags/example_python_operator.py took 0.055 seconds
[2024-02-14T09:43:49.500+0000] {processor.py:161} INFO - Started process (PID=64) to work on /home/airflow/.local/lib/python3.8/site-packages/airflow/example_dags/example_python_operator.py
[2024-02-14T09:43:49.502+0000] {processor.py:830} INFO - Processing file /home/airflow/.local/lib/python3.8/site-packages/airflow/example_dags/example_python_operator.py for tasks to queue
[2024-02-14T09:43:49.505+0000] {logging_mixin.py:188} INFO - [2024-02-14T09:43:49.504+0000] {dagbag.py:538} INFO - Filling up the DagBag from /home/airflow/.local/lib/python3.8/site-packages/airflow/example_dags/example_python_operator.py
[2024-02-14T09:43:49.517+0000] {processor.py:840} INFO - DAG(s) 'example_python_operator' retrieved from /home/airflow/.local/lib/python3.8/site-packages/airflow/example_dags/example_python_operator.py
[2024-02-14T09:43:49.532+0000] {logging_mixin.py:188} INFO - [2024-02-14T09:43:49.532+0000] {dag.py:3036} INFO - Sync 1 DAGs
[2024-02-14T09:43:49.546+0000] {logging_mixin.py:188} INFO - [2024-02-14T09:43:49.546+0000] {dag.py:3823} INFO - Setting next_dagrun for example_python_operator to None, run_after=None
[2024-02-14T09:43:49.560+0000] {processor.py:183} INFO - Processing /home/airflow/.local/lib/python3.8/site-packages/airflow/example_dags/example_python_operator.py took 0.063 seconds
[2024-02-14T09:46:38.555+0000] {processor.py:161} INFO - Started process (PID=63) to work on /home/airflow/.local/lib/python3.8/site-packages/airflow/example_dags/example_python_operator.py
[2024-02-14T09:46:38.557+0000] {processor.py:830} INFO - Processing file /home/airflow/.local/lib/python3.8/site-packages/airflow/example_dags/example_python_operator.py for tasks to queue
[2024-02-14T09:46:38.561+0000] {logging_mixin.py:188} INFO - [2024-02-14T09:46:38.560+0000] {dagbag.py:538} INFO - Filling up the DagBag from /home/airflow/.local/lib/python3.8/site-packages/airflow/example_dags/example_python_operator.py
[2024-02-14T09:46:38.573+0000] {processor.py:840} INFO - DAG(s) 'example_python_operator' retrieved from /home/airflow/.local/lib/python3.8/site-packages/airflow/example_dags/example_python_operator.py
[2024-02-14T09:46:38.638+0000] {logging_mixin.py:188} INFO - [2024-02-14T09:46:38.638+0000] {override.py:1769} INFO - Created Permission View: can edit on DAG:example_python_operator
[2024-02-14T09:46:38.645+0000] {logging_mixin.py:188} INFO - [2024-02-14T09:46:38.644+0000] {override.py:1769} INFO - Created Permission View: can read on DAG:example_python_operator
[2024-02-14T09:46:38.650+0000] {logging_mixin.py:188} INFO - [2024-02-14T09:46:38.650+0000] {override.py:1769} INFO - Created Permission View: can delete on DAG:example_python_operator
[2024-02-14T09:46:38.652+0000] {logging_mixin.py:188} INFO - [2024-02-14T09:46:38.651+0000] {dag.py:3036} INFO - Sync 1 DAGs
[2024-02-14T09:46:38.660+0000] {logging_mixin.py:188} INFO - [2024-02-14T09:46:38.660+0000] {dag.py:3058} INFO - Creating ORM DAG for example_python_operator
[2024-02-14T09:46:38.661+0000] {logging_mixin.py:188} INFO - [2024-02-14T09:46:38.661+0000] {dag.py:3823} INFO - Setting next_dagrun for example_python_operator to None, run_after=None
[2024-02-14T09:46:38.675+0000] {processor.py:183} INFO - Processing /home/airflow/.local/lib/python3.8/site-packages/airflow/example_dags/example_python_operator.py took 0.125 seconds
[2024-02-14T09:47:09.422+0000] {processor.py:161} INFO - Started process (PID=118) to work on /home/airflow/.local/lib/python3.8/site-packages/airflow/example_dags/example_python_operator.py
[2024-02-14T09:47:09.424+0000] {processor.py:830} INFO - Processing file /home/airflow/.local/lib/python3.8/site-packages/airflow/example_dags/example_python_operator.py for tasks to queue
[2024-02-14T09:47:09.426+0000] {logging_mixin.py:188} INFO - [2024-02-14T09:47:09.426+0000] {dagbag.py:538} INFO - Filling up the DagBag from /home/airflow/.local/lib/python3.8/site-packages/airflow/example_dags/example_python_operator.py
[2024-02-14T09:47:09.434+0000] {processor.py:840} INFO - DAG(s) 'example_python_operator' retrieved from /home/airflow/.local/lib/python3.8/site-packages/airflow/example_dags/example_python_operator.py
[2024-02-14T09:47:09.448+0000] {logging_mixin.py:188} INFO - [2024-02-14T09:47:09.448+0000] {dag.py:3036} INFO - Sync 1 DAGs
[2024-02-14T09:47:09.456+0000] {logging_mixin.py:188} INFO - [2024-02-14T09:47:09.455+0000] {dag.py:3823} INFO - Setting next_dagrun for example_python_operator to None, run_after=None
[2024-02-14T09:47:09.468+0000] {processor.py:183} INFO - Processing /home/airflow/.local/lib/python3.8/site-packages/airflow/example_dags/example_python_operator.py took 0.048 seconds
[2024-02-14T09:47:39.779+0000] {processor.py:161} INFO - Started process (PID=176) to work on /home/airflow/.local/lib/python3.8/site-packages/airflow/example_dags/example_python_operator.py
[2024-02-14T09:47:39.781+0000] {processor.py:830} INFO - Processing file /home/airflow/.local/lib/python3.8/site-packages/airflow/example_dags/example_python_operator.py for tasks to queue
[2024-02-14T09:47:39.783+0000] {logging_mixin.py:188} INFO - [2024-02-14T09:47:39.783+0000] {dagbag.py:538} INFO - Filling up the DagBag from /home/airflow/.local/lib/python3.8/site-packages/airflow/example_dags/example_python_operator.py
[2024-02-14T09:47:39.791+0000] {processor.py:840} INFO - DAG(s) 'example_python_operator' retrieved from /home/airflow/.local/lib/python3.8/site-packages/airflow/example_dags/example_python_operator.py
[2024-02-14T09:47:39.811+0000] {logging_mixin.py:188} INFO - [2024-02-14T09:47:39.811+0000] {dag.py:3036} INFO - Sync 1 DAGs
[2024-02-14T09:47:39.822+0000] {logging_mixin.py:188} INFO - [2024-02-14T09:47:39.822+0000] {dag.py:3823} INFO - Setting next_dagrun for example_python_operator to None, run_after=None
[2024-02-14T09:47:39.837+0000] {processor.py:183} INFO - Processing /home/airflow/.local/lib/python3.8/site-packages/airflow/example_dags/example_python_operator.py took 0.061 seconds
[2024-02-14T09:48:10.544+0000] {processor.py:161} INFO - Started process (PID=234) to work on /home/airflow/.local/lib/python3.8/site-packages/airflow/example_dags/example_python_operator.py
[2024-02-14T09:48:10.546+0000] {processor.py:830} INFO - Processing file /home/airflow/.local/lib/python3.8/site-packages/airflow/example_dags/example_python_operator.py for tasks to queue
[2024-02-14T09:48:10.549+0000] {logging_mixin.py:188} INFO - [2024-02-14T09:48:10.549+0000] {dagbag.py:538} INFO - Filling up the DagBag from /home/airflow/.local/lib/python3.8/site-packages/airflow/example_dags/example_python_operator.py
[2024-02-14T09:48:10.558+0000] {processor.py:840} INFO - DAG(s) 'example_python_operator' retrieved from /home/airflow/.local/lib/python3.8/site-packages/airflow/example_dags/example_python_operator.py
[2024-02-14T09:48:10.577+0000] {logging_mixin.py:188} INFO - [2024-02-14T09:48:10.577+0000] {dag.py:3036} INFO - Sync 1 DAGs
[2024-02-14T09:48:10.586+0000] {logging_mixin.py:188} INFO - [2024-02-14T09:48:10.586+0000] {dag.py:3823} INFO - Setting next_dagrun for example_python_operator to None, run_after=None
[2024-02-14T09:48:10.598+0000] {processor.py:183} INFO - Processing /home/airflow/.local/lib/python3.8/site-packages/airflow/example_dags/example_python_operator.py took 0.057 seconds
[2024-02-14T09:48:41.004+0000] {processor.py:161} INFO - Started process (PID=294) to work on /home/airflow/.local/lib/python3.8/site-packages/airflow/example_dags/example_python_operator.py
[2024-02-14T09:48:41.007+0000] {processor.py:830} INFO - Processing file /home/airflow/.local/lib/python3.8/site-packages/airflow/example_dags/example_python_operator.py for tasks to queue
[2024-02-14T09:48:41.009+0000] {logging_mixin.py:188} INFO - [2024-02-14T09:48:41.009+0000] {dagbag.py:538} INFO - Filling up the DagBag from /home/airflow/.local/lib/python3.8/site-packages/airflow/example_dags/example_python_operator.py
[2024-02-14T09:48:41.021+0000] {processor.py:840} INFO - DAG(s) 'example_python_operator' retrieved from /home/airflow/.local/lib/python3.8/site-packages/airflow/example_dags/example_python_operator.py
[2024-02-14T09:48:41.037+0000] {logging_mixin.py:188} INFO - [2024-02-14T09:48:41.037+0000] {dag.py:3036} INFO - Sync 1 DAGs
[2024-02-14T09:48:41.044+0000] {logging_mixin.py:188} INFO - [2024-02-14T09:48:41.044+0000] {dag.py:3823} INFO - Setting next_dagrun for example_python_operator to None, run_after=None
[2024-02-14T09:48:41.056+0000] {processor.py:183} INFO - Processing /home/airflow/.local/lib/python3.8/site-packages/airflow/example_dags/example_python_operator.py took 0.055 seconds
[2024-02-14T09:49:11.637+0000] {processor.py:161} INFO - Started process (PID=350) to work on /home/airflow/.local/lib/python3.8/site-packages/airflow/example_dags/example_python_operator.py
[2024-02-14T09:49:11.638+0000] {processor.py:830} INFO - Processing file /home/airflow/.local/lib/python3.8/site-packages/airflow/example_dags/example_python_operator.py for tasks to queue
[2024-02-14T09:49:11.640+0000] {logging_mixin.py:188} INFO - [2024-02-14T09:49:11.640+0000] {dagbag.py:538} INFO - Filling up the DagBag from /home/airflow/.local/lib/python3.8/site-packages/airflow/example_dags/example_python_operator.py
[2024-02-14T09:49:11.649+0000] {processor.py:840} INFO - DAG(s) 'example_python_operator' retrieved from /home/airflow/.local/lib/python3.8/site-packages/airflow/example_dags/example_python_operator.py
[2024-02-14T09:49:11.666+0000] {logging_mixin.py:188} INFO - [2024-02-14T09:49:11.666+0000] {dag.py:3036} INFO - Sync 1 DAGs
[2024-02-14T09:49:11.675+0000] {logging_mixin.py:188} INFO - [2024-02-14T09:49:11.675+0000] {dag.py:3823} INFO - Setting next_dagrun for example_python_operator to None, run_after=None
[2024-02-14T09:49:11.689+0000] {processor.py:183} INFO - Processing /home/airflow/.local/lib/python3.8/site-packages/airflow/example_dags/example_python_operator.py took 0.055 seconds
[2024-02-14T09:49:42.537+0000] {processor.py:161} INFO - Started process (PID=406) to work on /home/airflow/.local/lib/python3.8/site-packages/airflow/example_dags/example_python_operator.py
[2024-02-14T09:49:42.539+0000] {processor.py:830} INFO - Processing file /home/airflow/.local/lib/python3.8/site-packages/airflow/example_dags/example_python_operator.py for tasks to queue
[2024-02-14T09:49:42.544+0000] {logging_mixin.py:188} INFO - [2024-02-14T09:49:42.543+0000] {dagbag.py:538} INFO - Filling up the DagBag from /home/airflow/.local/lib/python3.8/site-packages/airflow/example_dags/example_python_operator.py
[2024-02-14T09:49:42.563+0000] {processor.py:840} INFO - DAG(s) 'example_python_operator' retrieved from /home/airflow/.local/lib/python3.8/site-packages/airflow/example_dags/example_python_operator.py
[2024-02-14T09:49:42.587+0000] {logging_mixin.py:188} INFO - [2024-02-14T09:49:42.587+0000] {dag.py:3036} INFO - Sync 1 DAGs
[2024-02-14T09:49:42.595+0000] {logging_mixin.py:188} INFO - [2024-02-14T09:49:42.595+0000] {dag.py:3823} INFO - Setting next_dagrun for example_python_operator to None, run_after=None
[2024-02-14T09:49:42.608+0000] {processor.py:183} INFO - Processing /home/airflow/.local/lib/python3.8/site-packages/airflow/example_dags/example_python_operator.py took 0.077 seconds
[2024-02-14T09:50:13.090+0000] {processor.py:161} INFO - Started process (PID=464) to work on /home/airflow/.local/lib/python3.8/site-packages/airflow/example_dags/example_python_operator.py
[2024-02-14T09:50:13.091+0000] {processor.py:830} INFO - Processing file /home/airflow/.local/lib/python3.8/site-packages/airflow/example_dags/example_python_operator.py for tasks to queue
[2024-02-14T09:50:13.094+0000] {logging_mixin.py:188} INFO - [2024-02-14T09:50:13.094+0000] {dagbag.py:538} INFO - Filling up the DagBag from /home/airflow/.local/lib/python3.8/site-packages/airflow/example_dags/example_python_operator.py
[2024-02-14T09:50:13.102+0000] {processor.py:840} INFO - DAG(s) 'example_python_operator' retrieved from /home/airflow/.local/lib/python3.8/site-packages/airflow/example_dags/example_python_operator.py
[2024-02-14T09:50:13.117+0000] {logging_mixin.py:188} INFO - [2024-02-14T09:50:13.117+0000] {dag.py:3036} INFO - Sync 1 DAGs
[2024-02-14T09:50:13.125+0000] {logging_mixin.py:188} INFO - [2024-02-14T09:50:13.124+0000] {dag.py:3823} INFO - Setting next_dagrun for example_python_operator to None, run_after=None
[2024-02-14T09:50:13.136+0000] {processor.py:183} INFO - Processing /home/airflow/.local/lib/python3.8/site-packages/airflow/example_dags/example_python_operator.py took 0.048 seconds
[2024-02-14T09:50:43.357+0000] {processor.py:161} INFO - Started process (PID=520) to work on /home/airflow/.local/lib/python3.8/site-packages/airflow/example_dags/example_python_operator.py
[2024-02-14T09:50:43.359+0000] {processor.py:830} INFO - Processing file /home/airflow/.local/lib/python3.8/site-packages/airflow/example_dags/example_python_operator.py for tasks to queue
[2024-02-14T09:50:43.361+0000] {logging_mixin.py:188} INFO - [2024-02-14T09:50:43.360+0000] {dagbag.py:538} INFO - Filling up the DagBag from /home/airflow/.local/lib/python3.8/site-packages/airflow/example_dags/example_python_operator.py
[2024-02-14T09:50:43.368+0000] {processor.py:840} INFO - DAG(s) 'example_python_operator' retrieved from /home/airflow/.local/lib/python3.8/site-packages/airflow/example_dags/example_python_operator.py
[2024-02-14T09:50:43.384+0000] {logging_mixin.py:188} INFO - [2024-02-14T09:50:43.383+0000] {dag.py:3036} INFO - Sync 1 DAGs
[2024-02-14T09:50:43.393+0000] {logging_mixin.py:188} INFO - [2024-02-14T09:50:43.393+0000] {dag.py:3823} INFO - Setting next_dagrun for example_python_operator to None, run_after=None
[2024-02-14T09:50:43.408+0000] {processor.py:183} INFO - Processing /home/airflow/.local/lib/python3.8/site-packages/airflow/example_dags/example_python_operator.py took 0.053 seconds
[2024-02-14T09:51:13.691+0000] {processor.py:161} INFO - Started process (PID=576) to work on /home/airflow/.local/lib/python3.8/site-packages/airflow/example_dags/example_python_operator.py
[2024-02-14T09:51:13.693+0000] {processor.py:830} INFO - Processing file /home/airflow/.local/lib/python3.8/site-packages/airflow/example_dags/example_python_operator.py for tasks to queue
[2024-02-14T09:51:13.695+0000] {logging_mixin.py:188} INFO - [2024-02-14T09:51:13.695+0000] {dagbag.py:538} INFO - Filling up the DagBag from /home/airflow/.local/lib/python3.8/site-packages/airflow/example_dags/example_python_operator.py
[2024-02-14T09:51:13.703+0000] {processor.py:840} INFO - DAG(s) 'example_python_operator' retrieved from /home/airflow/.local/lib/python3.8/site-packages/airflow/example_dags/example_python_operator.py
[2024-02-14T09:51:13.719+0000] {logging_mixin.py:188} INFO - [2024-02-14T09:51:13.719+0000] {dag.py:3036} INFO - Sync 1 DAGs
[2024-02-14T09:51:13.727+0000] {logging_mixin.py:188} INFO - [2024-02-14T09:51:13.727+0000] {dag.py:3823} INFO - Setting next_dagrun for example_python_operator to None, run_after=None
[2024-02-14T09:51:13.740+0000] {processor.py:183} INFO - Processing /home/airflow/.local/lib/python3.8/site-packages/airflow/example_dags/example_python_operator.py took 0.051 seconds
[2024-02-14T09:51:44.174+0000] {processor.py:161} INFO - Started process (PID=634) to work on /home/airflow/.local/lib/python3.8/site-packages/airflow/example_dags/example_python_operator.py
[2024-02-14T09:51:44.176+0000] {processor.py:830} INFO - Processing file /home/airflow/.local/lib/python3.8/site-packages/airflow/example_dags/example_python_operator.py for tasks to queue
[2024-02-14T09:51:44.179+0000] {logging_mixin.py:188} INFO - [2024-02-14T09:51:44.178+0000] {dagbag.py:538} INFO - Filling up the DagBag from /home/airflow/.local/lib/python3.8/site-packages/airflow/example_dags/example_python_operator.py
[2024-02-14T09:51:44.186+0000] {processor.py:840} INFO - DAG(s) 'example_python_operator' retrieved from /home/airflow/.local/lib/python3.8/site-packages/airflow/example_dags/example_python_operator.py
[2024-02-14T09:51:44.202+0000] {logging_mixin.py:188} INFO - [2024-02-14T09:51:44.201+0000] {dag.py:3036} INFO - Sync 1 DAGs
[2024-02-14T09:51:44.209+0000] {logging_mixin.py:188} INFO - [2024-02-14T09:51:44.209+0000] {dag.py:3823} INFO - Setting next_dagrun for example_python_operator to None, run_after=None
[2024-02-14T09:51:44.220+0000] {processor.py:183} INFO - Processing /home/airflow/.local/lib/python3.8/site-packages/airflow/example_dags/example_python_operator.py took 0.049 seconds
[2024-02-14T09:52:14.697+0000] {processor.py:161} INFO - Started process (PID=691) to work on /home/airflow/.local/lib/python3.8/site-packages/airflow/example_dags/example_python_operator.py
[2024-02-14T09:52:14.698+0000] {processor.py:830} INFO - Processing file /home/airflow/.local/lib/python3.8/site-packages/airflow/example_dags/example_python_operator.py for tasks to queue
[2024-02-14T09:52:14.700+0000] {logging_mixin.py:188} INFO - [2024-02-14T09:52:14.700+0000] {dagbag.py:538} INFO - Filling up the DagBag from /home/airflow/.local/lib/python3.8/site-packages/airflow/example_dags/example_python_operator.py
[2024-02-14T09:52:14.708+0000] {processor.py:840} INFO - DAG(s) 'example_python_operator' retrieved from /home/airflow/.local/lib/python3.8/site-packages/airflow/example_dags/example_python_operator.py
[2024-02-14T09:52:14.727+0000] {logging_mixin.py:188} INFO - [2024-02-14T09:52:14.727+0000] {dag.py:3036} INFO - Sync 1 DAGs
[2024-02-14T09:52:14.735+0000] {logging_mixin.py:188} INFO - [2024-02-14T09:52:14.734+0000] {dag.py:3823} INFO - Setting next_dagrun for example_python_operator to None, run_after=None
[2024-02-14T09:52:14.747+0000] {processor.py:183} INFO - Processing /home/airflow/.local/lib/python3.8/site-packages/airflow/example_dags/example_python_operator.py took 0.052 seconds
[2024-02-14T09:52:45.147+0000] {processor.py:161} INFO - Started process (PID=747) to work on /home/airflow/.local/lib/python3.8/site-packages/airflow/example_dags/example_python_operator.py
[2024-02-14T09:52:45.148+0000] {processor.py:830} INFO - Processing file /home/airflow/.local/lib/python3.8/site-packages/airflow/example_dags/example_python_operator.py for tasks to queue
[2024-02-14T09:52:45.150+0000] {logging_mixin.py:188} INFO - [2024-02-14T09:52:45.150+0000] {dagbag.py:538} INFO - Filling up the DagBag from /home/airflow/.local/lib/python3.8/site-packages/airflow/example_dags/example_python_operator.py
[2024-02-14T09:52:45.158+0000] {processor.py:840} INFO - DAG(s) 'example_python_operator' retrieved from /home/airflow/.local/lib/python3.8/site-packages/airflow/example_dags/example_python_operator.py
[2024-02-14T09:52:45.172+0000] {logging_mixin.py:188} INFO - [2024-02-14T09:52:45.172+0000] {dag.py:3036} INFO - Sync 1 DAGs
[2024-02-14T09:52:45.180+0000] {logging_mixin.py:188} INFO - [2024-02-14T09:52:45.180+0000] {dag.py:3823} INFO - Setting next_dagrun for example_python_operator to None, run_after=None
[2024-02-14T09:52:45.194+0000] {processor.py:183} INFO - Processing /home/airflow/.local/lib/python3.8/site-packages/airflow/example_dags/example_python_operator.py took 0.050 seconds
[2024-02-14T09:53:38.733+0000] {processor.py:161} INFO - Started process (PID=68) to work on /home/airflow/.local/lib/python3.8/site-packages/airflow/example_dags/example_python_operator.py
[2024-02-14T09:53:38.734+0000] {processor.py:830} INFO - Processing file /home/airflow/.local/lib/python3.8/site-packages/airflow/example_dags/example_python_operator.py for tasks to queue
[2024-02-14T09:53:38.736+0000] {logging_mixin.py:188} INFO - [2024-02-14T09:53:38.736+0000] {dagbag.py:538} INFO - Filling up the DagBag from /home/airflow/.local/lib/python3.8/site-packages/airflow/example_dags/example_python_operator.py
[2024-02-14T09:53:38.746+0000] {processor.py:840} INFO - DAG(s) 'example_python_operator' retrieved from /home/airflow/.local/lib/python3.8/site-packages/airflow/example_dags/example_python_operator.py
[2024-02-14T09:53:38.757+0000] {logging_mixin.py:188} INFO - [2024-02-14T09:53:38.756+0000] {dag.py:3036} INFO - Sync 1 DAGs
[2024-02-14T09:53:38.765+0000] {logging_mixin.py:188} INFO - [2024-02-14T09:53:38.765+0000] {dag.py:3823} INFO - Setting next_dagrun for example_python_operator to None, run_after=None
[2024-02-14T09:53:38.780+0000] {processor.py:183} INFO - Processing /home/airflow/.local/lib/python3.8/site-packages/airflow/example_dags/example_python_operator.py took 0.050 seconds
[2024-02-14T09:54:10.608+0000] {processor.py:161} INFO - Started process (PID=124) to work on /home/airflow/.local/lib/python3.8/site-packages/airflow/example_dags/example_python_operator.py
[2024-02-14T09:54:10.610+0000] {processor.py:830} INFO - Processing file /home/airflow/.local/lib/python3.8/site-packages/airflow/example_dags/example_python_operator.py for tasks to queue
[2024-02-14T09:54:10.612+0000] {logging_mixin.py:188} INFO - [2024-02-14T09:54:10.611+0000] {dagbag.py:538} INFO - Filling up the DagBag from /home/airflow/.local/lib/python3.8/site-packages/airflow/example_dags/example_python_operator.py
[2024-02-14T09:54:10.620+0000] {processor.py:840} INFO - DAG(s) 'example_python_operator' retrieved from /home/airflow/.local/lib/python3.8/site-packages/airflow/example_dags/example_python_operator.py
[2024-02-14T09:54:10.681+0000] {logging_mixin.py:188} INFO - [2024-02-14T09:54:10.681+0000] {dag.py:3036} INFO - Sync 1 DAGs
[2024-02-14T09:54:10.688+0000] {logging_mixin.py:188} INFO - [2024-02-14T09:54:10.688+0000] {dag.py:3823} INFO - Setting next_dagrun for example_python_operator to None, run_after=None
[2024-02-14T09:54:10.700+0000] {processor.py:183} INFO - Processing /home/airflow/.local/lib/python3.8/site-packages/airflow/example_dags/example_python_operator.py took 0.094 seconds
[2024-02-14T09:54:40.968+0000] {processor.py:161} INFO - Started process (PID=181) to work on /home/airflow/.local/lib/python3.8/site-packages/airflow/example_dags/example_python_operator.py
[2024-02-14T09:54:40.970+0000] {processor.py:830} INFO - Processing file /home/airflow/.local/lib/python3.8/site-packages/airflow/example_dags/example_python_operator.py for tasks to queue
[2024-02-14T09:54:40.972+0000] {logging_mixin.py:188} INFO - [2024-02-14T09:54:40.972+0000] {dagbag.py:538} INFO - Filling up the DagBag from /home/airflow/.local/lib/python3.8/site-packages/airflow/example_dags/example_python_operator.py
[2024-02-14T09:54:40.979+0000] {processor.py:840} INFO - DAG(s) 'example_python_operator' retrieved from /home/airflow/.local/lib/python3.8/site-packages/airflow/example_dags/example_python_operator.py
[2024-02-14T09:54:40.994+0000] {logging_mixin.py:188} INFO - [2024-02-14T09:54:40.994+0000] {dag.py:3036} INFO - Sync 1 DAGs
[2024-02-14T09:54:41.003+0000] {logging_mixin.py:188} INFO - [2024-02-14T09:54:41.003+0000] {dag.py:3823} INFO - Setting next_dagrun for example_python_operator to None, run_after=None
[2024-02-14T09:54:41.016+0000] {processor.py:183} INFO - Processing /home/airflow/.local/lib/python3.8/site-packages/airflow/example_dags/example_python_operator.py took 0.050 seconds
[2024-02-14T09:55:50.423+0000] {processor.py:161} INFO - Started process (PID=65) to work on /home/airflow/.local/lib/python3.8/site-packages/airflow/example_dags/example_python_operator.py
[2024-02-14T09:55:50.425+0000] {processor.py:830} INFO - Processing file /home/airflow/.local/lib/python3.8/site-packages/airflow/example_dags/example_python_operator.py for tasks to queue
[2024-02-14T09:55:50.428+0000] {logging_mixin.py:188} INFO - [2024-02-14T09:55:50.427+0000] {dagbag.py:538} INFO - Filling up the DagBag from /home/airflow/.local/lib/python3.8/site-packages/airflow/example_dags/example_python_operator.py
[2024-02-14T09:55:50.439+0000] {processor.py:840} INFO - DAG(s) 'example_python_operator' retrieved from /home/airflow/.local/lib/python3.8/site-packages/airflow/example_dags/example_python_operator.py
[2024-02-14T09:55:50.450+0000] {logging_mixin.py:188} INFO - [2024-02-14T09:55:50.450+0000] {dag.py:3036} INFO - Sync 1 DAGs
[2024-02-14T09:55:50.463+0000] {logging_mixin.py:188} INFO - [2024-02-14T09:55:50.462+0000] {dag.py:3823} INFO - Setting next_dagrun for example_python_operator to None, run_after=None
[2024-02-14T09:55:50.480+0000] {processor.py:183} INFO - Processing /home/airflow/.local/lib/python3.8/site-packages/airflow/example_dags/example_python_operator.py took 0.060 seconds
[2024-02-14T09:56:20.590+0000] {processor.py:161} INFO - Started process (PID=127) to work on /home/airflow/.local/lib/python3.8/site-packages/airflow/example_dags/example_python_operator.py
[2024-02-14T09:56:20.595+0000] {processor.py:830} INFO - Processing file /home/airflow/.local/lib/python3.8/site-packages/airflow/example_dags/example_python_operator.py for tasks to queue
[2024-02-14T09:56:20.631+0000] {logging_mixin.py:188} INFO - [2024-02-14T09:56:20.627+0000] {dagbag.py:538} INFO - Filling up the DagBag from /home/airflow/.local/lib/python3.8/site-packages/airflow/example_dags/example_python_operator.py
[2024-02-14T09:56:20.689+0000] {processor.py:840} INFO - DAG(s) 'example_python_operator' retrieved from /home/airflow/.local/lib/python3.8/site-packages/airflow/example_dags/example_python_operator.py
[2024-02-14T09:56:20.861+0000] {logging_mixin.py:188} INFO - [2024-02-14T09:56:20.861+0000] {dag.py:3036} INFO - Sync 1 DAGs
[2024-02-14T09:56:20.872+0000] {logging_mixin.py:188} INFO - [2024-02-14T09:56:20.872+0000] {dag.py:3823} INFO - Setting next_dagrun for example_python_operator to None, run_after=None
[2024-02-14T09:56:20.906+0000] {processor.py:183} INFO - Processing /home/airflow/.local/lib/python3.8/site-packages/airflow/example_dags/example_python_operator.py took 0.319 seconds
[2024-02-14T09:56:51.820+0000] {processor.py:161} INFO - Started process (PID=184) to work on /home/airflow/.local/lib/python3.8/site-packages/airflow/example_dags/example_python_operator.py
[2024-02-14T09:56:51.835+0000] {processor.py:830} INFO - Processing file /home/airflow/.local/lib/python3.8/site-packages/airflow/example_dags/example_python_operator.py for tasks to queue
[2024-02-14T09:56:51.846+0000] {logging_mixin.py:188} INFO - [2024-02-14T09:56:51.846+0000] {dagbag.py:538} INFO - Filling up the DagBag from /home/airflow/.local/lib/python3.8/site-packages/airflow/example_dags/example_python_operator.py
[2024-02-14T09:56:51.885+0000] {processor.py:840} INFO - DAG(s) 'example_python_operator' retrieved from /home/airflow/.local/lib/python3.8/site-packages/airflow/example_dags/example_python_operator.py
[2024-02-14T09:56:51.916+0000] {logging_mixin.py:188} INFO - [2024-02-14T09:56:51.915+0000] {dag.py:3036} INFO - Sync 1 DAGs
[2024-02-14T09:56:51.929+0000] {logging_mixin.py:188} INFO - [2024-02-14T09:56:51.929+0000] {dag.py:3823} INFO - Setting next_dagrun for example_python_operator to None, run_after=None
[2024-02-14T09:56:51.971+0000] {processor.py:183} INFO - Processing /home/airflow/.local/lib/python3.8/site-packages/airflow/example_dags/example_python_operator.py took 0.157 seconds
[2024-02-14T09:57:22.526+0000] {processor.py:161} INFO - Started process (PID=241) to work on /home/airflow/.local/lib/python3.8/site-packages/airflow/example_dags/example_python_operator.py
[2024-02-14T09:57:22.528+0000] {processor.py:830} INFO - Processing file /home/airflow/.local/lib/python3.8/site-packages/airflow/example_dags/example_python_operator.py for tasks to queue
[2024-02-14T09:57:22.531+0000] {logging_mixin.py:188} INFO - [2024-02-14T09:57:22.531+0000] {dagbag.py:538} INFO - Filling up the DagBag from /home/airflow/.local/lib/python3.8/site-packages/airflow/example_dags/example_python_operator.py
[2024-02-14T09:57:22.539+0000] {processor.py:840} INFO - DAG(s) 'example_python_operator' retrieved from /home/airflow/.local/lib/python3.8/site-packages/airflow/example_dags/example_python_operator.py
[2024-02-14T09:57:22.559+0000] {logging_mixin.py:188} INFO - [2024-02-14T09:57:22.558+0000] {dag.py:3036} INFO - Sync 1 DAGs
[2024-02-14T09:57:22.566+0000] {logging_mixin.py:188} INFO - [2024-02-14T09:57:22.566+0000] {dag.py:3823} INFO - Setting next_dagrun for example_python_operator to None, run_after=None
[2024-02-14T09:57:22.578+0000] {processor.py:183} INFO - Processing /home/airflow/.local/lib/python3.8/site-packages/airflow/example_dags/example_python_operator.py took 0.056 seconds
[2024-02-14T09:57:53.150+0000] {processor.py:161} INFO - Started process (PID=299) to work on /home/airflow/.local/lib/python3.8/site-packages/airflow/example_dags/example_python_operator.py
[2024-02-14T09:57:53.151+0000] {processor.py:830} INFO - Processing file /home/airflow/.local/lib/python3.8/site-packages/airflow/example_dags/example_python_operator.py for tasks to queue
[2024-02-14T09:57:53.153+0000] {logging_mixin.py:188} INFO - [2024-02-14T09:57:53.153+0000] {dagbag.py:538} INFO - Filling up the DagBag from /home/airflow/.local/lib/python3.8/site-packages/airflow/example_dags/example_python_operator.py
[2024-02-14T09:57:53.163+0000] {processor.py:840} INFO - DAG(s) 'example_python_operator' retrieved from /home/airflow/.local/lib/python3.8/site-packages/airflow/example_dags/example_python_operator.py
[2024-02-14T09:57:53.181+0000] {logging_mixin.py:188} INFO - [2024-02-14T09:57:53.181+0000] {dag.py:3036} INFO - Sync 1 DAGs
[2024-02-14T09:57:53.189+0000] {logging_mixin.py:188} INFO - [2024-02-14T09:57:53.189+0000] {dag.py:3823} INFO - Setting next_dagrun for example_python_operator to None, run_after=None
[2024-02-14T09:57:53.201+0000] {processor.py:183} INFO - Processing /home/airflow/.local/lib/python3.8/site-packages/airflow/example_dags/example_python_operator.py took 0.054 seconds
[2024-02-14T09:58:23.521+0000] {processor.py:161} INFO - Started process (PID=356) to work on /home/airflow/.local/lib/python3.8/site-packages/airflow/example_dags/example_python_operator.py
[2024-02-14T09:58:23.523+0000] {processor.py:830} INFO - Processing file /home/airflow/.local/lib/python3.8/site-packages/airflow/example_dags/example_python_operator.py for tasks to queue
[2024-02-14T09:58:23.525+0000] {logging_mixin.py:188} INFO - [2024-02-14T09:58:23.524+0000] {dagbag.py:538} INFO - Filling up the DagBag from /home/airflow/.local/lib/python3.8/site-packages/airflow/example_dags/example_python_operator.py
[2024-02-14T09:58:23.532+0000] {processor.py:840} INFO - DAG(s) 'example_python_operator' retrieved from /home/airflow/.local/lib/python3.8/site-packages/airflow/example_dags/example_python_operator.py
[2024-02-14T09:58:23.552+0000] {logging_mixin.py:188} INFO - [2024-02-14T09:58:23.552+0000] {dag.py:3036} INFO - Sync 1 DAGs
[2024-02-14T09:58:23.560+0000] {logging_mixin.py:188} INFO - [2024-02-14T09:58:23.560+0000] {dag.py:3823} INFO - Setting next_dagrun for example_python_operator to None, run_after=None
[2024-02-14T09:58:23.572+0000] {processor.py:183} INFO - Processing /home/airflow/.local/lib/python3.8/site-packages/airflow/example_dags/example_python_operator.py took 0.053 seconds
[2024-02-14T09:58:54.505+0000] {processor.py:161} INFO - Started process (PID=415) to work on /home/airflow/.local/lib/python3.8/site-packages/airflow/example_dags/example_python_operator.py
[2024-02-14T09:58:54.507+0000] {processor.py:830} INFO - Processing file /home/airflow/.local/lib/python3.8/site-packages/airflow/example_dags/example_python_operator.py for tasks to queue
[2024-02-14T09:58:54.510+0000] {logging_mixin.py:188} INFO - [2024-02-14T09:58:54.510+0000] {dagbag.py:538} INFO - Filling up the DagBag from /home/airflow/.local/lib/python3.8/site-packages/airflow/example_dags/example_python_operator.py
[2024-02-14T09:58:54.519+0000] {processor.py:840} INFO - DAG(s) 'example_python_operator' retrieved from /home/airflow/.local/lib/python3.8/site-packages/airflow/example_dags/example_python_operator.py
[2024-02-14T09:58:54.538+0000] {logging_mixin.py:188} INFO - [2024-02-14T09:58:54.538+0000] {dag.py:3036} INFO - Sync 1 DAGs
[2024-02-14T09:58:54.548+0000] {logging_mixin.py:188} INFO - [2024-02-14T09:58:54.548+0000] {dag.py:3823} INFO - Setting next_dagrun for example_python_operator to None, run_after=None
[2024-02-14T09:58:54.560+0000] {processor.py:183} INFO - Processing /home/airflow/.local/lib/python3.8/site-packages/airflow/example_dags/example_python_operator.py took 0.058 seconds
[2024-02-14T09:59:24.866+0000] {processor.py:161} INFO - Started process (PID=472) to work on /home/airflow/.local/lib/python3.8/site-packages/airflow/example_dags/example_python_operator.py
[2024-02-14T09:59:24.867+0000] {processor.py:830} INFO - Processing file /home/airflow/.local/lib/python3.8/site-packages/airflow/example_dags/example_python_operator.py for tasks to queue
[2024-02-14T09:59:24.869+0000] {logging_mixin.py:188} INFO - [2024-02-14T09:59:24.869+0000] {dagbag.py:538} INFO - Filling up the DagBag from /home/airflow/.local/lib/python3.8/site-packages/airflow/example_dags/example_python_operator.py
[2024-02-14T09:59:24.877+0000] {processor.py:840} INFO - DAG(s) 'example_python_operator' retrieved from /home/airflow/.local/lib/python3.8/site-packages/airflow/example_dags/example_python_operator.py
[2024-02-14T09:59:24.895+0000] {logging_mixin.py:188} INFO - [2024-02-14T09:59:24.895+0000] {dag.py:3036} INFO - Sync 1 DAGs
[2024-02-14T09:59:24.902+0000] {logging_mixin.py:188} INFO - [2024-02-14T09:59:24.902+0000] {dag.py:3823} INFO - Setting next_dagrun for example_python_operator to None, run_after=None
[2024-02-14T09:59:24.915+0000] {processor.py:183} INFO - Processing /home/airflow/.local/lib/python3.8/site-packages/airflow/example_dags/example_python_operator.py took 0.051 seconds
[2024-02-14T09:59:55.643+0000] {processor.py:161} INFO - Started process (PID=528) to work on /home/airflow/.local/lib/python3.8/site-packages/airflow/example_dags/example_python_operator.py
[2024-02-14T09:59:55.644+0000] {processor.py:830} INFO - Processing file /home/airflow/.local/lib/python3.8/site-packages/airflow/example_dags/example_python_operator.py for tasks to queue
[2024-02-14T09:59:55.646+0000] {logging_mixin.py:188} INFO - [2024-02-14T09:59:55.646+0000] {dagbag.py:538} INFO - Filling up the DagBag from /home/airflow/.local/lib/python3.8/site-packages/airflow/example_dags/example_python_operator.py
[2024-02-14T09:59:55.655+0000] {processor.py:840} INFO - DAG(s) 'example_python_operator' retrieved from /home/airflow/.local/lib/python3.8/site-packages/airflow/example_dags/example_python_operator.py
[2024-02-14T09:59:55.672+0000] {logging_mixin.py:188} INFO - [2024-02-14T09:59:55.672+0000] {dag.py:3036} INFO - Sync 1 DAGs
[2024-02-14T09:59:55.680+0000] {logging_mixin.py:188} INFO - [2024-02-14T09:59:55.680+0000] {dag.py:3823} INFO - Setting next_dagrun for example_python_operator to None, run_after=None
[2024-02-14T09:59:55.692+0000] {processor.py:183} INFO - Processing /home/airflow/.local/lib/python3.8/site-packages/airflow/example_dags/example_python_operator.py took 0.051 seconds
[2024-02-14T10:00:26.069+0000] {processor.py:161} INFO - Started process (PID=585) to work on /home/airflow/.local/lib/python3.8/site-packages/airflow/example_dags/example_python_operator.py
[2024-02-14T10:00:26.070+0000] {processor.py:830} INFO - Processing file /home/airflow/.local/lib/python3.8/site-packages/airflow/example_dags/example_python_operator.py for tasks to queue
[2024-02-14T10:00:26.072+0000] {logging_mixin.py:188} INFO - [2024-02-14T10:00:26.072+0000] {dagbag.py:538} INFO - Filling up the DagBag from /home/airflow/.local/lib/python3.8/site-packages/airflow/example_dags/example_python_operator.py
[2024-02-14T10:00:26.080+0000] {processor.py:840} INFO - DAG(s) 'example_python_operator' retrieved from /home/airflow/.local/lib/python3.8/site-packages/airflow/example_dags/example_python_operator.py
[2024-02-14T10:00:26.098+0000] {logging_mixin.py:188} INFO - [2024-02-14T10:00:26.098+0000] {dag.py:3036} INFO - Sync 1 DAGs
[2024-02-14T10:00:26.106+0000] {logging_mixin.py:188} INFO - [2024-02-14T10:00:26.106+0000] {dag.py:3823} INFO - Setting next_dagrun for example_python_operator to None, run_after=None
[2024-02-14T10:00:26.120+0000] {processor.py:183} INFO - Processing /home/airflow/.local/lib/python3.8/site-packages/airflow/example_dags/example_python_operator.py took 0.054 seconds
[2024-02-14T10:00:56.393+0000] {processor.py:161} INFO - Started process (PID=642) to work on /home/airflow/.local/lib/python3.8/site-packages/airflow/example_dags/example_python_operator.py
[2024-02-14T10:00:56.395+0000] {processor.py:830} INFO - Processing file /home/airflow/.local/lib/python3.8/site-packages/airflow/example_dags/example_python_operator.py for tasks to queue
[2024-02-14T10:00:56.399+0000] {logging_mixin.py:188} INFO - [2024-02-14T10:00:56.399+0000] {dagbag.py:538} INFO - Filling up the DagBag from /home/airflow/.local/lib/python3.8/site-packages/airflow/example_dags/example_python_operator.py
[2024-02-14T10:00:56.410+0000] {processor.py:840} INFO - DAG(s) 'example_python_operator' retrieved from /home/airflow/.local/lib/python3.8/site-packages/airflow/example_dags/example_python_operator.py
[2024-02-14T10:00:56.433+0000] {logging_mixin.py:188} INFO - [2024-02-14T10:00:56.433+0000] {dag.py:3036} INFO - Sync 1 DAGs
[2024-02-14T10:00:56.445+0000] {logging_mixin.py:188} INFO - [2024-02-14T10:00:56.445+0000] {dag.py:3823} INFO - Setting next_dagrun for example_python_operator to None, run_after=None
[2024-02-14T10:00:56.462+0000] {processor.py:183} INFO - Processing /home/airflow/.local/lib/python3.8/site-packages/airflow/example_dags/example_python_operator.py took 0.074 seconds
[2024-02-14T10:01:27.395+0000] {processor.py:161} INFO - Started process (PID=698) to work on /home/airflow/.local/lib/python3.8/site-packages/airflow/example_dags/example_python_operator.py
[2024-02-14T10:01:27.397+0000] {processor.py:830} INFO - Processing file /home/airflow/.local/lib/python3.8/site-packages/airflow/example_dags/example_python_operator.py for tasks to queue
[2024-02-14T10:01:27.400+0000] {logging_mixin.py:188} INFO - [2024-02-14T10:01:27.400+0000] {dagbag.py:538} INFO - Filling up the DagBag from /home/airflow/.local/lib/python3.8/site-packages/airflow/example_dags/example_python_operator.py
[2024-02-14T10:01:27.423+0000] {processor.py:840} INFO - DAG(s) 'example_python_operator' retrieved from /home/airflow/.local/lib/python3.8/site-packages/airflow/example_dags/example_python_operator.py
[2024-02-14T10:01:27.448+0000] {logging_mixin.py:188} INFO - [2024-02-14T10:01:27.447+0000] {dag.py:3036} INFO - Sync 1 DAGs
[2024-02-14T10:01:27.460+0000] {logging_mixin.py:188} INFO - [2024-02-14T10:01:27.460+0000] {dag.py:3823} INFO - Setting next_dagrun for example_python_operator to None, run_after=None
[2024-02-14T10:01:27.483+0000] {processor.py:183} INFO - Processing /home/airflow/.local/lib/python3.8/site-packages/airflow/example_dags/example_python_operator.py took 0.093 seconds
[2024-02-14T10:01:58.385+0000] {processor.py:161} INFO - Started process (PID=755) to work on /home/airflow/.local/lib/python3.8/site-packages/airflow/example_dags/example_python_operator.py
[2024-02-14T10:01:58.387+0000] {processor.py:830} INFO - Processing file /home/airflow/.local/lib/python3.8/site-packages/airflow/example_dags/example_python_operator.py for tasks to queue
[2024-02-14T10:01:58.389+0000] {logging_mixin.py:188} INFO - [2024-02-14T10:01:58.389+0000] {dagbag.py:538} INFO - Filling up the DagBag from /home/airflow/.local/lib/python3.8/site-packages/airflow/example_dags/example_python_operator.py
[2024-02-14T10:01:58.398+0000] {processor.py:840} INFO - DAG(s) 'example_python_operator' retrieved from /home/airflow/.local/lib/python3.8/site-packages/airflow/example_dags/example_python_operator.py
[2024-02-14T10:01:58.422+0000] {logging_mixin.py:188} INFO - [2024-02-14T10:01:58.422+0000] {dag.py:3036} INFO - Sync 1 DAGs
[2024-02-14T10:01:58.431+0000] {logging_mixin.py:188} INFO - [2024-02-14T10:01:58.431+0000] {dag.py:3823} INFO - Setting next_dagrun for example_python_operator to None, run_after=None
[2024-02-14T10:01:58.453+0000] {processor.py:183} INFO - Processing /home/airflow/.local/lib/python3.8/site-packages/airflow/example_dags/example_python_operator.py took 0.071 seconds
[2024-02-14T10:02:29.072+0000] {processor.py:161} INFO - Started process (PID=812) to work on /home/airflow/.local/lib/python3.8/site-packages/airflow/example_dags/example_python_operator.py
[2024-02-14T10:02:29.074+0000] {processor.py:830} INFO - Processing file /home/airflow/.local/lib/python3.8/site-packages/airflow/example_dags/example_python_operator.py for tasks to queue
[2024-02-14T10:02:29.076+0000] {logging_mixin.py:188} INFO - [2024-02-14T10:02:29.075+0000] {dagbag.py:538} INFO - Filling up the DagBag from /home/airflow/.local/lib/python3.8/site-packages/airflow/example_dags/example_python_operator.py
[2024-02-14T10:02:29.086+0000] {processor.py:840} INFO - DAG(s) 'example_python_operator' retrieved from /home/airflow/.local/lib/python3.8/site-packages/airflow/example_dags/example_python_operator.py
[2024-02-14T10:02:29.104+0000] {logging_mixin.py:188} INFO - [2024-02-14T10:02:29.103+0000] {dag.py:3036} INFO - Sync 1 DAGs
[2024-02-14T10:02:29.111+0000] {logging_mixin.py:188} INFO - [2024-02-14T10:02:29.111+0000] {dag.py:3823} INFO - Setting next_dagrun for example_python_operator to None, run_after=None
[2024-02-14T10:02:29.126+0000] {processor.py:183} INFO - Processing /home/airflow/.local/lib/python3.8/site-packages/airflow/example_dags/example_python_operator.py took 0.056 seconds
[2024-02-14T10:02:59.841+0000] {processor.py:161} INFO - Started process (PID=871) to work on /home/airflow/.local/lib/python3.8/site-packages/airflow/example_dags/example_python_operator.py
[2024-02-14T10:02:59.843+0000] {processor.py:830} INFO - Processing file /home/airflow/.local/lib/python3.8/site-packages/airflow/example_dags/example_python_operator.py for tasks to queue
[2024-02-14T10:02:59.844+0000] {logging_mixin.py:188} INFO - [2024-02-14T10:02:59.844+0000] {dagbag.py:538} INFO - Filling up the DagBag from /home/airflow/.local/lib/python3.8/site-packages/airflow/example_dags/example_python_operator.py
[2024-02-14T10:02:59.852+0000] {processor.py:840} INFO - DAG(s) 'example_python_operator' retrieved from /home/airflow/.local/lib/python3.8/site-packages/airflow/example_dags/example_python_operator.py
[2024-02-14T10:02:59.870+0000] {logging_mixin.py:188} INFO - [2024-02-14T10:02:59.870+0000] {dag.py:3036} INFO - Sync 1 DAGs
[2024-02-14T10:02:59.879+0000] {logging_mixin.py:188} INFO - [2024-02-14T10:02:59.879+0000] {dag.py:3823} INFO - Setting next_dagrun for example_python_operator to None, run_after=None
[2024-02-14T10:02:59.895+0000] {processor.py:183} INFO - Processing /home/airflow/.local/lib/python3.8/site-packages/airflow/example_dags/example_python_operator.py took 0.057 seconds
