[2024-02-14T09:34:20.221+0000] {processor.py:161} INFO - Started process (PID=71) to work on /home/airflow/.local/lib/python3.8/site-packages/airflow/example_dags/example_kubernetes_executor.py
[2024-02-14T09:34:20.222+0000] {processor.py:830} INFO - Processing file /home/airflow/.local/lib/python3.8/site-packages/airflow/example_dags/example_kubernetes_executor.py for tasks to queue
[2024-02-14T09:34:20.225+0000] {logging_mixin.py:188} INFO - [2024-02-14T09:34:20.224+0000] {dagbag.py:538} INFO - Filling up the DagBag from /home/airflow/.local/lib/python3.8/site-packages/airflow/example_dags/example_kubernetes_executor.py
[2024-02-14T09:34:20.240+0000] {processor.py:840} INFO - DAG(s) 'example_kubernetes_executor' retrieved from /home/airflow/.local/lib/python3.8/site-packages/airflow/example_dags/example_kubernetes_executor.py
[2024-02-14T09:34:20.257+0000] {logging_mixin.py:188} INFO - [2024-02-14T09:34:20.257+0000] {dag.py:3036} INFO - Sync 1 DAGs
[2024-02-14T09:34:20.291+0000] {logging_mixin.py:188} INFO - [2024-02-14T09:34:20.291+0000] {dag.py:3823} INFO - Setting next_dagrun for example_kubernetes_executor to None, run_after=None
[2024-02-14T09:34:20.315+0000] {processor.py:183} INFO - Processing /home/airflow/.local/lib/python3.8/site-packages/airflow/example_dags/example_kubernetes_executor.py took 0.098 seconds
[2024-02-14T09:34:50.398+0000] {processor.py:161} INFO - Started process (PID=128) to work on /home/airflow/.local/lib/python3.8/site-packages/airflow/example_dags/example_kubernetes_executor.py
[2024-02-14T09:34:50.399+0000] {processor.py:830} INFO - Processing file /home/airflow/.local/lib/python3.8/site-packages/airflow/example_dags/example_kubernetes_executor.py for tasks to queue
[2024-02-14T09:34:50.401+0000] {logging_mixin.py:188} INFO - [2024-02-14T09:34:50.401+0000] {dagbag.py:538} INFO - Filling up the DagBag from /home/airflow/.local/lib/python3.8/site-packages/airflow/example_dags/example_kubernetes_executor.py
[2024-02-14T09:34:50.411+0000] {processor.py:840} INFO - DAG(s) 'example_kubernetes_executor' retrieved from /home/airflow/.local/lib/python3.8/site-packages/airflow/example_dags/example_kubernetes_executor.py
[2024-02-14T09:34:50.532+0000] {logging_mixin.py:188} INFO - [2024-02-14T09:34:50.532+0000] {dag.py:3036} INFO - Sync 1 DAGs
[2024-02-14T09:34:50.553+0000] {logging_mixin.py:188} INFO - [2024-02-14T09:34:50.553+0000] {dag.py:3823} INFO - Setting next_dagrun for example_kubernetes_executor to None, run_after=None
[2024-02-14T09:34:50.573+0000] {processor.py:183} INFO - Processing /home/airflow/.local/lib/python3.8/site-packages/airflow/example_dags/example_kubernetes_executor.py took 0.178 seconds
[2024-02-14T09:35:20.990+0000] {processor.py:161} INFO - Started process (PID=186) to work on /home/airflow/.local/lib/python3.8/site-packages/airflow/example_dags/example_kubernetes_executor.py
[2024-02-14T09:35:20.993+0000] {processor.py:830} INFO - Processing file /home/airflow/.local/lib/python3.8/site-packages/airflow/example_dags/example_kubernetes_executor.py for tasks to queue
[2024-02-14T09:35:20.996+0000] {logging_mixin.py:188} INFO - [2024-02-14T09:35:20.995+0000] {dagbag.py:538} INFO - Filling up the DagBag from /home/airflow/.local/lib/python3.8/site-packages/airflow/example_dags/example_kubernetes_executor.py
[2024-02-14T09:35:21.019+0000] {processor.py:840} INFO - DAG(s) 'example_kubernetes_executor' retrieved from /home/airflow/.local/lib/python3.8/site-packages/airflow/example_dags/example_kubernetes_executor.py
[2024-02-14T09:35:21.063+0000] {logging_mixin.py:188} INFO - [2024-02-14T09:35:21.063+0000] {dag.py:3036} INFO - Sync 1 DAGs
[2024-02-14T09:35:21.074+0000] {logging_mixin.py:188} INFO - [2024-02-14T09:35:21.074+0000] {dag.py:3823} INFO - Setting next_dagrun for example_kubernetes_executor to None, run_after=None
[2024-02-14T09:35:21.101+0000] {processor.py:183} INFO - Processing /home/airflow/.local/lib/python3.8/site-packages/airflow/example_dags/example_kubernetes_executor.py took 0.114 seconds
[2024-02-14T09:35:51.928+0000] {processor.py:161} INFO - Started process (PID=242) to work on /home/airflow/.local/lib/python3.8/site-packages/airflow/example_dags/example_kubernetes_executor.py
[2024-02-14T09:35:51.932+0000] {processor.py:830} INFO - Processing file /home/airflow/.local/lib/python3.8/site-packages/airflow/example_dags/example_kubernetes_executor.py for tasks to queue
[2024-02-14T09:35:51.934+0000] {logging_mixin.py:188} INFO - [2024-02-14T09:35:51.933+0000] {dagbag.py:538} INFO - Filling up the DagBag from /home/airflow/.local/lib/python3.8/site-packages/airflow/example_dags/example_kubernetes_executor.py
[2024-02-14T09:35:51.944+0000] {processor.py:840} INFO - DAG(s) 'example_kubernetes_executor' retrieved from /home/airflow/.local/lib/python3.8/site-packages/airflow/example_dags/example_kubernetes_executor.py
[2024-02-14T09:35:51.969+0000] {logging_mixin.py:188} INFO - [2024-02-14T09:35:51.969+0000] {dag.py:3036} INFO - Sync 1 DAGs
[2024-02-14T09:35:51.977+0000] {logging_mixin.py:188} INFO - [2024-02-14T09:35:51.977+0000] {dag.py:3823} INFO - Setting next_dagrun for example_kubernetes_executor to None, run_after=None
[2024-02-14T09:35:51.990+0000] {processor.py:183} INFO - Processing /home/airflow/.local/lib/python3.8/site-packages/airflow/example_dags/example_kubernetes_executor.py took 0.064 seconds
[2024-02-14T09:36:22.792+0000] {processor.py:161} INFO - Started process (PID=297) to work on /home/airflow/.local/lib/python3.8/site-packages/airflow/example_dags/example_kubernetes_executor.py
[2024-02-14T09:36:22.794+0000] {processor.py:830} INFO - Processing file /home/airflow/.local/lib/python3.8/site-packages/airflow/example_dags/example_kubernetes_executor.py for tasks to queue
[2024-02-14T09:36:22.796+0000] {logging_mixin.py:188} INFO - [2024-02-14T09:36:22.796+0000] {dagbag.py:538} INFO - Filling up the DagBag from /home/airflow/.local/lib/python3.8/site-packages/airflow/example_dags/example_kubernetes_executor.py
[2024-02-14T09:36:22.808+0000] {processor.py:840} INFO - DAG(s) 'example_kubernetes_executor' retrieved from /home/airflow/.local/lib/python3.8/site-packages/airflow/example_dags/example_kubernetes_executor.py
[2024-02-14T09:36:22.835+0000] {logging_mixin.py:188} INFO - [2024-02-14T09:36:22.835+0000] {dag.py:3036} INFO - Sync 1 DAGs
[2024-02-14T09:36:22.843+0000] {logging_mixin.py:188} INFO - [2024-02-14T09:36:22.843+0000] {dag.py:3823} INFO - Setting next_dagrun for example_kubernetes_executor to None, run_after=None
[2024-02-14T09:36:22.856+0000] {processor.py:183} INFO - Processing /home/airflow/.local/lib/python3.8/site-packages/airflow/example_dags/example_kubernetes_executor.py took 0.066 seconds
[2024-02-14T09:36:52.925+0000] {processor.py:161} INFO - Started process (PID=353) to work on /home/airflow/.local/lib/python3.8/site-packages/airflow/example_dags/example_kubernetes_executor.py
[2024-02-14T09:36:52.926+0000] {processor.py:830} INFO - Processing file /home/airflow/.local/lib/python3.8/site-packages/airflow/example_dags/example_kubernetes_executor.py for tasks to queue
[2024-02-14T09:36:52.928+0000] {logging_mixin.py:188} INFO - [2024-02-14T09:36:52.928+0000] {dagbag.py:538} INFO - Filling up the DagBag from /home/airflow/.local/lib/python3.8/site-packages/airflow/example_dags/example_kubernetes_executor.py
[2024-02-14T09:36:52.937+0000] {processor.py:840} INFO - DAG(s) 'example_kubernetes_executor' retrieved from /home/airflow/.local/lib/python3.8/site-packages/airflow/example_dags/example_kubernetes_executor.py
[2024-02-14T09:36:52.961+0000] {logging_mixin.py:188} INFO - [2024-02-14T09:36:52.960+0000] {dag.py:3036} INFO - Sync 1 DAGs
[2024-02-14T09:36:52.968+0000] {logging_mixin.py:188} INFO - [2024-02-14T09:36:52.968+0000] {dag.py:3823} INFO - Setting next_dagrun for example_kubernetes_executor to None, run_after=None
[2024-02-14T09:36:52.981+0000] {processor.py:183} INFO - Processing /home/airflow/.local/lib/python3.8/site-packages/airflow/example_dags/example_kubernetes_executor.py took 0.058 seconds
[2024-02-14T09:37:23.432+0000] {processor.py:161} INFO - Started process (PID=412) to work on /home/airflow/.local/lib/python3.8/site-packages/airflow/example_dags/example_kubernetes_executor.py
[2024-02-14T09:37:23.434+0000] {processor.py:830} INFO - Processing file /home/airflow/.local/lib/python3.8/site-packages/airflow/example_dags/example_kubernetes_executor.py for tasks to queue
[2024-02-14T09:37:23.436+0000] {logging_mixin.py:188} INFO - [2024-02-14T09:37:23.436+0000] {dagbag.py:538} INFO - Filling up the DagBag from /home/airflow/.local/lib/python3.8/site-packages/airflow/example_dags/example_kubernetes_executor.py
[2024-02-14T09:37:23.445+0000] {processor.py:840} INFO - DAG(s) 'example_kubernetes_executor' retrieved from /home/airflow/.local/lib/python3.8/site-packages/airflow/example_dags/example_kubernetes_executor.py
[2024-02-14T09:37:23.471+0000] {logging_mixin.py:188} INFO - [2024-02-14T09:37:23.471+0000] {dag.py:3036} INFO - Sync 1 DAGs
[2024-02-14T09:37:23.479+0000] {logging_mixin.py:188} INFO - [2024-02-14T09:37:23.479+0000] {dag.py:3823} INFO - Setting next_dagrun for example_kubernetes_executor to None, run_after=None
[2024-02-14T09:37:23.493+0000] {processor.py:183} INFO - Processing /home/airflow/.local/lib/python3.8/site-packages/airflow/example_dags/example_kubernetes_executor.py took 0.063 seconds
[2024-02-14T09:37:53.647+0000] {processor.py:161} INFO - Started process (PID=468) to work on /home/airflow/.local/lib/python3.8/site-packages/airflow/example_dags/example_kubernetes_executor.py
[2024-02-14T09:37:53.649+0000] {processor.py:830} INFO - Processing file /home/airflow/.local/lib/python3.8/site-packages/airflow/example_dags/example_kubernetes_executor.py for tasks to queue
[2024-02-14T09:37:53.651+0000] {logging_mixin.py:188} INFO - [2024-02-14T09:37:53.651+0000] {dagbag.py:538} INFO - Filling up the DagBag from /home/airflow/.local/lib/python3.8/site-packages/airflow/example_dags/example_kubernetes_executor.py
[2024-02-14T09:37:53.660+0000] {processor.py:840} INFO - DAG(s) 'example_kubernetes_executor' retrieved from /home/airflow/.local/lib/python3.8/site-packages/airflow/example_dags/example_kubernetes_executor.py
[2024-02-14T09:37:53.683+0000] {logging_mixin.py:188} INFO - [2024-02-14T09:37:53.683+0000] {dag.py:3036} INFO - Sync 1 DAGs
[2024-02-14T09:37:53.691+0000] {logging_mixin.py:188} INFO - [2024-02-14T09:37:53.691+0000] {dag.py:3823} INFO - Setting next_dagrun for example_kubernetes_executor to None, run_after=None
[2024-02-14T09:37:53.702+0000] {processor.py:183} INFO - Processing /home/airflow/.local/lib/python3.8/site-packages/airflow/example_dags/example_kubernetes_executor.py took 0.057 seconds
[2024-02-14T09:38:23.961+0000] {processor.py:161} INFO - Started process (PID=526) to work on /home/airflow/.local/lib/python3.8/site-packages/airflow/example_dags/example_kubernetes_executor.py
[2024-02-14T09:38:23.963+0000] {processor.py:830} INFO - Processing file /home/airflow/.local/lib/python3.8/site-packages/airflow/example_dags/example_kubernetes_executor.py for tasks to queue
[2024-02-14T09:38:23.965+0000] {logging_mixin.py:188} INFO - [2024-02-14T09:38:23.965+0000] {dagbag.py:538} INFO - Filling up the DagBag from /home/airflow/.local/lib/python3.8/site-packages/airflow/example_dags/example_kubernetes_executor.py
[2024-02-14T09:38:23.974+0000] {processor.py:840} INFO - DAG(s) 'example_kubernetes_executor' retrieved from /home/airflow/.local/lib/python3.8/site-packages/airflow/example_dags/example_kubernetes_executor.py
[2024-02-14T09:38:23.998+0000] {logging_mixin.py:188} INFO - [2024-02-14T09:38:23.998+0000] {dag.py:3036} INFO - Sync 1 DAGs
[2024-02-14T09:38:24.007+0000] {logging_mixin.py:188} INFO - [2024-02-14T09:38:24.007+0000] {dag.py:3823} INFO - Setting next_dagrun for example_kubernetes_executor to None, run_after=None
[2024-02-14T09:38:24.019+0000] {processor.py:183} INFO - Processing /home/airflow/.local/lib/python3.8/site-packages/airflow/example_dags/example_kubernetes_executor.py took 0.061 seconds
[2024-02-14T09:38:54.699+0000] {processor.py:161} INFO - Started process (PID=583) to work on /home/airflow/.local/lib/python3.8/site-packages/airflow/example_dags/example_kubernetes_executor.py
[2024-02-14T09:38:54.700+0000] {processor.py:830} INFO - Processing file /home/airflow/.local/lib/python3.8/site-packages/airflow/example_dags/example_kubernetes_executor.py for tasks to queue
[2024-02-14T09:38:54.703+0000] {logging_mixin.py:188} INFO - [2024-02-14T09:38:54.703+0000] {dagbag.py:538} INFO - Filling up the DagBag from /home/airflow/.local/lib/python3.8/site-packages/airflow/example_dags/example_kubernetes_executor.py
[2024-02-14T09:38:54.713+0000] {processor.py:840} INFO - DAG(s) 'example_kubernetes_executor' retrieved from /home/airflow/.local/lib/python3.8/site-packages/airflow/example_dags/example_kubernetes_executor.py
[2024-02-14T09:38:54.738+0000] {logging_mixin.py:188} INFO - [2024-02-14T09:38:54.738+0000] {dag.py:3036} INFO - Sync 1 DAGs
[2024-02-14T09:38:54.746+0000] {logging_mixin.py:188} INFO - [2024-02-14T09:38:54.746+0000] {dag.py:3823} INFO - Setting next_dagrun for example_kubernetes_executor to None, run_after=None
[2024-02-14T09:38:54.760+0000] {processor.py:183} INFO - Processing /home/airflow/.local/lib/python3.8/site-packages/airflow/example_dags/example_kubernetes_executor.py took 0.064 seconds
[2024-02-14T09:43:49.618+0000] {processor.py:161} INFO - Started process (PID=67) to work on /home/airflow/.local/lib/python3.8/site-packages/airflow/example_dags/example_kubernetes_executor.py
[2024-02-14T09:43:49.620+0000] {processor.py:830} INFO - Processing file /home/airflow/.local/lib/python3.8/site-packages/airflow/example_dags/example_kubernetes_executor.py for tasks to queue
[2024-02-14T09:43:49.622+0000] {logging_mixin.py:188} INFO - [2024-02-14T09:43:49.622+0000] {dagbag.py:538} INFO - Filling up the DagBag from /home/airflow/.local/lib/python3.8/site-packages/airflow/example_dags/example_kubernetes_executor.py
[2024-02-14T09:43:49.634+0000] {processor.py:840} INFO - DAG(s) 'example_kubernetes_executor' retrieved from /home/airflow/.local/lib/python3.8/site-packages/airflow/example_dags/example_kubernetes_executor.py
[2024-02-14T09:43:49.644+0000] {logging_mixin.py:188} INFO - [2024-02-14T09:43:49.644+0000] {dag.py:3036} INFO - Sync 1 DAGs
[2024-02-14T09:43:49.654+0000] {logging_mixin.py:188} INFO - [2024-02-14T09:43:49.653+0000] {dag.py:3823} INFO - Setting next_dagrun for example_kubernetes_executor to None, run_after=None
[2024-02-14T09:43:49.671+0000] {processor.py:183} INFO - Processing /home/airflow/.local/lib/python3.8/site-packages/airflow/example_dags/example_kubernetes_executor.py took 0.055 seconds
[2024-02-14T09:46:38.823+0000] {processor.py:161} INFO - Started process (PID=66) to work on /home/airflow/.local/lib/python3.8/site-packages/airflow/example_dags/example_kubernetes_executor.py
[2024-02-14T09:46:38.825+0000] {processor.py:830} INFO - Processing file /home/airflow/.local/lib/python3.8/site-packages/airflow/example_dags/example_kubernetes_executor.py for tasks to queue
[2024-02-14T09:46:38.828+0000] {logging_mixin.py:188} INFO - [2024-02-14T09:46:38.827+0000] {dagbag.py:538} INFO - Filling up the DagBag from /home/airflow/.local/lib/python3.8/site-packages/airflow/example_dags/example_kubernetes_executor.py
[2024-02-14T09:46:38.842+0000] {processor.py:840} INFO - DAG(s) 'example_kubernetes_executor' retrieved from /home/airflow/.local/lib/python3.8/site-packages/airflow/example_dags/example_kubernetes_executor.py
[2024-02-14T09:46:38.922+0000] {logging_mixin.py:188} INFO - [2024-02-14T09:46:38.922+0000] {override.py:1769} INFO - Created Permission View: can edit on DAG:example_kubernetes_executor
[2024-02-14T09:46:38.929+0000] {logging_mixin.py:188} INFO - [2024-02-14T09:46:38.929+0000] {override.py:1769} INFO - Created Permission View: can read on DAG:example_kubernetes_executor
[2024-02-14T09:46:38.934+0000] {logging_mixin.py:188} INFO - [2024-02-14T09:46:38.934+0000] {override.py:1769} INFO - Created Permission View: can delete on DAG:example_kubernetes_executor
[2024-02-14T09:46:38.935+0000] {logging_mixin.py:188} INFO - [2024-02-14T09:46:38.935+0000] {dag.py:3036} INFO - Sync 1 DAGs
[2024-02-14T09:46:38.942+0000] {logging_mixin.py:188} INFO - [2024-02-14T09:46:38.942+0000] {dag.py:3058} INFO - Creating ORM DAG for example_kubernetes_executor
[2024-02-14T09:46:38.945+0000] {logging_mixin.py:188} INFO - [2024-02-14T09:46:38.945+0000] {dag.py:3823} INFO - Setting next_dagrun for example_kubernetes_executor to None, run_after=None
[2024-02-14T09:46:38.958+0000] {processor.py:183} INFO - Processing /home/airflow/.local/lib/python3.8/site-packages/airflow/example_dags/example_kubernetes_executor.py took 0.138 seconds
[2024-02-14T09:47:09.552+0000] {processor.py:161} INFO - Started process (PID=121) to work on /home/airflow/.local/lib/python3.8/site-packages/airflow/example_dags/example_kubernetes_executor.py
[2024-02-14T09:47:09.553+0000] {processor.py:830} INFO - Processing file /home/airflow/.local/lib/python3.8/site-packages/airflow/example_dags/example_kubernetes_executor.py for tasks to queue
[2024-02-14T09:47:09.555+0000] {logging_mixin.py:188} INFO - [2024-02-14T09:47:09.555+0000] {dagbag.py:538} INFO - Filling up the DagBag from /home/airflow/.local/lib/python3.8/site-packages/airflow/example_dags/example_kubernetes_executor.py
[2024-02-14T09:47:09.566+0000] {processor.py:840} INFO - DAG(s) 'example_kubernetes_executor' retrieved from /home/airflow/.local/lib/python3.8/site-packages/airflow/example_dags/example_kubernetes_executor.py
[2024-02-14T09:47:09.598+0000] {logging_mixin.py:188} INFO - [2024-02-14T09:47:09.598+0000] {dag.py:3036} INFO - Sync 1 DAGs
[2024-02-14T09:47:09.606+0000] {logging_mixin.py:188} INFO - [2024-02-14T09:47:09.606+0000] {dag.py:3823} INFO - Setting next_dagrun for example_kubernetes_executor to None, run_after=None
[2024-02-14T09:47:09.617+0000] {processor.py:183} INFO - Processing /home/airflow/.local/lib/python3.8/site-packages/airflow/example_dags/example_kubernetes_executor.py took 0.068 seconds
[2024-02-14T09:47:40.014+0000] {processor.py:161} INFO - Started process (PID=179) to work on /home/airflow/.local/lib/python3.8/site-packages/airflow/example_dags/example_kubernetes_executor.py
[2024-02-14T09:47:40.016+0000] {processor.py:830} INFO - Processing file /home/airflow/.local/lib/python3.8/site-packages/airflow/example_dags/example_kubernetes_executor.py for tasks to queue
[2024-02-14T09:47:40.018+0000] {logging_mixin.py:188} INFO - [2024-02-14T09:47:40.018+0000] {dagbag.py:538} INFO - Filling up the DagBag from /home/airflow/.local/lib/python3.8/site-packages/airflow/example_dags/example_kubernetes_executor.py
[2024-02-14T09:47:40.030+0000] {processor.py:840} INFO - DAG(s) 'example_kubernetes_executor' retrieved from /home/airflow/.local/lib/python3.8/site-packages/airflow/example_dags/example_kubernetes_executor.py
[2024-02-14T09:47:40.075+0000] {logging_mixin.py:188} INFO - [2024-02-14T09:47:40.075+0000] {dag.py:3036} INFO - Sync 1 DAGs
[2024-02-14T09:47:40.088+0000] {logging_mixin.py:188} INFO - [2024-02-14T09:47:40.088+0000] {dag.py:3823} INFO - Setting next_dagrun for example_kubernetes_executor to None, run_after=None
[2024-02-14T09:47:40.106+0000] {processor.py:183} INFO - Processing /home/airflow/.local/lib/python3.8/site-packages/airflow/example_dags/example_kubernetes_executor.py took 0.095 seconds
[2024-02-14T09:48:10.644+0000] {processor.py:161} INFO - Started process (PID=237) to work on /home/airflow/.local/lib/python3.8/site-packages/airflow/example_dags/example_kubernetes_executor.py
[2024-02-14T09:48:10.646+0000] {processor.py:830} INFO - Processing file /home/airflow/.local/lib/python3.8/site-packages/airflow/example_dags/example_kubernetes_executor.py for tasks to queue
[2024-02-14T09:48:10.647+0000] {logging_mixin.py:188} INFO - [2024-02-14T09:48:10.647+0000] {dagbag.py:538} INFO - Filling up the DagBag from /home/airflow/.local/lib/python3.8/site-packages/airflow/example_dags/example_kubernetes_executor.py
[2024-02-14T09:48:10.658+0000] {processor.py:840} INFO - DAG(s) 'example_kubernetes_executor' retrieved from /home/airflow/.local/lib/python3.8/site-packages/airflow/example_dags/example_kubernetes_executor.py
[2024-02-14T09:48:10.688+0000] {logging_mixin.py:188} INFO - [2024-02-14T09:48:10.688+0000] {dag.py:3036} INFO - Sync 1 DAGs
[2024-02-14T09:48:10.699+0000] {logging_mixin.py:188} INFO - [2024-02-14T09:48:10.699+0000] {dag.py:3823} INFO - Setting next_dagrun for example_kubernetes_executor to None, run_after=None
[2024-02-14T09:48:10.715+0000] {processor.py:183} INFO - Processing /home/airflow/.local/lib/python3.8/site-packages/airflow/example_dags/example_kubernetes_executor.py took 0.074 seconds
[2024-02-14T09:48:41.164+0000] {processor.py:161} INFO - Started process (PID=297) to work on /home/airflow/.local/lib/python3.8/site-packages/airflow/example_dags/example_kubernetes_executor.py
[2024-02-14T09:48:41.166+0000] {processor.py:830} INFO - Processing file /home/airflow/.local/lib/python3.8/site-packages/airflow/example_dags/example_kubernetes_executor.py for tasks to queue
[2024-02-14T09:48:41.169+0000] {logging_mixin.py:188} INFO - [2024-02-14T09:48:41.168+0000] {dagbag.py:538} INFO - Filling up the DagBag from /home/airflow/.local/lib/python3.8/site-packages/airflow/example_dags/example_kubernetes_executor.py
[2024-02-14T09:48:41.181+0000] {processor.py:840} INFO - DAG(s) 'example_kubernetes_executor' retrieved from /home/airflow/.local/lib/python3.8/site-packages/airflow/example_dags/example_kubernetes_executor.py
[2024-02-14T09:48:41.205+0000] {logging_mixin.py:188} INFO - [2024-02-14T09:48:41.205+0000] {dag.py:3036} INFO - Sync 1 DAGs
[2024-02-14T09:48:41.214+0000] {logging_mixin.py:188} INFO - [2024-02-14T09:48:41.213+0000] {dag.py:3823} INFO - Setting next_dagrun for example_kubernetes_executor to None, run_after=None
[2024-02-14T09:48:41.223+0000] {processor.py:183} INFO - Processing /home/airflow/.local/lib/python3.8/site-packages/airflow/example_dags/example_kubernetes_executor.py took 0.062 seconds
[2024-02-14T09:49:11.758+0000] {processor.py:161} INFO - Started process (PID=353) to work on /home/airflow/.local/lib/python3.8/site-packages/airflow/example_dags/example_kubernetes_executor.py
[2024-02-14T09:49:11.760+0000] {processor.py:830} INFO - Processing file /home/airflow/.local/lib/python3.8/site-packages/airflow/example_dags/example_kubernetes_executor.py for tasks to queue
[2024-02-14T09:49:11.761+0000] {logging_mixin.py:188} INFO - [2024-02-14T09:49:11.761+0000] {dagbag.py:538} INFO - Filling up the DagBag from /home/airflow/.local/lib/python3.8/site-packages/airflow/example_dags/example_kubernetes_executor.py
[2024-02-14T09:49:11.772+0000] {processor.py:840} INFO - DAG(s) 'example_kubernetes_executor' retrieved from /home/airflow/.local/lib/python3.8/site-packages/airflow/example_dags/example_kubernetes_executor.py
[2024-02-14T09:49:11.800+0000] {logging_mixin.py:188} INFO - [2024-02-14T09:49:11.800+0000] {dag.py:3036} INFO - Sync 1 DAGs
[2024-02-14T09:49:11.812+0000] {logging_mixin.py:188} INFO - [2024-02-14T09:49:11.811+0000] {dag.py:3823} INFO - Setting next_dagrun for example_kubernetes_executor to None, run_after=None
[2024-02-14T09:49:11.824+0000] {processor.py:183} INFO - Processing /home/airflow/.local/lib/python3.8/site-packages/airflow/example_dags/example_kubernetes_executor.py took 0.068 seconds
[2024-02-14T09:49:42.656+0000] {processor.py:161} INFO - Started process (PID=409) to work on /home/airflow/.local/lib/python3.8/site-packages/airflow/example_dags/example_kubernetes_executor.py
[2024-02-14T09:49:42.658+0000] {processor.py:830} INFO - Processing file /home/airflow/.local/lib/python3.8/site-packages/airflow/example_dags/example_kubernetes_executor.py for tasks to queue
[2024-02-14T09:49:42.660+0000] {logging_mixin.py:188} INFO - [2024-02-14T09:49:42.660+0000] {dagbag.py:538} INFO - Filling up the DagBag from /home/airflow/.local/lib/python3.8/site-packages/airflow/example_dags/example_kubernetes_executor.py
[2024-02-14T09:49:42.670+0000] {processor.py:840} INFO - DAG(s) 'example_kubernetes_executor' retrieved from /home/airflow/.local/lib/python3.8/site-packages/airflow/example_dags/example_kubernetes_executor.py
[2024-02-14T09:49:42.695+0000] {logging_mixin.py:188} INFO - [2024-02-14T09:49:42.695+0000] {dag.py:3036} INFO - Sync 1 DAGs
[2024-02-14T09:49:42.704+0000] {logging_mixin.py:188} INFO - [2024-02-14T09:49:42.704+0000] {dag.py:3823} INFO - Setting next_dagrun for example_kubernetes_executor to None, run_after=None
[2024-02-14T09:49:42.718+0000] {processor.py:183} INFO - Processing /home/airflow/.local/lib/python3.8/site-packages/airflow/example_dags/example_kubernetes_executor.py took 0.064 seconds
[2024-02-14T09:50:13.168+0000] {processor.py:161} INFO - Started process (PID=467) to work on /home/airflow/.local/lib/python3.8/site-packages/airflow/example_dags/example_kubernetes_executor.py
[2024-02-14T09:50:13.169+0000] {processor.py:830} INFO - Processing file /home/airflow/.local/lib/python3.8/site-packages/airflow/example_dags/example_kubernetes_executor.py for tasks to queue
[2024-02-14T09:50:13.171+0000] {logging_mixin.py:188} INFO - [2024-02-14T09:50:13.171+0000] {dagbag.py:538} INFO - Filling up the DagBag from /home/airflow/.local/lib/python3.8/site-packages/airflow/example_dags/example_kubernetes_executor.py
[2024-02-14T09:50:13.181+0000] {processor.py:840} INFO - DAG(s) 'example_kubernetes_executor' retrieved from /home/airflow/.local/lib/python3.8/site-packages/airflow/example_dags/example_kubernetes_executor.py
[2024-02-14T09:50:13.210+0000] {logging_mixin.py:188} INFO - [2024-02-14T09:50:13.210+0000] {dag.py:3036} INFO - Sync 1 DAGs
[2024-02-14T09:50:13.218+0000] {logging_mixin.py:188} INFO - [2024-02-14T09:50:13.217+0000] {dag.py:3823} INFO - Setting next_dagrun for example_kubernetes_executor to None, run_after=None
[2024-02-14T09:50:13.229+0000] {processor.py:183} INFO - Processing /home/airflow/.local/lib/python3.8/site-packages/airflow/example_dags/example_kubernetes_executor.py took 0.063 seconds
[2024-02-14T09:50:43.473+0000] {processor.py:161} INFO - Started process (PID=523) to work on /home/airflow/.local/lib/python3.8/site-packages/airflow/example_dags/example_kubernetes_executor.py
[2024-02-14T09:50:43.475+0000] {processor.py:830} INFO - Processing file /home/airflow/.local/lib/python3.8/site-packages/airflow/example_dags/example_kubernetes_executor.py for tasks to queue
[2024-02-14T09:50:43.477+0000] {logging_mixin.py:188} INFO - [2024-02-14T09:50:43.477+0000] {dagbag.py:538} INFO - Filling up the DagBag from /home/airflow/.local/lib/python3.8/site-packages/airflow/example_dags/example_kubernetes_executor.py
[2024-02-14T09:50:43.486+0000] {processor.py:840} INFO - DAG(s) 'example_kubernetes_executor' retrieved from /home/airflow/.local/lib/python3.8/site-packages/airflow/example_dags/example_kubernetes_executor.py
[2024-02-14T09:50:43.512+0000] {logging_mixin.py:188} INFO - [2024-02-14T09:50:43.511+0000] {dag.py:3036} INFO - Sync 1 DAGs
[2024-02-14T09:50:43.520+0000] {logging_mixin.py:188} INFO - [2024-02-14T09:50:43.520+0000] {dag.py:3823} INFO - Setting next_dagrun for example_kubernetes_executor to None, run_after=None
[2024-02-14T09:50:43.532+0000] {processor.py:183} INFO - Processing /home/airflow/.local/lib/python3.8/site-packages/airflow/example_dags/example_kubernetes_executor.py took 0.061 seconds
[2024-02-14T09:51:13.817+0000] {processor.py:161} INFO - Started process (PID=579) to work on /home/airflow/.local/lib/python3.8/site-packages/airflow/example_dags/example_kubernetes_executor.py
[2024-02-14T09:51:13.819+0000] {processor.py:830} INFO - Processing file /home/airflow/.local/lib/python3.8/site-packages/airflow/example_dags/example_kubernetes_executor.py for tasks to queue
[2024-02-14T09:51:13.821+0000] {logging_mixin.py:188} INFO - [2024-02-14T09:51:13.821+0000] {dagbag.py:538} INFO - Filling up the DagBag from /home/airflow/.local/lib/python3.8/site-packages/airflow/example_dags/example_kubernetes_executor.py
[2024-02-14T09:51:13.832+0000] {processor.py:840} INFO - DAG(s) 'example_kubernetes_executor' retrieved from /home/airflow/.local/lib/python3.8/site-packages/airflow/example_dags/example_kubernetes_executor.py
[2024-02-14T09:51:13.861+0000] {logging_mixin.py:188} INFO - [2024-02-14T09:51:13.861+0000] {dag.py:3036} INFO - Sync 1 DAGs
[2024-02-14T09:51:13.869+0000] {logging_mixin.py:188} INFO - [2024-02-14T09:51:13.869+0000] {dag.py:3823} INFO - Setting next_dagrun for example_kubernetes_executor to None, run_after=None
[2024-02-14T09:51:13.882+0000] {processor.py:183} INFO - Processing /home/airflow/.local/lib/python3.8/site-packages/airflow/example_dags/example_kubernetes_executor.py took 0.068 seconds
[2024-02-14T09:51:44.315+0000] {processor.py:161} INFO - Started process (PID=637) to work on /home/airflow/.local/lib/python3.8/site-packages/airflow/example_dags/example_kubernetes_executor.py
[2024-02-14T09:51:44.317+0000] {processor.py:830} INFO - Processing file /home/airflow/.local/lib/python3.8/site-packages/airflow/example_dags/example_kubernetes_executor.py for tasks to queue
[2024-02-14T09:51:44.319+0000] {logging_mixin.py:188} INFO - [2024-02-14T09:51:44.319+0000] {dagbag.py:538} INFO - Filling up the DagBag from /home/airflow/.local/lib/python3.8/site-packages/airflow/example_dags/example_kubernetes_executor.py
[2024-02-14T09:51:44.328+0000] {processor.py:840} INFO - DAG(s) 'example_kubernetes_executor' retrieved from /home/airflow/.local/lib/python3.8/site-packages/airflow/example_dags/example_kubernetes_executor.py
[2024-02-14T09:51:44.352+0000] {logging_mixin.py:188} INFO - [2024-02-14T09:51:44.352+0000] {dag.py:3036} INFO - Sync 1 DAGs
[2024-02-14T09:51:44.360+0000] {logging_mixin.py:188} INFO - [2024-02-14T09:51:44.360+0000] {dag.py:3823} INFO - Setting next_dagrun for example_kubernetes_executor to None, run_after=None
[2024-02-14T09:51:44.372+0000] {processor.py:183} INFO - Processing /home/airflow/.local/lib/python3.8/site-packages/airflow/example_dags/example_kubernetes_executor.py took 0.059 seconds
[2024-02-14T09:52:14.784+0000] {processor.py:161} INFO - Started process (PID=694) to work on /home/airflow/.local/lib/python3.8/site-packages/airflow/example_dags/example_kubernetes_executor.py
[2024-02-14T09:52:14.786+0000] {processor.py:830} INFO - Processing file /home/airflow/.local/lib/python3.8/site-packages/airflow/example_dags/example_kubernetes_executor.py for tasks to queue
[2024-02-14T09:52:14.787+0000] {logging_mixin.py:188} INFO - [2024-02-14T09:52:14.787+0000] {dagbag.py:538} INFO - Filling up the DagBag from /home/airflow/.local/lib/python3.8/site-packages/airflow/example_dags/example_kubernetes_executor.py
[2024-02-14T09:52:14.797+0000] {processor.py:840} INFO - DAG(s) 'example_kubernetes_executor' retrieved from /home/airflow/.local/lib/python3.8/site-packages/airflow/example_dags/example_kubernetes_executor.py
[2024-02-14T09:52:14.821+0000] {logging_mixin.py:188} INFO - [2024-02-14T09:52:14.821+0000] {dag.py:3036} INFO - Sync 1 DAGs
[2024-02-14T09:52:14.830+0000] {logging_mixin.py:188} INFO - [2024-02-14T09:52:14.829+0000] {dag.py:3823} INFO - Setting next_dagrun for example_kubernetes_executor to None, run_after=None
[2024-02-14T09:52:14.841+0000] {processor.py:183} INFO - Processing /home/airflow/.local/lib/python3.8/site-packages/airflow/example_dags/example_kubernetes_executor.py took 0.060 seconds
[2024-02-14T09:52:45.276+0000] {processor.py:161} INFO - Started process (PID=750) to work on /home/airflow/.local/lib/python3.8/site-packages/airflow/example_dags/example_kubernetes_executor.py
[2024-02-14T09:52:45.277+0000] {processor.py:830} INFO - Processing file /home/airflow/.local/lib/python3.8/site-packages/airflow/example_dags/example_kubernetes_executor.py for tasks to queue
[2024-02-14T09:52:45.280+0000] {logging_mixin.py:188} INFO - [2024-02-14T09:52:45.279+0000] {dagbag.py:538} INFO - Filling up the DagBag from /home/airflow/.local/lib/python3.8/site-packages/airflow/example_dags/example_kubernetes_executor.py
[2024-02-14T09:52:45.290+0000] {processor.py:840} INFO - DAG(s) 'example_kubernetes_executor' retrieved from /home/airflow/.local/lib/python3.8/site-packages/airflow/example_dags/example_kubernetes_executor.py
[2024-02-14T09:52:45.316+0000] {logging_mixin.py:188} INFO - [2024-02-14T09:52:45.316+0000] {dag.py:3036} INFO - Sync 1 DAGs
[2024-02-14T09:52:45.325+0000] {logging_mixin.py:188} INFO - [2024-02-14T09:52:45.324+0000] {dag.py:3823} INFO - Setting next_dagrun for example_kubernetes_executor to None, run_after=None
[2024-02-14T09:52:45.336+0000] {processor.py:183} INFO - Processing /home/airflow/.local/lib/python3.8/site-packages/airflow/example_dags/example_kubernetes_executor.py took 0.063 seconds
[2024-02-14T09:53:38.856+0000] {processor.py:161} INFO - Started process (PID=71) to work on /home/airflow/.local/lib/python3.8/site-packages/airflow/example_dags/example_kubernetes_executor.py
[2024-02-14T09:53:38.858+0000] {processor.py:830} INFO - Processing file /home/airflow/.local/lib/python3.8/site-packages/airflow/example_dags/example_kubernetes_executor.py for tasks to queue
[2024-02-14T09:53:38.860+0000] {logging_mixin.py:188} INFO - [2024-02-14T09:53:38.860+0000] {dagbag.py:538} INFO - Filling up the DagBag from /home/airflow/.local/lib/python3.8/site-packages/airflow/example_dags/example_kubernetes_executor.py
[2024-02-14T09:53:38.871+0000] {processor.py:840} INFO - DAG(s) 'example_kubernetes_executor' retrieved from /home/airflow/.local/lib/python3.8/site-packages/airflow/example_dags/example_kubernetes_executor.py
[2024-02-14T09:53:38.881+0000] {logging_mixin.py:188} INFO - [2024-02-14T09:53:38.881+0000] {dag.py:3036} INFO - Sync 1 DAGs
[2024-02-14T09:53:38.890+0000] {logging_mixin.py:188} INFO - [2024-02-14T09:53:38.890+0000] {dag.py:3823} INFO - Setting next_dagrun for example_kubernetes_executor to None, run_after=None
[2024-02-14T09:53:38.902+0000] {processor.py:183} INFO - Processing /home/airflow/.local/lib/python3.8/site-packages/airflow/example_dags/example_kubernetes_executor.py took 0.048 seconds
[2024-02-14T09:54:10.779+0000] {processor.py:161} INFO - Started process (PID=127) to work on /home/airflow/.local/lib/python3.8/site-packages/airflow/example_dags/example_kubernetes_executor.py
[2024-02-14T09:54:10.781+0000] {processor.py:830} INFO - Processing file /home/airflow/.local/lib/python3.8/site-packages/airflow/example_dags/example_kubernetes_executor.py for tasks to queue
[2024-02-14T09:54:10.782+0000] {logging_mixin.py:188} INFO - [2024-02-14T09:54:10.782+0000] {dagbag.py:538} INFO - Filling up the DagBag from /home/airflow/.local/lib/python3.8/site-packages/airflow/example_dags/example_kubernetes_executor.py
[2024-02-14T09:54:10.793+0000] {processor.py:840} INFO - DAG(s) 'example_kubernetes_executor' retrieved from /home/airflow/.local/lib/python3.8/site-packages/airflow/example_dags/example_kubernetes_executor.py
[2024-02-14T09:54:10.868+0000] {logging_mixin.py:188} INFO - [2024-02-14T09:54:10.868+0000] {dag.py:3036} INFO - Sync 1 DAGs
[2024-02-14T09:54:10.879+0000] {logging_mixin.py:188} INFO - [2024-02-14T09:54:10.879+0000] {dag.py:3823} INFO - Setting next_dagrun for example_kubernetes_executor to None, run_after=None
[2024-02-14T09:54:10.896+0000] {processor.py:183} INFO - Processing /home/airflow/.local/lib/python3.8/site-packages/airflow/example_dags/example_kubernetes_executor.py took 0.120 seconds
[2024-02-14T09:54:41.094+0000] {processor.py:161} INFO - Started process (PID=184) to work on /home/airflow/.local/lib/python3.8/site-packages/airflow/example_dags/example_kubernetes_executor.py
[2024-02-14T09:54:41.095+0000] {processor.py:830} INFO - Processing file /home/airflow/.local/lib/python3.8/site-packages/airflow/example_dags/example_kubernetes_executor.py for tasks to queue
[2024-02-14T09:54:41.097+0000] {logging_mixin.py:188} INFO - [2024-02-14T09:54:41.097+0000] {dagbag.py:538} INFO - Filling up the DagBag from /home/airflow/.local/lib/python3.8/site-packages/airflow/example_dags/example_kubernetes_executor.py
[2024-02-14T09:54:41.108+0000] {processor.py:840} INFO - DAG(s) 'example_kubernetes_executor' retrieved from /home/airflow/.local/lib/python3.8/site-packages/airflow/example_dags/example_kubernetes_executor.py
[2024-02-14T09:54:41.132+0000] {logging_mixin.py:188} INFO - [2024-02-14T09:54:41.132+0000] {dag.py:3036} INFO - Sync 1 DAGs
[2024-02-14T09:54:41.140+0000] {logging_mixin.py:188} INFO - [2024-02-14T09:54:41.140+0000] {dag.py:3823} INFO - Setting next_dagrun for example_kubernetes_executor to None, run_after=None
[2024-02-14T09:54:41.152+0000] {processor.py:183} INFO - Processing /home/airflow/.local/lib/python3.8/site-packages/airflow/example_dags/example_kubernetes_executor.py took 0.060 seconds
[2024-02-14T09:55:50.573+0000] {processor.py:161} INFO - Started process (PID=68) to work on /home/airflow/.local/lib/python3.8/site-packages/airflow/example_dags/example_kubernetes_executor.py
[2024-02-14T09:55:50.576+0000] {processor.py:830} INFO - Processing file /home/airflow/.local/lib/python3.8/site-packages/airflow/example_dags/example_kubernetes_executor.py for tasks to queue
[2024-02-14T09:55:50.581+0000] {logging_mixin.py:188} INFO - [2024-02-14T09:55:50.581+0000] {dagbag.py:538} INFO - Filling up the DagBag from /home/airflow/.local/lib/python3.8/site-packages/airflow/example_dags/example_kubernetes_executor.py
[2024-02-14T09:55:50.608+0000] {processor.py:840} INFO - DAG(s) 'example_kubernetes_executor' retrieved from /home/airflow/.local/lib/python3.8/site-packages/airflow/example_dags/example_kubernetes_executor.py
[2024-02-14T09:55:50.623+0000] {logging_mixin.py:188} INFO - [2024-02-14T09:55:50.622+0000] {dag.py:3036} INFO - Sync 1 DAGs
[2024-02-14T09:55:50.638+0000] {logging_mixin.py:188} INFO - [2024-02-14T09:55:50.638+0000] {dag.py:3823} INFO - Setting next_dagrun for example_kubernetes_executor to None, run_after=None
[2024-02-14T09:55:50.664+0000] {processor.py:183} INFO - Processing /home/airflow/.local/lib/python3.8/site-packages/airflow/example_dags/example_kubernetes_executor.py took 0.095 seconds
[2024-02-14T09:56:21.112+0000] {processor.py:161} INFO - Started process (PID=130) to work on /home/airflow/.local/lib/python3.8/site-packages/airflow/example_dags/example_kubernetes_executor.py
[2024-02-14T09:56:21.116+0000] {processor.py:830} INFO - Processing file /home/airflow/.local/lib/python3.8/site-packages/airflow/example_dags/example_kubernetes_executor.py for tasks to queue
[2024-02-14T09:56:21.121+0000] {logging_mixin.py:188} INFO - [2024-02-14T09:56:21.120+0000] {dagbag.py:538} INFO - Filling up the DagBag from /home/airflow/.local/lib/python3.8/site-packages/airflow/example_dags/example_kubernetes_executor.py
[2024-02-14T09:56:21.136+0000] {processor.py:840} INFO - DAG(s) 'example_kubernetes_executor' retrieved from /home/airflow/.local/lib/python3.8/site-packages/airflow/example_dags/example_kubernetes_executor.py
[2024-02-14T09:56:21.248+0000] {logging_mixin.py:188} INFO - [2024-02-14T09:56:21.248+0000] {dag.py:3036} INFO - Sync 1 DAGs
[2024-02-14T09:56:21.260+0000] {logging_mixin.py:188} INFO - [2024-02-14T09:56:21.259+0000] {dag.py:3823} INFO - Setting next_dagrun for example_kubernetes_executor to None, run_after=None
[2024-02-14T09:56:21.285+0000] {processor.py:183} INFO - Processing /home/airflow/.local/lib/python3.8/site-packages/airflow/example_dags/example_kubernetes_executor.py took 0.179 seconds
[2024-02-14T09:56:52.238+0000] {processor.py:161} INFO - Started process (PID=187) to work on /home/airflow/.local/lib/python3.8/site-packages/airflow/example_dags/example_kubernetes_executor.py
[2024-02-14T09:56:52.244+0000] {processor.py:830} INFO - Processing file /home/airflow/.local/lib/python3.8/site-packages/airflow/example_dags/example_kubernetes_executor.py for tasks to queue
[2024-02-14T09:56:52.267+0000] {logging_mixin.py:188} INFO - [2024-02-14T09:56:52.266+0000] {dagbag.py:538} INFO - Filling up the DagBag from /home/airflow/.local/lib/python3.8/site-packages/airflow/example_dags/example_kubernetes_executor.py
[2024-02-14T09:56:52.305+0000] {processor.py:840} INFO - DAG(s) 'example_kubernetes_executor' retrieved from /home/airflow/.local/lib/python3.8/site-packages/airflow/example_dags/example_kubernetes_executor.py
[2024-02-14T09:56:52.382+0000] {logging_mixin.py:188} INFO - [2024-02-14T09:56:52.382+0000] {dag.py:3036} INFO - Sync 1 DAGs
[2024-02-14T09:56:52.405+0000] {logging_mixin.py:188} INFO - [2024-02-14T09:56:52.405+0000] {dag.py:3823} INFO - Setting next_dagrun for example_kubernetes_executor to None, run_after=None
[2024-02-14T09:56:52.464+0000] {processor.py:183} INFO - Processing /home/airflow/.local/lib/python3.8/site-packages/airflow/example_dags/example_kubernetes_executor.py took 0.231 seconds
[2024-02-14T09:57:22.620+0000] {processor.py:161} INFO - Started process (PID=244) to work on /home/airflow/.local/lib/python3.8/site-packages/airflow/example_dags/example_kubernetes_executor.py
[2024-02-14T09:57:22.622+0000] {processor.py:830} INFO - Processing file /home/airflow/.local/lib/python3.8/site-packages/airflow/example_dags/example_kubernetes_executor.py for tasks to queue
[2024-02-14T09:57:22.624+0000] {logging_mixin.py:188} INFO - [2024-02-14T09:57:22.624+0000] {dagbag.py:538} INFO - Filling up the DagBag from /home/airflow/.local/lib/python3.8/site-packages/airflow/example_dags/example_kubernetes_executor.py
[2024-02-14T09:57:22.633+0000] {processor.py:840} INFO - DAG(s) 'example_kubernetes_executor' retrieved from /home/airflow/.local/lib/python3.8/site-packages/airflow/example_dags/example_kubernetes_executor.py
[2024-02-14T09:57:22.657+0000] {logging_mixin.py:188} INFO - [2024-02-14T09:57:22.657+0000] {dag.py:3036} INFO - Sync 1 DAGs
[2024-02-14T09:57:22.665+0000] {logging_mixin.py:188} INFO - [2024-02-14T09:57:22.665+0000] {dag.py:3823} INFO - Setting next_dagrun for example_kubernetes_executor to None, run_after=None
[2024-02-14T09:57:22.677+0000] {processor.py:183} INFO - Processing /home/airflow/.local/lib/python3.8/site-packages/airflow/example_dags/example_kubernetes_executor.py took 0.059 seconds
[2024-02-14T09:57:53.256+0000] {processor.py:161} INFO - Started process (PID=302) to work on /home/airflow/.local/lib/python3.8/site-packages/airflow/example_dags/example_kubernetes_executor.py
[2024-02-14T09:57:53.257+0000] {processor.py:830} INFO - Processing file /home/airflow/.local/lib/python3.8/site-packages/airflow/example_dags/example_kubernetes_executor.py for tasks to queue
[2024-02-14T09:57:53.261+0000] {logging_mixin.py:188} INFO - [2024-02-14T09:57:53.261+0000] {dagbag.py:538} INFO - Filling up the DagBag from /home/airflow/.local/lib/python3.8/site-packages/airflow/example_dags/example_kubernetes_executor.py
[2024-02-14T09:57:53.271+0000] {processor.py:840} INFO - DAG(s) 'example_kubernetes_executor' retrieved from /home/airflow/.local/lib/python3.8/site-packages/airflow/example_dags/example_kubernetes_executor.py
[2024-02-14T09:57:53.295+0000] {logging_mixin.py:188} INFO - [2024-02-14T09:57:53.295+0000] {dag.py:3036} INFO - Sync 1 DAGs
[2024-02-14T09:57:53.303+0000] {logging_mixin.py:188} INFO - [2024-02-14T09:57:53.303+0000] {dag.py:3823} INFO - Setting next_dagrun for example_kubernetes_executor to None, run_after=None
[2024-02-14T09:57:53.317+0000] {processor.py:183} INFO - Processing /home/airflow/.local/lib/python3.8/site-packages/airflow/example_dags/example_kubernetes_executor.py took 0.064 seconds
[2024-02-14T09:58:23.620+0000] {processor.py:161} INFO - Started process (PID=359) to work on /home/airflow/.local/lib/python3.8/site-packages/airflow/example_dags/example_kubernetes_executor.py
[2024-02-14T09:58:23.622+0000] {processor.py:830} INFO - Processing file /home/airflow/.local/lib/python3.8/site-packages/airflow/example_dags/example_kubernetes_executor.py for tasks to queue
[2024-02-14T09:58:23.623+0000] {logging_mixin.py:188} INFO - [2024-02-14T09:58:23.623+0000] {dagbag.py:538} INFO - Filling up the DagBag from /home/airflow/.local/lib/python3.8/site-packages/airflow/example_dags/example_kubernetes_executor.py
[2024-02-14T09:58:23.632+0000] {processor.py:840} INFO - DAG(s) 'example_kubernetes_executor' retrieved from /home/airflow/.local/lib/python3.8/site-packages/airflow/example_dags/example_kubernetes_executor.py
[2024-02-14T09:58:23.656+0000] {logging_mixin.py:188} INFO - [2024-02-14T09:58:23.656+0000] {dag.py:3036} INFO - Sync 1 DAGs
[2024-02-14T09:58:23.664+0000] {logging_mixin.py:188} INFO - [2024-02-14T09:58:23.663+0000] {dag.py:3823} INFO - Setting next_dagrun for example_kubernetes_executor to None, run_after=None
[2024-02-14T09:58:23.675+0000] {processor.py:183} INFO - Processing /home/airflow/.local/lib/python3.8/site-packages/airflow/example_dags/example_kubernetes_executor.py took 0.057 seconds
[2024-02-14T09:58:54.667+0000] {processor.py:161} INFO - Started process (PID=418) to work on /home/airflow/.local/lib/python3.8/site-packages/airflow/example_dags/example_kubernetes_executor.py
[2024-02-14T09:58:54.669+0000] {processor.py:830} INFO - Processing file /home/airflow/.local/lib/python3.8/site-packages/airflow/example_dags/example_kubernetes_executor.py for tasks to queue
[2024-02-14T09:58:54.671+0000] {logging_mixin.py:188} INFO - [2024-02-14T09:58:54.671+0000] {dagbag.py:538} INFO - Filling up the DagBag from /home/airflow/.local/lib/python3.8/site-packages/airflow/example_dags/example_kubernetes_executor.py
[2024-02-14T09:58:54.682+0000] {processor.py:840} INFO - DAG(s) 'example_kubernetes_executor' retrieved from /home/airflow/.local/lib/python3.8/site-packages/airflow/example_dags/example_kubernetes_executor.py
[2024-02-14T09:58:54.708+0000] {logging_mixin.py:188} INFO - [2024-02-14T09:58:54.708+0000] {dag.py:3036} INFO - Sync 1 DAGs
[2024-02-14T09:58:54.716+0000] {logging_mixin.py:188} INFO - [2024-02-14T09:58:54.716+0000] {dag.py:3823} INFO - Setting next_dagrun for example_kubernetes_executor to None, run_after=None
[2024-02-14T09:58:54.728+0000] {processor.py:183} INFO - Processing /home/airflow/.local/lib/python3.8/site-packages/airflow/example_dags/example_kubernetes_executor.py took 0.063 seconds
[2024-02-14T09:59:24.955+0000] {processor.py:161} INFO - Started process (PID=475) to work on /home/airflow/.local/lib/python3.8/site-packages/airflow/example_dags/example_kubernetes_executor.py
[2024-02-14T09:59:24.957+0000] {processor.py:830} INFO - Processing file /home/airflow/.local/lib/python3.8/site-packages/airflow/example_dags/example_kubernetes_executor.py for tasks to queue
[2024-02-14T09:59:24.959+0000] {logging_mixin.py:188} INFO - [2024-02-14T09:59:24.959+0000] {dagbag.py:538} INFO - Filling up the DagBag from /home/airflow/.local/lib/python3.8/site-packages/airflow/example_dags/example_kubernetes_executor.py
[2024-02-14T09:59:24.968+0000] {processor.py:840} INFO - DAG(s) 'example_kubernetes_executor' retrieved from /home/airflow/.local/lib/python3.8/site-packages/airflow/example_dags/example_kubernetes_executor.py
[2024-02-14T09:59:24.993+0000] {logging_mixin.py:188} INFO - [2024-02-14T09:59:24.993+0000] {dag.py:3036} INFO - Sync 1 DAGs
[2024-02-14T09:59:25.001+0000] {logging_mixin.py:188} INFO - [2024-02-14T09:59:25.001+0000] {dag.py:3823} INFO - Setting next_dagrun for example_kubernetes_executor to None, run_after=None
[2024-02-14T09:59:25.017+0000] {processor.py:183} INFO - Processing /home/airflow/.local/lib/python3.8/site-packages/airflow/example_dags/example_kubernetes_executor.py took 0.064 seconds
[2024-02-14T09:59:55.740+0000] {processor.py:161} INFO - Started process (PID=531) to work on /home/airflow/.local/lib/python3.8/site-packages/airflow/example_dags/example_kubernetes_executor.py
[2024-02-14T09:59:55.741+0000] {processor.py:830} INFO - Processing file /home/airflow/.local/lib/python3.8/site-packages/airflow/example_dags/example_kubernetes_executor.py for tasks to queue
[2024-02-14T09:59:55.743+0000] {logging_mixin.py:188} INFO - [2024-02-14T09:59:55.743+0000] {dagbag.py:538} INFO - Filling up the DagBag from /home/airflow/.local/lib/python3.8/site-packages/airflow/example_dags/example_kubernetes_executor.py
[2024-02-14T09:59:55.752+0000] {processor.py:840} INFO - DAG(s) 'example_kubernetes_executor' retrieved from /home/airflow/.local/lib/python3.8/site-packages/airflow/example_dags/example_kubernetes_executor.py
[2024-02-14T09:59:55.778+0000] {logging_mixin.py:188} INFO - [2024-02-14T09:59:55.778+0000] {dag.py:3036} INFO - Sync 1 DAGs
[2024-02-14T09:59:55.786+0000] {logging_mixin.py:188} INFO - [2024-02-14T09:59:55.786+0000] {dag.py:3823} INFO - Setting next_dagrun for example_kubernetes_executor to None, run_after=None
[2024-02-14T09:59:55.800+0000] {processor.py:183} INFO - Processing /home/airflow/.local/lib/python3.8/site-packages/airflow/example_dags/example_kubernetes_executor.py took 0.063 seconds
[2024-02-14T10:00:26.156+0000] {processor.py:161} INFO - Started process (PID=588) to work on /home/airflow/.local/lib/python3.8/site-packages/airflow/example_dags/example_kubernetes_executor.py
[2024-02-14T10:00:26.160+0000] {processor.py:830} INFO - Processing file /home/airflow/.local/lib/python3.8/site-packages/airflow/example_dags/example_kubernetes_executor.py for tasks to queue
[2024-02-14T10:00:26.162+0000] {logging_mixin.py:188} INFO - [2024-02-14T10:00:26.162+0000] {dagbag.py:538} INFO - Filling up the DagBag from /home/airflow/.local/lib/python3.8/site-packages/airflow/example_dags/example_kubernetes_executor.py
[2024-02-14T10:00:26.173+0000] {processor.py:840} INFO - DAG(s) 'example_kubernetes_executor' retrieved from /home/airflow/.local/lib/python3.8/site-packages/airflow/example_dags/example_kubernetes_executor.py
[2024-02-14T10:00:26.199+0000] {logging_mixin.py:188} INFO - [2024-02-14T10:00:26.198+0000] {dag.py:3036} INFO - Sync 1 DAGs
[2024-02-14T10:00:26.206+0000] {logging_mixin.py:188} INFO - [2024-02-14T10:00:26.206+0000] {dag.py:3823} INFO - Setting next_dagrun for example_kubernetes_executor to None, run_after=None
[2024-02-14T10:00:26.218+0000] {processor.py:183} INFO - Processing /home/airflow/.local/lib/python3.8/site-packages/airflow/example_dags/example_kubernetes_executor.py took 0.064 seconds
[2024-02-14T10:00:56.535+0000] {processor.py:161} INFO - Started process (PID=645) to work on /home/airflow/.local/lib/python3.8/site-packages/airflow/example_dags/example_kubernetes_executor.py
[2024-02-14T10:00:56.537+0000] {processor.py:830} INFO - Processing file /home/airflow/.local/lib/python3.8/site-packages/airflow/example_dags/example_kubernetes_executor.py for tasks to queue
[2024-02-14T10:00:56.540+0000] {logging_mixin.py:188} INFO - [2024-02-14T10:00:56.540+0000] {dagbag.py:538} INFO - Filling up the DagBag from /home/airflow/.local/lib/python3.8/site-packages/airflow/example_dags/example_kubernetes_executor.py
[2024-02-14T10:00:56.553+0000] {processor.py:840} INFO - DAG(s) 'example_kubernetes_executor' retrieved from /home/airflow/.local/lib/python3.8/site-packages/airflow/example_dags/example_kubernetes_executor.py
[2024-02-14T10:00:56.585+0000] {logging_mixin.py:188} INFO - [2024-02-14T10:00:56.585+0000] {dag.py:3036} INFO - Sync 1 DAGs
[2024-02-14T10:00:56.595+0000] {logging_mixin.py:188} INFO - [2024-02-14T10:00:56.595+0000] {dag.py:3823} INFO - Setting next_dagrun for example_kubernetes_executor to None, run_after=None
[2024-02-14T10:00:56.616+0000] {processor.py:183} INFO - Processing /home/airflow/.local/lib/python3.8/site-packages/airflow/example_dags/example_kubernetes_executor.py took 0.084 seconds
[2024-02-14T10:01:27.635+0000] {processor.py:161} INFO - Started process (PID=701) to work on /home/airflow/.local/lib/python3.8/site-packages/airflow/example_dags/example_kubernetes_executor.py
[2024-02-14T10:01:27.638+0000] {processor.py:830} INFO - Processing file /home/airflow/.local/lib/python3.8/site-packages/airflow/example_dags/example_kubernetes_executor.py for tasks to queue
[2024-02-14T10:01:27.645+0000] {logging_mixin.py:188} INFO - [2024-02-14T10:01:27.643+0000] {dagbag.py:538} INFO - Filling up the DagBag from /home/airflow/.local/lib/python3.8/site-packages/airflow/example_dags/example_kubernetes_executor.py
[2024-02-14T10:01:27.661+0000] {processor.py:840} INFO - DAG(s) 'example_kubernetes_executor' retrieved from /home/airflow/.local/lib/python3.8/site-packages/airflow/example_dags/example_kubernetes_executor.py
[2024-02-14T10:01:27.690+0000] {logging_mixin.py:188} INFO - [2024-02-14T10:01:27.690+0000] {dag.py:3036} INFO - Sync 1 DAGs
[2024-02-14T10:01:27.700+0000] {logging_mixin.py:188} INFO - [2024-02-14T10:01:27.699+0000] {dag.py:3823} INFO - Setting next_dagrun for example_kubernetes_executor to None, run_after=None
[2024-02-14T10:01:27.714+0000] {processor.py:183} INFO - Processing /home/airflow/.local/lib/python3.8/site-packages/airflow/example_dags/example_kubernetes_executor.py took 0.085 seconds
[2024-02-14T10:01:58.584+0000] {processor.py:161} INFO - Started process (PID=758) to work on /home/airflow/.local/lib/python3.8/site-packages/airflow/example_dags/example_kubernetes_executor.py
[2024-02-14T10:01:58.587+0000] {processor.py:830} INFO - Processing file /home/airflow/.local/lib/python3.8/site-packages/airflow/example_dags/example_kubernetes_executor.py for tasks to queue
[2024-02-14T10:01:58.589+0000] {logging_mixin.py:188} INFO - [2024-02-14T10:01:58.589+0000] {dagbag.py:538} INFO - Filling up the DagBag from /home/airflow/.local/lib/python3.8/site-packages/airflow/example_dags/example_kubernetes_executor.py
[2024-02-14T10:01:58.614+0000] {processor.py:840} INFO - DAG(s) 'example_kubernetes_executor' retrieved from /home/airflow/.local/lib/python3.8/site-packages/airflow/example_dags/example_kubernetes_executor.py
[2024-02-14T10:01:58.646+0000] {logging_mixin.py:188} INFO - [2024-02-14T10:01:58.646+0000] {dag.py:3036} INFO - Sync 1 DAGs
[2024-02-14T10:01:58.657+0000] {logging_mixin.py:188} INFO - [2024-02-14T10:01:58.657+0000] {dag.py:3823} INFO - Setting next_dagrun for example_kubernetes_executor to None, run_after=None
[2024-02-14T10:01:58.673+0000] {processor.py:183} INFO - Processing /home/airflow/.local/lib/python3.8/site-packages/airflow/example_dags/example_kubernetes_executor.py took 0.093 seconds
[2024-02-14T10:02:29.199+0000] {processor.py:161} INFO - Started process (PID=815) to work on /home/airflow/.local/lib/python3.8/site-packages/airflow/example_dags/example_kubernetes_executor.py
[2024-02-14T10:02:29.201+0000] {processor.py:830} INFO - Processing file /home/airflow/.local/lib/python3.8/site-packages/airflow/example_dags/example_kubernetes_executor.py for tasks to queue
[2024-02-14T10:02:29.203+0000] {logging_mixin.py:188} INFO - [2024-02-14T10:02:29.202+0000] {dagbag.py:538} INFO - Filling up the DagBag from /home/airflow/.local/lib/python3.8/site-packages/airflow/example_dags/example_kubernetes_executor.py
[2024-02-14T10:02:29.215+0000] {processor.py:840} INFO - DAG(s) 'example_kubernetes_executor' retrieved from /home/airflow/.local/lib/python3.8/site-packages/airflow/example_dags/example_kubernetes_executor.py
[2024-02-14T10:02:29.246+0000] {logging_mixin.py:188} INFO - [2024-02-14T10:02:29.245+0000] {dag.py:3036} INFO - Sync 1 DAGs
[2024-02-14T10:02:29.258+0000] {logging_mixin.py:188} INFO - [2024-02-14T10:02:29.258+0000] {dag.py:3823} INFO - Setting next_dagrun for example_kubernetes_executor to None, run_after=None
[2024-02-14T10:02:29.273+0000] {processor.py:183} INFO - Processing /home/airflow/.local/lib/python3.8/site-packages/airflow/example_dags/example_kubernetes_executor.py took 0.077 seconds
[2024-02-14T10:02:59.964+0000] {processor.py:161} INFO - Started process (PID=874) to work on /home/airflow/.local/lib/python3.8/site-packages/airflow/example_dags/example_kubernetes_executor.py
[2024-02-14T10:02:59.966+0000] {processor.py:830} INFO - Processing file /home/airflow/.local/lib/python3.8/site-packages/airflow/example_dags/example_kubernetes_executor.py for tasks to queue
[2024-02-14T10:02:59.969+0000] {logging_mixin.py:188} INFO - [2024-02-14T10:02:59.968+0000] {dagbag.py:538} INFO - Filling up the DagBag from /home/airflow/.local/lib/python3.8/site-packages/airflow/example_dags/example_kubernetes_executor.py
[2024-02-14T10:02:59.979+0000] {processor.py:840} INFO - DAG(s) 'example_kubernetes_executor' retrieved from /home/airflow/.local/lib/python3.8/site-packages/airflow/example_dags/example_kubernetes_executor.py
[2024-02-14T10:03:00.007+0000] {logging_mixin.py:188} INFO - [2024-02-14T10:03:00.006+0000] {dag.py:3036} INFO - Sync 1 DAGs
[2024-02-14T10:03:00.015+0000] {logging_mixin.py:188} INFO - [2024-02-14T10:03:00.015+0000] {dag.py:3823} INFO - Setting next_dagrun for example_kubernetes_executor to None, run_after=None
[2024-02-14T10:03:00.033+0000] {processor.py:183} INFO - Processing /home/airflow/.local/lib/python3.8/site-packages/airflow/example_dags/example_kubernetes_executor.py took 0.071 seconds
