[2024-02-14T09:34:20.586+0000] {processor.py:161} INFO - Started process (PID=78) to work on /home/airflow/.local/lib/python3.8/site-packages/airflow/example_dags/example_external_task_marker_dag.py
[2024-02-14T09:34:20.588+0000] {processor.py:830} INFO - Processing file /home/airflow/.local/lib/python3.8/site-packages/airflow/example_dags/example_external_task_marker_dag.py for tasks to queue
[2024-02-14T09:34:20.590+0000] {logging_mixin.py:188} INFO - [2024-02-14T09:34:20.590+0000] {dagbag.py:538} INFO - Filling up the DagBag from /home/airflow/.local/lib/python3.8/site-packages/airflow/example_dags/example_external_task_marker_dag.py
[2024-02-14T09:34:20.596+0000] {processor.py:840} INFO - DAG(s) 'example_external_task_marker_parent', 'example_external_task_marker_child' retrieved from /home/airflow/.local/lib/python3.8/site-packages/airflow/example_dags/example_external_task_marker_dag.py
[2024-02-14T09:34:20.610+0000] {logging_mixin.py:188} INFO - [2024-02-14T09:34:20.610+0000] {dag.py:3036} INFO - Sync 2 DAGs
[2024-02-14T09:34:20.622+0000] {logging_mixin.py:188} INFO - [2024-02-14T09:34:20.622+0000] {dag.py:3823} INFO - Setting next_dagrun for example_external_task_marker_child to None, run_after=None
[2024-02-14T09:34:20.626+0000] {logging_mixin.py:188} INFO - [2024-02-14T09:34:20.626+0000] {dag.py:3823} INFO - Setting next_dagrun for example_external_task_marker_parent to None, run_after=None
[2024-02-14T09:34:20.644+0000] {processor.py:183} INFO - Processing /home/airflow/.local/lib/python3.8/site-packages/airflow/example_dags/example_external_task_marker_dag.py took 0.061 seconds
[2024-02-14T09:34:50.869+0000] {processor.py:161} INFO - Started process (PID=135) to work on /home/airflow/.local/lib/python3.8/site-packages/airflow/example_dags/example_external_task_marker_dag.py
[2024-02-14T09:34:50.871+0000] {processor.py:830} INFO - Processing file /home/airflow/.local/lib/python3.8/site-packages/airflow/example_dags/example_external_task_marker_dag.py for tasks to queue
[2024-02-14T09:34:50.873+0000] {logging_mixin.py:188} INFO - [2024-02-14T09:34:50.873+0000] {dagbag.py:538} INFO - Filling up the DagBag from /home/airflow/.local/lib/python3.8/site-packages/airflow/example_dags/example_external_task_marker_dag.py
[2024-02-14T09:34:50.878+0000] {processor.py:840} INFO - DAG(s) 'example_external_task_marker_child', 'example_external_task_marker_parent' retrieved from /home/airflow/.local/lib/python3.8/site-packages/airflow/example_dags/example_external_task_marker_dag.py
[2024-02-14T09:34:50.943+0000] {logging_mixin.py:188} INFO - [2024-02-14T09:34:50.942+0000] {dag.py:3036} INFO - Sync 2 DAGs
[2024-02-14T09:34:50.950+0000] {logging_mixin.py:188} INFO - [2024-02-14T09:34:50.950+0000] {dag.py:3823} INFO - Setting next_dagrun for example_external_task_marker_child to None, run_after=None
[2024-02-14T09:34:50.953+0000] {logging_mixin.py:188} INFO - [2024-02-14T09:34:50.953+0000] {dag.py:3823} INFO - Setting next_dagrun for example_external_task_marker_parent to None, run_after=None
[2024-02-14T09:34:50.968+0000] {processor.py:183} INFO - Processing /home/airflow/.local/lib/python3.8/site-packages/airflow/example_dags/example_external_task_marker_dag.py took 0.102 seconds
[2024-02-14T09:35:21.630+0000] {processor.py:161} INFO - Started process (PID=193) to work on /home/airflow/.local/lib/python3.8/site-packages/airflow/example_dags/example_external_task_marker_dag.py
[2024-02-14T09:35:21.632+0000] {processor.py:830} INFO - Processing file /home/airflow/.local/lib/python3.8/site-packages/airflow/example_dags/example_external_task_marker_dag.py for tasks to queue
[2024-02-14T09:35:21.635+0000] {logging_mixin.py:188} INFO - [2024-02-14T09:35:21.635+0000] {dagbag.py:538} INFO - Filling up the DagBag from /home/airflow/.local/lib/python3.8/site-packages/airflow/example_dags/example_external_task_marker_dag.py
[2024-02-14T09:35:21.641+0000] {processor.py:840} INFO - DAG(s) 'example_external_task_marker_parent', 'example_external_task_marker_child' retrieved from /home/airflow/.local/lib/python3.8/site-packages/airflow/example_dags/example_external_task_marker_dag.py
[2024-02-14T09:35:21.666+0000] {logging_mixin.py:188} INFO - [2024-02-14T09:35:21.665+0000] {dag.py:3036} INFO - Sync 2 DAGs
[2024-02-14T09:35:21.676+0000] {logging_mixin.py:188} INFO - [2024-02-14T09:35:21.676+0000] {dag.py:3823} INFO - Setting next_dagrun for example_external_task_marker_child to None, run_after=None
[2024-02-14T09:35:21.681+0000] {logging_mixin.py:188} INFO - [2024-02-14T09:35:21.681+0000] {dag.py:3823} INFO - Setting next_dagrun for example_external_task_marker_parent to None, run_after=None
[2024-02-14T09:35:21.697+0000] {processor.py:183} INFO - Processing /home/airflow/.local/lib/python3.8/site-packages/airflow/example_dags/example_external_task_marker_dag.py took 0.070 seconds
[2024-02-14T09:35:52.200+0000] {processor.py:161} INFO - Started process (PID=249) to work on /home/airflow/.local/lib/python3.8/site-packages/airflow/example_dags/example_external_task_marker_dag.py
[2024-02-14T09:35:52.202+0000] {processor.py:830} INFO - Processing file /home/airflow/.local/lib/python3.8/site-packages/airflow/example_dags/example_external_task_marker_dag.py for tasks to queue
[2024-02-14T09:35:52.204+0000] {logging_mixin.py:188} INFO - [2024-02-14T09:35:52.203+0000] {dagbag.py:538} INFO - Filling up the DagBag from /home/airflow/.local/lib/python3.8/site-packages/airflow/example_dags/example_external_task_marker_dag.py
[2024-02-14T09:35:52.209+0000] {processor.py:840} INFO - DAG(s) 'example_external_task_marker_child', 'example_external_task_marker_parent' retrieved from /home/airflow/.local/lib/python3.8/site-packages/airflow/example_dags/example_external_task_marker_dag.py
[2024-02-14T09:35:52.226+0000] {logging_mixin.py:188} INFO - [2024-02-14T09:35:52.226+0000] {dag.py:3036} INFO - Sync 2 DAGs
[2024-02-14T09:35:52.237+0000] {logging_mixin.py:188} INFO - [2024-02-14T09:35:52.237+0000] {dag.py:3823} INFO - Setting next_dagrun for example_external_task_marker_child to None, run_after=None
[2024-02-14T09:35:52.240+0000] {logging_mixin.py:188} INFO - [2024-02-14T09:35:52.240+0000] {dag.py:3823} INFO - Setting next_dagrun for example_external_task_marker_parent to None, run_after=None
[2024-02-14T09:35:52.250+0000] {processor.py:183} INFO - Processing /home/airflow/.local/lib/python3.8/site-packages/airflow/example_dags/example_external_task_marker_dag.py took 0.053 seconds
[2024-02-14T09:36:23.175+0000] {processor.py:161} INFO - Started process (PID=304) to work on /home/airflow/.local/lib/python3.8/site-packages/airflow/example_dags/example_external_task_marker_dag.py
[2024-02-14T09:36:23.177+0000] {processor.py:830} INFO - Processing file /home/airflow/.local/lib/python3.8/site-packages/airflow/example_dags/example_external_task_marker_dag.py for tasks to queue
[2024-02-14T09:36:23.180+0000] {logging_mixin.py:188} INFO - [2024-02-14T09:36:23.179+0000] {dagbag.py:538} INFO - Filling up the DagBag from /home/airflow/.local/lib/python3.8/site-packages/airflow/example_dags/example_external_task_marker_dag.py
[2024-02-14T09:36:23.185+0000] {processor.py:840} INFO - DAG(s) 'example_external_task_marker_child', 'example_external_task_marker_parent' retrieved from /home/airflow/.local/lib/python3.8/site-packages/airflow/example_dags/example_external_task_marker_dag.py
[2024-02-14T09:36:23.202+0000] {logging_mixin.py:188} INFO - [2024-02-14T09:36:23.202+0000] {dag.py:3036} INFO - Sync 2 DAGs
[2024-02-14T09:36:23.212+0000] {logging_mixin.py:188} INFO - [2024-02-14T09:36:23.211+0000] {dag.py:3823} INFO - Setting next_dagrun for example_external_task_marker_child to None, run_after=None
[2024-02-14T09:36:23.215+0000] {logging_mixin.py:188} INFO - [2024-02-14T09:36:23.215+0000] {dag.py:3823} INFO - Setting next_dagrun for example_external_task_marker_parent to None, run_after=None
[2024-02-14T09:36:23.226+0000] {processor.py:183} INFO - Processing /home/airflow/.local/lib/python3.8/site-packages/airflow/example_dags/example_external_task_marker_dag.py took 0.054 seconds
[2024-02-14T09:36:53.260+0000] {processor.py:161} INFO - Started process (PID=360) to work on /home/airflow/.local/lib/python3.8/site-packages/airflow/example_dags/example_external_task_marker_dag.py
[2024-02-14T09:36:53.262+0000] {processor.py:830} INFO - Processing file /home/airflow/.local/lib/python3.8/site-packages/airflow/example_dags/example_external_task_marker_dag.py for tasks to queue
[2024-02-14T09:36:53.264+0000] {logging_mixin.py:188} INFO - [2024-02-14T09:36:53.264+0000] {dagbag.py:538} INFO - Filling up the DagBag from /home/airflow/.local/lib/python3.8/site-packages/airflow/example_dags/example_external_task_marker_dag.py
[2024-02-14T09:36:53.268+0000] {processor.py:840} INFO - DAG(s) 'example_external_task_marker_child', 'example_external_task_marker_parent' retrieved from /home/airflow/.local/lib/python3.8/site-packages/airflow/example_dags/example_external_task_marker_dag.py
[2024-02-14T09:36:53.283+0000] {logging_mixin.py:188} INFO - [2024-02-14T09:36:53.283+0000] {dag.py:3036} INFO - Sync 2 DAGs
[2024-02-14T09:36:53.291+0000] {logging_mixin.py:188} INFO - [2024-02-14T09:36:53.290+0000] {dag.py:3823} INFO - Setting next_dagrun for example_external_task_marker_child to None, run_after=None
[2024-02-14T09:36:53.294+0000] {logging_mixin.py:188} INFO - [2024-02-14T09:36:53.294+0000] {dag.py:3823} INFO - Setting next_dagrun for example_external_task_marker_parent to None, run_after=None
[2024-02-14T09:36:53.304+0000] {processor.py:183} INFO - Processing /home/airflow/.local/lib/python3.8/site-packages/airflow/example_dags/example_external_task_marker_dag.py took 0.047 seconds
[2024-02-14T09:37:23.717+0000] {processor.py:161} INFO - Started process (PID=419) to work on /home/airflow/.local/lib/python3.8/site-packages/airflow/example_dags/example_external_task_marker_dag.py
[2024-02-14T09:37:23.719+0000] {processor.py:830} INFO - Processing file /home/airflow/.local/lib/python3.8/site-packages/airflow/example_dags/example_external_task_marker_dag.py for tasks to queue
[2024-02-14T09:37:23.721+0000] {logging_mixin.py:188} INFO - [2024-02-14T09:37:23.720+0000] {dagbag.py:538} INFO - Filling up the DagBag from /home/airflow/.local/lib/python3.8/site-packages/airflow/example_dags/example_external_task_marker_dag.py
[2024-02-14T09:37:23.725+0000] {processor.py:840} INFO - DAG(s) 'example_external_task_marker_parent', 'example_external_task_marker_child' retrieved from /home/airflow/.local/lib/python3.8/site-packages/airflow/example_dags/example_external_task_marker_dag.py
[2024-02-14T09:37:23.742+0000] {logging_mixin.py:188} INFO - [2024-02-14T09:37:23.742+0000] {dag.py:3036} INFO - Sync 2 DAGs
[2024-02-14T09:37:23.751+0000] {logging_mixin.py:188} INFO - [2024-02-14T09:37:23.751+0000] {dag.py:3823} INFO - Setting next_dagrun for example_external_task_marker_child to None, run_after=None
[2024-02-14T09:37:23.755+0000] {logging_mixin.py:188} INFO - [2024-02-14T09:37:23.754+0000] {dag.py:3823} INFO - Setting next_dagrun for example_external_task_marker_parent to None, run_after=None
[2024-02-14T09:37:23.765+0000] {processor.py:183} INFO - Processing /home/airflow/.local/lib/python3.8/site-packages/airflow/example_dags/example_external_task_marker_dag.py took 0.051 seconds
[2024-02-14T09:37:53.992+0000] {processor.py:161} INFO - Started process (PID=475) to work on /home/airflow/.local/lib/python3.8/site-packages/airflow/example_dags/example_external_task_marker_dag.py
[2024-02-14T09:37:53.994+0000] {processor.py:830} INFO - Processing file /home/airflow/.local/lib/python3.8/site-packages/airflow/example_dags/example_external_task_marker_dag.py for tasks to queue
[2024-02-14T09:37:53.996+0000] {logging_mixin.py:188} INFO - [2024-02-14T09:37:53.995+0000] {dagbag.py:538} INFO - Filling up the DagBag from /home/airflow/.local/lib/python3.8/site-packages/airflow/example_dags/example_external_task_marker_dag.py
[2024-02-14T09:37:54.000+0000] {processor.py:840} INFO - DAG(s) 'example_external_task_marker_parent', 'example_external_task_marker_child' retrieved from /home/airflow/.local/lib/python3.8/site-packages/airflow/example_dags/example_external_task_marker_dag.py
[2024-02-14T09:37:54.017+0000] {logging_mixin.py:188} INFO - [2024-02-14T09:37:54.016+0000] {dag.py:3036} INFO - Sync 2 DAGs
[2024-02-14T09:37:54.025+0000] {logging_mixin.py:188} INFO - [2024-02-14T09:37:54.025+0000] {dag.py:3823} INFO - Setting next_dagrun for example_external_task_marker_child to None, run_after=None
[2024-02-14T09:37:54.028+0000] {logging_mixin.py:188} INFO - [2024-02-14T09:37:54.028+0000] {dag.py:3823} INFO - Setting next_dagrun for example_external_task_marker_parent to None, run_after=None
[2024-02-14T09:37:54.038+0000] {processor.py:183} INFO - Processing /home/airflow/.local/lib/python3.8/site-packages/airflow/example_dags/example_external_task_marker_dag.py took 0.048 seconds
[2024-02-14T09:38:24.248+0000] {processor.py:161} INFO - Started process (PID=533) to work on /home/airflow/.local/lib/python3.8/site-packages/airflow/example_dags/example_external_task_marker_dag.py
[2024-02-14T09:38:24.250+0000] {processor.py:830} INFO - Processing file /home/airflow/.local/lib/python3.8/site-packages/airflow/example_dags/example_external_task_marker_dag.py for tasks to queue
[2024-02-14T09:38:24.252+0000] {logging_mixin.py:188} INFO - [2024-02-14T09:38:24.252+0000] {dagbag.py:538} INFO - Filling up the DagBag from /home/airflow/.local/lib/python3.8/site-packages/airflow/example_dags/example_external_task_marker_dag.py
[2024-02-14T09:38:24.257+0000] {processor.py:840} INFO - DAG(s) 'example_external_task_marker_child', 'example_external_task_marker_parent' retrieved from /home/airflow/.local/lib/python3.8/site-packages/airflow/example_dags/example_external_task_marker_dag.py
[2024-02-14T09:38:24.278+0000] {logging_mixin.py:188} INFO - [2024-02-14T09:38:24.278+0000] {dag.py:3036} INFO - Sync 2 DAGs
[2024-02-14T09:38:24.287+0000] {logging_mixin.py:188} INFO - [2024-02-14T09:38:24.287+0000] {dag.py:3823} INFO - Setting next_dagrun for example_external_task_marker_child to None, run_after=None
[2024-02-14T09:38:24.291+0000] {logging_mixin.py:188} INFO - [2024-02-14T09:38:24.291+0000] {dag.py:3823} INFO - Setting next_dagrun for example_external_task_marker_parent to None, run_after=None
[2024-02-14T09:38:24.303+0000] {processor.py:183} INFO - Processing /home/airflow/.local/lib/python3.8/site-packages/airflow/example_dags/example_external_task_marker_dag.py took 0.057 seconds
[2024-02-14T09:38:55.081+0000] {processor.py:161} INFO - Started process (PID=590) to work on /home/airflow/.local/lib/python3.8/site-packages/airflow/example_dags/example_external_task_marker_dag.py
[2024-02-14T09:38:55.083+0000] {processor.py:830} INFO - Processing file /home/airflow/.local/lib/python3.8/site-packages/airflow/example_dags/example_external_task_marker_dag.py for tasks to queue
[2024-02-14T09:38:55.085+0000] {logging_mixin.py:188} INFO - [2024-02-14T09:38:55.085+0000] {dagbag.py:538} INFO - Filling up the DagBag from /home/airflow/.local/lib/python3.8/site-packages/airflow/example_dags/example_external_task_marker_dag.py
[2024-02-14T09:38:55.091+0000] {processor.py:840} INFO - DAG(s) 'example_external_task_marker_parent', 'example_external_task_marker_child' retrieved from /home/airflow/.local/lib/python3.8/site-packages/airflow/example_dags/example_external_task_marker_dag.py
[2024-02-14T09:38:55.113+0000] {logging_mixin.py:188} INFO - [2024-02-14T09:38:55.113+0000] {dag.py:3036} INFO - Sync 2 DAGs
[2024-02-14T09:38:55.123+0000] {logging_mixin.py:188} INFO - [2024-02-14T09:38:55.123+0000] {dag.py:3823} INFO - Setting next_dagrun for example_external_task_marker_child to None, run_after=None
[2024-02-14T09:38:55.126+0000] {logging_mixin.py:188} INFO - [2024-02-14T09:38:55.126+0000] {dag.py:3823} INFO - Setting next_dagrun for example_external_task_marker_parent to None, run_after=None
[2024-02-14T09:38:55.140+0000] {processor.py:183} INFO - Processing /home/airflow/.local/lib/python3.8/site-packages/airflow/example_dags/example_external_task_marker_dag.py took 0.061 seconds
[2024-02-14T09:43:49.945+0000] {processor.py:161} INFO - Started process (PID=74) to work on /home/airflow/.local/lib/python3.8/site-packages/airflow/example_dags/example_external_task_marker_dag.py
[2024-02-14T09:43:49.946+0000] {processor.py:830} INFO - Processing file /home/airflow/.local/lib/python3.8/site-packages/airflow/example_dags/example_external_task_marker_dag.py for tasks to queue
[2024-02-14T09:43:49.949+0000] {logging_mixin.py:188} INFO - [2024-02-14T09:43:49.949+0000] {dagbag.py:538} INFO - Filling up the DagBag from /home/airflow/.local/lib/python3.8/site-packages/airflow/example_dags/example_external_task_marker_dag.py
[2024-02-14T09:43:49.955+0000] {processor.py:840} INFO - DAG(s) 'example_external_task_marker_child', 'example_external_task_marker_parent' retrieved from /home/airflow/.local/lib/python3.8/site-packages/airflow/example_dags/example_external_task_marker_dag.py
[2024-02-14T09:43:49.967+0000] {logging_mixin.py:188} INFO - [2024-02-14T09:43:49.967+0000] {dag.py:3036} INFO - Sync 2 DAGs
[2024-02-14T09:43:49.977+0000] {logging_mixin.py:188} INFO - [2024-02-14T09:43:49.977+0000] {dag.py:3823} INFO - Setting next_dagrun for example_external_task_marker_child to None, run_after=None
[2024-02-14T09:43:49.981+0000] {logging_mixin.py:188} INFO - [2024-02-14T09:43:49.981+0000] {dag.py:3823} INFO - Setting next_dagrun for example_external_task_marker_parent to None, run_after=None
[2024-02-14T09:43:50.000+0000] {processor.py:183} INFO - Processing /home/airflow/.local/lib/python3.8/site-packages/airflow/example_dags/example_external_task_marker_dag.py took 0.058 seconds
[2024-02-14T09:46:39.341+0000] {processor.py:161} INFO - Started process (PID=73) to work on /home/airflow/.local/lib/python3.8/site-packages/airflow/example_dags/example_external_task_marker_dag.py
[2024-02-14T09:46:39.343+0000] {processor.py:830} INFO - Processing file /home/airflow/.local/lib/python3.8/site-packages/airflow/example_dags/example_external_task_marker_dag.py for tasks to queue
[2024-02-14T09:46:39.346+0000] {logging_mixin.py:188} INFO - [2024-02-14T09:46:39.346+0000] {dagbag.py:538} INFO - Filling up the DagBag from /home/airflow/.local/lib/python3.8/site-packages/airflow/example_dags/example_external_task_marker_dag.py
[2024-02-14T09:46:39.352+0000] {processor.py:840} INFO - DAG(s) 'example_external_task_marker_child', 'example_external_task_marker_parent' retrieved from /home/airflow/.local/lib/python3.8/site-packages/airflow/example_dags/example_external_task_marker_dag.py
[2024-02-14T09:46:39.437+0000] {logging_mixin.py:188} INFO - [2024-02-14T09:46:39.437+0000] {override.py:1769} INFO - Created Permission View: can edit on DAG:example_external_task_marker_child
[2024-02-14T09:46:39.449+0000] {logging_mixin.py:188} INFO - [2024-02-14T09:46:39.449+0000] {override.py:1769} INFO - Created Permission View: can read on DAG:example_external_task_marker_child
[2024-02-14T09:46:39.456+0000] {logging_mixin.py:188} INFO - [2024-02-14T09:46:39.456+0000] {override.py:1769} INFO - Created Permission View: can delete on DAG:example_external_task_marker_child
[2024-02-14T09:46:39.467+0000] {logging_mixin.py:188} INFO - [2024-02-14T09:46:39.467+0000] {override.py:1769} INFO - Created Permission View: can edit on DAG:example_external_task_marker_parent
[2024-02-14T09:46:39.474+0000] {logging_mixin.py:188} INFO - [2024-02-14T09:46:39.474+0000] {override.py:1769} INFO - Created Permission View: can read on DAG:example_external_task_marker_parent
[2024-02-14T09:46:39.481+0000] {logging_mixin.py:188} INFO - [2024-02-14T09:46:39.481+0000] {override.py:1769} INFO - Created Permission View: can delete on DAG:example_external_task_marker_parent
[2024-02-14T09:46:39.483+0000] {logging_mixin.py:188} INFO - [2024-02-14T09:46:39.482+0000] {dag.py:3036} INFO - Sync 2 DAGs
[2024-02-14T09:46:39.490+0000] {logging_mixin.py:188} INFO - [2024-02-14T09:46:39.490+0000] {dag.py:3058} INFO - Creating ORM DAG for example_external_task_marker_child
[2024-02-14T09:46:39.492+0000] {logging_mixin.py:188} INFO - [2024-02-14T09:46:39.491+0000] {dag.py:3058} INFO - Creating ORM DAG for example_external_task_marker_parent
[2024-02-14T09:46:39.493+0000] {logging_mixin.py:188} INFO - [2024-02-14T09:46:39.493+0000] {dag.py:3823} INFO - Setting next_dagrun for example_external_task_marker_child to None, run_after=None
[2024-02-14T09:46:39.495+0000] {logging_mixin.py:188} INFO - [2024-02-14T09:46:39.495+0000] {dag.py:3823} INFO - Setting next_dagrun for example_external_task_marker_parent to None, run_after=None
[2024-02-14T09:46:39.509+0000] {processor.py:183} INFO - Processing /home/airflow/.local/lib/python3.8/site-packages/airflow/example_dags/example_external_task_marker_dag.py took 0.170 seconds
[2024-02-14T09:47:09.820+0000] {processor.py:161} INFO - Started process (PID=128) to work on /home/airflow/.local/lib/python3.8/site-packages/airflow/example_dags/example_external_task_marker_dag.py
[2024-02-14T09:47:09.822+0000] {processor.py:830} INFO - Processing file /home/airflow/.local/lib/python3.8/site-packages/airflow/example_dags/example_external_task_marker_dag.py for tasks to queue
[2024-02-14T09:47:09.826+0000] {logging_mixin.py:188} INFO - [2024-02-14T09:47:09.826+0000] {dagbag.py:538} INFO - Filling up the DagBag from /home/airflow/.local/lib/python3.8/site-packages/airflow/example_dags/example_external_task_marker_dag.py
[2024-02-14T09:47:09.831+0000] {processor.py:840} INFO - DAG(s) 'example_external_task_marker_parent', 'example_external_task_marker_child' retrieved from /home/airflow/.local/lib/python3.8/site-packages/airflow/example_dags/example_external_task_marker_dag.py
[2024-02-14T09:47:09.847+0000] {logging_mixin.py:188} INFO - [2024-02-14T09:47:09.847+0000] {dag.py:3036} INFO - Sync 2 DAGs
[2024-02-14T09:47:09.858+0000] {logging_mixin.py:188} INFO - [2024-02-14T09:47:09.858+0000] {dag.py:3823} INFO - Setting next_dagrun for example_external_task_marker_child to None, run_after=None
[2024-02-14T09:47:09.861+0000] {logging_mixin.py:188} INFO - [2024-02-14T09:47:09.861+0000] {dag.py:3823} INFO - Setting next_dagrun for example_external_task_marker_parent to None, run_after=None
[2024-02-14T09:47:09.875+0000] {processor.py:183} INFO - Processing /home/airflow/.local/lib/python3.8/site-packages/airflow/example_dags/example_external_task_marker_dag.py took 0.058 seconds
[2024-02-14T09:47:40.459+0000] {processor.py:161} INFO - Started process (PID=186) to work on /home/airflow/.local/lib/python3.8/site-packages/airflow/example_dags/example_external_task_marker_dag.py
[2024-02-14T09:47:40.462+0000] {processor.py:830} INFO - Processing file /home/airflow/.local/lib/python3.8/site-packages/airflow/example_dags/example_external_task_marker_dag.py for tasks to queue
[2024-02-14T09:47:40.467+0000] {logging_mixin.py:188} INFO - [2024-02-14T09:47:40.467+0000] {dagbag.py:538} INFO - Filling up the DagBag from /home/airflow/.local/lib/python3.8/site-packages/airflow/example_dags/example_external_task_marker_dag.py
[2024-02-14T09:47:40.473+0000] {processor.py:840} INFO - DAG(s) 'example_external_task_marker_parent', 'example_external_task_marker_child' retrieved from /home/airflow/.local/lib/python3.8/site-packages/airflow/example_dags/example_external_task_marker_dag.py
[2024-02-14T09:47:40.497+0000] {logging_mixin.py:188} INFO - [2024-02-14T09:47:40.496+0000] {dag.py:3036} INFO - Sync 2 DAGs
[2024-02-14T09:47:40.507+0000] {logging_mixin.py:188} INFO - [2024-02-14T09:47:40.507+0000] {dag.py:3823} INFO - Setting next_dagrun for example_external_task_marker_child to None, run_after=None
[2024-02-14T09:47:40.511+0000] {logging_mixin.py:188} INFO - [2024-02-14T09:47:40.511+0000] {dag.py:3823} INFO - Setting next_dagrun for example_external_task_marker_parent to None, run_after=None
[2024-02-14T09:47:40.527+0000] {processor.py:183} INFO - Processing /home/airflow/.local/lib/python3.8/site-packages/airflow/example_dags/example_external_task_marker_dag.py took 0.072 seconds
[2024-02-14T09:48:11.049+0000] {processor.py:161} INFO - Started process (PID=244) to work on /home/airflow/.local/lib/python3.8/site-packages/airflow/example_dags/example_external_task_marker_dag.py
[2024-02-14T09:48:11.051+0000] {processor.py:830} INFO - Processing file /home/airflow/.local/lib/python3.8/site-packages/airflow/example_dags/example_external_task_marker_dag.py for tasks to queue
[2024-02-14T09:48:11.053+0000] {logging_mixin.py:188} INFO - [2024-02-14T09:48:11.053+0000] {dagbag.py:538} INFO - Filling up the DagBag from /home/airflow/.local/lib/python3.8/site-packages/airflow/example_dags/example_external_task_marker_dag.py
[2024-02-14T09:48:11.060+0000] {processor.py:840} INFO - DAG(s) 'example_external_task_marker_parent', 'example_external_task_marker_child' retrieved from /home/airflow/.local/lib/python3.8/site-packages/airflow/example_dags/example_external_task_marker_dag.py
[2024-02-14T09:48:11.077+0000] {logging_mixin.py:188} INFO - [2024-02-14T09:48:11.077+0000] {dag.py:3036} INFO - Sync 2 DAGs
[2024-02-14T09:48:11.084+0000] {logging_mixin.py:188} INFO - [2024-02-14T09:48:11.084+0000] {dag.py:3823} INFO - Setting next_dagrun for example_external_task_marker_child to None, run_after=None
[2024-02-14T09:48:11.088+0000] {logging_mixin.py:188} INFO - [2024-02-14T09:48:11.088+0000] {dag.py:3823} INFO - Setting next_dagrun for example_external_task_marker_parent to None, run_after=None
[2024-02-14T09:48:11.098+0000] {processor.py:183} INFO - Processing /home/airflow/.local/lib/python3.8/site-packages/airflow/example_dags/example_external_task_marker_dag.py took 0.053 seconds
[2024-02-14T09:48:41.465+0000] {processor.py:161} INFO - Started process (PID=304) to work on /home/airflow/.local/lib/python3.8/site-packages/airflow/example_dags/example_external_task_marker_dag.py
[2024-02-14T09:48:41.466+0000] {processor.py:830} INFO - Processing file /home/airflow/.local/lib/python3.8/site-packages/airflow/example_dags/example_external_task_marker_dag.py for tasks to queue
[2024-02-14T09:48:41.468+0000] {logging_mixin.py:188} INFO - [2024-02-14T09:48:41.468+0000] {dagbag.py:538} INFO - Filling up the DagBag from /home/airflow/.local/lib/python3.8/site-packages/airflow/example_dags/example_external_task_marker_dag.py
[2024-02-14T09:48:41.474+0000] {processor.py:840} INFO - DAG(s) 'example_external_task_marker_parent', 'example_external_task_marker_child' retrieved from /home/airflow/.local/lib/python3.8/site-packages/airflow/example_dags/example_external_task_marker_dag.py
[2024-02-14T09:48:41.493+0000] {logging_mixin.py:188} INFO - [2024-02-14T09:48:41.493+0000] {dag.py:3036} INFO - Sync 2 DAGs
[2024-02-14T09:48:41.501+0000] {logging_mixin.py:188} INFO - [2024-02-14T09:48:41.501+0000] {dag.py:3823} INFO - Setting next_dagrun for example_external_task_marker_child to None, run_after=None
[2024-02-14T09:48:41.505+0000] {logging_mixin.py:188} INFO - [2024-02-14T09:48:41.505+0000] {dag.py:3823} INFO - Setting next_dagrun for example_external_task_marker_parent to None, run_after=None
[2024-02-14T09:48:41.516+0000] {processor.py:183} INFO - Processing /home/airflow/.local/lib/python3.8/site-packages/airflow/example_dags/example_external_task_marker_dag.py took 0.054 seconds
[2024-02-14T09:49:12.038+0000] {processor.py:161} INFO - Started process (PID=360) to work on /home/airflow/.local/lib/python3.8/site-packages/airflow/example_dags/example_external_task_marker_dag.py
[2024-02-14T09:49:12.040+0000] {processor.py:830} INFO - Processing file /home/airflow/.local/lib/python3.8/site-packages/airflow/example_dags/example_external_task_marker_dag.py for tasks to queue
[2024-02-14T09:49:12.042+0000] {logging_mixin.py:188} INFO - [2024-02-14T09:49:12.042+0000] {dagbag.py:538} INFO - Filling up the DagBag from /home/airflow/.local/lib/python3.8/site-packages/airflow/example_dags/example_external_task_marker_dag.py
[2024-02-14T09:49:12.048+0000] {processor.py:840} INFO - DAG(s) 'example_external_task_marker_child', 'example_external_task_marker_parent' retrieved from /home/airflow/.local/lib/python3.8/site-packages/airflow/example_dags/example_external_task_marker_dag.py
[2024-02-14T09:49:12.070+0000] {logging_mixin.py:188} INFO - [2024-02-14T09:49:12.070+0000] {dag.py:3036} INFO - Sync 2 DAGs
[2024-02-14T09:49:12.080+0000] {logging_mixin.py:188} INFO - [2024-02-14T09:49:12.080+0000] {dag.py:3823} INFO - Setting next_dagrun for example_external_task_marker_child to None, run_after=None
[2024-02-14T09:49:12.087+0000] {logging_mixin.py:188} INFO - [2024-02-14T09:49:12.086+0000] {dag.py:3823} INFO - Setting next_dagrun for example_external_task_marker_parent to None, run_after=None
[2024-02-14T09:49:12.100+0000] {processor.py:183} INFO - Processing /home/airflow/.local/lib/python3.8/site-packages/airflow/example_dags/example_external_task_marker_dag.py took 0.064 seconds
[2024-02-14T09:49:42.960+0000] {processor.py:161} INFO - Started process (PID=416) to work on /home/airflow/.local/lib/python3.8/site-packages/airflow/example_dags/example_external_task_marker_dag.py
[2024-02-14T09:49:42.962+0000] {processor.py:830} INFO - Processing file /home/airflow/.local/lib/python3.8/site-packages/airflow/example_dags/example_external_task_marker_dag.py for tasks to queue
[2024-02-14T09:49:42.964+0000] {logging_mixin.py:188} INFO - [2024-02-14T09:49:42.964+0000] {dagbag.py:538} INFO - Filling up the DagBag from /home/airflow/.local/lib/python3.8/site-packages/airflow/example_dags/example_external_task_marker_dag.py
[2024-02-14T09:49:42.969+0000] {processor.py:840} INFO - DAG(s) 'example_external_task_marker_parent', 'example_external_task_marker_child' retrieved from /home/airflow/.local/lib/python3.8/site-packages/airflow/example_dags/example_external_task_marker_dag.py
[2024-02-14T09:49:42.986+0000] {logging_mixin.py:188} INFO - [2024-02-14T09:49:42.986+0000] {dag.py:3036} INFO - Sync 2 DAGs
[2024-02-14T09:49:42.994+0000] {logging_mixin.py:188} INFO - [2024-02-14T09:49:42.994+0000] {dag.py:3823} INFO - Setting next_dagrun for example_external_task_marker_child to None, run_after=None
[2024-02-14T09:49:42.997+0000] {logging_mixin.py:188} INFO - [2024-02-14T09:49:42.997+0000] {dag.py:3823} INFO - Setting next_dagrun for example_external_task_marker_parent to None, run_after=None
[2024-02-14T09:49:43.010+0000] {processor.py:183} INFO - Processing /home/airflow/.local/lib/python3.8/site-packages/airflow/example_dags/example_external_task_marker_dag.py took 0.053 seconds
[2024-02-14T09:50:13.458+0000] {processor.py:161} INFO - Started process (PID=474) to work on /home/airflow/.local/lib/python3.8/site-packages/airflow/example_dags/example_external_task_marker_dag.py
[2024-02-14T09:50:13.460+0000] {processor.py:830} INFO - Processing file /home/airflow/.local/lib/python3.8/site-packages/airflow/example_dags/example_external_task_marker_dag.py for tasks to queue
[2024-02-14T09:50:13.461+0000] {logging_mixin.py:188} INFO - [2024-02-14T09:50:13.461+0000] {dagbag.py:538} INFO - Filling up the DagBag from /home/airflow/.local/lib/python3.8/site-packages/airflow/example_dags/example_external_task_marker_dag.py
[2024-02-14T09:50:13.466+0000] {processor.py:840} INFO - DAG(s) 'example_external_task_marker_parent', 'example_external_task_marker_child' retrieved from /home/airflow/.local/lib/python3.8/site-packages/airflow/example_dags/example_external_task_marker_dag.py
[2024-02-14T09:50:13.484+0000] {logging_mixin.py:188} INFO - [2024-02-14T09:50:13.484+0000] {dag.py:3036} INFO - Sync 2 DAGs
[2024-02-14T09:50:13.493+0000] {logging_mixin.py:188} INFO - [2024-02-14T09:50:13.493+0000] {dag.py:3823} INFO - Setting next_dagrun for example_external_task_marker_child to None, run_after=None
[2024-02-14T09:50:13.496+0000] {logging_mixin.py:188} INFO - [2024-02-14T09:50:13.496+0000] {dag.py:3823} INFO - Setting next_dagrun for example_external_task_marker_parent to None, run_after=None
[2024-02-14T09:50:13.506+0000] {processor.py:183} INFO - Processing /home/airflow/.local/lib/python3.8/site-packages/airflow/example_dags/example_external_task_marker_dag.py took 0.051 seconds
[2024-02-14T09:50:43.744+0000] {processor.py:161} INFO - Started process (PID=530) to work on /home/airflow/.local/lib/python3.8/site-packages/airflow/example_dags/example_external_task_marker_dag.py
[2024-02-14T09:50:43.745+0000] {processor.py:830} INFO - Processing file /home/airflow/.local/lib/python3.8/site-packages/airflow/example_dags/example_external_task_marker_dag.py for tasks to queue
[2024-02-14T09:50:43.748+0000] {logging_mixin.py:188} INFO - [2024-02-14T09:50:43.747+0000] {dagbag.py:538} INFO - Filling up the DagBag from /home/airflow/.local/lib/python3.8/site-packages/airflow/example_dags/example_external_task_marker_dag.py
[2024-02-14T09:50:43.754+0000] {processor.py:840} INFO - DAG(s) 'example_external_task_marker_parent', 'example_external_task_marker_child' retrieved from /home/airflow/.local/lib/python3.8/site-packages/airflow/example_dags/example_external_task_marker_dag.py
[2024-02-14T09:50:43.771+0000] {logging_mixin.py:188} INFO - [2024-02-14T09:50:43.771+0000] {dag.py:3036} INFO - Sync 2 DAGs
[2024-02-14T09:50:43.781+0000] {logging_mixin.py:188} INFO - [2024-02-14T09:50:43.781+0000] {dag.py:3823} INFO - Setting next_dagrun for example_external_task_marker_child to None, run_after=None
[2024-02-14T09:50:43.784+0000] {logging_mixin.py:188} INFO - [2024-02-14T09:50:43.784+0000] {dag.py:3823} INFO - Setting next_dagrun for example_external_task_marker_parent to None, run_after=None
[2024-02-14T09:50:43.796+0000] {processor.py:183} INFO - Processing /home/airflow/.local/lib/python3.8/site-packages/airflow/example_dags/example_external_task_marker_dag.py took 0.055 seconds
[2024-02-14T09:51:14.072+0000] {processor.py:161} INFO - Started process (PID=586) to work on /home/airflow/.local/lib/python3.8/site-packages/airflow/example_dags/example_external_task_marker_dag.py
[2024-02-14T09:51:14.073+0000] {processor.py:830} INFO - Processing file /home/airflow/.local/lib/python3.8/site-packages/airflow/example_dags/example_external_task_marker_dag.py for tasks to queue
[2024-02-14T09:51:14.075+0000] {logging_mixin.py:188} INFO - [2024-02-14T09:51:14.075+0000] {dagbag.py:538} INFO - Filling up the DagBag from /home/airflow/.local/lib/python3.8/site-packages/airflow/example_dags/example_external_task_marker_dag.py
[2024-02-14T09:51:14.080+0000] {processor.py:840} INFO - DAG(s) 'example_external_task_marker_child', 'example_external_task_marker_parent' retrieved from /home/airflow/.local/lib/python3.8/site-packages/airflow/example_dags/example_external_task_marker_dag.py
[2024-02-14T09:51:14.096+0000] {logging_mixin.py:188} INFO - [2024-02-14T09:51:14.096+0000] {dag.py:3036} INFO - Sync 2 DAGs
[2024-02-14T09:51:14.104+0000] {logging_mixin.py:188} INFO - [2024-02-14T09:51:14.104+0000] {dag.py:3823} INFO - Setting next_dagrun for example_external_task_marker_child to None, run_after=None
[2024-02-14T09:51:14.108+0000] {logging_mixin.py:188} INFO - [2024-02-14T09:51:14.108+0000] {dag.py:3823} INFO - Setting next_dagrun for example_external_task_marker_parent to None, run_after=None
[2024-02-14T09:51:14.121+0000] {processor.py:183} INFO - Processing /home/airflow/.local/lib/python3.8/site-packages/airflow/example_dags/example_external_task_marker_dag.py took 0.052 seconds
[2024-02-14T09:51:44.669+0000] {processor.py:161} INFO - Started process (PID=644) to work on /home/airflow/.local/lib/python3.8/site-packages/airflow/example_dags/example_external_task_marker_dag.py
[2024-02-14T09:51:44.671+0000] {processor.py:830} INFO - Processing file /home/airflow/.local/lib/python3.8/site-packages/airflow/example_dags/example_external_task_marker_dag.py for tasks to queue
[2024-02-14T09:51:44.673+0000] {logging_mixin.py:188} INFO - [2024-02-14T09:51:44.672+0000] {dagbag.py:538} INFO - Filling up the DagBag from /home/airflow/.local/lib/python3.8/site-packages/airflow/example_dags/example_external_task_marker_dag.py
[2024-02-14T09:51:44.677+0000] {processor.py:840} INFO - DAG(s) 'example_external_task_marker_parent', 'example_external_task_marker_child' retrieved from /home/airflow/.local/lib/python3.8/site-packages/airflow/example_dags/example_external_task_marker_dag.py
[2024-02-14T09:51:44.692+0000] {logging_mixin.py:188} INFO - [2024-02-14T09:51:44.691+0000] {dag.py:3036} INFO - Sync 2 DAGs
[2024-02-14T09:51:44.699+0000] {logging_mixin.py:188} INFO - [2024-02-14T09:51:44.699+0000] {dag.py:3823} INFO - Setting next_dagrun for example_external_task_marker_child to None, run_after=None
[2024-02-14T09:51:44.702+0000] {logging_mixin.py:188} INFO - [2024-02-14T09:51:44.702+0000] {dag.py:3823} INFO - Setting next_dagrun for example_external_task_marker_parent to None, run_after=None
[2024-02-14T09:51:44.711+0000] {processor.py:183} INFO - Processing /home/airflow/.local/lib/python3.8/site-packages/airflow/example_dags/example_external_task_marker_dag.py took 0.044 seconds
[2024-02-14T09:52:15.131+0000] {processor.py:161} INFO - Started process (PID=701) to work on /home/airflow/.local/lib/python3.8/site-packages/airflow/example_dags/example_external_task_marker_dag.py
[2024-02-14T09:52:15.133+0000] {processor.py:830} INFO - Processing file /home/airflow/.local/lib/python3.8/site-packages/airflow/example_dags/example_external_task_marker_dag.py for tasks to queue
[2024-02-14T09:52:15.135+0000] {logging_mixin.py:188} INFO - [2024-02-14T09:52:15.135+0000] {dagbag.py:538} INFO - Filling up the DagBag from /home/airflow/.local/lib/python3.8/site-packages/airflow/example_dags/example_external_task_marker_dag.py
[2024-02-14T09:52:15.142+0000] {processor.py:840} INFO - DAG(s) 'example_external_task_marker_child', 'example_external_task_marker_parent' retrieved from /home/airflow/.local/lib/python3.8/site-packages/airflow/example_dags/example_external_task_marker_dag.py
[2024-02-14T09:52:15.159+0000] {logging_mixin.py:188} INFO - [2024-02-14T09:52:15.159+0000] {dag.py:3036} INFO - Sync 2 DAGs
[2024-02-14T09:52:15.168+0000] {logging_mixin.py:188} INFO - [2024-02-14T09:52:15.168+0000] {dag.py:3823} INFO - Setting next_dagrun for example_external_task_marker_child to None, run_after=None
[2024-02-14T09:52:15.171+0000] {logging_mixin.py:188} INFO - [2024-02-14T09:52:15.171+0000] {dag.py:3823} INFO - Setting next_dagrun for example_external_task_marker_parent to None, run_after=None
[2024-02-14T09:52:15.183+0000] {processor.py:183} INFO - Processing /home/airflow/.local/lib/python3.8/site-packages/airflow/example_dags/example_external_task_marker_dag.py took 0.054 seconds
[2024-02-14T09:52:45.537+0000] {processor.py:161} INFO - Started process (PID=757) to work on /home/airflow/.local/lib/python3.8/site-packages/airflow/example_dags/example_external_task_marker_dag.py
[2024-02-14T09:52:45.539+0000] {processor.py:830} INFO - Processing file /home/airflow/.local/lib/python3.8/site-packages/airflow/example_dags/example_external_task_marker_dag.py for tasks to queue
[2024-02-14T09:52:45.541+0000] {logging_mixin.py:188} INFO - [2024-02-14T09:52:45.541+0000] {dagbag.py:538} INFO - Filling up the DagBag from /home/airflow/.local/lib/python3.8/site-packages/airflow/example_dags/example_external_task_marker_dag.py
[2024-02-14T09:52:45.546+0000] {processor.py:840} INFO - DAG(s) 'example_external_task_marker_parent', 'example_external_task_marker_child' retrieved from /home/airflow/.local/lib/python3.8/site-packages/airflow/example_dags/example_external_task_marker_dag.py
[2024-02-14T09:52:45.565+0000] {logging_mixin.py:188} INFO - [2024-02-14T09:52:45.565+0000] {dag.py:3036} INFO - Sync 2 DAGs
[2024-02-14T09:52:45.576+0000] {logging_mixin.py:188} INFO - [2024-02-14T09:52:45.575+0000] {dag.py:3823} INFO - Setting next_dagrun for example_external_task_marker_child to None, run_after=None
[2024-02-14T09:52:45.579+0000] {logging_mixin.py:188} INFO - [2024-02-14T09:52:45.579+0000] {dag.py:3823} INFO - Setting next_dagrun for example_external_task_marker_parent to None, run_after=None
[2024-02-14T09:52:45.593+0000] {processor.py:183} INFO - Processing /home/airflow/.local/lib/python3.8/site-packages/airflow/example_dags/example_external_task_marker_dag.py took 0.059 seconds
[2024-02-14T09:53:39.089+0000] {processor.py:161} INFO - Started process (PID=78) to work on /home/airflow/.local/lib/python3.8/site-packages/airflow/example_dags/example_external_task_marker_dag.py
[2024-02-14T09:53:39.091+0000] {processor.py:830} INFO - Processing file /home/airflow/.local/lib/python3.8/site-packages/airflow/example_dags/example_external_task_marker_dag.py for tasks to queue
[2024-02-14T09:53:39.093+0000] {logging_mixin.py:188} INFO - [2024-02-14T09:53:39.092+0000] {dagbag.py:538} INFO - Filling up the DagBag from /home/airflow/.local/lib/python3.8/site-packages/airflow/example_dags/example_external_task_marker_dag.py
[2024-02-14T09:53:39.098+0000] {processor.py:840} INFO - DAG(s) 'example_external_task_marker_child', 'example_external_task_marker_parent' retrieved from /home/airflow/.local/lib/python3.8/site-packages/airflow/example_dags/example_external_task_marker_dag.py
[2024-02-14T09:53:39.107+0000] {logging_mixin.py:188} INFO - [2024-02-14T09:53:39.107+0000] {dag.py:3036} INFO - Sync 2 DAGs
[2024-02-14T09:53:39.116+0000] {logging_mixin.py:188} INFO - [2024-02-14T09:53:39.116+0000] {dag.py:3823} INFO - Setting next_dagrun for example_external_task_marker_child to None, run_after=None
[2024-02-14T09:53:39.119+0000] {logging_mixin.py:188} INFO - [2024-02-14T09:53:39.119+0000] {dag.py:3823} INFO - Setting next_dagrun for example_external_task_marker_parent to None, run_after=None
[2024-02-14T09:53:39.133+0000] {processor.py:183} INFO - Processing /home/airflow/.local/lib/python3.8/site-packages/airflow/example_dags/example_external_task_marker_dag.py took 0.046 seconds
[2024-02-14T09:54:11.353+0000] {processor.py:161} INFO - Started process (PID=134) to work on /home/airflow/.local/lib/python3.8/site-packages/airflow/example_dags/example_external_task_marker_dag.py
[2024-02-14T09:54:11.355+0000] {processor.py:830} INFO - Processing file /home/airflow/.local/lib/python3.8/site-packages/airflow/example_dags/example_external_task_marker_dag.py for tasks to queue
[2024-02-14T09:54:11.357+0000] {logging_mixin.py:188} INFO - [2024-02-14T09:54:11.357+0000] {dagbag.py:538} INFO - Filling up the DagBag from /home/airflow/.local/lib/python3.8/site-packages/airflow/example_dags/example_external_task_marker_dag.py
[2024-02-14T09:54:11.362+0000] {processor.py:840} INFO - DAG(s) 'example_external_task_marker_parent', 'example_external_task_marker_child' retrieved from /home/airflow/.local/lib/python3.8/site-packages/airflow/example_dags/example_external_task_marker_dag.py
[2024-02-14T09:54:11.437+0000] {logging_mixin.py:188} INFO - [2024-02-14T09:54:11.437+0000] {dag.py:3036} INFO - Sync 2 DAGs
[2024-02-14T09:54:11.444+0000] {logging_mixin.py:188} INFO - [2024-02-14T09:54:11.444+0000] {dag.py:3823} INFO - Setting next_dagrun for example_external_task_marker_child to None, run_after=None
[2024-02-14T09:54:11.447+0000] {logging_mixin.py:188} INFO - [2024-02-14T09:54:11.447+0000] {dag.py:3823} INFO - Setting next_dagrun for example_external_task_marker_parent to None, run_after=None
[2024-02-14T09:54:11.459+0000] {processor.py:183} INFO - Processing /home/airflow/.local/lib/python3.8/site-packages/airflow/example_dags/example_external_task_marker_dag.py took 0.108 seconds
[2024-02-14T09:54:42.390+0000] {processor.py:161} INFO - Started process (PID=191) to work on /home/airflow/.local/lib/python3.8/site-packages/airflow/example_dags/example_external_task_marker_dag.py
[2024-02-14T09:54:42.392+0000] {processor.py:830} INFO - Processing file /home/airflow/.local/lib/python3.8/site-packages/airflow/example_dags/example_external_task_marker_dag.py for tasks to queue
[2024-02-14T09:54:42.394+0000] {logging_mixin.py:188} INFO - [2024-02-14T09:54:42.393+0000] {dagbag.py:538} INFO - Filling up the DagBag from /home/airflow/.local/lib/python3.8/site-packages/airflow/example_dags/example_external_task_marker_dag.py
[2024-02-14T09:54:42.399+0000] {processor.py:840} INFO - DAG(s) 'example_external_task_marker_child', 'example_external_task_marker_parent' retrieved from /home/airflow/.local/lib/python3.8/site-packages/airflow/example_dags/example_external_task_marker_dag.py
[2024-02-14T09:54:42.418+0000] {logging_mixin.py:188} INFO - [2024-02-14T09:54:42.418+0000] {dag.py:3036} INFO - Sync 2 DAGs
[2024-02-14T09:54:42.426+0000] {logging_mixin.py:188} INFO - [2024-02-14T09:54:42.426+0000] {dag.py:3823} INFO - Setting next_dagrun for example_external_task_marker_child to None, run_after=None
[2024-02-14T09:54:42.430+0000] {logging_mixin.py:188} INFO - [2024-02-14T09:54:42.430+0000] {dag.py:3823} INFO - Setting next_dagrun for example_external_task_marker_parent to None, run_after=None
[2024-02-14T09:54:42.440+0000] {processor.py:183} INFO - Processing /home/airflow/.local/lib/python3.8/site-packages/airflow/example_dags/example_external_task_marker_dag.py took 0.053 seconds
[2024-02-14T09:55:50.875+0000] {processor.py:161} INFO - Started process (PID=75) to work on /home/airflow/.local/lib/python3.8/site-packages/airflow/example_dags/example_external_task_marker_dag.py
[2024-02-14T09:55:50.877+0000] {processor.py:830} INFO - Processing file /home/airflow/.local/lib/python3.8/site-packages/airflow/example_dags/example_external_task_marker_dag.py for tasks to queue
[2024-02-14T09:55:50.879+0000] {logging_mixin.py:188} INFO - [2024-02-14T09:55:50.879+0000] {dagbag.py:538} INFO - Filling up the DagBag from /home/airflow/.local/lib/python3.8/site-packages/airflow/example_dags/example_external_task_marker_dag.py
[2024-02-14T09:55:50.885+0000] {processor.py:840} INFO - DAG(s) 'example_external_task_marker_parent', 'example_external_task_marker_child' retrieved from /home/airflow/.local/lib/python3.8/site-packages/airflow/example_dags/example_external_task_marker_dag.py
[2024-02-14T09:55:50.897+0000] {logging_mixin.py:188} INFO - [2024-02-14T09:55:50.897+0000] {dag.py:3036} INFO - Sync 2 DAGs
[2024-02-14T09:55:50.906+0000] {logging_mixin.py:188} INFO - [2024-02-14T09:55:50.906+0000] {dag.py:3823} INFO - Setting next_dagrun for example_external_task_marker_child to None, run_after=None
[2024-02-14T09:55:50.910+0000] {logging_mixin.py:188} INFO - [2024-02-14T09:55:50.910+0000] {dag.py:3823} INFO - Setting next_dagrun for example_external_task_marker_parent to None, run_after=None
[2024-02-14T09:55:50.929+0000] {processor.py:183} INFO - Processing /home/airflow/.local/lib/python3.8/site-packages/airflow/example_dags/example_external_task_marker_dag.py took 0.057 seconds
[2024-02-14T09:56:21.945+0000] {processor.py:161} INFO - Started process (PID=137) to work on /home/airflow/.local/lib/python3.8/site-packages/airflow/example_dags/example_external_task_marker_dag.py
[2024-02-14T09:56:21.947+0000] {processor.py:830} INFO - Processing file /home/airflow/.local/lib/python3.8/site-packages/airflow/example_dags/example_external_task_marker_dag.py for tasks to queue
[2024-02-14T09:56:21.949+0000] {logging_mixin.py:188} INFO - [2024-02-14T09:56:21.949+0000] {dagbag.py:538} INFO - Filling up the DagBag from /home/airflow/.local/lib/python3.8/site-packages/airflow/example_dags/example_external_task_marker_dag.py
[2024-02-14T09:56:21.954+0000] {processor.py:840} INFO - DAG(s) 'example_external_task_marker_parent', 'example_external_task_marker_child' retrieved from /home/airflow/.local/lib/python3.8/site-packages/airflow/example_dags/example_external_task_marker_dag.py
[2024-02-14T09:56:22.031+0000] {logging_mixin.py:188} INFO - [2024-02-14T09:56:22.031+0000] {dag.py:3036} INFO - Sync 2 DAGs
[2024-02-14T09:56:22.039+0000] {logging_mixin.py:188} INFO - [2024-02-14T09:56:22.039+0000] {dag.py:3823} INFO - Setting next_dagrun for example_external_task_marker_child to None, run_after=None
[2024-02-14T09:56:22.043+0000] {logging_mixin.py:188} INFO - [2024-02-14T09:56:22.042+0000] {dag.py:3823} INFO - Setting next_dagrun for example_external_task_marker_parent to None, run_after=None
[2024-02-14T09:56:22.056+0000] {processor.py:183} INFO - Processing /home/airflow/.local/lib/python3.8/site-packages/airflow/example_dags/example_external_task_marker_dag.py took 0.114 seconds
[2024-02-14T09:56:53.258+0000] {processor.py:161} INFO - Started process (PID=194) to work on /home/airflow/.local/lib/python3.8/site-packages/airflow/example_dags/example_external_task_marker_dag.py
[2024-02-14T09:56:53.261+0000] {processor.py:830} INFO - Processing file /home/airflow/.local/lib/python3.8/site-packages/airflow/example_dags/example_external_task_marker_dag.py for tasks to queue
[2024-02-14T09:56:53.265+0000] {logging_mixin.py:188} INFO - [2024-02-14T09:56:53.265+0000] {dagbag.py:538} INFO - Filling up the DagBag from /home/airflow/.local/lib/python3.8/site-packages/airflow/example_dags/example_external_task_marker_dag.py
[2024-02-14T09:56:53.274+0000] {processor.py:840} INFO - DAG(s) 'example_external_task_marker_parent', 'example_external_task_marker_child' retrieved from /home/airflow/.local/lib/python3.8/site-packages/airflow/example_dags/example_external_task_marker_dag.py
[2024-02-14T09:56:53.297+0000] {logging_mixin.py:188} INFO - [2024-02-14T09:56:53.296+0000] {dag.py:3036} INFO - Sync 2 DAGs
[2024-02-14T09:56:53.307+0000] {logging_mixin.py:188} INFO - [2024-02-14T09:56:53.307+0000] {dag.py:3823} INFO - Setting next_dagrun for example_external_task_marker_child to None, run_after=None
[2024-02-14T09:56:53.311+0000] {logging_mixin.py:188} INFO - [2024-02-14T09:56:53.311+0000] {dag.py:3823} INFO - Setting next_dagrun for example_external_task_marker_parent to None, run_after=None
[2024-02-14T09:56:53.326+0000] {processor.py:183} INFO - Processing /home/airflow/.local/lib/python3.8/site-packages/airflow/example_dags/example_external_task_marker_dag.py took 0.072 seconds
[2024-02-14T09:57:23.980+0000] {processor.py:161} INFO - Started process (PID=251) to work on /home/airflow/.local/lib/python3.8/site-packages/airflow/example_dags/example_external_task_marker_dag.py
[2024-02-14T09:57:23.982+0000] {processor.py:830} INFO - Processing file /home/airflow/.local/lib/python3.8/site-packages/airflow/example_dags/example_external_task_marker_dag.py for tasks to queue
[2024-02-14T09:57:23.984+0000] {logging_mixin.py:188} INFO - [2024-02-14T09:57:23.984+0000] {dagbag.py:538} INFO - Filling up the DagBag from /home/airflow/.local/lib/python3.8/site-packages/airflow/example_dags/example_external_task_marker_dag.py
[2024-02-14T09:57:23.989+0000] {processor.py:840} INFO - DAG(s) 'example_external_task_marker_child', 'example_external_task_marker_parent' retrieved from /home/airflow/.local/lib/python3.8/site-packages/airflow/example_dags/example_external_task_marker_dag.py
[2024-02-14T09:57:24.007+0000] {logging_mixin.py:188} INFO - [2024-02-14T09:57:24.007+0000] {dag.py:3036} INFO - Sync 2 DAGs
[2024-02-14T09:57:24.017+0000] {logging_mixin.py:188} INFO - [2024-02-14T09:57:24.016+0000] {dag.py:3823} INFO - Setting next_dagrun for example_external_task_marker_child to None, run_after=None
[2024-02-14T09:57:24.020+0000] {logging_mixin.py:188} INFO - [2024-02-14T09:57:24.020+0000] {dag.py:3823} INFO - Setting next_dagrun for example_external_task_marker_parent to None, run_after=None
[2024-02-14T09:57:24.031+0000] {processor.py:183} INFO - Processing /home/airflow/.local/lib/python3.8/site-packages/airflow/example_dags/example_external_task_marker_dag.py took 0.053 seconds
[2024-02-14T09:57:54.607+0000] {processor.py:161} INFO - Started process (PID=309) to work on /home/airflow/.local/lib/python3.8/site-packages/airflow/example_dags/example_external_task_marker_dag.py
[2024-02-14T09:57:54.609+0000] {processor.py:830} INFO - Processing file /home/airflow/.local/lib/python3.8/site-packages/airflow/example_dags/example_external_task_marker_dag.py for tasks to queue
[2024-02-14T09:57:54.611+0000] {logging_mixin.py:188} INFO - [2024-02-14T09:57:54.611+0000] {dagbag.py:538} INFO - Filling up the DagBag from /home/airflow/.local/lib/python3.8/site-packages/airflow/example_dags/example_external_task_marker_dag.py
[2024-02-14T09:57:54.621+0000] {processor.py:840} INFO - DAG(s) 'example_external_task_marker_parent', 'example_external_task_marker_child' retrieved from /home/airflow/.local/lib/python3.8/site-packages/airflow/example_dags/example_external_task_marker_dag.py
[2024-02-14T09:57:54.648+0000] {logging_mixin.py:188} INFO - [2024-02-14T09:57:54.648+0000] {dag.py:3036} INFO - Sync 2 DAGs
[2024-02-14T09:57:54.662+0000] {logging_mixin.py:188} INFO - [2024-02-14T09:57:54.662+0000] {dag.py:3823} INFO - Setting next_dagrun for example_external_task_marker_child to None, run_after=None
[2024-02-14T09:57:54.667+0000] {logging_mixin.py:188} INFO - [2024-02-14T09:57:54.666+0000] {dag.py:3823} INFO - Setting next_dagrun for example_external_task_marker_parent to None, run_after=None
[2024-02-14T09:57:54.680+0000] {processor.py:183} INFO - Processing /home/airflow/.local/lib/python3.8/site-packages/airflow/example_dags/example_external_task_marker_dag.py took 0.078 seconds
[2024-02-14T09:58:24.952+0000] {processor.py:161} INFO - Started process (PID=366) to work on /home/airflow/.local/lib/python3.8/site-packages/airflow/example_dags/example_external_task_marker_dag.py
[2024-02-14T09:58:24.953+0000] {processor.py:830} INFO - Processing file /home/airflow/.local/lib/python3.8/site-packages/airflow/example_dags/example_external_task_marker_dag.py for tasks to queue
[2024-02-14T09:58:24.955+0000] {logging_mixin.py:188} INFO - [2024-02-14T09:58:24.955+0000] {dagbag.py:538} INFO - Filling up the DagBag from /home/airflow/.local/lib/python3.8/site-packages/airflow/example_dags/example_external_task_marker_dag.py
[2024-02-14T09:58:24.960+0000] {processor.py:840} INFO - DAG(s) 'example_external_task_marker_parent', 'example_external_task_marker_child' retrieved from /home/airflow/.local/lib/python3.8/site-packages/airflow/example_dags/example_external_task_marker_dag.py
[2024-02-14T09:58:24.979+0000] {logging_mixin.py:188} INFO - [2024-02-14T09:58:24.979+0000] {dag.py:3036} INFO - Sync 2 DAGs
[2024-02-14T09:58:24.988+0000] {logging_mixin.py:188} INFO - [2024-02-14T09:58:24.987+0000] {dag.py:3823} INFO - Setting next_dagrun for example_external_task_marker_child to None, run_after=None
[2024-02-14T09:58:24.991+0000] {logging_mixin.py:188} INFO - [2024-02-14T09:58:24.991+0000] {dag.py:3823} INFO - Setting next_dagrun for example_external_task_marker_parent to None, run_after=None
[2024-02-14T09:58:25.001+0000] {processor.py:183} INFO - Processing /home/airflow/.local/lib/python3.8/site-packages/airflow/example_dags/example_external_task_marker_dag.py took 0.052 seconds
[2024-02-14T09:58:55.942+0000] {processor.py:161} INFO - Started process (PID=425) to work on /home/airflow/.local/lib/python3.8/site-packages/airflow/example_dags/example_external_task_marker_dag.py
[2024-02-14T09:58:55.944+0000] {processor.py:830} INFO - Processing file /home/airflow/.local/lib/python3.8/site-packages/airflow/example_dags/example_external_task_marker_dag.py for tasks to queue
[2024-02-14T09:58:55.946+0000] {logging_mixin.py:188} INFO - [2024-02-14T09:58:55.945+0000] {dagbag.py:538} INFO - Filling up the DagBag from /home/airflow/.local/lib/python3.8/site-packages/airflow/example_dags/example_external_task_marker_dag.py
[2024-02-14T09:58:55.950+0000] {processor.py:840} INFO - DAG(s) 'example_external_task_marker_child', 'example_external_task_marker_parent' retrieved from /home/airflow/.local/lib/python3.8/site-packages/airflow/example_dags/example_external_task_marker_dag.py
[2024-02-14T09:58:55.972+0000] {logging_mixin.py:188} INFO - [2024-02-14T09:58:55.972+0000] {dag.py:3036} INFO - Sync 2 DAGs
[2024-02-14T09:58:55.980+0000] {logging_mixin.py:188} INFO - [2024-02-14T09:58:55.980+0000] {dag.py:3823} INFO - Setting next_dagrun for example_external_task_marker_child to None, run_after=None
[2024-02-14T09:58:55.984+0000] {logging_mixin.py:188} INFO - [2024-02-14T09:58:55.984+0000] {dag.py:3823} INFO - Setting next_dagrun for example_external_task_marker_parent to None, run_after=None
[2024-02-14T09:58:56.000+0000] {processor.py:183} INFO - Processing /home/airflow/.local/lib/python3.8/site-packages/airflow/example_dags/example_external_task_marker_dag.py took 0.061 seconds
[2024-02-14T09:59:26.303+0000] {processor.py:161} INFO - Started process (PID=482) to work on /home/airflow/.local/lib/python3.8/site-packages/airflow/example_dags/example_external_task_marker_dag.py
[2024-02-14T09:59:26.306+0000] {processor.py:830} INFO - Processing file /home/airflow/.local/lib/python3.8/site-packages/airflow/example_dags/example_external_task_marker_dag.py for tasks to queue
[2024-02-14T09:59:26.308+0000] {logging_mixin.py:188} INFO - [2024-02-14T09:59:26.308+0000] {dagbag.py:538} INFO - Filling up the DagBag from /home/airflow/.local/lib/python3.8/site-packages/airflow/example_dags/example_external_task_marker_dag.py
[2024-02-14T09:59:26.314+0000] {processor.py:840} INFO - DAG(s) 'example_external_task_marker_child', 'example_external_task_marker_parent' retrieved from /home/airflow/.local/lib/python3.8/site-packages/airflow/example_dags/example_external_task_marker_dag.py
[2024-02-14T09:59:26.335+0000] {logging_mixin.py:188} INFO - [2024-02-14T09:59:26.335+0000] {dag.py:3036} INFO - Sync 2 DAGs
[2024-02-14T09:59:26.345+0000] {logging_mixin.py:188} INFO - [2024-02-14T09:59:26.345+0000] {dag.py:3823} INFO - Setting next_dagrun for example_external_task_marker_child to None, run_after=None
[2024-02-14T09:59:26.349+0000] {logging_mixin.py:188} INFO - [2024-02-14T09:59:26.349+0000] {dag.py:3823} INFO - Setting next_dagrun for example_external_task_marker_parent to None, run_after=None
[2024-02-14T09:59:26.364+0000] {processor.py:183} INFO - Processing /home/airflow/.local/lib/python3.8/site-packages/airflow/example_dags/example_external_task_marker_dag.py took 0.064 seconds
[2024-02-14T09:59:57.088+0000] {processor.py:161} INFO - Started process (PID=538) to work on /home/airflow/.local/lib/python3.8/site-packages/airflow/example_dags/example_external_task_marker_dag.py
[2024-02-14T09:59:57.091+0000] {processor.py:830} INFO - Processing file /home/airflow/.local/lib/python3.8/site-packages/airflow/example_dags/example_external_task_marker_dag.py for tasks to queue
[2024-02-14T09:59:57.093+0000] {logging_mixin.py:188} INFO - [2024-02-14T09:59:57.093+0000] {dagbag.py:538} INFO - Filling up the DagBag from /home/airflow/.local/lib/python3.8/site-packages/airflow/example_dags/example_external_task_marker_dag.py
[2024-02-14T09:59:57.098+0000] {processor.py:840} INFO - DAG(s) 'example_external_task_marker_parent', 'example_external_task_marker_child' retrieved from /home/airflow/.local/lib/python3.8/site-packages/airflow/example_dags/example_external_task_marker_dag.py
[2024-02-14T09:59:57.116+0000] {logging_mixin.py:188} INFO - [2024-02-14T09:59:57.115+0000] {dag.py:3036} INFO - Sync 2 DAGs
[2024-02-14T09:59:57.124+0000] {logging_mixin.py:188} INFO - [2024-02-14T09:59:57.123+0000] {dag.py:3823} INFO - Setting next_dagrun for example_external_task_marker_child to None, run_after=None
[2024-02-14T09:59:57.127+0000] {logging_mixin.py:188} INFO - [2024-02-14T09:59:57.127+0000] {dag.py:3823} INFO - Setting next_dagrun for example_external_task_marker_parent to None, run_after=None
[2024-02-14T09:59:57.137+0000] {processor.py:183} INFO - Processing /home/airflow/.local/lib/python3.8/site-packages/airflow/example_dags/example_external_task_marker_dag.py took 0.051 seconds
[2024-02-14T10:00:27.511+0000] {processor.py:161} INFO - Started process (PID=595) to work on /home/airflow/.local/lib/python3.8/site-packages/airflow/example_dags/example_external_task_marker_dag.py
[2024-02-14T10:00:27.513+0000] {processor.py:830} INFO - Processing file /home/airflow/.local/lib/python3.8/site-packages/airflow/example_dags/example_external_task_marker_dag.py for tasks to queue
[2024-02-14T10:00:27.515+0000] {logging_mixin.py:188} INFO - [2024-02-14T10:00:27.515+0000] {dagbag.py:538} INFO - Filling up the DagBag from /home/airflow/.local/lib/python3.8/site-packages/airflow/example_dags/example_external_task_marker_dag.py
[2024-02-14T10:00:27.520+0000] {processor.py:840} INFO - DAG(s) 'example_external_task_marker_child', 'example_external_task_marker_parent' retrieved from /home/airflow/.local/lib/python3.8/site-packages/airflow/example_dags/example_external_task_marker_dag.py
[2024-02-14T10:00:27.539+0000] {logging_mixin.py:188} INFO - [2024-02-14T10:00:27.539+0000] {dag.py:3036} INFO - Sync 2 DAGs
[2024-02-14T10:00:27.547+0000] {logging_mixin.py:188} INFO - [2024-02-14T10:00:27.547+0000] {dag.py:3823} INFO - Setting next_dagrun for example_external_task_marker_child to None, run_after=None
[2024-02-14T10:00:27.550+0000] {logging_mixin.py:188} INFO - [2024-02-14T10:00:27.550+0000] {dag.py:3823} INFO - Setting next_dagrun for example_external_task_marker_parent to None, run_after=None
[2024-02-14T10:00:27.564+0000] {processor.py:183} INFO - Processing /home/airflow/.local/lib/python3.8/site-packages/airflow/example_dags/example_external_task_marker_dag.py took 0.055 seconds
[2024-02-14T10:00:57.925+0000] {processor.py:161} INFO - Started process (PID=652) to work on /home/airflow/.local/lib/python3.8/site-packages/airflow/example_dags/example_external_task_marker_dag.py
[2024-02-14T10:00:57.927+0000] {processor.py:830} INFO - Processing file /home/airflow/.local/lib/python3.8/site-packages/airflow/example_dags/example_external_task_marker_dag.py for tasks to queue
[2024-02-14T10:00:57.930+0000] {logging_mixin.py:188} INFO - [2024-02-14T10:00:57.929+0000] {dagbag.py:538} INFO - Filling up the DagBag from /home/airflow/.local/lib/python3.8/site-packages/airflow/example_dags/example_external_task_marker_dag.py
[2024-02-14T10:00:57.935+0000] {processor.py:840} INFO - DAG(s) 'example_external_task_marker_child', 'example_external_task_marker_parent' retrieved from /home/airflow/.local/lib/python3.8/site-packages/airflow/example_dags/example_external_task_marker_dag.py
[2024-02-14T10:00:57.952+0000] {logging_mixin.py:188} INFO - [2024-02-14T10:00:57.952+0000] {dag.py:3036} INFO - Sync 2 DAGs
[2024-02-14T10:00:57.961+0000] {logging_mixin.py:188} INFO - [2024-02-14T10:00:57.961+0000] {dag.py:3823} INFO - Setting next_dagrun for example_external_task_marker_child to None, run_after=None
[2024-02-14T10:00:57.965+0000] {logging_mixin.py:188} INFO - [2024-02-14T10:00:57.964+0000] {dag.py:3823} INFO - Setting next_dagrun for example_external_task_marker_parent to None, run_after=None
[2024-02-14T10:00:57.977+0000] {processor.py:183} INFO - Processing /home/airflow/.local/lib/python3.8/site-packages/airflow/example_dags/example_external_task_marker_dag.py took 0.055 seconds
[2024-02-14T10:01:28.996+0000] {processor.py:161} INFO - Started process (PID=708) to work on /home/airflow/.local/lib/python3.8/site-packages/airflow/example_dags/example_external_task_marker_dag.py
[2024-02-14T10:01:28.998+0000] {processor.py:830} INFO - Processing file /home/airflow/.local/lib/python3.8/site-packages/airflow/example_dags/example_external_task_marker_dag.py for tasks to queue
[2024-02-14T10:01:29.000+0000] {logging_mixin.py:188} INFO - [2024-02-14T10:01:29.000+0000] {dagbag.py:538} INFO - Filling up the DagBag from /home/airflow/.local/lib/python3.8/site-packages/airflow/example_dags/example_external_task_marker_dag.py
[2024-02-14T10:01:29.005+0000] {processor.py:840} INFO - DAG(s) 'example_external_task_marker_child', 'example_external_task_marker_parent' retrieved from /home/airflow/.local/lib/python3.8/site-packages/airflow/example_dags/example_external_task_marker_dag.py
[2024-02-14T10:01:29.022+0000] {logging_mixin.py:188} INFO - [2024-02-14T10:01:29.021+0000] {dag.py:3036} INFO - Sync 2 DAGs
[2024-02-14T10:01:29.030+0000] {logging_mixin.py:188} INFO - [2024-02-14T10:01:29.029+0000] {dag.py:3823} INFO - Setting next_dagrun for example_external_task_marker_child to None, run_after=None
[2024-02-14T10:01:29.033+0000] {logging_mixin.py:188} INFO - [2024-02-14T10:01:29.033+0000] {dag.py:3823} INFO - Setting next_dagrun for example_external_task_marker_parent to None, run_after=None
[2024-02-14T10:01:29.044+0000] {processor.py:183} INFO - Processing /home/airflow/.local/lib/python3.8/site-packages/airflow/example_dags/example_external_task_marker_dag.py took 0.050 seconds
[2024-02-14T10:01:59.991+0000] {processor.py:161} INFO - Started process (PID=765) to work on /home/airflow/.local/lib/python3.8/site-packages/airflow/example_dags/example_external_task_marker_dag.py
[2024-02-14T10:01:59.993+0000] {processor.py:830} INFO - Processing file /home/airflow/.local/lib/python3.8/site-packages/airflow/example_dags/example_external_task_marker_dag.py for tasks to queue
[2024-02-14T10:01:59.995+0000] {logging_mixin.py:188} INFO - [2024-02-14T10:01:59.995+0000] {dagbag.py:538} INFO - Filling up the DagBag from /home/airflow/.local/lib/python3.8/site-packages/airflow/example_dags/example_external_task_marker_dag.py
[2024-02-14T10:02:00.000+0000] {processor.py:840} INFO - DAG(s) 'example_external_task_marker_parent', 'example_external_task_marker_child' retrieved from /home/airflow/.local/lib/python3.8/site-packages/airflow/example_dags/example_external_task_marker_dag.py
[2024-02-14T10:02:00.021+0000] {logging_mixin.py:188} INFO - [2024-02-14T10:02:00.021+0000] {dag.py:3036} INFO - Sync 2 DAGs
[2024-02-14T10:02:00.031+0000] {logging_mixin.py:188} INFO - [2024-02-14T10:02:00.031+0000] {dag.py:3823} INFO - Setting next_dagrun for example_external_task_marker_child to None, run_after=None
[2024-02-14T10:02:00.035+0000] {logging_mixin.py:188} INFO - [2024-02-14T10:02:00.035+0000] {dag.py:3823} INFO - Setting next_dagrun for example_external_task_marker_parent to None, run_after=None
[2024-02-14T10:02:00.046+0000] {processor.py:183} INFO - Processing /home/airflow/.local/lib/python3.8/site-packages/airflow/example_dags/example_external_task_marker_dag.py took 0.058 seconds
[2024-02-14T10:02:30.599+0000] {processor.py:161} INFO - Started process (PID=822) to work on /home/airflow/.local/lib/python3.8/site-packages/airflow/example_dags/example_external_task_marker_dag.py
[2024-02-14T10:02:30.602+0000] {processor.py:830} INFO - Processing file /home/airflow/.local/lib/python3.8/site-packages/airflow/example_dags/example_external_task_marker_dag.py for tasks to queue
[2024-02-14T10:02:30.605+0000] {logging_mixin.py:188} INFO - [2024-02-14T10:02:30.604+0000] {dagbag.py:538} INFO - Filling up the DagBag from /home/airflow/.local/lib/python3.8/site-packages/airflow/example_dags/example_external_task_marker_dag.py
[2024-02-14T10:02:30.610+0000] {processor.py:840} INFO - DAG(s) 'example_external_task_marker_parent', 'example_external_task_marker_child' retrieved from /home/airflow/.local/lib/python3.8/site-packages/airflow/example_dags/example_external_task_marker_dag.py
[2024-02-14T10:02:30.630+0000] {logging_mixin.py:188} INFO - [2024-02-14T10:02:30.630+0000] {dag.py:3036} INFO - Sync 2 DAGs
[2024-02-14T10:02:30.640+0000] {logging_mixin.py:188} INFO - [2024-02-14T10:02:30.640+0000] {dag.py:3823} INFO - Setting next_dagrun for example_external_task_marker_child to None, run_after=None
[2024-02-14T10:02:30.645+0000] {logging_mixin.py:188} INFO - [2024-02-14T10:02:30.645+0000] {dag.py:3823} INFO - Setting next_dagrun for example_external_task_marker_parent to None, run_after=None
[2024-02-14T10:02:30.669+0000] {processor.py:183} INFO - Processing /home/airflow/.local/lib/python3.8/site-packages/airflow/example_dags/example_external_task_marker_dag.py took 0.073 seconds
[2024-02-14T10:03:01.396+0000] {processor.py:161} INFO - Started process (PID=881) to work on /home/airflow/.local/lib/python3.8/site-packages/airflow/example_dags/example_external_task_marker_dag.py
[2024-02-14T10:03:01.398+0000] {processor.py:830} INFO - Processing file /home/airflow/.local/lib/python3.8/site-packages/airflow/example_dags/example_external_task_marker_dag.py for tasks to queue
[2024-02-14T10:03:01.402+0000] {logging_mixin.py:188} INFO - [2024-02-14T10:03:01.401+0000] {dagbag.py:538} INFO - Filling up the DagBag from /home/airflow/.local/lib/python3.8/site-packages/airflow/example_dags/example_external_task_marker_dag.py
[2024-02-14T10:03:01.408+0000] {processor.py:840} INFO - DAG(s) 'example_external_task_marker_parent', 'example_external_task_marker_child' retrieved from /home/airflow/.local/lib/python3.8/site-packages/airflow/example_dags/example_external_task_marker_dag.py
[2024-02-14T10:03:01.434+0000] {logging_mixin.py:188} INFO - [2024-02-14T10:03:01.434+0000] {dag.py:3036} INFO - Sync 2 DAGs
[2024-02-14T10:03:01.445+0000] {logging_mixin.py:188} INFO - [2024-02-14T10:03:01.445+0000] {dag.py:3823} INFO - Setting next_dagrun for example_external_task_marker_child to None, run_after=None
[2024-02-14T10:03:01.449+0000] {logging_mixin.py:188} INFO - [2024-02-14T10:03:01.449+0000] {dag.py:3823} INFO - Setting next_dagrun for example_external_task_marker_parent to None, run_after=None
[2024-02-14T10:03:01.463+0000] {processor.py:183} INFO - Processing /home/airflow/.local/lib/python3.8/site-packages/airflow/example_dags/example_external_task_marker_dag.py took 0.071 seconds
