[2024-02-14T09:34:17.035+0000] {processor.py:161} INFO - Started process (PID=38) to work on /home/airflow/.local/lib/python3.8/site-packages/airflow/example_dags/example_trigger_target_dag.py
[2024-02-14T09:34:17.037+0000] {processor.py:830} INFO - Processing file /home/airflow/.local/lib/python3.8/site-packages/airflow/example_dags/example_trigger_target_dag.py for tasks to queue
[2024-02-14T09:34:17.039+0000] {logging_mixin.py:188} INFO - [2024-02-14T09:34:17.039+0000] {dagbag.py:538} INFO - Filling up the DagBag from /home/airflow/.local/lib/python3.8/site-packages/airflow/example_dags/example_trigger_target_dag.py
[2024-02-14T09:34:17.049+0000] {processor.py:840} INFO - DAG(s) 'example_trigger_target_dag' retrieved from /home/airflow/.local/lib/python3.8/site-packages/airflow/example_dags/example_trigger_target_dag.py
[2024-02-14T09:34:17.060+0000] {logging_mixin.py:188} INFO - [2024-02-14T09:34:17.060+0000] {dag.py:3036} INFO - Sync 1 DAGs
[2024-02-14T09:34:17.071+0000] {logging_mixin.py:188} INFO - [2024-02-14T09:34:17.070+0000] {dag.py:3823} INFO - Setting next_dagrun for example_trigger_target_dag to None, run_after=None
[2024-02-14T09:34:17.088+0000] {processor.py:183} INFO - Processing /home/airflow/.local/lib/python3.8/site-packages/airflow/example_dags/example_trigger_target_dag.py took 0.055 seconds
[2024-02-14T09:34:47.620+0000] {processor.py:161} INFO - Started process (PID=95) to work on /home/airflow/.local/lib/python3.8/site-packages/airflow/example_dags/example_trigger_target_dag.py
[2024-02-14T09:34:47.623+0000] {processor.py:830} INFO - Processing file /home/airflow/.local/lib/python3.8/site-packages/airflow/example_dags/example_trigger_target_dag.py for tasks to queue
[2024-02-14T09:34:47.629+0000] {logging_mixin.py:188} INFO - [2024-02-14T09:34:47.629+0000] {dagbag.py:538} INFO - Filling up the DagBag from /home/airflow/.local/lib/python3.8/site-packages/airflow/example_dags/example_trigger_target_dag.py
[2024-02-14T09:34:47.639+0000] {processor.py:840} INFO - DAG(s) 'example_trigger_target_dag' retrieved from /home/airflow/.local/lib/python3.8/site-packages/airflow/example_dags/example_trigger_target_dag.py
[2024-02-14T09:34:47.782+0000] {logging_mixin.py:188} INFO - [2024-02-14T09:34:47.781+0000] {dag.py:3036} INFO - Sync 1 DAGs
[2024-02-14T09:34:47.799+0000] {logging_mixin.py:188} INFO - [2024-02-14T09:34:47.799+0000] {dag.py:3823} INFO - Setting next_dagrun for example_trigger_target_dag to None, run_after=None
[2024-02-14T09:34:47.825+0000] {processor.py:183} INFO - Processing /home/airflow/.local/lib/python3.8/site-packages/airflow/example_dags/example_trigger_target_dag.py took 0.214 seconds
[2024-02-14T09:35:17.936+0000] {processor.py:161} INFO - Started process (PID=153) to work on /home/airflow/.local/lib/python3.8/site-packages/airflow/example_dags/example_trigger_target_dag.py
[2024-02-14T09:35:17.938+0000] {processor.py:830} INFO - Processing file /home/airflow/.local/lib/python3.8/site-packages/airflow/example_dags/example_trigger_target_dag.py for tasks to queue
[2024-02-14T09:35:17.939+0000] {logging_mixin.py:188} INFO - [2024-02-14T09:35:17.939+0000] {dagbag.py:538} INFO - Filling up the DagBag from /home/airflow/.local/lib/python3.8/site-packages/airflow/example_dags/example_trigger_target_dag.py
[2024-02-14T09:35:17.943+0000] {processor.py:840} INFO - DAG(s) 'example_trigger_target_dag' retrieved from /home/airflow/.local/lib/python3.8/site-packages/airflow/example_dags/example_trigger_target_dag.py
[2024-02-14T09:35:17.957+0000] {logging_mixin.py:188} INFO - [2024-02-14T09:35:17.957+0000] {dag.py:3036} INFO - Sync 1 DAGs
[2024-02-14T09:35:17.965+0000] {logging_mixin.py:188} INFO - [2024-02-14T09:35:17.965+0000] {dag.py:3823} INFO - Setting next_dagrun for example_trigger_target_dag to None, run_after=None
[2024-02-14T09:35:17.976+0000] {processor.py:183} INFO - Processing /home/airflow/.local/lib/python3.8/site-packages/airflow/example_dags/example_trigger_target_dag.py took 0.042 seconds
[2024-02-14T09:35:48.354+0000] {processor.py:161} INFO - Started process (PID=209) to work on /home/airflow/.local/lib/python3.8/site-packages/airflow/example_dags/example_trigger_target_dag.py
[2024-02-14T09:35:48.356+0000] {processor.py:830} INFO - Processing file /home/airflow/.local/lib/python3.8/site-packages/airflow/example_dags/example_trigger_target_dag.py for tasks to queue
[2024-02-14T09:35:48.358+0000] {logging_mixin.py:188} INFO - [2024-02-14T09:35:48.358+0000] {dagbag.py:538} INFO - Filling up the DagBag from /home/airflow/.local/lib/python3.8/site-packages/airflow/example_dags/example_trigger_target_dag.py
[2024-02-14T09:35:48.362+0000] {processor.py:840} INFO - DAG(s) 'example_trigger_target_dag' retrieved from /home/airflow/.local/lib/python3.8/site-packages/airflow/example_dags/example_trigger_target_dag.py
[2024-02-14T09:35:48.375+0000] {logging_mixin.py:188} INFO - [2024-02-14T09:35:48.375+0000] {dag.py:3036} INFO - Sync 1 DAGs
[2024-02-14T09:35:48.383+0000] {logging_mixin.py:188} INFO - [2024-02-14T09:35:48.382+0000] {dag.py:3823} INFO - Setting next_dagrun for example_trigger_target_dag to None, run_after=None
[2024-02-14T09:35:48.393+0000] {processor.py:183} INFO - Processing /home/airflow/.local/lib/python3.8/site-packages/airflow/example_dags/example_trigger_target_dag.py took 0.041 seconds
[2024-02-14T09:36:18.925+0000] {processor.py:161} INFO - Started process (PID=264) to work on /home/airflow/.local/lib/python3.8/site-packages/airflow/example_dags/example_trigger_target_dag.py
[2024-02-14T09:36:18.926+0000] {processor.py:830} INFO - Processing file /home/airflow/.local/lib/python3.8/site-packages/airflow/example_dags/example_trigger_target_dag.py for tasks to queue
[2024-02-14T09:36:18.928+0000] {logging_mixin.py:188} INFO - [2024-02-14T09:36:18.928+0000] {dagbag.py:538} INFO - Filling up the DagBag from /home/airflow/.local/lib/python3.8/site-packages/airflow/example_dags/example_trigger_target_dag.py
[2024-02-14T09:36:18.933+0000] {processor.py:840} INFO - DAG(s) 'example_trigger_target_dag' retrieved from /home/airflow/.local/lib/python3.8/site-packages/airflow/example_dags/example_trigger_target_dag.py
[2024-02-14T09:36:18.949+0000] {logging_mixin.py:188} INFO - [2024-02-14T09:36:18.949+0000] {dag.py:3036} INFO - Sync 1 DAGs
[2024-02-14T09:36:18.957+0000] {logging_mixin.py:188} INFO - [2024-02-14T09:36:18.956+0000] {dag.py:3823} INFO - Setting next_dagrun for example_trigger_target_dag to None, run_after=None
[2024-02-14T09:36:18.968+0000] {processor.py:183} INFO - Processing /home/airflow/.local/lib/python3.8/site-packages/airflow/example_dags/example_trigger_target_dag.py took 0.045 seconds
[2024-02-14T09:36:49.247+0000] {processor.py:161} INFO - Started process (PID=320) to work on /home/airflow/.local/lib/python3.8/site-packages/airflow/example_dags/example_trigger_target_dag.py
[2024-02-14T09:36:49.249+0000] {processor.py:830} INFO - Processing file /home/airflow/.local/lib/python3.8/site-packages/airflow/example_dags/example_trigger_target_dag.py for tasks to queue
[2024-02-14T09:36:49.253+0000] {logging_mixin.py:188} INFO - [2024-02-14T09:36:49.252+0000] {dagbag.py:538} INFO - Filling up the DagBag from /home/airflow/.local/lib/python3.8/site-packages/airflow/example_dags/example_trigger_target_dag.py
[2024-02-14T09:36:49.260+0000] {processor.py:840} INFO - DAG(s) 'example_trigger_target_dag' retrieved from /home/airflow/.local/lib/python3.8/site-packages/airflow/example_dags/example_trigger_target_dag.py
[2024-02-14T09:36:49.277+0000] {logging_mixin.py:188} INFO - [2024-02-14T09:36:49.276+0000] {dag.py:3036} INFO - Sync 1 DAGs
[2024-02-14T09:36:49.285+0000] {logging_mixin.py:188} INFO - [2024-02-14T09:36:49.285+0000] {dag.py:3823} INFO - Setting next_dagrun for example_trigger_target_dag to None, run_after=None
[2024-02-14T09:36:49.296+0000] {processor.py:183} INFO - Processing /home/airflow/.local/lib/python3.8/site-packages/airflow/example_dags/example_trigger_target_dag.py took 0.053 seconds
[2024-02-14T09:37:19.888+0000] {processor.py:161} INFO - Started process (PID=379) to work on /home/airflow/.local/lib/python3.8/site-packages/airflow/example_dags/example_trigger_target_dag.py
[2024-02-14T09:37:19.890+0000] {processor.py:830} INFO - Processing file /home/airflow/.local/lib/python3.8/site-packages/airflow/example_dags/example_trigger_target_dag.py for tasks to queue
[2024-02-14T09:37:19.892+0000] {logging_mixin.py:188} INFO - [2024-02-14T09:37:19.892+0000] {dagbag.py:538} INFO - Filling up the DagBag from /home/airflow/.local/lib/python3.8/site-packages/airflow/example_dags/example_trigger_target_dag.py
[2024-02-14T09:37:19.902+0000] {processor.py:840} INFO - DAG(s) 'example_trigger_target_dag' retrieved from /home/airflow/.local/lib/python3.8/site-packages/airflow/example_dags/example_trigger_target_dag.py
[2024-02-14T09:37:19.916+0000] {logging_mixin.py:188} INFO - [2024-02-14T09:37:19.916+0000] {dag.py:3036} INFO - Sync 1 DAGs
[2024-02-14T09:37:19.924+0000] {logging_mixin.py:188} INFO - [2024-02-14T09:37:19.923+0000] {dag.py:3823} INFO - Setting next_dagrun for example_trigger_target_dag to None, run_after=None
[2024-02-14T09:37:19.934+0000] {processor.py:183} INFO - Processing /home/airflow/.local/lib/python3.8/site-packages/airflow/example_dags/example_trigger_target_dag.py took 0.049 seconds
[2024-02-14T09:37:50.270+0000] {processor.py:161} INFO - Started process (PID=435) to work on /home/airflow/.local/lib/python3.8/site-packages/airflow/example_dags/example_trigger_target_dag.py
[2024-02-14T09:37:50.272+0000] {processor.py:830} INFO - Processing file /home/airflow/.local/lib/python3.8/site-packages/airflow/example_dags/example_trigger_target_dag.py for tasks to queue
[2024-02-14T09:37:50.274+0000] {logging_mixin.py:188} INFO - [2024-02-14T09:37:50.274+0000] {dagbag.py:538} INFO - Filling up the DagBag from /home/airflow/.local/lib/python3.8/site-packages/airflow/example_dags/example_trigger_target_dag.py
[2024-02-14T09:37:50.278+0000] {processor.py:840} INFO - DAG(s) 'example_trigger_target_dag' retrieved from /home/airflow/.local/lib/python3.8/site-packages/airflow/example_dags/example_trigger_target_dag.py
[2024-02-14T09:37:50.293+0000] {logging_mixin.py:188} INFO - [2024-02-14T09:37:50.293+0000] {dag.py:3036} INFO - Sync 1 DAGs
[2024-02-14T09:37:50.300+0000] {logging_mixin.py:188} INFO - [2024-02-14T09:37:50.300+0000] {dag.py:3823} INFO - Setting next_dagrun for example_trigger_target_dag to None, run_after=None
[2024-02-14T09:37:50.311+0000] {processor.py:183} INFO - Processing /home/airflow/.local/lib/python3.8/site-packages/airflow/example_dags/example_trigger_target_dag.py took 0.043 seconds
[2024-02-14T09:38:20.506+0000] {processor.py:161} INFO - Started process (PID=493) to work on /home/airflow/.local/lib/python3.8/site-packages/airflow/example_dags/example_trigger_target_dag.py
[2024-02-14T09:38:20.508+0000] {processor.py:830} INFO - Processing file /home/airflow/.local/lib/python3.8/site-packages/airflow/example_dags/example_trigger_target_dag.py for tasks to queue
[2024-02-14T09:38:20.510+0000] {logging_mixin.py:188} INFO - [2024-02-14T09:38:20.510+0000] {dagbag.py:538} INFO - Filling up the DagBag from /home/airflow/.local/lib/python3.8/site-packages/airflow/example_dags/example_trigger_target_dag.py
[2024-02-14T09:38:20.514+0000] {processor.py:840} INFO - DAG(s) 'example_trigger_target_dag' retrieved from /home/airflow/.local/lib/python3.8/site-packages/airflow/example_dags/example_trigger_target_dag.py
[2024-02-14T09:38:20.528+0000] {logging_mixin.py:188} INFO - [2024-02-14T09:38:20.528+0000] {dag.py:3036} INFO - Sync 1 DAGs
[2024-02-14T09:38:20.536+0000] {logging_mixin.py:188} INFO - [2024-02-14T09:38:20.536+0000] {dag.py:3823} INFO - Setting next_dagrun for example_trigger_target_dag to None, run_after=None
[2024-02-14T09:38:20.546+0000] {processor.py:183} INFO - Processing /home/airflow/.local/lib/python3.8/site-packages/airflow/example_dags/example_trigger_target_dag.py took 0.042 seconds
[2024-02-14T09:38:50.847+0000] {processor.py:161} INFO - Started process (PID=550) to work on /home/airflow/.local/lib/python3.8/site-packages/airflow/example_dags/example_trigger_target_dag.py
[2024-02-14T09:38:50.848+0000] {processor.py:830} INFO - Processing file /home/airflow/.local/lib/python3.8/site-packages/airflow/example_dags/example_trigger_target_dag.py for tasks to queue
[2024-02-14T09:38:50.851+0000] {logging_mixin.py:188} INFO - [2024-02-14T09:38:50.850+0000] {dagbag.py:538} INFO - Filling up the DagBag from /home/airflow/.local/lib/python3.8/site-packages/airflow/example_dags/example_trigger_target_dag.py
[2024-02-14T09:38:50.855+0000] {processor.py:840} INFO - DAG(s) 'example_trigger_target_dag' retrieved from /home/airflow/.local/lib/python3.8/site-packages/airflow/example_dags/example_trigger_target_dag.py
[2024-02-14T09:38:50.868+0000] {logging_mixin.py:188} INFO - [2024-02-14T09:38:50.868+0000] {dag.py:3036} INFO - Sync 1 DAGs
[2024-02-14T09:38:50.876+0000] {logging_mixin.py:188} INFO - [2024-02-14T09:38:50.876+0000] {dag.py:3823} INFO - Setting next_dagrun for example_trigger_target_dag to None, run_after=None
[2024-02-14T09:38:50.886+0000] {processor.py:183} INFO - Processing /home/airflow/.local/lib/python3.8/site-packages/airflow/example_dags/example_trigger_target_dag.py took 0.041 seconds
[2024-02-14T09:43:46.780+0000] {processor.py:161} INFO - Started process (PID=34) to work on /home/airflow/.local/lib/python3.8/site-packages/airflow/example_dags/example_trigger_target_dag.py
[2024-02-14T09:43:46.782+0000] {processor.py:830} INFO - Processing file /home/airflow/.local/lib/python3.8/site-packages/airflow/example_dags/example_trigger_target_dag.py for tasks to queue
[2024-02-14T09:43:46.784+0000] {logging_mixin.py:188} INFO - [2024-02-14T09:43:46.784+0000] {dagbag.py:538} INFO - Filling up the DagBag from /home/airflow/.local/lib/python3.8/site-packages/airflow/example_dags/example_trigger_target_dag.py
[2024-02-14T09:43:46.791+0000] {processor.py:840} INFO - DAG(s) 'example_trigger_target_dag' retrieved from /home/airflow/.local/lib/python3.8/site-packages/airflow/example_dags/example_trigger_target_dag.py
[2024-02-14T09:43:46.801+0000] {logging_mixin.py:188} INFO - [2024-02-14T09:43:46.800+0000] {dag.py:3036} INFO - Sync 1 DAGs
[2024-02-14T09:43:46.810+0000] {logging_mixin.py:188} INFO - [2024-02-14T09:43:46.810+0000] {dag.py:3823} INFO - Setting next_dagrun for example_trigger_target_dag to None, run_after=None
[2024-02-14T09:43:46.822+0000] {processor.py:183} INFO - Processing /home/airflow/.local/lib/python3.8/site-packages/airflow/example_dags/example_trigger_target_dag.py took 0.045 seconds
[2024-02-14T09:46:34.548+0000] {processor.py:161} INFO - Started process (PID=33) to work on /home/airflow/.local/lib/python3.8/site-packages/airflow/example_dags/example_trigger_target_dag.py
[2024-02-14T09:46:34.550+0000] {processor.py:830} INFO - Processing file /home/airflow/.local/lib/python3.8/site-packages/airflow/example_dags/example_trigger_target_dag.py for tasks to queue
[2024-02-14T09:46:34.552+0000] {logging_mixin.py:188} INFO - [2024-02-14T09:46:34.551+0000] {dagbag.py:538} INFO - Filling up the DagBag from /home/airflow/.local/lib/python3.8/site-packages/airflow/example_dags/example_trigger_target_dag.py
[2024-02-14T09:46:34.560+0000] {processor.py:840} INFO - DAG(s) 'example_trigger_target_dag' retrieved from /home/airflow/.local/lib/python3.8/site-packages/airflow/example_dags/example_trigger_target_dag.py
[2024-02-14T09:46:34.630+0000] {logging_mixin.py:188} INFO - [2024-02-14T09:46:34.629+0000] {override.py:1769} INFO - Created Permission View: can edit on DAG:example_trigger_target_dag
[2024-02-14T09:46:34.637+0000] {logging_mixin.py:188} INFO - [2024-02-14T09:46:34.637+0000] {override.py:1769} INFO - Created Permission View: can read on DAG:example_trigger_target_dag
[2024-02-14T09:46:34.643+0000] {logging_mixin.py:188} INFO - [2024-02-14T09:46:34.643+0000] {override.py:1769} INFO - Created Permission View: can delete on DAG:example_trigger_target_dag
[2024-02-14T09:46:34.645+0000] {logging_mixin.py:188} INFO - [2024-02-14T09:46:34.645+0000] {dag.py:3036} INFO - Sync 1 DAGs
[2024-02-14T09:46:34.653+0000] {logging_mixin.py:188} INFO - [2024-02-14T09:46:34.652+0000] {dag.py:3058} INFO - Creating ORM DAG for example_trigger_target_dag
[2024-02-14T09:46:34.655+0000] {logging_mixin.py:188} INFO - [2024-02-14T09:46:34.655+0000] {dag.py:3823} INFO - Setting next_dagrun for example_trigger_target_dag to None, run_after=None
[2024-02-14T09:46:34.671+0000] {processor.py:183} INFO - Processing /home/airflow/.local/lib/python3.8/site-packages/airflow/example_dags/example_trigger_target_dag.py took 0.126 seconds
[2024-02-14T09:47:04.955+0000] {processor.py:161} INFO - Started process (PID=88) to work on /home/airflow/.local/lib/python3.8/site-packages/airflow/example_dags/example_trigger_target_dag.py
[2024-02-14T09:47:04.957+0000] {processor.py:830} INFO - Processing file /home/airflow/.local/lib/python3.8/site-packages/airflow/example_dags/example_trigger_target_dag.py for tasks to queue
[2024-02-14T09:47:04.959+0000] {logging_mixin.py:188} INFO - [2024-02-14T09:47:04.958+0000] {dagbag.py:538} INFO - Filling up the DagBag from /home/airflow/.local/lib/python3.8/site-packages/airflow/example_dags/example_trigger_target_dag.py
[2024-02-14T09:47:04.963+0000] {processor.py:840} INFO - DAG(s) 'example_trigger_target_dag' retrieved from /home/airflow/.local/lib/python3.8/site-packages/airflow/example_dags/example_trigger_target_dag.py
[2024-02-14T09:47:04.978+0000] {logging_mixin.py:188} INFO - [2024-02-14T09:47:04.978+0000] {dag.py:3036} INFO - Sync 1 DAGs
[2024-02-14T09:47:04.987+0000] {logging_mixin.py:188} INFO - [2024-02-14T09:47:04.986+0000] {dag.py:3823} INFO - Setting next_dagrun for example_trigger_target_dag to None, run_after=None
[2024-02-14T09:47:04.997+0000] {processor.py:183} INFO - Processing /home/airflow/.local/lib/python3.8/site-packages/airflow/example_dags/example_trigger_target_dag.py took 0.045 seconds
[2024-02-14T09:47:35.619+0000] {processor.py:161} INFO - Started process (PID=146) to work on /home/airflow/.local/lib/python3.8/site-packages/airflow/example_dags/example_trigger_target_dag.py
[2024-02-14T09:47:35.621+0000] {processor.py:830} INFO - Processing file /home/airflow/.local/lib/python3.8/site-packages/airflow/example_dags/example_trigger_target_dag.py for tasks to queue
[2024-02-14T09:47:35.624+0000] {logging_mixin.py:188} INFO - [2024-02-14T09:47:35.623+0000] {dagbag.py:538} INFO - Filling up the DagBag from /home/airflow/.local/lib/python3.8/site-packages/airflow/example_dags/example_trigger_target_dag.py
[2024-02-14T09:47:35.629+0000] {processor.py:840} INFO - DAG(s) 'example_trigger_target_dag' retrieved from /home/airflow/.local/lib/python3.8/site-packages/airflow/example_dags/example_trigger_target_dag.py
[2024-02-14T09:47:35.644+0000] {logging_mixin.py:188} INFO - [2024-02-14T09:47:35.644+0000] {dag.py:3036} INFO - Sync 1 DAGs
[2024-02-14T09:47:35.654+0000] {logging_mixin.py:188} INFO - [2024-02-14T09:47:35.654+0000] {dag.py:3823} INFO - Setting next_dagrun for example_trigger_target_dag to None, run_after=None
[2024-02-14T09:47:35.667+0000] {processor.py:183} INFO - Processing /home/airflow/.local/lib/python3.8/site-packages/airflow/example_dags/example_trigger_target_dag.py took 0.051 seconds
[2024-02-14T09:48:06.168+0000] {processor.py:161} INFO - Started process (PID=204) to work on /home/airflow/.local/lib/python3.8/site-packages/airflow/example_dags/example_trigger_target_dag.py
[2024-02-14T09:48:06.170+0000] {processor.py:830} INFO - Processing file /home/airflow/.local/lib/python3.8/site-packages/airflow/example_dags/example_trigger_target_dag.py for tasks to queue
[2024-02-14T09:48:06.173+0000] {logging_mixin.py:188} INFO - [2024-02-14T09:48:06.173+0000] {dagbag.py:538} INFO - Filling up the DagBag from /home/airflow/.local/lib/python3.8/site-packages/airflow/example_dags/example_trigger_target_dag.py
[2024-02-14T09:48:06.178+0000] {processor.py:840} INFO - DAG(s) 'example_trigger_target_dag' retrieved from /home/airflow/.local/lib/python3.8/site-packages/airflow/example_dags/example_trigger_target_dag.py
[2024-02-14T09:48:06.197+0000] {logging_mixin.py:188} INFO - [2024-02-14T09:48:06.197+0000] {dag.py:3036} INFO - Sync 1 DAGs
[2024-02-14T09:48:06.209+0000] {logging_mixin.py:188} INFO - [2024-02-14T09:48:06.209+0000] {dag.py:3823} INFO - Setting next_dagrun for example_trigger_target_dag to None, run_after=None
[2024-02-14T09:48:06.229+0000] {processor.py:183} INFO - Processing /home/airflow/.local/lib/python3.8/site-packages/airflow/example_dags/example_trigger_target_dag.py took 0.064 seconds
[2024-02-14T09:48:36.361+0000] {processor.py:161} INFO - Started process (PID=264) to work on /home/airflow/.local/lib/python3.8/site-packages/airflow/example_dags/example_trigger_target_dag.py
[2024-02-14T09:48:36.364+0000] {processor.py:830} INFO - Processing file /home/airflow/.local/lib/python3.8/site-packages/airflow/example_dags/example_trigger_target_dag.py for tasks to queue
[2024-02-14T09:48:36.366+0000] {logging_mixin.py:188} INFO - [2024-02-14T09:48:36.366+0000] {dagbag.py:538} INFO - Filling up the DagBag from /home/airflow/.local/lib/python3.8/site-packages/airflow/example_dags/example_trigger_target_dag.py
[2024-02-14T09:48:36.371+0000] {processor.py:840} INFO - DAG(s) 'example_trigger_target_dag' retrieved from /home/airflow/.local/lib/python3.8/site-packages/airflow/example_dags/example_trigger_target_dag.py
[2024-02-14T09:48:36.385+0000] {logging_mixin.py:188} INFO - [2024-02-14T09:48:36.384+0000] {dag.py:3036} INFO - Sync 1 DAGs
[2024-02-14T09:48:36.393+0000] {logging_mixin.py:188} INFO - [2024-02-14T09:48:36.392+0000] {dag.py:3823} INFO - Setting next_dagrun for example_trigger_target_dag to None, run_after=None
[2024-02-14T09:48:36.403+0000] {processor.py:183} INFO - Processing /home/airflow/.local/lib/python3.8/site-packages/airflow/example_dags/example_trigger_target_dag.py took 0.047 seconds
[2024-02-14T09:49:07.087+0000] {processor.py:161} INFO - Started process (PID=320) to work on /home/airflow/.local/lib/python3.8/site-packages/airflow/example_dags/example_trigger_target_dag.py
[2024-02-14T09:49:07.089+0000] {processor.py:830} INFO - Processing file /home/airflow/.local/lib/python3.8/site-packages/airflow/example_dags/example_trigger_target_dag.py for tasks to queue
[2024-02-14T09:49:07.091+0000] {logging_mixin.py:188} INFO - [2024-02-14T09:49:07.091+0000] {dagbag.py:538} INFO - Filling up the DagBag from /home/airflow/.local/lib/python3.8/site-packages/airflow/example_dags/example_trigger_target_dag.py
[2024-02-14T09:49:07.095+0000] {processor.py:840} INFO - DAG(s) 'example_trigger_target_dag' retrieved from /home/airflow/.local/lib/python3.8/site-packages/airflow/example_dags/example_trigger_target_dag.py
[2024-02-14T09:49:07.111+0000] {logging_mixin.py:188} INFO - [2024-02-14T09:49:07.111+0000] {dag.py:3036} INFO - Sync 1 DAGs
[2024-02-14T09:49:07.119+0000] {logging_mixin.py:188} INFO - [2024-02-14T09:49:07.119+0000] {dag.py:3823} INFO - Setting next_dagrun for example_trigger_target_dag to None, run_after=None
[2024-02-14T09:49:07.129+0000] {processor.py:183} INFO - Processing /home/airflow/.local/lib/python3.8/site-packages/airflow/example_dags/example_trigger_target_dag.py took 0.045 seconds
[2024-02-14T09:49:37.976+0000] {processor.py:161} INFO - Started process (PID=376) to work on /home/airflow/.local/lib/python3.8/site-packages/airflow/example_dags/example_trigger_target_dag.py
[2024-02-14T09:49:37.979+0000] {processor.py:830} INFO - Processing file /home/airflow/.local/lib/python3.8/site-packages/airflow/example_dags/example_trigger_target_dag.py for tasks to queue
[2024-02-14T09:49:37.982+0000] {logging_mixin.py:188} INFO - [2024-02-14T09:49:37.982+0000] {dagbag.py:538} INFO - Filling up the DagBag from /home/airflow/.local/lib/python3.8/site-packages/airflow/example_dags/example_trigger_target_dag.py
[2024-02-14T09:49:37.988+0000] {processor.py:840} INFO - DAG(s) 'example_trigger_target_dag' retrieved from /home/airflow/.local/lib/python3.8/site-packages/airflow/example_dags/example_trigger_target_dag.py
[2024-02-14T09:49:38.005+0000] {logging_mixin.py:188} INFO - [2024-02-14T09:49:38.005+0000] {dag.py:3036} INFO - Sync 1 DAGs
[2024-02-14T09:49:38.015+0000] {logging_mixin.py:188} INFO - [2024-02-14T09:49:38.015+0000] {dag.py:3823} INFO - Setting next_dagrun for example_trigger_target_dag to None, run_after=None
[2024-02-14T09:49:38.030+0000] {processor.py:183} INFO - Processing /home/airflow/.local/lib/python3.8/site-packages/airflow/example_dags/example_trigger_target_dag.py took 0.057 seconds
[2024-02-14T09:50:08.581+0000] {processor.py:161} INFO - Started process (PID=434) to work on /home/airflow/.local/lib/python3.8/site-packages/airflow/example_dags/example_trigger_target_dag.py
[2024-02-14T09:50:08.583+0000] {processor.py:830} INFO - Processing file /home/airflow/.local/lib/python3.8/site-packages/airflow/example_dags/example_trigger_target_dag.py for tasks to queue
[2024-02-14T09:50:08.585+0000] {logging_mixin.py:188} INFO - [2024-02-14T09:50:08.585+0000] {dagbag.py:538} INFO - Filling up the DagBag from /home/airflow/.local/lib/python3.8/site-packages/airflow/example_dags/example_trigger_target_dag.py
[2024-02-14T09:50:08.589+0000] {processor.py:840} INFO - DAG(s) 'example_trigger_target_dag' retrieved from /home/airflow/.local/lib/python3.8/site-packages/airflow/example_dags/example_trigger_target_dag.py
[2024-02-14T09:50:08.604+0000] {logging_mixin.py:188} INFO - [2024-02-14T09:50:08.604+0000] {dag.py:3036} INFO - Sync 1 DAGs
[2024-02-14T09:50:08.611+0000] {logging_mixin.py:188} INFO - [2024-02-14T09:50:08.611+0000] {dag.py:3823} INFO - Setting next_dagrun for example_trigger_target_dag to None, run_after=None
[2024-02-14T09:50:08.621+0000] {processor.py:183} INFO - Processing /home/airflow/.local/lib/python3.8/site-packages/airflow/example_dags/example_trigger_target_dag.py took 0.042 seconds
[2024-02-14T09:50:39.085+0000] {processor.py:161} INFO - Started process (PID=490) to work on /home/airflow/.local/lib/python3.8/site-packages/airflow/example_dags/example_trigger_target_dag.py
[2024-02-14T09:50:39.087+0000] {processor.py:830} INFO - Processing file /home/airflow/.local/lib/python3.8/site-packages/airflow/example_dags/example_trigger_target_dag.py for tasks to queue
[2024-02-14T09:50:39.088+0000] {logging_mixin.py:188} INFO - [2024-02-14T09:50:39.088+0000] {dagbag.py:538} INFO - Filling up the DagBag from /home/airflow/.local/lib/python3.8/site-packages/airflow/example_dags/example_trigger_target_dag.py
[2024-02-14T09:50:39.093+0000] {processor.py:840} INFO - DAG(s) 'example_trigger_target_dag' retrieved from /home/airflow/.local/lib/python3.8/site-packages/airflow/example_dags/example_trigger_target_dag.py
[2024-02-14T09:50:39.108+0000] {logging_mixin.py:188} INFO - [2024-02-14T09:50:39.107+0000] {dag.py:3036} INFO - Sync 1 DAGs
[2024-02-14T09:50:39.115+0000] {logging_mixin.py:188} INFO - [2024-02-14T09:50:39.115+0000] {dag.py:3823} INFO - Setting next_dagrun for example_trigger_target_dag to None, run_after=None
[2024-02-14T09:50:39.126+0000] {processor.py:183} INFO - Processing /home/airflow/.local/lib/python3.8/site-packages/airflow/example_dags/example_trigger_target_dag.py took 0.043 seconds
[2024-02-14T09:51:09.337+0000] {processor.py:161} INFO - Started process (PID=546) to work on /home/airflow/.local/lib/python3.8/site-packages/airflow/example_dags/example_trigger_target_dag.py
[2024-02-14T09:51:09.338+0000] {processor.py:830} INFO - Processing file /home/airflow/.local/lib/python3.8/site-packages/airflow/example_dags/example_trigger_target_dag.py for tasks to queue
[2024-02-14T09:51:09.340+0000] {logging_mixin.py:188} INFO - [2024-02-14T09:51:09.340+0000] {dagbag.py:538} INFO - Filling up the DagBag from /home/airflow/.local/lib/python3.8/site-packages/airflow/example_dags/example_trigger_target_dag.py
[2024-02-14T09:51:09.344+0000] {processor.py:840} INFO - DAG(s) 'example_trigger_target_dag' retrieved from /home/airflow/.local/lib/python3.8/site-packages/airflow/example_dags/example_trigger_target_dag.py
[2024-02-14T09:51:09.357+0000] {logging_mixin.py:188} INFO - [2024-02-14T09:51:09.357+0000] {dag.py:3036} INFO - Sync 1 DAGs
[2024-02-14T09:51:09.365+0000] {logging_mixin.py:188} INFO - [2024-02-14T09:51:09.364+0000] {dag.py:3823} INFO - Setting next_dagrun for example_trigger_target_dag to None, run_after=None
[2024-02-14T09:51:09.375+0000] {processor.py:183} INFO - Processing /home/airflow/.local/lib/python3.8/site-packages/airflow/example_dags/example_trigger_target_dag.py took 0.040 seconds
[2024-02-14T09:51:39.753+0000] {processor.py:161} INFO - Started process (PID=604) to work on /home/airflow/.local/lib/python3.8/site-packages/airflow/example_dags/example_trigger_target_dag.py
[2024-02-14T09:51:39.755+0000] {processor.py:830} INFO - Processing file /home/airflow/.local/lib/python3.8/site-packages/airflow/example_dags/example_trigger_target_dag.py for tasks to queue
[2024-02-14T09:51:39.757+0000] {logging_mixin.py:188} INFO - [2024-02-14T09:51:39.757+0000] {dagbag.py:538} INFO - Filling up the DagBag from /home/airflow/.local/lib/python3.8/site-packages/airflow/example_dags/example_trigger_target_dag.py
[2024-02-14T09:51:39.761+0000] {processor.py:840} INFO - DAG(s) 'example_trigger_target_dag' retrieved from /home/airflow/.local/lib/python3.8/site-packages/airflow/example_dags/example_trigger_target_dag.py
[2024-02-14T09:51:39.775+0000] {logging_mixin.py:188} INFO - [2024-02-14T09:51:39.774+0000] {dag.py:3036} INFO - Sync 1 DAGs
[2024-02-14T09:51:39.782+0000] {logging_mixin.py:188} INFO - [2024-02-14T09:51:39.782+0000] {dag.py:3823} INFO - Setting next_dagrun for example_trigger_target_dag to None, run_after=None
[2024-02-14T09:51:39.793+0000] {processor.py:183} INFO - Processing /home/airflow/.local/lib/python3.8/site-packages/airflow/example_dags/example_trigger_target_dag.py took 0.043 seconds
[2024-02-14T09:52:10.407+0000] {processor.py:161} INFO - Started process (PID=661) to work on /home/airflow/.local/lib/python3.8/site-packages/airflow/example_dags/example_trigger_target_dag.py
[2024-02-14T09:52:10.409+0000] {processor.py:830} INFO - Processing file /home/airflow/.local/lib/python3.8/site-packages/airflow/example_dags/example_trigger_target_dag.py for tasks to queue
[2024-02-14T09:52:10.412+0000] {logging_mixin.py:188} INFO - [2024-02-14T09:52:10.412+0000] {dagbag.py:538} INFO - Filling up the DagBag from /home/airflow/.local/lib/python3.8/site-packages/airflow/example_dags/example_trigger_target_dag.py
[2024-02-14T09:52:10.419+0000] {processor.py:840} INFO - DAG(s) 'example_trigger_target_dag' retrieved from /home/airflow/.local/lib/python3.8/site-packages/airflow/example_dags/example_trigger_target_dag.py
[2024-02-14T09:52:10.443+0000] {logging_mixin.py:188} INFO - [2024-02-14T09:52:10.443+0000] {dag.py:3036} INFO - Sync 1 DAGs
[2024-02-14T09:52:10.455+0000] {logging_mixin.py:188} INFO - [2024-02-14T09:52:10.455+0000] {dag.py:3823} INFO - Setting next_dagrun for example_trigger_target_dag to None, run_after=None
[2024-02-14T09:52:10.478+0000] {processor.py:183} INFO - Processing /home/airflow/.local/lib/python3.8/site-packages/airflow/example_dags/example_trigger_target_dag.py took 0.075 seconds
[2024-02-14T09:52:40.808+0000] {processor.py:161} INFO - Started process (PID=717) to work on /home/airflow/.local/lib/python3.8/site-packages/airflow/example_dags/example_trigger_target_dag.py
[2024-02-14T09:52:40.810+0000] {processor.py:830} INFO - Processing file /home/airflow/.local/lib/python3.8/site-packages/airflow/example_dags/example_trigger_target_dag.py for tasks to queue
[2024-02-14T09:52:40.812+0000] {logging_mixin.py:188} INFO - [2024-02-14T09:52:40.812+0000] {dagbag.py:538} INFO - Filling up the DagBag from /home/airflow/.local/lib/python3.8/site-packages/airflow/example_dags/example_trigger_target_dag.py
[2024-02-14T09:52:40.817+0000] {processor.py:840} INFO - DAG(s) 'example_trigger_target_dag' retrieved from /home/airflow/.local/lib/python3.8/site-packages/airflow/example_dags/example_trigger_target_dag.py
[2024-02-14T09:52:40.832+0000] {logging_mixin.py:188} INFO - [2024-02-14T09:52:40.831+0000] {dag.py:3036} INFO - Sync 1 DAGs
[2024-02-14T09:52:40.839+0000] {logging_mixin.py:188} INFO - [2024-02-14T09:52:40.839+0000] {dag.py:3823} INFO - Setting next_dagrun for example_trigger_target_dag to None, run_after=None
[2024-02-14T09:52:40.850+0000] {processor.py:183} INFO - Processing /home/airflow/.local/lib/python3.8/site-packages/airflow/example_dags/example_trigger_target_dag.py took 0.044 seconds
[2024-02-14T09:53:36.541+0000] {processor.py:161} INFO - Started process (PID=38) to work on /home/airflow/.local/lib/python3.8/site-packages/airflow/example_dags/example_trigger_target_dag.py
[2024-02-14T09:53:36.544+0000] {processor.py:830} INFO - Processing file /home/airflow/.local/lib/python3.8/site-packages/airflow/example_dags/example_trigger_target_dag.py for tasks to queue
[2024-02-14T09:53:36.548+0000] {logging_mixin.py:188} INFO - [2024-02-14T09:53:36.547+0000] {dagbag.py:538} INFO - Filling up the DagBag from /home/airflow/.local/lib/python3.8/site-packages/airflow/example_dags/example_trigger_target_dag.py
[2024-02-14T09:53:36.565+0000] {processor.py:840} INFO - DAG(s) 'example_trigger_target_dag' retrieved from /home/airflow/.local/lib/python3.8/site-packages/airflow/example_dags/example_trigger_target_dag.py
[2024-02-14T09:53:36.579+0000] {logging_mixin.py:188} INFO - [2024-02-14T09:53:36.579+0000] {dag.py:3036} INFO - Sync 1 DAGs
[2024-02-14T09:53:36.592+0000] {logging_mixin.py:188} INFO - [2024-02-14T09:53:36.591+0000] {dag.py:3823} INFO - Setting next_dagrun for example_trigger_target_dag to None, run_after=None
[2024-02-14T09:53:36.609+0000] {processor.py:183} INFO - Processing /home/airflow/.local/lib/python3.8/site-packages/airflow/example_dags/example_trigger_target_dag.py took 0.092 seconds
[2024-02-14T09:54:07.151+0000] {processor.py:161} INFO - Started process (PID=94) to work on /home/airflow/.local/lib/python3.8/site-packages/airflow/example_dags/example_trigger_target_dag.py
[2024-02-14T09:54:07.153+0000] {processor.py:830} INFO - Processing file /home/airflow/.local/lib/python3.8/site-packages/airflow/example_dags/example_trigger_target_dag.py for tasks to queue
[2024-02-14T09:54:07.157+0000] {logging_mixin.py:188} INFO - [2024-02-14T09:54:07.157+0000] {dagbag.py:538} INFO - Filling up the DagBag from /home/airflow/.local/lib/python3.8/site-packages/airflow/example_dags/example_trigger_target_dag.py
[2024-02-14T09:54:07.163+0000] {processor.py:840} INFO - DAG(s) 'example_trigger_target_dag' retrieved from /home/airflow/.local/lib/python3.8/site-packages/airflow/example_dags/example_trigger_target_dag.py
[2024-02-14T09:54:07.252+0000] {logging_mixin.py:188} INFO - [2024-02-14T09:54:07.252+0000] {dag.py:3036} INFO - Sync 1 DAGs
[2024-02-14T09:54:07.261+0000] {logging_mixin.py:188} INFO - [2024-02-14T09:54:07.261+0000] {dag.py:3823} INFO - Setting next_dagrun for example_trigger_target_dag to None, run_after=None
[2024-02-14T09:54:07.275+0000] {processor.py:183} INFO - Processing /home/airflow/.local/lib/python3.8/site-packages/airflow/example_dags/example_trigger_target_dag.py took 0.126 seconds
[2024-02-14T09:54:37.439+0000] {processor.py:161} INFO - Started process (PID=151) to work on /home/airflow/.local/lib/python3.8/site-packages/airflow/example_dags/example_trigger_target_dag.py
[2024-02-14T09:54:37.441+0000] {processor.py:830} INFO - Processing file /home/airflow/.local/lib/python3.8/site-packages/airflow/example_dags/example_trigger_target_dag.py for tasks to queue
[2024-02-14T09:54:37.444+0000] {logging_mixin.py:188} INFO - [2024-02-14T09:54:37.443+0000] {dagbag.py:538} INFO - Filling up the DagBag from /home/airflow/.local/lib/python3.8/site-packages/airflow/example_dags/example_trigger_target_dag.py
[2024-02-14T09:54:37.450+0000] {processor.py:840} INFO - DAG(s) 'example_trigger_target_dag' retrieved from /home/airflow/.local/lib/python3.8/site-packages/airflow/example_dags/example_trigger_target_dag.py
[2024-02-14T09:54:37.478+0000] {logging_mixin.py:188} INFO - [2024-02-14T09:54:37.477+0000] {dag.py:3036} INFO - Sync 1 DAGs
[2024-02-14T09:54:37.491+0000] {logging_mixin.py:188} INFO - [2024-02-14T09:54:37.491+0000] {dag.py:3823} INFO - Setting next_dagrun for example_trigger_target_dag to None, run_after=None
[2024-02-14T09:54:37.515+0000] {processor.py:183} INFO - Processing /home/airflow/.local/lib/python3.8/site-packages/airflow/example_dags/example_trigger_target_dag.py took 0.079 seconds
[2024-02-14T09:55:47.957+0000] {processor.py:161} INFO - Started process (PID=35) to work on /home/airflow/.local/lib/python3.8/site-packages/airflow/example_dags/example_trigger_target_dag.py
[2024-02-14T09:55:47.961+0000] {processor.py:830} INFO - Processing file /home/airflow/.local/lib/python3.8/site-packages/airflow/example_dags/example_trigger_target_dag.py for tasks to queue
[2024-02-14T09:55:47.963+0000] {logging_mixin.py:188} INFO - [2024-02-14T09:55:47.963+0000] {dagbag.py:538} INFO - Filling up the DagBag from /home/airflow/.local/lib/python3.8/site-packages/airflow/example_dags/example_trigger_target_dag.py
[2024-02-14T09:55:47.971+0000] {processor.py:840} INFO - DAG(s) 'example_trigger_target_dag' retrieved from /home/airflow/.local/lib/python3.8/site-packages/airflow/example_dags/example_trigger_target_dag.py
[2024-02-14T09:55:47.979+0000] {logging_mixin.py:188} INFO - [2024-02-14T09:55:47.979+0000] {dag.py:3036} INFO - Sync 1 DAGs
[2024-02-14T09:55:47.990+0000] {logging_mixin.py:188} INFO - [2024-02-14T09:55:47.990+0000] {dag.py:3823} INFO - Setting next_dagrun for example_trigger_target_dag to None, run_after=None
[2024-02-14T09:55:48.008+0000] {processor.py:183} INFO - Processing /home/airflow/.local/lib/python3.8/site-packages/airflow/example_dags/example_trigger_target_dag.py took 0.053 seconds
[2024-02-14T09:56:18.383+0000] {processor.py:161} INFO - Started process (PID=97) to work on /home/airflow/.local/lib/python3.8/site-packages/airflow/example_dags/example_trigger_target_dag.py
[2024-02-14T09:56:18.385+0000] {processor.py:830} INFO - Processing file /home/airflow/.local/lib/python3.8/site-packages/airflow/example_dags/example_trigger_target_dag.py for tasks to queue
[2024-02-14T09:56:18.386+0000] {logging_mixin.py:188} INFO - [2024-02-14T09:56:18.386+0000] {dagbag.py:538} INFO - Filling up the DagBag from /home/airflow/.local/lib/python3.8/site-packages/airflow/example_dags/example_trigger_target_dag.py
[2024-02-14T09:56:18.391+0000] {processor.py:840} INFO - DAG(s) 'example_trigger_target_dag' retrieved from /home/airflow/.local/lib/python3.8/site-packages/airflow/example_dags/example_trigger_target_dag.py
[2024-02-14T09:56:18.447+0000] {logging_mixin.py:188} INFO - [2024-02-14T09:56:18.447+0000] {dag.py:3036} INFO - Sync 1 DAGs
[2024-02-14T09:56:18.453+0000] {logging_mixin.py:188} INFO - [2024-02-14T09:56:18.453+0000] {dag.py:3823} INFO - Setting next_dagrun for example_trigger_target_dag to None, run_after=None
[2024-02-14T09:56:18.467+0000] {processor.py:183} INFO - Processing /home/airflow/.local/lib/python3.8/site-packages/airflow/example_dags/example_trigger_target_dag.py took 0.086 seconds
[2024-02-14T09:56:48.649+0000] {processor.py:161} INFO - Started process (PID=154) to work on /home/airflow/.local/lib/python3.8/site-packages/airflow/example_dags/example_trigger_target_dag.py
[2024-02-14T09:56:48.650+0000] {processor.py:830} INFO - Processing file /home/airflow/.local/lib/python3.8/site-packages/airflow/example_dags/example_trigger_target_dag.py for tasks to queue
[2024-02-14T09:56:48.652+0000] {logging_mixin.py:188} INFO - [2024-02-14T09:56:48.652+0000] {dagbag.py:538} INFO - Filling up the DagBag from /home/airflow/.local/lib/python3.8/site-packages/airflow/example_dags/example_trigger_target_dag.py
[2024-02-14T09:56:48.657+0000] {processor.py:840} INFO - DAG(s) 'example_trigger_target_dag' retrieved from /home/airflow/.local/lib/python3.8/site-packages/airflow/example_dags/example_trigger_target_dag.py
[2024-02-14T09:56:48.671+0000] {logging_mixin.py:188} INFO - [2024-02-14T09:56:48.671+0000] {dag.py:3036} INFO - Sync 1 DAGs
[2024-02-14T09:56:48.679+0000] {logging_mixin.py:188} INFO - [2024-02-14T09:56:48.679+0000] {dag.py:3823} INFO - Setting next_dagrun for example_trigger_target_dag to None, run_after=None
[2024-02-14T09:56:48.691+0000] {processor.py:183} INFO - Processing /home/airflow/.local/lib/python3.8/site-packages/airflow/example_dags/example_trigger_target_dag.py took 0.045 seconds
[2024-02-14T09:57:19.106+0000] {processor.py:161} INFO - Started process (PID=211) to work on /home/airflow/.local/lib/python3.8/site-packages/airflow/example_dags/example_trigger_target_dag.py
[2024-02-14T09:57:19.109+0000] {processor.py:830} INFO - Processing file /home/airflow/.local/lib/python3.8/site-packages/airflow/example_dags/example_trigger_target_dag.py for tasks to queue
[2024-02-14T09:57:19.111+0000] {logging_mixin.py:188} INFO - [2024-02-14T09:57:19.110+0000] {dagbag.py:538} INFO - Filling up the DagBag from /home/airflow/.local/lib/python3.8/site-packages/airflow/example_dags/example_trigger_target_dag.py
[2024-02-14T09:57:19.115+0000] {processor.py:840} INFO - DAG(s) 'example_trigger_target_dag' retrieved from /home/airflow/.local/lib/python3.8/site-packages/airflow/example_dags/example_trigger_target_dag.py
[2024-02-14T09:57:19.130+0000] {logging_mixin.py:188} INFO - [2024-02-14T09:57:19.130+0000] {dag.py:3036} INFO - Sync 1 DAGs
[2024-02-14T09:57:19.138+0000] {logging_mixin.py:188} INFO - [2024-02-14T09:57:19.138+0000] {dag.py:3823} INFO - Setting next_dagrun for example_trigger_target_dag to None, run_after=None
[2024-02-14T09:57:19.149+0000] {processor.py:183} INFO - Processing /home/airflow/.local/lib/python3.8/site-packages/airflow/example_dags/example_trigger_target_dag.py took 0.045 seconds
[2024-02-14T09:57:49.633+0000] {processor.py:161} INFO - Started process (PID=269) to work on /home/airflow/.local/lib/python3.8/site-packages/airflow/example_dags/example_trigger_target_dag.py
[2024-02-14T09:57:49.635+0000] {processor.py:830} INFO - Processing file /home/airflow/.local/lib/python3.8/site-packages/airflow/example_dags/example_trigger_target_dag.py for tasks to queue
[2024-02-14T09:57:49.641+0000] {logging_mixin.py:188} INFO - [2024-02-14T09:57:49.640+0000] {dagbag.py:538} INFO - Filling up the DagBag from /home/airflow/.local/lib/python3.8/site-packages/airflow/example_dags/example_trigger_target_dag.py
[2024-02-14T09:57:49.649+0000] {processor.py:840} INFO - DAG(s) 'example_trigger_target_dag' retrieved from /home/airflow/.local/lib/python3.8/site-packages/airflow/example_dags/example_trigger_target_dag.py
[2024-02-14T09:57:49.681+0000] {logging_mixin.py:188} INFO - [2024-02-14T09:57:49.681+0000] {dag.py:3036} INFO - Sync 1 DAGs
[2024-02-14T09:57:49.697+0000] {logging_mixin.py:188} INFO - [2024-02-14T09:57:49.696+0000] {dag.py:3823} INFO - Setting next_dagrun for example_trigger_target_dag to None, run_after=None
[2024-02-14T09:57:49.724+0000] {processor.py:183} INFO - Processing /home/airflow/.local/lib/python3.8/site-packages/airflow/example_dags/example_trigger_target_dag.py took 0.094 seconds
[2024-02-14T09:58:20.234+0000] {processor.py:161} INFO - Started process (PID=326) to work on /home/airflow/.local/lib/python3.8/site-packages/airflow/example_dags/example_trigger_target_dag.py
[2024-02-14T09:58:20.236+0000] {processor.py:830} INFO - Processing file /home/airflow/.local/lib/python3.8/site-packages/airflow/example_dags/example_trigger_target_dag.py for tasks to queue
[2024-02-14T09:58:20.238+0000] {logging_mixin.py:188} INFO - [2024-02-14T09:58:20.238+0000] {dagbag.py:538} INFO - Filling up the DagBag from /home/airflow/.local/lib/python3.8/site-packages/airflow/example_dags/example_trigger_target_dag.py
[2024-02-14T09:58:20.243+0000] {processor.py:840} INFO - DAG(s) 'example_trigger_target_dag' retrieved from /home/airflow/.local/lib/python3.8/site-packages/airflow/example_dags/example_trigger_target_dag.py
[2024-02-14T09:58:20.258+0000] {logging_mixin.py:188} INFO - [2024-02-14T09:58:20.257+0000] {dag.py:3036} INFO - Sync 1 DAGs
[2024-02-14T09:58:20.265+0000] {logging_mixin.py:188} INFO - [2024-02-14T09:58:20.265+0000] {dag.py:3823} INFO - Setting next_dagrun for example_trigger_target_dag to None, run_after=None
[2024-02-14T09:58:20.277+0000] {processor.py:183} INFO - Processing /home/airflow/.local/lib/python3.8/site-packages/airflow/example_dags/example_trigger_target_dag.py took 0.045 seconds
[2024-02-14T09:58:50.850+0000] {processor.py:161} INFO - Started process (PID=385) to work on /home/airflow/.local/lib/python3.8/site-packages/airflow/example_dags/example_trigger_target_dag.py
[2024-02-14T09:58:50.854+0000] {processor.py:830} INFO - Processing file /home/airflow/.local/lib/python3.8/site-packages/airflow/example_dags/example_trigger_target_dag.py for tasks to queue
[2024-02-14T09:58:50.858+0000] {logging_mixin.py:188} INFO - [2024-02-14T09:58:50.857+0000] {dagbag.py:538} INFO - Filling up the DagBag from /home/airflow/.local/lib/python3.8/site-packages/airflow/example_dags/example_trigger_target_dag.py
[2024-02-14T09:58:50.865+0000] {processor.py:840} INFO - DAG(s) 'example_trigger_target_dag' retrieved from /home/airflow/.local/lib/python3.8/site-packages/airflow/example_dags/example_trigger_target_dag.py
[2024-02-14T09:58:50.888+0000] {logging_mixin.py:188} INFO - [2024-02-14T09:58:50.888+0000] {dag.py:3036} INFO - Sync 1 DAGs
[2024-02-14T09:58:50.911+0000] {logging_mixin.py:188} INFO - [2024-02-14T09:58:50.911+0000] {dag.py:3823} INFO - Setting next_dagrun for example_trigger_target_dag to None, run_after=None
[2024-02-14T09:58:50.931+0000] {processor.py:183} INFO - Processing /home/airflow/.local/lib/python3.8/site-packages/airflow/example_dags/example_trigger_target_dag.py took 0.084 seconds
[2024-02-14T09:59:21.423+0000] {processor.py:161} INFO - Started process (PID=442) to work on /home/airflow/.local/lib/python3.8/site-packages/airflow/example_dags/example_trigger_target_dag.py
[2024-02-14T09:59:21.425+0000] {processor.py:830} INFO - Processing file /home/airflow/.local/lib/python3.8/site-packages/airflow/example_dags/example_trigger_target_dag.py for tasks to queue
[2024-02-14T09:59:21.427+0000] {logging_mixin.py:188} INFO - [2024-02-14T09:59:21.427+0000] {dagbag.py:538} INFO - Filling up the DagBag from /home/airflow/.local/lib/python3.8/site-packages/airflow/example_dags/example_trigger_target_dag.py
[2024-02-14T09:59:21.432+0000] {processor.py:840} INFO - DAG(s) 'example_trigger_target_dag' retrieved from /home/airflow/.local/lib/python3.8/site-packages/airflow/example_dags/example_trigger_target_dag.py
[2024-02-14T09:59:21.446+0000] {logging_mixin.py:188} INFO - [2024-02-14T09:59:21.446+0000] {dag.py:3036} INFO - Sync 1 DAGs
[2024-02-14T09:59:21.455+0000] {logging_mixin.py:188} INFO - [2024-02-14T09:59:21.455+0000] {dag.py:3823} INFO - Setting next_dagrun for example_trigger_target_dag to None, run_after=None
[2024-02-14T09:59:21.466+0000] {processor.py:183} INFO - Processing /home/airflow/.local/lib/python3.8/site-packages/airflow/example_dags/example_trigger_target_dag.py took 0.046 seconds
[2024-02-14T09:59:52.048+0000] {processor.py:161} INFO - Started process (PID=498) to work on /home/airflow/.local/lib/python3.8/site-packages/airflow/example_dags/example_trigger_target_dag.py
[2024-02-14T09:59:52.049+0000] {processor.py:830} INFO - Processing file /home/airflow/.local/lib/python3.8/site-packages/airflow/example_dags/example_trigger_target_dag.py for tasks to queue
[2024-02-14T09:59:52.051+0000] {logging_mixin.py:188} INFO - [2024-02-14T09:59:52.051+0000] {dagbag.py:538} INFO - Filling up the DagBag from /home/airflow/.local/lib/python3.8/site-packages/airflow/example_dags/example_trigger_target_dag.py
[2024-02-14T09:59:52.056+0000] {processor.py:840} INFO - DAG(s) 'example_trigger_target_dag' retrieved from /home/airflow/.local/lib/python3.8/site-packages/airflow/example_dags/example_trigger_target_dag.py
[2024-02-14T09:59:52.070+0000] {logging_mixin.py:188} INFO - [2024-02-14T09:59:52.070+0000] {dag.py:3036} INFO - Sync 1 DAGs
[2024-02-14T09:59:52.078+0000] {logging_mixin.py:188} INFO - [2024-02-14T09:59:52.078+0000] {dag.py:3823} INFO - Setting next_dagrun for example_trigger_target_dag to None, run_after=None
[2024-02-14T09:59:52.091+0000] {processor.py:183} INFO - Processing /home/airflow/.local/lib/python3.8/site-packages/airflow/example_dags/example_trigger_target_dag.py took 0.045 seconds
[2024-02-14T10:00:22.327+0000] {processor.py:161} INFO - Started process (PID=555) to work on /home/airflow/.local/lib/python3.8/site-packages/airflow/example_dags/example_trigger_target_dag.py
[2024-02-14T10:00:22.329+0000] {processor.py:830} INFO - Processing file /home/airflow/.local/lib/python3.8/site-packages/airflow/example_dags/example_trigger_target_dag.py for tasks to queue
[2024-02-14T10:00:22.332+0000] {logging_mixin.py:188} INFO - [2024-02-14T10:00:22.331+0000] {dagbag.py:538} INFO - Filling up the DagBag from /home/airflow/.local/lib/python3.8/site-packages/airflow/example_dags/example_trigger_target_dag.py
[2024-02-14T10:00:22.336+0000] {processor.py:840} INFO - DAG(s) 'example_trigger_target_dag' retrieved from /home/airflow/.local/lib/python3.8/site-packages/airflow/example_dags/example_trigger_target_dag.py
[2024-02-14T10:00:22.350+0000] {logging_mixin.py:188} INFO - [2024-02-14T10:00:22.350+0000] {dag.py:3036} INFO - Sync 1 DAGs
[2024-02-14T10:00:22.358+0000] {logging_mixin.py:188} INFO - [2024-02-14T10:00:22.358+0000] {dag.py:3823} INFO - Setting next_dagrun for example_trigger_target_dag to None, run_after=None
[2024-02-14T10:00:22.369+0000] {processor.py:183} INFO - Processing /home/airflow/.local/lib/python3.8/site-packages/airflow/example_dags/example_trigger_target_dag.py took 0.045 seconds
[2024-02-14T10:00:53.127+0000] {processor.py:161} INFO - Started process (PID=612) to work on /home/airflow/.local/lib/python3.8/site-packages/airflow/example_dags/example_trigger_target_dag.py
[2024-02-14T10:00:53.130+0000] {processor.py:830} INFO - Processing file /home/airflow/.local/lib/python3.8/site-packages/airflow/example_dags/example_trigger_target_dag.py for tasks to queue
[2024-02-14T10:00:53.132+0000] {logging_mixin.py:188} INFO - [2024-02-14T10:00:53.132+0000] {dagbag.py:538} INFO - Filling up the DagBag from /home/airflow/.local/lib/python3.8/site-packages/airflow/example_dags/example_trigger_target_dag.py
[2024-02-14T10:00:53.141+0000] {processor.py:840} INFO - DAG(s) 'example_trigger_target_dag' retrieved from /home/airflow/.local/lib/python3.8/site-packages/airflow/example_dags/example_trigger_target_dag.py
[2024-02-14T10:00:53.166+0000] {logging_mixin.py:188} INFO - [2024-02-14T10:00:53.166+0000] {dag.py:3036} INFO - Sync 1 DAGs
[2024-02-14T10:00:53.180+0000] {logging_mixin.py:188} INFO - [2024-02-14T10:00:53.179+0000] {dag.py:3823} INFO - Setting next_dagrun for example_trigger_target_dag to None, run_after=None
[2024-02-14T10:00:53.201+0000] {processor.py:183} INFO - Processing /home/airflow/.local/lib/python3.8/site-packages/airflow/example_dags/example_trigger_target_dag.py took 0.078 seconds
[2024-02-14T10:01:23.695+0000] {processor.py:161} INFO - Started process (PID=668) to work on /home/airflow/.local/lib/python3.8/site-packages/airflow/example_dags/example_trigger_target_dag.py
[2024-02-14T10:01:23.697+0000] {processor.py:830} INFO - Processing file /home/airflow/.local/lib/python3.8/site-packages/airflow/example_dags/example_trigger_target_dag.py for tasks to queue
[2024-02-14T10:01:23.699+0000] {logging_mixin.py:188} INFO - [2024-02-14T10:01:23.699+0000] {dagbag.py:538} INFO - Filling up the DagBag from /home/airflow/.local/lib/python3.8/site-packages/airflow/example_dags/example_trigger_target_dag.py
[2024-02-14T10:01:23.705+0000] {processor.py:840} INFO - DAG(s) 'example_trigger_target_dag' retrieved from /home/airflow/.local/lib/python3.8/site-packages/airflow/example_dags/example_trigger_target_dag.py
[2024-02-14T10:01:23.721+0000] {logging_mixin.py:188} INFO - [2024-02-14T10:01:23.721+0000] {dag.py:3036} INFO - Sync 1 DAGs
[2024-02-14T10:01:23.730+0000] {logging_mixin.py:188} INFO - [2024-02-14T10:01:23.730+0000] {dag.py:3823} INFO - Setting next_dagrun for example_trigger_target_dag to None, run_after=None
[2024-02-14T10:01:23.742+0000] {processor.py:183} INFO - Processing /home/airflow/.local/lib/python3.8/site-packages/airflow/example_dags/example_trigger_target_dag.py took 0.050 seconds
[2024-02-14T10:01:53.916+0000] {processor.py:161} INFO - Started process (PID=725) to work on /home/airflow/.local/lib/python3.8/site-packages/airflow/example_dags/example_trigger_target_dag.py
[2024-02-14T10:01:53.918+0000] {processor.py:830} INFO - Processing file /home/airflow/.local/lib/python3.8/site-packages/airflow/example_dags/example_trigger_target_dag.py for tasks to queue
[2024-02-14T10:01:53.920+0000] {logging_mixin.py:188} INFO - [2024-02-14T10:01:53.920+0000] {dagbag.py:538} INFO - Filling up the DagBag from /home/airflow/.local/lib/python3.8/site-packages/airflow/example_dags/example_trigger_target_dag.py
[2024-02-14T10:01:53.925+0000] {processor.py:840} INFO - DAG(s) 'example_trigger_target_dag' retrieved from /home/airflow/.local/lib/python3.8/site-packages/airflow/example_dags/example_trigger_target_dag.py
[2024-02-14T10:01:53.938+0000] {logging_mixin.py:188} INFO - [2024-02-14T10:01:53.938+0000] {dag.py:3036} INFO - Sync 1 DAGs
[2024-02-14T10:01:53.947+0000] {logging_mixin.py:188} INFO - [2024-02-14T10:01:53.947+0000] {dag.py:3823} INFO - Setting next_dagrun for example_trigger_target_dag to None, run_after=None
[2024-02-14T10:01:53.958+0000] {processor.py:183} INFO - Processing /home/airflow/.local/lib/python3.8/site-packages/airflow/example_dags/example_trigger_target_dag.py took 0.045 seconds
[2024-02-14T10:02:25.028+0000] {processor.py:161} INFO - Started process (PID=782) to work on /home/airflow/.local/lib/python3.8/site-packages/airflow/example_dags/example_trigger_target_dag.py
[2024-02-14T10:02:25.032+0000] {processor.py:830} INFO - Processing file /home/airflow/.local/lib/python3.8/site-packages/airflow/example_dags/example_trigger_target_dag.py for tasks to queue
[2024-02-14T10:02:25.050+0000] {logging_mixin.py:188} INFO - [2024-02-14T10:02:25.050+0000] {dagbag.py:538} INFO - Filling up the DagBag from /home/airflow/.local/lib/python3.8/site-packages/airflow/example_dags/example_trigger_target_dag.py
[2024-02-14T10:02:25.057+0000] {processor.py:840} INFO - DAG(s) 'example_trigger_target_dag' retrieved from /home/airflow/.local/lib/python3.8/site-packages/airflow/example_dags/example_trigger_target_dag.py
[2024-02-14T10:02:25.079+0000] {logging_mixin.py:188} INFO - [2024-02-14T10:02:25.078+0000] {dag.py:3036} INFO - Sync 1 DAGs
[2024-02-14T10:02:25.089+0000] {logging_mixin.py:188} INFO - [2024-02-14T10:02:25.089+0000] {dag.py:3823} INFO - Setting next_dagrun for example_trigger_target_dag to None, run_after=None
[2024-02-14T10:02:25.121+0000] {processor.py:183} INFO - Processing /home/airflow/.local/lib/python3.8/site-packages/airflow/example_dags/example_trigger_target_dag.py took 0.106 seconds
[2024-02-14T10:02:55.325+0000] {processor.py:161} INFO - Started process (PID=841) to work on /home/airflow/.local/lib/python3.8/site-packages/airflow/example_dags/example_trigger_target_dag.py
[2024-02-14T10:02:55.328+0000] {processor.py:830} INFO - Processing file /home/airflow/.local/lib/python3.8/site-packages/airflow/example_dags/example_trigger_target_dag.py for tasks to queue
[2024-02-14T10:02:55.330+0000] {logging_mixin.py:188} INFO - [2024-02-14T10:02:55.329+0000] {dagbag.py:538} INFO - Filling up the DagBag from /home/airflow/.local/lib/python3.8/site-packages/airflow/example_dags/example_trigger_target_dag.py
[2024-02-14T10:02:55.335+0000] {processor.py:840} INFO - DAG(s) 'example_trigger_target_dag' retrieved from /home/airflow/.local/lib/python3.8/site-packages/airflow/example_dags/example_trigger_target_dag.py
[2024-02-14T10:02:55.349+0000] {logging_mixin.py:188} INFO - [2024-02-14T10:02:55.349+0000] {dag.py:3036} INFO - Sync 1 DAGs
[2024-02-14T10:02:55.357+0000] {logging_mixin.py:188} INFO - [2024-02-14T10:02:55.357+0000] {dag.py:3823} INFO - Setting next_dagrun for example_trigger_target_dag to None, run_after=None
[2024-02-14T10:02:55.370+0000] {processor.py:183} INFO - Processing /home/airflow/.local/lib/python3.8/site-packages/airflow/example_dags/example_trigger_target_dag.py took 0.049 seconds
