[2024-02-14T09:34:17.866+0000] {processor.py:161} INFO - Started process (PID=49) to work on /home/airflow/.local/lib/python3.8/site-packages/airflow/example_dags/example_python_decorator.py
[2024-02-14T09:34:17.868+0000] {processor.py:830} INFO - Processing file /home/airflow/.local/lib/python3.8/site-packages/airflow/example_dags/example_python_decorator.py for tasks to queue
[2024-02-14T09:34:17.870+0000] {logging_mixin.py:188} INFO - [2024-02-14T09:34:17.870+0000] {dagbag.py:538} INFO - Filling up the DagBag from /home/airflow/.local/lib/python3.8/site-packages/airflow/example_dags/example_python_decorator.py
[2024-02-14T09:34:17.884+0000] {processor.py:840} INFO - DAG(s) 'example_python_decorator' retrieved from /home/airflow/.local/lib/python3.8/site-packages/airflow/example_dags/example_python_decorator.py
[2024-02-14T09:34:17.901+0000] {logging_mixin.py:188} INFO - [2024-02-14T09:34:17.901+0000] {dag.py:3036} INFO - Sync 1 DAGs
[2024-02-14T09:34:17.918+0000] {logging_mixin.py:188} INFO - [2024-02-14T09:34:17.918+0000] {dag.py:3823} INFO - Setting next_dagrun for example_python_decorator to None, run_after=None
[2024-02-14T09:34:17.936+0000] {processor.py:183} INFO - Processing /home/airflow/.local/lib/python3.8/site-packages/airflow/example_dags/example_python_decorator.py took 0.075 seconds
[2024-02-14T09:34:48.598+0000] {processor.py:161} INFO - Started process (PID=106) to work on /home/airflow/.local/lib/python3.8/site-packages/airflow/example_dags/example_python_decorator.py
[2024-02-14T09:34:48.600+0000] {processor.py:830} INFO - Processing file /home/airflow/.local/lib/python3.8/site-packages/airflow/example_dags/example_python_decorator.py for tasks to queue
[2024-02-14T09:34:48.602+0000] {logging_mixin.py:188} INFO - [2024-02-14T09:34:48.601+0000] {dagbag.py:538} INFO - Filling up the DagBag from /home/airflow/.local/lib/python3.8/site-packages/airflow/example_dags/example_python_decorator.py
[2024-02-14T09:34:48.611+0000] {processor.py:840} INFO - DAG(s) 'example_python_decorator' retrieved from /home/airflow/.local/lib/python3.8/site-packages/airflow/example_dags/example_python_decorator.py
[2024-02-14T09:34:48.670+0000] {logging_mixin.py:188} INFO - [2024-02-14T09:34:48.669+0000] {dag.py:3036} INFO - Sync 1 DAGs
[2024-02-14T09:34:48.676+0000] {logging_mixin.py:188} INFO - [2024-02-14T09:34:48.676+0000] {dag.py:3823} INFO - Setting next_dagrun for example_python_decorator to None, run_after=None
[2024-02-14T09:34:48.690+0000] {processor.py:183} INFO - Processing /home/airflow/.local/lib/python3.8/site-packages/airflow/example_dags/example_python_decorator.py took 0.095 seconds
[2024-02-14T09:35:19.526+0000] {processor.py:161} INFO - Started process (PID=164) to work on /home/airflow/.local/lib/python3.8/site-packages/airflow/example_dags/example_python_decorator.py
[2024-02-14T09:35:19.528+0000] {processor.py:830} INFO - Processing file /home/airflow/.local/lib/python3.8/site-packages/airflow/example_dags/example_python_decorator.py for tasks to queue
[2024-02-14T09:35:19.530+0000] {logging_mixin.py:188} INFO - [2024-02-14T09:35:19.530+0000] {dagbag.py:538} INFO - Filling up the DagBag from /home/airflow/.local/lib/python3.8/site-packages/airflow/example_dags/example_python_decorator.py
[2024-02-14T09:35:19.540+0000] {processor.py:840} INFO - DAG(s) 'example_python_decorator' retrieved from /home/airflow/.local/lib/python3.8/site-packages/airflow/example_dags/example_python_decorator.py
[2024-02-14T09:35:19.557+0000] {logging_mixin.py:188} INFO - [2024-02-14T09:35:19.557+0000] {dag.py:3036} INFO - Sync 1 DAGs
[2024-02-14T09:35:19.565+0000] {logging_mixin.py:188} INFO - [2024-02-14T09:35:19.565+0000] {dag.py:3823} INFO - Setting next_dagrun for example_python_decorator to None, run_after=None
[2024-02-14T09:35:19.577+0000] {processor.py:183} INFO - Processing /home/airflow/.local/lib/python3.8/site-packages/airflow/example_dags/example_python_decorator.py took 0.053 seconds
[2024-02-14T09:35:49.853+0000] {processor.py:161} INFO - Started process (PID=220) to work on /home/airflow/.local/lib/python3.8/site-packages/airflow/example_dags/example_python_decorator.py
[2024-02-14T09:35:49.855+0000] {processor.py:830} INFO - Processing file /home/airflow/.local/lib/python3.8/site-packages/airflow/example_dags/example_python_decorator.py for tasks to queue
[2024-02-14T09:35:49.857+0000] {logging_mixin.py:188} INFO - [2024-02-14T09:35:49.856+0000] {dagbag.py:538} INFO - Filling up the DagBag from /home/airflow/.local/lib/python3.8/site-packages/airflow/example_dags/example_python_decorator.py
[2024-02-14T09:35:49.864+0000] {processor.py:840} INFO - DAG(s) 'example_python_decorator' retrieved from /home/airflow/.local/lib/python3.8/site-packages/airflow/example_dags/example_python_decorator.py
[2024-02-14T09:35:49.878+0000] {logging_mixin.py:188} INFO - [2024-02-14T09:35:49.878+0000] {dag.py:3036} INFO - Sync 1 DAGs
[2024-02-14T09:35:49.886+0000] {logging_mixin.py:188} INFO - [2024-02-14T09:35:49.886+0000] {dag.py:3823} INFO - Setting next_dagrun for example_python_decorator to None, run_after=None
[2024-02-14T09:35:49.896+0000] {processor.py:183} INFO - Processing /home/airflow/.local/lib/python3.8/site-packages/airflow/example_dags/example_python_decorator.py took 0.045 seconds
[2024-02-14T09:36:20.684+0000] {processor.py:161} INFO - Started process (PID=275) to work on /home/airflow/.local/lib/python3.8/site-packages/airflow/example_dags/example_python_decorator.py
[2024-02-14T09:36:20.686+0000] {processor.py:830} INFO - Processing file /home/airflow/.local/lib/python3.8/site-packages/airflow/example_dags/example_python_decorator.py for tasks to queue
[2024-02-14T09:36:20.688+0000] {logging_mixin.py:188} INFO - [2024-02-14T09:36:20.688+0000] {dagbag.py:538} INFO - Filling up the DagBag from /home/airflow/.local/lib/python3.8/site-packages/airflow/example_dags/example_python_decorator.py
[2024-02-14T09:36:20.696+0000] {processor.py:840} INFO - DAG(s) 'example_python_decorator' retrieved from /home/airflow/.local/lib/python3.8/site-packages/airflow/example_dags/example_python_decorator.py
[2024-02-14T09:36:20.712+0000] {logging_mixin.py:188} INFO - [2024-02-14T09:36:20.712+0000] {dag.py:3036} INFO - Sync 1 DAGs
[2024-02-14T09:36:20.720+0000] {logging_mixin.py:188} INFO - [2024-02-14T09:36:20.720+0000] {dag.py:3823} INFO - Setting next_dagrun for example_python_decorator to None, run_after=None
[2024-02-14T09:36:20.732+0000] {processor.py:183} INFO - Processing /home/airflow/.local/lib/python3.8/site-packages/airflow/example_dags/example_python_decorator.py took 0.050 seconds
[2024-02-14T09:36:50.917+0000] {processor.py:161} INFO - Started process (PID=331) to work on /home/airflow/.local/lib/python3.8/site-packages/airflow/example_dags/example_python_decorator.py
[2024-02-14T09:36:50.918+0000] {processor.py:830} INFO - Processing file /home/airflow/.local/lib/python3.8/site-packages/airflow/example_dags/example_python_decorator.py for tasks to queue
[2024-02-14T09:36:50.921+0000] {logging_mixin.py:188} INFO - [2024-02-14T09:36:50.920+0000] {dagbag.py:538} INFO - Filling up the DagBag from /home/airflow/.local/lib/python3.8/site-packages/airflow/example_dags/example_python_decorator.py
[2024-02-14T09:36:50.930+0000] {processor.py:840} INFO - DAG(s) 'example_python_decorator' retrieved from /home/airflow/.local/lib/python3.8/site-packages/airflow/example_dags/example_python_decorator.py
[2024-02-14T09:36:50.945+0000] {logging_mixin.py:188} INFO - [2024-02-14T09:36:50.944+0000] {dag.py:3036} INFO - Sync 1 DAGs
[2024-02-14T09:36:50.952+0000] {logging_mixin.py:188} INFO - [2024-02-14T09:36:50.952+0000] {dag.py:3823} INFO - Setting next_dagrun for example_python_decorator to None, run_after=None
[2024-02-14T09:36:50.965+0000] {processor.py:183} INFO - Processing /home/airflow/.local/lib/python3.8/site-packages/airflow/example_dags/example_python_decorator.py took 0.050 seconds
[2024-02-14T09:37:21.375+0000] {processor.py:161} INFO - Started process (PID=390) to work on /home/airflow/.local/lib/python3.8/site-packages/airflow/example_dags/example_python_decorator.py
[2024-02-14T09:37:21.377+0000] {processor.py:830} INFO - Processing file /home/airflow/.local/lib/python3.8/site-packages/airflow/example_dags/example_python_decorator.py for tasks to queue
[2024-02-14T09:37:21.380+0000] {logging_mixin.py:188} INFO - [2024-02-14T09:37:21.380+0000] {dagbag.py:538} INFO - Filling up the DagBag from /home/airflow/.local/lib/python3.8/site-packages/airflow/example_dags/example_python_decorator.py
[2024-02-14T09:37:21.389+0000] {processor.py:840} INFO - DAG(s) 'example_python_decorator' retrieved from /home/airflow/.local/lib/python3.8/site-packages/airflow/example_dags/example_python_decorator.py
[2024-02-14T09:37:21.405+0000] {logging_mixin.py:188} INFO - [2024-02-14T09:37:21.405+0000] {dag.py:3036} INFO - Sync 1 DAGs
[2024-02-14T09:37:21.412+0000] {logging_mixin.py:188} INFO - [2024-02-14T09:37:21.412+0000] {dag.py:3823} INFO - Setting next_dagrun for example_python_decorator to None, run_after=None
[2024-02-14T09:37:21.422+0000] {processor.py:183} INFO - Processing /home/airflow/.local/lib/python3.8/site-packages/airflow/example_dags/example_python_decorator.py took 0.050 seconds
[2024-02-14T09:37:51.770+0000] {processor.py:161} INFO - Started process (PID=446) to work on /home/airflow/.local/lib/python3.8/site-packages/airflow/example_dags/example_python_decorator.py
[2024-02-14T09:37:51.772+0000] {processor.py:830} INFO - Processing file /home/airflow/.local/lib/python3.8/site-packages/airflow/example_dags/example_python_decorator.py for tasks to queue
[2024-02-14T09:37:51.774+0000] {logging_mixin.py:188} INFO - [2024-02-14T09:37:51.774+0000] {dagbag.py:538} INFO - Filling up the DagBag from /home/airflow/.local/lib/python3.8/site-packages/airflow/example_dags/example_python_decorator.py
[2024-02-14T09:37:51.783+0000] {processor.py:840} INFO - DAG(s) 'example_python_decorator' retrieved from /home/airflow/.local/lib/python3.8/site-packages/airflow/example_dags/example_python_decorator.py
[2024-02-14T09:37:51.797+0000] {logging_mixin.py:188} INFO - [2024-02-14T09:37:51.797+0000] {dag.py:3036} INFO - Sync 1 DAGs
[2024-02-14T09:37:51.804+0000] {logging_mixin.py:188} INFO - [2024-02-14T09:37:51.804+0000] {dag.py:3823} INFO - Setting next_dagrun for example_python_decorator to None, run_after=None
[2024-02-14T09:37:51.815+0000] {processor.py:183} INFO - Processing /home/airflow/.local/lib/python3.8/site-packages/airflow/example_dags/example_python_decorator.py took 0.048 seconds
[2024-02-14T09:38:21.953+0000] {processor.py:161} INFO - Started process (PID=504) to work on /home/airflow/.local/lib/python3.8/site-packages/airflow/example_dags/example_python_decorator.py
[2024-02-14T09:38:21.955+0000] {processor.py:830} INFO - Processing file /home/airflow/.local/lib/python3.8/site-packages/airflow/example_dags/example_python_decorator.py for tasks to queue
[2024-02-14T09:38:21.957+0000] {logging_mixin.py:188} INFO - [2024-02-14T09:38:21.956+0000] {dagbag.py:538} INFO - Filling up the DagBag from /home/airflow/.local/lib/python3.8/site-packages/airflow/example_dags/example_python_decorator.py
[2024-02-14T09:38:21.966+0000] {processor.py:840} INFO - DAG(s) 'example_python_decorator' retrieved from /home/airflow/.local/lib/python3.8/site-packages/airflow/example_dags/example_python_decorator.py
[2024-02-14T09:38:21.980+0000] {logging_mixin.py:188} INFO - [2024-02-14T09:38:21.980+0000] {dag.py:3036} INFO - Sync 1 DAGs
[2024-02-14T09:38:21.988+0000] {logging_mixin.py:188} INFO - [2024-02-14T09:38:21.988+0000] {dag.py:3823} INFO - Setting next_dagrun for example_python_decorator to None, run_after=None
[2024-02-14T09:38:22.000+0000] {processor.py:183} INFO - Processing /home/airflow/.local/lib/python3.8/site-packages/airflow/example_dags/example_python_decorator.py took 0.050 seconds
[2024-02-14T09:38:52.626+0000] {processor.py:161} INFO - Started process (PID=561) to work on /home/airflow/.local/lib/python3.8/site-packages/airflow/example_dags/example_python_decorator.py
[2024-02-14T09:38:52.628+0000] {processor.py:830} INFO - Processing file /home/airflow/.local/lib/python3.8/site-packages/airflow/example_dags/example_python_decorator.py for tasks to queue
[2024-02-14T09:38:52.631+0000] {logging_mixin.py:188} INFO - [2024-02-14T09:38:52.631+0000] {dagbag.py:538} INFO - Filling up the DagBag from /home/airflow/.local/lib/python3.8/site-packages/airflow/example_dags/example_python_decorator.py
[2024-02-14T09:38:52.644+0000] {processor.py:840} INFO - DAG(s) 'example_python_decorator' retrieved from /home/airflow/.local/lib/python3.8/site-packages/airflow/example_dags/example_python_decorator.py
[2024-02-14T09:38:52.661+0000] {logging_mixin.py:188} INFO - [2024-02-14T09:38:52.660+0000] {dag.py:3036} INFO - Sync 1 DAGs
[2024-02-14T09:38:52.670+0000] {logging_mixin.py:188} INFO - [2024-02-14T09:38:52.670+0000] {dag.py:3823} INFO - Setting next_dagrun for example_python_decorator to None, run_after=None
[2024-02-14T09:38:52.689+0000] {processor.py:183} INFO - Processing /home/airflow/.local/lib/python3.8/site-packages/airflow/example_dags/example_python_decorator.py took 0.066 seconds
[2024-02-14T09:43:47.657+0000] {processor.py:161} INFO - Started process (PID=45) to work on /home/airflow/.local/lib/python3.8/site-packages/airflow/example_dags/example_python_decorator.py
[2024-02-14T09:43:47.660+0000] {processor.py:830} INFO - Processing file /home/airflow/.local/lib/python3.8/site-packages/airflow/example_dags/example_python_decorator.py for tasks to queue
[2024-02-14T09:43:47.667+0000] {logging_mixin.py:188} INFO - [2024-02-14T09:43:47.667+0000] {dagbag.py:538} INFO - Filling up the DagBag from /home/airflow/.local/lib/python3.8/site-packages/airflow/example_dags/example_python_decorator.py
[2024-02-14T09:43:47.707+0000] {processor.py:840} INFO - DAG(s) 'example_python_decorator' retrieved from /home/airflow/.local/lib/python3.8/site-packages/airflow/example_dags/example_python_decorator.py
[2024-02-14T09:43:47.724+0000] {logging_mixin.py:188} INFO - [2024-02-14T09:43:47.723+0000] {dag.py:3036} INFO - Sync 1 DAGs
[2024-02-14T09:43:47.736+0000] {logging_mixin.py:188} INFO - [2024-02-14T09:43:47.736+0000] {dag.py:3823} INFO - Setting next_dagrun for example_python_decorator to None, run_after=None
[2024-02-14T09:43:47.751+0000] {processor.py:183} INFO - Processing /home/airflow/.local/lib/python3.8/site-packages/airflow/example_dags/example_python_decorator.py took 0.102 seconds
[2024-02-14T09:46:36.327+0000] {processor.py:161} INFO - Started process (PID=44) to work on /home/airflow/.local/lib/python3.8/site-packages/airflow/example_dags/example_python_decorator.py
[2024-02-14T09:46:36.330+0000] {processor.py:830} INFO - Processing file /home/airflow/.local/lib/python3.8/site-packages/airflow/example_dags/example_python_decorator.py for tasks to queue
[2024-02-14T09:46:36.335+0000] {logging_mixin.py:188} INFO - [2024-02-14T09:46:36.335+0000] {dagbag.py:538} INFO - Filling up the DagBag from /home/airflow/.local/lib/python3.8/site-packages/airflow/example_dags/example_python_decorator.py
[2024-02-14T09:46:36.371+0000] {processor.py:840} INFO - DAG(s) 'example_python_decorator' retrieved from /home/airflow/.local/lib/python3.8/site-packages/airflow/example_dags/example_python_decorator.py
[2024-02-14T09:46:36.516+0000] {logging_mixin.py:188} INFO - [2024-02-14T09:46:36.516+0000] {override.py:1769} INFO - Created Permission View: can edit on DAG:example_python_decorator
[2024-02-14T09:46:36.527+0000] {logging_mixin.py:188} INFO - [2024-02-14T09:46:36.527+0000] {override.py:1769} INFO - Created Permission View: can read on DAG:example_python_decorator
[2024-02-14T09:46:36.535+0000] {logging_mixin.py:188} INFO - [2024-02-14T09:46:36.535+0000] {override.py:1769} INFO - Created Permission View: can delete on DAG:example_python_decorator
[2024-02-14T09:46:36.537+0000] {logging_mixin.py:188} INFO - [2024-02-14T09:46:36.536+0000] {dag.py:3036} INFO - Sync 1 DAGs
[2024-02-14T09:46:36.545+0000] {logging_mixin.py:188} INFO - [2024-02-14T09:46:36.545+0000] {dag.py:3058} INFO - Creating ORM DAG for example_python_decorator
[2024-02-14T09:46:36.548+0000] {logging_mixin.py:188} INFO - [2024-02-14T09:46:36.548+0000] {dag.py:3823} INFO - Setting next_dagrun for example_python_decorator to None, run_after=None
[2024-02-14T09:46:36.573+0000] {processor.py:183} INFO - Processing /home/airflow/.local/lib/python3.8/site-packages/airflow/example_dags/example_python_decorator.py took 0.249 seconds
[2024-02-14T09:47:07.490+0000] {processor.py:161} INFO - Started process (PID=99) to work on /home/airflow/.local/lib/python3.8/site-packages/airflow/example_dags/example_python_decorator.py
[2024-02-14T09:47:07.495+0000] {processor.py:830} INFO - Processing file /home/airflow/.local/lib/python3.8/site-packages/airflow/example_dags/example_python_decorator.py for tasks to queue
[2024-02-14T09:47:07.500+0000] {logging_mixin.py:188} INFO - [2024-02-14T09:47:07.500+0000] {dagbag.py:538} INFO - Filling up the DagBag from /home/airflow/.local/lib/python3.8/site-packages/airflow/example_dags/example_python_decorator.py
[2024-02-14T09:47:07.515+0000] {processor.py:840} INFO - DAG(s) 'example_python_decorator' retrieved from /home/airflow/.local/lib/python3.8/site-packages/airflow/example_dags/example_python_decorator.py
[2024-02-14T09:47:07.533+0000] {logging_mixin.py:188} INFO - [2024-02-14T09:47:07.533+0000] {dag.py:3036} INFO - Sync 1 DAGs
[2024-02-14T09:47:07.541+0000] {logging_mixin.py:188} INFO - [2024-02-14T09:47:07.541+0000] {dag.py:3823} INFO - Setting next_dagrun for example_python_decorator to None, run_after=None
[2024-02-14T09:47:07.553+0000] {processor.py:183} INFO - Processing /home/airflow/.local/lib/python3.8/site-packages/airflow/example_dags/example_python_decorator.py took 0.068 seconds
[2024-02-14T09:47:38.137+0000] {processor.py:161} INFO - Started process (PID=157) to work on /home/airflow/.local/lib/python3.8/site-packages/airflow/example_dags/example_python_decorator.py
[2024-02-14T09:47:38.140+0000] {processor.py:830} INFO - Processing file /home/airflow/.local/lib/python3.8/site-packages/airflow/example_dags/example_python_decorator.py for tasks to queue
[2024-02-14T09:47:38.143+0000] {logging_mixin.py:188} INFO - [2024-02-14T09:47:38.142+0000] {dagbag.py:538} INFO - Filling up the DagBag from /home/airflow/.local/lib/python3.8/site-packages/airflow/example_dags/example_python_decorator.py
[2024-02-14T09:47:38.158+0000] {processor.py:840} INFO - DAG(s) 'example_python_decorator' retrieved from /home/airflow/.local/lib/python3.8/site-packages/airflow/example_dags/example_python_decorator.py
[2024-02-14T09:47:38.186+0000] {logging_mixin.py:188} INFO - [2024-02-14T09:47:38.185+0000] {dag.py:3036} INFO - Sync 1 DAGs
[2024-02-14T09:47:38.194+0000] {logging_mixin.py:188} INFO - [2024-02-14T09:47:38.194+0000] {dag.py:3823} INFO - Setting next_dagrun for example_python_decorator to None, run_after=None
[2024-02-14T09:47:38.207+0000] {processor.py:183} INFO - Processing /home/airflow/.local/lib/python3.8/site-packages/airflow/example_dags/example_python_decorator.py took 0.076 seconds
[2024-02-14T09:48:08.713+0000] {processor.py:161} INFO - Started process (PID=215) to work on /home/airflow/.local/lib/python3.8/site-packages/airflow/example_dags/example_python_decorator.py
[2024-02-14T09:48:08.715+0000] {processor.py:830} INFO - Processing file /home/airflow/.local/lib/python3.8/site-packages/airflow/example_dags/example_python_decorator.py for tasks to queue
[2024-02-14T09:48:08.718+0000] {logging_mixin.py:188} INFO - [2024-02-14T09:48:08.717+0000] {dagbag.py:538} INFO - Filling up the DagBag from /home/airflow/.local/lib/python3.8/site-packages/airflow/example_dags/example_python_decorator.py
[2024-02-14T09:48:08.731+0000] {processor.py:840} INFO - DAG(s) 'example_python_decorator' retrieved from /home/airflow/.local/lib/python3.8/site-packages/airflow/example_dags/example_python_decorator.py
[2024-02-14T09:48:08.761+0000] {logging_mixin.py:188} INFO - [2024-02-14T09:48:08.761+0000] {dag.py:3036} INFO - Sync 1 DAGs
[2024-02-14T09:48:08.770+0000] {logging_mixin.py:188} INFO - [2024-02-14T09:48:08.770+0000] {dag.py:3823} INFO - Setting next_dagrun for example_python_decorator to None, run_after=None
[2024-02-14T09:48:08.785+0000] {processor.py:183} INFO - Processing /home/airflow/.local/lib/python3.8/site-packages/airflow/example_dags/example_python_decorator.py took 0.076 seconds
[2024-02-14T09:48:38.897+0000] {processor.py:161} INFO - Started process (PID=275) to work on /home/airflow/.local/lib/python3.8/site-packages/airflow/example_dags/example_python_decorator.py
[2024-02-14T09:48:38.901+0000] {processor.py:830} INFO - Processing file /home/airflow/.local/lib/python3.8/site-packages/airflow/example_dags/example_python_decorator.py for tasks to queue
[2024-02-14T09:48:38.906+0000] {logging_mixin.py:188} INFO - [2024-02-14T09:48:38.906+0000] {dagbag.py:538} INFO - Filling up the DagBag from /home/airflow/.local/lib/python3.8/site-packages/airflow/example_dags/example_python_decorator.py
[2024-02-14T09:48:38.923+0000] {processor.py:840} INFO - DAG(s) 'example_python_decorator' retrieved from /home/airflow/.local/lib/python3.8/site-packages/airflow/example_dags/example_python_decorator.py
[2024-02-14T09:48:38.944+0000] {logging_mixin.py:188} INFO - [2024-02-14T09:48:38.944+0000] {dag.py:3036} INFO - Sync 1 DAGs
[2024-02-14T09:48:38.954+0000] {logging_mixin.py:188} INFO - [2024-02-14T09:48:38.953+0000] {dag.py:3823} INFO - Setting next_dagrun for example_python_decorator to None, run_after=None
[2024-02-14T09:48:38.967+0000] {processor.py:183} INFO - Processing /home/airflow/.local/lib/python3.8/site-packages/airflow/example_dags/example_python_decorator.py took 0.076 seconds
[2024-02-14T09:49:09.790+0000] {processor.py:161} INFO - Started process (PID=331) to work on /home/airflow/.local/lib/python3.8/site-packages/airflow/example_dags/example_python_decorator.py
[2024-02-14T09:49:09.795+0000] {processor.py:830} INFO - Processing file /home/airflow/.local/lib/python3.8/site-packages/airflow/example_dags/example_python_decorator.py for tasks to queue
[2024-02-14T09:49:09.799+0000] {logging_mixin.py:188} INFO - [2024-02-14T09:49:09.798+0000] {dagbag.py:538} INFO - Filling up the DagBag from /home/airflow/.local/lib/python3.8/site-packages/airflow/example_dags/example_python_decorator.py
[2024-02-14T09:49:09.816+0000] {processor.py:840} INFO - DAG(s) 'example_python_decorator' retrieved from /home/airflow/.local/lib/python3.8/site-packages/airflow/example_dags/example_python_decorator.py
[2024-02-14T09:49:09.835+0000] {logging_mixin.py:188} INFO - [2024-02-14T09:49:09.835+0000] {dag.py:3036} INFO - Sync 1 DAGs
[2024-02-14T09:49:09.844+0000] {logging_mixin.py:188} INFO - [2024-02-14T09:49:09.844+0000] {dag.py:3823} INFO - Setting next_dagrun for example_python_decorator to None, run_after=None
[2024-02-14T09:49:09.856+0000] {processor.py:183} INFO - Processing /home/airflow/.local/lib/python3.8/site-packages/airflow/example_dags/example_python_decorator.py took 0.072 seconds
[2024-02-14T09:49:40.501+0000] {processor.py:161} INFO - Started process (PID=387) to work on /home/airflow/.local/lib/python3.8/site-packages/airflow/example_dags/example_python_decorator.py
[2024-02-14T09:49:40.505+0000] {processor.py:830} INFO - Processing file /home/airflow/.local/lib/python3.8/site-packages/airflow/example_dags/example_python_decorator.py for tasks to queue
[2024-02-14T09:49:40.508+0000] {logging_mixin.py:188} INFO - [2024-02-14T09:49:40.507+0000] {dagbag.py:538} INFO - Filling up the DagBag from /home/airflow/.local/lib/python3.8/site-packages/airflow/example_dags/example_python_decorator.py
[2024-02-14T09:49:40.522+0000] {processor.py:840} INFO - DAG(s) 'example_python_decorator' retrieved from /home/airflow/.local/lib/python3.8/site-packages/airflow/example_dags/example_python_decorator.py
[2024-02-14T09:49:40.540+0000] {logging_mixin.py:188} INFO - [2024-02-14T09:49:40.540+0000] {dag.py:3036} INFO - Sync 1 DAGs
[2024-02-14T09:49:40.547+0000] {logging_mixin.py:188} INFO - [2024-02-14T09:49:40.547+0000] {dag.py:3823} INFO - Setting next_dagrun for example_python_decorator to None, run_after=None
[2024-02-14T09:49:40.562+0000] {processor.py:183} INFO - Processing /home/airflow/.local/lib/python3.8/site-packages/airflow/example_dags/example_python_decorator.py took 0.066 seconds
[2024-02-14T09:50:11.061+0000] {processor.py:161} INFO - Started process (PID=445) to work on /home/airflow/.local/lib/python3.8/site-packages/airflow/example_dags/example_python_decorator.py
[2024-02-14T09:50:11.066+0000] {processor.py:830} INFO - Processing file /home/airflow/.local/lib/python3.8/site-packages/airflow/example_dags/example_python_decorator.py for tasks to queue
[2024-02-14T09:50:11.069+0000] {logging_mixin.py:188} INFO - [2024-02-14T09:50:11.069+0000] {dagbag.py:538} INFO - Filling up the DagBag from /home/airflow/.local/lib/python3.8/site-packages/airflow/example_dags/example_python_decorator.py
[2024-02-14T09:50:11.084+0000] {processor.py:840} INFO - DAG(s) 'example_python_decorator' retrieved from /home/airflow/.local/lib/python3.8/site-packages/airflow/example_dags/example_python_decorator.py
[2024-02-14T09:50:11.105+0000] {logging_mixin.py:188} INFO - [2024-02-14T09:50:11.105+0000] {dag.py:3036} INFO - Sync 1 DAGs
[2024-02-14T09:50:11.114+0000] {logging_mixin.py:188} INFO - [2024-02-14T09:50:11.114+0000] {dag.py:3823} INFO - Setting next_dagrun for example_python_decorator to None, run_after=None
[2024-02-14T09:50:11.126+0000] {processor.py:183} INFO - Processing /home/airflow/.local/lib/python3.8/site-packages/airflow/example_dags/example_python_decorator.py took 0.069 seconds
[2024-02-14T09:50:41.568+0000] {processor.py:161} INFO - Started process (PID=501) to work on /home/airflow/.local/lib/python3.8/site-packages/airflow/example_dags/example_python_decorator.py
[2024-02-14T09:50:41.571+0000] {processor.py:830} INFO - Processing file /home/airflow/.local/lib/python3.8/site-packages/airflow/example_dags/example_python_decorator.py for tasks to queue
[2024-02-14T09:50:41.575+0000] {logging_mixin.py:188} INFO - [2024-02-14T09:50:41.575+0000] {dagbag.py:538} INFO - Filling up the DagBag from /home/airflow/.local/lib/python3.8/site-packages/airflow/example_dags/example_python_decorator.py
[2024-02-14T09:50:41.587+0000] {processor.py:840} INFO - DAG(s) 'example_python_decorator' retrieved from /home/airflow/.local/lib/python3.8/site-packages/airflow/example_dags/example_python_decorator.py
[2024-02-14T09:50:41.605+0000] {logging_mixin.py:188} INFO - [2024-02-14T09:50:41.605+0000] {dag.py:3036} INFO - Sync 1 DAGs
[2024-02-14T09:50:41.612+0000] {logging_mixin.py:188} INFO - [2024-02-14T09:50:41.612+0000] {dag.py:3823} INFO - Setting next_dagrun for example_python_decorator to None, run_after=None
[2024-02-14T09:50:41.623+0000] {processor.py:183} INFO - Processing /home/airflow/.local/lib/python3.8/site-packages/airflow/example_dags/example_python_decorator.py took 0.063 seconds
[2024-02-14T09:51:11.837+0000] {processor.py:161} INFO - Started process (PID=557) to work on /home/airflow/.local/lib/python3.8/site-packages/airflow/example_dags/example_python_decorator.py
[2024-02-14T09:51:11.840+0000] {processor.py:830} INFO - Processing file /home/airflow/.local/lib/python3.8/site-packages/airflow/example_dags/example_python_decorator.py for tasks to queue
[2024-02-14T09:51:11.843+0000] {logging_mixin.py:188} INFO - [2024-02-14T09:51:11.842+0000] {dagbag.py:538} INFO - Filling up the DagBag from /home/airflow/.local/lib/python3.8/site-packages/airflow/example_dags/example_python_decorator.py
[2024-02-14T09:51:11.856+0000] {processor.py:840} INFO - DAG(s) 'example_python_decorator' retrieved from /home/airflow/.local/lib/python3.8/site-packages/airflow/example_dags/example_python_decorator.py
[2024-02-14T09:51:11.873+0000] {logging_mixin.py:188} INFO - [2024-02-14T09:51:11.873+0000] {dag.py:3036} INFO - Sync 1 DAGs
[2024-02-14T09:51:11.880+0000] {logging_mixin.py:188} INFO - [2024-02-14T09:51:11.880+0000] {dag.py:3823} INFO - Setting next_dagrun for example_python_decorator to None, run_after=None
[2024-02-14T09:51:11.893+0000] {processor.py:183} INFO - Processing /home/airflow/.local/lib/python3.8/site-packages/airflow/example_dags/example_python_decorator.py took 0.063 seconds
[2024-02-14T09:51:42.242+0000] {processor.py:161} INFO - Started process (PID=615) to work on /home/airflow/.local/lib/python3.8/site-packages/airflow/example_dags/example_python_decorator.py
[2024-02-14T09:51:42.245+0000] {processor.py:830} INFO - Processing file /home/airflow/.local/lib/python3.8/site-packages/airflow/example_dags/example_python_decorator.py for tasks to queue
[2024-02-14T09:51:42.249+0000] {logging_mixin.py:188} INFO - [2024-02-14T09:51:42.249+0000] {dagbag.py:538} INFO - Filling up the DagBag from /home/airflow/.local/lib/python3.8/site-packages/airflow/example_dags/example_python_decorator.py
[2024-02-14T09:51:42.261+0000] {processor.py:840} INFO - DAG(s) 'example_python_decorator' retrieved from /home/airflow/.local/lib/python3.8/site-packages/airflow/example_dags/example_python_decorator.py
[2024-02-14T09:51:42.278+0000] {logging_mixin.py:188} INFO - [2024-02-14T09:51:42.277+0000] {dag.py:3036} INFO - Sync 1 DAGs
[2024-02-14T09:51:42.285+0000] {logging_mixin.py:188} INFO - [2024-02-14T09:51:42.285+0000] {dag.py:3823} INFO - Setting next_dagrun for example_python_decorator to None, run_after=None
[2024-02-14T09:51:42.296+0000] {processor.py:183} INFO - Processing /home/airflow/.local/lib/python3.8/site-packages/airflow/example_dags/example_python_decorator.py took 0.063 seconds
[2024-02-14T09:52:12.928+0000] {processor.py:161} INFO - Started process (PID=672) to work on /home/airflow/.local/lib/python3.8/site-packages/airflow/example_dags/example_python_decorator.py
[2024-02-14T09:52:12.932+0000] {processor.py:830} INFO - Processing file /home/airflow/.local/lib/python3.8/site-packages/airflow/example_dags/example_python_decorator.py for tasks to queue
[2024-02-14T09:52:12.936+0000] {logging_mixin.py:188} INFO - [2024-02-14T09:52:12.935+0000] {dagbag.py:538} INFO - Filling up the DagBag from /home/airflow/.local/lib/python3.8/site-packages/airflow/example_dags/example_python_decorator.py
[2024-02-14T09:52:12.951+0000] {processor.py:840} INFO - DAG(s) 'example_python_decorator' retrieved from /home/airflow/.local/lib/python3.8/site-packages/airflow/example_dags/example_python_decorator.py
[2024-02-14T09:52:12.970+0000] {logging_mixin.py:188} INFO - [2024-02-14T09:52:12.970+0000] {dag.py:3036} INFO - Sync 1 DAGs
[2024-02-14T09:52:12.978+0000] {logging_mixin.py:188} INFO - [2024-02-14T09:52:12.978+0000] {dag.py:3823} INFO - Setting next_dagrun for example_python_decorator to None, run_after=None
[2024-02-14T09:52:12.989+0000] {processor.py:183} INFO - Processing /home/airflow/.local/lib/python3.8/site-packages/airflow/example_dags/example_python_decorator.py took 0.065 seconds
[2024-02-14T09:52:43.060+0000] {processor.py:161} INFO - Started process (PID=728) to work on /home/airflow/.local/lib/python3.8/site-packages/airflow/example_dags/example_python_decorator.py
[2024-02-14T09:52:43.062+0000] {processor.py:830} INFO - Processing file /home/airflow/.local/lib/python3.8/site-packages/airflow/example_dags/example_python_decorator.py for tasks to queue
[2024-02-14T09:52:43.066+0000] {logging_mixin.py:188} INFO - [2024-02-14T09:52:43.066+0000] {dagbag.py:538} INFO - Filling up the DagBag from /home/airflow/.local/lib/python3.8/site-packages/airflow/example_dags/example_python_decorator.py
[2024-02-14T09:52:43.084+0000] {processor.py:840} INFO - DAG(s) 'example_python_decorator' retrieved from /home/airflow/.local/lib/python3.8/site-packages/airflow/example_dags/example_python_decorator.py
[2024-02-14T09:52:43.125+0000] {logging_mixin.py:188} INFO - [2024-02-14T09:52:43.124+0000] {dag.py:3036} INFO - Sync 1 DAGs
[2024-02-14T09:52:43.161+0000] {logging_mixin.py:188} INFO - [2024-02-14T09:52:43.160+0000] {dag.py:3823} INFO - Setting next_dagrun for example_python_decorator to None, run_after=None
[2024-02-14T09:52:43.197+0000] {processor.py:183} INFO - Processing /home/airflow/.local/lib/python3.8/site-packages/airflow/example_dags/example_python_decorator.py took 0.142 seconds
[2024-02-14T09:53:37.395+0000] {processor.py:161} INFO - Started process (PID=49) to work on /home/airflow/.local/lib/python3.8/site-packages/airflow/example_dags/example_python_decorator.py
[2024-02-14T09:53:37.397+0000] {processor.py:830} INFO - Processing file /home/airflow/.local/lib/python3.8/site-packages/airflow/example_dags/example_python_decorator.py for tasks to queue
[2024-02-14T09:53:37.400+0000] {logging_mixin.py:188} INFO - [2024-02-14T09:53:37.400+0000] {dagbag.py:538} INFO - Filling up the DagBag from /home/airflow/.local/lib/python3.8/site-packages/airflow/example_dags/example_python_decorator.py
[2024-02-14T09:53:37.429+0000] {processor.py:840} INFO - DAG(s) 'example_python_decorator' retrieved from /home/airflow/.local/lib/python3.8/site-packages/airflow/example_dags/example_python_decorator.py
[2024-02-14T09:53:37.479+0000] {logging_mixin.py:188} INFO - [2024-02-14T09:53:37.479+0000] {dag.py:3036} INFO - Sync 1 DAGs
[2024-02-14T09:53:37.512+0000] {logging_mixin.py:188} INFO - [2024-02-14T09:53:37.511+0000] {dag.py:3823} INFO - Setting next_dagrun for example_python_decorator to None, run_after=None
[2024-02-14T09:53:37.537+0000] {processor.py:183} INFO - Processing /home/airflow/.local/lib/python3.8/site-packages/airflow/example_dags/example_python_decorator.py took 0.148 seconds
[2024-02-14T09:54:08.132+0000] {processor.py:161} INFO - Started process (PID=105) to work on /home/airflow/.local/lib/python3.8/site-packages/airflow/example_dags/example_python_decorator.py
[2024-02-14T09:54:08.134+0000] {processor.py:830} INFO - Processing file /home/airflow/.local/lib/python3.8/site-packages/airflow/example_dags/example_python_decorator.py for tasks to queue
[2024-02-14T09:54:08.136+0000] {logging_mixin.py:188} INFO - [2024-02-14T09:54:08.136+0000] {dagbag.py:538} INFO - Filling up the DagBag from /home/airflow/.local/lib/python3.8/site-packages/airflow/example_dags/example_python_decorator.py
[2024-02-14T09:54:08.147+0000] {processor.py:840} INFO - DAG(s) 'example_python_decorator' retrieved from /home/airflow/.local/lib/python3.8/site-packages/airflow/example_dags/example_python_decorator.py
[2024-02-14T09:54:08.234+0000] {logging_mixin.py:188} INFO - [2024-02-14T09:54:08.234+0000] {dag.py:3036} INFO - Sync 1 DAGs
[2024-02-14T09:54:08.243+0000] {logging_mixin.py:188} INFO - [2024-02-14T09:54:08.243+0000] {dag.py:3823} INFO - Setting next_dagrun for example_python_decorator to None, run_after=None
[2024-02-14T09:54:08.260+0000] {processor.py:183} INFO - Processing /home/airflow/.local/lib/python3.8/site-packages/airflow/example_dags/example_python_decorator.py took 0.131 seconds
[2024-02-14T09:54:39.096+0000] {processor.py:161} INFO - Started process (PID=162) to work on /home/airflow/.local/lib/python3.8/site-packages/airflow/example_dags/example_python_decorator.py
[2024-02-14T09:54:39.098+0000] {processor.py:830} INFO - Processing file /home/airflow/.local/lib/python3.8/site-packages/airflow/example_dags/example_python_decorator.py for tasks to queue
[2024-02-14T09:54:39.099+0000] {logging_mixin.py:188} INFO - [2024-02-14T09:54:39.099+0000] {dagbag.py:538} INFO - Filling up the DagBag from /home/airflow/.local/lib/python3.8/site-packages/airflow/example_dags/example_python_decorator.py
[2024-02-14T09:54:39.107+0000] {processor.py:840} INFO - DAG(s) 'example_python_decorator' retrieved from /home/airflow/.local/lib/python3.8/site-packages/airflow/example_dags/example_python_decorator.py
[2024-02-14T09:54:39.122+0000] {logging_mixin.py:188} INFO - [2024-02-14T09:54:39.122+0000] {dag.py:3036} INFO - Sync 1 DAGs
[2024-02-14T09:54:39.129+0000] {logging_mixin.py:188} INFO - [2024-02-14T09:54:39.129+0000] {dag.py:3823} INFO - Setting next_dagrun for example_python_decorator to None, run_after=None
[2024-02-14T09:54:39.140+0000] {processor.py:183} INFO - Processing /home/airflow/.local/lib/python3.8/site-packages/airflow/example_dags/example_python_decorator.py took 0.046 seconds
[2024-02-14T09:55:48.744+0000] {processor.py:161} INFO - Started process (PID=46) to work on /home/airflow/.local/lib/python3.8/site-packages/airflow/example_dags/example_python_decorator.py
[2024-02-14T09:55:48.753+0000] {processor.py:830} INFO - Processing file /home/airflow/.local/lib/python3.8/site-packages/airflow/example_dags/example_python_decorator.py for tasks to queue
[2024-02-14T09:55:48.757+0000] {logging_mixin.py:188} INFO - [2024-02-14T09:55:48.756+0000] {dagbag.py:538} INFO - Filling up the DagBag from /home/airflow/.local/lib/python3.8/site-packages/airflow/example_dags/example_python_decorator.py
[2024-02-14T09:55:48.772+0000] {processor.py:840} INFO - DAG(s) 'example_python_decorator' retrieved from /home/airflow/.local/lib/python3.8/site-packages/airflow/example_dags/example_python_decorator.py
[2024-02-14T09:55:48.787+0000] {logging_mixin.py:188} INFO - [2024-02-14T09:55:48.787+0000] {dag.py:3036} INFO - Sync 1 DAGs
[2024-02-14T09:55:48.805+0000] {logging_mixin.py:188} INFO - [2024-02-14T09:55:48.805+0000] {dag.py:3823} INFO - Setting next_dagrun for example_python_decorator to None, run_after=None
[2024-02-14T09:55:48.847+0000] {processor.py:183} INFO - Processing /home/airflow/.local/lib/python3.8/site-packages/airflow/example_dags/example_python_decorator.py took 0.108 seconds
[2024-02-14T09:56:19.073+0000] {processor.py:161} INFO - Started process (PID=108) to work on /home/airflow/.local/lib/python3.8/site-packages/airflow/example_dags/example_python_decorator.py
[2024-02-14T09:56:19.075+0000] {processor.py:830} INFO - Processing file /home/airflow/.local/lib/python3.8/site-packages/airflow/example_dags/example_python_decorator.py for tasks to queue
[2024-02-14T09:56:19.076+0000] {logging_mixin.py:188} INFO - [2024-02-14T09:56:19.076+0000] {dagbag.py:538} INFO - Filling up the DagBag from /home/airflow/.local/lib/python3.8/site-packages/airflow/example_dags/example_python_decorator.py
[2024-02-14T09:56:19.085+0000] {processor.py:840} INFO - DAG(s) 'example_python_decorator' retrieved from /home/airflow/.local/lib/python3.8/site-packages/airflow/example_dags/example_python_decorator.py
[2024-02-14T09:56:19.145+0000] {logging_mixin.py:188} INFO - [2024-02-14T09:56:19.145+0000] {dag.py:3036} INFO - Sync 1 DAGs
[2024-02-14T09:56:19.153+0000] {logging_mixin.py:188} INFO - [2024-02-14T09:56:19.153+0000] {dag.py:3823} INFO - Setting next_dagrun for example_python_decorator to None, run_after=None
[2024-02-14T09:56:19.165+0000] {processor.py:183} INFO - Processing /home/airflow/.local/lib/python3.8/site-packages/airflow/example_dags/example_python_decorator.py took 0.094 seconds
[2024-02-14T09:56:49.237+0000] {processor.py:161} INFO - Started process (PID=165) to work on /home/airflow/.local/lib/python3.8/site-packages/airflow/example_dags/example_python_decorator.py
[2024-02-14T09:56:49.238+0000] {processor.py:830} INFO - Processing file /home/airflow/.local/lib/python3.8/site-packages/airflow/example_dags/example_python_decorator.py for tasks to queue
[2024-02-14T09:56:49.240+0000] {logging_mixin.py:188} INFO - [2024-02-14T09:56:49.240+0000] {dagbag.py:538} INFO - Filling up the DagBag from /home/airflow/.local/lib/python3.8/site-packages/airflow/example_dags/example_python_decorator.py
[2024-02-14T09:56:49.248+0000] {processor.py:840} INFO - DAG(s) 'example_python_decorator' retrieved from /home/airflow/.local/lib/python3.8/site-packages/airflow/example_dags/example_python_decorator.py
[2024-02-14T09:56:49.263+0000] {logging_mixin.py:188} INFO - [2024-02-14T09:56:49.263+0000] {dag.py:3036} INFO - Sync 1 DAGs
[2024-02-14T09:56:49.272+0000] {logging_mixin.py:188} INFO - [2024-02-14T09:56:49.272+0000] {dag.py:3823} INFO - Setting next_dagrun for example_python_decorator to None, run_after=None
[2024-02-14T09:56:49.290+0000] {processor.py:183} INFO - Processing /home/airflow/.local/lib/python3.8/site-packages/airflow/example_dags/example_python_decorator.py took 0.056 seconds
[2024-02-14T09:57:19.505+0000] {processor.py:161} INFO - Started process (PID=222) to work on /home/airflow/.local/lib/python3.8/site-packages/airflow/example_dags/example_python_decorator.py
[2024-02-14T09:57:19.506+0000] {processor.py:830} INFO - Processing file /home/airflow/.local/lib/python3.8/site-packages/airflow/example_dags/example_python_decorator.py for tasks to queue
[2024-02-14T09:57:19.509+0000] {logging_mixin.py:188} INFO - [2024-02-14T09:57:19.508+0000] {dagbag.py:538} INFO - Filling up the DagBag from /home/airflow/.local/lib/python3.8/site-packages/airflow/example_dags/example_python_decorator.py
[2024-02-14T09:57:19.518+0000] {processor.py:840} INFO - DAG(s) 'example_python_decorator' retrieved from /home/airflow/.local/lib/python3.8/site-packages/airflow/example_dags/example_python_decorator.py
[2024-02-14T09:57:19.534+0000] {logging_mixin.py:188} INFO - [2024-02-14T09:57:19.534+0000] {dag.py:3036} INFO - Sync 1 DAGs
[2024-02-14T09:57:19.542+0000] {logging_mixin.py:188} INFO - [2024-02-14T09:57:19.542+0000] {dag.py:3823} INFO - Setting next_dagrun for example_python_decorator to None, run_after=None
[2024-02-14T09:57:19.555+0000] {processor.py:183} INFO - Processing /home/airflow/.local/lib/python3.8/site-packages/airflow/example_dags/example_python_decorator.py took 0.053 seconds
[2024-02-14T09:57:50.183+0000] {processor.py:161} INFO - Started process (PID=280) to work on /home/airflow/.local/lib/python3.8/site-packages/airflow/example_dags/example_python_decorator.py
[2024-02-14T09:57:50.184+0000] {processor.py:830} INFO - Processing file /home/airflow/.local/lib/python3.8/site-packages/airflow/example_dags/example_python_decorator.py for tasks to queue
[2024-02-14T09:57:50.187+0000] {logging_mixin.py:188} INFO - [2024-02-14T09:57:50.187+0000] {dagbag.py:538} INFO - Filling up the DagBag from /home/airflow/.local/lib/python3.8/site-packages/airflow/example_dags/example_python_decorator.py
[2024-02-14T09:57:50.199+0000] {processor.py:840} INFO - DAG(s) 'example_python_decorator' retrieved from /home/airflow/.local/lib/python3.8/site-packages/airflow/example_dags/example_python_decorator.py
[2024-02-14T09:57:50.213+0000] {logging_mixin.py:188} INFO - [2024-02-14T09:57:50.212+0000] {dag.py:3036} INFO - Sync 1 DAGs
[2024-02-14T09:57:50.220+0000] {logging_mixin.py:188} INFO - [2024-02-14T09:57:50.220+0000] {dag.py:3823} INFO - Setting next_dagrun for example_python_decorator to None, run_after=None
[2024-02-14T09:57:50.231+0000] {processor.py:183} INFO - Processing /home/airflow/.local/lib/python3.8/site-packages/airflow/example_dags/example_python_decorator.py took 0.051 seconds
[2024-02-14T09:58:20.626+0000] {processor.py:161} INFO - Started process (PID=337) to work on /home/airflow/.local/lib/python3.8/site-packages/airflow/example_dags/example_python_decorator.py
[2024-02-14T09:58:20.627+0000] {processor.py:830} INFO - Processing file /home/airflow/.local/lib/python3.8/site-packages/airflow/example_dags/example_python_decorator.py for tasks to queue
[2024-02-14T09:58:20.629+0000] {logging_mixin.py:188} INFO - [2024-02-14T09:58:20.629+0000] {dagbag.py:538} INFO - Filling up the DagBag from /home/airflow/.local/lib/python3.8/site-packages/airflow/example_dags/example_python_decorator.py
[2024-02-14T09:58:20.638+0000] {processor.py:840} INFO - DAG(s) 'example_python_decorator' retrieved from /home/airflow/.local/lib/python3.8/site-packages/airflow/example_dags/example_python_decorator.py
[2024-02-14T09:58:20.653+0000] {logging_mixin.py:188} INFO - [2024-02-14T09:58:20.653+0000] {dag.py:3036} INFO - Sync 1 DAGs
[2024-02-14T09:58:20.661+0000] {logging_mixin.py:188} INFO - [2024-02-14T09:58:20.661+0000] {dag.py:3823} INFO - Setting next_dagrun for example_python_decorator to None, run_after=None
[2024-02-14T09:58:20.674+0000] {processor.py:183} INFO - Processing /home/airflow/.local/lib/python3.8/site-packages/airflow/example_dags/example_python_decorator.py took 0.051 seconds
[2024-02-14T09:58:51.499+0000] {processor.py:161} INFO - Started process (PID=396) to work on /home/airflow/.local/lib/python3.8/site-packages/airflow/example_dags/example_python_decorator.py
[2024-02-14T09:58:51.501+0000] {processor.py:830} INFO - Processing file /home/airflow/.local/lib/python3.8/site-packages/airflow/example_dags/example_python_decorator.py for tasks to queue
[2024-02-14T09:58:51.503+0000] {logging_mixin.py:188} INFO - [2024-02-14T09:58:51.503+0000] {dagbag.py:538} INFO - Filling up the DagBag from /home/airflow/.local/lib/python3.8/site-packages/airflow/example_dags/example_python_decorator.py
[2024-02-14T09:58:51.513+0000] {processor.py:840} INFO - DAG(s) 'example_python_decorator' retrieved from /home/airflow/.local/lib/python3.8/site-packages/airflow/example_dags/example_python_decorator.py
[2024-02-14T09:58:51.532+0000] {logging_mixin.py:188} INFO - [2024-02-14T09:58:51.531+0000] {dag.py:3036} INFO - Sync 1 DAGs
[2024-02-14T09:58:51.541+0000] {logging_mixin.py:188} INFO - [2024-02-14T09:58:51.541+0000] {dag.py:3823} INFO - Setting next_dagrun for example_python_decorator to None, run_after=None
[2024-02-14T09:58:51.555+0000] {processor.py:183} INFO - Processing /home/airflow/.local/lib/python3.8/site-packages/airflow/example_dags/example_python_decorator.py took 0.058 seconds
[2024-02-14T09:59:21.910+0000] {processor.py:161} INFO - Started process (PID=453) to work on /home/airflow/.local/lib/python3.8/site-packages/airflow/example_dags/example_python_decorator.py
[2024-02-14T09:59:21.912+0000] {processor.py:830} INFO - Processing file /home/airflow/.local/lib/python3.8/site-packages/airflow/example_dags/example_python_decorator.py for tasks to queue
[2024-02-14T09:59:21.914+0000] {logging_mixin.py:188} INFO - [2024-02-14T09:59:21.914+0000] {dagbag.py:538} INFO - Filling up the DagBag from /home/airflow/.local/lib/python3.8/site-packages/airflow/example_dags/example_python_decorator.py
[2024-02-14T09:59:21.922+0000] {processor.py:840} INFO - DAG(s) 'example_python_decorator' retrieved from /home/airflow/.local/lib/python3.8/site-packages/airflow/example_dags/example_python_decorator.py
[2024-02-14T09:59:21.938+0000] {logging_mixin.py:188} INFO - [2024-02-14T09:59:21.938+0000] {dag.py:3036} INFO - Sync 1 DAGs
[2024-02-14T09:59:21.946+0000] {logging_mixin.py:188} INFO - [2024-02-14T09:59:21.946+0000] {dag.py:3823} INFO - Setting next_dagrun for example_python_decorator to None, run_after=None
[2024-02-14T09:59:21.957+0000] {processor.py:183} INFO - Processing /home/airflow/.local/lib/python3.8/site-packages/airflow/example_dags/example_python_decorator.py took 0.049 seconds
[2024-02-14T09:59:52.662+0000] {processor.py:161} INFO - Started process (PID=509) to work on /home/airflow/.local/lib/python3.8/site-packages/airflow/example_dags/example_python_decorator.py
[2024-02-14T09:59:52.664+0000] {processor.py:830} INFO - Processing file /home/airflow/.local/lib/python3.8/site-packages/airflow/example_dags/example_python_decorator.py for tasks to queue
[2024-02-14T09:59:52.667+0000] {logging_mixin.py:188} INFO - [2024-02-14T09:59:52.667+0000] {dagbag.py:538} INFO - Filling up the DagBag from /home/airflow/.local/lib/python3.8/site-packages/airflow/example_dags/example_python_decorator.py
[2024-02-14T09:59:52.681+0000] {processor.py:840} INFO - DAG(s) 'example_python_decorator' retrieved from /home/airflow/.local/lib/python3.8/site-packages/airflow/example_dags/example_python_decorator.py
[2024-02-14T09:59:52.703+0000] {logging_mixin.py:188} INFO - [2024-02-14T09:59:52.702+0000] {dag.py:3036} INFO - Sync 1 DAGs
[2024-02-14T09:59:52.712+0000] {logging_mixin.py:188} INFO - [2024-02-14T09:59:52.712+0000] {dag.py:3823} INFO - Setting next_dagrun for example_python_decorator to None, run_after=None
[2024-02-14T09:59:52.730+0000] {processor.py:183} INFO - Processing /home/airflow/.local/lib/python3.8/site-packages/airflow/example_dags/example_python_decorator.py took 0.071 seconds
[2024-02-14T10:00:22.973+0000] {processor.py:161} INFO - Started process (PID=566) to work on /home/airflow/.local/lib/python3.8/site-packages/airflow/example_dags/example_python_decorator.py
[2024-02-14T10:00:22.975+0000] {processor.py:830} INFO - Processing file /home/airflow/.local/lib/python3.8/site-packages/airflow/example_dags/example_python_decorator.py for tasks to queue
[2024-02-14T10:00:22.978+0000] {logging_mixin.py:188} INFO - [2024-02-14T10:00:22.978+0000] {dagbag.py:538} INFO - Filling up the DagBag from /home/airflow/.local/lib/python3.8/site-packages/airflow/example_dags/example_python_decorator.py
[2024-02-14T10:00:22.998+0000] {processor.py:840} INFO - DAG(s) 'example_python_decorator' retrieved from /home/airflow/.local/lib/python3.8/site-packages/airflow/example_dags/example_python_decorator.py
[2024-02-14T10:00:23.028+0000] {logging_mixin.py:188} INFO - [2024-02-14T10:00:23.028+0000] {dag.py:3036} INFO - Sync 1 DAGs
[2024-02-14T10:00:23.041+0000] {logging_mixin.py:188} INFO - [2024-02-14T10:00:23.041+0000] {dag.py:3823} INFO - Setting next_dagrun for example_python_decorator to None, run_after=None
[2024-02-14T10:00:23.059+0000] {processor.py:183} INFO - Processing /home/airflow/.local/lib/python3.8/site-packages/airflow/example_dags/example_python_decorator.py took 0.087 seconds
[2024-02-14T10:00:53.968+0000] {processor.py:161} INFO - Started process (PID=623) to work on /home/airflow/.local/lib/python3.8/site-packages/airflow/example_dags/example_python_decorator.py
[2024-02-14T10:00:53.971+0000] {processor.py:830} INFO - Processing file /home/airflow/.local/lib/python3.8/site-packages/airflow/example_dags/example_python_decorator.py for tasks to queue
[2024-02-14T10:00:53.974+0000] {logging_mixin.py:188} INFO - [2024-02-14T10:00:53.973+0000] {dagbag.py:538} INFO - Filling up the DagBag from /home/airflow/.local/lib/python3.8/site-packages/airflow/example_dags/example_python_decorator.py
[2024-02-14T10:00:53.993+0000] {processor.py:840} INFO - DAG(s) 'example_python_decorator' retrieved from /home/airflow/.local/lib/python3.8/site-packages/airflow/example_dags/example_python_decorator.py
[2024-02-14T10:00:54.016+0000] {logging_mixin.py:188} INFO - [2024-02-14T10:00:54.015+0000] {dag.py:3036} INFO - Sync 1 DAGs
[2024-02-14T10:00:54.027+0000] {logging_mixin.py:188} INFO - [2024-02-14T10:00:54.027+0000] {dag.py:3823} INFO - Setting next_dagrun for example_python_decorator to None, run_after=None
[2024-02-14T10:00:54.046+0000] {processor.py:183} INFO - Processing /home/airflow/.local/lib/python3.8/site-packages/airflow/example_dags/example_python_decorator.py took 0.081 seconds
[2024-02-14T10:01:24.156+0000] {processor.py:161} INFO - Started process (PID=679) to work on /home/airflow/.local/lib/python3.8/site-packages/airflow/example_dags/example_python_decorator.py
[2024-02-14T10:01:24.158+0000] {processor.py:830} INFO - Processing file /home/airflow/.local/lib/python3.8/site-packages/airflow/example_dags/example_python_decorator.py for tasks to queue
[2024-02-14T10:01:24.160+0000] {logging_mixin.py:188} INFO - [2024-02-14T10:01:24.159+0000] {dagbag.py:538} INFO - Filling up the DagBag from /home/airflow/.local/lib/python3.8/site-packages/airflow/example_dags/example_python_decorator.py
[2024-02-14T10:01:24.169+0000] {processor.py:840} INFO - DAG(s) 'example_python_decorator' retrieved from /home/airflow/.local/lib/python3.8/site-packages/airflow/example_dags/example_python_decorator.py
[2024-02-14T10:01:24.185+0000] {logging_mixin.py:188} INFO - [2024-02-14T10:01:24.185+0000] {dag.py:3036} INFO - Sync 1 DAGs
[2024-02-14T10:01:24.193+0000] {logging_mixin.py:188} INFO - [2024-02-14T10:01:24.193+0000] {dag.py:3823} INFO - Setting next_dagrun for example_python_decorator to None, run_after=None
[2024-02-14T10:01:24.206+0000] {processor.py:183} INFO - Processing /home/airflow/.local/lib/python3.8/site-packages/airflow/example_dags/example_python_decorator.py took 0.052 seconds
[2024-02-14T10:01:54.368+0000] {processor.py:161} INFO - Started process (PID=736) to work on /home/airflow/.local/lib/python3.8/site-packages/airflow/example_dags/example_python_decorator.py
[2024-02-14T10:01:54.370+0000] {processor.py:830} INFO - Processing file /home/airflow/.local/lib/python3.8/site-packages/airflow/example_dags/example_python_decorator.py for tasks to queue
[2024-02-14T10:01:54.371+0000] {logging_mixin.py:188} INFO - [2024-02-14T10:01:54.371+0000] {dagbag.py:538} INFO - Filling up the DagBag from /home/airflow/.local/lib/python3.8/site-packages/airflow/example_dags/example_python_decorator.py
[2024-02-14T10:01:54.382+0000] {processor.py:840} INFO - DAG(s) 'example_python_decorator' retrieved from /home/airflow/.local/lib/python3.8/site-packages/airflow/example_dags/example_python_decorator.py
[2024-02-14T10:01:54.401+0000] {logging_mixin.py:188} INFO - [2024-02-14T10:01:54.401+0000] {dag.py:3036} INFO - Sync 1 DAGs
[2024-02-14T10:01:54.409+0000] {logging_mixin.py:188} INFO - [2024-02-14T10:01:54.409+0000] {dag.py:3823} INFO - Setting next_dagrun for example_python_decorator to None, run_after=None
[2024-02-14T10:01:54.422+0000] {processor.py:183} INFO - Processing /home/airflow/.local/lib/python3.8/site-packages/airflow/example_dags/example_python_decorator.py took 0.056 seconds
[2024-02-14T10:02:25.858+0000] {processor.py:161} INFO - Started process (PID=793) to work on /home/airflow/.local/lib/python3.8/site-packages/airflow/example_dags/example_python_decorator.py
[2024-02-14T10:02:25.864+0000] {processor.py:830} INFO - Processing file /home/airflow/.local/lib/python3.8/site-packages/airflow/example_dags/example_python_decorator.py for tasks to queue
[2024-02-14T10:02:25.872+0000] {logging_mixin.py:188} INFO - [2024-02-14T10:02:25.871+0000] {dagbag.py:538} INFO - Filling up the DagBag from /home/airflow/.local/lib/python3.8/site-packages/airflow/example_dags/example_python_decorator.py
[2024-02-14T10:02:25.902+0000] {processor.py:840} INFO - DAG(s) 'example_python_decorator' retrieved from /home/airflow/.local/lib/python3.8/site-packages/airflow/example_dags/example_python_decorator.py
[2024-02-14T10:02:25.944+0000] {logging_mixin.py:188} INFO - [2024-02-14T10:02:25.944+0000] {dag.py:3036} INFO - Sync 1 DAGs
[2024-02-14T10:02:25.969+0000] {logging_mixin.py:188} INFO - [2024-02-14T10:02:25.969+0000] {dag.py:3823} INFO - Setting next_dagrun for example_python_decorator to None, run_after=None
[2024-02-14T10:02:26.023+0000] {processor.py:183} INFO - Processing /home/airflow/.local/lib/python3.8/site-packages/airflow/example_dags/example_python_decorator.py took 0.169 seconds
[2024-02-14T10:02:56.844+0000] {processor.py:161} INFO - Started process (PID=852) to work on /home/airflow/.local/lib/python3.8/site-packages/airflow/example_dags/example_python_decorator.py
[2024-02-14T10:02:56.845+0000] {processor.py:830} INFO - Processing file /home/airflow/.local/lib/python3.8/site-packages/airflow/example_dags/example_python_decorator.py for tasks to queue
[2024-02-14T10:02:56.847+0000] {logging_mixin.py:188} INFO - [2024-02-14T10:02:56.847+0000] {dagbag.py:538} INFO - Filling up the DagBag from /home/airflow/.local/lib/python3.8/site-packages/airflow/example_dags/example_python_decorator.py
[2024-02-14T10:02:56.856+0000] {processor.py:840} INFO - DAG(s) 'example_python_decorator' retrieved from /home/airflow/.local/lib/python3.8/site-packages/airflow/example_dags/example_python_decorator.py
[2024-02-14T10:02:56.871+0000] {logging_mixin.py:188} INFO - [2024-02-14T10:02:56.871+0000] {dag.py:3036} INFO - Sync 1 DAGs
[2024-02-14T10:02:56.879+0000] {logging_mixin.py:188} INFO - [2024-02-14T10:02:56.879+0000] {dag.py:3823} INFO - Setting next_dagrun for example_python_decorator to None, run_after=None
[2024-02-14T10:02:56.892+0000] {processor.py:183} INFO - Processing /home/airflow/.local/lib/python3.8/site-packages/airflow/example_dags/example_python_decorator.py took 0.051 seconds
