[2024-02-14T09:34:20.498+0000] {processor.py:161} INFO - Started process (PID=76) to work on /home/airflow/.local/lib/python3.8/site-packages/airflow/example_dags/tutorial_dag.py
[2024-02-14T09:34:20.501+0000] {processor.py:830} INFO - Processing file /home/airflow/.local/lib/python3.8/site-packages/airflow/example_dags/tutorial_dag.py for tasks to queue
[2024-02-14T09:34:20.504+0000] {logging_mixin.py:188} INFO - [2024-02-14T09:34:20.503+0000] {dagbag.py:538} INFO - Filling up the DagBag from /home/airflow/.local/lib/python3.8/site-packages/airflow/example_dags/tutorial_dag.py
[2024-02-14T09:34:20.510+0000] {processor.py:840} INFO - DAG(s) 'tutorial_dag' retrieved from /home/airflow/.local/lib/python3.8/site-packages/airflow/example_dags/tutorial_dag.py
[2024-02-14T09:34:20.523+0000] {logging_mixin.py:188} INFO - [2024-02-14T09:34:20.523+0000] {dag.py:3036} INFO - Sync 1 DAGs
[2024-02-14T09:34:20.534+0000] {logging_mixin.py:188} INFO - [2024-02-14T09:34:20.534+0000] {dag.py:3823} INFO - Setting next_dagrun for tutorial_dag to None, run_after=None
[2024-02-14T09:34:20.552+0000] {processor.py:183} INFO - Processing /home/airflow/.local/lib/python3.8/site-packages/airflow/example_dags/tutorial_dag.py took 0.056 seconds
[2024-02-14T09:34:50.756+0000] {processor.py:161} INFO - Started process (PID=133) to work on /home/airflow/.local/lib/python3.8/site-packages/airflow/example_dags/tutorial_dag.py
[2024-02-14T09:34:50.757+0000] {processor.py:830} INFO - Processing file /home/airflow/.local/lib/python3.8/site-packages/airflow/example_dags/tutorial_dag.py for tasks to queue
[2024-02-14T09:34:50.759+0000] {logging_mixin.py:188} INFO - [2024-02-14T09:34:50.759+0000] {dagbag.py:538} INFO - Filling up the DagBag from /home/airflow/.local/lib/python3.8/site-packages/airflow/example_dags/tutorial_dag.py
[2024-02-14T09:34:50.764+0000] {processor.py:840} INFO - DAG(s) 'tutorial_dag' retrieved from /home/airflow/.local/lib/python3.8/site-packages/airflow/example_dags/tutorial_dag.py
[2024-02-14T09:34:50.822+0000] {logging_mixin.py:188} INFO - [2024-02-14T09:34:50.822+0000] {dag.py:3036} INFO - Sync 1 DAGs
[2024-02-14T09:34:50.829+0000] {logging_mixin.py:188} INFO - [2024-02-14T09:34:50.829+0000] {dag.py:3823} INFO - Setting next_dagrun for tutorial_dag to None, run_after=None
[2024-02-14T09:34:50.843+0000] {processor.py:183} INFO - Processing /home/airflow/.local/lib/python3.8/site-packages/airflow/example_dags/tutorial_dag.py took 0.089 seconds
[2024-02-14T09:35:21.535+0000] {processor.py:161} INFO - Started process (PID=191) to work on /home/airflow/.local/lib/python3.8/site-packages/airflow/example_dags/tutorial_dag.py
[2024-02-14T09:35:21.537+0000] {processor.py:830} INFO - Processing file /home/airflow/.local/lib/python3.8/site-packages/airflow/example_dags/tutorial_dag.py for tasks to queue
[2024-02-14T09:35:21.540+0000] {logging_mixin.py:188} INFO - [2024-02-14T09:35:21.539+0000] {dagbag.py:538} INFO - Filling up the DagBag from /home/airflow/.local/lib/python3.8/site-packages/airflow/example_dags/tutorial_dag.py
[2024-02-14T09:35:21.546+0000] {processor.py:840} INFO - DAG(s) 'tutorial_dag' retrieved from /home/airflow/.local/lib/python3.8/site-packages/airflow/example_dags/tutorial_dag.py
[2024-02-14T09:35:21.570+0000] {logging_mixin.py:188} INFO - [2024-02-14T09:35:21.570+0000] {dag.py:3036} INFO - Sync 1 DAGs
[2024-02-14T09:35:21.581+0000] {logging_mixin.py:188} INFO - [2024-02-14T09:35:21.581+0000] {dag.py:3823} INFO - Setting next_dagrun for tutorial_dag to None, run_after=None
[2024-02-14T09:35:21.598+0000] {processor.py:183} INFO - Processing /home/airflow/.local/lib/python3.8/site-packages/airflow/example_dags/tutorial_dag.py took 0.068 seconds
[2024-02-14T09:35:52.134+0000] {processor.py:161} INFO - Started process (PID=247) to work on /home/airflow/.local/lib/python3.8/site-packages/airflow/example_dags/tutorial_dag.py
[2024-02-14T09:35:52.136+0000] {processor.py:830} INFO - Processing file /home/airflow/.local/lib/python3.8/site-packages/airflow/example_dags/tutorial_dag.py for tasks to queue
[2024-02-14T09:35:52.138+0000] {logging_mixin.py:188} INFO - [2024-02-14T09:35:52.137+0000] {dagbag.py:538} INFO - Filling up the DagBag from /home/airflow/.local/lib/python3.8/site-packages/airflow/example_dags/tutorial_dag.py
[2024-02-14T09:35:52.143+0000] {processor.py:840} INFO - DAG(s) 'tutorial_dag' retrieved from /home/airflow/.local/lib/python3.8/site-packages/airflow/example_dags/tutorial_dag.py
[2024-02-14T09:35:52.157+0000] {logging_mixin.py:188} INFO - [2024-02-14T09:35:52.157+0000] {dag.py:3036} INFO - Sync 1 DAGs
[2024-02-14T09:35:52.165+0000] {logging_mixin.py:188} INFO - [2024-02-14T09:35:52.165+0000] {dag.py:3823} INFO - Setting next_dagrun for tutorial_dag to None, run_after=None
[2024-02-14T09:35:52.177+0000] {processor.py:183} INFO - Processing /home/airflow/.local/lib/python3.8/site-packages/airflow/example_dags/tutorial_dag.py took 0.044 seconds
[2024-02-14T09:36:23.026+0000] {processor.py:161} INFO - Started process (PID=302) to work on /home/airflow/.local/lib/python3.8/site-packages/airflow/example_dags/tutorial_dag.py
[2024-02-14T09:36:23.027+0000] {processor.py:830} INFO - Processing file /home/airflow/.local/lib/python3.8/site-packages/airflow/example_dags/tutorial_dag.py for tasks to queue
[2024-02-14T09:36:23.029+0000] {logging_mixin.py:188} INFO - [2024-02-14T09:36:23.029+0000] {dagbag.py:538} INFO - Filling up the DagBag from /home/airflow/.local/lib/python3.8/site-packages/airflow/example_dags/tutorial_dag.py
[2024-02-14T09:36:23.034+0000] {processor.py:840} INFO - DAG(s) 'tutorial_dag' retrieved from /home/airflow/.local/lib/python3.8/site-packages/airflow/example_dags/tutorial_dag.py
[2024-02-14T09:36:23.050+0000] {logging_mixin.py:188} INFO - [2024-02-14T09:36:23.050+0000] {dag.py:3036} INFO - Sync 1 DAGs
[2024-02-14T09:36:23.057+0000] {logging_mixin.py:188} INFO - [2024-02-14T09:36:23.057+0000] {dag.py:3823} INFO - Setting next_dagrun for tutorial_dag to None, run_after=None
[2024-02-14T09:36:23.070+0000] {processor.py:183} INFO - Processing /home/airflow/.local/lib/python3.8/site-packages/airflow/example_dags/tutorial_dag.py took 0.047 seconds
[2024-02-14T09:36:53.195+0000] {processor.py:161} INFO - Started process (PID=358) to work on /home/airflow/.local/lib/python3.8/site-packages/airflow/example_dags/tutorial_dag.py
[2024-02-14T09:36:53.196+0000] {processor.py:830} INFO - Processing file /home/airflow/.local/lib/python3.8/site-packages/airflow/example_dags/tutorial_dag.py for tasks to queue
[2024-02-14T09:36:53.198+0000] {logging_mixin.py:188} INFO - [2024-02-14T09:36:53.198+0000] {dagbag.py:538} INFO - Filling up the DagBag from /home/airflow/.local/lib/python3.8/site-packages/airflow/example_dags/tutorial_dag.py
[2024-02-14T09:36:53.202+0000] {processor.py:840} INFO - DAG(s) 'tutorial_dag' retrieved from /home/airflow/.local/lib/python3.8/site-packages/airflow/example_dags/tutorial_dag.py
[2024-02-14T09:36:53.217+0000] {logging_mixin.py:188} INFO - [2024-02-14T09:36:53.217+0000] {dag.py:3036} INFO - Sync 1 DAGs
[2024-02-14T09:36:53.224+0000] {logging_mixin.py:188} INFO - [2024-02-14T09:36:53.224+0000] {dag.py:3823} INFO - Setting next_dagrun for tutorial_dag to None, run_after=None
[2024-02-14T09:36:53.234+0000] {processor.py:183} INFO - Processing /home/airflow/.local/lib/python3.8/site-packages/airflow/example_dags/tutorial_dag.py took 0.042 seconds
[2024-02-14T09:37:23.647+0000] {processor.py:161} INFO - Started process (PID=417) to work on /home/airflow/.local/lib/python3.8/site-packages/airflow/example_dags/tutorial_dag.py
[2024-02-14T09:37:23.649+0000] {processor.py:830} INFO - Processing file /home/airflow/.local/lib/python3.8/site-packages/airflow/example_dags/tutorial_dag.py for tasks to queue
[2024-02-14T09:37:23.651+0000] {logging_mixin.py:188} INFO - [2024-02-14T09:37:23.650+0000] {dagbag.py:538} INFO - Filling up the DagBag from /home/airflow/.local/lib/python3.8/site-packages/airflow/example_dags/tutorial_dag.py
[2024-02-14T09:37:23.655+0000] {processor.py:840} INFO - DAG(s) 'tutorial_dag' retrieved from /home/airflow/.local/lib/python3.8/site-packages/airflow/example_dags/tutorial_dag.py
[2024-02-14T09:37:23.673+0000] {logging_mixin.py:188} INFO - [2024-02-14T09:37:23.673+0000] {dag.py:3036} INFO - Sync 1 DAGs
[2024-02-14T09:37:23.682+0000] {logging_mixin.py:188} INFO - [2024-02-14T09:37:23.682+0000] {dag.py:3823} INFO - Setting next_dagrun for tutorial_dag to None, run_after=None
[2024-02-14T09:37:23.694+0000] {processor.py:183} INFO - Processing /home/airflow/.local/lib/python3.8/site-packages/airflow/example_dags/tutorial_dag.py took 0.050 seconds
[2024-02-14T09:37:53.866+0000] {processor.py:161} INFO - Started process (PID=473) to work on /home/airflow/.local/lib/python3.8/site-packages/airflow/example_dags/tutorial_dag.py
[2024-02-14T09:37:53.868+0000] {processor.py:830} INFO - Processing file /home/airflow/.local/lib/python3.8/site-packages/airflow/example_dags/tutorial_dag.py for tasks to queue
[2024-02-14T09:37:53.869+0000] {logging_mixin.py:188} INFO - [2024-02-14T09:37:53.869+0000] {dagbag.py:538} INFO - Filling up the DagBag from /home/airflow/.local/lib/python3.8/site-packages/airflow/example_dags/tutorial_dag.py
[2024-02-14T09:37:53.873+0000] {processor.py:840} INFO - DAG(s) 'tutorial_dag' retrieved from /home/airflow/.local/lib/python3.8/site-packages/airflow/example_dags/tutorial_dag.py
[2024-02-14T09:37:53.886+0000] {logging_mixin.py:188} INFO - [2024-02-14T09:37:53.886+0000] {dag.py:3036} INFO - Sync 1 DAGs
[2024-02-14T09:37:53.895+0000] {logging_mixin.py:188} INFO - [2024-02-14T09:37:53.894+0000] {dag.py:3823} INFO - Setting next_dagrun for tutorial_dag to None, run_after=None
[2024-02-14T09:37:53.906+0000] {processor.py:183} INFO - Processing /home/airflow/.local/lib/python3.8/site-packages/airflow/example_dags/tutorial_dag.py took 0.043 seconds
[2024-02-14T09:38:24.177+0000] {processor.py:161} INFO - Started process (PID=531) to work on /home/airflow/.local/lib/python3.8/site-packages/airflow/example_dags/tutorial_dag.py
[2024-02-14T09:38:24.179+0000] {processor.py:830} INFO - Processing file /home/airflow/.local/lib/python3.8/site-packages/airflow/example_dags/tutorial_dag.py for tasks to queue
[2024-02-14T09:38:24.180+0000] {logging_mixin.py:188} INFO - [2024-02-14T09:38:24.180+0000] {dagbag.py:538} INFO - Filling up the DagBag from /home/airflow/.local/lib/python3.8/site-packages/airflow/example_dags/tutorial_dag.py
[2024-02-14T09:38:24.185+0000] {processor.py:840} INFO - DAG(s) 'tutorial_dag' retrieved from /home/airflow/.local/lib/python3.8/site-packages/airflow/example_dags/tutorial_dag.py
[2024-02-14T09:38:24.200+0000] {logging_mixin.py:188} INFO - [2024-02-14T09:38:24.200+0000] {dag.py:3036} INFO - Sync 1 DAGs
[2024-02-14T09:38:24.209+0000] {logging_mixin.py:188} INFO - [2024-02-14T09:38:24.208+0000] {dag.py:3823} INFO - Setting next_dagrun for tutorial_dag to None, run_after=None
[2024-02-14T09:38:24.222+0000] {processor.py:183} INFO - Processing /home/airflow/.local/lib/python3.8/site-packages/airflow/example_dags/tutorial_dag.py took 0.047 seconds
[2024-02-14T09:38:54.995+0000] {processor.py:161} INFO - Started process (PID=588) to work on /home/airflow/.local/lib/python3.8/site-packages/airflow/example_dags/tutorial_dag.py
[2024-02-14T09:38:54.997+0000] {processor.py:830} INFO - Processing file /home/airflow/.local/lib/python3.8/site-packages/airflow/example_dags/tutorial_dag.py for tasks to queue
[2024-02-14T09:38:55.000+0000] {logging_mixin.py:188} INFO - [2024-02-14T09:38:55.000+0000] {dagbag.py:538} INFO - Filling up the DagBag from /home/airflow/.local/lib/python3.8/site-packages/airflow/example_dags/tutorial_dag.py
[2024-02-14T09:38:55.005+0000] {processor.py:840} INFO - DAG(s) 'tutorial_dag' retrieved from /home/airflow/.local/lib/python3.8/site-packages/airflow/example_dags/tutorial_dag.py
[2024-02-14T09:38:55.023+0000] {logging_mixin.py:188} INFO - [2024-02-14T09:38:55.023+0000] {dag.py:3036} INFO - Sync 1 DAGs
[2024-02-14T09:38:55.035+0000] {logging_mixin.py:188} INFO - [2024-02-14T09:38:55.035+0000] {dag.py:3823} INFO - Setting next_dagrun for tutorial_dag to None, run_after=None
[2024-02-14T09:38:55.051+0000] {processor.py:183} INFO - Processing /home/airflow/.local/lib/python3.8/site-packages/airflow/example_dags/tutorial_dag.py took 0.059 seconds
[2024-02-14T09:43:49.855+0000] {processor.py:161} INFO - Started process (PID=72) to work on /home/airflow/.local/lib/python3.8/site-packages/airflow/example_dags/tutorial_dag.py
[2024-02-14T09:43:49.857+0000] {processor.py:830} INFO - Processing file /home/airflow/.local/lib/python3.8/site-packages/airflow/example_dags/tutorial_dag.py for tasks to queue
[2024-02-14T09:43:49.859+0000] {logging_mixin.py:188} INFO - [2024-02-14T09:43:49.859+0000] {dagbag.py:538} INFO - Filling up the DagBag from /home/airflow/.local/lib/python3.8/site-packages/airflow/example_dags/tutorial_dag.py
[2024-02-14T09:43:49.866+0000] {processor.py:840} INFO - DAG(s) 'tutorial_dag' retrieved from /home/airflow/.local/lib/python3.8/site-packages/airflow/example_dags/tutorial_dag.py
[2024-02-14T09:43:49.880+0000] {logging_mixin.py:188} INFO - [2024-02-14T09:43:49.879+0000] {dag.py:3036} INFO - Sync 1 DAGs
[2024-02-14T09:43:49.896+0000] {logging_mixin.py:188} INFO - [2024-02-14T09:43:49.895+0000] {dag.py:3823} INFO - Setting next_dagrun for tutorial_dag to None, run_after=None
[2024-02-14T09:43:49.914+0000] {processor.py:183} INFO - Processing /home/airflow/.local/lib/python3.8/site-packages/airflow/example_dags/tutorial_dag.py took 0.062 seconds
[2024-02-14T09:46:39.182+0000] {processor.py:161} INFO - Started process (PID=71) to work on /home/airflow/.local/lib/python3.8/site-packages/airflow/example_dags/tutorial_dag.py
[2024-02-14T09:46:39.185+0000] {processor.py:830} INFO - Processing file /home/airflow/.local/lib/python3.8/site-packages/airflow/example_dags/tutorial_dag.py for tasks to queue
[2024-02-14T09:46:39.187+0000] {logging_mixin.py:188} INFO - [2024-02-14T09:46:39.187+0000] {dagbag.py:538} INFO - Filling up the DagBag from /home/airflow/.local/lib/python3.8/site-packages/airflow/example_dags/tutorial_dag.py
[2024-02-14T09:46:39.192+0000] {processor.py:840} INFO - DAG(s) 'tutorial_dag' retrieved from /home/airflow/.local/lib/python3.8/site-packages/airflow/example_dags/tutorial_dag.py
[2024-02-14T09:46:39.266+0000] {logging_mixin.py:188} INFO - [2024-02-14T09:46:39.265+0000] {override.py:1769} INFO - Created Permission View: can edit on DAG:tutorial_dag
[2024-02-14T09:46:39.277+0000] {logging_mixin.py:188} INFO - [2024-02-14T09:46:39.276+0000] {override.py:1769} INFO - Created Permission View: can read on DAG:tutorial_dag
[2024-02-14T09:46:39.283+0000] {logging_mixin.py:188} INFO - [2024-02-14T09:46:39.283+0000] {override.py:1769} INFO - Created Permission View: can delete on DAG:tutorial_dag
[2024-02-14T09:46:39.285+0000] {logging_mixin.py:188} INFO - [2024-02-14T09:46:39.285+0000] {dag.py:3036} INFO - Sync 1 DAGs
[2024-02-14T09:46:39.294+0000] {logging_mixin.py:188} INFO - [2024-02-14T09:46:39.294+0000] {dag.py:3058} INFO - Creating ORM DAG for tutorial_dag
[2024-02-14T09:46:39.295+0000] {logging_mixin.py:188} INFO - [2024-02-14T09:46:39.295+0000] {dag.py:3823} INFO - Setting next_dagrun for tutorial_dag to None, run_after=None
[2024-02-14T09:46:39.309+0000] {processor.py:183} INFO - Processing /home/airflow/.local/lib/python3.8/site-packages/airflow/example_dags/tutorial_dag.py took 0.130 seconds
[2024-02-14T09:47:09.744+0000] {processor.py:161} INFO - Started process (PID=126) to work on /home/airflow/.local/lib/python3.8/site-packages/airflow/example_dags/tutorial_dag.py
[2024-02-14T09:47:09.746+0000] {processor.py:830} INFO - Processing file /home/airflow/.local/lib/python3.8/site-packages/airflow/example_dags/tutorial_dag.py for tasks to queue
[2024-02-14T09:47:09.748+0000] {logging_mixin.py:188} INFO - [2024-02-14T09:47:09.748+0000] {dagbag.py:538} INFO - Filling up the DagBag from /home/airflow/.local/lib/python3.8/site-packages/airflow/example_dags/tutorial_dag.py
[2024-02-14T09:47:09.753+0000] {processor.py:840} INFO - DAG(s) 'tutorial_dag' retrieved from /home/airflow/.local/lib/python3.8/site-packages/airflow/example_dags/tutorial_dag.py
[2024-02-14T09:47:09.769+0000] {logging_mixin.py:188} INFO - [2024-02-14T09:47:09.769+0000] {dag.py:3036} INFO - Sync 1 DAGs
[2024-02-14T09:47:09.778+0000] {logging_mixin.py:188} INFO - [2024-02-14T09:47:09.777+0000] {dag.py:3823} INFO - Setting next_dagrun for tutorial_dag to None, run_after=None
[2024-02-14T09:47:09.791+0000] {processor.py:183} INFO - Processing /home/airflow/.local/lib/python3.8/site-packages/airflow/example_dags/tutorial_dag.py took 0.049 seconds
[2024-02-14T09:47:40.331+0000] {processor.py:161} INFO - Started process (PID=184) to work on /home/airflow/.local/lib/python3.8/site-packages/airflow/example_dags/tutorial_dag.py
[2024-02-14T09:47:40.334+0000] {processor.py:830} INFO - Processing file /home/airflow/.local/lib/python3.8/site-packages/airflow/example_dags/tutorial_dag.py for tasks to queue
[2024-02-14T09:47:40.342+0000] {logging_mixin.py:188} INFO - [2024-02-14T09:47:40.341+0000] {dagbag.py:538} INFO - Filling up the DagBag from /home/airflow/.local/lib/python3.8/site-packages/airflow/example_dags/tutorial_dag.py
[2024-02-14T09:47:40.352+0000] {processor.py:840} INFO - DAG(s) 'tutorial_dag' retrieved from /home/airflow/.local/lib/python3.8/site-packages/airflow/example_dags/tutorial_dag.py
[2024-02-14T09:47:40.381+0000] {logging_mixin.py:188} INFO - [2024-02-14T09:47:40.381+0000] {dag.py:3036} INFO - Sync 1 DAGs
[2024-02-14T09:47:40.393+0000] {logging_mixin.py:188} INFO - [2024-02-14T09:47:40.393+0000] {dag.py:3823} INFO - Setting next_dagrun for tutorial_dag to None, run_after=None
[2024-02-14T09:47:40.415+0000] {processor.py:183} INFO - Processing /home/airflow/.local/lib/python3.8/site-packages/airflow/example_dags/tutorial_dag.py took 0.089 seconds
[2024-02-14T09:48:10.896+0000] {processor.py:161} INFO - Started process (PID=242) to work on /home/airflow/.local/lib/python3.8/site-packages/airflow/example_dags/tutorial_dag.py
[2024-02-14T09:48:10.898+0000] {processor.py:830} INFO - Processing file /home/airflow/.local/lib/python3.8/site-packages/airflow/example_dags/tutorial_dag.py for tasks to queue
[2024-02-14T09:48:10.901+0000] {logging_mixin.py:188} INFO - [2024-02-14T09:48:10.901+0000] {dagbag.py:538} INFO - Filling up the DagBag from /home/airflow/.local/lib/python3.8/site-packages/airflow/example_dags/tutorial_dag.py
[2024-02-14T09:48:10.906+0000] {processor.py:840} INFO - DAG(s) 'tutorial_dag' retrieved from /home/airflow/.local/lib/python3.8/site-packages/airflow/example_dags/tutorial_dag.py
[2024-02-14T09:48:10.923+0000] {logging_mixin.py:188} INFO - [2024-02-14T09:48:10.923+0000] {dag.py:3036} INFO - Sync 1 DAGs
[2024-02-14T09:48:10.932+0000] {logging_mixin.py:188} INFO - [2024-02-14T09:48:10.932+0000] {dag.py:3823} INFO - Setting next_dagrun for tutorial_dag to None, run_after=None
[2024-02-14T09:48:10.945+0000] {processor.py:183} INFO - Processing /home/airflow/.local/lib/python3.8/site-packages/airflow/example_dags/tutorial_dag.py took 0.052 seconds
[2024-02-14T09:48:41.394+0000] {processor.py:161} INFO - Started process (PID=302) to work on /home/airflow/.local/lib/python3.8/site-packages/airflow/example_dags/tutorial_dag.py
[2024-02-14T09:48:41.396+0000] {processor.py:830} INFO - Processing file /home/airflow/.local/lib/python3.8/site-packages/airflow/example_dags/tutorial_dag.py for tasks to queue
[2024-02-14T09:48:41.398+0000] {logging_mixin.py:188} INFO - [2024-02-14T09:48:41.397+0000] {dagbag.py:538} INFO - Filling up the DagBag from /home/airflow/.local/lib/python3.8/site-packages/airflow/example_dags/tutorial_dag.py
[2024-02-14T09:48:41.402+0000] {processor.py:840} INFO - DAG(s) 'tutorial_dag' retrieved from /home/airflow/.local/lib/python3.8/site-packages/airflow/example_dags/tutorial_dag.py
[2024-02-14T09:48:41.418+0000] {logging_mixin.py:188} INFO - [2024-02-14T09:48:41.418+0000] {dag.py:3036} INFO - Sync 1 DAGs
[2024-02-14T09:48:41.427+0000] {logging_mixin.py:188} INFO - [2024-02-14T09:48:41.427+0000] {dag.py:3823} INFO - Setting next_dagrun for tutorial_dag to None, run_after=None
[2024-02-14T09:48:41.440+0000] {processor.py:183} INFO - Processing /home/airflow/.local/lib/python3.8/site-packages/airflow/example_dags/tutorial_dag.py took 0.049 seconds
[2024-02-14T09:49:11.960+0000] {processor.py:161} INFO - Started process (PID=358) to work on /home/airflow/.local/lib/python3.8/site-packages/airflow/example_dags/tutorial_dag.py
[2024-02-14T09:49:11.963+0000] {processor.py:830} INFO - Processing file /home/airflow/.local/lib/python3.8/site-packages/airflow/example_dags/tutorial_dag.py for tasks to queue
[2024-02-14T09:49:11.965+0000] {logging_mixin.py:188} INFO - [2024-02-14T09:49:11.964+0000] {dagbag.py:538} INFO - Filling up the DagBag from /home/airflow/.local/lib/python3.8/site-packages/airflow/example_dags/tutorial_dag.py
[2024-02-14T09:49:11.969+0000] {processor.py:840} INFO - DAG(s) 'tutorial_dag' retrieved from /home/airflow/.local/lib/python3.8/site-packages/airflow/example_dags/tutorial_dag.py
[2024-02-14T09:49:11.984+0000] {logging_mixin.py:188} INFO - [2024-02-14T09:49:11.984+0000] {dag.py:3036} INFO - Sync 1 DAGs
[2024-02-14T09:49:11.992+0000] {logging_mixin.py:188} INFO - [2024-02-14T09:49:11.992+0000] {dag.py:3823} INFO - Setting next_dagrun for tutorial_dag to None, run_after=None
[2024-02-14T09:49:12.008+0000] {processor.py:183} INFO - Processing /home/airflow/.local/lib/python3.8/site-packages/airflow/example_dags/tutorial_dag.py took 0.050 seconds
[2024-02-14T09:49:42.887+0000] {processor.py:161} INFO - Started process (PID=414) to work on /home/airflow/.local/lib/python3.8/site-packages/airflow/example_dags/tutorial_dag.py
[2024-02-14T09:49:42.888+0000] {processor.py:830} INFO - Processing file /home/airflow/.local/lib/python3.8/site-packages/airflow/example_dags/tutorial_dag.py for tasks to queue
[2024-02-14T09:49:42.890+0000] {logging_mixin.py:188} INFO - [2024-02-14T09:49:42.890+0000] {dagbag.py:538} INFO - Filling up the DagBag from /home/airflow/.local/lib/python3.8/site-packages/airflow/example_dags/tutorial_dag.py
[2024-02-14T09:49:42.895+0000] {processor.py:840} INFO - DAG(s) 'tutorial_dag' retrieved from /home/airflow/.local/lib/python3.8/site-packages/airflow/example_dags/tutorial_dag.py
[2024-02-14T09:49:42.910+0000] {logging_mixin.py:188} INFO - [2024-02-14T09:49:42.910+0000] {dag.py:3036} INFO - Sync 1 DAGs
[2024-02-14T09:49:42.918+0000] {logging_mixin.py:188} INFO - [2024-02-14T09:49:42.918+0000] {dag.py:3823} INFO - Setting next_dagrun for tutorial_dag to None, run_after=None
[2024-02-14T09:49:42.930+0000] {processor.py:183} INFO - Processing /home/airflow/.local/lib/python3.8/site-packages/airflow/example_dags/tutorial_dag.py took 0.046 seconds
[2024-02-14T09:50:13.391+0000] {processor.py:161} INFO - Started process (PID=472) to work on /home/airflow/.local/lib/python3.8/site-packages/airflow/example_dags/tutorial_dag.py
[2024-02-14T09:50:13.393+0000] {processor.py:830} INFO - Processing file /home/airflow/.local/lib/python3.8/site-packages/airflow/example_dags/tutorial_dag.py for tasks to queue
[2024-02-14T09:50:13.395+0000] {logging_mixin.py:188} INFO - [2024-02-14T09:50:13.394+0000] {dagbag.py:538} INFO - Filling up the DagBag from /home/airflow/.local/lib/python3.8/site-packages/airflow/example_dags/tutorial_dag.py
[2024-02-14T09:50:13.399+0000] {processor.py:840} INFO - DAG(s) 'tutorial_dag' retrieved from /home/airflow/.local/lib/python3.8/site-packages/airflow/example_dags/tutorial_dag.py
[2024-02-14T09:50:13.414+0000] {logging_mixin.py:188} INFO - [2024-02-14T09:50:13.414+0000] {dag.py:3036} INFO - Sync 1 DAGs
[2024-02-14T09:50:13.424+0000] {logging_mixin.py:188} INFO - [2024-02-14T09:50:13.423+0000] {dag.py:3823} INFO - Setting next_dagrun for tutorial_dag to None, run_after=None
[2024-02-14T09:50:13.435+0000] {processor.py:183} INFO - Processing /home/airflow/.local/lib/python3.8/site-packages/airflow/example_dags/tutorial_dag.py took 0.046 seconds
[2024-02-14T09:50:43.678+0000] {processor.py:161} INFO - Started process (PID=528) to work on /home/airflow/.local/lib/python3.8/site-packages/airflow/example_dags/tutorial_dag.py
[2024-02-14T09:50:43.679+0000] {processor.py:830} INFO - Processing file /home/airflow/.local/lib/python3.8/site-packages/airflow/example_dags/tutorial_dag.py for tasks to queue
[2024-02-14T09:50:43.681+0000] {logging_mixin.py:188} INFO - [2024-02-14T09:50:43.681+0000] {dagbag.py:538} INFO - Filling up the DagBag from /home/airflow/.local/lib/python3.8/site-packages/airflow/example_dags/tutorial_dag.py
[2024-02-14T09:50:43.686+0000] {processor.py:840} INFO - DAG(s) 'tutorial_dag' retrieved from /home/airflow/.local/lib/python3.8/site-packages/airflow/example_dags/tutorial_dag.py
[2024-02-14T09:50:43.700+0000] {logging_mixin.py:188} INFO - [2024-02-14T09:50:43.700+0000] {dag.py:3036} INFO - Sync 1 DAGs
[2024-02-14T09:50:43.709+0000] {logging_mixin.py:188} INFO - [2024-02-14T09:50:43.709+0000] {dag.py:3823} INFO - Setting next_dagrun for tutorial_dag to None, run_after=None
[2024-02-14T09:50:43.720+0000] {processor.py:183} INFO - Processing /home/airflow/.local/lib/python3.8/site-packages/airflow/example_dags/tutorial_dag.py took 0.045 seconds
[2024-02-14T09:51:14.005+0000] {processor.py:161} INFO - Started process (PID=584) to work on /home/airflow/.local/lib/python3.8/site-packages/airflow/example_dags/tutorial_dag.py
[2024-02-14T09:51:14.006+0000] {processor.py:830} INFO - Processing file /home/airflow/.local/lib/python3.8/site-packages/airflow/example_dags/tutorial_dag.py for tasks to queue
[2024-02-14T09:51:14.008+0000] {logging_mixin.py:188} INFO - [2024-02-14T09:51:14.008+0000] {dagbag.py:538} INFO - Filling up the DagBag from /home/airflow/.local/lib/python3.8/site-packages/airflow/example_dags/tutorial_dag.py
[2024-02-14T09:51:14.012+0000] {processor.py:840} INFO - DAG(s) 'tutorial_dag' retrieved from /home/airflow/.local/lib/python3.8/site-packages/airflow/example_dags/tutorial_dag.py
[2024-02-14T09:51:14.026+0000] {logging_mixin.py:188} INFO - [2024-02-14T09:51:14.026+0000] {dag.py:3036} INFO - Sync 1 DAGs
[2024-02-14T09:51:14.035+0000] {logging_mixin.py:188} INFO - [2024-02-14T09:51:14.035+0000] {dag.py:3823} INFO - Setting next_dagrun for tutorial_dag to None, run_after=None
[2024-02-14T09:51:14.048+0000] {processor.py:183} INFO - Processing /home/airflow/.local/lib/python3.8/site-packages/airflow/example_dags/tutorial_dag.py took 0.045 seconds
[2024-02-14T09:51:44.602+0000] {processor.py:161} INFO - Started process (PID=642) to work on /home/airflow/.local/lib/python3.8/site-packages/airflow/example_dags/tutorial_dag.py
[2024-02-14T09:51:44.604+0000] {processor.py:830} INFO - Processing file /home/airflow/.local/lib/python3.8/site-packages/airflow/example_dags/tutorial_dag.py for tasks to queue
[2024-02-14T09:51:44.607+0000] {logging_mixin.py:188} INFO - [2024-02-14T09:51:44.607+0000] {dagbag.py:538} INFO - Filling up the DagBag from /home/airflow/.local/lib/python3.8/site-packages/airflow/example_dags/tutorial_dag.py
[2024-02-14T09:51:44.613+0000] {processor.py:840} INFO - DAG(s) 'tutorial_dag' retrieved from /home/airflow/.local/lib/python3.8/site-packages/airflow/example_dags/tutorial_dag.py
[2024-02-14T09:51:44.627+0000] {logging_mixin.py:188} INFO - [2024-02-14T09:51:44.627+0000] {dag.py:3036} INFO - Sync 1 DAGs
[2024-02-14T09:51:44.636+0000] {logging_mixin.py:188} INFO - [2024-02-14T09:51:44.635+0000] {dag.py:3823} INFO - Setting next_dagrun for tutorial_dag to None, run_after=None
[2024-02-14T09:51:44.647+0000] {processor.py:183} INFO - Processing /home/airflow/.local/lib/python3.8/site-packages/airflow/example_dags/tutorial_dag.py took 0.049 seconds
[2024-02-14T09:52:15.065+0000] {processor.py:161} INFO - Started process (PID=699) to work on /home/airflow/.local/lib/python3.8/site-packages/airflow/example_dags/tutorial_dag.py
[2024-02-14T09:52:15.067+0000] {processor.py:830} INFO - Processing file /home/airflow/.local/lib/python3.8/site-packages/airflow/example_dags/tutorial_dag.py for tasks to queue
[2024-02-14T09:52:15.069+0000] {logging_mixin.py:188} INFO - [2024-02-14T09:52:15.069+0000] {dagbag.py:538} INFO - Filling up the DagBag from /home/airflow/.local/lib/python3.8/site-packages/airflow/example_dags/tutorial_dag.py
[2024-02-14T09:52:15.073+0000] {processor.py:840} INFO - DAG(s) 'tutorial_dag' retrieved from /home/airflow/.local/lib/python3.8/site-packages/airflow/example_dags/tutorial_dag.py
[2024-02-14T09:52:15.088+0000] {logging_mixin.py:188} INFO - [2024-02-14T09:52:15.087+0000] {dag.py:3036} INFO - Sync 1 DAGs
[2024-02-14T09:52:15.097+0000] {logging_mixin.py:188} INFO - [2024-02-14T09:52:15.096+0000] {dag.py:3823} INFO - Setting next_dagrun for tutorial_dag to None, run_after=None
[2024-02-14T09:52:15.108+0000] {processor.py:183} INFO - Processing /home/airflow/.local/lib/python3.8/site-packages/airflow/example_dags/tutorial_dag.py took 0.045 seconds
[2024-02-14T09:52:45.464+0000] {processor.py:161} INFO - Started process (PID=755) to work on /home/airflow/.local/lib/python3.8/site-packages/airflow/example_dags/tutorial_dag.py
[2024-02-14T09:52:45.465+0000] {processor.py:830} INFO - Processing file /home/airflow/.local/lib/python3.8/site-packages/airflow/example_dags/tutorial_dag.py for tasks to queue
[2024-02-14T09:52:45.467+0000] {logging_mixin.py:188} INFO - [2024-02-14T09:52:45.467+0000] {dagbag.py:538} INFO - Filling up the DagBag from /home/airflow/.local/lib/python3.8/site-packages/airflow/example_dags/tutorial_dag.py
[2024-02-14T09:52:45.471+0000] {processor.py:840} INFO - DAG(s) 'tutorial_dag' retrieved from /home/airflow/.local/lib/python3.8/site-packages/airflow/example_dags/tutorial_dag.py
[2024-02-14T09:52:45.487+0000] {logging_mixin.py:188} INFO - [2024-02-14T09:52:45.487+0000] {dag.py:3036} INFO - Sync 1 DAGs
[2024-02-14T09:52:45.496+0000] {logging_mixin.py:188} INFO - [2024-02-14T09:52:45.496+0000] {dag.py:3823} INFO - Setting next_dagrun for tutorial_dag to None, run_after=None
[2024-02-14T09:52:45.513+0000] {processor.py:183} INFO - Processing /home/airflow/.local/lib/python3.8/site-packages/airflow/example_dags/tutorial_dag.py took 0.051 seconds
[2024-02-14T09:53:39.022+0000] {processor.py:161} INFO - Started process (PID=76) to work on /home/airflow/.local/lib/python3.8/site-packages/airflow/example_dags/tutorial_dag.py
[2024-02-14T09:53:39.024+0000] {processor.py:830} INFO - Processing file /home/airflow/.local/lib/python3.8/site-packages/airflow/example_dags/tutorial_dag.py for tasks to queue
[2024-02-14T09:53:39.026+0000] {logging_mixin.py:188} INFO - [2024-02-14T09:53:39.026+0000] {dagbag.py:538} INFO - Filling up the DagBag from /home/airflow/.local/lib/python3.8/site-packages/airflow/example_dags/tutorial_dag.py
[2024-02-14T09:53:39.030+0000] {processor.py:840} INFO - DAG(s) 'tutorial_dag' retrieved from /home/airflow/.local/lib/python3.8/site-packages/airflow/example_dags/tutorial_dag.py
[2024-02-14T09:53:39.039+0000] {logging_mixin.py:188} INFO - [2024-02-14T09:53:39.039+0000] {dag.py:3036} INFO - Sync 1 DAGs
[2024-02-14T09:53:39.049+0000] {logging_mixin.py:188} INFO - [2024-02-14T09:53:39.049+0000] {dag.py:3823} INFO - Setting next_dagrun for tutorial_dag to None, run_after=None
[2024-02-14T09:53:39.065+0000] {processor.py:183} INFO - Processing /home/airflow/.local/lib/python3.8/site-packages/airflow/example_dags/tutorial_dag.py took 0.045 seconds
[2024-02-14T09:54:11.159+0000] {processor.py:161} INFO - Started process (PID=132) to work on /home/airflow/.local/lib/python3.8/site-packages/airflow/example_dags/tutorial_dag.py
[2024-02-14T09:54:11.163+0000] {processor.py:830} INFO - Processing file /home/airflow/.local/lib/python3.8/site-packages/airflow/example_dags/tutorial_dag.py for tasks to queue
[2024-02-14T09:54:11.171+0000] {logging_mixin.py:188} INFO - [2024-02-14T09:54:11.170+0000] {dagbag.py:538} INFO - Filling up the DagBag from /home/airflow/.local/lib/python3.8/site-packages/airflow/example_dags/tutorial_dag.py
[2024-02-14T09:54:11.182+0000] {processor.py:840} INFO - DAG(s) 'tutorial_dag' retrieved from /home/airflow/.local/lib/python3.8/site-packages/airflow/example_dags/tutorial_dag.py
[2024-02-14T09:54:11.303+0000] {logging_mixin.py:188} INFO - [2024-02-14T09:54:11.303+0000] {dag.py:3036} INFO - Sync 1 DAGs
[2024-02-14T09:54:11.311+0000] {logging_mixin.py:188} INFO - [2024-02-14T09:54:11.311+0000] {dag.py:3823} INFO - Setting next_dagrun for tutorial_dag to None, run_after=None
[2024-02-14T09:54:11.328+0000] {processor.py:183} INFO - Processing /home/airflow/.local/lib/python3.8/site-packages/airflow/example_dags/tutorial_dag.py took 0.174 seconds
[2024-02-14T09:54:42.312+0000] {processor.py:161} INFO - Started process (PID=189) to work on /home/airflow/.local/lib/python3.8/site-packages/airflow/example_dags/tutorial_dag.py
[2024-02-14T09:54:42.316+0000] {processor.py:830} INFO - Processing file /home/airflow/.local/lib/python3.8/site-packages/airflow/example_dags/tutorial_dag.py for tasks to queue
[2024-02-14T09:54:42.319+0000] {logging_mixin.py:188} INFO - [2024-02-14T09:54:42.319+0000] {dagbag.py:538} INFO - Filling up the DagBag from /home/airflow/.local/lib/python3.8/site-packages/airflow/example_dags/tutorial_dag.py
[2024-02-14T09:54:42.326+0000] {processor.py:840} INFO - DAG(s) 'tutorial_dag' retrieved from /home/airflow/.local/lib/python3.8/site-packages/airflow/example_dags/tutorial_dag.py
[2024-02-14T09:54:42.345+0000] {logging_mixin.py:188} INFO - [2024-02-14T09:54:42.345+0000] {dag.py:3036} INFO - Sync 1 DAGs
[2024-02-14T09:54:42.355+0000] {logging_mixin.py:188} INFO - [2024-02-14T09:54:42.355+0000] {dag.py:3823} INFO - Setting next_dagrun for tutorial_dag to None, run_after=None
[2024-02-14T09:54:42.368+0000] {processor.py:183} INFO - Processing /home/airflow/.local/lib/python3.8/site-packages/airflow/example_dags/tutorial_dag.py took 0.060 seconds
[2024-02-14T09:55:50.803+0000] {processor.py:161} INFO - Started process (PID=73) to work on /home/airflow/.local/lib/python3.8/site-packages/airflow/example_dags/tutorial_dag.py
[2024-02-14T09:55:50.805+0000] {processor.py:830} INFO - Processing file /home/airflow/.local/lib/python3.8/site-packages/airflow/example_dags/tutorial_dag.py for tasks to queue
[2024-02-14T09:55:50.807+0000] {logging_mixin.py:188} INFO - [2024-02-14T09:55:50.807+0000] {dagbag.py:538} INFO - Filling up the DagBag from /home/airflow/.local/lib/python3.8/site-packages/airflow/example_dags/tutorial_dag.py
[2024-02-14T09:55:50.812+0000] {processor.py:840} INFO - DAG(s) 'tutorial_dag' retrieved from /home/airflow/.local/lib/python3.8/site-packages/airflow/example_dags/tutorial_dag.py
[2024-02-14T09:55:50.821+0000] {logging_mixin.py:188} INFO - [2024-02-14T09:55:50.821+0000] {dag.py:3036} INFO - Sync 1 DAGs
[2024-02-14T09:55:50.832+0000] {logging_mixin.py:188} INFO - [2024-02-14T09:55:50.831+0000] {dag.py:3823} INFO - Setting next_dagrun for tutorial_dag to None, run_after=None
[2024-02-14T09:55:50.846+0000] {processor.py:183} INFO - Processing /home/airflow/.local/lib/python3.8/site-packages/airflow/example_dags/tutorial_dag.py took 0.046 seconds
[2024-02-14T09:56:21.694+0000] {processor.py:161} INFO - Started process (PID=135) to work on /home/airflow/.local/lib/python3.8/site-packages/airflow/example_dags/tutorial_dag.py
[2024-02-14T09:56:21.698+0000] {processor.py:830} INFO - Processing file /home/airflow/.local/lib/python3.8/site-packages/airflow/example_dags/tutorial_dag.py for tasks to queue
[2024-02-14T09:56:21.708+0000] {logging_mixin.py:188} INFO - [2024-02-14T09:56:21.707+0000] {dagbag.py:538} INFO - Filling up the DagBag from /home/airflow/.local/lib/python3.8/site-packages/airflow/example_dags/tutorial_dag.py
[2024-02-14T09:56:21.725+0000] {processor.py:840} INFO - DAG(s) 'tutorial_dag' retrieved from /home/airflow/.local/lib/python3.8/site-packages/airflow/example_dags/tutorial_dag.py
[2024-02-14T09:56:21.854+0000] {logging_mixin.py:188} INFO - [2024-02-14T09:56:21.854+0000] {dag.py:3036} INFO - Sync 1 DAGs
[2024-02-14T09:56:21.869+0000] {logging_mixin.py:188} INFO - [2024-02-14T09:56:21.869+0000] {dag.py:3823} INFO - Setting next_dagrun for tutorial_dag to None, run_after=None
[2024-02-14T09:56:21.910+0000] {processor.py:183} INFO - Processing /home/airflow/.local/lib/python3.8/site-packages/airflow/example_dags/tutorial_dag.py took 0.223 seconds
[2024-02-14T09:56:53.009+0000] {processor.py:161} INFO - Started process (PID=192) to work on /home/airflow/.local/lib/python3.8/site-packages/airflow/example_dags/tutorial_dag.py
[2024-02-14T09:56:53.014+0000] {processor.py:830} INFO - Processing file /home/airflow/.local/lib/python3.8/site-packages/airflow/example_dags/tutorial_dag.py for tasks to queue
[2024-02-14T09:56:53.038+0000] {logging_mixin.py:188} INFO - [2024-02-14T09:56:53.037+0000] {dagbag.py:538} INFO - Filling up the DagBag from /home/airflow/.local/lib/python3.8/site-packages/airflow/example_dags/tutorial_dag.py
[2024-02-14T09:56:53.068+0000] {processor.py:840} INFO - DAG(s) 'tutorial_dag' retrieved from /home/airflow/.local/lib/python3.8/site-packages/airflow/example_dags/tutorial_dag.py
[2024-02-14T09:56:53.159+0000] {logging_mixin.py:188} INFO - [2024-02-14T09:56:53.156+0000] {dag.py:3036} INFO - Sync 1 DAGs
[2024-02-14T09:56:53.178+0000] {logging_mixin.py:188} INFO - [2024-02-14T09:56:53.178+0000] {dag.py:3823} INFO - Setting next_dagrun for tutorial_dag to None, run_after=None
[2024-02-14T09:56:53.209+0000] {processor.py:183} INFO - Processing /home/airflow/.local/lib/python3.8/site-packages/airflow/example_dags/tutorial_dag.py took 0.209 seconds
[2024-02-14T09:57:23.898+0000] {processor.py:161} INFO - Started process (PID=249) to work on /home/airflow/.local/lib/python3.8/site-packages/airflow/example_dags/tutorial_dag.py
[2024-02-14T09:57:23.900+0000] {processor.py:830} INFO - Processing file /home/airflow/.local/lib/python3.8/site-packages/airflow/example_dags/tutorial_dag.py for tasks to queue
[2024-02-14T09:57:23.902+0000] {logging_mixin.py:188} INFO - [2024-02-14T09:57:23.901+0000] {dagbag.py:538} INFO - Filling up the DagBag from /home/airflow/.local/lib/python3.8/site-packages/airflow/example_dags/tutorial_dag.py
[2024-02-14T09:57:23.907+0000] {processor.py:840} INFO - DAG(s) 'tutorial_dag' retrieved from /home/airflow/.local/lib/python3.8/site-packages/airflow/example_dags/tutorial_dag.py
[2024-02-14T09:57:23.928+0000] {logging_mixin.py:188} INFO - [2024-02-14T09:57:23.928+0000] {dag.py:3036} INFO - Sync 1 DAGs
[2024-02-14T09:57:23.938+0000] {logging_mixin.py:188} INFO - [2024-02-14T09:57:23.937+0000] {dag.py:3823} INFO - Setting next_dagrun for tutorial_dag to None, run_after=None
[2024-02-14T09:57:23.952+0000] {processor.py:183} INFO - Processing /home/airflow/.local/lib/python3.8/site-packages/airflow/example_dags/tutorial_dag.py took 0.057 seconds
[2024-02-14T09:57:54.471+0000] {processor.py:161} INFO - Started process (PID=307) to work on /home/airflow/.local/lib/python3.8/site-packages/airflow/example_dags/tutorial_dag.py
[2024-02-14T09:57:54.472+0000] {processor.py:830} INFO - Processing file /home/airflow/.local/lib/python3.8/site-packages/airflow/example_dags/tutorial_dag.py for tasks to queue
[2024-02-14T09:57:54.474+0000] {logging_mixin.py:188} INFO - [2024-02-14T09:57:54.474+0000] {dagbag.py:538} INFO - Filling up the DagBag from /home/airflow/.local/lib/python3.8/site-packages/airflow/example_dags/tutorial_dag.py
[2024-02-14T09:57:54.479+0000] {processor.py:840} INFO - DAG(s) 'tutorial_dag' retrieved from /home/airflow/.local/lib/python3.8/site-packages/airflow/example_dags/tutorial_dag.py
[2024-02-14T09:57:54.493+0000] {logging_mixin.py:188} INFO - [2024-02-14T09:57:54.493+0000] {dag.py:3036} INFO - Sync 1 DAGs
[2024-02-14T09:57:54.501+0000] {logging_mixin.py:188} INFO - [2024-02-14T09:57:54.501+0000] {dag.py:3823} INFO - Setting next_dagrun for tutorial_dag to None, run_after=None
[2024-02-14T09:57:54.513+0000] {processor.py:183} INFO - Processing /home/airflow/.local/lib/python3.8/site-packages/airflow/example_dags/tutorial_dag.py took 0.044 seconds
[2024-02-14T09:58:24.886+0000] {processor.py:161} INFO - Started process (PID=364) to work on /home/airflow/.local/lib/python3.8/site-packages/airflow/example_dags/tutorial_dag.py
[2024-02-14T09:58:24.888+0000] {processor.py:830} INFO - Processing file /home/airflow/.local/lib/python3.8/site-packages/airflow/example_dags/tutorial_dag.py for tasks to queue
[2024-02-14T09:58:24.890+0000] {logging_mixin.py:188} INFO - [2024-02-14T09:58:24.890+0000] {dagbag.py:538} INFO - Filling up the DagBag from /home/airflow/.local/lib/python3.8/site-packages/airflow/example_dags/tutorial_dag.py
[2024-02-14T09:58:24.895+0000] {processor.py:840} INFO - DAG(s) 'tutorial_dag' retrieved from /home/airflow/.local/lib/python3.8/site-packages/airflow/example_dags/tutorial_dag.py
[2024-02-14T09:58:24.909+0000] {logging_mixin.py:188} INFO - [2024-02-14T09:58:24.909+0000] {dag.py:3036} INFO - Sync 1 DAGs
[2024-02-14T09:58:24.918+0000] {logging_mixin.py:188} INFO - [2024-02-14T09:58:24.917+0000] {dag.py:3823} INFO - Setting next_dagrun for tutorial_dag to None, run_after=None
[2024-02-14T09:58:24.929+0000] {processor.py:183} INFO - Processing /home/airflow/.local/lib/python3.8/site-packages/airflow/example_dags/tutorial_dag.py took 0.045 seconds
[2024-02-14T09:58:55.876+0000] {processor.py:161} INFO - Started process (PID=423) to work on /home/airflow/.local/lib/python3.8/site-packages/airflow/example_dags/tutorial_dag.py
[2024-02-14T09:58:55.878+0000] {processor.py:830} INFO - Processing file /home/airflow/.local/lib/python3.8/site-packages/airflow/example_dags/tutorial_dag.py for tasks to queue
[2024-02-14T09:58:55.880+0000] {logging_mixin.py:188} INFO - [2024-02-14T09:58:55.880+0000] {dagbag.py:538} INFO - Filling up the DagBag from /home/airflow/.local/lib/python3.8/site-packages/airflow/example_dags/tutorial_dag.py
[2024-02-14T09:58:55.885+0000] {processor.py:840} INFO - DAG(s) 'tutorial_dag' retrieved from /home/airflow/.local/lib/python3.8/site-packages/airflow/example_dags/tutorial_dag.py
[2024-02-14T09:58:55.900+0000] {logging_mixin.py:188} INFO - [2024-02-14T09:58:55.899+0000] {dag.py:3036} INFO - Sync 1 DAGs
[2024-02-14T09:58:55.908+0000] {logging_mixin.py:188} INFO - [2024-02-14T09:58:55.908+0000] {dag.py:3823} INFO - Setting next_dagrun for tutorial_dag to None, run_after=None
[2024-02-14T09:58:55.919+0000] {processor.py:183} INFO - Processing /home/airflow/.local/lib/python3.8/site-packages/airflow/example_dags/tutorial_dag.py took 0.045 seconds
[2024-02-14T09:59:26.230+0000] {processor.py:161} INFO - Started process (PID=480) to work on /home/airflow/.local/lib/python3.8/site-packages/airflow/example_dags/tutorial_dag.py
[2024-02-14T09:59:26.232+0000] {processor.py:830} INFO - Processing file /home/airflow/.local/lib/python3.8/site-packages/airflow/example_dags/tutorial_dag.py for tasks to queue
[2024-02-14T09:59:26.234+0000] {logging_mixin.py:188} INFO - [2024-02-14T09:59:26.234+0000] {dagbag.py:538} INFO - Filling up the DagBag from /home/airflow/.local/lib/python3.8/site-packages/airflow/example_dags/tutorial_dag.py
[2024-02-14T09:59:26.239+0000] {processor.py:840} INFO - DAG(s) 'tutorial_dag' retrieved from /home/airflow/.local/lib/python3.8/site-packages/airflow/example_dags/tutorial_dag.py
[2024-02-14T09:59:26.254+0000] {logging_mixin.py:188} INFO - [2024-02-14T09:59:26.254+0000] {dag.py:3036} INFO - Sync 1 DAGs
[2024-02-14T09:59:26.263+0000] {logging_mixin.py:188} INFO - [2024-02-14T09:59:26.263+0000] {dag.py:3823} INFO - Setting next_dagrun for tutorial_dag to None, run_after=None
[2024-02-14T09:59:26.279+0000] {processor.py:183} INFO - Processing /home/airflow/.local/lib/python3.8/site-packages/airflow/example_dags/tutorial_dag.py took 0.050 seconds
[2024-02-14T09:59:57.019+0000] {processor.py:161} INFO - Started process (PID=536) to work on /home/airflow/.local/lib/python3.8/site-packages/airflow/example_dags/tutorial_dag.py
[2024-02-14T09:59:57.021+0000] {processor.py:830} INFO - Processing file /home/airflow/.local/lib/python3.8/site-packages/airflow/example_dags/tutorial_dag.py for tasks to queue
[2024-02-14T09:59:57.022+0000] {logging_mixin.py:188} INFO - [2024-02-14T09:59:57.022+0000] {dagbag.py:538} INFO - Filling up the DagBag from /home/airflow/.local/lib/python3.8/site-packages/airflow/example_dags/tutorial_dag.py
[2024-02-14T09:59:57.027+0000] {processor.py:840} INFO - DAG(s) 'tutorial_dag' retrieved from /home/airflow/.local/lib/python3.8/site-packages/airflow/example_dags/tutorial_dag.py
[2024-02-14T09:59:57.041+0000] {logging_mixin.py:188} INFO - [2024-02-14T09:59:57.041+0000] {dag.py:3036} INFO - Sync 1 DAGs
[2024-02-14T09:59:57.050+0000] {logging_mixin.py:188} INFO - [2024-02-14T09:59:57.050+0000] {dag.py:3823} INFO - Setting next_dagrun for tutorial_dag to None, run_after=None
[2024-02-14T09:59:57.063+0000] {processor.py:183} INFO - Processing /home/airflow/.local/lib/python3.8/site-packages/airflow/example_dags/tutorial_dag.py took 0.047 seconds
[2024-02-14T10:00:27.440+0000] {processor.py:161} INFO - Started process (PID=593) to work on /home/airflow/.local/lib/python3.8/site-packages/airflow/example_dags/tutorial_dag.py
[2024-02-14T10:00:27.442+0000] {processor.py:830} INFO - Processing file /home/airflow/.local/lib/python3.8/site-packages/airflow/example_dags/tutorial_dag.py for tasks to queue
[2024-02-14T10:00:27.445+0000] {logging_mixin.py:188} INFO - [2024-02-14T10:00:27.445+0000] {dagbag.py:538} INFO - Filling up the DagBag from /home/airflow/.local/lib/python3.8/site-packages/airflow/example_dags/tutorial_dag.py
[2024-02-14T10:00:27.451+0000] {processor.py:840} INFO - DAG(s) 'tutorial_dag' retrieved from /home/airflow/.local/lib/python3.8/site-packages/airflow/example_dags/tutorial_dag.py
[2024-02-14T10:00:27.468+0000] {logging_mixin.py:188} INFO - [2024-02-14T10:00:27.468+0000] {dag.py:3036} INFO - Sync 1 DAGs
[2024-02-14T10:00:27.476+0000] {logging_mixin.py:188} INFO - [2024-02-14T10:00:27.475+0000] {dag.py:3823} INFO - Setting next_dagrun for tutorial_dag to None, run_after=None
[2024-02-14T10:00:27.487+0000] {processor.py:183} INFO - Processing /home/airflow/.local/lib/python3.8/site-packages/airflow/example_dags/tutorial_dag.py took 0.050 seconds
[2024-02-14T10:00:57.853+0000] {processor.py:161} INFO - Started process (PID=650) to work on /home/airflow/.local/lib/python3.8/site-packages/airflow/example_dags/tutorial_dag.py
[2024-02-14T10:00:57.854+0000] {processor.py:830} INFO - Processing file /home/airflow/.local/lib/python3.8/site-packages/airflow/example_dags/tutorial_dag.py for tasks to queue
[2024-02-14T10:00:57.856+0000] {logging_mixin.py:188} INFO - [2024-02-14T10:00:57.856+0000] {dagbag.py:538} INFO - Filling up the DagBag from /home/airflow/.local/lib/python3.8/site-packages/airflow/example_dags/tutorial_dag.py
[2024-02-14T10:00:57.861+0000] {processor.py:840} INFO - DAG(s) 'tutorial_dag' retrieved from /home/airflow/.local/lib/python3.8/site-packages/airflow/example_dags/tutorial_dag.py
[2024-02-14T10:00:57.876+0000] {logging_mixin.py:188} INFO - [2024-02-14T10:00:57.876+0000] {dag.py:3036} INFO - Sync 1 DAGs
[2024-02-14T10:00:57.885+0000] {logging_mixin.py:188} INFO - [2024-02-14T10:00:57.885+0000] {dag.py:3823} INFO - Setting next_dagrun for tutorial_dag to None, run_after=None
[2024-02-14T10:00:57.899+0000] {processor.py:183} INFO - Processing /home/airflow/.local/lib/python3.8/site-packages/airflow/example_dags/tutorial_dag.py took 0.049 seconds
[2024-02-14T10:01:28.863+0000] {processor.py:161} INFO - Started process (PID=706) to work on /home/airflow/.local/lib/python3.8/site-packages/airflow/example_dags/tutorial_dag.py
[2024-02-14T10:01:28.864+0000] {processor.py:830} INFO - Processing file /home/airflow/.local/lib/python3.8/site-packages/airflow/example_dags/tutorial_dag.py for tasks to queue
[2024-02-14T10:01:28.866+0000] {logging_mixin.py:188} INFO - [2024-02-14T10:01:28.866+0000] {dagbag.py:538} INFO - Filling up the DagBag from /home/airflow/.local/lib/python3.8/site-packages/airflow/example_dags/tutorial_dag.py
[2024-02-14T10:01:28.871+0000] {processor.py:840} INFO - DAG(s) 'tutorial_dag' retrieved from /home/airflow/.local/lib/python3.8/site-packages/airflow/example_dags/tutorial_dag.py
[2024-02-14T10:01:28.885+0000] {logging_mixin.py:188} INFO - [2024-02-14T10:01:28.885+0000] {dag.py:3036} INFO - Sync 1 DAGs
[2024-02-14T10:01:28.893+0000] {logging_mixin.py:188} INFO - [2024-02-14T10:01:28.892+0000] {dag.py:3823} INFO - Setting next_dagrun for tutorial_dag to None, run_after=None
[2024-02-14T10:01:28.905+0000] {processor.py:183} INFO - Processing /home/airflow/.local/lib/python3.8/site-packages/airflow/example_dags/tutorial_dag.py took 0.045 seconds
[2024-02-14T10:01:59.892+0000] {processor.py:161} INFO - Started process (PID=763) to work on /home/airflow/.local/lib/python3.8/site-packages/airflow/example_dags/tutorial_dag.py
[2024-02-14T10:01:59.894+0000] {processor.py:830} INFO - Processing file /home/airflow/.local/lib/python3.8/site-packages/airflow/example_dags/tutorial_dag.py for tasks to queue
[2024-02-14T10:01:59.898+0000] {logging_mixin.py:188} INFO - [2024-02-14T10:01:59.898+0000] {dagbag.py:538} INFO - Filling up the DagBag from /home/airflow/.local/lib/python3.8/site-packages/airflow/example_dags/tutorial_dag.py
[2024-02-14T10:01:59.903+0000] {processor.py:840} INFO - DAG(s) 'tutorial_dag' retrieved from /home/airflow/.local/lib/python3.8/site-packages/airflow/example_dags/tutorial_dag.py
[2024-02-14T10:01:59.922+0000] {logging_mixin.py:188} INFO - [2024-02-14T10:01:59.922+0000] {dag.py:3036} INFO - Sync 1 DAGs
[2024-02-14T10:01:59.941+0000] {logging_mixin.py:188} INFO - [2024-02-14T10:01:59.941+0000] {dag.py:3823} INFO - Setting next_dagrun for tutorial_dag to None, run_after=None
[2024-02-14T10:01:59.962+0000] {processor.py:183} INFO - Processing /home/airflow/.local/lib/python3.8/site-packages/airflow/example_dags/tutorial_dag.py took 0.072 seconds
[2024-02-14T10:02:30.472+0000] {processor.py:161} INFO - Started process (PID=820) to work on /home/airflow/.local/lib/python3.8/site-packages/airflow/example_dags/tutorial_dag.py
[2024-02-14T10:02:30.474+0000] {processor.py:830} INFO - Processing file /home/airflow/.local/lib/python3.8/site-packages/airflow/example_dags/tutorial_dag.py for tasks to queue
[2024-02-14T10:02:30.478+0000] {logging_mixin.py:188} INFO - [2024-02-14T10:02:30.477+0000] {dagbag.py:538} INFO - Filling up the DagBag from /home/airflow/.local/lib/python3.8/site-packages/airflow/example_dags/tutorial_dag.py
[2024-02-14T10:02:30.484+0000] {processor.py:840} INFO - DAG(s) 'tutorial_dag' retrieved from /home/airflow/.local/lib/python3.8/site-packages/airflow/example_dags/tutorial_dag.py
[2024-02-14T10:02:30.504+0000] {logging_mixin.py:188} INFO - [2024-02-14T10:02:30.504+0000] {dag.py:3036} INFO - Sync 1 DAGs
[2024-02-14T10:02:30.519+0000] {logging_mixin.py:188} INFO - [2024-02-14T10:02:30.519+0000] {dag.py:3823} INFO - Setting next_dagrun for tutorial_dag to None, run_after=None
[2024-02-14T10:02:30.546+0000] {processor.py:183} INFO - Processing /home/airflow/.local/lib/python3.8/site-packages/airflow/example_dags/tutorial_dag.py took 0.077 seconds
[2024-02-14T10:03:01.300+0000] {processor.py:161} INFO - Started process (PID=879) to work on /home/airflow/.local/lib/python3.8/site-packages/airflow/example_dags/tutorial_dag.py
[2024-02-14T10:03:01.302+0000] {processor.py:830} INFO - Processing file /home/airflow/.local/lib/python3.8/site-packages/airflow/example_dags/tutorial_dag.py for tasks to queue
[2024-02-14T10:03:01.304+0000] {logging_mixin.py:188} INFO - [2024-02-14T10:03:01.304+0000] {dagbag.py:538} INFO - Filling up the DagBag from /home/airflow/.local/lib/python3.8/site-packages/airflow/example_dags/tutorial_dag.py
[2024-02-14T10:03:01.309+0000] {processor.py:840} INFO - DAG(s) 'tutorial_dag' retrieved from /home/airflow/.local/lib/python3.8/site-packages/airflow/example_dags/tutorial_dag.py
[2024-02-14T10:03:01.325+0000] {logging_mixin.py:188} INFO - [2024-02-14T10:03:01.325+0000] {dag.py:3036} INFO - Sync 1 DAGs
[2024-02-14T10:03:01.334+0000] {logging_mixin.py:188} INFO - [2024-02-14T10:03:01.334+0000] {dag.py:3823} INFO - Setting next_dagrun for tutorial_dag to None, run_after=None
[2024-02-14T10:03:01.350+0000] {processor.py:183} INFO - Processing /home/airflow/.local/lib/python3.8/site-packages/airflow/example_dags/tutorial_dag.py took 0.055 seconds
