[2024-02-14T09:34:20.452+0000] {processor.py:161} INFO - Started process (PID=75) to work on /home/airflow/.local/lib/python3.8/site-packages/airflow/example_dags/tutorial.py
[2024-02-14T09:34:20.453+0000] {processor.py:830} INFO - Processing file /home/airflow/.local/lib/python3.8/site-packages/airflow/example_dags/tutorial.py for tasks to queue
[2024-02-14T09:34:20.456+0000] {logging_mixin.py:188} INFO - [2024-02-14T09:34:20.455+0000] {dagbag.py:538} INFO - Filling up the DagBag from /home/airflow/.local/lib/python3.8/site-packages/airflow/example_dags/tutorial.py
[2024-02-14T09:34:20.462+0000] {processor.py:840} INFO - DAG(s) 'tutorial' retrieved from /home/airflow/.local/lib/python3.8/site-packages/airflow/example_dags/tutorial.py
[2024-02-14T09:34:20.474+0000] {logging_mixin.py:188} INFO - [2024-02-14T09:34:20.474+0000] {dag.py:3036} INFO - Sync 1 DAGs
[2024-02-14T09:34:20.495+0000] {logging_mixin.py:188} INFO - [2024-02-14T09:34:20.494+0000] {dag.py:3823} INFO - Setting next_dagrun for tutorial to 2024-02-13 00:00:00+00:00, run_after=2024-02-14 00:00:00+00:00
[2024-02-14T09:34:20.513+0000] {processor.py:183} INFO - Processing /home/airflow/.local/lib/python3.8/site-packages/airflow/example_dags/tutorial.py took 0.065 seconds
[2024-02-14T09:34:50.731+0000] {processor.py:161} INFO - Started process (PID=132) to work on /home/airflow/.local/lib/python3.8/site-packages/airflow/example_dags/tutorial.py
[2024-02-14T09:34:50.733+0000] {processor.py:830} INFO - Processing file /home/airflow/.local/lib/python3.8/site-packages/airflow/example_dags/tutorial.py for tasks to queue
[2024-02-14T09:34:50.735+0000] {logging_mixin.py:188} INFO - [2024-02-14T09:34:50.735+0000] {dagbag.py:538} INFO - Filling up the DagBag from /home/airflow/.local/lib/python3.8/site-packages/airflow/example_dags/tutorial.py
[2024-02-14T09:34:50.741+0000] {processor.py:840} INFO - DAG(s) 'tutorial' retrieved from /home/airflow/.local/lib/python3.8/site-packages/airflow/example_dags/tutorial.py
[2024-02-14T09:34:50.802+0000] {logging_mixin.py:188} INFO - [2024-02-14T09:34:50.802+0000] {dag.py:3036} INFO - Sync 1 DAGs
[2024-02-14T09:34:50.814+0000] {logging_mixin.py:188} INFO - [2024-02-14T09:34:50.814+0000] {dag.py:3823} INFO - Setting next_dagrun for tutorial to 2024-02-13 00:00:00+00:00, run_after=2024-02-14 00:00:00+00:00
[2024-02-14T09:34:50.827+0000] {processor.py:183} INFO - Processing /home/airflow/.local/lib/python3.8/site-packages/airflow/example_dags/tutorial.py took 0.099 seconds
[2024-02-14T09:35:21.404+0000] {processor.py:161} INFO - Started process (PID=190) to work on /home/airflow/.local/lib/python3.8/site-packages/airflow/example_dags/tutorial.py
[2024-02-14T09:35:21.410+0000] {processor.py:830} INFO - Processing file /home/airflow/.local/lib/python3.8/site-packages/airflow/example_dags/tutorial.py for tasks to queue
[2024-02-14T09:35:21.420+0000] {logging_mixin.py:188} INFO - [2024-02-14T09:35:21.419+0000] {dagbag.py:538} INFO - Filling up the DagBag from /home/airflow/.local/lib/python3.8/site-packages/airflow/example_dags/tutorial.py
[2024-02-14T09:35:21.435+0000] {processor.py:840} INFO - DAG(s) 'tutorial' retrieved from /home/airflow/.local/lib/python3.8/site-packages/airflow/example_dags/tutorial.py
[2024-02-14T09:35:21.466+0000] {logging_mixin.py:188} INFO - [2024-02-14T09:35:21.465+0000] {dag.py:3036} INFO - Sync 1 DAGs
[2024-02-14T09:35:21.484+0000] {logging_mixin.py:188} INFO - [2024-02-14T09:35:21.484+0000] {dag.py:3823} INFO - Setting next_dagrun for tutorial to 2024-02-13 00:00:00+00:00, run_after=2024-02-14 00:00:00+00:00
[2024-02-14T09:35:21.498+0000] {processor.py:183} INFO - Processing /home/airflow/.local/lib/python3.8/site-packages/airflow/example_dags/tutorial.py took 0.108 seconds
[2024-02-14T09:35:52.086+0000] {processor.py:161} INFO - Started process (PID=246) to work on /home/airflow/.local/lib/python3.8/site-packages/airflow/example_dags/tutorial.py
[2024-02-14T09:35:52.087+0000] {processor.py:830} INFO - Processing file /home/airflow/.local/lib/python3.8/site-packages/airflow/example_dags/tutorial.py for tasks to queue
[2024-02-14T09:35:52.090+0000] {logging_mixin.py:188} INFO - [2024-02-14T09:35:52.090+0000] {dagbag.py:538} INFO - Filling up the DagBag from /home/airflow/.local/lib/python3.8/site-packages/airflow/example_dags/tutorial.py
[2024-02-14T09:35:52.095+0000] {processor.py:840} INFO - DAG(s) 'tutorial' retrieved from /home/airflow/.local/lib/python3.8/site-packages/airflow/example_dags/tutorial.py
[2024-02-14T09:35:52.108+0000] {logging_mixin.py:188} INFO - [2024-02-14T09:35:52.108+0000] {dag.py:3036} INFO - Sync 1 DAGs
[2024-02-14T09:35:52.122+0000] {logging_mixin.py:188} INFO - [2024-02-14T09:35:52.122+0000] {dag.py:3823} INFO - Setting next_dagrun for tutorial to 2024-02-13 00:00:00+00:00, run_after=2024-02-14 00:00:00+00:00
[2024-02-14T09:35:52.134+0000] {processor.py:183} INFO - Processing /home/airflow/.local/lib/python3.8/site-packages/airflow/example_dags/tutorial.py took 0.051 seconds
[2024-02-14T09:36:23.020+0000] {processor.py:161} INFO - Started process (PID=301) to work on /home/airflow/.local/lib/python3.8/site-packages/airflow/example_dags/tutorial.py
[2024-02-14T09:36:23.021+0000] {processor.py:830} INFO - Processing file /home/airflow/.local/lib/python3.8/site-packages/airflow/example_dags/tutorial.py for tasks to queue
[2024-02-14T09:36:23.023+0000] {logging_mixin.py:188} INFO - [2024-02-14T09:36:23.023+0000] {dagbag.py:538} INFO - Filling up the DagBag from /home/airflow/.local/lib/python3.8/site-packages/airflow/example_dags/tutorial.py
[2024-02-14T09:36:23.028+0000] {processor.py:840} INFO - DAG(s) 'tutorial' retrieved from /home/airflow/.local/lib/python3.8/site-packages/airflow/example_dags/tutorial.py
[2024-02-14T09:36:23.043+0000] {logging_mixin.py:188} INFO - [2024-02-14T09:36:23.043+0000] {dag.py:3036} INFO - Sync 1 DAGs
[2024-02-14T09:36:23.058+0000] {logging_mixin.py:188} INFO - [2024-02-14T09:36:23.057+0000] {dag.py:3823} INFO - Setting next_dagrun for tutorial to 2024-02-13 00:00:00+00:00, run_after=2024-02-14 00:00:00+00:00
[2024-02-14T09:36:23.070+0000] {processor.py:183} INFO - Processing /home/airflow/.local/lib/python3.8/site-packages/airflow/example_dags/tutorial.py took 0.053 seconds
[2024-02-14T09:36:53.129+0000] {processor.py:161} INFO - Started process (PID=357) to work on /home/airflow/.local/lib/python3.8/site-packages/airflow/example_dags/tutorial.py
[2024-02-14T09:36:53.131+0000] {processor.py:830} INFO - Processing file /home/airflow/.local/lib/python3.8/site-packages/airflow/example_dags/tutorial.py for tasks to queue
[2024-02-14T09:36:53.133+0000] {logging_mixin.py:188} INFO - [2024-02-14T09:36:53.133+0000] {dagbag.py:538} INFO - Filling up the DagBag from /home/airflow/.local/lib/python3.8/site-packages/airflow/example_dags/tutorial.py
[2024-02-14T09:36:53.137+0000] {processor.py:840} INFO - DAG(s) 'tutorial' retrieved from /home/airflow/.local/lib/python3.8/site-packages/airflow/example_dags/tutorial.py
[2024-02-14T09:36:53.151+0000] {logging_mixin.py:188} INFO - [2024-02-14T09:36:53.150+0000] {dag.py:3036} INFO - Sync 1 DAGs
[2024-02-14T09:36:53.162+0000] {logging_mixin.py:188} INFO - [2024-02-14T09:36:53.162+0000] {dag.py:3823} INFO - Setting next_dagrun for tutorial to 2024-02-13 00:00:00+00:00, run_after=2024-02-14 00:00:00+00:00
[2024-02-14T09:36:53.173+0000] {processor.py:183} INFO - Processing /home/airflow/.local/lib/python3.8/site-packages/airflow/example_dags/tutorial.py took 0.047 seconds
[2024-02-14T09:37:23.596+0000] {processor.py:161} INFO - Started process (PID=416) to work on /home/airflow/.local/lib/python3.8/site-packages/airflow/example_dags/tutorial.py
[2024-02-14T09:37:23.597+0000] {processor.py:830} INFO - Processing file /home/airflow/.local/lib/python3.8/site-packages/airflow/example_dags/tutorial.py for tasks to queue
[2024-02-14T09:37:23.599+0000] {logging_mixin.py:188} INFO - [2024-02-14T09:37:23.599+0000] {dagbag.py:538} INFO - Filling up the DagBag from /home/airflow/.local/lib/python3.8/site-packages/airflow/example_dags/tutorial.py
[2024-02-14T09:37:23.604+0000] {processor.py:840} INFO - DAG(s) 'tutorial' retrieved from /home/airflow/.local/lib/python3.8/site-packages/airflow/example_dags/tutorial.py
[2024-02-14T09:37:23.619+0000] {logging_mixin.py:188} INFO - [2024-02-14T09:37:23.619+0000] {dag.py:3036} INFO - Sync 1 DAGs
[2024-02-14T09:37:23.639+0000] {logging_mixin.py:188} INFO - [2024-02-14T09:37:23.639+0000] {dag.py:3823} INFO - Setting next_dagrun for tutorial to 2024-02-13 00:00:00+00:00, run_after=2024-02-14 00:00:00+00:00
[2024-02-14T09:37:23.654+0000] {processor.py:183} INFO - Processing /home/airflow/.local/lib/python3.8/site-packages/airflow/example_dags/tutorial.py took 0.061 seconds
[2024-02-14T09:37:53.861+0000] {processor.py:161} INFO - Started process (PID=472) to work on /home/airflow/.local/lib/python3.8/site-packages/airflow/example_dags/tutorial.py
[2024-02-14T09:37:53.863+0000] {processor.py:830} INFO - Processing file /home/airflow/.local/lib/python3.8/site-packages/airflow/example_dags/tutorial.py for tasks to queue
[2024-02-14T09:37:53.865+0000] {logging_mixin.py:188} INFO - [2024-02-14T09:37:53.864+0000] {dagbag.py:538} INFO - Filling up the DagBag from /home/airflow/.local/lib/python3.8/site-packages/airflow/example_dags/tutorial.py
[2024-02-14T09:37:53.870+0000] {processor.py:840} INFO - DAG(s) 'tutorial' retrieved from /home/airflow/.local/lib/python3.8/site-packages/airflow/example_dags/tutorial.py
[2024-02-14T09:37:53.885+0000] {logging_mixin.py:188} INFO - [2024-02-14T09:37:53.885+0000] {dag.py:3036} INFO - Sync 1 DAGs
[2024-02-14T09:37:53.898+0000] {logging_mixin.py:188} INFO - [2024-02-14T09:37:53.898+0000] {dag.py:3823} INFO - Setting next_dagrun for tutorial to 2024-02-13 00:00:00+00:00, run_after=2024-02-14 00:00:00+00:00
[2024-02-14T09:37:53.909+0000] {processor.py:183} INFO - Processing /home/airflow/.local/lib/python3.8/site-packages/airflow/example_dags/tutorial.py took 0.051 seconds
[2024-02-14T09:38:24.112+0000] {processor.py:161} INFO - Started process (PID=530) to work on /home/airflow/.local/lib/python3.8/site-packages/airflow/example_dags/tutorial.py
[2024-02-14T09:38:24.114+0000] {processor.py:830} INFO - Processing file /home/airflow/.local/lib/python3.8/site-packages/airflow/example_dags/tutorial.py for tasks to queue
[2024-02-14T09:38:24.116+0000] {logging_mixin.py:188} INFO - [2024-02-14T09:38:24.116+0000] {dagbag.py:538} INFO - Filling up the DagBag from /home/airflow/.local/lib/python3.8/site-packages/airflow/example_dags/tutorial.py
[2024-02-14T09:38:24.121+0000] {processor.py:840} INFO - DAG(s) 'tutorial' retrieved from /home/airflow/.local/lib/python3.8/site-packages/airflow/example_dags/tutorial.py
[2024-02-14T09:38:24.137+0000] {logging_mixin.py:188} INFO - [2024-02-14T09:38:24.136+0000] {dag.py:3036} INFO - Sync 1 DAGs
[2024-02-14T09:38:24.151+0000] {logging_mixin.py:188} INFO - [2024-02-14T09:38:24.150+0000] {dag.py:3823} INFO - Setting next_dagrun for tutorial to 2024-02-13 00:00:00+00:00, run_after=2024-02-14 00:00:00+00:00
[2024-02-14T09:38:24.165+0000] {processor.py:183} INFO - Processing /home/airflow/.local/lib/python3.8/site-packages/airflow/example_dags/tutorial.py took 0.056 seconds
[2024-02-14T09:38:54.922+0000] {processor.py:161} INFO - Started process (PID=587) to work on /home/airflow/.local/lib/python3.8/site-packages/airflow/example_dags/tutorial.py
[2024-02-14T09:38:54.923+0000] {processor.py:830} INFO - Processing file /home/airflow/.local/lib/python3.8/site-packages/airflow/example_dags/tutorial.py for tasks to queue
[2024-02-14T09:38:54.925+0000] {logging_mixin.py:188} INFO - [2024-02-14T09:38:54.925+0000] {dagbag.py:538} INFO - Filling up the DagBag from /home/airflow/.local/lib/python3.8/site-packages/airflow/example_dags/tutorial.py
[2024-02-14T09:38:54.929+0000] {processor.py:840} INFO - DAG(s) 'tutorial' retrieved from /home/airflow/.local/lib/python3.8/site-packages/airflow/example_dags/tutorial.py
[2024-02-14T09:38:54.945+0000] {logging_mixin.py:188} INFO - [2024-02-14T09:38:54.945+0000] {dag.py:3036} INFO - Sync 1 DAGs
[2024-02-14T09:38:54.957+0000] {logging_mixin.py:188} INFO - [2024-02-14T09:38:54.957+0000] {dag.py:3823} INFO - Setting next_dagrun for tutorial to 2024-02-13 00:00:00+00:00, run_after=2024-02-14 00:00:00+00:00
[2024-02-14T09:38:54.968+0000] {processor.py:183} INFO - Processing /home/airflow/.local/lib/python3.8/site-packages/airflow/example_dags/tutorial.py took 0.048 seconds
[2024-02-14T09:43:49.786+0000] {processor.py:161} INFO - Started process (PID=71) to work on /home/airflow/.local/lib/python3.8/site-packages/airflow/example_dags/tutorial.py
[2024-02-14T09:43:49.788+0000] {processor.py:830} INFO - Processing file /home/airflow/.local/lib/python3.8/site-packages/airflow/example_dags/tutorial.py for tasks to queue
[2024-02-14T09:43:49.791+0000] {logging_mixin.py:188} INFO - [2024-02-14T09:43:49.791+0000] {dagbag.py:538} INFO - Filling up the DagBag from /home/airflow/.local/lib/python3.8/site-packages/airflow/example_dags/tutorial.py
[2024-02-14T09:43:49.799+0000] {processor.py:840} INFO - DAG(s) 'tutorial' retrieved from /home/airflow/.local/lib/python3.8/site-packages/airflow/example_dags/tutorial.py
[2024-02-14T09:43:49.815+0000] {logging_mixin.py:188} INFO - [2024-02-14T09:43:49.814+0000] {dag.py:3036} INFO - Sync 1 DAGs
[2024-02-14T09:43:49.838+0000] {logging_mixin.py:188} INFO - [2024-02-14T09:43:49.838+0000] {dag.py:3823} INFO - Setting next_dagrun for tutorial to 2024-02-13 00:00:00+00:00, run_after=2024-02-14 00:00:00+00:00
[2024-02-14T09:43:49.858+0000] {processor.py:183} INFO - Processing /home/airflow/.local/lib/python3.8/site-packages/airflow/example_dags/tutorial.py took 0.077 seconds
[2024-02-14T09:46:39.136+0000] {processor.py:161} INFO - Started process (PID=70) to work on /home/airflow/.local/lib/python3.8/site-packages/airflow/example_dags/tutorial.py
[2024-02-14T09:46:39.140+0000] {processor.py:830} INFO - Processing file /home/airflow/.local/lib/python3.8/site-packages/airflow/example_dags/tutorial.py for tasks to queue
[2024-02-14T09:46:39.142+0000] {logging_mixin.py:188} INFO - [2024-02-14T09:46:39.142+0000] {dagbag.py:538} INFO - Filling up the DagBag from /home/airflow/.local/lib/python3.8/site-packages/airflow/example_dags/tutorial.py
[2024-02-14T09:46:39.148+0000] {processor.py:840} INFO - DAG(s) 'tutorial' retrieved from /home/airflow/.local/lib/python3.8/site-packages/airflow/example_dags/tutorial.py
[2024-02-14T09:46:39.218+0000] {logging_mixin.py:188} INFO - [2024-02-14T09:46:39.218+0000] {override.py:1769} INFO - Created Permission View: can edit on DAG:tutorial
[2024-02-14T09:46:39.226+0000] {logging_mixin.py:188} INFO - [2024-02-14T09:46:39.226+0000] {override.py:1769} INFO - Created Permission View: can read on DAG:tutorial
[2024-02-14T09:46:39.231+0000] {logging_mixin.py:188} INFO - [2024-02-14T09:46:39.231+0000] {override.py:1769} INFO - Created Permission View: can delete on DAG:tutorial
[2024-02-14T09:46:39.232+0000] {logging_mixin.py:188} INFO - [2024-02-14T09:46:39.232+0000] {dag.py:3036} INFO - Sync 1 DAGs
[2024-02-14T09:46:39.240+0000] {logging_mixin.py:188} INFO - [2024-02-14T09:46:39.240+0000] {dag.py:3058} INFO - Creating ORM DAG for tutorial
[2024-02-14T09:46:39.251+0000] {logging_mixin.py:188} INFO - [2024-02-14T09:46:39.250+0000] {dag.py:3823} INFO - Setting next_dagrun for tutorial to 2024-02-13 00:00:00+00:00, run_after=2024-02-14 00:00:00+00:00
[2024-02-14T09:46:39.264+0000] {processor.py:183} INFO - Processing /home/airflow/.local/lib/python3.8/site-packages/airflow/example_dags/tutorial.py took 0.131 seconds
[2024-02-14T09:47:09.716+0000] {processor.py:161} INFO - Started process (PID=125) to work on /home/airflow/.local/lib/python3.8/site-packages/airflow/example_dags/tutorial.py
[2024-02-14T09:47:09.717+0000] {processor.py:830} INFO - Processing file /home/airflow/.local/lib/python3.8/site-packages/airflow/example_dags/tutorial.py for tasks to queue
[2024-02-14T09:47:09.719+0000] {logging_mixin.py:188} INFO - [2024-02-14T09:47:09.719+0000] {dagbag.py:538} INFO - Filling up the DagBag from /home/airflow/.local/lib/python3.8/site-packages/airflow/example_dags/tutorial.py
[2024-02-14T09:47:09.725+0000] {processor.py:840} INFO - DAG(s) 'tutorial' retrieved from /home/airflow/.local/lib/python3.8/site-packages/airflow/example_dags/tutorial.py
[2024-02-14T09:47:09.745+0000] {logging_mixin.py:188} INFO - [2024-02-14T09:47:09.744+0000] {dag.py:3036} INFO - Sync 1 DAGs
[2024-02-14T09:47:09.761+0000] {logging_mixin.py:188} INFO - [2024-02-14T09:47:09.760+0000] {dag.py:3823} INFO - Setting next_dagrun for tutorial to 2024-02-13 00:00:00+00:00, run_after=2024-02-14 00:00:00+00:00
[2024-02-14T09:47:09.774+0000] {processor.py:183} INFO - Processing /home/airflow/.local/lib/python3.8/site-packages/airflow/example_dags/tutorial.py took 0.061 seconds
[2024-02-14T09:47:40.264+0000] {processor.py:161} INFO - Started process (PID=183) to work on /home/airflow/.local/lib/python3.8/site-packages/airflow/example_dags/tutorial.py
[2024-02-14T09:47:40.270+0000] {processor.py:830} INFO - Processing file /home/airflow/.local/lib/python3.8/site-packages/airflow/example_dags/tutorial.py for tasks to queue
[2024-02-14T09:47:40.280+0000] {logging_mixin.py:188} INFO - [2024-02-14T09:47:40.279+0000] {dagbag.py:538} INFO - Filling up the DagBag from /home/airflow/.local/lib/python3.8/site-packages/airflow/example_dags/tutorial.py
[2024-02-14T09:47:40.291+0000] {processor.py:840} INFO - DAG(s) 'tutorial' retrieved from /home/airflow/.local/lib/python3.8/site-packages/airflow/example_dags/tutorial.py
[2024-02-14T09:47:40.328+0000] {logging_mixin.py:188} INFO - [2024-02-14T09:47:40.328+0000] {dag.py:3036} INFO - Sync 1 DAGs
[2024-02-14T09:47:40.357+0000] {logging_mixin.py:188} INFO - [2024-02-14T09:47:40.357+0000] {dag.py:3823} INFO - Setting next_dagrun for tutorial to 2024-02-13 00:00:00+00:00, run_after=2024-02-14 00:00:00+00:00
[2024-02-14T09:47:40.381+0000] {processor.py:183} INFO - Processing /home/airflow/.local/lib/python3.8/site-packages/airflow/example_dags/tutorial.py took 0.124 seconds
[2024-02-14T09:48:10.890+0000] {processor.py:161} INFO - Started process (PID=241) to work on /home/airflow/.local/lib/python3.8/site-packages/airflow/example_dags/tutorial.py
[2024-02-14T09:48:10.892+0000] {processor.py:830} INFO - Processing file /home/airflow/.local/lib/python3.8/site-packages/airflow/example_dags/tutorial.py for tasks to queue
[2024-02-14T09:48:10.895+0000] {logging_mixin.py:188} INFO - [2024-02-14T09:48:10.894+0000] {dagbag.py:538} INFO - Filling up the DagBag from /home/airflow/.local/lib/python3.8/site-packages/airflow/example_dags/tutorial.py
[2024-02-14T09:48:10.900+0000] {processor.py:840} INFO - DAG(s) 'tutorial' retrieved from /home/airflow/.local/lib/python3.8/site-packages/airflow/example_dags/tutorial.py
[2024-02-14T09:48:10.917+0000] {logging_mixin.py:188} INFO - [2024-02-14T09:48:10.917+0000] {dag.py:3036} INFO - Sync 1 DAGs
[2024-02-14T09:48:10.934+0000] {logging_mixin.py:188} INFO - [2024-02-14T09:48:10.934+0000] {dag.py:3823} INFO - Setting next_dagrun for tutorial to 2024-02-13 00:00:00+00:00, run_after=2024-02-14 00:00:00+00:00
[2024-02-14T09:48:10.946+0000] {processor.py:183} INFO - Processing /home/airflow/.local/lib/python3.8/site-packages/airflow/example_dags/tutorial.py took 0.059 seconds
[2024-02-14T09:48:41.327+0000] {processor.py:161} INFO - Started process (PID=301) to work on /home/airflow/.local/lib/python3.8/site-packages/airflow/example_dags/tutorial.py
[2024-02-14T09:48:41.329+0000] {processor.py:830} INFO - Processing file /home/airflow/.local/lib/python3.8/site-packages/airflow/example_dags/tutorial.py for tasks to queue
[2024-02-14T09:48:41.331+0000] {logging_mixin.py:188} INFO - [2024-02-14T09:48:41.331+0000] {dagbag.py:538} INFO - Filling up the DagBag from /home/airflow/.local/lib/python3.8/site-packages/airflow/example_dags/tutorial.py
[2024-02-14T09:48:41.335+0000] {processor.py:840} INFO - DAG(s) 'tutorial' retrieved from /home/airflow/.local/lib/python3.8/site-packages/airflow/example_dags/tutorial.py
[2024-02-14T09:48:41.352+0000] {logging_mixin.py:188} INFO - [2024-02-14T09:48:41.352+0000] {dag.py:3036} INFO - Sync 1 DAGs
[2024-02-14T09:48:41.366+0000] {logging_mixin.py:188} INFO - [2024-02-14T09:48:41.365+0000] {dag.py:3823} INFO - Setting next_dagrun for tutorial to 2024-02-13 00:00:00+00:00, run_after=2024-02-14 00:00:00+00:00
[2024-02-14T09:48:41.379+0000] {processor.py:183} INFO - Processing /home/airflow/.local/lib/python3.8/site-packages/airflow/example_dags/tutorial.py took 0.055 seconds
[2024-02-14T09:49:11.922+0000] {processor.py:161} INFO - Started process (PID=357) to work on /home/airflow/.local/lib/python3.8/site-packages/airflow/example_dags/tutorial.py
[2024-02-14T09:49:11.924+0000] {processor.py:830} INFO - Processing file /home/airflow/.local/lib/python3.8/site-packages/airflow/example_dags/tutorial.py for tasks to queue
[2024-02-14T09:49:11.925+0000] {logging_mixin.py:188} INFO - [2024-02-14T09:49:11.925+0000] {dagbag.py:538} INFO - Filling up the DagBag from /home/airflow/.local/lib/python3.8/site-packages/airflow/example_dags/tutorial.py
[2024-02-14T09:49:11.930+0000] {processor.py:840} INFO - DAG(s) 'tutorial' retrieved from /home/airflow/.local/lib/python3.8/site-packages/airflow/example_dags/tutorial.py
[2024-02-14T09:49:11.946+0000] {logging_mixin.py:188} INFO - [2024-02-14T09:49:11.946+0000] {dag.py:3036} INFO - Sync 1 DAGs
[2024-02-14T09:49:11.960+0000] {logging_mixin.py:188} INFO - [2024-02-14T09:49:11.960+0000] {dag.py:3823} INFO - Setting next_dagrun for tutorial to 2024-02-13 00:00:00+00:00, run_after=2024-02-14 00:00:00+00:00
[2024-02-14T09:49:11.974+0000] {processor.py:183} INFO - Processing /home/airflow/.local/lib/python3.8/site-packages/airflow/example_dags/tutorial.py took 0.054 seconds
[2024-02-14T09:49:42.880+0000] {processor.py:161} INFO - Started process (PID=413) to work on /home/airflow/.local/lib/python3.8/site-packages/airflow/example_dags/tutorial.py
[2024-02-14T09:49:42.881+0000] {processor.py:830} INFO - Processing file /home/airflow/.local/lib/python3.8/site-packages/airflow/example_dags/tutorial.py for tasks to queue
[2024-02-14T09:49:42.884+0000] {logging_mixin.py:188} INFO - [2024-02-14T09:49:42.884+0000] {dagbag.py:538} INFO - Filling up the DagBag from /home/airflow/.local/lib/python3.8/site-packages/airflow/example_dags/tutorial.py
[2024-02-14T09:49:42.890+0000] {processor.py:840} INFO - DAG(s) 'tutorial' retrieved from /home/airflow/.local/lib/python3.8/site-packages/airflow/example_dags/tutorial.py
[2024-02-14T09:49:42.905+0000] {logging_mixin.py:188} INFO - [2024-02-14T09:49:42.905+0000] {dag.py:3036} INFO - Sync 1 DAGs
[2024-02-14T09:49:42.919+0000] {logging_mixin.py:188} INFO - [2024-02-14T09:49:42.918+0000] {dag.py:3823} INFO - Setting next_dagrun for tutorial to 2024-02-13 00:00:00+00:00, run_after=2024-02-14 00:00:00+00:00
[2024-02-14T09:49:42.930+0000] {processor.py:183} INFO - Processing /home/airflow/.local/lib/python3.8/site-packages/airflow/example_dags/tutorial.py took 0.053 seconds
[2024-02-14T09:50:13.342+0000] {processor.py:161} INFO - Started process (PID=471) to work on /home/airflow/.local/lib/python3.8/site-packages/airflow/example_dags/tutorial.py
[2024-02-14T09:50:13.344+0000] {processor.py:830} INFO - Processing file /home/airflow/.local/lib/python3.8/site-packages/airflow/example_dags/tutorial.py for tasks to queue
[2024-02-14T09:50:13.346+0000] {logging_mixin.py:188} INFO - [2024-02-14T09:50:13.346+0000] {dagbag.py:538} INFO - Filling up the DagBag from /home/airflow/.local/lib/python3.8/site-packages/airflow/example_dags/tutorial.py
[2024-02-14T09:50:13.351+0000] {processor.py:840} INFO - DAG(s) 'tutorial' retrieved from /home/airflow/.local/lib/python3.8/site-packages/airflow/example_dags/tutorial.py
[2024-02-14T09:50:13.365+0000] {logging_mixin.py:188} INFO - [2024-02-14T09:50:13.365+0000] {dag.py:3036} INFO - Sync 1 DAGs
[2024-02-14T09:50:13.379+0000] {logging_mixin.py:188} INFO - [2024-02-14T09:50:13.379+0000] {dag.py:3823} INFO - Setting next_dagrun for tutorial to 2024-02-13 00:00:00+00:00, run_after=2024-02-14 00:00:00+00:00
[2024-02-14T09:50:13.392+0000] {processor.py:183} INFO - Processing /home/airflow/.local/lib/python3.8/site-packages/airflow/example_dags/tutorial.py took 0.052 seconds
[2024-02-14T09:50:43.639+0000] {processor.py:161} INFO - Started process (PID=527) to work on /home/airflow/.local/lib/python3.8/site-packages/airflow/example_dags/tutorial.py
[2024-02-14T09:50:43.641+0000] {processor.py:830} INFO - Processing file /home/airflow/.local/lib/python3.8/site-packages/airflow/example_dags/tutorial.py for tasks to queue
[2024-02-14T09:50:43.643+0000] {logging_mixin.py:188} INFO - [2024-02-14T09:50:43.643+0000] {dagbag.py:538} INFO - Filling up the DagBag from /home/airflow/.local/lib/python3.8/site-packages/airflow/example_dags/tutorial.py
[2024-02-14T09:50:43.647+0000] {processor.py:840} INFO - DAG(s) 'tutorial' retrieved from /home/airflow/.local/lib/python3.8/site-packages/airflow/example_dags/tutorial.py
[2024-02-14T09:50:43.662+0000] {logging_mixin.py:188} INFO - [2024-02-14T09:50:43.662+0000] {dag.py:3036} INFO - Sync 1 DAGs
[2024-02-14T09:50:43.676+0000] {logging_mixin.py:188} INFO - [2024-02-14T09:50:43.676+0000] {dag.py:3823} INFO - Setting next_dagrun for tutorial to 2024-02-13 00:00:00+00:00, run_after=2024-02-14 00:00:00+00:00
[2024-02-14T09:50:43.688+0000] {processor.py:183} INFO - Processing /home/airflow/.local/lib/python3.8/site-packages/airflow/example_dags/tutorial.py took 0.051 seconds
[2024-02-14T09:51:13.976+0000] {processor.py:161} INFO - Started process (PID=583) to work on /home/airflow/.local/lib/python3.8/site-packages/airflow/example_dags/tutorial.py
[2024-02-14T09:51:13.978+0000] {processor.py:830} INFO - Processing file /home/airflow/.local/lib/python3.8/site-packages/airflow/example_dags/tutorial.py for tasks to queue
[2024-02-14T09:51:13.980+0000] {logging_mixin.py:188} INFO - [2024-02-14T09:51:13.979+0000] {dagbag.py:538} INFO - Filling up the DagBag from /home/airflow/.local/lib/python3.8/site-packages/airflow/example_dags/tutorial.py
[2024-02-14T09:51:13.984+0000] {processor.py:840} INFO - DAG(s) 'tutorial' retrieved from /home/airflow/.local/lib/python3.8/site-packages/airflow/example_dags/tutorial.py
[2024-02-14T09:51:14.000+0000] {logging_mixin.py:188} INFO - [2024-02-14T09:51:14.000+0000] {dag.py:3036} INFO - Sync 1 DAGs
[2024-02-14T09:51:14.014+0000] {logging_mixin.py:188} INFO - [2024-02-14T09:51:14.014+0000] {dag.py:3823} INFO - Setting next_dagrun for tutorial to 2024-02-13 00:00:00+00:00, run_after=2024-02-14 00:00:00+00:00
[2024-02-14T09:51:14.025+0000] {processor.py:183} INFO - Processing /home/airflow/.local/lib/python3.8/site-packages/airflow/example_dags/tutorial.py took 0.051 seconds
[2024-02-14T09:51:44.537+0000] {processor.py:161} INFO - Started process (PID=641) to work on /home/airflow/.local/lib/python3.8/site-packages/airflow/example_dags/tutorial.py
[2024-02-14T09:51:44.539+0000] {processor.py:830} INFO - Processing file /home/airflow/.local/lib/python3.8/site-packages/airflow/example_dags/tutorial.py for tasks to queue
[2024-02-14T09:51:44.540+0000] {logging_mixin.py:188} INFO - [2024-02-14T09:51:44.540+0000] {dagbag.py:538} INFO - Filling up the DagBag from /home/airflow/.local/lib/python3.8/site-packages/airflow/example_dags/tutorial.py
[2024-02-14T09:51:44.545+0000] {processor.py:840} INFO - DAG(s) 'tutorial' retrieved from /home/airflow/.local/lib/python3.8/site-packages/airflow/example_dags/tutorial.py
[2024-02-14T09:51:44.558+0000] {logging_mixin.py:188} INFO - [2024-02-14T09:51:44.557+0000] {dag.py:3036} INFO - Sync 1 DAGs
[2024-02-14T09:51:44.569+0000] {logging_mixin.py:188} INFO - [2024-02-14T09:51:44.569+0000] {dag.py:3823} INFO - Setting next_dagrun for tutorial to 2024-02-13 00:00:00+00:00, run_after=2024-02-14 00:00:00+00:00
[2024-02-14T09:51:44.579+0000] {processor.py:183} INFO - Processing /home/airflow/.local/lib/python3.8/site-packages/airflow/example_dags/tutorial.py took 0.044 seconds
[2024-02-14T09:52:15.000+0000] {processor.py:161} INFO - Started process (PID=698) to work on /home/airflow/.local/lib/python3.8/site-packages/airflow/example_dags/tutorial.py
[2024-02-14T09:52:15.002+0000] {processor.py:830} INFO - Processing file /home/airflow/.local/lib/python3.8/site-packages/airflow/example_dags/tutorial.py for tasks to queue
[2024-02-14T09:52:15.004+0000] {logging_mixin.py:188} INFO - [2024-02-14T09:52:15.004+0000] {dagbag.py:538} INFO - Filling up the DagBag from /home/airflow/.local/lib/python3.8/site-packages/airflow/example_dags/tutorial.py
[2024-02-14T09:52:15.009+0000] {processor.py:840} INFO - DAG(s) 'tutorial' retrieved from /home/airflow/.local/lib/python3.8/site-packages/airflow/example_dags/tutorial.py
[2024-02-14T09:52:15.022+0000] {logging_mixin.py:188} INFO - [2024-02-14T09:52:15.022+0000] {dag.py:3036} INFO - Sync 1 DAGs
[2024-02-14T09:52:15.034+0000] {logging_mixin.py:188} INFO - [2024-02-14T09:52:15.034+0000] {dag.py:3823} INFO - Setting next_dagrun for tutorial to 2024-02-13 00:00:00+00:00, run_after=2024-02-14 00:00:00+00:00
[2024-02-14T09:52:15.044+0000] {processor.py:183} INFO - Processing /home/airflow/.local/lib/python3.8/site-packages/airflow/example_dags/tutorial.py took 0.047 seconds
[2024-02-14T09:52:45.435+0000] {processor.py:161} INFO - Started process (PID=754) to work on /home/airflow/.local/lib/python3.8/site-packages/airflow/example_dags/tutorial.py
[2024-02-14T09:52:45.437+0000] {processor.py:830} INFO - Processing file /home/airflow/.local/lib/python3.8/site-packages/airflow/example_dags/tutorial.py for tasks to queue
[2024-02-14T09:52:45.439+0000] {logging_mixin.py:188} INFO - [2024-02-14T09:52:45.439+0000] {dagbag.py:538} INFO - Filling up the DagBag from /home/airflow/.local/lib/python3.8/site-packages/airflow/example_dags/tutorial.py
[2024-02-14T09:52:45.444+0000] {processor.py:840} INFO - DAG(s) 'tutorial' retrieved from /home/airflow/.local/lib/python3.8/site-packages/airflow/example_dags/tutorial.py
[2024-02-14T09:52:45.461+0000] {logging_mixin.py:188} INFO - [2024-02-14T09:52:45.461+0000] {dag.py:3036} INFO - Sync 1 DAGs
[2024-02-14T09:52:45.475+0000] {logging_mixin.py:188} INFO - [2024-02-14T09:52:45.475+0000] {dag.py:3823} INFO - Setting next_dagrun for tutorial to 2024-02-13 00:00:00+00:00, run_after=2024-02-14 00:00:00+00:00
[2024-02-14T09:52:45.487+0000] {processor.py:183} INFO - Processing /home/airflow/.local/lib/python3.8/site-packages/airflow/example_dags/tutorial.py took 0.054 seconds
[2024-02-14T09:53:38.993+0000] {processor.py:161} INFO - Started process (PID=75) to work on /home/airflow/.local/lib/python3.8/site-packages/airflow/example_dags/tutorial.py
[2024-02-14T09:53:38.994+0000] {processor.py:830} INFO - Processing file /home/airflow/.local/lib/python3.8/site-packages/airflow/example_dags/tutorial.py for tasks to queue
[2024-02-14T09:53:38.996+0000] {logging_mixin.py:188} INFO - [2024-02-14T09:53:38.996+0000] {dagbag.py:538} INFO - Filling up the DagBag from /home/airflow/.local/lib/python3.8/site-packages/airflow/example_dags/tutorial.py
[2024-02-14T09:53:39.001+0000] {processor.py:840} INFO - DAG(s) 'tutorial' retrieved from /home/airflow/.local/lib/python3.8/site-packages/airflow/example_dags/tutorial.py
[2024-02-14T09:53:39.012+0000] {logging_mixin.py:188} INFO - [2024-02-14T09:53:39.012+0000] {dag.py:3036} INFO - Sync 1 DAGs
[2024-02-14T09:53:39.028+0000] {logging_mixin.py:188} INFO - [2024-02-14T09:53:39.027+0000] {dag.py:3823} INFO - Setting next_dagrun for tutorial to 2024-02-13 00:00:00+00:00, run_after=2024-02-14 00:00:00+00:00
[2024-02-14T09:53:39.039+0000] {processor.py:183} INFO - Processing /home/airflow/.local/lib/python3.8/site-packages/airflow/example_dags/tutorial.py took 0.048 seconds
[2024-02-14T09:54:11.059+0000] {processor.py:161} INFO - Started process (PID=131) to work on /home/airflow/.local/lib/python3.8/site-packages/airflow/example_dags/tutorial.py
[2024-02-14T09:54:11.061+0000] {processor.py:830} INFO - Processing file /home/airflow/.local/lib/python3.8/site-packages/airflow/example_dags/tutorial.py for tasks to queue
[2024-02-14T09:54:11.063+0000] {logging_mixin.py:188} INFO - [2024-02-14T09:54:11.063+0000] {dagbag.py:538} INFO - Filling up the DagBag from /home/airflow/.local/lib/python3.8/site-packages/airflow/example_dags/tutorial.py
[2024-02-14T09:54:11.068+0000] {processor.py:840} INFO - DAG(s) 'tutorial' retrieved from /home/airflow/.local/lib/python3.8/site-packages/airflow/example_dags/tutorial.py
[2024-02-14T09:54:11.154+0000] {logging_mixin.py:188} INFO - [2024-02-14T09:54:11.153+0000] {dag.py:3036} INFO - Sync 1 DAGs
[2024-02-14T09:54:11.194+0000] {logging_mixin.py:188} INFO - [2024-02-14T09:54:11.194+0000] {dag.py:3823} INFO - Setting next_dagrun for tutorial to 2024-02-13 00:00:00+00:00, run_after=2024-02-14 00:00:00+00:00
[2024-02-14T09:54:11.219+0000] {processor.py:183} INFO - Processing /home/airflow/.local/lib/python3.8/site-packages/airflow/example_dags/tutorial.py took 0.162 seconds
[2024-02-14T09:54:41.277+0000] {processor.py:161} INFO - Started process (PID=188) to work on /home/airflow/.local/lib/python3.8/site-packages/airflow/example_dags/tutorial.py
[2024-02-14T09:54:41.278+0000] {processor.py:830} INFO - Processing file /home/airflow/.local/lib/python3.8/site-packages/airflow/example_dags/tutorial.py for tasks to queue
[2024-02-14T09:54:41.280+0000] {logging_mixin.py:188} INFO - [2024-02-14T09:54:41.280+0000] {dagbag.py:538} INFO - Filling up the DagBag from /home/airflow/.local/lib/python3.8/site-packages/airflow/example_dags/tutorial.py
[2024-02-14T09:54:41.284+0000] {processor.py:840} INFO - DAG(s) 'tutorial' retrieved from /home/airflow/.local/lib/python3.8/site-packages/airflow/example_dags/tutorial.py
[2024-02-14T09:54:41.298+0000] {logging_mixin.py:188} INFO - [2024-02-14T09:54:41.298+0000] {dag.py:3036} INFO - Sync 1 DAGs
[2024-02-14T09:54:41.310+0000] {logging_mixin.py:188} INFO - [2024-02-14T09:54:41.310+0000] {dag.py:3823} INFO - Setting next_dagrun for tutorial to 2024-02-13 00:00:00+00:00, run_after=2024-02-14 00:00:00+00:00
[2024-02-14T09:54:41.320+0000] {processor.py:183} INFO - Processing /home/airflow/.local/lib/python3.8/site-packages/airflow/example_dags/tutorial.py took 0.045 seconds
[2024-02-14T09:55:50.776+0000] {processor.py:161} INFO - Started process (PID=72) to work on /home/airflow/.local/lib/python3.8/site-packages/airflow/example_dags/tutorial.py
[2024-02-14T09:55:50.777+0000] {processor.py:830} INFO - Processing file /home/airflow/.local/lib/python3.8/site-packages/airflow/example_dags/tutorial.py for tasks to queue
[2024-02-14T09:55:50.780+0000] {logging_mixin.py:188} INFO - [2024-02-14T09:55:50.780+0000] {dagbag.py:538} INFO - Filling up the DagBag from /home/airflow/.local/lib/python3.8/site-packages/airflow/example_dags/tutorial.py
[2024-02-14T09:55:50.786+0000] {processor.py:840} INFO - DAG(s) 'tutorial' retrieved from /home/airflow/.local/lib/python3.8/site-packages/airflow/example_dags/tutorial.py
[2024-02-14T09:55:50.795+0000] {logging_mixin.py:188} INFO - [2024-02-14T09:55:50.795+0000] {dag.py:3036} INFO - Sync 1 DAGs
[2024-02-14T09:55:50.811+0000] {logging_mixin.py:188} INFO - [2024-02-14T09:55:50.811+0000] {dag.py:3823} INFO - Setting next_dagrun for tutorial to 2024-02-13 00:00:00+00:00, run_after=2024-02-14 00:00:00+00:00
[2024-02-14T09:55:50.825+0000] {processor.py:183} INFO - Processing /home/airflow/.local/lib/python3.8/site-packages/airflow/example_dags/tutorial.py took 0.052 seconds
[2024-02-14T09:56:21.513+0000] {processor.py:161} INFO - Started process (PID=134) to work on /home/airflow/.local/lib/python3.8/site-packages/airflow/example_dags/tutorial.py
[2024-02-14T09:56:21.517+0000] {processor.py:830} INFO - Processing file /home/airflow/.local/lib/python3.8/site-packages/airflow/example_dags/tutorial.py for tasks to queue
[2024-02-14T09:56:21.520+0000] {logging_mixin.py:188} INFO - [2024-02-14T09:56:21.519+0000] {dagbag.py:538} INFO - Filling up the DagBag from /home/airflow/.local/lib/python3.8/site-packages/airflow/example_dags/tutorial.py
[2024-02-14T09:56:21.526+0000] {processor.py:840} INFO - DAG(s) 'tutorial' retrieved from /home/airflow/.local/lib/python3.8/site-packages/airflow/example_dags/tutorial.py
[2024-02-14T09:56:21.644+0000] {logging_mixin.py:188} INFO - [2024-02-14T09:56:21.644+0000] {dag.py:3036} INFO - Sync 1 DAGs
[2024-02-14T09:56:21.673+0000] {logging_mixin.py:188} INFO - [2024-02-14T09:56:21.673+0000] {dag.py:3823} INFO - Setting next_dagrun for tutorial to 2024-02-13 00:00:00+00:00, run_after=2024-02-14 00:00:00+00:00
[2024-02-14T09:56:21.716+0000] {processor.py:183} INFO - Processing /home/airflow/.local/lib/python3.8/site-packages/airflow/example_dags/tutorial.py took 0.206 seconds
[2024-02-14T09:56:52.835+0000] {processor.py:161} INFO - Started process (PID=191) to work on /home/airflow/.local/lib/python3.8/site-packages/airflow/example_dags/tutorial.py
[2024-02-14T09:56:52.839+0000] {processor.py:830} INFO - Processing file /home/airflow/.local/lib/python3.8/site-packages/airflow/example_dags/tutorial.py for tasks to queue
[2024-02-14T09:56:52.844+0000] {logging_mixin.py:188} INFO - [2024-02-14T09:56:52.843+0000] {dagbag.py:538} INFO - Filling up the DagBag from /home/airflow/.local/lib/python3.8/site-packages/airflow/example_dags/tutorial.py
[2024-02-14T09:56:52.853+0000] {processor.py:840} INFO - DAG(s) 'tutorial' retrieved from /home/airflow/.local/lib/python3.8/site-packages/airflow/example_dags/tutorial.py
[2024-02-14T09:56:52.889+0000] {logging_mixin.py:188} INFO - [2024-02-14T09:56:52.888+0000] {dag.py:3036} INFO - Sync 1 DAGs
[2024-02-14T09:56:52.915+0000] {logging_mixin.py:188} INFO - [2024-02-14T09:56:52.915+0000] {dag.py:3823} INFO - Setting next_dagrun for tutorial to 2024-02-13 00:00:00+00:00, run_after=2024-02-14 00:00:00+00:00
[2024-02-14T09:56:52.935+0000] {processor.py:183} INFO - Processing /home/airflow/.local/lib/python3.8/site-packages/airflow/example_dags/tutorial.py took 0.104 seconds
[2024-02-14T09:57:23.820+0000] {processor.py:161} INFO - Started process (PID=248) to work on /home/airflow/.local/lib/python3.8/site-packages/airflow/example_dags/tutorial.py
[2024-02-14T09:57:23.821+0000] {processor.py:830} INFO - Processing file /home/airflow/.local/lib/python3.8/site-packages/airflow/example_dags/tutorial.py for tasks to queue
[2024-02-14T09:57:23.824+0000] {logging_mixin.py:188} INFO - [2024-02-14T09:57:23.823+0000] {dagbag.py:538} INFO - Filling up the DagBag from /home/airflow/.local/lib/python3.8/site-packages/airflow/example_dags/tutorial.py
[2024-02-14T09:57:23.830+0000] {processor.py:840} INFO - DAG(s) 'tutorial' retrieved from /home/airflow/.local/lib/python3.8/site-packages/airflow/example_dags/tutorial.py
[2024-02-14T09:57:23.846+0000] {logging_mixin.py:188} INFO - [2024-02-14T09:57:23.845+0000] {dag.py:3036} INFO - Sync 1 DAGs
[2024-02-14T09:57:23.859+0000] {logging_mixin.py:188} INFO - [2024-02-14T09:57:23.859+0000] {dag.py:3823} INFO - Setting next_dagrun for tutorial to 2024-02-13 00:00:00+00:00, run_after=2024-02-14 00:00:00+00:00
[2024-02-14T09:57:23.872+0000] {processor.py:183} INFO - Processing /home/airflow/.local/lib/python3.8/site-packages/airflow/example_dags/tutorial.py took 0.054 seconds
[2024-02-14T09:57:54.464+0000] {processor.py:161} INFO - Started process (PID=306) to work on /home/airflow/.local/lib/python3.8/site-packages/airflow/example_dags/tutorial.py
[2024-02-14T09:57:54.466+0000] {processor.py:830} INFO - Processing file /home/airflow/.local/lib/python3.8/site-packages/airflow/example_dags/tutorial.py for tasks to queue
[2024-02-14T09:57:54.468+0000] {logging_mixin.py:188} INFO - [2024-02-14T09:57:54.468+0000] {dagbag.py:538} INFO - Filling up the DagBag from /home/airflow/.local/lib/python3.8/site-packages/airflow/example_dags/tutorial.py
[2024-02-14T09:57:54.472+0000] {processor.py:840} INFO - DAG(s) 'tutorial' retrieved from /home/airflow/.local/lib/python3.8/site-packages/airflow/example_dags/tutorial.py
[2024-02-14T09:57:54.487+0000] {logging_mixin.py:188} INFO - [2024-02-14T09:57:54.487+0000] {dag.py:3036} INFO - Sync 1 DAGs
[2024-02-14T09:57:54.501+0000] {logging_mixin.py:188} INFO - [2024-02-14T09:57:54.500+0000] {dag.py:3823} INFO - Setting next_dagrun for tutorial to 2024-02-13 00:00:00+00:00, run_after=2024-02-14 00:00:00+00:00
[2024-02-14T09:57:54.513+0000] {processor.py:183} INFO - Processing /home/airflow/.local/lib/python3.8/site-packages/airflow/example_dags/tutorial.py took 0.051 seconds
[2024-02-14T09:58:24.820+0000] {processor.py:161} INFO - Started process (PID=363) to work on /home/airflow/.local/lib/python3.8/site-packages/airflow/example_dags/tutorial.py
[2024-02-14T09:58:24.822+0000] {processor.py:830} INFO - Processing file /home/airflow/.local/lib/python3.8/site-packages/airflow/example_dags/tutorial.py for tasks to queue
[2024-02-14T09:58:24.824+0000] {logging_mixin.py:188} INFO - [2024-02-14T09:58:24.824+0000] {dagbag.py:538} INFO - Filling up the DagBag from /home/airflow/.local/lib/python3.8/site-packages/airflow/example_dags/tutorial.py
[2024-02-14T09:58:24.828+0000] {processor.py:840} INFO - DAG(s) 'tutorial' retrieved from /home/airflow/.local/lib/python3.8/site-packages/airflow/example_dags/tutorial.py
[2024-02-14T09:58:24.841+0000] {logging_mixin.py:188} INFO - [2024-02-14T09:58:24.841+0000] {dag.py:3036} INFO - Sync 1 DAGs
[2024-02-14T09:58:24.853+0000] {logging_mixin.py:188} INFO - [2024-02-14T09:58:24.853+0000] {dag.py:3823} INFO - Setting next_dagrun for tutorial to 2024-02-13 00:00:00+00:00, run_after=2024-02-14 00:00:00+00:00
[2024-02-14T09:58:24.863+0000] {processor.py:183} INFO - Processing /home/airflow/.local/lib/python3.8/site-packages/airflow/example_dags/tutorial.py took 0.045 seconds
[2024-02-14T09:58:55.810+0000] {processor.py:161} INFO - Started process (PID=422) to work on /home/airflow/.local/lib/python3.8/site-packages/airflow/example_dags/tutorial.py
[2024-02-14T09:58:55.811+0000] {processor.py:830} INFO - Processing file /home/airflow/.local/lib/python3.8/site-packages/airflow/example_dags/tutorial.py for tasks to queue
[2024-02-14T09:58:55.813+0000] {logging_mixin.py:188} INFO - [2024-02-14T09:58:55.813+0000] {dagbag.py:538} INFO - Filling up the DagBag from /home/airflow/.local/lib/python3.8/site-packages/airflow/example_dags/tutorial.py
[2024-02-14T09:58:55.817+0000] {processor.py:840} INFO - DAG(s) 'tutorial' retrieved from /home/airflow/.local/lib/python3.8/site-packages/airflow/example_dags/tutorial.py
[2024-02-14T09:58:55.831+0000] {logging_mixin.py:188} INFO - [2024-02-14T09:58:55.831+0000] {dag.py:3036} INFO - Sync 1 DAGs
[2024-02-14T09:58:55.844+0000] {logging_mixin.py:188} INFO - [2024-02-14T09:58:55.844+0000] {dag.py:3823} INFO - Setting next_dagrun for tutorial to 2024-02-13 00:00:00+00:00, run_after=2024-02-14 00:00:00+00:00
[2024-02-14T09:58:55.854+0000] {processor.py:183} INFO - Processing /home/airflow/.local/lib/python3.8/site-packages/airflow/example_dags/tutorial.py took 0.047 seconds
[2024-02-14T09:59:26.164+0000] {processor.py:161} INFO - Started process (PID=479) to work on /home/airflow/.local/lib/python3.8/site-packages/airflow/example_dags/tutorial.py
[2024-02-14T09:59:26.166+0000] {processor.py:830} INFO - Processing file /home/airflow/.local/lib/python3.8/site-packages/airflow/example_dags/tutorial.py for tasks to queue
[2024-02-14T09:59:26.167+0000] {logging_mixin.py:188} INFO - [2024-02-14T09:59:26.167+0000] {dagbag.py:538} INFO - Filling up the DagBag from /home/airflow/.local/lib/python3.8/site-packages/airflow/example_dags/tutorial.py
[2024-02-14T09:59:26.172+0000] {processor.py:840} INFO - DAG(s) 'tutorial' retrieved from /home/airflow/.local/lib/python3.8/site-packages/airflow/example_dags/tutorial.py
[2024-02-14T09:59:26.186+0000] {logging_mixin.py:188} INFO - [2024-02-14T09:59:26.186+0000] {dag.py:3036} INFO - Sync 1 DAGs
[2024-02-14T09:59:26.198+0000] {logging_mixin.py:188} INFO - [2024-02-14T09:59:26.198+0000] {dag.py:3823} INFO - Setting next_dagrun for tutorial to 2024-02-13 00:00:00+00:00, run_after=2024-02-14 00:00:00+00:00
[2024-02-14T09:59:26.209+0000] {processor.py:183} INFO - Processing /home/airflow/.local/lib/python3.8/site-packages/airflow/example_dags/tutorial.py took 0.047 seconds
[2024-02-14T09:59:56.949+0000] {processor.py:161} INFO - Started process (PID=535) to work on /home/airflow/.local/lib/python3.8/site-packages/airflow/example_dags/tutorial.py
[2024-02-14T09:59:56.951+0000] {processor.py:830} INFO - Processing file /home/airflow/.local/lib/python3.8/site-packages/airflow/example_dags/tutorial.py for tasks to queue
[2024-02-14T09:59:56.953+0000] {logging_mixin.py:188} INFO - [2024-02-14T09:59:56.953+0000] {dagbag.py:538} INFO - Filling up the DagBag from /home/airflow/.local/lib/python3.8/site-packages/airflow/example_dags/tutorial.py
[2024-02-14T09:59:56.958+0000] {processor.py:840} INFO - DAG(s) 'tutorial' retrieved from /home/airflow/.local/lib/python3.8/site-packages/airflow/example_dags/tutorial.py
[2024-02-14T09:59:56.973+0000] {logging_mixin.py:188} INFO - [2024-02-14T09:59:56.972+0000] {dag.py:3036} INFO - Sync 1 DAGs
[2024-02-14T09:59:56.986+0000] {logging_mixin.py:188} INFO - [2024-02-14T09:59:56.986+0000] {dag.py:3823} INFO - Setting next_dagrun for tutorial to 2024-02-13 00:00:00+00:00, run_after=2024-02-14 00:00:00+00:00
[2024-02-14T09:59:56.997+0000] {processor.py:183} INFO - Processing /home/airflow/.local/lib/python3.8/site-packages/airflow/example_dags/tutorial.py took 0.049 seconds
[2024-02-14T10:00:27.365+0000] {processor.py:161} INFO - Started process (PID=592) to work on /home/airflow/.local/lib/python3.8/site-packages/airflow/example_dags/tutorial.py
[2024-02-14T10:00:27.367+0000] {processor.py:830} INFO - Processing file /home/airflow/.local/lib/python3.8/site-packages/airflow/example_dags/tutorial.py for tasks to queue
[2024-02-14T10:00:27.369+0000] {logging_mixin.py:188} INFO - [2024-02-14T10:00:27.369+0000] {dagbag.py:538} INFO - Filling up the DagBag from /home/airflow/.local/lib/python3.8/site-packages/airflow/example_dags/tutorial.py
[2024-02-14T10:00:27.374+0000] {processor.py:840} INFO - DAG(s) 'tutorial' retrieved from /home/airflow/.local/lib/python3.8/site-packages/airflow/example_dags/tutorial.py
[2024-02-14T10:00:27.389+0000] {logging_mixin.py:188} INFO - [2024-02-14T10:00:27.389+0000] {dag.py:3036} INFO - Sync 1 DAGs
[2024-02-14T10:00:27.402+0000] {logging_mixin.py:188} INFO - [2024-02-14T10:00:27.402+0000] {dag.py:3823} INFO - Setting next_dagrun for tutorial to 2024-02-13 00:00:00+00:00, run_after=2024-02-14 00:00:00+00:00
[2024-02-14T10:00:27.415+0000] {processor.py:183} INFO - Processing /home/airflow/.local/lib/python3.8/site-packages/airflow/example_dags/tutorial.py took 0.052 seconds
[2024-02-14T10:00:57.783+0000] {processor.py:161} INFO - Started process (PID=649) to work on /home/airflow/.local/lib/python3.8/site-packages/airflow/example_dags/tutorial.py
[2024-02-14T10:00:57.784+0000] {processor.py:830} INFO - Processing file /home/airflow/.local/lib/python3.8/site-packages/airflow/example_dags/tutorial.py for tasks to queue
[2024-02-14T10:00:57.786+0000] {logging_mixin.py:188} INFO - [2024-02-14T10:00:57.786+0000] {dagbag.py:538} INFO - Filling up the DagBag from /home/airflow/.local/lib/python3.8/site-packages/airflow/example_dags/tutorial.py
[2024-02-14T10:00:57.790+0000] {processor.py:840} INFO - DAG(s) 'tutorial' retrieved from /home/airflow/.local/lib/python3.8/site-packages/airflow/example_dags/tutorial.py
[2024-02-14T10:00:57.805+0000] {logging_mixin.py:188} INFO - [2024-02-14T10:00:57.805+0000] {dag.py:3036} INFO - Sync 1 DAGs
[2024-02-14T10:00:57.819+0000] {logging_mixin.py:188} INFO - [2024-02-14T10:00:57.819+0000] {dag.py:3823} INFO - Setting next_dagrun for tutorial to 2024-02-13 00:00:00+00:00, run_after=2024-02-14 00:00:00+00:00
[2024-02-14T10:00:57.829+0000] {processor.py:183} INFO - Processing /home/airflow/.local/lib/python3.8/site-packages/airflow/example_dags/tutorial.py took 0.049 seconds
[2024-02-14T10:01:28.855+0000] {processor.py:161} INFO - Started process (PID=705) to work on /home/airflow/.local/lib/python3.8/site-packages/airflow/example_dags/tutorial.py
[2024-02-14T10:01:28.857+0000] {processor.py:830} INFO - Processing file /home/airflow/.local/lib/python3.8/site-packages/airflow/example_dags/tutorial.py for tasks to queue
[2024-02-14T10:01:28.859+0000] {logging_mixin.py:188} INFO - [2024-02-14T10:01:28.858+0000] {dagbag.py:538} INFO - Filling up the DagBag from /home/airflow/.local/lib/python3.8/site-packages/airflow/example_dags/tutorial.py
[2024-02-14T10:01:28.865+0000] {processor.py:840} INFO - DAG(s) 'tutorial' retrieved from /home/airflow/.local/lib/python3.8/site-packages/airflow/example_dags/tutorial.py
[2024-02-14T10:01:28.880+0000] {logging_mixin.py:188} INFO - [2024-02-14T10:01:28.880+0000] {dag.py:3036} INFO - Sync 1 DAGs
[2024-02-14T10:01:28.893+0000] {logging_mixin.py:188} INFO - [2024-02-14T10:01:28.893+0000] {dag.py:3823} INFO - Setting next_dagrun for tutorial to 2024-02-13 00:00:00+00:00, run_after=2024-02-14 00:00:00+00:00
[2024-02-14T10:01:28.905+0000] {processor.py:183} INFO - Processing /home/airflow/.local/lib/python3.8/site-packages/airflow/example_dags/tutorial.py took 0.053 seconds
[2024-02-14T10:01:59.804+0000] {processor.py:161} INFO - Started process (PID=762) to work on /home/airflow/.local/lib/python3.8/site-packages/airflow/example_dags/tutorial.py
[2024-02-14T10:01:59.807+0000] {processor.py:830} INFO - Processing file /home/airflow/.local/lib/python3.8/site-packages/airflow/example_dags/tutorial.py for tasks to queue
[2024-02-14T10:01:59.809+0000] {logging_mixin.py:188} INFO - [2024-02-14T10:01:59.809+0000] {dagbag.py:538} INFO - Filling up the DagBag from /home/airflow/.local/lib/python3.8/site-packages/airflow/example_dags/tutorial.py
[2024-02-14T10:01:59.815+0000] {processor.py:840} INFO - DAG(s) 'tutorial' retrieved from /home/airflow/.local/lib/python3.8/site-packages/airflow/example_dags/tutorial.py
[2024-02-14T10:01:59.832+0000] {logging_mixin.py:188} INFO - [2024-02-14T10:01:59.832+0000] {dag.py:3036} INFO - Sync 1 DAGs
[2024-02-14T10:01:59.849+0000] {logging_mixin.py:188} INFO - [2024-02-14T10:01:59.848+0000] {dag.py:3823} INFO - Setting next_dagrun for tutorial to 2024-02-13 00:00:00+00:00, run_after=2024-02-14 00:00:00+00:00
[2024-02-14T10:01:59.865+0000] {processor.py:183} INFO - Processing /home/airflow/.local/lib/python3.8/site-packages/airflow/example_dags/tutorial.py took 0.063 seconds
[2024-02-14T10:02:30.451+0000] {processor.py:161} INFO - Started process (PID=819) to work on /home/airflow/.local/lib/python3.8/site-packages/airflow/example_dags/tutorial.py
[2024-02-14T10:02:30.454+0000] {processor.py:830} INFO - Processing file /home/airflow/.local/lib/python3.8/site-packages/airflow/example_dags/tutorial.py for tasks to queue
[2024-02-14T10:02:30.456+0000] {logging_mixin.py:188} INFO - [2024-02-14T10:02:30.456+0000] {dagbag.py:538} INFO - Filling up the DagBag from /home/airflow/.local/lib/python3.8/site-packages/airflow/example_dags/tutorial.py
[2024-02-14T10:02:30.466+0000] {processor.py:840} INFO - DAG(s) 'tutorial' retrieved from /home/airflow/.local/lib/python3.8/site-packages/airflow/example_dags/tutorial.py
[2024-02-14T10:02:30.487+0000] {logging_mixin.py:188} INFO - [2024-02-14T10:02:30.487+0000] {dag.py:3036} INFO - Sync 1 DAGs
[2024-02-14T10:02:30.511+0000] {logging_mixin.py:188} INFO - [2024-02-14T10:02:30.511+0000] {dag.py:3823} INFO - Setting next_dagrun for tutorial to 2024-02-13 00:00:00+00:00, run_after=2024-02-14 00:00:00+00:00
[2024-02-14T10:02:30.531+0000] {processor.py:183} INFO - Processing /home/airflow/.local/lib/python3.8/site-packages/airflow/example_dags/tutorial.py took 0.085 seconds
[2024-02-14T10:03:01.220+0000] {processor.py:161} INFO - Started process (PID=878) to work on /home/airflow/.local/lib/python3.8/site-packages/airflow/example_dags/tutorial.py
[2024-02-14T10:03:01.222+0000] {processor.py:830} INFO - Processing file /home/airflow/.local/lib/python3.8/site-packages/airflow/example_dags/tutorial.py for tasks to queue
[2024-02-14T10:03:01.224+0000] {logging_mixin.py:188} INFO - [2024-02-14T10:03:01.224+0000] {dagbag.py:538} INFO - Filling up the DagBag from /home/airflow/.local/lib/python3.8/site-packages/airflow/example_dags/tutorial.py
[2024-02-14T10:03:01.229+0000] {processor.py:840} INFO - DAG(s) 'tutorial' retrieved from /home/airflow/.local/lib/python3.8/site-packages/airflow/example_dags/tutorial.py
[2024-02-14T10:03:01.245+0000] {logging_mixin.py:188} INFO - [2024-02-14T10:03:01.245+0000] {dag.py:3036} INFO - Sync 1 DAGs
[2024-02-14T10:03:01.260+0000] {logging_mixin.py:188} INFO - [2024-02-14T10:03:01.260+0000] {dag.py:3823} INFO - Setting next_dagrun for tutorial to 2024-02-13 00:00:00+00:00, run_after=2024-02-14 00:00:00+00:00
[2024-02-14T10:03:01.271+0000] {processor.py:183} INFO - Processing /home/airflow/.local/lib/python3.8/site-packages/airflow/example_dags/tutorial.py took 0.054 seconds
